==2422308== Memcheck, a memory error detector
==2422308== Copyright (C) 2002-2022, and GNU GPL'd, by Julian Seward et al.
==2422308== Using Valgrind-3.22.0 and LibVEX; rerun with -h for copyright info
==2422308== Command: /home/loris/Desktop/TestRepositories/Forked/juliet-test-suite-c/Automatic/results/20260707_1536/CWE401/valgrind/bin/CWE401/bad/CWE401_Memory_Leak__struct_twoIntsStruct_realloc_54-bad
==2422308== Parent PID: 2422307
==2422308== 
==2422308== 
==2422308== HEAP SUMMARY:
==2422308==     in use at exit: 800 bytes in 1 blocks
==2422308==   total heap usage: 2 allocs, 1 frees, 4,896 bytes allocated
==2422308== 
==2422308== LEAK SUMMARY:
==2422308==    definitely lost: 800 bytes in 1 blocks
==2422308==    indirectly lost: 0 bytes in 0 blocks
==2422308==      possibly lost: 0 bytes in 0 blocks
==2422308==    still reachable: 0 bytes in 0 blocks
==2422308==         suppressed: 0 bytes in 0 blocks
==2422308== Rerun with --leak-check=full to see details of leaked memory
==2422308== 
==2422308== For lists of detected and suppressed errors, rerun with: -s
==2422308== ERROR SUMMARY: 0 errors from 0 contexts (suppressed: 0 from 0)
