==2421411== Memcheck, a memory error detector
==2421411== Copyright (C) 2002-2022, and GNU GPL'd, by Julian Seward et al.
==2421411== Using Valgrind-3.22.0 and LibVEX; rerun with -h for copyright info
==2421411== Command: /home/loris/Desktop/TestRepositories/Forked/juliet-test-suite-c/Automatic/results/20260707_1536/CWE401/valgrind/bin/CWE401/bad/CWE401_Memory_Leak__int64_t_calloc_15-bad
==2421411== Parent PID: 2421410
==2421411== 
==2421411== 
==2421411== HEAP SUMMARY:
==2421411==     in use at exit: 800 bytes in 1 blocks
==2421411==   total heap usage: 2 allocs, 1 frees, 4,896 bytes allocated
==2421411== 
==2421411== LEAK SUMMARY:
==2421411==    definitely lost: 800 bytes in 1 blocks
==2421411==    indirectly lost: 0 bytes in 0 blocks
==2421411==      possibly lost: 0 bytes in 0 blocks
==2421411==    still reachable: 0 bytes in 0 blocks
==2421411==         suppressed: 0 bytes in 0 blocks
==2421411== Rerun with --leak-check=full to see details of leaked memory
==2421411== 
==2421411== For lists of detected and suppressed errors, rerun with: -s
==2421411== ERROR SUMMARY: 0 errors from 0 contexts (suppressed: 0 from 0)
