==2421303== Memcheck, a memory error detector
==2421303== Copyright (C) 2002-2022, and GNU GPL'd, by Julian Seward et al.
==2421303== Using Valgrind-3.22.0 and LibVEX; rerun with -h for copyright info
==2421303== Command: /home/loris/Desktop/TestRepositories/Forked/juliet-test-suite-c/Automatic/results/20260707_1536/CWE401/valgrind/bin/CWE401/bad/CWE401_Memory_Leak__char_malloc_67-bad
==2421303== Parent PID: 2421302
==2421303== 
==2421303== 
==2421303== HEAP SUMMARY:
==2421303==     in use at exit: 100 bytes in 1 blocks
==2421303==   total heap usage: 2 allocs, 1 frees, 4,196 bytes allocated
==2421303== 
==2421303== LEAK SUMMARY:
==2421303==    definitely lost: 100 bytes in 1 blocks
==2421303==    indirectly lost: 0 bytes in 0 blocks
==2421303==      possibly lost: 0 bytes in 0 blocks
==2421303==    still reachable: 0 bytes in 0 blocks
==2421303==         suppressed: 0 bytes in 0 blocks
==2421303== Rerun with --leak-check=full to see details of leaked memory
==2421303== 
==2421303== For lists of detected and suppressed errors, rerun with: -s
==2421303== ERROR SUMMARY: 0 errors from 0 contexts (suppressed: 0 from 0)
