==2421547== Memcheck, a memory error detector
==2421547== Copyright (C) 2002-2022, and GNU GPL'd, by Julian Seward et al.
==2421547== Using Valgrind-3.22.0 and LibVEX; rerun with -h for copyright info
==2421547== Command: /home/loris/Desktop/TestRepositories/Forked/juliet-test-suite-c/Automatic/results/20260707_1536/CWE401/valgrind/bin/CWE401/bad/CWE401_Memory_Leak__int64_t_realloc_07-bad
==2421547== Parent PID: 2421546
==2421547== 
==2421547== 
==2421547== HEAP SUMMARY:
==2421547==     in use at exit: 800 bytes in 1 blocks
==2421547==   total heap usage: 2 allocs, 1 frees, 4,896 bytes allocated
==2421547== 
==2421547== LEAK SUMMARY:
==2421547==    definitely lost: 800 bytes in 1 blocks
==2421547==    indirectly lost: 0 bytes in 0 blocks
==2421547==      possibly lost: 0 bytes in 0 blocks
==2421547==    still reachable: 0 bytes in 0 blocks
==2421547==         suppressed: 0 bytes in 0 blocks
==2421547== Rerun with --leak-check=full to see details of leaked memory
==2421547== 
==2421547== For lists of detected and suppressed errors, rerun with: -s
==2421547== ERROR SUMMARY: 0 errors from 0 contexts (suppressed: 0 from 0)
