==2422474== Memcheck, a memory error detector
==2422474== Copyright (C) 2002-2022, and GNU GPL'd, by Julian Seward et al.
==2422474== Using Valgrind-3.22.0 and LibVEX; rerun with -h for copyright info
==2422474== Command: /home/loris/Desktop/TestRepositories/Forked/juliet-test-suite-c/Automatic/results/20260707_1536/CWE401/valgrind/bin/CWE401/bad/CWE401_Memory_Leak__twoIntsStruct_malloc_68-bad
==2422474== Parent PID: 2422473
==2422474== 
==2422474== 
==2422474== HEAP SUMMARY:
==2422474==     in use at exit: 800 bytes in 1 blocks
==2422474==   total heap usage: 2 allocs, 1 frees, 4,896 bytes allocated
==2422474== 
==2422474== LEAK SUMMARY:
==2422474==    definitely lost: 0 bytes in 0 blocks
==2422474==    indirectly lost: 0 bytes in 0 blocks
==2422474==      possibly lost: 0 bytes in 0 blocks
==2422474==    still reachable: 800 bytes in 1 blocks
==2422474==         suppressed: 0 bytes in 0 blocks
==2422474== Rerun with --leak-check=full to see details of leaked memory
==2422474== 
==2422474== For lists of detected and suppressed errors, rerun with: -s
==2422474== ERROR SUMMARY: 0 errors from 0 contexts (suppressed: 0 from 0)
