==2422514== Memcheck, a memory error detector
==2422514== Copyright (C) 2002-2022, and GNU GPL'd, by Julian Seward et al.
==2422514== Using Valgrind-3.22.0 and LibVEX; rerun with -h for copyright info
==2422514== Command: /home/loris/Desktop/TestRepositories/Forked/juliet-test-suite-c/Automatic/results/20260707_1536/CWE401/valgrind/bin/CWE401/bad/CWE401_Memory_Leak__twoIntsStruct_realloc_22-bad
==2422514== Parent PID: 2422513
==2422514== 
==2422514== 
==2422514== HEAP SUMMARY:
==2422514==     in use at exit: 800 bytes in 1 blocks
==2422514==   total heap usage: 2 allocs, 1 frees, 4,896 bytes allocated
==2422514== 
==2422514== LEAK SUMMARY:
==2422514==    definitely lost: 800 bytes in 1 blocks
==2422514==    indirectly lost: 0 bytes in 0 blocks
==2422514==      possibly lost: 0 bytes in 0 blocks
==2422514==    still reachable: 0 bytes in 0 blocks
==2422514==         suppressed: 0 bytes in 0 blocks
==2422514== Rerun with --leak-check=full to see details of leaked memory
==2422514== 
==2422514== For lists of detected and suppressed errors, rerun with: -s
==2422514== ERROR SUMMARY: 0 errors from 0 contexts (suppressed: 0 from 0)
