==2421605== Memcheck, a memory error detector
==2421605== Copyright (C) 2002-2022, and GNU GPL'd, by Julian Seward et al.
==2421605== Using Valgrind-3.22.0 and LibVEX; rerun with -h for copyright info
==2421605== Command: /home/loris/Desktop/TestRepositories/Forked/juliet-test-suite-c/Automatic/results/20260707_1536/CWE401/valgrind/bin/CWE401/bad/CWE401_Memory_Leak__int64_t_realloc_66-bad
==2421605== Parent PID: 2421604
==2421605== 
==2421605== 
==2421605== HEAP SUMMARY:
==2421605==     in use at exit: 800 bytes in 1 blocks
==2421605==   total heap usage: 2 allocs, 1 frees, 4,896 bytes allocated
==2421605== 
==2421605== LEAK SUMMARY:
==2421605==    definitely lost: 800 bytes in 1 blocks
==2421605==    indirectly lost: 0 bytes in 0 blocks
==2421605==      possibly lost: 0 bytes in 0 blocks
==2421605==    still reachable: 0 bytes in 0 blocks
==2421605==         suppressed: 0 bytes in 0 blocks
==2421605== Rerun with --leak-check=full to see details of leaked memory
==2421605== 
==2421605== For lists of detected and suppressed errors, rerun with: -s
==2421605== ERROR SUMMARY: 0 errors from 0 contexts (suppressed: 0 from 0)
