==2422162== Memcheck, a memory error detector
==2422162== Copyright (C) 2002-2022, and GNU GPL'd, by Julian Seward et al.
==2422162== Using Valgrind-3.22.0 and LibVEX; rerun with -h for copyright info
==2422162== Command: /home/loris/Desktop/TestRepositories/Forked/juliet-test-suite-c/Automatic/results/20260707_1536/CWE401/valgrind/bin/CWE401/bad/CWE401_Memory_Leak__struct_twoIntsStruct_calloc_64-bad
==2422162== Parent PID: 2422161
==2422162== 
==2422162== 
==2422162== HEAP SUMMARY:
==2422162==     in use at exit: 800 bytes in 1 blocks
==2422162==   total heap usage: 2 allocs, 1 frees, 4,896 bytes allocated
==2422162== 
==2422162== LEAK SUMMARY:
==2422162==    definitely lost: 800 bytes in 1 blocks
==2422162==    indirectly lost: 0 bytes in 0 blocks
==2422162==      possibly lost: 0 bytes in 0 blocks
==2422162==    still reachable: 0 bytes in 0 blocks
==2422162==         suppressed: 0 bytes in 0 blocks
==2422162== Rerun with --leak-check=full to see details of leaked memory
==2422162== 
==2422162== For lists of detected and suppressed errors, rerun with: -s
==2422162== ERROR SUMMARY: 0 errors from 0 contexts (suppressed: 0 from 0)
