==2421345== Memcheck, a memory error detector
==2421345== Copyright (C) 2002-2022, and GNU GPL'd, by Julian Seward et al.
==2421345== Using Valgrind-3.22.0 and LibVEX; rerun with -h for copyright info
==2421345== Command: /home/loris/Desktop/TestRepositories/Forked/juliet-test-suite-c/Automatic/results/20260707_1536/CWE401/valgrind/bin/CWE401/bad/CWE401_Memory_Leak__char_realloc_22-bad
==2421345== Parent PID: 2421344
==2421345== 
==2421345== 
==2421345== HEAP SUMMARY:
==2421345==     in use at exit: 100 bytes in 1 blocks
==2421345==   total heap usage: 2 allocs, 1 frees, 4,196 bytes allocated
==2421345== 
==2421345== LEAK SUMMARY:
==2421345==    definitely lost: 100 bytes in 1 blocks
==2421345==    indirectly lost: 0 bytes in 0 blocks
==2421345==      possibly lost: 0 bytes in 0 blocks
==2421345==    still reachable: 0 bytes in 0 blocks
==2421345==         suppressed: 0 bytes in 0 blocks
==2421345== Rerun with --leak-check=full to see details of leaked memory
==2421345== 
==2421345== For lists of detected and suppressed errors, rerun with: -s
==2421345== ERROR SUMMARY: 0 errors from 0 contexts (suppressed: 0 from 0)
