==2422214== Memcheck, a memory error detector
==2422214== Copyright (C) 2002-2022, and GNU GPL'd, by Julian Seward et al.
==2422214== Using Valgrind-3.22.0 and LibVEX; rerun with -h for copyright info
==2422214== Command: /home/loris/Desktop/TestRepositories/Forked/juliet-test-suite-c/Automatic/results/20260707_1536/CWE401/valgrind/bin/CWE401/bad/CWE401_Memory_Leak__struct_twoIntsStruct_malloc_32-bad
==2422214== Parent PID: 2422213
==2422214== 
==2422214== 
==2422214== HEAP SUMMARY:
==2422214==     in use at exit: 800 bytes in 1 blocks
==2422214==   total heap usage: 2 allocs, 1 frees, 4,896 bytes allocated
==2422214== 
==2422214== LEAK SUMMARY:
==2422214==    definitely lost: 800 bytes in 1 blocks
==2422214==    indirectly lost: 0 bytes in 0 blocks
==2422214==      possibly lost: 0 bytes in 0 blocks
==2422214==    still reachable: 0 bytes in 0 blocks
==2422214==         suppressed: 0 bytes in 0 blocks
==2422214== Rerun with --leak-check=full to see details of leaked memory
==2422214== 
==2422214== For lists of detected and suppressed errors, rerun with: -s
==2422214== ERROR SUMMARY: 0 errors from 0 contexts (suppressed: 0 from 0)
