==2421487== Memcheck, a memory error detector
==2421487== Copyright (C) 2002-2022, and GNU GPL'd, by Julian Seward et al.
==2421487== Using Valgrind-3.22.0 and LibVEX; rerun with -h for copyright info
==2421487== Command: /home/loris/Desktop/TestRepositories/Forked/juliet-test-suite-c/Automatic/results/20260707_1536/CWE401/valgrind/bin/CWE401/bad/CWE401_Memory_Leak__int64_t_malloc_15-bad
==2421487== Parent PID: 2421486
==2421487== 
==2421487== 
==2421487== HEAP SUMMARY:
==2421487==     in use at exit: 800 bytes in 1 blocks
==2421487==   total heap usage: 2 allocs, 1 frees, 4,896 bytes allocated
==2421487== 
==2421487== LEAK SUMMARY:
==2421487==    definitely lost: 800 bytes in 1 blocks
==2421487==    indirectly lost: 0 bytes in 0 blocks
==2421487==      possibly lost: 0 bytes in 0 blocks
==2421487==    still reachable: 0 bytes in 0 blocks
==2421487==         suppressed: 0 bytes in 0 blocks
==2421487== Rerun with --leak-check=full to see details of leaked memory
==2421487== 
==2421487== For lists of detected and suppressed errors, rerun with: -s
==2421487== ERROR SUMMARY: 0 errors from 0 contexts (suppressed: 0 from 0)
