==2422066== Memcheck, a memory error detector
==2422066== Copyright (C) 2002-2022, and GNU GPL'd, by Julian Seward et al.
==2422066== Using Valgrind-3.22.0 and LibVEX; rerun with -h for copyright info
==2422066== Command: /home/loris/Desktop/TestRepositories/Forked/juliet-test-suite-c/Automatic/results/20260707_1536/CWE401/valgrind/bin/CWE401/bad/CWE401_Memory_Leak__strdup_char_41-bad
==2422066== Parent PID: 2422065
==2422066== 
==2422066== 
==2422066== HEAP SUMMARY:
==2422066==     in use at exit: 9 bytes in 1 blocks
==2422066==   total heap usage: 2 allocs, 1 frees, 4,105 bytes allocated
==2422066== 
==2422066== LEAK SUMMARY:
==2422066==    definitely lost: 9 bytes in 1 blocks
==2422066==    indirectly lost: 0 bytes in 0 blocks
==2422066==      possibly lost: 0 bytes in 0 blocks
==2422066==    still reachable: 0 bytes in 0 blocks
==2422066==         suppressed: 0 bytes in 0 blocks
==2422066== Rerun with --leak-check=full to see details of leaked memory
==2422066== 
==2422066== For lists of detected and suppressed errors, rerun with: -s
==2422066== ERROR SUMMARY: 0 errors from 0 contexts (suppressed: 0 from 0)
