==2422026== Memcheck, a memory error detector
==2422026== Copyright (C) 2002-2022, and GNU GPL'd, by Julian Seward et al.
==2422026== Using Valgrind-3.22.0 and LibVEX; rerun with -h for copyright info
==2422026== Command: /home/loris/Desktop/TestRepositories/Forked/juliet-test-suite-c/Automatic/results/20260707_1536/CWE401/valgrind/bin/CWE401/bad/CWE401_Memory_Leak__strdup_char_04-bad
==2422026== Parent PID: 2422025
==2422026== 
==2422026== 
==2422026== HEAP SUMMARY:
==2422026==     in use at exit: 9 bytes in 1 blocks
==2422026==   total heap usage: 2 allocs, 1 frees, 4,105 bytes allocated
==2422026== 
==2422026== LEAK SUMMARY:
==2422026==    definitely lost: 9 bytes in 1 blocks
==2422026==    indirectly lost: 0 bytes in 0 blocks
==2422026==      possibly lost: 0 bytes in 0 blocks
==2422026==    still reachable: 0 bytes in 0 blocks
==2422026==         suppressed: 0 bytes in 0 blocks
==2422026== Rerun with --leak-check=full to see details of leaked memory
==2422026== 
==2422026== For lists of detected and suppressed errors, rerun with: -s
==2422026== ERROR SUMMARY: 0 errors from 0 contexts (suppressed: 0 from 0)
