==2421621== Memcheck, a memory error detector
==2421621== Copyright (C) 2002-2022, and GNU GPL'd, by Julian Seward et al.
==2421621== Using Valgrind-3.22.0 and LibVEX; rerun with -h for copyright info
==2421621== Command: /home/loris/Desktop/TestRepositories/Forked/juliet-test-suite-c/Automatic/results/20260707_1536/CWE401/valgrind/bin/CWE401/bad/CWE401_Memory_Leak__int_calloc_06-bad
==2421621== Parent PID: 2421620
==2421621== 
==2421621== 
==2421621== HEAP SUMMARY:
==2421621==     in use at exit: 400 bytes in 1 blocks
==2421621==   total heap usage: 2 allocs, 1 frees, 4,496 bytes allocated
==2421621== 
==2421621== LEAK SUMMARY:
==2421621==    definitely lost: 400 bytes in 1 blocks
==2421621==    indirectly lost: 0 bytes in 0 blocks
==2421621==      possibly lost: 0 bytes in 0 blocks
==2421621==    still reachable: 0 bytes in 0 blocks
==2421621==         suppressed: 0 bytes in 0 blocks
==2421621== Rerun with --leak-check=full to see details of leaked memory
==2421621== 
==2421621== For lists of detected and suppressed errors, rerun with: -s
==2421621== ERROR SUMMARY: 0 errors from 0 contexts (suppressed: 0 from 0)
