==2421209== Memcheck, a memory error detector
==2421209== Copyright (C) 2002-2022, and GNU GPL'd, by Julian Seward et al.
==2421209== Using Valgrind-3.22.0 and LibVEX; rerun with -h for copyright info
==2421209== Command: /home/loris/Desktop/TestRepositories/Forked/juliet-test-suite-c/Automatic/results/20260707_1536/CWE401/valgrind/bin/CWE401/bad/CWE401_Memory_Leak__char_calloc_51-bad
==2421209== Parent PID: 2421208
==2421209== 
==2421209== 
==2421209== HEAP SUMMARY:
==2421209==     in use at exit: 100 bytes in 1 blocks
==2421209==   total heap usage: 2 allocs, 1 frees, 4,196 bytes allocated
==2421209== 
==2421209== LEAK SUMMARY:
==2421209==    definitely lost: 100 bytes in 1 blocks
==2421209==    indirectly lost: 0 bytes in 0 blocks
==2421209==      possibly lost: 0 bytes in 0 blocks
==2421209==    still reachable: 0 bytes in 0 blocks
==2421209==         suppressed: 0 bytes in 0 blocks
==2421209== Rerun with --leak-check=full to see details of leaked memory
==2421209== 
==2421209== For lists of detected and suppressed errors, rerun with: -s
==2421209== ERROR SUMMARY: 0 errors from 0 contexts (suppressed: 0 from 0)
