==2421269== Memcheck, a memory error detector
==2421269== Copyright (C) 2002-2022, and GNU GPL'd, by Julian Seward et al.
==2421269== Using Valgrind-3.22.0 and LibVEX; rerun with -h for copyright info
==2421269== Command: /home/loris/Desktop/TestRepositories/Forked/juliet-test-suite-c/Automatic/results/20260707_1536/CWE401/valgrind/bin/CWE401/bad/CWE401_Memory_Leak__char_malloc_22-bad
==2421269== Parent PID: 2421268
==2421269== 
==2421269== 
==2421269== HEAP SUMMARY:
==2421269==     in use at exit: 100 bytes in 1 blocks
==2421269==   total heap usage: 2 allocs, 1 frees, 4,196 bytes allocated
==2421269== 
==2421269== LEAK SUMMARY:
==2421269==    definitely lost: 100 bytes in 1 blocks
==2421269==    indirectly lost: 0 bytes in 0 blocks
==2421269==      possibly lost: 0 bytes in 0 blocks
==2421269==    still reachable: 0 bytes in 0 blocks
==2421269==         suppressed: 0 bytes in 0 blocks
==2421269== Rerun with --leak-check=full to see details of leaked memory
==2421269== 
==2421269== For lists of detected and suppressed errors, rerun with: -s
==2421269== ERROR SUMMARY: 0 errors from 0 contexts (suppressed: 0 from 0)
