==2421681== Memcheck, a memory error detector
==2421681== Copyright (C) 2002-2022, and GNU GPL'd, by Julian Seward et al.
==2421681== Using Valgrind-3.22.0 and LibVEX; rerun with -h for copyright info
==2421681== Command: /home/loris/Desktop/TestRepositories/Forked/juliet-test-suite-c/Automatic/results/20260707_1536/CWE401/valgrind/bin/CWE401/bad/CWE401_Memory_Leak__int_calloc_66-bad
==2421681== Parent PID: 2421680
==2421681== 
==2421681== 
==2421681== HEAP SUMMARY:
==2421681==     in use at exit: 400 bytes in 1 blocks
==2421681==   total heap usage: 2 allocs, 1 frees, 4,496 bytes allocated
==2421681== 
==2421681== LEAK SUMMARY:
==2421681==    definitely lost: 400 bytes in 1 blocks
==2421681==    indirectly lost: 0 bytes in 0 blocks
==2421681==      possibly lost: 0 bytes in 0 blocks
==2421681==    still reachable: 0 bytes in 0 blocks
==2421681==         suppressed: 0 bytes in 0 blocks
==2421681== Rerun with --leak-check=full to see details of leaked memory
==2421681== 
==2421681== For lists of detected and suppressed errors, rerun with: -s
==2421681== ERROR SUMMARY: 0 errors from 0 contexts (suppressed: 0 from 0)
