==2421439== Memcheck, a memory error detector
==2421439== Copyright (C) 2002-2022, and GNU GPL'd, by Julian Seward et al.
==2421439== Using Valgrind-3.22.0 and LibVEX; rerun with -h for copyright info
==2421439== Command: /home/loris/Desktop/TestRepositories/Forked/juliet-test-suite-c/Automatic/results/20260707_1536/CWE401/valgrind/bin/CWE401/bad/CWE401_Memory_Leak__int64_t_calloc_52-bad
==2421439== Parent PID: 2421438
==2421439== 
==2421439== 
==2421439== HEAP SUMMARY:
==2421439==     in use at exit: 800 bytes in 1 blocks
==2421439==   total heap usage: 2 allocs, 1 frees, 4,896 bytes allocated
==2421439== 
==2421439== LEAK SUMMARY:
==2421439==    definitely lost: 800 bytes in 1 blocks
==2421439==    indirectly lost: 0 bytes in 0 blocks
==2421439==      possibly lost: 0 bytes in 0 blocks
==2421439==    still reachable: 0 bytes in 0 blocks
==2421439==         suppressed: 0 bytes in 0 blocks
==2421439== Rerun with --leak-check=full to see details of leaked memory
==2421439== 
==2421439== For lists of detected and suppressed errors, rerun with: -s
==2421439== ERROR SUMMARY: 0 errors from 0 contexts (suppressed: 0 from 0)
