==2421817== Memcheck, a memory error detector
==2421817== Copyright (C) 2002-2022, and GNU GPL'd, by Julian Seward et al.
==2421817== Using Valgrind-3.22.0 and LibVEX; rerun with -h for copyright info
==2421817== Command: /home/loris/Desktop/TestRepositories/Forked/juliet-test-suite-c/Automatic/results/20260707_1536/CWE401/valgrind/bin/CWE401/bad/CWE401_Memory_Leak__int_realloc_51-bad
==2421817== Parent PID: 2421816
==2421817== 
==2421817== 
==2421817== HEAP SUMMARY:
==2421817==     in use at exit: 400 bytes in 1 blocks
==2421817==   total heap usage: 2 allocs, 1 frees, 4,496 bytes allocated
==2421817== 
==2421817== LEAK SUMMARY:
==2421817==    definitely lost: 400 bytes in 1 blocks
==2421817==    indirectly lost: 0 bytes in 0 blocks
==2421817==      possibly lost: 0 bytes in 0 blocks
==2421817==    still reachable: 0 bytes in 0 blocks
==2421817==         suppressed: 0 bytes in 0 blocks
==2421817== Rerun with --leak-check=full to see details of leaked memory
==2421817== 
==2421817== For lists of detected and suppressed errors, rerun with: -s
==2421817== ERROR SUMMARY: 0 errors from 0 contexts (suppressed: 0 from 0)
