==2421707== Memcheck, a memory error detector
==2421707== Copyright (C) 2002-2022, and GNU GPL'd, by Julian Seward et al.
==2421707== Using Valgrind-3.22.0 and LibVEX; rerun with -h for copyright info
==2421707== Command: /home/loris/Desktop/TestRepositories/Forked/juliet-test-suite-c/Automatic/results/20260707_1536/CWE401/valgrind/bin/CWE401/bad/CWE401_Memory_Leak__int_malloc_11-bad
==2421707== Parent PID: 2421706
==2421707== 
==2421707== 
==2421707== HEAP SUMMARY:
==2421707==     in use at exit: 400 bytes in 1 blocks
==2421707==   total heap usage: 2 allocs, 1 frees, 4,496 bytes allocated
==2421707== 
==2421707== LEAK SUMMARY:
==2421707==    definitely lost: 400 bytes in 1 blocks
==2421707==    indirectly lost: 0 bytes in 0 blocks
==2421707==      possibly lost: 0 bytes in 0 blocks
==2421707==    still reachable: 0 bytes in 0 blocks
==2421707==         suppressed: 0 bytes in 0 blocks
==2421707== Rerun with --leak-check=full to see details of leaked memory
==2421707== 
==2421707== For lists of detected and suppressed errors, rerun with: -s
==2421707== ERROR SUMMARY: 0 errors from 0 contexts (suppressed: 0 from 0)
