==2422318== Memcheck, a memory error detector
==2422318== Copyright (C) 2002-2022, and GNU GPL'd, by Julian Seward et al.
==2422318== Using Valgrind-3.22.0 and LibVEX; rerun with -h for copyright info
==2422318== Command: /home/loris/Desktop/TestRepositories/Forked/juliet-test-suite-c/Automatic/results/20260707_1536/CWE401/valgrind/bin/CWE401/bad/CWE401_Memory_Leak__struct_twoIntsStruct_realloc_66-bad
==2422318== Parent PID: 2422317
==2422318== 
==2422318== 
==2422318== HEAP SUMMARY:
==2422318==     in use at exit: 800 bytes in 1 blocks
==2422318==   total heap usage: 2 allocs, 1 frees, 4,896 bytes allocated
==2422318== 
==2422318== LEAK SUMMARY:
==2422318==    definitely lost: 800 bytes in 1 blocks
==2422318==    indirectly lost: 0 bytes in 0 blocks
==2422318==      possibly lost: 0 bytes in 0 blocks
==2422318==    still reachable: 0 bytes in 0 blocks
==2422318==         suppressed: 0 bytes in 0 blocks
==2422318== Rerun with --leak-check=full to see details of leaked memory
==2422318== 
==2422318== For lists of detected and suppressed errors, rerun with: -s
==2422318== ERROR SUMMARY: 0 errors from 0 contexts (suppressed: 0 from 0)
