==2422334== Memcheck, a memory error detector
==2422334== Copyright (C) 2002-2022, and GNU GPL'd, by Julian Seward et al.
==2422334== Using Valgrind-3.22.0 and LibVEX; rerun with -h for copyright info
==2422334== Command: /home/loris/Desktop/TestRepositories/Forked/juliet-test-suite-c/Automatic/results/20260707_1536/CWE401/valgrind/bin/CWE401/bad/CWE401_Memory_Leak__twoIntsStruct_calloc_06-bad
==2422334== Parent PID: 2422333
==2422334== 
==2422334== 
==2422334== HEAP SUMMARY:
==2422334==     in use at exit: 800 bytes in 1 blocks
==2422334==   total heap usage: 2 allocs, 1 frees, 4,896 bytes allocated
==2422334== 
==2422334== LEAK SUMMARY:
==2422334==    definitely lost: 800 bytes in 1 blocks
==2422334==    indirectly lost: 0 bytes in 0 blocks
==2422334==      possibly lost: 0 bytes in 0 blocks
==2422334==    still reachable: 0 bytes in 0 blocks
==2422334==         suppressed: 0 bytes in 0 blocks
==2422334== Rerun with --leak-check=full to see details of leaked memory
==2422334== 
==2422334== For lists of detected and suppressed errors, rerun with: -s
==2422334== ERROR SUMMARY: 0 errors from 0 contexts (suppressed: 0 from 0)
