==2422036== Memcheck, a memory error detector
==2422036== Copyright (C) 2002-2022, and GNU GPL'd, by Julian Seward et al.
==2422036== Using Valgrind-3.22.0 and LibVEX; rerun with -h for copyright info
==2422036== Command: /home/loris/Desktop/TestRepositories/Forked/juliet-test-suite-c/Automatic/results/20260707_1536/CWE401/valgrind/bin/CWE401/bad/CWE401_Memory_Leak__strdup_char_09-bad
==2422036== Parent PID: 2422035
==2422036== 
==2422036== 
==2422036== HEAP SUMMARY:
==2422036==     in use at exit: 9 bytes in 1 blocks
==2422036==   total heap usage: 2 allocs, 1 frees, 4,105 bytes allocated
==2422036== 
==2422036== LEAK SUMMARY:
==2422036==    definitely lost: 9 bytes in 1 blocks
==2422036==    indirectly lost: 0 bytes in 0 blocks
==2422036==      possibly lost: 0 bytes in 0 blocks
==2422036==    still reachable: 0 bytes in 0 blocks
==2422036==         suppressed: 0 bytes in 0 blocks
==2422036== Rerun with --leak-check=full to see details of leaked memory
==2422036== 
==2422036== For lists of detected and suppressed errors, rerun with: -s
==2422036== ERROR SUMMARY: 0 errors from 0 contexts (suppressed: 0 from 0)
