==2422494== Memcheck, a memory error detector
==2422494== Copyright (C) 2002-2022, and GNU GPL'd, by Julian Seward et al.
==2422494== Using Valgrind-3.22.0 and LibVEX; rerun with -h for copyright info
==2422494== Command: /home/loris/Desktop/TestRepositories/Forked/juliet-test-suite-c/Automatic/results/20260707_1536/CWE401/valgrind/bin/CWE401/bad/CWE401_Memory_Leak__twoIntsStruct_realloc_10-bad
==2422494== Parent PID: 2422493
==2422494== 
==2422494== 
==2422494== HEAP SUMMARY:
==2422494==     in use at exit: 800 bytes in 1 blocks
==2422494==   total heap usage: 2 allocs, 1 frees, 4,896 bytes allocated
==2422494== 
==2422494== LEAK SUMMARY:
==2422494==    definitely lost: 800 bytes in 1 blocks
==2422494==    indirectly lost: 0 bytes in 0 blocks
==2422494==      possibly lost: 0 bytes in 0 blocks
==2422494==    still reachable: 0 bytes in 0 blocks
==2422494==         suppressed: 0 bytes in 0 blocks
==2422494== Rerun with --leak-check=full to see details of leaked memory
==2422494== 
==2422494== For lists of detected and suppressed errors, rerun with: -s
==2422494== ERROR SUMMARY: 0 errors from 0 contexts (suppressed: 0 from 0)
