==2161475== Memcheck, a memory error detector
==2161475== Copyright (C) 2002-2022, and GNU GPL'd, by Julian Seward et al.
==2161475== Using Valgrind-3.22.0 and LibVEX; rerun with -h for copyright info
==2161475== Command: /home/loris/Desktop/TestRepositories/Forked/juliet-test-suite-c/Automatic/results/20260707_1536/CWE416/valgrind/bin/CWE416/bad/CWE416_Use_After_Free__malloc_free_long_04-bad
==2161475== Parent PID: 2161474
==2161475== 
==2161475== Invalid read of size 8
==2161475==    at 0x10936E: CWE416_Use_After_Free__malloc_free_long_04_bad (in /home/loris/Desktop/TestRepositories/Forked/juliet-test-suite-c/Automatic/results/20260707_1536/CWE416/valgrind/bin/CWE416/bad/CWE416_Use_After_Free__malloc_free_long_04-bad)
==2161475==    by 0x1093B8: main (in /home/loris/Desktop/TestRepositories/Forked/juliet-test-suite-c/Automatic/results/20260707_1536/CWE416/valgrind/bin/CWE416/bad/CWE416_Use_After_Free__malloc_free_long_04-bad)
==2161475==  Address 0x4a85080 is 0 bytes inside a block of size 800 free'd
==2161475==    at 0x484988F: free (in /usr/libexec/valgrind/vgpreload_memcheck-amd64-linux.so)
==2161475==    by 0x109360: CWE416_Use_After_Free__malloc_free_long_04_bad (in /home/loris/Desktop/TestRepositories/Forked/juliet-test-suite-c/Automatic/results/20260707_1536/CWE416/valgrind/bin/CWE416/bad/CWE416_Use_After_Free__malloc_free_long_04-bad)
==2161475==    by 0x1093B8: main (in /home/loris/Desktop/TestRepositories/Forked/juliet-test-suite-c/Automatic/results/20260707_1536/CWE416/valgrind/bin/CWE416/bad/CWE416_Use_After_Free__malloc_free_long_04-bad)
==2161475==  Block was alloc'd at
==2161475==    at 0x4846828: malloc (in /usr/libexec/valgrind/vgpreload_memcheck-amd64-linux.so)
==2161475==    by 0x10930F: CWE416_Use_After_Free__malloc_free_long_04_bad (in /home/loris/Desktop/TestRepositories/Forked/juliet-test-suite-c/Automatic/results/20260707_1536/CWE416/valgrind/bin/CWE416/bad/CWE416_Use_After_Free__malloc_free_long_04-bad)
==2161475==    by 0x1093B8: main (in /home/loris/Desktop/TestRepositories/Forked/juliet-test-suite-c/Automatic/results/20260707_1536/CWE416/valgrind/bin/CWE416/bad/CWE416_Use_After_Free__malloc_free_long_04-bad)
==2161475== 
==2161475== 
==2161475== HEAP SUMMARY:
==2161475==     in use at exit: 0 bytes in 0 blocks
==2161475==   total heap usage: 2 allocs, 2 frees, 4,896 bytes allocated
==2161475== 
==2161475== All heap blocks were freed -- no leaks are possible
==2161475== 
==2161475== For lists of detected and suppressed errors, rerun with: -s
==2161475== ERROR SUMMARY: 1 errors from 1 contexts (suppressed: 0 from 0)
