==2161178== Memcheck, a memory error detector
==2161178== Copyright (C) 2002-2022, and GNU GPL'd, by Julian Seward et al.
==2161178== Using Valgrind-3.22.0 and LibVEX; rerun with -h for copyright info
==2161178== Command: /home/loris/Desktop/TestRepositories/Forked/juliet-test-suite-c/Automatic/results/20260707_1536/CWE416/valgrind/bin/CWE416/good/CWE416_Use_After_Free__malloc_free_int64_t_15-good
==2161178== Parent PID: 2161177
==2161178== 
==2161178== 
==2161178== HEAP SUMMARY:
==2161178==     in use at exit: 1,600 bytes in 2 blocks
==2161178==   total heap usage: 5 allocs, 3 frees, 7,296 bytes allocated
==2161178== 
==2161178== LEAK SUMMARY:
==2161178==    definitely lost: 1,600 bytes in 2 blocks
==2161178==    indirectly lost: 0 bytes in 0 blocks
==2161178==      possibly lost: 0 bytes in 0 blocks
==2161178==    still reachable: 0 bytes in 0 blocks
==2161178==         suppressed: 0 bytes in 0 blocks
==2161178== Rerun with --leak-check=full to see details of leaked memory
==2161178== 
==2161178== For lists of detected and suppressed errors, rerun with: -s
==2161178== ERROR SUMMARY: 0 errors from 0 contexts (suppressed: 0 from 0)
