==2161252== Memcheck, a memory error detector
==2161252== Copyright (C) 2002-2022, and GNU GPL'd, by Julian Seward et al.
==2161252== Using Valgrind-3.22.0 and LibVEX; rerun with -h for copyright info
==2161252== Command: /home/loris/Desktop/TestRepositories/Forked/juliet-test-suite-c/Automatic/results/20260707_1536/CWE416/valgrind/bin/CWE416/good/CWE416_Use_After_Free__malloc_free_long_12-good
==2161252== Parent PID: 2161251
==2161252== 
==2161252== 
==2161252== HEAP SUMMARY:
==2161252==     in use at exit: 800 bytes in 1 blocks
==2161252==   total heap usage: 3 allocs, 2 frees, 5,696 bytes allocated
==2161252== 
==2161252== LEAK SUMMARY:
==2161252==    definitely lost: 800 bytes in 1 blocks
==2161252==    indirectly lost: 0 bytes in 0 blocks
==2161252==      possibly lost: 0 bytes in 0 blocks
==2161252==    still reachable: 0 bytes in 0 blocks
==2161252==         suppressed: 0 bytes in 0 blocks
==2161252== Rerun with --leak-check=full to see details of leaked memory
==2161252== 
==2161252== For lists of detected and suppressed errors, rerun with: -s
==2161252== ERROR SUMMARY: 0 errors from 0 contexts (suppressed: 0 from 0)
