==2161409== Memcheck, a memory error detector
==2161409== Copyright (C) 2002-2022, and GNU GPL'd, by Julian Seward et al.
==2161409== Using Valgrind-3.22.0 and LibVEX; rerun with -h for copyright info
==2161409== Command: /home/loris/Desktop/TestRepositories/Forked/juliet-test-suite-c/Automatic/results/20260707_1536/CWE416/valgrind/bin/CWE416/bad/CWE416_Use_After_Free__malloc_free_int64_t_11-bad
==2161409== Parent PID: 2161408
==2161409== 
==2161409== Invalid read of size 8
==2161409==    at 0x109378: CWE416_Use_After_Free__malloc_free_int64_t_11_bad (in /home/loris/Desktop/TestRepositories/Forked/juliet-test-suite-c/Automatic/results/20260707_1536/CWE416/valgrind/bin/CWE416/bad/CWE416_Use_After_Free__malloc_free_int64_t_11-bad)
==2161409==    by 0x1093C2: main (in /home/loris/Desktop/TestRepositories/Forked/juliet-test-suite-c/Automatic/results/20260707_1536/CWE416/valgrind/bin/CWE416/bad/CWE416_Use_After_Free__malloc_free_int64_t_11-bad)
==2161409==  Address 0x4a85080 is 0 bytes inside a block of size 800 free'd
==2161409==    at 0x484988F: free (in /usr/libexec/valgrind/vgpreload_memcheck-amd64-linux.so)
==2161409==    by 0x109365: CWE416_Use_After_Free__malloc_free_int64_t_11_bad (in /home/loris/Desktop/TestRepositories/Forked/juliet-test-suite-c/Automatic/results/20260707_1536/CWE416/valgrind/bin/CWE416/bad/CWE416_Use_After_Free__malloc_free_int64_t_11-bad)
==2161409==    by 0x1093C2: main (in /home/loris/Desktop/TestRepositories/Forked/juliet-test-suite-c/Automatic/results/20260707_1536/CWE416/valgrind/bin/CWE416/bad/CWE416_Use_After_Free__malloc_free_int64_t_11-bad)
==2161409==  Block was alloc'd at
==2161409==    at 0x4846828: malloc (in /usr/libexec/valgrind/vgpreload_memcheck-amd64-linux.so)
==2161409==    by 0x109314: CWE416_Use_After_Free__malloc_free_int64_t_11_bad (in /home/loris/Desktop/TestRepositories/Forked/juliet-test-suite-c/Automatic/results/20260707_1536/CWE416/valgrind/bin/CWE416/bad/CWE416_Use_After_Free__malloc_free_int64_t_11-bad)
==2161409==    by 0x1093C2: main (in /home/loris/Desktop/TestRepositories/Forked/juliet-test-suite-c/Automatic/results/20260707_1536/CWE416/valgrind/bin/CWE416/bad/CWE416_Use_After_Free__malloc_free_int64_t_11-bad)
==2161409== 
==2161409== 
==2161409== HEAP SUMMARY:
==2161409==     in use at exit: 0 bytes in 0 blocks
==2161409==   total heap usage: 2 allocs, 2 frees, 4,896 bytes allocated
==2161409== 
==2161409== All heap blocks were freed -- no leaks are possible
==2161409== 
==2161409== For lists of detected and suppressed errors, rerun with: -s
==2161409== ERROR SUMMARY: 1 errors from 1 contexts (suppressed: 0 from 0)
