==2161202== Memcheck, a memory error detector
==2161202== Copyright (C) 2002-2022, and GNU GPL'd, by Julian Seward et al.
==2161202== Using Valgrind-3.22.0 and LibVEX; rerun with -h for copyright info
==2161202== Command: /home/loris/Desktop/TestRepositories/Forked/juliet-test-suite-c/Automatic/results/20260707_1536/CWE416/valgrind/bin/CWE416/good/CWE416_Use_After_Free__malloc_free_int_07-good
==2161202== Parent PID: 2161201
==2161202== 
==2161202== 
==2161202== HEAP SUMMARY:
==2161202==     in use at exit: 800 bytes in 2 blocks
==2161202==   total heap usage: 5 allocs, 3 frees, 5,696 bytes allocated
==2161202== 
==2161202== LEAK SUMMARY:
==2161202==    definitely lost: 800 bytes in 2 blocks
==2161202==    indirectly lost: 0 bytes in 0 blocks
==2161202==      possibly lost: 0 bytes in 0 blocks
==2161202==    still reachable: 0 bytes in 0 blocks
==2161202==         suppressed: 0 bytes in 0 blocks
==2161202== Rerun with --leak-check=full to see details of leaked memory
==2161202== 
==2161202== For lists of detected and suppressed errors, rerun with: -s
==2161202== ERROR SUMMARY: 0 errors from 0 contexts (suppressed: 0 from 0)
