==2161146== Memcheck, a memory error detector
==2161146== Copyright (C) 2002-2022, and GNU GPL'd, by Julian Seward et al.
==2161146== Using Valgrind-3.22.0 and LibVEX; rerun with -h for copyright info
==2161146== Command: /home/loris/Desktop/TestRepositories/Forked/juliet-test-suite-c/Automatic/results/20260707_1536/CWE416/valgrind/bin/CWE416/good/CWE416_Use_After_Free__malloc_free_char_63-good
==2161146== Parent PID: 2161145
==2161146== 
==2161146== 
==2161146== HEAP SUMMARY:
==2161146==     in use at exit: 100 bytes in 1 blocks
==2161146==   total heap usage: 3 allocs, 2 frees, 4,296 bytes allocated
==2161146== 
==2161146== LEAK SUMMARY:
==2161146==    definitely lost: 100 bytes in 1 blocks
==2161146==    indirectly lost: 0 bytes in 0 blocks
==2161146==      possibly lost: 0 bytes in 0 blocks
==2161146==    still reachable: 0 bytes in 0 blocks
==2161146==         suppressed: 0 bytes in 0 blocks
==2161146== Rerun with --leak-check=full to see details of leaked memory
==2161146== 
==2161146== For lists of detected and suppressed errors, rerun with: -s
==2161146== ERROR SUMMARY: 0 errors from 0 contexts (suppressed: 0 from 0)
