==2161310== Memcheck, a memory error detector
==2161310== Copyright (C) 2002-2022, and GNU GPL'd, by Julian Seward et al.
==2161310== Using Valgrind-3.22.0 and LibVEX; rerun with -h for copyright info
==2161310== Command: /home/loris/Desktop/TestRepositories/Forked/juliet-test-suite-c/Automatic/results/20260707_1536/CWE416/valgrind/bin/CWE416/good/CWE416_Use_After_Free__return_freed_ptr_01-good
==2161310== Parent PID: 2161309
==2161310== 
==2161310== 
==2161310== HEAP SUMMARY:
==2161310==     in use at exit: 9 bytes in 1 blocks
==2161310==   total heap usage: 2 allocs, 1 frees, 4,105 bytes allocated
==2161310== 
==2161310== LEAK SUMMARY:
==2161310==    definitely lost: 9 bytes in 1 blocks
==2161310==    indirectly lost: 0 bytes in 0 blocks
==2161310==      possibly lost: 0 bytes in 0 blocks
==2161310==    still reachable: 0 bytes in 0 blocks
==2161310==         suppressed: 0 bytes in 0 blocks
==2161310== Rerun with --leak-check=full to see details of leaked memory
==2161310== 
==2161310== For lists of detected and suppressed errors, rerun with: -s
==2161310== ERROR SUMMARY: 0 errors from 0 contexts (suppressed: 0 from 0)
