==2161284== Memcheck, a memory error detector
==2161284== Copyright (C) 2002-2022, and GNU GPL'd, by Julian Seward et al.
==2161284== Using Valgrind-3.22.0 and LibVEX; rerun with -h for copyright info
==2161284== Command: /home/loris/Desktop/TestRepositories/Forked/juliet-test-suite-c/Automatic/results/20260707_1536/CWE416/valgrind/bin/CWE416/good/CWE416_Use_After_Free__malloc_free_struct_08-good
==2161284== Parent PID: 2161283
==2161284== 
==2161284== 
==2161284== HEAP SUMMARY:
==2161284==     in use at exit: 1,600 bytes in 2 blocks
==2161284==   total heap usage: 5 allocs, 3 frees, 7,296 bytes allocated
==2161284== 
==2161284== LEAK SUMMARY:
==2161284==    definitely lost: 1,600 bytes in 2 blocks
==2161284==    indirectly lost: 0 bytes in 0 blocks
==2161284==      possibly lost: 0 bytes in 0 blocks
==2161284==    still reachable: 0 bytes in 0 blocks
==2161284==         suppressed: 0 bytes in 0 blocks
==2161284== Rerun with --leak-check=full to see details of leaked memory
==2161284== 
==2161284== For lists of detected and suppressed errors, rerun with: -s
==2161284== ERROR SUMMARY: 0 errors from 0 contexts (suppressed: 0 from 0)
