==2161529== Memcheck, a memory error detector
==2161529== Copyright (C) 2002-2022, and GNU GPL'd, by Julian Seward et al.
==2161529== Using Valgrind-3.22.0 and LibVEX; rerun with -h for copyright info
==2161529== Command: /home/loris/Desktop/TestRepositories/Forked/juliet-test-suite-c/Automatic/results/20260707_1536/CWE416/valgrind/bin/CWE416/bad/CWE416_Use_After_Free__malloc_free_struct_11-bad
==2161529== Parent PID: 2161528
==2161529== 
==2161529== Invalid read of size 4
==2161529==    at 0x109692: printStructLine (in /home/loris/Desktop/TestRepositories/Forked/juliet-test-suite-c/Automatic/results/20260707_1536/CWE416/valgrind/bin/CWE416/bad/CWE416_Use_After_Free__malloc_free_struct_11-bad)
==2161529==    by 0x109398: CWE416_Use_After_Free__malloc_free_struct_11_bad (in /home/loris/Desktop/TestRepositories/Forked/juliet-test-suite-c/Automatic/results/20260707_1536/CWE416/valgrind/bin/CWE416/bad/CWE416_Use_After_Free__malloc_free_struct_11-bad)
==2161529==    by 0x1093D8: main (in /home/loris/Desktop/TestRepositories/Forked/juliet-test-suite-c/Automatic/results/20260707_1536/CWE416/valgrind/bin/CWE416/bad/CWE416_Use_After_Free__malloc_free_struct_11-bad)
==2161529==  Address 0x4a85084 is 4 bytes inside a block of size 800 free'd
==2161529==    at 0x484988F: free (in /usr/libexec/valgrind/vgpreload_memcheck-amd64-linux.so)
==2161529==    by 0x10937E: CWE416_Use_After_Free__malloc_free_struct_11_bad (in /home/loris/Desktop/TestRepositories/Forked/juliet-test-suite-c/Automatic/results/20260707_1536/CWE416/valgrind/bin/CWE416/bad/CWE416_Use_After_Free__malloc_free_struct_11-bad)
==2161529==    by 0x1093D8: main (in /home/loris/Desktop/TestRepositories/Forked/juliet-test-suite-c/Automatic/results/20260707_1536/CWE416/valgrind/bin/CWE416/bad/CWE416_Use_After_Free__malloc_free_struct_11-bad)
==2161529==  Block was alloc'd at
==2161529==    at 0x4846828: malloc (in /usr/libexec/valgrind/vgpreload_memcheck-amd64-linux.so)
==2161529==    by 0x109314: CWE416_Use_After_Free__malloc_free_struct_11_bad (in /home/loris/Desktop/TestRepositories/Forked/juliet-test-suite-c/Automatic/results/20260707_1536/CWE416/valgrind/bin/CWE416/bad/CWE416_Use_After_Free__malloc_free_struct_11-bad)
==2161529==    by 0x1093D8: main (in /home/loris/Desktop/TestRepositories/Forked/juliet-test-suite-c/Automatic/results/20260707_1536/CWE416/valgrind/bin/CWE416/bad/CWE416_Use_After_Free__malloc_free_struct_11-bad)
==2161529== 
==2161529== Invalid read of size 4
==2161529==    at 0x109699: printStructLine (in /home/loris/Desktop/TestRepositories/Forked/juliet-test-suite-c/Automatic/results/20260707_1536/CWE416/valgrind/bin/CWE416/bad/CWE416_Use_After_Free__malloc_free_struct_11-bad)
==2161529==    by 0x109398: CWE416_Use_After_Free__malloc_free_struct_11_bad (in /home/loris/Desktop/TestRepositories/Forked/juliet-test-suite-c/Automatic/results/20260707_1536/CWE416/valgrind/bin/CWE416/bad/CWE416_Use_After_Free__malloc_free_struct_11-bad)
==2161529==    by 0x1093D8: main (in /home/loris/Desktop/TestRepositories/Forked/juliet-test-suite-c/Automatic/results/20260707_1536/CWE416/valgrind/bin/CWE416/bad/CWE416_Use_After_Free__malloc_free_struct_11-bad)
==2161529==  Address 0x4a85080 is 0 bytes inside a block of size 800 free'd
==2161529==    at 0x484988F: free (in /usr/libexec/valgrind/vgpreload_memcheck-amd64-linux.so)
==2161529==    by 0x10937E: CWE416_Use_After_Free__malloc_free_struct_11_bad (in /home/loris/Desktop/TestRepositories/Forked/juliet-test-suite-c/Automatic/results/20260707_1536/CWE416/valgrind/bin/CWE416/bad/CWE416_Use_After_Free__malloc_free_struct_11-bad)
==2161529==    by 0x1093D8: main (in /home/loris/Desktop/TestRepositories/Forked/juliet-test-suite-c/Automatic/results/20260707_1536/CWE416/valgrind/bin/CWE416/bad/CWE416_Use_After_Free__malloc_free_struct_11-bad)
==2161529==  Block was alloc'd at
==2161529==    at 0x4846828: malloc (in /usr/libexec/valgrind/vgpreload_memcheck-amd64-linux.so)
==2161529==    by 0x109314: CWE416_Use_After_Free__malloc_free_struct_11_bad (in /home/loris/Desktop/TestRepositories/Forked/juliet-test-suite-c/Automatic/results/20260707_1536/CWE416/valgrind/bin/CWE416/bad/CWE416_Use_After_Free__malloc_free_struct_11-bad)
==2161529==    by 0x1093D8: main (in /home/loris/Desktop/TestRepositories/Forked/juliet-test-suite-c/Automatic/results/20260707_1536/CWE416/valgrind/bin/CWE416/bad/CWE416_Use_After_Free__malloc_free_struct_11-bad)
==2161529== 
==2161529== 
==2161529== HEAP SUMMARY:
==2161529==     in use at exit: 0 bytes in 0 blocks
==2161529==   total heap usage: 2 allocs, 2 frees, 4,896 bytes allocated
==2161529== 
==2161529== All heap blocks were freed -- no leaks are possible
==2161529== 
==2161529== For lists of detected and suppressed errors, rerun with: -s
==2161529== ERROR SUMMARY: 2 errors from 2 contexts (suppressed: 0 from 0)
