==2161471== Memcheck, a memory error detector
==2161471== Copyright (C) 2002-2022, and GNU GPL'd, by Julian Seward et al.
==2161471== Using Valgrind-3.22.0 and LibVEX; rerun with -h for copyright info
==2161471== Command: /home/loris/Desktop/TestRepositories/Forked/juliet-test-suite-c/Automatic/results/20260707_1536/CWE416/valgrind/bin/CWE416/bad/CWE416_Use_After_Free__malloc_free_long_02-bad
==2161471== Parent PID: 2161470
==2161471== 
==2161471== Invalid read of size 8
==2161471==    at 0x10935C: CWE416_Use_After_Free__malloc_free_long_02_bad (in /home/loris/Desktop/TestRepositories/Forked/juliet-test-suite-c/Automatic/results/20260707_1536/CWE416/valgrind/bin/CWE416/bad/CWE416_Use_After_Free__malloc_free_long_02-bad)
==2161471==    by 0x1093A6: main (in /home/loris/Desktop/TestRepositories/Forked/juliet-test-suite-c/Automatic/results/20260707_1536/CWE416/valgrind/bin/CWE416/bad/CWE416_Use_After_Free__malloc_free_long_02-bad)
==2161471==  Address 0x4a85080 is 0 bytes inside a block of size 800 free'd
==2161471==    at 0x484988F: free (in /usr/libexec/valgrind/vgpreload_memcheck-amd64-linux.so)
==2161471==    by 0x109357: CWE416_Use_After_Free__malloc_free_long_02_bad (in /home/loris/Desktop/TestRepositories/Forked/juliet-test-suite-c/Automatic/results/20260707_1536/CWE416/valgrind/bin/CWE416/bad/CWE416_Use_After_Free__malloc_free_long_02-bad)
==2161471==    by 0x1093A6: main (in /home/loris/Desktop/TestRepositories/Forked/juliet-test-suite-c/Automatic/results/20260707_1536/CWE416/valgrind/bin/CWE416/bad/CWE416_Use_After_Free__malloc_free_long_02-bad)
==2161471==  Block was alloc'd at
==2161471==    at 0x4846828: malloc (in /usr/libexec/valgrind/vgpreload_memcheck-amd64-linux.so)
==2161471==    by 0x109306: CWE416_Use_After_Free__malloc_free_long_02_bad (in /home/loris/Desktop/TestRepositories/Forked/juliet-test-suite-c/Automatic/results/20260707_1536/CWE416/valgrind/bin/CWE416/bad/CWE416_Use_After_Free__malloc_free_long_02-bad)
==2161471==    by 0x1093A6: main (in /home/loris/Desktop/TestRepositories/Forked/juliet-test-suite-c/Automatic/results/20260707_1536/CWE416/valgrind/bin/CWE416/bad/CWE416_Use_After_Free__malloc_free_long_02-bad)
==2161471== 
==2161471== 
==2161471== HEAP SUMMARY:
==2161471==     in use at exit: 0 bytes in 0 blocks
==2161471==   total heap usage: 2 allocs, 2 frees, 4,896 bytes allocated
==2161471== 
==2161471== All heap blocks were freed -- no leaks are possible
==2161471== 
==2161471== For lists of detected and suppressed errors, rerun with: -s
==2161471== ERROR SUMMARY: 1 errors from 1 contexts (suppressed: 0 from 0)
