==2161156== Memcheck, a memory error detector
==2161156== Copyright (C) 2002-2022, and GNU GPL'd, by Julian Seward et al.
==2161156== Using Valgrind-3.22.0 and LibVEX; rerun with -h for copyright info
==2161156== Command: /home/loris/Desktop/TestRepositories/Forked/juliet-test-suite-c/Automatic/results/20260707_1536/CWE416/valgrind/bin/CWE416/good/CWE416_Use_After_Free__malloc_free_int64_t_04-good
==2161156== Parent PID: 2161155
==2161156== 
==2161156== 
==2161156== HEAP SUMMARY:
==2161156==     in use at exit: 1,600 bytes in 2 blocks
==2161156==   total heap usage: 5 allocs, 3 frees, 7,296 bytes allocated
==2161156== 
==2161156== LEAK SUMMARY:
==2161156==    definitely lost: 1,600 bytes in 2 blocks
==2161156==    indirectly lost: 0 bytes in 0 blocks
==2161156==      possibly lost: 0 bytes in 0 blocks
==2161156==    still reachable: 0 bytes in 0 blocks
==2161156==         suppressed: 0 bytes in 0 blocks
==2161156== Rerun with --leak-check=full to see details of leaked memory
==2161156== 
==2161156== For lists of detected and suppressed errors, rerun with: -s
==2161156== ERROR SUMMARY: 0 errors from 0 contexts (suppressed: 0 from 0)
