==2161134== Memcheck, a memory error detector
==2161134== Copyright (C) 2002-2022, and GNU GPL'd, by Julian Seward et al.
==2161134== Using Valgrind-3.22.0 and LibVEX; rerun with -h for copyright info
==2161134== Command: /home/loris/Desktop/TestRepositories/Forked/juliet-test-suite-c/Automatic/results/20260707_1536/CWE416/valgrind/bin/CWE416/good/CWE416_Use_After_Free__malloc_free_char_13-good
==2161134== Parent PID: 2161133
==2161134== 
==2161134== 
==2161134== HEAP SUMMARY:
==2161134==     in use at exit: 200 bytes in 2 blocks
==2161134==   total heap usage: 5 allocs, 3 frees, 4,496 bytes allocated
==2161134== 
==2161134== LEAK SUMMARY:
==2161134==    definitely lost: 200 bytes in 2 blocks
==2161134==    indirectly lost: 0 bytes in 0 blocks
==2161134==      possibly lost: 0 bytes in 0 blocks
==2161134==    still reachable: 0 bytes in 0 blocks
==2161134==         suppressed: 0 bytes in 0 blocks
==2161134== Rerun with --leak-check=full to see details of leaked memory
==2161134== 
==2161134== For lists of detected and suppressed errors, rerun with: -s
==2161134== ERROR SUMMARY: 0 errors from 0 contexts (suppressed: 0 from 0)
