==2161210== Memcheck, a memory error detector
==2161210== Copyright (C) 2002-2022, and GNU GPL'd, by Julian Seward et al.
==2161210== Using Valgrind-3.22.0 and LibVEX; rerun with -h for copyright info
==2161210== Command: /home/loris/Desktop/TestRepositories/Forked/juliet-test-suite-c/Automatic/results/20260707_1536/CWE416/valgrind/bin/CWE416/good/CWE416_Use_After_Free__malloc_free_int_11-good
==2161210== Parent PID: 2161209
==2161210== 
==2161210== 
==2161210== HEAP SUMMARY:
==2161210==     in use at exit: 800 bytes in 2 blocks
==2161210==   total heap usage: 5 allocs, 3 frees, 5,696 bytes allocated
==2161210== 
==2161210== LEAK SUMMARY:
==2161210==    definitely lost: 800 bytes in 2 blocks
==2161210==    indirectly lost: 0 bytes in 0 blocks
==2161210==      possibly lost: 0 bytes in 0 blocks
==2161210==    still reachable: 0 bytes in 0 blocks
==2161210==         suppressed: 0 bytes in 0 blocks
==2161210== Rerun with --leak-check=full to see details of leaked memory
==2161210== 
==2161210== For lists of detected and suppressed errors, rerun with: -s
==2161210== ERROR SUMMARY: 0 errors from 0 contexts (suppressed: 0 from 0)
