==2161238== Memcheck, a memory error detector
==2161238== Copyright (C) 2002-2022, and GNU GPL'd, by Julian Seward et al.
==2161238== Using Valgrind-3.22.0 and LibVEX; rerun with -h for copyright info
==2161238== Command: /home/loris/Desktop/TestRepositories/Forked/juliet-test-suite-c/Automatic/results/20260707_1536/CWE416/valgrind/bin/CWE416/good/CWE416_Use_After_Free__malloc_free_long_05-good
==2161238== Parent PID: 2161237
==2161238== 
==2161238== 
==2161238== HEAP SUMMARY:
==2161238==     in use at exit: 1,600 bytes in 2 blocks
==2161238==   total heap usage: 5 allocs, 3 frees, 7,296 bytes allocated
==2161238== 
==2161238== LEAK SUMMARY:
==2161238==    definitely lost: 1,600 bytes in 2 blocks
==2161238==    indirectly lost: 0 bytes in 0 blocks
==2161238==      possibly lost: 0 bytes in 0 blocks
==2161238==    still reachable: 0 bytes in 0 blocks
==2161238==         suppressed: 0 bytes in 0 blocks
==2161238== Rerun with --leak-check=full to see details of leaked memory
==2161238== 
==2161238== For lists of detected and suppressed errors, rerun with: -s
==2161238== ERROR SUMMARY: 0 errors from 0 contexts (suppressed: 0 from 0)
