==2161443== Memcheck, a memory error detector
==2161443== Copyright (C) 2002-2022, and GNU GPL'd, by Julian Seward et al.
==2161443== Using Valgrind-3.22.0 and LibVEX; rerun with -h for copyright info
==2161443== Command: /home/loris/Desktop/TestRepositories/Forked/juliet-test-suite-c/Automatic/results/20260707_1536/CWE416/valgrind/bin/CWE416/bad/CWE416_Use_After_Free__malloc_free_int_08-bad
==2161443== Parent PID: 2161442
==2161443== 
==2161443== Invalid read of size 4
==2161443==    at 0x109395: CWE416_Use_After_Free__malloc_free_int_08_bad (in /home/loris/Desktop/TestRepositories/Forked/juliet-test-suite-c/Automatic/results/20260707_1536/CWE416/valgrind/bin/CWE416/bad/CWE416_Use_After_Free__malloc_free_int_08-bad)
==2161443==    by 0x1093DD: main (in /home/loris/Desktop/TestRepositories/Forked/juliet-test-suite-c/Automatic/results/20260707_1536/CWE416/valgrind/bin/CWE416/bad/CWE416_Use_After_Free__malloc_free_int_08-bad)
==2161443==  Address 0x4a85080 is 0 bytes inside a block of size 400 free'd
==2161443==    at 0x484988F: free (in /usr/libexec/valgrind/vgpreload_memcheck-amd64-linux.so)
==2161443==    by 0x109382: CWE416_Use_After_Free__malloc_free_int_08_bad (in /home/loris/Desktop/TestRepositories/Forked/juliet-test-suite-c/Automatic/results/20260707_1536/CWE416/valgrind/bin/CWE416/bad/CWE416_Use_After_Free__malloc_free_int_08-bad)
==2161443==    by 0x1093DD: main (in /home/loris/Desktop/TestRepositories/Forked/juliet-test-suite-c/Automatic/results/20260707_1536/CWE416/valgrind/bin/CWE416/bad/CWE416_Use_After_Free__malloc_free_int_08-bad)
==2161443==  Block was alloc'd at
==2161443==    at 0x4846828: malloc (in /usr/libexec/valgrind/vgpreload_memcheck-amd64-linux.so)
==2161443==    by 0x109332: CWE416_Use_After_Free__malloc_free_int_08_bad (in /home/loris/Desktop/TestRepositories/Forked/juliet-test-suite-c/Automatic/results/20260707_1536/CWE416/valgrind/bin/CWE416/bad/CWE416_Use_After_Free__malloc_free_int_08-bad)
==2161443==    by 0x1093DD: main (in /home/loris/Desktop/TestRepositories/Forked/juliet-test-suite-c/Automatic/results/20260707_1536/CWE416/valgrind/bin/CWE416/bad/CWE416_Use_After_Free__malloc_free_int_08-bad)
==2161443== 
==2161443== 
==2161443== HEAP SUMMARY:
==2161443==     in use at exit: 0 bytes in 0 blocks
==2161443==   total heap usage: 2 allocs, 2 frees, 4,496 bytes allocated
==2161443== 
==2161443== All heap blocks were freed -- no leaks are possible
==2161443== 
==2161443== For lists of detected and suppressed errors, rerun with: -s
==2161443== ERROR SUMMARY: 1 errors from 1 contexts (suppressed: 0 from 0)
