==2161457== Memcheck, a memory error detector
==2161457== Copyright (C) 2002-2022, and GNU GPL'd, by Julian Seward et al.
==2161457== Using Valgrind-3.22.0 and LibVEX; rerun with -h for copyright info
==2161457== Command: /home/loris/Desktop/TestRepositories/Forked/juliet-test-suite-c/Automatic/results/20260707_1536/CWE416/valgrind/bin/CWE416/bad/CWE416_Use_After_Free__malloc_free_int_15-bad
==2161457== Parent PID: 2161456
==2161457== 
==2161457== Invalid read of size 4
==2161457==    at 0x10935C: CWE416_Use_After_Free__malloc_free_int_15_bad (in /home/loris/Desktop/TestRepositories/Forked/juliet-test-suite-c/Automatic/results/20260707_1536/CWE416/valgrind/bin/CWE416/bad/CWE416_Use_After_Free__malloc_free_int_15-bad)
==2161457==    by 0x1093A5: main (in /home/loris/Desktop/TestRepositories/Forked/juliet-test-suite-c/Automatic/results/20260707_1536/CWE416/valgrind/bin/CWE416/bad/CWE416_Use_After_Free__malloc_free_int_15-bad)
==2161457==  Address 0x4a85080 is 0 bytes inside a block of size 400 free'd
==2161457==    at 0x484988F: free (in /usr/libexec/valgrind/vgpreload_memcheck-amd64-linux.so)
==2161457==    by 0x109356: CWE416_Use_After_Free__malloc_free_int_15_bad (in /home/loris/Desktop/TestRepositories/Forked/juliet-test-suite-c/Automatic/results/20260707_1536/CWE416/valgrind/bin/CWE416/bad/CWE416_Use_After_Free__malloc_free_int_15-bad)
==2161457==    by 0x1093A5: main (in /home/loris/Desktop/TestRepositories/Forked/juliet-test-suite-c/Automatic/results/20260707_1536/CWE416/valgrind/bin/CWE416/bad/CWE416_Use_After_Free__malloc_free_int_15-bad)
==2161457==  Block was alloc'd at
==2161457==    at 0x4846828: malloc (in /usr/libexec/valgrind/vgpreload_memcheck-amd64-linux.so)
==2161457==    by 0x109306: CWE416_Use_After_Free__malloc_free_int_15_bad (in /home/loris/Desktop/TestRepositories/Forked/juliet-test-suite-c/Automatic/results/20260707_1536/CWE416/valgrind/bin/CWE416/bad/CWE416_Use_After_Free__malloc_free_int_15-bad)
==2161457==    by 0x1093A5: main (in /home/loris/Desktop/TestRepositories/Forked/juliet-test-suite-c/Automatic/results/20260707_1536/CWE416/valgrind/bin/CWE416/bad/CWE416_Use_After_Free__malloc_free_int_15-bad)
==2161457== 
==2161457== 
==2161457== HEAP SUMMARY:
==2161457==     in use at exit: 0 bytes in 0 blocks
==2161457==   total heap usage: 2 allocs, 2 frees, 4,496 bytes allocated
==2161457== 
==2161457== All heap blocks were freed -- no leaks are possible
==2161457== 
==2161457== For lists of detected and suppressed errors, rerun with: -s
==2161457== ERROR SUMMARY: 1 errors from 1 contexts (suppressed: 0 from 0)
