==2161196== Memcheck, a memory error detector
==2161196== Copyright (C) 2002-2022, and GNU GPL'd, by Julian Seward et al.
==2161196== Using Valgrind-3.22.0 and LibVEX; rerun with -h for copyright info
==2161196== Command: /home/loris/Desktop/TestRepositories/Forked/juliet-test-suite-c/Automatic/results/20260707_1536/CWE416/valgrind/bin/CWE416/good/CWE416_Use_After_Free__malloc_free_int_04-good
==2161196== Parent PID: 2161195
==2161196== 
==2161196== 
==2161196== HEAP SUMMARY:
==2161196==     in use at exit: 800 bytes in 2 blocks
==2161196==   total heap usage: 5 allocs, 3 frees, 5,696 bytes allocated
==2161196== 
==2161196== LEAK SUMMARY:
==2161196==    definitely lost: 800 bytes in 2 blocks
==2161196==    indirectly lost: 0 bytes in 0 blocks
==2161196==      possibly lost: 0 bytes in 0 blocks
==2161196==    still reachable: 0 bytes in 0 blocks
==2161196==         suppressed: 0 bytes in 0 blocks
==2161196== Rerun with --leak-check=full to see details of leaked memory
==2161196== 
==2161196== For lists of detected and suppressed errors, rerun with: -s
==2161196== ERROR SUMMARY: 0 errors from 0 contexts (suppressed: 0 from 0)
