==2161447== Memcheck, a memory error detector
==2161447== Copyright (C) 2002-2022, and GNU GPL'd, by Julian Seward et al.
==2161447== Using Valgrind-3.22.0 and LibVEX; rerun with -h for copyright info
==2161447== Command: /home/loris/Desktop/TestRepositories/Forked/juliet-test-suite-c/Automatic/results/20260707_1536/CWE416/valgrind/bin/CWE416/bad/CWE416_Use_After_Free__malloc_free_int_10-bad
==2161447== Parent PID: 2161446
==2161447== 
==2161447== Invalid read of size 4
==2161447==    at 0x10936F: CWE416_Use_After_Free__malloc_free_int_10_bad (in /home/loris/Desktop/TestRepositories/Forked/juliet-test-suite-c/Automatic/results/20260707_1536/CWE416/valgrind/bin/CWE416/bad/CWE416_Use_After_Free__malloc_free_int_10-bad)
==2161447==    by 0x1093B7: main (in /home/loris/Desktop/TestRepositories/Forked/juliet-test-suite-c/Automatic/results/20260707_1536/CWE416/valgrind/bin/CWE416/bad/CWE416_Use_After_Free__malloc_free_int_10-bad)
==2161447==  Address 0x4a85080 is 0 bytes inside a block of size 400 free'd
==2161447==    at 0x484988F: free (in /usr/libexec/valgrind/vgpreload_memcheck-amd64-linux.so)
==2161447==    by 0x109360: CWE416_Use_After_Free__malloc_free_int_10_bad (in /home/loris/Desktop/TestRepositories/Forked/juliet-test-suite-c/Automatic/results/20260707_1536/CWE416/valgrind/bin/CWE416/bad/CWE416_Use_After_Free__malloc_free_int_10-bad)
==2161447==    by 0x1093B7: main (in /home/loris/Desktop/TestRepositories/Forked/juliet-test-suite-c/Automatic/results/20260707_1536/CWE416/valgrind/bin/CWE416/bad/CWE416_Use_After_Free__malloc_free_int_10-bad)
==2161447==  Block was alloc'd at
==2161447==    at 0x4846828: malloc (in /usr/libexec/valgrind/vgpreload_memcheck-amd64-linux.so)
==2161447==    by 0x109310: CWE416_Use_After_Free__malloc_free_int_10_bad (in /home/loris/Desktop/TestRepositories/Forked/juliet-test-suite-c/Automatic/results/20260707_1536/CWE416/valgrind/bin/CWE416/bad/CWE416_Use_After_Free__malloc_free_int_10-bad)
==2161447==    by 0x1093B7: main (in /home/loris/Desktop/TestRepositories/Forked/juliet-test-suite-c/Automatic/results/20260707_1536/CWE416/valgrind/bin/CWE416/bad/CWE416_Use_After_Free__malloc_free_int_10-bad)
==2161447== 
==2161447== 
==2161447== HEAP SUMMARY:
==2161447==     in use at exit: 0 bytes in 0 blocks
==2161447==   total heap usage: 2 allocs, 2 frees, 4,496 bytes allocated
==2161447== 
==2161447== All heap blocks were freed -- no leaks are possible
==2161447== 
==2161447== For lists of detected and suppressed errors, rerun with: -s
==2161447== ERROR SUMMARY: 1 errors from 1 contexts (suppressed: 0 from 0)
