==31985== Memcheck, a memory error detector
==31985== Copyright (C) 2002-2022, and GNU GPL'd, by Julian Seward et al.
==31985== Using Valgrind-3.22.0 and LibVEX; rerun with -h for copyright info
==31985== Command: /home/loris/Desktop/TestRepositories/Forked/juliet-test-suite-c/Automatic/results/20260703_1411/CWE401/valgrind/bin/CWE401/bad/CWE401_Memory_Leak__int_calloc_68-bad
==31985== Parent PID: 31984
==31985== 
==31985== 
==31985== HEAP SUMMARY:
==31985==     in use at exit: 400 bytes in 1 blocks
==31985==   total heap usage: 2 allocs, 1 frees, 4,496 bytes allocated
==31985== 
==31985== LEAK SUMMARY:
==31985==    definitely lost: 0 bytes in 0 blocks
==31985==    indirectly lost: 0 bytes in 0 blocks
==31985==      possibly lost: 0 bytes in 0 blocks
==31985==    still reachable: 400 bytes in 1 blocks
==31985==         suppressed: 0 bytes in 0 blocks
==31985== Rerun with --leak-check=full to see details of leaked memory
==31985== 
==31985== For lists of detected and suppressed errors, rerun with: -s
==31985== ERROR SUMMARY: 0 errors from 0 contexts (suppressed: 0 from 0)
