==32842== Memcheck, a memory error detector
==32842== Copyright (C) 2002-2022, and GNU GPL'd, by Julian Seward et al.
==32842== Using Valgrind-3.22.0 and LibVEX; rerun with -h for copyright info
==32842== Command: /home/loris/Desktop/TestRepositories/Forked/juliet-test-suite-c/Automatic/results/20260703_1411/CWE401/valgrind/bin/CWE401/bad/CWE401_Memory_Leak__twoIntsStruct_realloc_64-bad
==32842== Parent PID: 32841
==32842== 
==32842== 
==32842== HEAP SUMMARY:
==32842==     in use at exit: 800 bytes in 1 blocks
==32842==   total heap usage: 2 allocs, 1 frees, 4,896 bytes allocated
==32842== 
==32842== LEAK SUMMARY:
==32842==    definitely lost: 800 bytes in 1 blocks
==32842==    indirectly lost: 0 bytes in 0 blocks
==32842==      possibly lost: 0 bytes in 0 blocks
==32842==    still reachable: 0 bytes in 0 blocks
==32842==         suppressed: 0 bytes in 0 blocks
==32842== Rerun with --leak-check=full to see details of leaked memory
==32842== 
==32842== For lists of detected and suppressed errors, rerun with: -s
==32842== ERROR SUMMARY: 0 errors from 0 contexts (suppressed: 0 from 0)
