==32041== Memcheck, a memory error detector
==32041== Copyright (C) 2002-2022, and GNU GPL'd, by Julian Seward et al.
==32041== Using Valgrind-3.22.0 and LibVEX; rerun with -h for copyright info
==32041== Command: /home/loris/Desktop/TestRepositories/Forked/juliet-test-suite-c/Automatic/results/20260703_1411/CWE401/valgrind/bin/CWE401/bad/CWE401_Memory_Leak__int_malloc_51-bad
==32041== Parent PID: 32040
==32041== 
==32041== 
==32041== HEAP SUMMARY:
==32041==     in use at exit: 400 bytes in 1 blocks
==32041==   total heap usage: 2 allocs, 1 frees, 4,496 bytes allocated
==32041== 
==32041== LEAK SUMMARY:
==32041==    definitely lost: 400 bytes in 1 blocks
==32041==    indirectly lost: 0 bytes in 0 blocks
==32041==      possibly lost: 0 bytes in 0 blocks
==32041==    still reachable: 0 bytes in 0 blocks
==32041==         suppressed: 0 bytes in 0 blocks
==32041== Rerun with --leak-check=full to see details of leaked memory
==32041== 
==32041== For lists of detected and suppressed errors, rerun with: -s
==32041== ERROR SUMMARY: 0 errors from 0 contexts (suppressed: 0 from 0)
