==32503== Memcheck, a memory error detector
==32503== Copyright (C) 2002-2022, and GNU GPL'd, by Julian Seward et al.
==32503== Using Valgrind-3.22.0 and LibVEX; rerun with -h for copyright info
==32503== Command: /home/loris/Desktop/TestRepositories/Forked/juliet-test-suite-c/Automatic/results/20260703_1411/CWE401/valgrind/bin/CWE401/bad/CWE401_Memory_Leak__struct_twoIntsStruct_malloc_17-bad
==32503== Parent PID: 32502
==32503== 
==32503== 
==32503== HEAP SUMMARY:
==32503==     in use at exit: 800 bytes in 1 blocks
==32503==   total heap usage: 2 allocs, 1 frees, 4,896 bytes allocated
==32503== 
==32503== LEAK SUMMARY:
==32503==    definitely lost: 800 bytes in 1 blocks
==32503==    indirectly lost: 0 bytes in 0 blocks
==32503==      possibly lost: 0 bytes in 0 blocks
==32503==    still reachable: 0 bytes in 0 blocks
==32503==         suppressed: 0 bytes in 0 blocks
==32503== Rerun with --leak-check=full to see details of leaked memory
==32503== 
==32503== For lists of detected and suppressed errors, rerun with: -s
==32503== ERROR SUMMARY: 0 errors from 0 contexts (suppressed: 0 from 0)
