==31665== Memcheck, a memory error detector
==31665== Copyright (C) 2002-2022, and GNU GPL'd, by Julian Seward et al.
==31665== Using Valgrind-3.22.0 and LibVEX; rerun with -h for copyright info
==31665== Command: /home/loris/Desktop/TestRepositories/Forked/juliet-test-suite-c/Automatic/results/20260703_1411/CWE401/valgrind/bin/CWE401/bad/CWE401_Memory_Leak__char_realloc_54-bad
==31665== Parent PID: 31664
==31665== 
==31665== 
==31665== HEAP SUMMARY:
==31665==     in use at exit: 100 bytes in 1 blocks
==31665==   total heap usage: 2 allocs, 1 frees, 4,196 bytes allocated
==31665== 
==31665== LEAK SUMMARY:
==31665==    definitely lost: 100 bytes in 1 blocks
==31665==    indirectly lost: 0 bytes in 0 blocks
==31665==      possibly lost: 0 bytes in 0 blocks
==31665==    still reachable: 0 bytes in 0 blocks
==31665==         suppressed: 0 bytes in 0 blocks
==31665== Rerun with --leak-check=full to see details of leaked memory
==31665== 
==31665== For lists of detected and suppressed errors, rerun with: -s
==31665== ERROR SUMMARY: 0 errors from 0 contexts (suppressed: 0 from 0)
