==32802== Memcheck, a memory error detector
==32802== Copyright (C) 2002-2022, and GNU GPL'd, by Julian Seward et al.
==32802== Using Valgrind-3.22.0 and LibVEX; rerun with -h for copyright info
==32802== Command: /home/loris/Desktop/TestRepositories/Forked/juliet-test-suite-c/Automatic/results/20260703_1411/CWE401/valgrind/bin/CWE401/bad/CWE401_Memory_Leak__twoIntsStruct_realloc_14-bad
==32802== Parent PID: 32801
==32802== 
==32802== 
==32802== HEAP SUMMARY:
==32802==     in use at exit: 800 bytes in 1 blocks
==32802==   total heap usage: 2 allocs, 1 frees, 4,896 bytes allocated
==32802== 
==32802== LEAK SUMMARY:
==32802==    definitely lost: 800 bytes in 1 blocks
==32802==    indirectly lost: 0 bytes in 0 blocks
==32802==      possibly lost: 0 bytes in 0 blocks
==32802==    still reachable: 0 bytes in 0 blocks
==32802==         suppressed: 0 bytes in 0 blocks
==32802== Rerun with --leak-check=full to see details of leaked memory
==32802== 
==32802== For lists of detected and suppressed errors, rerun with: -s
==32802== ERROR SUMMARY: 0 errors from 0 contexts (suppressed: 0 from 0)
