==32401== Memcheck, a memory error detector
==32401== Copyright (C) 2002-2022, and GNU GPL'd, by Julian Seward et al.
==32401== Using Valgrind-3.22.0 and LibVEX; rerun with -h for copyright info
==32401== Command: /home/loris/Desktop/TestRepositories/Forked/juliet-test-suite-c/Automatic/results/20260703_1411/CWE401/valgrind/bin/CWE401/bad/CWE401_Memory_Leak__struct_twoIntsStruct_calloc_04-bad
==32401== Parent PID: 32400
==32401== 
==32401== 
==32401== HEAP SUMMARY:
==32401==     in use at exit: 800 bytes in 1 blocks
==32401==   total heap usage: 2 allocs, 1 frees, 4,896 bytes allocated
==32401== 
==32401== LEAK SUMMARY:
==32401==    definitely lost: 800 bytes in 1 blocks
==32401==    indirectly lost: 0 bytes in 0 blocks
==32401==      possibly lost: 0 bytes in 0 blocks
==32401==    still reachable: 0 bytes in 0 blocks
==32401==         suppressed: 0 bytes in 0 blocks
==32401== Rerun with --leak-check=full to see details of leaked memory
==32401== 
==32401== For lists of detected and suppressed errors, rerun with: -s
==32401== ERROR SUMMARY: 0 errors from 0 contexts (suppressed: 0 from 0)
