==31619== Memcheck, a memory error detector
==31619== Copyright (C) 2002-2022, and GNU GPL'd, by Julian Seward et al.
==31619== Using Valgrind-3.22.0 and LibVEX; rerun with -h for copyright info
==31619== Command: /home/loris/Desktop/TestRepositories/Forked/juliet-test-suite-c/Automatic/results/20260703_1411/CWE401/valgrind/bin/CWE401/bad/CWE401_Memory_Leak__char_realloc_08-bad
==31619== Parent PID: 31618
==31619== 
==31619== 
==31619== HEAP SUMMARY:
==31619==     in use at exit: 100 bytes in 1 blocks
==31619==   total heap usage: 2 allocs, 1 frees, 4,196 bytes allocated
==31619== 
==31619== LEAK SUMMARY:
==31619==    definitely lost: 100 bytes in 1 blocks
==31619==    indirectly lost: 0 bytes in 0 blocks
==31619==      possibly lost: 0 bytes in 0 blocks
==31619==    still reachable: 0 bytes in 0 blocks
==31619==         suppressed: 0 bytes in 0 blocks
==31619== Rerun with --leak-check=full to see details of leaked memory
==31619== 
==31619== For lists of detected and suppressed errors, rerun with: -s
==31619== ERROR SUMMARY: 0 errors from 0 contexts (suppressed: 0 from 0)
