==32617== Memcheck, a memory error detector
==32617== Copyright (C) 2002-2022, and GNU GPL'd, by Julian Seward et al.
==32617== Using Valgrind-3.22.0 and LibVEX; rerun with -h for copyright info
==32617== Command: /home/loris/Desktop/TestRepositories/Forked/juliet-test-suite-c/Automatic/results/20260703_1411/CWE401/valgrind/bin/CWE401/bad/CWE401_Memory_Leak__struct_twoIntsStruct_realloc_66-bad
==32617== Parent PID: 32616
==32617== 
==32617== 
==32617== HEAP SUMMARY:
==32617==     in use at exit: 800 bytes in 1 blocks
==32617==   total heap usage: 2 allocs, 1 frees, 4,896 bytes allocated
==32617== 
==32617== LEAK SUMMARY:
==32617==    definitely lost: 800 bytes in 1 blocks
==32617==    indirectly lost: 0 bytes in 0 blocks
==32617==      possibly lost: 0 bytes in 0 blocks
==32617==    still reachable: 0 bytes in 0 blocks
==32617==         suppressed: 0 bytes in 0 blocks
==32617== Rerun with --leak-check=full to see details of leaked memory
==32617== 
==32617== For lists of detected and suppressed errors, rerun with: -s
==32617== ERROR SUMMARY: 0 errors from 0 contexts (suppressed: 0 from 0)
