==31465== Memcheck, a memory error detector
==31465== Copyright (C) 2002-2022, and GNU GPL'd, by Julian Seward et al.
==31465== Using Valgrind-3.22.0 and LibVEX; rerun with -h for copyright info
==31465== Command: /home/loris/Desktop/TestRepositories/Forked/juliet-test-suite-c/Automatic/results/20260703_1411/CWE401/valgrind/bin/CWE401/bad/CWE401_Memory_Leak__char_calloc_09-bad
==31465== Parent PID: 31464
==31465== 
==31465== 
==31465== HEAP SUMMARY:
==31465==     in use at exit: 100 bytes in 1 blocks
==31465==   total heap usage: 2 allocs, 1 frees, 4,196 bytes allocated
==31465== 
==31465== LEAK SUMMARY:
==31465==    definitely lost: 100 bytes in 1 blocks
==31465==    indirectly lost: 0 bytes in 0 blocks
==31465==      possibly lost: 0 bytes in 0 blocks
==31465==    still reachable: 0 bytes in 0 blocks
==31465==         suppressed: 0 bytes in 0 blocks
==31465== Rerun with --leak-check=full to see details of leaked memory
==31465== 
==31465== For lists of detected and suppressed errors, rerun with: -s
==31465== ERROR SUMMARY: 0 errors from 0 contexts (suppressed: 0 from 0)
