==32840== Memcheck, a memory error detector
==32840== Copyright (C) 2002-2022, and GNU GPL'd, by Julian Seward et al.
==32840== Using Valgrind-3.22.0 and LibVEX; rerun with -h for copyright info
==32840== Command: /home/loris/Desktop/TestRepositories/Forked/juliet-test-suite-c/Automatic/results/20260703_1411/CWE401/valgrind/bin/CWE401/bad/CWE401_Memory_Leak__twoIntsStruct_realloc_63-bad
==32840== Parent PID: 32839
==32840== 
==32840== 
==32840== HEAP SUMMARY:
==32840==     in use at exit: 800 bytes in 1 blocks
==32840==   total heap usage: 2 allocs, 1 frees, 4,896 bytes allocated
==32840== 
==32840== LEAK SUMMARY:
==32840==    definitely lost: 800 bytes in 1 blocks
==32840==    indirectly lost: 0 bytes in 0 blocks
==32840==      possibly lost: 0 bytes in 0 blocks
==32840==    still reachable: 0 bytes in 0 blocks
==32840==         suppressed: 0 bytes in 0 blocks
==32840== Rerun with --leak-check=full to see details of leaked memory
==32840== 
==32840== For lists of detected and suppressed errors, rerun with: -s
==32840== ERROR SUMMARY: 0 errors from 0 contexts (suppressed: 0 from 0)
