==32425== Memcheck, a memory error detector
==32425== Copyright (C) 2002-2022, and GNU GPL'd, by Julian Seward et al.
==32425== Using Valgrind-3.22.0 and LibVEX; rerun with -h for copyright info
==32425== Command: /home/loris/Desktop/TestRepositories/Forked/juliet-test-suite-c/Automatic/results/20260703_1411/CWE401/valgrind/bin/CWE401/bad/CWE401_Memory_Leak__struct_twoIntsStruct_calloc_16-bad
==32425== Parent PID: 32424
==32425== 
==32425== 
==32425== HEAP SUMMARY:
==32425==     in use at exit: 800 bytes in 1 blocks
==32425==   total heap usage: 2 allocs, 1 frees, 4,896 bytes allocated
==32425== 
==32425== LEAK SUMMARY:
==32425==    definitely lost: 800 bytes in 1 blocks
==32425==    indirectly lost: 0 bytes in 0 blocks
==32425==      possibly lost: 0 bytes in 0 blocks
==32425==    still reachable: 0 bytes in 0 blocks
==32425==         suppressed: 0 bytes in 0 blocks
==32425== Rerun with --leak-check=full to see details of leaked memory
==32425== 
==32425== For lists of detected and suppressed errors, rerun with: -s
==32425== ERROR SUMMARY: 0 errors from 0 contexts (suppressed: 0 from 0)
