==32089== Memcheck, a memory error detector
==32089== Copyright (C) 2002-2022, and GNU GPL'd, by Julian Seward et al.
==32089== Using Valgrind-3.22.0 and LibVEX; rerun with -h for copyright info
==32089== Command: /home/loris/Desktop/TestRepositories/Forked/juliet-test-suite-c/Automatic/results/20260703_1411/CWE401/valgrind/bin/CWE401/bad/CWE401_Memory_Leak__int_realloc_14-bad
==32089== Parent PID: 32088
==32089== 
==32089== 
==32089== HEAP SUMMARY:
==32089==     in use at exit: 400 bytes in 1 blocks
==32089==   total heap usage: 2 allocs, 1 frees, 4,496 bytes allocated
==32089== 
==32089== LEAK SUMMARY:
==32089==    definitely lost: 400 bytes in 1 blocks
==32089==    indirectly lost: 0 bytes in 0 blocks
==32089==      possibly lost: 0 bytes in 0 blocks
==32089==    still reachable: 0 bytes in 0 blocks
==32089==         suppressed: 0 bytes in 0 blocks
==32089== Rerun with --leak-check=full to see details of leaked memory
==32089== 
==32089== For lists of detected and suppressed errors, rerun with: -s
==32089== ERROR SUMMARY: 0 errors from 0 contexts (suppressed: 0 from 0)
