==31494== Memcheck, a memory error detector
==31494== Copyright (C) 2002-2022, and GNU GPL'd, by Julian Seward et al.
==31494== Using Valgrind-3.22.0 and LibVEX; rerun with -h for copyright info
==31494== Command: /home/loris/Desktop/TestRepositories/Forked/juliet-test-suite-c/Automatic/results/20260703_1411/CWE401/valgrind/bin/CWE401/bad/CWE401_Memory_Leak__char_calloc_32-bad
==31494== Parent PID: 31493
==31494== 
==31494== 
==31494== HEAP SUMMARY:
==31494==     in use at exit: 100 bytes in 1 blocks
==31494==   total heap usage: 2 allocs, 1 frees, 4,196 bytes allocated
==31494== 
==31494== LEAK SUMMARY:
==31494==    definitely lost: 100 bytes in 1 blocks
==31494==    indirectly lost: 0 bytes in 0 blocks
==31494==      possibly lost: 0 bytes in 0 blocks
==31494==    still reachable: 0 bytes in 0 blocks
==31494==         suppressed: 0 bytes in 0 blocks
==31494== Rerun with --leak-check=full to see details of leaked memory
==31494== 
==31494== For lists of detected and suppressed errors, rerun with: -s
==31494== ERROR SUMMARY: 0 errors from 0 contexts (suppressed: 0 from 0)
