==32013== Memcheck, a memory error detector
==32013== Copyright (C) 2002-2022, and GNU GPL'd, by Julian Seward et al.
==32013== Using Valgrind-3.22.0 and LibVEX; rerun with -h for copyright info
==32013== Command: /home/loris/Desktop/TestRepositories/Forked/juliet-test-suite-c/Automatic/results/20260703_1411/CWE401/valgrind/bin/CWE401/bad/CWE401_Memory_Leak__int_malloc_14-bad
==32013== Parent PID: 32012
==32013== 
==32013== 
==32013== HEAP SUMMARY:
==32013==     in use at exit: 400 bytes in 1 blocks
==32013==   total heap usage: 2 allocs, 1 frees, 4,496 bytes allocated
==32013== 
==32013== LEAK SUMMARY:
==32013==    definitely lost: 400 bytes in 1 blocks
==32013==    indirectly lost: 0 bytes in 0 blocks
==32013==      possibly lost: 0 bytes in 0 blocks
==32013==    still reachable: 0 bytes in 0 blocks
==32013==         suppressed: 0 bytes in 0 blocks
==32013== Rerun with --leak-check=full to see details of leaked memory
==32013== 
==32013== For lists of detected and suppressed errors, rerun with: -s
==32013== ERROR SUMMARY: 0 errors from 0 contexts (suppressed: 0 from 0)
