==32670== Memcheck, a memory error detector
==32670== Copyright (C) 2002-2022, and GNU GPL'd, by Julian Seward et al.
==32670== Using Valgrind-3.22.0 and LibVEX; rerun with -h for copyright info
==32670== Command: /home/loris/Desktop/TestRepositories/Forked/juliet-test-suite-c/Automatic/results/20260703_1411/CWE401/valgrind/bin/CWE401/bad/CWE401_Memory_Leak__twoIntsStruct_calloc_41-bad
==32670== Parent PID: 32669
==32670== 
==32670== 
==32670== HEAP SUMMARY:
==32670==     in use at exit: 800 bytes in 1 blocks
==32670==   total heap usage: 2 allocs, 1 frees, 4,896 bytes allocated
==32670== 
==32670== LEAK SUMMARY:
==32670==    definitely lost: 800 bytes in 1 blocks
==32670==    indirectly lost: 0 bytes in 0 blocks
==32670==      possibly lost: 0 bytes in 0 blocks
==32670==    still reachable: 0 bytes in 0 blocks
==32670==         suppressed: 0 bytes in 0 blocks
==32670== Rerun with --leak-check=full to see details of leaked memory
==32670== 
==32670== For lists of detected and suppressed errors, rerun with: -s
==32670== ERROR SUMMARY: 0 errors from 0 contexts (suppressed: 0 from 0)
