==32381== Memcheck, a memory error detector
==32381== Copyright (C) 2002-2022, and GNU GPL'd, by Julian Seward et al.
==32381== Using Valgrind-3.22.0 and LibVEX; rerun with -h for copyright info
==32381== Command: /home/loris/Desktop/TestRepositories/Forked/juliet-test-suite-c/Automatic/results/20260703_1411/CWE401/valgrind/bin/CWE401/bad/CWE401_Memory_Leak__strdup_char_61-bad
==32381== Parent PID: 32380
==32381== 
==32381== 
==32381== HEAP SUMMARY:
==32381==     in use at exit: 9 bytes in 1 blocks
==32381==   total heap usage: 2 allocs, 1 frees, 4,105 bytes allocated
==32381== 
==32381== LEAK SUMMARY:
==32381==    definitely lost: 9 bytes in 1 blocks
==32381==    indirectly lost: 0 bytes in 0 blocks
==32381==      possibly lost: 0 bytes in 0 blocks
==32381==    still reachable: 0 bytes in 0 blocks
==32381==         suppressed: 0 bytes in 0 blocks
==32381== Rerun with --leak-check=full to see details of leaked memory
==32381== 
==32381== For lists of detected and suppressed errors, rerun with: -s
==32381== ERROR SUMMARY: 0 errors from 0 contexts (suppressed: 0 from 0)
