==32698== Memcheck, a memory error detector
==32698== Copyright (C) 2002-2022, and GNU GPL'd, by Julian Seward et al.
==32698== Using Valgrind-3.22.0 and LibVEX; rerun with -h for copyright info
==32698== Command: /home/loris/Desktop/TestRepositories/Forked/juliet-test-suite-c/Automatic/results/20260703_1411/CWE401/valgrind/bin/CWE401/bad/CWE401_Memory_Leak__twoIntsStruct_calloc_68-bad
==32698== Parent PID: 32697
==32698== 
==32698== 
==32698== HEAP SUMMARY:
==32698==     in use at exit: 800 bytes in 1 blocks
==32698==   total heap usage: 2 allocs, 1 frees, 4,896 bytes allocated
==32698== 
==32698== LEAK SUMMARY:
==32698==    definitely lost: 0 bytes in 0 blocks
==32698==    indirectly lost: 0 bytes in 0 blocks
==32698==      possibly lost: 0 bytes in 0 blocks
==32698==    still reachable: 800 bytes in 1 blocks
==32698==         suppressed: 0 bytes in 0 blocks
==32698== Rerun with --leak-check=full to see details of leaked memory
==32698== 
==32698== For lists of detected and suppressed errors, rerun with: -s
==32698== ERROR SUMMARY: 0 errors from 0 contexts (suppressed: 0 from 0)
