==31945== Memcheck, a memory error detector
==31945== Copyright (C) 2002-2022, and GNU GPL'd, by Julian Seward et al.
==31945== Using Valgrind-3.22.0 and LibVEX; rerun with -h for copyright info
==31945== Command: /home/loris/Desktop/TestRepositories/Forked/juliet-test-suite-c/Automatic/results/20260703_1411/CWE401/valgrind/bin/CWE401/bad/CWE401_Memory_Leak__int_calloc_18-bad
==31945== Parent PID: 31944
==31945== 
==31945== 
==31945== HEAP SUMMARY:
==31945==     in use at exit: 400 bytes in 1 blocks
==31945==   total heap usage: 2 allocs, 1 frees, 4,496 bytes allocated
==31945== 
==31945== LEAK SUMMARY:
==31945==    definitely lost: 400 bytes in 1 blocks
==31945==    indirectly lost: 0 bytes in 0 blocks
==31945==      possibly lost: 0 bytes in 0 blocks
==31945==    still reachable: 0 bytes in 0 blocks
==31945==         suppressed: 0 bytes in 0 blocks
==31945== Rerun with --leak-check=full to see details of leaked memory
==31945== 
==31945== For lists of detected and suppressed errors, rerun with: -s
==31945== ERROR SUMMARY: 0 errors from 0 contexts (suppressed: 0 from 0)
