==31520== Memcheck, a memory error detector
==31520== Copyright (C) 2002-2022, and GNU GPL'd, by Julian Seward et al.
==31520== Using Valgrind-3.22.0 and LibVEX; rerun with -h for copyright info
==31520== Command: /home/loris/Desktop/TestRepositories/Forked/juliet-test-suite-c/Automatic/results/20260703_1411/CWE401/valgrind/bin/CWE401/bad/CWE401_Memory_Leak__char_calloc_65-bad
==31520== Parent PID: 31519
==31520== 
==31520== 
==31520== HEAP SUMMARY:
==31520==     in use at exit: 100 bytes in 1 blocks
==31520==   total heap usage: 2 allocs, 1 frees, 4,196 bytes allocated
==31520== 
==31520== LEAK SUMMARY:
==31520==    definitely lost: 100 bytes in 1 blocks
==31520==    indirectly lost: 0 bytes in 0 blocks
==31520==      possibly lost: 0 bytes in 0 blocks
==31520==    still reachable: 0 bytes in 0 blocks
==31520==         suppressed: 0 bytes in 0 blocks
==31520== Rerun with --leak-check=full to see details of leaked memory
==31520== 
==31520== For lists of detected and suppressed errors, rerun with: -s
==31520== ERROR SUMMARY: 0 errors from 0 contexts (suppressed: 0 from 0)
