==31557== Memcheck, a memory error detector
==31557== Copyright (C) 2002-2022, and GNU GPL'd, by Julian Seward et al.
==31557== Using Valgrind-3.22.0 and LibVEX; rerun with -h for copyright info
==31557== Command: /home/loris/Desktop/TestRepositories/Forked/juliet-test-suite-c/Automatic/results/20260703_1411/CWE401/valgrind/bin/CWE401/bad/CWE401_Memory_Leak__char_malloc_15-bad
==31557== Parent PID: 31556
==31557== 
==31557== 
==31557== HEAP SUMMARY:
==31557==     in use at exit: 100 bytes in 1 blocks
==31557==   total heap usage: 2 allocs, 1 frees, 4,196 bytes allocated
==31557== 
==31557== LEAK SUMMARY:
==31557==    definitely lost: 100 bytes in 1 blocks
==31557==    indirectly lost: 0 bytes in 0 blocks
==31557==      possibly lost: 0 bytes in 0 blocks
==31557==    still reachable: 0 bytes in 0 blocks
==31557==         suppressed: 0 bytes in 0 blocks
==31557== Rerun with --leak-check=full to see details of leaked memory
==31557== 
==31557== For lists of detected and suppressed errors, rerun with: -s
==31557== ERROR SUMMARY: 0 errors from 0 contexts (suppressed: 0 from 0)
