==31508== Memcheck, a memory error detector
==31508== Copyright (C) 2002-2022, and GNU GPL'd, by Julian Seward et al.
==31508== Using Valgrind-3.22.0 and LibVEX; rerun with -h for copyright info
==31508== Command: /home/loris/Desktop/TestRepositories/Forked/juliet-test-suite-c/Automatic/results/20260703_1411/CWE401/valgrind/bin/CWE401/bad/CWE401_Memory_Leak__char_calloc_52-bad
==31508== Parent PID: 31507
==31508== 
==31508== 
==31508== HEAP SUMMARY:
==31508==     in use at exit: 100 bytes in 1 blocks
==31508==   total heap usage: 2 allocs, 1 frees, 4,196 bytes allocated
==31508== 
==31508== LEAK SUMMARY:
==31508==    definitely lost: 100 bytes in 1 blocks
==31508==    indirectly lost: 0 bytes in 0 blocks
==31508==      possibly lost: 0 bytes in 0 blocks
==31508==    still reachable: 0 bytes in 0 blocks
==31508==         suppressed: 0 bytes in 0 blocks
==31508== Rerun with --leak-check=full to see details of leaked memory
==31508== 
==31508== For lists of detected and suppressed errors, rerun with: -s
==31508== ERROR SUMMARY: 0 errors from 0 contexts (suppressed: 0 from 0)
