==31767== Memcheck, a memory error detector
==31767== Copyright (C) 2002-2022, and GNU GPL'd, by Julian Seward et al.
==31767== Using Valgrind-3.22.0 and LibVEX; rerun with -h for copyright info
==31767== Command: /home/loris/Desktop/TestRepositories/Forked/juliet-test-suite-c/Automatic/results/20260703_1411/CWE401/valgrind/bin/CWE401/bad/CWE401_Memory_Leak__int64_t_malloc_06-bad
==31767== Parent PID: 31766
==31767== 
==31767== 
==31767== HEAP SUMMARY:
==31767==     in use at exit: 800 bytes in 1 blocks
==31767==   total heap usage: 2 allocs, 1 frees, 4,896 bytes allocated
==31767== 
==31767== LEAK SUMMARY:
==31767==    definitely lost: 800 bytes in 1 blocks
==31767==    indirectly lost: 0 bytes in 0 blocks
==31767==      possibly lost: 0 bytes in 0 blocks
==31767==    still reachable: 0 bytes in 0 blocks
==31767==         suppressed: 0 bytes in 0 blocks
==31767== Rerun with --leak-check=full to see details of leaked memory
==31767== 
==31767== For lists of detected and suppressed errors, rerun with: -s
==31767== ERROR SUMMARY: 0 errors from 0 contexts (suppressed: 0 from 0)
