==32836== Memcheck, a memory error detector
==32836== Copyright (C) 2002-2022, and GNU GPL'd, by Julian Seward et al.
==32836== Using Valgrind-3.22.0 and LibVEX; rerun with -h for copyright info
==32836== Command: /home/loris/Desktop/TestRepositories/Forked/juliet-test-suite-c/Automatic/results/20260703_1411/CWE401/valgrind/bin/CWE401/bad/CWE401_Memory_Leak__twoIntsStruct_realloc_54-bad
==32836== Parent PID: 32835
==32836== 
==32836== 
==32836== HEAP SUMMARY:
==32836==     in use at exit: 800 bytes in 1 blocks
==32836==   total heap usage: 2 allocs, 1 frees, 4,896 bytes allocated
==32836== 
==32836== LEAK SUMMARY:
==32836==    definitely lost: 800 bytes in 1 blocks
==32836==    indirectly lost: 0 bytes in 0 blocks
==32836==      possibly lost: 0 bytes in 0 blocks
==32836==    still reachable: 0 bytes in 0 blocks
==32836==         suppressed: 0 bytes in 0 blocks
==32836== Rerun with --leak-check=full to see details of leaked memory
==32836== 
==32836== For lists of detected and suppressed errors, rerun with: -s
==32836== ERROR SUMMARY: 0 errors from 0 contexts (suppressed: 0 from 0)
