==32051== Memcheck, a memory error detector
==32051== Copyright (C) 2002-2022, and GNU GPL'd, by Julian Seward et al.
==32051== Using Valgrind-3.22.0 and LibVEX; rerun with -h for copyright info
==32051== Command: /home/loris/Desktop/TestRepositories/Forked/juliet-test-suite-c/Automatic/results/20260703_1411/CWE401/valgrind/bin/CWE401/bad/CWE401_Memory_Leak__int_malloc_63-bad
==32051== Parent PID: 32050
==32051== 
==32051== 
==32051== HEAP SUMMARY:
==32051==     in use at exit: 400 bytes in 1 blocks
==32051==   total heap usage: 2 allocs, 1 frees, 4,496 bytes allocated
==32051== 
==32051== LEAK SUMMARY:
==32051==    definitely lost: 400 bytes in 1 blocks
==32051==    indirectly lost: 0 bytes in 0 blocks
==32051==      possibly lost: 0 bytes in 0 blocks
==32051==    still reachable: 0 bytes in 0 blocks
==32051==         suppressed: 0 bytes in 0 blocks
==32051== Rerun with --leak-check=full to see details of leaked memory
==32051== 
==32051== For lists of detected and suppressed errors, rerun with: -s
==32051== ERROR SUMMARY: 0 errors from 0 contexts (suppressed: 0 from 0)
