==32533== Memcheck, a memory error detector
==32533== Copyright (C) 2002-2022, and GNU GPL'd, by Julian Seward et al.
==32533== Using Valgrind-3.22.0 and LibVEX; rerun with -h for copyright info
==32533== Command: /home/loris/Desktop/TestRepositories/Forked/juliet-test-suite-c/Automatic/results/20260703_1411/CWE401/valgrind/bin/CWE401/bad/CWE401_Memory_Leak__struct_twoIntsStruct_malloc_61-bad
==32533== Parent PID: 32532
==32533== 
==32533== 
==32533== HEAP SUMMARY:
==32533==     in use at exit: 800 bytes in 1 blocks
==32533==   total heap usage: 2 allocs, 1 frees, 4,896 bytes allocated
==32533== 
==32533== LEAK SUMMARY:
==32533==    definitely lost: 800 bytes in 1 blocks
==32533==    indirectly lost: 0 bytes in 0 blocks
==32533==      possibly lost: 0 bytes in 0 blocks
==32533==    still reachable: 0 bytes in 0 blocks
==32533==         suppressed: 0 bytes in 0 blocks
==32533== Rerun with --leak-check=full to see details of leaked memory
==32533== 
==32533== For lists of detected and suppressed errors, rerun with: -s
==32533== ERROR SUMMARY: 0 errors from 0 contexts (suppressed: 0 from 0)
