==31496== Memcheck, a memory error detector
==31496== Copyright (C) 2002-2022, and GNU GPL'd, by Julian Seward et al.
==31496== Using Valgrind-3.22.0 and LibVEX; rerun with -h for copyright info
==31496== Command: /home/loris/Desktop/TestRepositories/Forked/juliet-test-suite-c/Automatic/results/20260703_1411/CWE401/valgrind/bin/CWE401/bad/CWE401_Memory_Leak__char_calloc_34-bad
==31496== Parent PID: 31495
==31496== 
==31496== 
==31496== HEAP SUMMARY:
==31496==     in use at exit: 100 bytes in 1 blocks
==31496==   total heap usage: 2 allocs, 1 frees, 4,196 bytes allocated
==31496== 
==31496== LEAK SUMMARY:
==31496==    definitely lost: 100 bytes in 1 blocks
==31496==    indirectly lost: 0 bytes in 0 blocks
==31496==      possibly lost: 0 bytes in 0 blocks
==31496==    still reachable: 0 bytes in 0 blocks
==31496==         suppressed: 0 bytes in 0 blocks
==31496== Rerun with --leak-check=full to see details of leaked memory
==31496== 
==31496== For lists of detected and suppressed errors, rerun with: -s
==31496== ERROR SUMMARY: 0 errors from 0 contexts (suppressed: 0 from 0)
