==32067== Memcheck, a memory error detector
==32067== Copyright (C) 2002-2022, and GNU GPL'd, by Julian Seward et al.
==32067== Using Valgrind-3.22.0 and LibVEX; rerun with -h for copyright info
==32067== Command: /home/loris/Desktop/TestRepositories/Forked/juliet-test-suite-c/Automatic/results/20260703_1411/CWE401/valgrind/bin/CWE401/bad/CWE401_Memory_Leak__int_realloc_03-bad
==32067== Parent PID: 32066
==32067== 
==32067== 
==32067== HEAP SUMMARY:
==32067==     in use at exit: 400 bytes in 1 blocks
==32067==   total heap usage: 2 allocs, 1 frees, 4,496 bytes allocated
==32067== 
==32067== LEAK SUMMARY:
==32067==    definitely lost: 400 bytes in 1 blocks
==32067==    indirectly lost: 0 bytes in 0 blocks
==32067==      possibly lost: 0 bytes in 0 blocks
==32067==    still reachable: 0 bytes in 0 blocks
==32067==         suppressed: 0 bytes in 0 blocks
==32067== Rerun with --leak-check=full to see details of leaked memory
==32067== 
==32067== For lists of detected and suppressed errors, rerun with: -s
==32067== ERROR SUMMARY: 0 errors from 0 contexts (suppressed: 0 from 0)
