==32521== Memcheck, a memory error detector
==32521== Copyright (C) 2002-2022, and GNU GPL'd, by Julian Seward et al.
==32521== Using Valgrind-3.22.0 and LibVEX; rerun with -h for copyright info
==32521== Command: /home/loris/Desktop/TestRepositories/Forked/juliet-test-suite-c/Automatic/results/20260703_1411/CWE401/valgrind/bin/CWE401/bad/CWE401_Memory_Leak__struct_twoIntsStruct_malloc_44-bad
==32521== Parent PID: 32520
==32521== 
==32521== 
==32521== HEAP SUMMARY:
==32521==     in use at exit: 800 bytes in 1 blocks
==32521==   total heap usage: 2 allocs, 1 frees, 4,896 bytes allocated
==32521== 
==32521== LEAK SUMMARY:
==32521==    definitely lost: 800 bytes in 1 blocks
==32521==    indirectly lost: 0 bytes in 0 blocks
==32521==      possibly lost: 0 bytes in 0 blocks
==32521==    still reachable: 0 bytes in 0 blocks
==32521==         suppressed: 0 bytes in 0 blocks
==32521== Rerun with --leak-check=full to see details of leaked memory
==32521== 
==32521== For lists of detected and suppressed errors, rerun with: -s
==32521== ERROR SUMMARY: 0 errors from 0 contexts (suppressed: 0 from 0)
