==31579== Memcheck, a memory error detector
==31579== Copyright (C) 2002-2022, and GNU GPL'd, by Julian Seward et al.
==31579== Using Valgrind-3.22.0 and LibVEX; rerun with -h for copyright info
==31579== Command: /home/loris/Desktop/TestRepositories/Forked/juliet-test-suite-c/Automatic/results/20260703_1411/CWE401/valgrind/bin/CWE401/bad/CWE401_Memory_Leak__char_malloc_44-bad
==31579== Parent PID: 31578
==31579== 
==31579== 
==31579== HEAP SUMMARY:
==31579==     in use at exit: 100 bytes in 1 blocks
==31579==   total heap usage: 2 allocs, 1 frees, 4,196 bytes allocated
==31579== 
==31579== LEAK SUMMARY:
==31579==    definitely lost: 100 bytes in 1 blocks
==31579==    indirectly lost: 0 bytes in 0 blocks
==31579==      possibly lost: 0 bytes in 0 blocks
==31579==    still reachable: 0 bytes in 0 blocks
==31579==         suppressed: 0 bytes in 0 blocks
==31579== Rerun with --leak-check=full to see details of leaked memory
==31579== 
==31579== For lists of detected and suppressed errors, rerun with: -s
==31579== ERROR SUMMARY: 0 errors from 0 contexts (suppressed: 0 from 0)
