==32335== Memcheck, a memory error detector
==32335== Copyright (C) 2002-2022, and GNU GPL'd, by Julian Seward et al.
==32335== Using Valgrind-3.22.0 and LibVEX; rerun with -h for copyright info
==32335== Command: /home/loris/Desktop/TestRepositories/Forked/juliet-test-suite-c/Automatic/results/20260703_1411/CWE401/valgrind/bin/CWE401/bad/CWE401_Memory_Leak__strdup_char_09-bad
==32335== Parent PID: 32334
==32335== 
==32335== 
==32335== HEAP SUMMARY:
==32335==     in use at exit: 9 bytes in 1 blocks
==32335==   total heap usage: 2 allocs, 1 frees, 4,105 bytes allocated
==32335== 
==32335== LEAK SUMMARY:
==32335==    definitely lost: 9 bytes in 1 blocks
==32335==    indirectly lost: 0 bytes in 0 blocks
==32335==      possibly lost: 0 bytes in 0 blocks
==32335==    still reachable: 0 bytes in 0 blocks
==32335==         suppressed: 0 bytes in 0 blocks
==32335== Rerun with --leak-check=full to see details of leaked memory
==32335== 
==32335== For lists of detected and suppressed errors, rerun with: -s
==32335== ERROR SUMMARY: 0 errors from 0 contexts (suppressed: 0 from 0)
