==31959== Memcheck, a memory error detector
==31959== Copyright (C) 2002-2022, and GNU GPL'd, by Julian Seward et al.
==31959== Using Valgrind-3.22.0 and LibVEX; rerun with -h for copyright info
==31959== Command: /home/loris/Desktop/TestRepositories/Forked/juliet-test-suite-c/Automatic/results/20260703_1411/CWE401/valgrind/bin/CWE401/bad/CWE401_Memory_Leak__int_calloc_42-bad
==31959== Parent PID: 31958
==31959== 
==31959== 
==31959== HEAP SUMMARY:
==31959==     in use at exit: 400 bytes in 1 blocks
==31959==   total heap usage: 2 allocs, 1 frees, 4,496 bytes allocated
==31959== 
==31959== LEAK SUMMARY:
==31959==    definitely lost: 400 bytes in 1 blocks
==31959==    indirectly lost: 0 bytes in 0 blocks
==31959==      possibly lost: 0 bytes in 0 blocks
==31959==    still reachable: 0 bytes in 0 blocks
==31959==         suppressed: 0 bytes in 0 blocks
==31959== Rerun with --leak-check=full to see details of leaked memory
==31959== 
==31959== For lists of detected and suppressed errors, rerun with: -s
==31959== ERROR SUMMARY: 0 errors from 0 contexts (suppressed: 0 from 0)
