==32337== Memcheck, a memory error detector
==32337== Copyright (C) 2002-2022, and GNU GPL'd, by Julian Seward et al.
==32337== Using Valgrind-3.22.0 and LibVEX; rerun with -h for copyright info
==32337== Command: /home/loris/Desktop/TestRepositories/Forked/juliet-test-suite-c/Automatic/results/20260703_1411/CWE401/valgrind/bin/CWE401/bad/CWE401_Memory_Leak__strdup_char_10-bad
==32337== Parent PID: 32336
==32337== 
==32337== 
==32337== HEAP SUMMARY:
==32337==     in use at exit: 9 bytes in 1 blocks
==32337==   total heap usage: 2 allocs, 1 frees, 4,105 bytes allocated
==32337== 
==32337== LEAK SUMMARY:
==32337==    definitely lost: 9 bytes in 1 blocks
==32337==    indirectly lost: 0 bytes in 0 blocks
==32337==      possibly lost: 0 bytes in 0 blocks
==32337==    still reachable: 0 bytes in 0 blocks
==32337==         suppressed: 0 bytes in 0 blocks
==32337== Rerun with --leak-check=full to see details of leaked memory
==32337== 
==32337== For lists of detected and suppressed errors, rerun with: -s
==32337== ERROR SUMMARY: 0 errors from 0 contexts (suppressed: 0 from 0)
