==31833== Memcheck, a memory error detector
==31833== Copyright (C) 2002-2022, and GNU GPL'd, by Julian Seward et al.
==31833== Using Valgrind-3.22.0 and LibVEX; rerun with -h for copyright info
==31833== Command: /home/loris/Desktop/TestRepositories/Forked/juliet-test-suite-c/Automatic/results/20260703_1411/CWE401/valgrind/bin/CWE401/bad/CWE401_Memory_Leak__int64_t_realloc_01-bad
==31833== Parent PID: 31832
==31833== 
==31833== 
==31833== HEAP SUMMARY:
==31833==     in use at exit: 800 bytes in 1 blocks
==31833==   total heap usage: 2 allocs, 1 frees, 4,896 bytes allocated
==31833== 
==31833== LEAK SUMMARY:
==31833==    definitely lost: 800 bytes in 1 blocks
==31833==    indirectly lost: 0 bytes in 0 blocks
==31833==      possibly lost: 0 bytes in 0 blocks
==31833==    still reachable: 0 bytes in 0 blocks
==31833==         suppressed: 0 bytes in 0 blocks
==31833== Rerun with --leak-check=full to see details of leaked memory
==31833== 
==31833== For lists of detected and suppressed errors, rerun with: -s
==31833== ERROR SUMMARY: 0 errors from 0 contexts (suppressed: 0 from 0)
