==32652== Memcheck, a memory error detector
==32652== Copyright (C) 2002-2022, and GNU GPL'd, by Julian Seward et al.
==32652== Using Valgrind-3.22.0 and LibVEX; rerun with -h for copyright info
==32652== Command: /home/loris/Desktop/TestRepositories/Forked/juliet-test-suite-c/Automatic/results/20260703_1411/CWE401/valgrind/bin/CWE401/bad/CWE401_Memory_Leak__twoIntsStruct_calloc_15-bad
==32652== Parent PID: 32651
==32652== 
==32652== 
==32652== HEAP SUMMARY:
==32652==     in use at exit: 800 bytes in 1 blocks
==32652==   total heap usage: 2 allocs, 1 frees, 4,896 bytes allocated
==32652== 
==32652== LEAK SUMMARY:
==32652==    definitely lost: 800 bytes in 1 blocks
==32652==    indirectly lost: 0 bytes in 0 blocks
==32652==      possibly lost: 0 bytes in 0 blocks
==32652==    still reachable: 0 bytes in 0 blocks
==32652==         suppressed: 0 bytes in 0 blocks
==32652== Rerun with --leak-check=full to see details of leaked memory
==32652== 
==32652== For lists of detected and suppressed errors, rerun with: -s
==32652== ERROR SUMMARY: 0 errors from 0 contexts (suppressed: 0 from 0)
