==32375== Memcheck, a memory error detector
==32375== Copyright (C) 2002-2022, and GNU GPL'd, by Julian Seward et al.
==32375== Using Valgrind-3.22.0 and LibVEX; rerun with -h for copyright info
==32375== Command: /home/loris/Desktop/TestRepositories/Forked/juliet-test-suite-c/Automatic/results/20260703_1411/CWE401/valgrind/bin/CWE401/bad/CWE401_Memory_Leak__strdup_char_52-bad
==32375== Parent PID: 32374
==32375== 
==32375== 
==32375== HEAP SUMMARY:
==32375==     in use at exit: 9 bytes in 1 blocks
==32375==   total heap usage: 2 allocs, 1 frees, 4,105 bytes allocated
==32375== 
==32375== LEAK SUMMARY:
==32375==    definitely lost: 9 bytes in 1 blocks
==32375==    indirectly lost: 0 bytes in 0 blocks
==32375==      possibly lost: 0 bytes in 0 blocks
==32375==    still reachable: 0 bytes in 0 blocks
==32375==         suppressed: 0 bytes in 0 blocks
==32375== Rerun with --leak-check=full to see details of leaked memory
==32375== 
==32375== For lists of detected and suppressed errors, rerun with: -s
==32375== ERROR SUMMARY: 0 errors from 0 contexts (suppressed: 0 from 0)
