==31641== Memcheck, a memory error detector
==31641== Copyright (C) 2002-2022, and GNU GPL'd, by Julian Seward et al.
==31641== Using Valgrind-3.22.0 and LibVEX; rerun with -h for copyright info
==31641== Command: /home/loris/Desktop/TestRepositories/Forked/juliet-test-suite-c/Automatic/results/20260703_1411/CWE401/valgrind/bin/CWE401/bad/CWE401_Memory_Leak__char_realloc_21-bad
==31641== Parent PID: 31640
==31641== 
==31641== 
==31641== HEAP SUMMARY:
==31641==     in use at exit: 100 bytes in 1 blocks
==31641==   total heap usage: 2 allocs, 1 frees, 4,196 bytes allocated
==31641== 
==31641== LEAK SUMMARY:
==31641==    definitely lost: 100 bytes in 1 blocks
==31641==    indirectly lost: 0 bytes in 0 blocks
==31641==      possibly lost: 0 bytes in 0 blocks
==31641==    still reachable: 0 bytes in 0 blocks
==31641==         suppressed: 0 bytes in 0 blocks
==31641== Rerun with --leak-check=full to see details of leaked memory
==31641== 
==31641== For lists of detected and suppressed errors, rerun with: -s
==31641== ERROR SUMMARY: 0 errors from 0 contexts (suppressed: 0 from 0)
