==31867== Memcheck, a memory error detector
==31867== Copyright (C) 2002-2022, and GNU GPL'd, by Julian Seward et al.
==31867== Using Valgrind-3.22.0 and LibVEX; rerun with -h for copyright info
==31867== Command: /home/loris/Desktop/TestRepositories/Forked/juliet-test-suite-c/Automatic/results/20260703_1411/CWE401/valgrind/bin/CWE401/bad/CWE401_Memory_Leak__int64_t_realloc_18-bad
==31867== Parent PID: 31866
==31867== 
==31867== 
==31867== HEAP SUMMARY:
==31867==     in use at exit: 800 bytes in 1 blocks
==31867==   total heap usage: 2 allocs, 1 frees, 4,896 bytes allocated
==31867== 
==31867== LEAK SUMMARY:
==31867==    definitely lost: 800 bytes in 1 blocks
==31867==    indirectly lost: 0 bytes in 0 blocks
==31867==      possibly lost: 0 bytes in 0 blocks
==31867==    still reachable: 0 bytes in 0 blocks
==31867==         suppressed: 0 bytes in 0 blocks
==31867== Rerun with --leak-check=full to see details of leaked memory
==31867== 
==31867== For lists of detected and suppressed errors, rerun with: -s
==31867== ERROR SUMMARY: 0 errors from 0 contexts (suppressed: 0 from 0)
