==32545== Memcheck, a memory error detector
==32545== Copyright (C) 2002-2022, and GNU GPL'd, by Julian Seward et al.
==32545== Using Valgrind-3.22.0 and LibVEX; rerun with -h for copyright info
==32545== Command: /home/loris/Desktop/TestRepositories/Forked/juliet-test-suite-c/Automatic/results/20260703_1411/CWE401/valgrind/bin/CWE401/bad/CWE401_Memory_Leak__struct_twoIntsStruct_malloc_68-bad
==32545== Parent PID: 32544
==32545== 
==32545== 
==32545== HEAP SUMMARY:
==32545==     in use at exit: 800 bytes in 1 blocks
==32545==   total heap usage: 2 allocs, 1 frees, 4,896 bytes allocated
==32545== 
==32545== LEAK SUMMARY:
==32545==    definitely lost: 0 bytes in 0 blocks
==32545==    indirectly lost: 0 bytes in 0 blocks
==32545==      possibly lost: 0 bytes in 0 blocks
==32545==    still reachable: 800 bytes in 1 blocks
==32545==         suppressed: 0 bytes in 0 blocks
==32545== Rerun with --leak-check=full to see details of leaked memory
==32545== 
==32545== For lists of detected and suppressed errors, rerun with: -s
==32545== ERROR SUMMARY: 0 errors from 0 contexts (suppressed: 0 from 0)
