==32339== Memcheck, a memory error detector
==32339== Copyright (C) 2002-2022, and GNU GPL'd, by Julian Seward et al.
==32339== Using Valgrind-3.22.0 and LibVEX; rerun with -h for copyright info
==32339== Command: /home/loris/Desktop/TestRepositories/Forked/juliet-test-suite-c/Automatic/results/20260703_1411/CWE401/valgrind/bin/CWE401/bad/CWE401_Memory_Leak__strdup_char_11-bad
==32339== Parent PID: 32338
==32339== 
==32339== 
==32339== HEAP SUMMARY:
==32339==     in use at exit: 9 bytes in 1 blocks
==32339==   total heap usage: 2 allocs, 1 frees, 4,105 bytes allocated
==32339== 
==32339== LEAK SUMMARY:
==32339==    definitely lost: 9 bytes in 1 blocks
==32339==    indirectly lost: 0 bytes in 0 blocks
==32339==      possibly lost: 0 bytes in 0 blocks
==32339==    still reachable: 0 bytes in 0 blocks
==32339==         suppressed: 0 bytes in 0 blocks
==32339== Rerun with --leak-check=full to see details of leaked memory
==32339== 
==32339== For lists of detected and suppressed errors, rerun with: -s
==32339== ERROR SUMMARY: 0 errors from 0 contexts (suppressed: 0 from 0)
