==32792== Memcheck, a memory error detector
==32792== Copyright (C) 2002-2022, and GNU GPL'd, by Julian Seward et al.
==32792== Using Valgrind-3.22.0 and LibVEX; rerun with -h for copyright info
==32792== Command: /home/loris/Desktop/TestRepositories/Forked/juliet-test-suite-c/Automatic/results/20260703_1411/CWE401/valgrind/bin/CWE401/bad/CWE401_Memory_Leak__twoIntsStruct_realloc_09-bad
==32792== Parent PID: 32791
==32792== 
==32792== 
==32792== HEAP SUMMARY:
==32792==     in use at exit: 800 bytes in 1 blocks
==32792==   total heap usage: 2 allocs, 1 frees, 4,896 bytes allocated
==32792== 
==32792== LEAK SUMMARY:
==32792==    definitely lost: 800 bytes in 1 blocks
==32792==    indirectly lost: 0 bytes in 0 blocks
==32792==      possibly lost: 0 bytes in 0 blocks
==32792==    still reachable: 0 bytes in 0 blocks
==32792==         suppressed: 0 bytes in 0 blocks
==32792== Rerun with --leak-check=full to see details of leaked memory
==32792== 
==32792== For lists of detected and suppressed errors, rerun with: -s
==32792== ERROR SUMMARY: 0 errors from 0 contexts (suppressed: 0 from 0)
