==31993== Memcheck, a memory error detector
==31993== Copyright (C) 2002-2022, and GNU GPL'd, by Julian Seward et al.
==31993== Using Valgrind-3.22.0 and LibVEX; rerun with -h for copyright info
==31993== Command: /home/loris/Desktop/TestRepositories/Forked/juliet-test-suite-c/Automatic/results/20260703_1411/CWE401/valgrind/bin/CWE401/bad/CWE401_Memory_Leak__int_malloc_04-bad
==31993== Parent PID: 31992
==31993== 
==31993== 
==31993== HEAP SUMMARY:
==31993==     in use at exit: 400 bytes in 1 blocks
==31993==   total heap usage: 2 allocs, 1 frees, 4,496 bytes allocated
==31993== 
==31993== LEAK SUMMARY:
==31993==    definitely lost: 400 bytes in 1 blocks
==31993==    indirectly lost: 0 bytes in 0 blocks
==31993==      possibly lost: 0 bytes in 0 blocks
==31993==    still reachable: 0 bytes in 0 blocks
==31993==         suppressed: 0 bytes in 0 blocks
==31993== Rerun with --leak-check=full to see details of leaked memory
==31993== 
==31993== For lists of detected and suppressed errors, rerun with: -s
==31993== ERROR SUMMARY: 0 errors from 0 contexts (suppressed: 0 from 0)
