==32369== Memcheck, a memory error detector
==32369== Copyright (C) 2002-2022, and GNU GPL'd, by Julian Seward et al.
==32369== Using Valgrind-3.22.0 and LibVEX; rerun with -h for copyright info
==32369== Command: /home/loris/Desktop/TestRepositories/Forked/juliet-test-suite-c/Automatic/results/20260703_1411/CWE401/valgrind/bin/CWE401/bad/CWE401_Memory_Leak__strdup_char_44-bad
==32369== Parent PID: 32368
==32369== 
==32369== 
==32369== HEAP SUMMARY:
==32369==     in use at exit: 9 bytes in 1 blocks
==32369==   total heap usage: 2 allocs, 1 frees, 4,105 bytes allocated
==32369== 
==32369== LEAK SUMMARY:
==32369==    definitely lost: 9 bytes in 1 blocks
==32369==    indirectly lost: 0 bytes in 0 blocks
==32369==      possibly lost: 0 bytes in 0 blocks
==32369==    still reachable: 0 bytes in 0 blocks
==32369==         suppressed: 0 bytes in 0 blocks
==32369== Rerun with --leak-check=full to see details of leaked memory
==32369== 
==32369== For lists of detected and suppressed errors, rerun with: -s
==32369== ERROR SUMMARY: 0 errors from 0 contexts (suppressed: 0 from 0)
