==31889== Memcheck, a memory error detector
==31889== Copyright (C) 2002-2022, and GNU GPL'd, by Julian Seward et al.
==31889== Using Valgrind-3.22.0 and LibVEX; rerun with -h for copyright info
==31889== Command: /home/loris/Desktop/TestRepositories/Forked/juliet-test-suite-c/Automatic/results/20260703_1411/CWE401/valgrind/bin/CWE401/bad/CWE401_Memory_Leak__int64_t_realloc_52-bad
==31889== Parent PID: 31888
==31889== 
==31889== 
==31889== HEAP SUMMARY:
==31889==     in use at exit: 800 bytes in 1 blocks
==31889==   total heap usage: 2 allocs, 1 frees, 4,896 bytes allocated
==31889== 
==31889== LEAK SUMMARY:
==31889==    definitely lost: 800 bytes in 1 blocks
==31889==    indirectly lost: 0 bytes in 0 blocks
==31889==      possibly lost: 0 bytes in 0 blocks
==31889==    still reachable: 0 bytes in 0 blocks
==31889==         suppressed: 0 bytes in 0 blocks
==31889== Rerun with --leak-check=full to see details of leaked memory
==31889== 
==31889== For lists of detected and suppressed errors, rerun with: -s
==31889== ERROR SUMMARY: 0 errors from 0 contexts (suppressed: 0 from 0)
