==31899== Memcheck, a memory error detector
==31899== Copyright (C) 2002-2022, and GNU GPL'd, by Julian Seward et al.
==31899== Using Valgrind-3.22.0 and LibVEX; rerun with -h for copyright info
==31899== Command: /home/loris/Desktop/TestRepositories/Forked/juliet-test-suite-c/Automatic/results/20260703_1411/CWE401/valgrind/bin/CWE401/bad/CWE401_Memory_Leak__int64_t_realloc_64-bad
==31899== Parent PID: 31898
==31899== 
==31899== 
==31899== HEAP SUMMARY:
==31899==     in use at exit: 800 bytes in 1 blocks
==31899==   total heap usage: 2 allocs, 1 frees, 4,896 bytes allocated
==31899== 
==31899== LEAK SUMMARY:
==31899==    definitely lost: 800 bytes in 1 blocks
==31899==    indirectly lost: 0 bytes in 0 blocks
==31899==      possibly lost: 0 bytes in 0 blocks
==31899==    still reachable: 0 bytes in 0 blocks
==31899==         suppressed: 0 bytes in 0 blocks
==31899== Rerun with --leak-check=full to see details of leaked memory
==31899== 
==31899== For lists of detected and suppressed errors, rerun with: -s
==31899== ERROR SUMMARY: 0 errors from 0 contexts (suppressed: 0 from 0)
