==32676== Memcheck, a memory error detector
==32676== Copyright (C) 2002-2022, and GNU GPL'd, by Julian Seward et al.
==32676== Using Valgrind-3.22.0 and LibVEX; rerun with -h for copyright info
==32676== Command: /home/loris/Desktop/TestRepositories/Forked/juliet-test-suite-c/Automatic/results/20260703_1411/CWE401/valgrind/bin/CWE401/bad/CWE401_Memory_Leak__twoIntsStruct_calloc_45-bad
==32676== Parent PID: 32675
==32676== 
==32676== 
==32676== HEAP SUMMARY:
==32676==     in use at exit: 800 bytes in 1 blocks
==32676==   total heap usage: 2 allocs, 1 frees, 4,896 bytes allocated
==32676== 
==32676== LEAK SUMMARY:
==32676==    definitely lost: 0 bytes in 0 blocks
==32676==    indirectly lost: 0 bytes in 0 blocks
==32676==      possibly lost: 0 bytes in 0 blocks
==32676==    still reachable: 800 bytes in 1 blocks
==32676==         suppressed: 0 bytes in 0 blocks
==32676== Rerun with --leak-check=full to see details of leaked memory
==32676== 
==32676== For lists of detected and suppressed errors, rerun with: -s
==32676== ERROR SUMMARY: 0 errors from 0 contexts (suppressed: 0 from 0)
