==31563== Memcheck, a memory error detector
==31563== Copyright (C) 2002-2022, and GNU GPL'd, by Julian Seward et al.
==31563== Using Valgrind-3.22.0 and LibVEX; rerun with -h for copyright info
==31563== Command: /home/loris/Desktop/TestRepositories/Forked/juliet-test-suite-c/Automatic/results/20260703_1411/CWE401/valgrind/bin/CWE401/bad/CWE401_Memory_Leak__char_malloc_18-bad
==31563== Parent PID: 31562
==31563== 
==31563== 
==31563== HEAP SUMMARY:
==31563==     in use at exit: 100 bytes in 1 blocks
==31563==   total heap usage: 2 allocs, 1 frees, 4,196 bytes allocated
==31563== 
==31563== LEAK SUMMARY:
==31563==    definitely lost: 100 bytes in 1 blocks
==31563==    indirectly lost: 0 bytes in 0 blocks
==31563==      possibly lost: 0 bytes in 0 blocks
==31563==    still reachable: 0 bytes in 0 blocks
==31563==         suppressed: 0 bytes in 0 blocks
==31563== Rerun with --leak-check=full to see details of leaked memory
==31563== 
==31563== For lists of detected and suppressed errors, rerun with: -s
==31563== ERROR SUMMARY: 0 errors from 0 contexts (suppressed: 0 from 0)
