==31542== Memcheck, a memory error detector
==31542== Copyright (C) 2002-2022, and GNU GPL'd, by Julian Seward et al.
==31542== Using Valgrind-3.22.0 and LibVEX; rerun with -h for copyright info
==31542== Command: /home/loris/Desktop/TestRepositories/Forked/juliet-test-suite-c/Automatic/results/20260703_1411/CWE401/valgrind/bin/CWE401/bad/CWE401_Memory_Leak__char_malloc_08-bad
==31542== Parent PID: 31541
==31542== 
==31542== 
==31542== HEAP SUMMARY:
==31542==     in use at exit: 100 bytes in 1 blocks
==31542==   total heap usage: 2 allocs, 1 frees, 4,196 bytes allocated
==31542== 
==31542== LEAK SUMMARY:
==31542==    definitely lost: 100 bytes in 1 blocks
==31542==    indirectly lost: 0 bytes in 0 blocks
==31542==      possibly lost: 0 bytes in 0 blocks
==31542==    still reachable: 0 bytes in 0 blocks
==31542==         suppressed: 0 bytes in 0 blocks
==31542== Rerun with --leak-check=full to see details of leaked memory
==31542== 
==31542== For lists of detected and suppressed errors, rerun with: -s
==31542== ERROR SUMMARY: 0 errors from 0 contexts (suppressed: 0 from 0)
