==32475== Memcheck, a memory error detector
==32475== Copyright (C) 2002-2022, and GNU GPL'd, by Julian Seward et al.
==32475== Using Valgrind-3.22.0 and LibVEX; rerun with -h for copyright info
==32475== Command: /home/loris/Desktop/TestRepositories/Forked/juliet-test-suite-c/Automatic/results/20260703_1411/CWE401/valgrind/bin/CWE401/bad/CWE401_Memory_Leak__struct_twoIntsStruct_malloc_03-bad
==32475== Parent PID: 32474
==32475== 
==32475== 
==32475== HEAP SUMMARY:
==32475==     in use at exit: 800 bytes in 1 blocks
==32475==   total heap usage: 2 allocs, 1 frees, 4,896 bytes allocated
==32475== 
==32475== LEAK SUMMARY:
==32475==    definitely lost: 800 bytes in 1 blocks
==32475==    indirectly lost: 0 bytes in 0 blocks
==32475==      possibly lost: 0 bytes in 0 blocks
==32475==    still reachable: 0 bytes in 0 blocks
==32475==         suppressed: 0 bytes in 0 blocks
==32475== Rerun with --leak-check=full to see details of leaked memory
==32475== 
==32475== For lists of detected and suppressed errors, rerun with: -s
==32475== ERROR SUMMARY: 0 errors from 0 contexts (suppressed: 0 from 0)
