==31791== Memcheck, a memory error detector
==31791== Copyright (C) 2002-2022, and GNU GPL'd, by Julian Seward et al.
==31791== Using Valgrind-3.22.0 and LibVEX; rerun with -h for copyright info
==31791== Command: /home/loris/Desktop/TestRepositories/Forked/juliet-test-suite-c/Automatic/results/20260703_1411/CWE401/valgrind/bin/CWE401/bad/CWE401_Memory_Leak__int64_t_malloc_18-bad
==31791== Parent PID: 31790
==31791== 
==31791== 
==31791== HEAP SUMMARY:
==31791==     in use at exit: 800 bytes in 1 blocks
==31791==   total heap usage: 2 allocs, 1 frees, 4,896 bytes allocated
==31791== 
==31791== LEAK SUMMARY:
==31791==    definitely lost: 800 bytes in 1 blocks
==31791==    indirectly lost: 0 bytes in 0 blocks
==31791==      possibly lost: 0 bytes in 0 blocks
==31791==    still reachable: 0 bytes in 0 blocks
==31791==         suppressed: 0 bytes in 0 blocks
==31791== Rerun with --leak-check=full to see details of leaked memory
==31791== 
==31791== For lists of detected and suppressed errors, rerun with: -s
==31791== ERROR SUMMARY: 0 errors from 0 contexts (suppressed: 0 from 0)
