==32664== Memcheck, a memory error detector
==32664== Copyright (C) 2002-2022, and GNU GPL'd, by Julian Seward et al.
==32664== Using Valgrind-3.22.0 and LibVEX; rerun with -h for copyright info
==32664== Command: /home/loris/Desktop/TestRepositories/Forked/juliet-test-suite-c/Automatic/results/20260703_1411/CWE401/valgrind/bin/CWE401/bad/CWE401_Memory_Leak__twoIntsStruct_calloc_31-bad
==32664== Parent PID: 32663
==32664== 
==32664== 
==32664== HEAP SUMMARY:
==32664==     in use at exit: 800 bytes in 1 blocks
==32664==   total heap usage: 2 allocs, 1 frees, 4,896 bytes allocated
==32664== 
==32664== LEAK SUMMARY:
==32664==    definitely lost: 800 bytes in 1 blocks
==32664==    indirectly lost: 0 bytes in 0 blocks
==32664==      possibly lost: 0 bytes in 0 blocks
==32664==    still reachable: 0 bytes in 0 blocks
==32664==         suppressed: 0 bytes in 0 blocks
==32664== Rerun with --leak-check=full to see details of leaked memory
==32664== 
==32664== For lists of detected and suppressed errors, rerun with: -s
==32664== ERROR SUMMARY: 0 errors from 0 contexts (suppressed: 0 from 0)
