==31905== Memcheck, a memory error detector
==31905== Copyright (C) 2002-2022, and GNU GPL'd, by Julian Seward et al.
==31905== Using Valgrind-3.22.0 and LibVEX; rerun with -h for copyright info
==31905== Command: /home/loris/Desktop/TestRepositories/Forked/juliet-test-suite-c/Automatic/results/20260703_1411/CWE401/valgrind/bin/CWE401/bad/CWE401_Memory_Leak__int64_t_realloc_67-bad
==31905== Parent PID: 31904
==31905== 
==31905== 
==31905== HEAP SUMMARY:
==31905==     in use at exit: 800 bytes in 1 blocks
==31905==   total heap usage: 2 allocs, 1 frees, 4,896 bytes allocated
==31905== 
==31905== LEAK SUMMARY:
==31905==    definitely lost: 800 bytes in 1 blocks
==31905==    indirectly lost: 0 bytes in 0 blocks
==31905==      possibly lost: 0 bytes in 0 blocks
==31905==    still reachable: 0 bytes in 0 blocks
==31905==         suppressed: 0 bytes in 0 blocks
==31905== Rerun with --leak-check=full to see details of leaked memory
==31905== 
==31905== For lists of detected and suppressed errors, rerun with: -s
==31905== ERROR SUMMARY: 0 errors from 0 contexts (suppressed: 0 from 0)
