==31759== Memcheck, a memory error detector
==31759== Copyright (C) 2002-2022, and GNU GPL'd, by Julian Seward et al.
==31759== Using Valgrind-3.22.0 and LibVEX; rerun with -h for copyright info
==31759== Command: /home/loris/Desktop/TestRepositories/Forked/juliet-test-suite-c/Automatic/results/20260703_1411/CWE401/valgrind/bin/CWE401/bad/CWE401_Memory_Leak__int64_t_malloc_02-bad
==31759== Parent PID: 31758
==31759== 
==31759== 
==31759== HEAP SUMMARY:
==31759==     in use at exit: 800 bytes in 1 blocks
==31759==   total heap usage: 2 allocs, 1 frees, 4,896 bytes allocated
==31759== 
==31759== LEAK SUMMARY:
==31759==    definitely lost: 800 bytes in 1 blocks
==31759==    indirectly lost: 0 bytes in 0 blocks
==31759==      possibly lost: 0 bytes in 0 blocks
==31759==    still reachable: 0 bytes in 0 blocks
==31759==         suppressed: 0 bytes in 0 blocks
==31759== Rerun with --leak-check=full to see details of leaked memory
==31759== 
==31759== For lists of detected and suppressed errors, rerun with: -s
==31759== ERROR SUMMARY: 0 errors from 0 contexts (suppressed: 0 from 0)
