==31695== Memcheck, a memory error detector
==31695== Copyright (C) 2002-2022, and GNU GPL'd, by Julian Seward et al.
==31695== Using Valgrind-3.22.0 and LibVEX; rerun with -h for copyright info
==31695== Command: /home/loris/Desktop/TestRepositories/Forked/juliet-test-suite-c/Automatic/results/20260703_1411/CWE401/valgrind/bin/CWE401/bad/CWE401_Memory_Leak__int64_t_calloc_08-bad
==31695== Parent PID: 31694
==31695== 
==31695== 
==31695== HEAP SUMMARY:
==31695==     in use at exit: 800 bytes in 1 blocks
==31695==   total heap usage: 2 allocs, 1 frees, 4,896 bytes allocated
==31695== 
==31695== LEAK SUMMARY:
==31695==    definitely lost: 800 bytes in 1 blocks
==31695==    indirectly lost: 0 bytes in 0 blocks
==31695==      possibly lost: 0 bytes in 0 blocks
==31695==    still reachable: 0 bytes in 0 blocks
==31695==         suppressed: 0 bytes in 0 blocks
==31695== Rerun with --leak-check=full to see details of leaked memory
==31695== 
==31695== For lists of detected and suppressed errors, rerun with: -s
==31695== ERROR SUMMARY: 0 errors from 0 contexts (suppressed: 0 from 0)
