==32109== Memcheck, a memory error detector
==32109== Copyright (C) 2002-2022, and GNU GPL'd, by Julian Seward et al.
==32109== Using Valgrind-3.22.0 and LibVEX; rerun with -h for copyright info
==32109== Command: /home/loris/Desktop/TestRepositories/Forked/juliet-test-suite-c/Automatic/results/20260703_1411/CWE401/valgrind/bin/CWE401/bad/CWE401_Memory_Leak__int_realloc_41-bad
==32109== Parent PID: 32108
==32109== 
==32109== 
==32109== HEAP SUMMARY:
==32109==     in use at exit: 400 bytes in 1 blocks
==32109==   total heap usage: 2 allocs, 1 frees, 4,496 bytes allocated
==32109== 
==32109== LEAK SUMMARY:
==32109==    definitely lost: 400 bytes in 1 blocks
==32109==    indirectly lost: 0 bytes in 0 blocks
==32109==      possibly lost: 0 bytes in 0 blocks
==32109==    still reachable: 0 bytes in 0 blocks
==32109==         suppressed: 0 bytes in 0 blocks
==32109== Rerun with --leak-check=full to see details of leaked memory
==32109== 
==32109== For lists of detected and suppressed errors, rerun with: -s
==32109== ERROR SUMMARY: 0 errors from 0 contexts (suppressed: 0 from 0)
