==32844== Memcheck, a memory error detector
==32844== Copyright (C) 2002-2022, and GNU GPL'd, by Julian Seward et al.
==32844== Using Valgrind-3.22.0 and LibVEX; rerun with -h for copyright info
==32844== Command: /home/loris/Desktop/TestRepositories/Forked/juliet-test-suite-c/Automatic/results/20260703_1411/CWE401/valgrind/bin/CWE401/bad/CWE401_Memory_Leak__twoIntsStruct_realloc_65-bad
==32844== Parent PID: 32843
==32844== 
==32844== 
==32844== HEAP SUMMARY:
==32844==     in use at exit: 800 bytes in 1 blocks
==32844==   total heap usage: 2 allocs, 1 frees, 4,896 bytes allocated
==32844== 
==32844== LEAK SUMMARY:
==32844==    definitely lost: 800 bytes in 1 blocks
==32844==    indirectly lost: 0 bytes in 0 blocks
==32844==      possibly lost: 0 bytes in 0 blocks
==32844==    still reachable: 0 bytes in 0 blocks
==32844==         suppressed: 0 bytes in 0 blocks
==32844== Rerun with --leak-check=full to see details of leaked memory
==32844== 
==32844== For lists of detected and suppressed errors, rerun with: -s
==32844== ERROR SUMMARY: 0 errors from 0 contexts (suppressed: 0 from 0)
