==31488== Memcheck, a memory error detector
==31488== Copyright (C) 2002-2022, and GNU GPL'd, by Julian Seward et al.
==31488== Using Valgrind-3.22.0 and LibVEX; rerun with -h for copyright info
==31488== Command: /home/loris/Desktop/TestRepositories/Forked/juliet-test-suite-c/Automatic/results/20260703_1411/CWE401/valgrind/bin/CWE401/bad/CWE401_Memory_Leak__char_calloc_21-bad
==31488== Parent PID: 31487
==31488== 
==31488== 
==31488== HEAP SUMMARY:
==31488==     in use at exit: 100 bytes in 1 blocks
==31488==   total heap usage: 2 allocs, 1 frees, 4,196 bytes allocated
==31488== 
==31488== LEAK SUMMARY:
==31488==    definitely lost: 100 bytes in 1 blocks
==31488==    indirectly lost: 0 bytes in 0 blocks
==31488==      possibly lost: 0 bytes in 0 blocks
==31488==    still reachable: 0 bytes in 0 blocks
==31488==         suppressed: 0 bytes in 0 blocks
==31488== Rerun with --leak-check=full to see details of leaked memory
==31488== 
==31488== For lists of detected and suppressed errors, rerun with: -s
==31488== ERROR SUMMARY: 0 errors from 0 contexts (suppressed: 0 from 0)
