==32790== Memcheck, a memory error detector
==32790== Copyright (C) 2002-2022, and GNU GPL'd, by Julian Seward et al.
==32790== Using Valgrind-3.22.0 and LibVEX; rerun with -h for copyright info
==32790== Command: /home/loris/Desktop/TestRepositories/Forked/juliet-test-suite-c/Automatic/results/20260703_1411/CWE401/valgrind/bin/CWE401/bad/CWE401_Memory_Leak__twoIntsStruct_realloc_08-bad
==32790== Parent PID: 32789
==32790== 
==32790== 
==32790== HEAP SUMMARY:
==32790==     in use at exit: 800 bytes in 1 blocks
==32790==   total heap usage: 2 allocs, 1 frees, 4,896 bytes allocated
==32790== 
==32790== LEAK SUMMARY:
==32790==    definitely lost: 800 bytes in 1 blocks
==32790==    indirectly lost: 0 bytes in 0 blocks
==32790==      possibly lost: 0 bytes in 0 blocks
==32790==    still reachable: 0 bytes in 0 blocks
==32790==         suppressed: 0 bytes in 0 blocks
==32790== Rerun with --leak-check=full to see details of leaked memory
==32790== 
==32790== For lists of detected and suppressed errors, rerun with: -s
==32790== ERROR SUMMARY: 0 errors from 0 contexts (suppressed: 0 from 0)
