==32804== Memcheck, a memory error detector
==32804== Copyright (C) 2002-2022, and GNU GPL'd, by Julian Seward et al.
==32804== Using Valgrind-3.22.0 and LibVEX; rerun with -h for copyright info
==32804== Command: /home/loris/Desktop/TestRepositories/Forked/juliet-test-suite-c/Automatic/results/20260703_1411/CWE401/valgrind/bin/CWE401/bad/CWE401_Memory_Leak__twoIntsStruct_realloc_15-bad
==32804== Parent PID: 32803
==32804== 
==32804== 
==32804== HEAP SUMMARY:
==32804==     in use at exit: 800 bytes in 1 blocks
==32804==   total heap usage: 2 allocs, 1 frees, 4,896 bytes allocated
==32804== 
==32804== LEAK SUMMARY:
==32804==    definitely lost: 800 bytes in 1 blocks
==32804==    indirectly lost: 0 bytes in 0 blocks
==32804==      possibly lost: 0 bytes in 0 blocks
==32804==    still reachable: 0 bytes in 0 blocks
==32804==         suppressed: 0 bytes in 0 blocks
==32804== Rerun with --leak-check=full to see details of leaked memory
==32804== 
==32804== For lists of detected and suppressed errors, rerun with: -s
==32804== ERROR SUMMARY: 0 errors from 0 contexts (suppressed: 0 from 0)
