==31591== Memcheck, a memory error detector
==31591== Copyright (C) 2002-2022, and GNU GPL'd, by Julian Seward et al.
==31591== Using Valgrind-3.22.0 and LibVEX; rerun with -h for copyright info
==31591== Command: /home/loris/Desktop/TestRepositories/Forked/juliet-test-suite-c/Automatic/results/20260703_1411/CWE401/valgrind/bin/CWE401/bad/CWE401_Memory_Leak__char_malloc_61-bad
==31591== Parent PID: 31590
==31591== 
==31591== 
==31591== HEAP SUMMARY:
==31591==     in use at exit: 100 bytes in 1 blocks
==31591==   total heap usage: 2 allocs, 1 frees, 4,196 bytes allocated
==31591== 
==31591== LEAK SUMMARY:
==31591==    definitely lost: 100 bytes in 1 blocks
==31591==    indirectly lost: 0 bytes in 0 blocks
==31591==      possibly lost: 0 bytes in 0 blocks
==31591==    still reachable: 0 bytes in 0 blocks
==31591==         suppressed: 0 bytes in 0 blocks
==31591== Rerun with --leak-check=full to see details of leaked memory
==31591== 
==31591== For lists of detected and suppressed errors, rerun with: -s
==31591== ERROR SUMMARY: 0 errors from 0 contexts (suppressed: 0 from 0)
