==31536== Memcheck, a memory error detector
==31536== Copyright (C) 2002-2022, and GNU GPL'd, by Julian Seward et al.
==31536== Using Valgrind-3.22.0 and LibVEX; rerun with -h for copyright info
==31536== Command: /home/loris/Desktop/TestRepositories/Forked/juliet-test-suite-c/Automatic/results/20260703_1411/CWE401/valgrind/bin/CWE401/bad/CWE401_Memory_Leak__char_malloc_05-bad
==31536== Parent PID: 31535
==31536== 
==31536== 
==31536== HEAP SUMMARY:
==31536==     in use at exit: 100 bytes in 1 blocks
==31536==   total heap usage: 2 allocs, 1 frees, 4,196 bytes allocated
==31536== 
==31536== LEAK SUMMARY:
==31536==    definitely lost: 100 bytes in 1 blocks
==31536==    indirectly lost: 0 bytes in 0 blocks
==31536==      possibly lost: 0 bytes in 0 blocks
==31536==    still reachable: 0 bytes in 0 blocks
==31536==         suppressed: 0 bytes in 0 blocks
==31536== Rerun with --leak-check=full to see details of leaked memory
==31536== 
==31536== For lists of detected and suppressed errors, rerun with: -s
==31536== ERROR SUMMARY: 0 errors from 0 contexts (suppressed: 0 from 0)
