==31567== Memcheck, a memory error detector
==31567== Copyright (C) 2002-2022, and GNU GPL'd, by Julian Seward et al.
==31567== Using Valgrind-3.22.0 and LibVEX; rerun with -h for copyright info
==31567== Command: /home/loris/Desktop/TestRepositories/Forked/juliet-test-suite-c/Automatic/results/20260703_1411/CWE401/valgrind/bin/CWE401/bad/CWE401_Memory_Leak__char_malloc_22-bad
==31567== Parent PID: 31566
==31567== 
==31567== 
==31567== HEAP SUMMARY:
==31567==     in use at exit: 100 bytes in 1 blocks
==31567==   total heap usage: 2 allocs, 1 frees, 4,196 bytes allocated
==31567== 
==31567== LEAK SUMMARY:
==31567==    definitely lost: 100 bytes in 1 blocks
==31567==    indirectly lost: 0 bytes in 0 blocks
==31567==      possibly lost: 0 bytes in 0 blocks
==31567==    still reachable: 0 bytes in 0 blocks
==31567==         suppressed: 0 bytes in 0 blocks
==31567== Rerun with --leak-check=full to see details of leaked memory
==31567== 
==31567== For lists of detected and suppressed errors, rerun with: -s
==31567== ERROR SUMMARY: 0 errors from 0 contexts (suppressed: 0 from 0)
