==32327== Memcheck, a memory error detector
==32327== Copyright (C) 2002-2022, and GNU GPL'd, by Julian Seward et al.
==32327== Using Valgrind-3.22.0 and LibVEX; rerun with -h for copyright info
==32327== Command: /home/loris/Desktop/TestRepositories/Forked/juliet-test-suite-c/Automatic/results/20260703_1411/CWE401/valgrind/bin/CWE401/bad/CWE401_Memory_Leak__strdup_char_05-bad
==32327== Parent PID: 32326
==32327== 
==32327== 
==32327== HEAP SUMMARY:
==32327==     in use at exit: 9 bytes in 1 blocks
==32327==   total heap usage: 2 allocs, 1 frees, 4,105 bytes allocated
==32327== 
==32327== LEAK SUMMARY:
==32327==    definitely lost: 9 bytes in 1 blocks
==32327==    indirectly lost: 0 bytes in 0 blocks
==32327==      possibly lost: 0 bytes in 0 blocks
==32327==    still reachable: 0 bytes in 0 blocks
==32327==         suppressed: 0 bytes in 0 blocks
==32327== Rerun with --leak-check=full to see details of leaked memory
==32327== 
==32327== For lists of detected and suppressed errors, rerun with: -s
==32327== ERROR SUMMARY: 0 errors from 0 contexts (suppressed: 0 from 0)
