==31733== Memcheck, a memory error detector
==31733== Copyright (C) 2002-2022, and GNU GPL'd, by Julian Seward et al.
==31733== Using Valgrind-3.22.0 and LibVEX; rerun with -h for copyright info
==31733== Command: /home/loris/Desktop/TestRepositories/Forked/juliet-test-suite-c/Automatic/results/20260703_1411/CWE401/valgrind/bin/CWE401/bad/CWE401_Memory_Leak__int64_t_calloc_45-bad
==31733== Parent PID: 31732
==31733== 
==31733== 
==31733== HEAP SUMMARY:
==31733==     in use at exit: 800 bytes in 1 blocks
==31733==   total heap usage: 2 allocs, 1 frees, 4,896 bytes allocated
==31733== 
==31733== LEAK SUMMARY:
==31733==    definitely lost: 0 bytes in 0 blocks
==31733==    indirectly lost: 0 bytes in 0 blocks
==31733==      possibly lost: 0 bytes in 0 blocks
==31733==    still reachable: 800 bytes in 1 blocks
==31733==         suppressed: 0 bytes in 0 blocks
==31733== Rerun with --leak-check=full to see details of leaked memory
==31733== 
==31733== For lists of detected and suppressed errors, rerun with: -s
==31733== ERROR SUMMARY: 0 errors from 0 contexts (suppressed: 0 from 0)
