==31597== Memcheck, a memory error detector
==31597== Copyright (C) 2002-2022, and GNU GPL'd, by Julian Seward et al.
==31597== Using Valgrind-3.22.0 and LibVEX; rerun with -h for copyright info
==31597== Command: /home/loris/Desktop/TestRepositories/Forked/juliet-test-suite-c/Automatic/results/20260703_1411/CWE401/valgrind/bin/CWE401/bad/CWE401_Memory_Leak__char_malloc_65-bad
==31597== Parent PID: 31596
==31597== 
==31597== 
==31597== HEAP SUMMARY:
==31597==     in use at exit: 100 bytes in 1 blocks
==31597==   total heap usage: 2 allocs, 1 frees, 4,196 bytes allocated
==31597== 
==31597== LEAK SUMMARY:
==31597==    definitely lost: 100 bytes in 1 blocks
==31597==    indirectly lost: 0 bytes in 0 blocks
==31597==      possibly lost: 0 bytes in 0 blocks
==31597==    still reachable: 0 bytes in 0 blocks
==31597==         suppressed: 0 bytes in 0 blocks
==31597== Rerun with --leak-check=full to see details of leaked memory
==31597== 
==31597== For lists of detected and suppressed errors, rerun with: -s
==31597== ERROR SUMMARY: 0 errors from 0 contexts (suppressed: 0 from 0)
