==32784== Memcheck, a memory error detector
==32784== Copyright (C) 2002-2022, and GNU GPL'd, by Julian Seward et al.
==32784== Using Valgrind-3.22.0 and LibVEX; rerun with -h for copyright info
==32784== Command: /home/loris/Desktop/TestRepositories/Forked/juliet-test-suite-c/Automatic/results/20260703_1411/CWE401/valgrind/bin/CWE401/bad/CWE401_Memory_Leak__twoIntsStruct_realloc_05-bad
==32784== Parent PID: 32783
==32784== 
==32784== 
==32784== HEAP SUMMARY:
==32784==     in use at exit: 800 bytes in 1 blocks
==32784==   total heap usage: 2 allocs, 1 frees, 4,896 bytes allocated
==32784== 
==32784== LEAK SUMMARY:
==32784==    definitely lost: 800 bytes in 1 blocks
==32784==    indirectly lost: 0 bytes in 0 blocks
==32784==      possibly lost: 0 bytes in 0 blocks
==32784==    still reachable: 0 bytes in 0 blocks
==32784==         suppressed: 0 bytes in 0 blocks
==32784== Rerun with --leak-check=full to see details of leaked memory
==32784== 
==32784== For lists of detected and suppressed errors, rerun with: -s
==32784== ERROR SUMMARY: 0 errors from 0 contexts (suppressed: 0 from 0)
