==32331== Memcheck, a memory error detector
==32331== Copyright (C) 2002-2022, and GNU GPL'd, by Julian Seward et al.
==32331== Using Valgrind-3.22.0 and LibVEX; rerun with -h for copyright info
==32331== Command: /home/loris/Desktop/TestRepositories/Forked/juliet-test-suite-c/Automatic/results/20260703_1411/CWE401/valgrind/bin/CWE401/bad/CWE401_Memory_Leak__strdup_char_07-bad
==32331== Parent PID: 32330
==32331== 
==32331== 
==32331== HEAP SUMMARY:
==32331==     in use at exit: 9 bytes in 1 blocks
==32331==   total heap usage: 2 allocs, 1 frees, 4,105 bytes allocated
==32331== 
==32331== LEAK SUMMARY:
==32331==    definitely lost: 9 bytes in 1 blocks
==32331==    indirectly lost: 0 bytes in 0 blocks
==32331==      possibly lost: 0 bytes in 0 blocks
==32331==    still reachable: 0 bytes in 0 blocks
==32331==         suppressed: 0 bytes in 0 blocks
==32331== Rerun with --leak-check=full to see details of leaked memory
==32331== 
==32331== For lists of detected and suppressed errors, rerun with: -s
==32331== ERROR SUMMARY: 0 errors from 0 contexts (suppressed: 0 from 0)
