==32812== Memcheck, a memory error detector
==32812== Copyright (C) 2002-2022, and GNU GPL'd, by Julian Seward et al.
==32812== Using Valgrind-3.22.0 and LibVEX; rerun with -h for copyright info
==32812== Command: /home/loris/Desktop/TestRepositories/Forked/juliet-test-suite-c/Automatic/results/20260703_1411/CWE401/valgrind/bin/CWE401/bad/CWE401_Memory_Leak__twoIntsStruct_realloc_21-bad
==32812== Parent PID: 32811
==32812== 
==32812== 
==32812== HEAP SUMMARY:
==32812==     in use at exit: 800 bytes in 1 blocks
==32812==   total heap usage: 2 allocs, 1 frees, 4,896 bytes allocated
==32812== 
==32812== LEAK SUMMARY:
==32812==    definitely lost: 800 bytes in 1 blocks
==32812==    indirectly lost: 0 bytes in 0 blocks
==32812==      possibly lost: 0 bytes in 0 blocks
==32812==    still reachable: 0 bytes in 0 blocks
==32812==         suppressed: 0 bytes in 0 blocks
==32812== Rerun with --leak-check=full to see details of leaked memory
==32812== 
==32812== For lists of detected and suppressed errors, rerun with: -s
==32812== ERROR SUMMARY: 0 errors from 0 contexts (suppressed: 0 from 0)
