==31552== Memcheck, a memory error detector
==31552== Copyright (C) 2002-2022, and GNU GPL'd, by Julian Seward et al.
==31552== Using Valgrind-3.22.0 and LibVEX; rerun with -h for copyright info
==31552== Command: /home/loris/Desktop/TestRepositories/Forked/juliet-test-suite-c/Automatic/results/20260703_1411/CWE401/valgrind/bin/CWE401/bad/CWE401_Memory_Leak__char_malloc_13-bad
==31552== Parent PID: 31551
==31552== 
==31552== 
==31552== HEAP SUMMARY:
==31552==     in use at exit: 100 bytes in 1 blocks
==31552==   total heap usage: 2 allocs, 1 frees, 4,196 bytes allocated
==31552== 
==31552== LEAK SUMMARY:
==31552==    definitely lost: 100 bytes in 1 blocks
==31552==    indirectly lost: 0 bytes in 0 blocks
==31552==      possibly lost: 0 bytes in 0 blocks
==31552==    still reachable: 0 bytes in 0 blocks
==31552==         suppressed: 0 bytes in 0 blocks
==31552== Rerun with --leak-check=full to see details of leaked memory
==31552== 
==31552== For lists of detected and suppressed errors, rerun with: -s
==31552== ERROR SUMMARY: 0 errors from 0 contexts (suppressed: 0 from 0)
