==32419== Memcheck, a memory error detector
==32419== Copyright (C) 2002-2022, and GNU GPL'd, by Julian Seward et al.
==32419== Using Valgrind-3.22.0 and LibVEX; rerun with -h for copyright info
==32419== Command: /home/loris/Desktop/TestRepositories/Forked/juliet-test-suite-c/Automatic/results/20260703_1411/CWE401/valgrind/bin/CWE401/bad/CWE401_Memory_Leak__struct_twoIntsStruct_calloc_13-bad
==32419== Parent PID: 32418
==32419== 
==32419== 
==32419== HEAP SUMMARY:
==32419==     in use at exit: 800 bytes in 1 blocks
==32419==   total heap usage: 2 allocs, 1 frees, 4,896 bytes allocated
==32419== 
==32419== LEAK SUMMARY:
==32419==    definitely lost: 800 bytes in 1 blocks
==32419==    indirectly lost: 0 bytes in 0 blocks
==32419==      possibly lost: 0 bytes in 0 blocks
==32419==    still reachable: 0 bytes in 0 blocks
==32419==         suppressed: 0 bytes in 0 blocks
==32419== Rerun with --leak-check=full to see details of leaked memory
==32419== 
==32419== For lists of detected and suppressed errors, rerun with: -s
==32419== ERROR SUMMARY: 0 errors from 0 contexts (suppressed: 0 from 0)
