==32087== Memcheck, a memory error detector
==32087== Copyright (C) 2002-2022, and GNU GPL'd, by Julian Seward et al.
==32087== Using Valgrind-3.22.0 and LibVEX; rerun with -h for copyright info
==32087== Command: /home/loris/Desktop/TestRepositories/Forked/juliet-test-suite-c/Automatic/results/20260703_1411/CWE401/valgrind/bin/CWE401/bad/CWE401_Memory_Leak__int_realloc_13-bad
==32087== Parent PID: 32086
==32087== 
==32087== 
==32087== HEAP SUMMARY:
==32087==     in use at exit: 400 bytes in 1 blocks
==32087==   total heap usage: 2 allocs, 1 frees, 4,496 bytes allocated
==32087== 
==32087== LEAK SUMMARY:
==32087==    definitely lost: 400 bytes in 1 blocks
==32087==    indirectly lost: 0 bytes in 0 blocks
==32087==      possibly lost: 0 bytes in 0 blocks
==32087==    still reachable: 0 bytes in 0 blocks
==32087==         suppressed: 0 bytes in 0 blocks
==32087== Rerun with --leak-check=full to see details of leaked memory
==32087== 
==32087== For lists of detected and suppressed errors, rerun with: -s
==32087== ERROR SUMMARY: 0 errors from 0 contexts (suppressed: 0 from 0)
