==31769== Memcheck, a memory error detector
==31769== Copyright (C) 2002-2022, and GNU GPL'd, by Julian Seward et al.
==31769== Using Valgrind-3.22.0 and LibVEX; rerun with -h for copyright info
==31769== Command: /home/loris/Desktop/TestRepositories/Forked/juliet-test-suite-c/Automatic/results/20260703_1411/CWE401/valgrind/bin/CWE401/bad/CWE401_Memory_Leak__int64_t_malloc_07-bad
==31769== Parent PID: 31768
==31769== 
==31769== 
==31769== HEAP SUMMARY:
==31769==     in use at exit: 800 bytes in 1 blocks
==31769==   total heap usage: 2 allocs, 1 frees, 4,896 bytes allocated
==31769== 
==31769== LEAK SUMMARY:
==31769==    definitely lost: 800 bytes in 1 blocks
==31769==    indirectly lost: 0 bytes in 0 blocks
==31769==      possibly lost: 0 bytes in 0 blocks
==31769==    still reachable: 0 bytes in 0 blocks
==31769==         suppressed: 0 bytes in 0 blocks
==31769== Rerun with --leak-check=full to see details of leaked memory
==31769== 
==31769== For lists of detected and suppressed errors, rerun with: -s
==31769== ERROR SUMMARY: 0 errors from 0 contexts (suppressed: 0 from 0)
