==31863== Memcheck, a memory error detector
==31863== Copyright (C) 2002-2022, and GNU GPL'd, by Julian Seward et al.
==31863== Using Valgrind-3.22.0 and LibVEX; rerun with -h for copyright info
==31863== Command: /home/loris/Desktop/TestRepositories/Forked/juliet-test-suite-c/Automatic/results/20260703_1411/CWE401/valgrind/bin/CWE401/bad/CWE401_Memory_Leak__int64_t_realloc_16-bad
==31863== Parent PID: 31862
==31863== 
==31863== 
==31863== HEAP SUMMARY:
==31863==     in use at exit: 800 bytes in 1 blocks
==31863==   total heap usage: 2 allocs, 1 frees, 4,896 bytes allocated
==31863== 
==31863== LEAK SUMMARY:
==31863==    definitely lost: 800 bytes in 1 blocks
==31863==    indirectly lost: 0 bytes in 0 blocks
==31863==      possibly lost: 0 bytes in 0 blocks
==31863==    still reachable: 0 bytes in 0 blocks
==31863==         suppressed: 0 bytes in 0 blocks
==31863== Rerun with --leak-check=full to see details of leaked memory
==31863== 
==31863== For lists of detected and suppressed errors, rerun with: -s
==31863== ERROR SUMMARY: 0 errors from 0 contexts (suppressed: 0 from 0)
