==31639== Memcheck, a memory error detector
==31639== Copyright (C) 2002-2022, and GNU GPL'd, by Julian Seward et al.
==31639== Using Valgrind-3.22.0 and LibVEX; rerun with -h for copyright info
==31639== Command: /home/loris/Desktop/TestRepositories/Forked/juliet-test-suite-c/Automatic/results/20260703_1411/CWE401/valgrind/bin/CWE401/bad/CWE401_Memory_Leak__char_realloc_18-bad
==31639== Parent PID: 31638
==31639== 
==31639== 
==31639== HEAP SUMMARY:
==31639==     in use at exit: 100 bytes in 1 blocks
==31639==   total heap usage: 2 allocs, 1 frees, 4,196 bytes allocated
==31639== 
==31639== LEAK SUMMARY:
==31639==    definitely lost: 100 bytes in 1 blocks
==31639==    indirectly lost: 0 bytes in 0 blocks
==31639==      possibly lost: 0 bytes in 0 blocks
==31639==    still reachable: 0 bytes in 0 blocks
==31639==         suppressed: 0 bytes in 0 blocks
==31639== Rerun with --leak-check=full to see details of leaked memory
==31639== 
==31639== For lists of detected and suppressed errors, rerun with: -s
==31639== ERROR SUMMARY: 0 errors from 0 contexts (suppressed: 0 from 0)
