==31765== Memcheck, a memory error detector
==31765== Copyright (C) 2002-2022, and GNU GPL'd, by Julian Seward et al.
==31765== Using Valgrind-3.22.0 and LibVEX; rerun with -h for copyright info
==31765== Command: /home/loris/Desktop/TestRepositories/Forked/juliet-test-suite-c/Automatic/results/20260703_1411/CWE401/valgrind/bin/CWE401/bad/CWE401_Memory_Leak__int64_t_malloc_05-bad
==31765== Parent PID: 31764
==31765== 
==31765== 
==31765== HEAP SUMMARY:
==31765==     in use at exit: 800 bytes in 1 blocks
==31765==   total heap usage: 2 allocs, 1 frees, 4,896 bytes allocated
==31765== 
==31765== LEAK SUMMARY:
==31765==    definitely lost: 800 bytes in 1 blocks
==31765==    indirectly lost: 0 bytes in 0 blocks
==31765==      possibly lost: 0 bytes in 0 blocks
==31765==    still reachable: 0 bytes in 0 blocks
==31765==         suppressed: 0 bytes in 0 blocks
==31765== Rerun with --leak-check=full to see details of leaked memory
==31765== 
==31765== For lists of detected and suppressed errors, rerun with: -s
==31765== ERROR SUMMARY: 0 errors from 0 contexts (suppressed: 0 from 0)
