==31973== Memcheck, a memory error detector
==31973== Copyright (C) 2002-2022, and GNU GPL'd, by Julian Seward et al.
==31973== Using Valgrind-3.22.0 and LibVEX; rerun with -h for copyright info
==31973== Command: /home/loris/Desktop/TestRepositories/Forked/juliet-test-suite-c/Automatic/results/20260703_1411/CWE401/valgrind/bin/CWE401/bad/CWE401_Memory_Leak__int_calloc_61-bad
==31973== Parent PID: 31972
==31973== 
==31973== 
==31973== HEAP SUMMARY:
==31973==     in use at exit: 400 bytes in 1 blocks
==31973==   total heap usage: 2 allocs, 1 frees, 4,496 bytes allocated
==31973== 
==31973== LEAK SUMMARY:
==31973==    definitely lost: 400 bytes in 1 blocks
==31973==    indirectly lost: 0 bytes in 0 blocks
==31973==      possibly lost: 0 bytes in 0 blocks
==31973==    still reachable: 0 bytes in 0 blocks
==31973==         suppressed: 0 bytes in 0 blocks
==31973== Rerun with --leak-check=full to see details of leaked memory
==31973== 
==31973== For lists of detected and suppressed errors, rerun with: -s
==31973== ERROR SUMMARY: 0 errors from 0 contexts (suppressed: 0 from 0)
