==32133== Memcheck, a memory error detector
==32133== Copyright (C) 2002-2022, and GNU GPL'd, by Julian Seward et al.
==32133== Using Valgrind-3.22.0 and LibVEX; rerun with -h for copyright info
==32133== Command: /home/loris/Desktop/TestRepositories/Forked/juliet-test-suite-c/Automatic/results/20260703_1411/CWE401/valgrind/bin/CWE401/bad/CWE401_Memory_Leak__int_realloc_66-bad
==32133== Parent PID: 32132
==32133== 
==32133== 
==32133== HEAP SUMMARY:
==32133==     in use at exit: 400 bytes in 1 blocks
==32133==   total heap usage: 2 allocs, 1 frees, 4,496 bytes allocated
==32133== 
==32133== LEAK SUMMARY:
==32133==    definitely lost: 400 bytes in 1 blocks
==32133==    indirectly lost: 0 bytes in 0 blocks
==32133==      possibly lost: 0 bytes in 0 blocks
==32133==    still reachable: 0 bytes in 0 blocks
==32133==         suppressed: 0 bytes in 0 blocks
==32133== Rerun with --leak-check=full to see details of leaked memory
==32133== 
==32133== For lists of detected and suppressed errors, rerun with: -s
==32133== ERROR SUMMARY: 0 errors from 0 contexts (suppressed: 0 from 0)
