==31837== Memcheck, a memory error detector
==31837== Copyright (C) 2002-2022, and GNU GPL'd, by Julian Seward et al.
==31837== Using Valgrind-3.22.0 and LibVEX; rerun with -h for copyright info
==31837== Command: /home/loris/Desktop/TestRepositories/Forked/juliet-test-suite-c/Automatic/results/20260703_1411/CWE401/valgrind/bin/CWE401/bad/CWE401_Memory_Leak__int64_t_realloc_03-bad
==31837== Parent PID: 31836
==31837== 
==31837== 
==31837== HEAP SUMMARY:
==31837==     in use at exit: 800 bytes in 1 blocks
==31837==   total heap usage: 2 allocs, 1 frees, 4,896 bytes allocated
==31837== 
==31837== LEAK SUMMARY:
==31837==    definitely lost: 800 bytes in 1 blocks
==31837==    indirectly lost: 0 bytes in 0 blocks
==31837==      possibly lost: 0 bytes in 0 blocks
==31837==    still reachable: 0 bytes in 0 blocks
==31837==         suppressed: 0 bytes in 0 blocks
==31837== Rerun with --leak-check=full to see details of leaked memory
==31837== 
==31837== For lists of detected and suppressed errors, rerun with: -s
==31837== ERROR SUMMARY: 0 errors from 0 contexts (suppressed: 0 from 0)
