==32439== Memcheck, a memory error detector
==32439== Copyright (C) 2002-2022, and GNU GPL'd, by Julian Seward et al.
==32439== Using Valgrind-3.22.0 and LibVEX; rerun with -h for copyright info
==32439== Command: /home/loris/Desktop/TestRepositories/Forked/juliet-test-suite-c/Automatic/results/20260703_1411/CWE401/valgrind/bin/CWE401/bad/CWE401_Memory_Leak__struct_twoIntsStruct_calloc_34-bad
==32439== Parent PID: 32438
==32439== 
==32439== 
==32439== HEAP SUMMARY:
==32439==     in use at exit: 800 bytes in 1 blocks
==32439==   total heap usage: 2 allocs, 1 frees, 4,896 bytes allocated
==32439== 
==32439== LEAK SUMMARY:
==32439==    definitely lost: 800 bytes in 1 blocks
==32439==    indirectly lost: 0 bytes in 0 blocks
==32439==      possibly lost: 0 bytes in 0 blocks
==32439==    still reachable: 0 bytes in 0 blocks
==32439==         suppressed: 0 bytes in 0 blocks
==32439== Rerun with --leak-check=full to see details of leaked memory
==32439== 
==32439== For lists of detected and suppressed errors, rerun with: -s
==32439== ERROR SUMMARY: 0 errors from 0 contexts (suppressed: 0 from 0)
