==31554== Memcheck, a memory error detector
==31554== Copyright (C) 2002-2022, and GNU GPL'd, by Julian Seward et al.
==31554== Using Valgrind-3.22.0 and LibVEX; rerun with -h for copyright info
==31554== Command: /home/loris/Desktop/TestRepositories/Forked/juliet-test-suite-c/Automatic/results/20260703_1411/CWE401/valgrind/bin/CWE401/bad/CWE401_Memory_Leak__char_malloc_14-bad
==31554== Parent PID: 31553
==31554== 
==31554== 
==31554== HEAP SUMMARY:
==31554==     in use at exit: 100 bytes in 1 blocks
==31554==   total heap usage: 2 allocs, 1 frees, 4,196 bytes allocated
==31554== 
==31554== LEAK SUMMARY:
==31554==    definitely lost: 100 bytes in 1 blocks
==31554==    indirectly lost: 0 bytes in 0 blocks
==31554==      possibly lost: 0 bytes in 0 blocks
==31554==    still reachable: 0 bytes in 0 blocks
==31554==         suppressed: 0 bytes in 0 blocks
==31554== Rerun with --leak-check=full to see details of leaked memory
==31554== 
==31554== For lists of detected and suppressed errors, rerun with: -s
==31554== ERROR SUMMARY: 0 errors from 0 contexts (suppressed: 0 from 0)
