==31841== Memcheck, a memory error detector
==31841== Copyright (C) 2002-2022, and GNU GPL'd, by Julian Seward et al.
==31841== Using Valgrind-3.22.0 and LibVEX; rerun with -h for copyright info
==31841== Command: /home/loris/Desktop/TestRepositories/Forked/juliet-test-suite-c/Automatic/results/20260703_1411/CWE401/valgrind/bin/CWE401/bad/CWE401_Memory_Leak__int64_t_realloc_05-bad
==31841== Parent PID: 31840
==31841== 
==31841== 
==31841== HEAP SUMMARY:
==31841==     in use at exit: 800 bytes in 1 blocks
==31841==   total heap usage: 2 allocs, 1 frees, 4,896 bytes allocated
==31841== 
==31841== LEAK SUMMARY:
==31841==    definitely lost: 800 bytes in 1 blocks
==31841==    indirectly lost: 0 bytes in 0 blocks
==31841==      possibly lost: 0 bytes in 0 blocks
==31841==    still reachable: 0 bytes in 0 blocks
==31841==         suppressed: 0 bytes in 0 blocks
==31841== Rerun with --leak-check=full to see details of leaked memory
==31841== 
==31841== For lists of detected and suppressed errors, rerun with: -s
==31841== ERROR SUMMARY: 0 errors from 0 contexts (suppressed: 0 from 0)
