==32650== Memcheck, a memory error detector
==32650== Copyright (C) 2002-2022, and GNU GPL'd, by Julian Seward et al.
==32650== Using Valgrind-3.22.0 and LibVEX; rerun with -h for copyright info
==32650== Command: /home/loris/Desktop/TestRepositories/Forked/juliet-test-suite-c/Automatic/results/20260703_1411/CWE401/valgrind/bin/CWE401/bad/CWE401_Memory_Leak__twoIntsStruct_calloc_14-bad
==32650== Parent PID: 32649
==32650== 
==32650== 
==32650== HEAP SUMMARY:
==32650==     in use at exit: 800 bytes in 1 blocks
==32650==   total heap usage: 2 allocs, 1 frees, 4,896 bytes allocated
==32650== 
==32650== LEAK SUMMARY:
==32650==    definitely lost: 800 bytes in 1 blocks
==32650==    indirectly lost: 0 bytes in 0 blocks
==32650==      possibly lost: 0 bytes in 0 blocks
==32650==    still reachable: 0 bytes in 0 blocks
==32650==         suppressed: 0 bytes in 0 blocks
==32650== Rerun with --leak-check=full to see details of leaked memory
==32650== 
==32650== For lists of detected and suppressed errors, rerun with: -s
==32650== ERROR SUMMARY: 0 errors from 0 contexts (suppressed: 0 from 0)
