==31575== Memcheck, a memory error detector
==31575== Copyright (C) 2002-2022, and GNU GPL'd, by Julian Seward et al.
==31575== Using Valgrind-3.22.0 and LibVEX; rerun with -h for copyright info
==31575== Command: /home/loris/Desktop/TestRepositories/Forked/juliet-test-suite-c/Automatic/results/20260703_1411/CWE401/valgrind/bin/CWE401/bad/CWE401_Memory_Leak__char_malloc_41-bad
==31575== Parent PID: 31574
==31575== 
==31575== 
==31575== HEAP SUMMARY:
==31575==     in use at exit: 100 bytes in 1 blocks
==31575==   total heap usage: 2 allocs, 1 frees, 4,196 bytes allocated
==31575== 
==31575== LEAK SUMMARY:
==31575==    definitely lost: 100 bytes in 1 blocks
==31575==    indirectly lost: 0 bytes in 0 blocks
==31575==      possibly lost: 0 bytes in 0 blocks
==31575==    still reachable: 0 bytes in 0 blocks
==31575==         suppressed: 0 bytes in 0 blocks
==31575== Rerun with --leak-check=full to see details of leaked memory
==31575== 
==31575== For lists of detected and suppressed errors, rerun with: -s
==31575== ERROR SUMMARY: 0 errors from 0 contexts (suppressed: 0 from 0)
