==32750== Memcheck, a memory error detector
==32750== Copyright (C) 2002-2022, and GNU GPL'd, by Julian Seward et al.
==32750== Using Valgrind-3.22.0 and LibVEX; rerun with -h for copyright info
==32750== Command: /home/loris/Desktop/TestRepositories/Forked/juliet-test-suite-c/Automatic/results/20260703_1411/CWE401/valgrind/bin/CWE401/bad/CWE401_Memory_Leak__twoIntsStruct_malloc_44-bad
==32750== Parent PID: 32749
==32750== 
==32750== 
==32750== HEAP SUMMARY:
==32750==     in use at exit: 800 bytes in 1 blocks
==32750==   total heap usage: 2 allocs, 1 frees, 4,896 bytes allocated
==32750== 
==32750== LEAK SUMMARY:
==32750==    definitely lost: 800 bytes in 1 blocks
==32750==    indirectly lost: 0 bytes in 0 blocks
==32750==      possibly lost: 0 bytes in 0 blocks
==32750==    still reachable: 0 bytes in 0 blocks
==32750==         suppressed: 0 bytes in 0 blocks
==32750== Rerun with --leak-check=full to see details of leaked memory
==32750== 
==32750== For lists of detected and suppressed errors, rerun with: -s
==32750== ERROR SUMMARY: 0 errors from 0 contexts (suppressed: 0 from 0)
