==32622== Memcheck, a memory error detector
==32622== Copyright (C) 2002-2022, and GNU GPL'd, by Julian Seward et al.
==32622== Using Valgrind-3.22.0 and LibVEX; rerun with -h for copyright info
==32622== Command: /home/loris/Desktop/TestRepositories/Forked/juliet-test-suite-c/Automatic/results/20260703_1411/CWE401/valgrind/bin/CWE401/bad/CWE401_Memory_Leak__struct_twoIntsStruct_realloc_68-bad
==32622== Parent PID: 32621
==32622== 
==32622== 
==32622== HEAP SUMMARY:
==32622==     in use at exit: 800 bytes in 1 blocks
==32622==   total heap usage: 2 allocs, 1 frees, 4,896 bytes allocated
==32622== 
==32622== LEAK SUMMARY:
==32622==    definitely lost: 0 bytes in 0 blocks
==32622==    indirectly lost: 0 bytes in 0 blocks
==32622==      possibly lost: 0 bytes in 0 blocks
==32622==    still reachable: 800 bytes in 1 blocks
==32622==         suppressed: 0 bytes in 0 blocks
==32622== Rerun with --leak-check=full to see details of leaked memory
==32622== 
==32622== For lists of detected and suppressed errors, rerun with: -s
==32622== ERROR SUMMARY: 0 errors from 0 contexts (suppressed: 0 from 0)
