==32535== Memcheck, a memory error detector
==32535== Copyright (C) 2002-2022, and GNU GPL'd, by Julian Seward et al.
==32535== Using Valgrind-3.22.0 and LibVEX; rerun with -h for copyright info
==32535== Command: /home/loris/Desktop/TestRepositories/Forked/juliet-test-suite-c/Automatic/results/20260703_1411/CWE401/valgrind/bin/CWE401/bad/CWE401_Memory_Leak__struct_twoIntsStruct_malloc_63-bad
==32535== Parent PID: 32534
==32535== 
==32535== 
==32535== HEAP SUMMARY:
==32535==     in use at exit: 800 bytes in 1 blocks
==32535==   total heap usage: 2 allocs, 1 frees, 4,896 bytes allocated
==32535== 
==32535== LEAK SUMMARY:
==32535==    definitely lost: 800 bytes in 1 blocks
==32535==    indirectly lost: 0 bytes in 0 blocks
==32535==      possibly lost: 0 bytes in 0 blocks
==32535==    still reachable: 0 bytes in 0 blocks
==32535==         suppressed: 0 bytes in 0 blocks
==32535== Rerun with --leak-check=full to see details of leaked memory
==32535== 
==32535== For lists of detected and suppressed errors, rerun with: -s
==32535== ERROR SUMMARY: 0 errors from 0 contexts (suppressed: 0 from 0)
