==1317997== Memcheck, a memory error detector
==1317997== Copyright (C) 2002-2022, and GNU GPL'd, by Julian Seward et al.
==1317997== Using Valgrind-3.22.0 and LibVEX; rerun with -h for copyright info
==1317997== Command: /home/loris/Desktop/TestRepositories/Forked/juliet-test-suite-c/Automatic/results/20260707_1536/CWE122/valgrind/bin/CWE122/bad/CWE122_Heap_Based_Buffer_Overflow__c_CWE193_char_loop_07-bad
==1317997== Parent PID: 1317996
==1317997== 
==1317997== Invalid write of size 1
==1317997==    at 0x10939E: CWE122_Heap_Based_Buffer_Overflow__c_CWE193_char_loop_07_bad (in /home/loris/Desktop/TestRepositories/Forked/juliet-test-suite-c/Automatic/results/20260707_1536/CWE122/valgrind/bin/CWE122/bad/CWE122_Heap_Based_Buffer_Overflow__c_CWE193_char_loop_07-bad)
==1317997==    by 0x10941E: main (in /home/loris/Desktop/TestRepositories/Forked/juliet-test-suite-c/Automatic/results/20260707_1536/CWE122/valgrind/bin/CWE122/bad/CWE122_Heap_Based_Buffer_Overflow__c_CWE193_char_loop_07-bad)
==1317997==  Address 0x4a8508a is 0 bytes after a block of size 10 alloc'd
==1317997==    at 0x4846828: malloc (in /usr/libexec/valgrind/vgpreload_memcheck-amd64-linux.so)
==1317997==    by 0x109340: CWE122_Heap_Based_Buffer_Overflow__c_CWE193_char_loop_07_bad (in /home/loris/Desktop/TestRepositories/Forked/juliet-test-suite-c/Automatic/results/20260707_1536/CWE122/valgrind/bin/CWE122/bad/CWE122_Heap_Based_Buffer_Overflow__c_CWE193_char_loop_07-bad)
==1317997==    by 0x10941E: main (in /home/loris/Desktop/TestRepositories/Forked/juliet-test-suite-c/Automatic/results/20260707_1536/CWE122/valgrind/bin/CWE122/bad/CWE122_Heap_Based_Buffer_Overflow__c_CWE193_char_loop_07-bad)
==1317997== 
==1317997== Invalid read of size 1
==1317997==    at 0x484F234: strlen (in /usr/libexec/valgrind/vgpreload_memcheck-amd64-linux.so)
==1317997==    by 0x48F6BFC: puts (ioputs.c:35)
==1317997==    by 0x109457: printLine (in /home/loris/Desktop/TestRepositories/Forked/juliet-test-suite-c/Automatic/results/20260707_1536/CWE122/valgrind/bin/CWE122/bad/CWE122_Heap_Based_Buffer_Overflow__c_CWE193_char_loop_07-bad)
==1317997==    by 0x1093BE: CWE122_Heap_Based_Buffer_Overflow__c_CWE193_char_loop_07_bad (in /home/loris/Desktop/TestRepositories/Forked/juliet-test-suite-c/Automatic/results/20260707_1536/CWE122/valgrind/bin/CWE122/bad/CWE122_Heap_Based_Buffer_Overflow__c_CWE193_char_loop_07-bad)
==1317997==    by 0x10941E: main (in /home/loris/Desktop/TestRepositories/Forked/juliet-test-suite-c/Automatic/results/20260707_1536/CWE122/valgrind/bin/CWE122/bad/CWE122_Heap_Based_Buffer_Overflow__c_CWE193_char_loop_07-bad)
==1317997==  Address 0x4a8508a is 0 bytes after a block of size 10 alloc'd
==1317997==    at 0x4846828: malloc (in /usr/libexec/valgrind/vgpreload_memcheck-amd64-linux.so)
==1317997==    by 0x109340: CWE122_Heap_Based_Buffer_Overflow__c_CWE193_char_loop_07_bad (in /home/loris/Desktop/TestRepositories/Forked/juliet-test-suite-c/Automatic/results/20260707_1536/CWE122/valgrind/bin/CWE122/bad/CWE122_Heap_Based_Buffer_Overflow__c_CWE193_char_loop_07-bad)
==1317997==    by 0x10941E: main (in /home/loris/Desktop/TestRepositories/Forked/juliet-test-suite-c/Automatic/results/20260707_1536/CWE122/valgrind/bin/CWE122/bad/CWE122_Heap_Based_Buffer_Overflow__c_CWE193_char_loop_07-bad)
==1317997== 
==1317997== 
==1317997== HEAP SUMMARY:
==1317997==     in use at exit: 0 bytes in 0 blocks
==1317997==   total heap usage: 2 allocs, 2 frees, 4,106 bytes allocated
==1317997== 
==1317997== All heap blocks were freed -- no leaks are possible
==1317997== 
==1317997== For lists of detected and suppressed errors, rerun with: -s
==1317997== ERROR SUMMARY: 2 errors from 2 contexts (suppressed: 0 from 0)
