==1319672== Memcheck, a memory error detector
==1319672== Copyright (C) 2002-2022, and GNU GPL'd, by Julian Seward et al.
==1319672== Using Valgrind-3.22.0 and LibVEX; rerun with -h for copyright info
==1319672== Command: /home/loris/Desktop/TestRepositories/Forked/juliet-test-suite-c/Automatic/results/20260707_1536/CWE122/valgrind/bin/CWE122/bad/CWE122_Heap_Based_Buffer_Overflow__c_CWE805_struct_memcpy_02-bad
==1319672== Parent PID: 1319671
==1319672== 
==1319672== Invalid write of size 8
==1319672==    at 0x4852E1B: memmove (in /usr/libexec/valgrind/vgpreload_memcheck-amd64-linux.so)
==1319672==    by 0x1093B7: CWE122_Heap_Based_Buffer_Overflow__c_CWE805_struct_memcpy_02_bad (in /home/loris/Desktop/TestRepositories/Forked/juliet-test-suite-c/Automatic/results/20260707_1536/CWE122/valgrind/bin/CWE122/bad/CWE122_Heap_Based_Buffer_Overflow__c_CWE805_struct_memcpy_02-bad)
==1319672==    by 0x109429: main (in /home/loris/Desktop/TestRepositories/Forked/juliet-test-suite-c/Automatic/results/20260707_1536/CWE122/valgrind/bin/CWE122/bad/CWE122_Heap_Based_Buffer_Overflow__c_CWE805_struct_memcpy_02-bad)
==1319672==  Address 0x4a85210 is 0 bytes after a block of size 400 alloc'd
==1319672==    at 0x4846828: malloc (in /usr/libexec/valgrind/vgpreload_memcheck-amd64-linux.so)
==1319672==    by 0x10933B: CWE122_Heap_Based_Buffer_Overflow__c_CWE805_struct_memcpy_02_bad (in /home/loris/Desktop/TestRepositories/Forked/juliet-test-suite-c/Automatic/results/20260707_1536/CWE122/valgrind/bin/CWE122/bad/CWE122_Heap_Based_Buffer_Overflow__c_CWE805_struct_memcpy_02-bad)
==1319672==    by 0x109429: main (in /home/loris/Desktop/TestRepositories/Forked/juliet-test-suite-c/Automatic/results/20260707_1536/CWE122/valgrind/bin/CWE122/bad/CWE122_Heap_Based_Buffer_Overflow__c_CWE805_struct_memcpy_02-bad)
==1319672== 
==1319672== Invalid write of size 8
==1319672==    at 0x4852E23: memmove (in /usr/libexec/valgrind/vgpreload_memcheck-amd64-linux.so)
==1319672==    by 0x1093B7: CWE122_Heap_Based_Buffer_Overflow__c_CWE805_struct_memcpy_02_bad (in /home/loris/Desktop/TestRepositories/Forked/juliet-test-suite-c/Automatic/results/20260707_1536/CWE122/valgrind/bin/CWE122/bad/CWE122_Heap_Based_Buffer_Overflow__c_CWE805_struct_memcpy_02-bad)
==1319672==    by 0x109429: main (in /home/loris/Desktop/TestRepositories/Forked/juliet-test-suite-c/Automatic/results/20260707_1536/CWE122/valgrind/bin/CWE122/bad/CWE122_Heap_Based_Buffer_Overflow__c_CWE805_struct_memcpy_02-bad)
==1319672==  Address 0x4a85218 is 8 bytes after a block of size 400 alloc'd
==1319672==    at 0x4846828: malloc (in /usr/libexec/valgrind/vgpreload_memcheck-amd64-linux.so)
==1319672==    by 0x10933B: CWE122_Heap_Based_Buffer_Overflow__c_CWE805_struct_memcpy_02_bad (in /home/loris/Desktop/TestRepositories/Forked/juliet-test-suite-c/Automatic/results/20260707_1536/CWE122/valgrind/bin/CWE122/bad/CWE122_Heap_Based_Buffer_Overflow__c_CWE805_struct_memcpy_02-bad)
==1319672==    by 0x109429: main (in /home/loris/Desktop/TestRepositories/Forked/juliet-test-suite-c/Automatic/results/20260707_1536/CWE122/valgrind/bin/CWE122/bad/CWE122_Heap_Based_Buffer_Overflow__c_CWE805_struct_memcpy_02-bad)
==1319672== 
==1319672== Invalid write of size 8
==1319672==    at 0x4852E0B: memmove (in /usr/libexec/valgrind/vgpreload_memcheck-amd64-linux.so)
==1319672==    by 0x1093B7: CWE122_Heap_Based_Buffer_Overflow__c_CWE805_struct_memcpy_02_bad (in /home/loris/Desktop/TestRepositories/Forked/juliet-test-suite-c/Automatic/results/20260707_1536/CWE122/valgrind/bin/CWE122/bad/CWE122_Heap_Based_Buffer_Overflow__c_CWE805_struct_memcpy_02-bad)
==1319672==    by 0x109429: main (in /home/loris/Desktop/TestRepositories/Forked/juliet-test-suite-c/Automatic/results/20260707_1536/CWE122/valgrind/bin/CWE122/bad/CWE122_Heap_Based_Buffer_Overflow__c_CWE805_struct_memcpy_02-bad)
==1319672==  Address 0x4a85220 is 16 bytes after a block of size 400 alloc'd
==1319672==    at 0x4846828: malloc (in /usr/libexec/valgrind/vgpreload_memcheck-amd64-linux.so)
==1319672==    by 0x10933B: CWE122_Heap_Based_Buffer_Overflow__c_CWE805_struct_memcpy_02_bad (in /home/loris/Desktop/TestRepositories/Forked/juliet-test-suite-c/Automatic/results/20260707_1536/CWE122/valgrind/bin/CWE122/bad/CWE122_Heap_Based_Buffer_Overflow__c_CWE805_struct_memcpy_02-bad)
==1319672==    by 0x109429: main (in /home/loris/Desktop/TestRepositories/Forked/juliet-test-suite-c/Automatic/results/20260707_1536/CWE122/valgrind/bin/CWE122/bad/CWE122_Heap_Based_Buffer_Overflow__c_CWE805_struct_memcpy_02-bad)
==1319672== 
==1319672== Invalid write of size 8
==1319672==    at 0x4852E13: memmove (in /usr/libexec/valgrind/vgpreload_memcheck-amd64-linux.so)
==1319672==    by 0x1093B7: CWE122_Heap_Based_Buffer_Overflow__c_CWE805_struct_memcpy_02_bad (in /home/loris/Desktop/TestRepositories/Forked/juliet-test-suite-c/Automatic/results/20260707_1536/CWE122/valgrind/bin/CWE122/bad/CWE122_Heap_Based_Buffer_Overflow__c_CWE805_struct_memcpy_02-bad)
==1319672==    by 0x109429: main (in /home/loris/Desktop/TestRepositories/Forked/juliet-test-suite-c/Automatic/results/20260707_1536/CWE122/valgrind/bin/CWE122/bad/CWE122_Heap_Based_Buffer_Overflow__c_CWE805_struct_memcpy_02-bad)
==1319672==  Address 0x4a85228 is 24 bytes after a block of size 400 in arena "client"
==1319672== 
==1319672== 
==1319672== HEAP SUMMARY:
==1319672==     in use at exit: 0 bytes in 0 blocks
==1319672==   total heap usage: 2 allocs, 2 frees, 4,496 bytes allocated
==1319672== 
==1319672== All heap blocks were freed -- no leaks are possible
==1319672== 
==1319672== For lists of detected and suppressed errors, rerun with: -s
==1319672== ERROR SUMMARY: 50 errors from 4 contexts (suppressed: 0 from 0)
