==1317640== Memcheck, a memory error detector
==1317640== Copyright (C) 2002-2022, and GNU GPL'd, by Julian Seward et al.
==1317640== Using Valgrind-3.22.0 and LibVEX; rerun with -h for copyright info
==1317640== Command: /home/loris/Desktop/TestRepositories/Forked/juliet-test-suite-c/Automatic/results/20260707_1536/CWE122/valgrind/bin/CWE122/bad/CWE122_Heap_Based_Buffer_Overflow__c_CWE129_listen_socket_11-bad
==1317640== Parent PID: 1317639
==1317640== 
==1317640== 
==1317640== Process terminating with default action of signal 15 (SIGTERM)
==1317640==    at 0x499A834: accept (accept.c:26)
==1317640==    by 0x1094DF: CWE122_Heap_Based_Buffer_Overflow__c_CWE129_listen_socket_11_bad (in /home/loris/Desktop/TestRepositories/Forked/juliet-test-suite-c/Automatic/results/20260707_1536/CWE122/valgrind/bin/CWE122/bad/CWE122_Heap_Based_Buffer_Overflow__c_CWE129_listen_socket_11-bad)
==1317640==    by 0x109673: main (in /home/loris/Desktop/TestRepositories/Forked/juliet-test-suite-c/Automatic/results/20260707_1536/CWE122/valgrind/bin/CWE122/bad/CWE122_Heap_Based_Buffer_Overflow__c_CWE129_listen_socket_11-bad)
==1317640== 
==1317640== HEAP SUMMARY:
==1317640==     in use at exit: 4,096 bytes in 1 blocks
==1317640==   total heap usage: 1 allocs, 0 frees, 4,096 bytes allocated
==1317640== 
==1317640== LEAK SUMMARY:
==1317640==    definitely lost: 0 bytes in 0 blocks
==1317640==    indirectly lost: 0 bytes in 0 blocks
==1317640==      possibly lost: 0 bytes in 0 blocks
==1317640==    still reachable: 4,096 bytes in 1 blocks
==1317640==         suppressed: 0 bytes in 0 blocks
==1317640== Rerun with --leak-check=full to see details of leaked memory
==1317640== 
==1317640== For lists of detected and suppressed errors, rerun with: -s
==1317640== ERROR SUMMARY: 0 errors from 0 contexts (suppressed: 0 from 0)
