==1317039== Memcheck, a memory error detector
==1317039== Copyright (C) 2002-2022, and GNU GPL'd, by Julian Seward et al.
==1317039== Using Valgrind-3.22.0 and LibVEX; rerun with -h for copyright info
==1317039== Command: /home/loris/Desktop/TestRepositories/Forked/juliet-test-suite-c/Automatic/results/20260707_1536/CWE122/valgrind/bin/CWE122/bad/CWE122_Heap_Based_Buffer_Overflow__CWE131_loop_15-bad
==1317039== Parent PID: 1317038
==1317039== 
==1317039== Invalid write of size 4
==1317039==    at 0x109362: CWE122_Heap_Based_Buffer_Overflow__CWE131_loop_15_bad (in /home/loris/Desktop/TestRepositories/Forked/juliet-test-suite-c/Automatic/results/20260707_1536/CWE122/valgrind/bin/CWE122/bad/CWE122_Heap_Based_Buffer_Overflow__CWE131_loop_15-bad)
==1317039==    by 0x1093DC: main (in /home/loris/Desktop/TestRepositories/Forked/juliet-test-suite-c/Automatic/results/20260707_1536/CWE122/valgrind/bin/CWE122/bad/CWE122_Heap_Based_Buffer_Overflow__CWE131_loop_15-bad)
==1317039==  Address 0x4a85088 is 8 bytes inside a block of size 10 alloc'd
==1317039==    at 0x4846828: malloc (in /usr/libexec/valgrind/vgpreload_memcheck-amd64-linux.so)
==1317039==    by 0x109315: CWE122_Heap_Based_Buffer_Overflow__CWE131_loop_15_bad (in /home/loris/Desktop/TestRepositories/Forked/juliet-test-suite-c/Automatic/results/20260707_1536/CWE122/valgrind/bin/CWE122/bad/CWE122_Heap_Based_Buffer_Overflow__CWE131_loop_15-bad)
==1317039==    by 0x1093DC: main (in /home/loris/Desktop/TestRepositories/Forked/juliet-test-suite-c/Automatic/results/20260707_1536/CWE122/valgrind/bin/CWE122/bad/CWE122_Heap_Based_Buffer_Overflow__CWE131_loop_15-bad)
==1317039== 
==1317039== 
==1317039== HEAP SUMMARY:
==1317039==     in use at exit: 0 bytes in 0 blocks
==1317039==   total heap usage: 2 allocs, 2 frees, 4,106 bytes allocated
==1317039== 
==1317039== All heap blocks were freed -- no leaks are possible
==1317039== 
==1317039== For lists of detected and suppressed errors, rerun with: -s
==1317039== ERROR SUMMARY: 8 errors from 1 contexts (suppressed: 0 from 0)
