==1321820== Memcheck, a memory error detector
==1321820== Copyright (C) 2002-2022, and GNU GPL'd, by Julian Seward et al.
==1321820== Using Valgrind-3.22.0 and LibVEX; rerun with -h for copyright info
==1321820== Command: /home/loris/Desktop/TestRepositories/Forked/juliet-test-suite-c/Automatic/results/20260707_1536/CWE122/valgrind/bin/CWE122/bad/CWE122_Heap_Based_Buffer_Overflow__c_CWE806_char_ncpy_63-bad
==1321820== Parent PID: 1321819
==1321820== 
==1321820== 
==1321820== Process terminating with default action of signal 6 (SIGABRT)
==1321820==    at 0x490DB2C: __pthread_kill_implementation (pthread_kill.c:44)
==1321820==    by 0x490DB2C: __pthread_kill_internal (pthread_kill.c:78)
==1321820==    by 0x490DB2C: pthread_kill@@GLIBC_2.34 (pthread_kill.c:89)
==1321820==    by 0x48B427D: raise (raise.c:26)
==1321820==    by 0x48978FE: abort (abort.c:79)
==1321820==    by 0x48987B5: __libc_message_impl.cold (libc_fatal.c:134)
==1321820==    by 0x49A5C48: __fortify_fail (fortify_fail.c:24)
==1321820==    by 0x49A6ED3: __stack_chk_fail (stack_chk_fail.c:24)
==1321820==    by 0x1094CE: CWE122_Heap_Based_Buffer_Overflow__c_CWE806_char_ncpy_63b_badSink (in /home/loris/Desktop/TestRepositories/Forked/juliet-test-suite-c/Automatic/results/20260707_1536/CWE122/valgrind/bin/CWE122/bad/CWE122_Heap_Based_Buffer_Overflow__c_CWE806_char_ncpy_63-bad)
==1321820==    by 0x4141414141414140: ???
==1321820==    by 0x4141414141414140: ???
==1321820==    by 0x4141414141414140: ???
==1321820==    by 0x1FFE414140: ???
==1321820==    by 0x109405: main (in /home/loris/Desktop/TestRepositories/Forked/juliet-test-suite-c/Automatic/results/20260707_1536/CWE122/valgrind/bin/CWE122/bad/CWE122_Heap_Based_Buffer_Overflow__c_CWE806_char_ncpy_63-bad)
==1321820== 
==1321820== HEAP SUMMARY:
==1321820==     in use at exit: 4,096 bytes in 1 blocks
==1321820==   total heap usage: 2 allocs, 1 frees, 4,196 bytes allocated
==1321820== 
==1321820== LEAK SUMMARY:
==1321820==    definitely lost: 0 bytes in 0 blocks
==1321820==    indirectly lost: 0 bytes in 0 blocks
==1321820==      possibly lost: 0 bytes in 0 blocks
==1321820==    still reachable: 4,096 bytes in 1 blocks
==1321820==         suppressed: 0 bytes in 0 blocks
==1321820== Rerun with --leak-check=full to see details of leaked memory
==1321820== 
==1321820== For lists of detected and suppressed errors, rerun with: -s
==1321820== ERROR SUMMARY: 0 errors from 0 contexts (suppressed: 0 from 0)
