==1318535== Memcheck, a memory error detector
==1318535== Copyright (C) 2002-2022, and GNU GPL'd, by Julian Seward et al.
==1318535== Using Valgrind-3.22.0 and LibVEX; rerun with -h for copyright info
==1318535== Command: /home/loris/Desktop/TestRepositories/Forked/juliet-test-suite-c/Automatic/results/20260707_1536/CWE122/valgrind/bin/CWE122/bad/CWE122_Heap_Based_Buffer_Overflow__c_CWE193_char_memmove_04-bad
==1318535== Parent PID: 1318534
==1318535== 
==1318535== Invalid write of size 1
==1318535==    at 0x4852EE3: memmove (in /usr/libexec/valgrind/vgpreload_memcheck-amd64-linux.so)
==1318535==    by 0x1093AB: CWE122_Heap_Based_Buffer_Overflow__c_CWE193_char_memmove_04_bad (in /home/loris/Desktop/TestRepositories/Forked/juliet-test-suite-c/Automatic/results/20260707_1536/CWE122/valgrind/bin/CWE122/bad/CWE122_Heap_Based_Buffer_Overflow__c_CWE193_char_memmove_04-bad)
==1318535==    by 0x109417: main (in /home/loris/Desktop/TestRepositories/Forked/juliet-test-suite-c/Automatic/results/20260707_1536/CWE122/valgrind/bin/CWE122/bad/CWE122_Heap_Based_Buffer_Overflow__c_CWE193_char_memmove_04-bad)
==1318535==  Address 0x4a8508a is 0 bytes after a block of size 10 alloc'd
==1318535==    at 0x4846828: malloc (in /usr/libexec/valgrind/vgpreload_memcheck-amd64-linux.so)
==1318535==    by 0x10935E: CWE122_Heap_Based_Buffer_Overflow__c_CWE193_char_memmove_04_bad (in /home/loris/Desktop/TestRepositories/Forked/juliet-test-suite-c/Automatic/results/20260707_1536/CWE122/valgrind/bin/CWE122/bad/CWE122_Heap_Based_Buffer_Overflow__c_CWE193_char_memmove_04-bad)
==1318535==    by 0x109417: main (in /home/loris/Desktop/TestRepositories/Forked/juliet-test-suite-c/Automatic/results/20260707_1536/CWE122/valgrind/bin/CWE122/bad/CWE122_Heap_Based_Buffer_Overflow__c_CWE193_char_memmove_04-bad)
==1318535== 
==1318535== Invalid read of size 1
==1318535==    at 0x484F234: strlen (in /usr/libexec/valgrind/vgpreload_memcheck-amd64-linux.so)
==1318535==    by 0x48F6BFC: puts (ioputs.c:35)
==1318535==    by 0x109450: printLine (in /home/loris/Desktop/TestRepositories/Forked/juliet-test-suite-c/Automatic/results/20260707_1536/CWE122/valgrind/bin/CWE122/bad/CWE122_Heap_Based_Buffer_Overflow__c_CWE193_char_memmove_04-bad)
==1318535==    by 0x1093B7: CWE122_Heap_Based_Buffer_Overflow__c_CWE193_char_memmove_04_bad (in /home/loris/Desktop/TestRepositories/Forked/juliet-test-suite-c/Automatic/results/20260707_1536/CWE122/valgrind/bin/CWE122/bad/CWE122_Heap_Based_Buffer_Overflow__c_CWE193_char_memmove_04-bad)
==1318535==    by 0x109417: main (in /home/loris/Desktop/TestRepositories/Forked/juliet-test-suite-c/Automatic/results/20260707_1536/CWE122/valgrind/bin/CWE122/bad/CWE122_Heap_Based_Buffer_Overflow__c_CWE193_char_memmove_04-bad)
==1318535==  Address 0x4a8508a is 0 bytes after a block of size 10 alloc'd
==1318535==    at 0x4846828: malloc (in /usr/libexec/valgrind/vgpreload_memcheck-amd64-linux.so)
==1318535==    by 0x10935E: CWE122_Heap_Based_Buffer_Overflow__c_CWE193_char_memmove_04_bad (in /home/loris/Desktop/TestRepositories/Forked/juliet-test-suite-c/Automatic/results/20260707_1536/CWE122/valgrind/bin/CWE122/bad/CWE122_Heap_Based_Buffer_Overflow__c_CWE193_char_memmove_04-bad)
==1318535==    by 0x109417: main (in /home/loris/Desktop/TestRepositories/Forked/juliet-test-suite-c/Automatic/results/20260707_1536/CWE122/valgrind/bin/CWE122/bad/CWE122_Heap_Based_Buffer_Overflow__c_CWE193_char_memmove_04-bad)
==1318535== 
==1318535== 
==1318535== HEAP SUMMARY:
==1318535==     in use at exit: 0 bytes in 0 blocks
==1318535==   total heap usage: 2 allocs, 2 frees, 4,106 bytes allocated
==1318535== 
==1318535== All heap blocks were freed -- no leaks are possible
==1318535== 
==1318535== For lists of detected and suppressed errors, rerun with: -s
==1318535== ERROR SUMMARY: 2 errors from 2 contexts (suppressed: 0 from 0)
