==1314309== Memcheck, a memory error detector
==1314309== Copyright (C) 2002-2022, and GNU GPL'd, by Julian Seward et al.
==1314309== Using Valgrind-3.22.0 and LibVEX; rerun with -h for copyright info
==1314309== Command: /home/loris/Desktop/TestRepositories/Forked/juliet-test-suite-c/Automatic/results/20260707_1536/CWE122/valgrind/bin/CWE122/good/CWE122_Heap_Based_Buffer_Overflow__c_CWE129_listen_socket_41-good
==1314309== Parent PID: 1314308
==1314309== 
==1314309== 
==1314309== Process terminating with default action of signal 15 (SIGTERM)
==1314309==    at 0x499A834: accept (accept.c:26)
==1314309==    by 0x109690: goodB2G (in /home/loris/Desktop/TestRepositories/Forked/juliet-test-suite-c/Automatic/results/20260707_1536/CWE122/valgrind/bin/CWE122/good/CWE122_Heap_Based_Buffer_Overflow__c_CWE129_listen_socket_41-good)
==1314309==    by 0x109738: CWE122_Heap_Based_Buffer_Overflow__c_CWE129_listen_socket_41_good (in /home/loris/Desktop/TestRepositories/Forked/juliet-test-suite-c/Automatic/results/20260707_1536/CWE122/valgrind/bin/CWE122/good/CWE122_Heap_Based_Buffer_Overflow__c_CWE129_listen_socket_41-good)
==1314309==    by 0x109782: main (in /home/loris/Desktop/TestRepositories/Forked/juliet-test-suite-c/Automatic/results/20260707_1536/CWE122/valgrind/bin/CWE122/good/CWE122_Heap_Based_Buffer_Overflow__c_CWE129_listen_socket_41-good)
==1314309== 
==1314309== HEAP SUMMARY:
==1314309==     in use at exit: 4,096 bytes in 1 blocks
==1314309==   total heap usage: 1 allocs, 0 frees, 4,096 bytes allocated
==1314309== 
==1314309== LEAK SUMMARY:
==1314309==    definitely lost: 0 bytes in 0 blocks
==1314309==    indirectly lost: 0 bytes in 0 blocks
==1314309==      possibly lost: 0 bytes in 0 blocks
==1314309==    still reachable: 4,096 bytes in 1 blocks
==1314309==         suppressed: 0 bytes in 0 blocks
==1314309== Rerun with --leak-check=full to see details of leaked memory
==1314309== 
==1314309== For lists of detected and suppressed errors, rerun with: -s
==1314309== ERROR SUMMARY: 0 errors from 0 contexts (suppressed: 0 from 0)
