==1317894== Memcheck, a memory error detector
==1317894== Copyright (C) 2002-2022, and GNU GPL'd, by Julian Seward et al.
==1317894== Using Valgrind-3.22.0 and LibVEX; rerun with -h for copyright info
==1317894== Command: /home/loris/Desktop/TestRepositories/Forked/juliet-test-suite-c/Automatic/results/20260707_1536/CWE122/valgrind/bin/CWE122/bad/CWE122_Heap_Based_Buffer_Overflow__c_CWE129_rand_68-bad
==1317894== Parent PID: 1317893
==1317894== 
==1317894== Invalid write of size 4
==1317894==    at 0x10942E: CWE122_Heap_Based_Buffer_Overflow__c_CWE129_rand_68b_badSink (in /home/loris/Desktop/TestRepositories/Forked/juliet-test-suite-c/Automatic/results/20260707_1536/CWE122/valgrind/bin/CWE122/bad/CWE122_Heap_Based_Buffer_Overflow__c_CWE129_rand_68-bad)
==1317894==    by 0x109358: CWE122_Heap_Based_Buffer_Overflow__c_CWE129_rand_68_bad (in /home/loris/Desktop/TestRepositories/Forked/juliet-test-suite-c/Automatic/results/20260707_1536/CWE122/valgrind/bin/CWE122/bad/CWE122_Heap_Based_Buffer_Overflow__c_CWE129_rand_68-bad)
==1317894==    by 0x10939C: main (in /home/loris/Desktop/TestRepositories/Forked/juliet-test-suite-c/Automatic/results/20260707_1536/CWE122/valgrind/bin/CWE122/bad/CWE122_Heap_Based_Buffer_Overflow__c_CWE129_rand_68-bad)
==1317894==  Address 0x40a1e7e4 is not stack'd, malloc'd or (recently) free'd
==1317894== 
==1317894== 
==1317894== Process terminating with default action of signal 11 (SIGSEGV)
==1317894==  Access not within mapped region at address 0x40A1E7E4
==1317894==    at 0x10942E: CWE122_Heap_Based_Buffer_Overflow__c_CWE129_rand_68b_badSink (in /home/loris/Desktop/TestRepositories/Forked/juliet-test-suite-c/Automatic/results/20260707_1536/CWE122/valgrind/bin/CWE122/bad/CWE122_Heap_Based_Buffer_Overflow__c_CWE129_rand_68-bad)
==1317894==    by 0x109358: CWE122_Heap_Based_Buffer_Overflow__c_CWE129_rand_68_bad (in /home/loris/Desktop/TestRepositories/Forked/juliet-test-suite-c/Automatic/results/20260707_1536/CWE122/valgrind/bin/CWE122/bad/CWE122_Heap_Based_Buffer_Overflow__c_CWE129_rand_68-bad)
==1317894==    by 0x10939C: main (in /home/loris/Desktop/TestRepositories/Forked/juliet-test-suite-c/Automatic/results/20260707_1536/CWE122/valgrind/bin/CWE122/bad/CWE122_Heap_Based_Buffer_Overflow__c_CWE129_rand_68-bad)
==1317894==  If you believe this happened as a result of a stack
==1317894==  overflow in your program's main thread (unlikely but
==1317894==  possible), you can try to increase the size of the
==1317894==  main thread stack using the --main-stacksize= flag.
==1317894==  The main thread stack size used in this run was 8388608.
==1317894== 
==1317894== HEAP SUMMARY:
==1317894==     in use at exit: 4,136 bytes in 2 blocks
==1317894==   total heap usage: 2 allocs, 0 frees, 4,136 bytes allocated
==1317894== 
==1317894== LEAK SUMMARY:
==1317894==    definitely lost: 0 bytes in 0 blocks
==1317894==    indirectly lost: 0 bytes in 0 blocks
==1317894==      possibly lost: 0 bytes in 0 blocks
==1317894==    still reachable: 4,136 bytes in 2 blocks
==1317894==         suppressed: 0 bytes in 0 blocks
==1317894== Rerun with --leak-check=full to see details of leaked memory
==1317894== 
==1317894== For lists of detected and suppressed errors, rerun with: -s
==1317894== ERROR SUMMARY: 1 errors from 1 contexts (suppressed: 0 from 0)
