==1323242== Memcheck, a memory error detector
==1323242== Copyright (C) 2002-2022, and GNU GPL'd, by Julian Seward et al.
==1323242== Using Valgrind-3.22.0 and LibVEX; rerun with -h for copyright info
==1323242== Command: /home/loris/Desktop/TestRepositories/Forked/juliet-test-suite-c/Automatic/results/20260707_1536/CWE122/valgrind/bin/CWE122/bad/CWE122_Heap_Based_Buffer_Overflow__c_src_char_cpy_66-bad
==1323242== Parent PID: 1323241
==1323242== 
==1323242== 
==1323242== Process terminating with default action of signal 6 (SIGABRT)
==1323242==    at 0x490DB2C: __pthread_kill_implementation (pthread_kill.c:44)
==1323242==    by 0x490DB2C: __pthread_kill_internal (pthread_kill.c:78)
==1323242==    by 0x490DB2C: pthread_kill@@GLIBC_2.34 (pthread_kill.c:89)
==1323242==    by 0x48B427D: raise (raise.c:26)
==1323242==    by 0x48978FE: abort (abort.c:79)
==1323242==    by 0x48987B5: __libc_message_impl.cold (libc_fatal.c:134)
==1323242==    by 0x49A5C48: __fortify_fail (fortify_fail.c:24)
==1323242==    by 0x49A6ED3: __stack_chk_fail (stack_chk_fail.c:24)
==1323242==    by 0x1094A2: CWE122_Heap_Based_Buffer_Overflow__c_src_char_cpy_66b_badSink (in /home/loris/Desktop/TestRepositories/Forked/juliet-test-suite-c/Automatic/results/20260707_1536/CWE122/valgrind/bin/CWE122/bad/CWE122_Heap_Based_Buffer_Overflow__c_src_char_cpy_66-bad)
==1323242==    by 0x4141414141414140: ???
==1323242==    by 0x4141414141414140: ???
==1323242==    by 0x4141414141414140: ???
==1323242==    by 0x414140: ???
==1323242==    by 0x4037FFF: ??? (in /usr/lib/x86_64-linux-gnu/ld-linux-x86-64.so.2)
==1323242== 
==1323242== HEAP SUMMARY:
==1323242==     in use at exit: 4,096 bytes in 1 blocks
==1323242==   total heap usage: 2 allocs, 1 frees, 4,196 bytes allocated
==1323242== 
==1323242== LEAK SUMMARY:
==1323242==    definitely lost: 0 bytes in 0 blocks
==1323242==    indirectly lost: 0 bytes in 0 blocks
==1323242==      possibly lost: 0 bytes in 0 blocks
==1323242==    still reachable: 4,096 bytes in 1 blocks
==1323242==         suppressed: 0 bytes in 0 blocks
==1323242== Rerun with --leak-check=full to see details of leaked memory
==1323242== 
==1323242== For lists of detected and suppressed errors, rerun with: -s
==1323242== ERROR SUMMARY: 0 errors from 0 contexts (suppressed: 0 from 0)
