==1318557== Memcheck, a memory error detector
==1318557== Copyright (C) 2002-2022, and GNU GPL'd, by Julian Seward et al.
==1318557== Using Valgrind-3.22.0 and LibVEX; rerun with -h for copyright info
==1318557== Command: /home/loris/Desktop/TestRepositories/Forked/juliet-test-suite-c/Automatic/results/20260707_1536/CWE122/valgrind/bin/CWE122/bad/CWE122_Heap_Based_Buffer_Overflow__c_CWE193_char_memmove_15-bad
==1318557== Parent PID: 1318556
==1318557== 
==1318557== Invalid write of size 1
==1318557==    at 0x4852EE3: memmove (in /usr/libexec/valgrind/vgpreload_memcheck-amd64-linux.so)
==1318557==    by 0x1093A3: CWE122_Heap_Based_Buffer_Overflow__c_CWE193_char_memmove_15_bad (in /home/loris/Desktop/TestRepositories/Forked/juliet-test-suite-c/Automatic/results/20260707_1536/CWE122/valgrind/bin/CWE122/bad/CWE122_Heap_Based_Buffer_Overflow__c_CWE193_char_memmove_15-bad)
==1318557==    by 0x10940F: main (in /home/loris/Desktop/TestRepositories/Forked/juliet-test-suite-c/Automatic/results/20260707_1536/CWE122/valgrind/bin/CWE122/bad/CWE122_Heap_Based_Buffer_Overflow__c_CWE193_char_memmove_15-bad)
==1318557==  Address 0x4a8508a is 0 bytes after a block of size 10 alloc'd
==1318557==    at 0x4846828: malloc (in /usr/libexec/valgrind/vgpreload_memcheck-amd64-linux.so)
==1318557==    by 0x109355: CWE122_Heap_Based_Buffer_Overflow__c_CWE193_char_memmove_15_bad (in /home/loris/Desktop/TestRepositories/Forked/juliet-test-suite-c/Automatic/results/20260707_1536/CWE122/valgrind/bin/CWE122/bad/CWE122_Heap_Based_Buffer_Overflow__c_CWE193_char_memmove_15-bad)
==1318557==    by 0x10940F: main (in /home/loris/Desktop/TestRepositories/Forked/juliet-test-suite-c/Automatic/results/20260707_1536/CWE122/valgrind/bin/CWE122/bad/CWE122_Heap_Based_Buffer_Overflow__c_CWE193_char_memmove_15-bad)
==1318557== 
==1318557== Invalid read of size 1
==1318557==    at 0x484F234: strlen (in /usr/libexec/valgrind/vgpreload_memcheck-amd64-linux.so)
==1318557==    by 0x48F6BFC: puts (ioputs.c:35)
==1318557==    by 0x109448: printLine (in /home/loris/Desktop/TestRepositories/Forked/juliet-test-suite-c/Automatic/results/20260707_1536/CWE122/valgrind/bin/CWE122/bad/CWE122_Heap_Based_Buffer_Overflow__c_CWE193_char_memmove_15-bad)
==1318557==    by 0x1093AF: CWE122_Heap_Based_Buffer_Overflow__c_CWE193_char_memmove_15_bad (in /home/loris/Desktop/TestRepositories/Forked/juliet-test-suite-c/Automatic/results/20260707_1536/CWE122/valgrind/bin/CWE122/bad/CWE122_Heap_Based_Buffer_Overflow__c_CWE193_char_memmove_15-bad)
==1318557==    by 0x10940F: main (in /home/loris/Desktop/TestRepositories/Forked/juliet-test-suite-c/Automatic/results/20260707_1536/CWE122/valgrind/bin/CWE122/bad/CWE122_Heap_Based_Buffer_Overflow__c_CWE193_char_memmove_15-bad)
==1318557==  Address 0x4a8508a is 0 bytes after a block of size 10 alloc'd
==1318557==    at 0x4846828: malloc (in /usr/libexec/valgrind/vgpreload_memcheck-amd64-linux.so)
==1318557==    by 0x109355: CWE122_Heap_Based_Buffer_Overflow__c_CWE193_char_memmove_15_bad (in /home/loris/Desktop/TestRepositories/Forked/juliet-test-suite-c/Automatic/results/20260707_1536/CWE122/valgrind/bin/CWE122/bad/CWE122_Heap_Based_Buffer_Overflow__c_CWE193_char_memmove_15-bad)
==1318557==    by 0x10940F: main (in /home/loris/Desktop/TestRepositories/Forked/juliet-test-suite-c/Automatic/results/20260707_1536/CWE122/valgrind/bin/CWE122/bad/CWE122_Heap_Based_Buffer_Overflow__c_CWE193_char_memmove_15-bad)
==1318557== 
==1318557== 
==1318557== HEAP SUMMARY:
==1318557==     in use at exit: 0 bytes in 0 blocks
==1318557==   total heap usage: 2 allocs, 2 frees, 4,106 bytes allocated
==1318557== 
==1318557== All heap blocks were freed -- no leaks are possible
==1318557== 
==1318557== For lists of detected and suppressed errors, rerun with: -s
==1318557== ERROR SUMMARY: 2 errors from 2 contexts (suppressed: 0 from 0)
