==1318414== Memcheck, a memory error detector
==1318414== Copyright (C) 2002-2022, and GNU GPL'd, by Julian Seward et al.
==1318414== Using Valgrind-3.22.0 and LibVEX; rerun with -h for copyright info
==1318414== Command: /home/loris/Desktop/TestRepositories/Forked/juliet-test-suite-c/Automatic/results/20260707_1536/CWE122/valgrind/bin/CWE122/bad/CWE122_Heap_Based_Buffer_Overflow__c_CWE193_char_loop_41-bad
==1318414== Parent PID: 1318413
==1318414== 
==1318414== Invalid write of size 1
==1318414==    at 0x109370: CWE122_Heap_Based_Buffer_Overflow__c_CWE193_char_loop_41_badSink (in /home/loris/Desktop/TestRepositories/Forked/juliet-test-suite-c/Automatic/results/20260707_1536/CWE122/valgrind/bin/CWE122/bad/CWE122_Heap_Based_Buffer_Overflow__c_CWE193_char_loop_41-bad)
==1318414==    by 0x1093F2: CWE122_Heap_Based_Buffer_Overflow__c_CWE193_char_loop_41_bad (in /home/loris/Desktop/TestRepositories/Forked/juliet-test-suite-c/Automatic/results/20260707_1536/CWE122/valgrind/bin/CWE122/bad/CWE122_Heap_Based_Buffer_Overflow__c_CWE193_char_loop_41-bad)
==1318414==    by 0x109432: main (in /home/loris/Desktop/TestRepositories/Forked/juliet-test-suite-c/Automatic/results/20260707_1536/CWE122/valgrind/bin/CWE122/bad/CWE122_Heap_Based_Buffer_Overflow__c_CWE193_char_loop_41-bad)
==1318414==  Address 0x4a8508a is 0 bytes after a block of size 10 alloc'd
==1318414==    at 0x4846828: malloc (in /usr/libexec/valgrind/vgpreload_memcheck-amd64-linux.so)
==1318414==    by 0x1093D1: CWE122_Heap_Based_Buffer_Overflow__c_CWE193_char_loop_41_bad (in /home/loris/Desktop/TestRepositories/Forked/juliet-test-suite-c/Automatic/results/20260707_1536/CWE122/valgrind/bin/CWE122/bad/CWE122_Heap_Based_Buffer_Overflow__c_CWE193_char_loop_41-bad)
==1318414==    by 0x109432: main (in /home/loris/Desktop/TestRepositories/Forked/juliet-test-suite-c/Automatic/results/20260707_1536/CWE122/valgrind/bin/CWE122/bad/CWE122_Heap_Based_Buffer_Overflow__c_CWE193_char_loop_41-bad)
==1318414== 
==1318414== Invalid read of size 1
==1318414==    at 0x484F234: strlen (in /usr/libexec/valgrind/vgpreload_memcheck-amd64-linux.so)
==1318414==    by 0x48F6BFC: puts (ioputs.c:35)
==1318414==    by 0x10946B: printLine (in /home/loris/Desktop/TestRepositories/Forked/juliet-test-suite-c/Automatic/results/20260707_1536/CWE122/valgrind/bin/CWE122/bad/CWE122_Heap_Based_Buffer_Overflow__c_CWE193_char_loop_41-bad)
==1318414==    by 0x109390: CWE122_Heap_Based_Buffer_Overflow__c_CWE193_char_loop_41_badSink (in /home/loris/Desktop/TestRepositories/Forked/juliet-test-suite-c/Automatic/results/20260707_1536/CWE122/valgrind/bin/CWE122/bad/CWE122_Heap_Based_Buffer_Overflow__c_CWE193_char_loop_41-bad)
==1318414==    by 0x1093F2: CWE122_Heap_Based_Buffer_Overflow__c_CWE193_char_loop_41_bad (in /home/loris/Desktop/TestRepositories/Forked/juliet-test-suite-c/Automatic/results/20260707_1536/CWE122/valgrind/bin/CWE122/bad/CWE122_Heap_Based_Buffer_Overflow__c_CWE193_char_loop_41-bad)
==1318414==    by 0x109432: main (in /home/loris/Desktop/TestRepositories/Forked/juliet-test-suite-c/Automatic/results/20260707_1536/CWE122/valgrind/bin/CWE122/bad/CWE122_Heap_Based_Buffer_Overflow__c_CWE193_char_loop_41-bad)
==1318414==  Address 0x4a8508a is 0 bytes after a block of size 10 alloc'd
==1318414==    at 0x4846828: malloc (in /usr/libexec/valgrind/vgpreload_memcheck-amd64-linux.so)
==1318414==    by 0x1093D1: CWE122_Heap_Based_Buffer_Overflow__c_CWE193_char_loop_41_bad (in /home/loris/Desktop/TestRepositories/Forked/juliet-test-suite-c/Automatic/results/20260707_1536/CWE122/valgrind/bin/CWE122/bad/CWE122_Heap_Based_Buffer_Overflow__c_CWE193_char_loop_41-bad)
==1318414==    by 0x109432: main (in /home/loris/Desktop/TestRepositories/Forked/juliet-test-suite-c/Automatic/results/20260707_1536/CWE122/valgrind/bin/CWE122/bad/CWE122_Heap_Based_Buffer_Overflow__c_CWE193_char_loop_41-bad)
==1318414== 
==1318414== 
==1318414== HEAP SUMMARY:
==1318414==     in use at exit: 0 bytes in 0 blocks
==1318414==   total heap usage: 2 allocs, 2 frees, 4,106 bytes allocated
==1318414== 
==1318414== All heap blocks were freed -- no leaks are possible
==1318414== 
==1318414== For lists of detected and suppressed errors, rerun with: -s
==1318414== ERROR SUMMARY: 2 errors from 2 contexts (suppressed: 0 from 0)
