==1319762== Memcheck, a memory error detector
==1319762== Copyright (C) 2002-2022, and GNU GPL'd, by Julian Seward et al.
==1319762== Using Valgrind-3.22.0 and LibVEX; rerun with -h for copyright info
==1319762== Command: /home/loris/Desktop/TestRepositories/Forked/juliet-test-suite-c/Automatic/results/20260707_1536/CWE122/valgrind/bin/CWE122/bad/CWE122_Heap_Based_Buffer_Overflow__c_CWE805_struct_memmove_09-bad
==1319762== Parent PID: 1319761
==1319762== 
==1319762== Invalid write of size 8
==1319762==    at 0x4852E1B: memmove (in /usr/libexec/valgrind/vgpreload_memcheck-amd64-linux.so)
==1319762==    by 0x1093C1: CWE122_Heap_Based_Buffer_Overflow__c_CWE805_struct_memmove_09_bad (in /home/loris/Desktop/TestRepositories/Forked/juliet-test-suite-c/Automatic/results/20260707_1536/CWE122/valgrind/bin/CWE122/bad/CWE122_Heap_Based_Buffer_Overflow__c_CWE805_struct_memmove_09-bad)
==1319762==    by 0x109433: main (in /home/loris/Desktop/TestRepositories/Forked/juliet-test-suite-c/Automatic/results/20260707_1536/CWE122/valgrind/bin/CWE122/bad/CWE122_Heap_Based_Buffer_Overflow__c_CWE805_struct_memmove_09-bad)
==1319762==  Address 0x4a85210 is 0 bytes after a block of size 400 alloc'd
==1319762==    at 0x4846828: malloc (in /usr/libexec/valgrind/vgpreload_memcheck-amd64-linux.so)
==1319762==    by 0x109345: CWE122_Heap_Based_Buffer_Overflow__c_CWE805_struct_memmove_09_bad (in /home/loris/Desktop/TestRepositories/Forked/juliet-test-suite-c/Automatic/results/20260707_1536/CWE122/valgrind/bin/CWE122/bad/CWE122_Heap_Based_Buffer_Overflow__c_CWE805_struct_memmove_09-bad)
==1319762==    by 0x109433: main (in /home/loris/Desktop/TestRepositories/Forked/juliet-test-suite-c/Automatic/results/20260707_1536/CWE122/valgrind/bin/CWE122/bad/CWE122_Heap_Based_Buffer_Overflow__c_CWE805_struct_memmove_09-bad)
==1319762== 
==1319762== Invalid write of size 8
==1319762==    at 0x4852E23: memmove (in /usr/libexec/valgrind/vgpreload_memcheck-amd64-linux.so)
==1319762==    by 0x1093C1: CWE122_Heap_Based_Buffer_Overflow__c_CWE805_struct_memmove_09_bad (in /home/loris/Desktop/TestRepositories/Forked/juliet-test-suite-c/Automatic/results/20260707_1536/CWE122/valgrind/bin/CWE122/bad/CWE122_Heap_Based_Buffer_Overflow__c_CWE805_struct_memmove_09-bad)
==1319762==    by 0x109433: main (in /home/loris/Desktop/TestRepositories/Forked/juliet-test-suite-c/Automatic/results/20260707_1536/CWE122/valgrind/bin/CWE122/bad/CWE122_Heap_Based_Buffer_Overflow__c_CWE805_struct_memmove_09-bad)
==1319762==  Address 0x4a85218 is 8 bytes after a block of size 400 alloc'd
==1319762==    at 0x4846828: malloc (in /usr/libexec/valgrind/vgpreload_memcheck-amd64-linux.so)
==1319762==    by 0x109345: CWE122_Heap_Based_Buffer_Overflow__c_CWE805_struct_memmove_09_bad (in /home/loris/Desktop/TestRepositories/Forked/juliet-test-suite-c/Automatic/results/20260707_1536/CWE122/valgrind/bin/CWE122/bad/CWE122_Heap_Based_Buffer_Overflow__c_CWE805_struct_memmove_09-bad)
==1319762==    by 0x109433: main (in /home/loris/Desktop/TestRepositories/Forked/juliet-test-suite-c/Automatic/results/20260707_1536/CWE122/valgrind/bin/CWE122/bad/CWE122_Heap_Based_Buffer_Overflow__c_CWE805_struct_memmove_09-bad)
==1319762== 
==1319762== Invalid write of size 8
==1319762==    at 0x4852E0B: memmove (in /usr/libexec/valgrind/vgpreload_memcheck-amd64-linux.so)
==1319762==    by 0x1093C1: CWE122_Heap_Based_Buffer_Overflow__c_CWE805_struct_memmove_09_bad (in /home/loris/Desktop/TestRepositories/Forked/juliet-test-suite-c/Automatic/results/20260707_1536/CWE122/valgrind/bin/CWE122/bad/CWE122_Heap_Based_Buffer_Overflow__c_CWE805_struct_memmove_09-bad)
==1319762==    by 0x109433: main (in /home/loris/Desktop/TestRepositories/Forked/juliet-test-suite-c/Automatic/results/20260707_1536/CWE122/valgrind/bin/CWE122/bad/CWE122_Heap_Based_Buffer_Overflow__c_CWE805_struct_memmove_09-bad)
==1319762==  Address 0x4a85220 is 16 bytes after a block of size 400 alloc'd
==1319762==    at 0x4846828: malloc (in /usr/libexec/valgrind/vgpreload_memcheck-amd64-linux.so)
==1319762==    by 0x109345: CWE122_Heap_Based_Buffer_Overflow__c_CWE805_struct_memmove_09_bad (in /home/loris/Desktop/TestRepositories/Forked/juliet-test-suite-c/Automatic/results/20260707_1536/CWE122/valgrind/bin/CWE122/bad/CWE122_Heap_Based_Buffer_Overflow__c_CWE805_struct_memmove_09-bad)
==1319762==    by 0x109433: main (in /home/loris/Desktop/TestRepositories/Forked/juliet-test-suite-c/Automatic/results/20260707_1536/CWE122/valgrind/bin/CWE122/bad/CWE122_Heap_Based_Buffer_Overflow__c_CWE805_struct_memmove_09-bad)
==1319762== 
==1319762== Invalid write of size 8
==1319762==    at 0x4852E13: memmove (in /usr/libexec/valgrind/vgpreload_memcheck-amd64-linux.so)
==1319762==    by 0x1093C1: CWE122_Heap_Based_Buffer_Overflow__c_CWE805_struct_memmove_09_bad (in /home/loris/Desktop/TestRepositories/Forked/juliet-test-suite-c/Automatic/results/20260707_1536/CWE122/valgrind/bin/CWE122/bad/CWE122_Heap_Based_Buffer_Overflow__c_CWE805_struct_memmove_09-bad)
==1319762==    by 0x109433: main (in /home/loris/Desktop/TestRepositories/Forked/juliet-test-suite-c/Automatic/results/20260707_1536/CWE122/valgrind/bin/CWE122/bad/CWE122_Heap_Based_Buffer_Overflow__c_CWE805_struct_memmove_09-bad)
==1319762==  Address 0x4a85228 is 24 bytes after a block of size 400 in arena "client"
==1319762== 
==1319762== 
==1319762== HEAP SUMMARY:
==1319762==     in use at exit: 0 bytes in 0 blocks
==1319762==   total heap usage: 2 allocs, 2 frees, 4,496 bytes allocated
==1319762== 
==1319762== All heap blocks were freed -- no leaks are possible
==1319762== 
==1319762== For lists of detected and suppressed errors, rerun with: -s
==1319762== ERROR SUMMARY: 50 errors from 4 contexts (suppressed: 0 from 0)
