==1314323== Memcheck, a memory error detector
==1314323== Copyright (C) 2002-2022, and GNU GPL'd, by Julian Seward et al.
==1314323== Using Valgrind-3.22.0 and LibVEX; rerun with -h for copyright info
==1314323== Command: /home/loris/Desktop/TestRepositories/Forked/juliet-test-suite-c/Automatic/results/20260707_1536/CWE122/valgrind/bin/CWE122/good/CWE122_Heap_Based_Buffer_Overflow__c_CWE129_listen_socket_54-good
==1314323== Parent PID: 1314322
==1314323== 
==1314323== 
==1314323== Process terminating with default action of signal 15 (SIGTERM)
==1314323==    at 0x499A834: accept (accept.c:26)
==1314323==    by 0x1094F4: goodB2G (in /home/loris/Desktop/TestRepositories/Forked/juliet-test-suite-c/Automatic/results/20260707_1536/CWE122/valgrind/bin/CWE122/good/CWE122_Heap_Based_Buffer_Overflow__c_CWE129_listen_socket_54-good)
==1314323==    by 0x1095A6: CWE122_Heap_Based_Buffer_Overflow__c_CWE129_listen_socket_54_good (in /home/loris/Desktop/TestRepositories/Forked/juliet-test-suite-c/Automatic/results/20260707_1536/CWE122/valgrind/bin/CWE122/good/CWE122_Heap_Based_Buffer_Overflow__c_CWE129_listen_socket_54-good)
==1314323==    by 0x1095E6: main (in /home/loris/Desktop/TestRepositories/Forked/juliet-test-suite-c/Automatic/results/20260707_1536/CWE122/valgrind/bin/CWE122/good/CWE122_Heap_Based_Buffer_Overflow__c_CWE129_listen_socket_54-good)
==1314323== 
==1314323== HEAP SUMMARY:
==1314323==     in use at exit: 4,096 bytes in 1 blocks
==1314323==   total heap usage: 2 allocs, 1 frees, 4,136 bytes allocated
==1314323== 
==1314323== LEAK SUMMARY:
==1314323==    definitely lost: 0 bytes in 0 blocks
==1314323==    indirectly lost: 0 bytes in 0 blocks
==1314323==      possibly lost: 0 bytes in 0 blocks
==1314323==    still reachable: 4,096 bytes in 1 blocks
==1314323==         suppressed: 0 bytes in 0 blocks
==1314323== Rerun with --leak-check=full to see details of leaked memory
==1314323== 
==1314323== For lists of detected and suppressed errors, rerun with: -s
==1314323== ERROR SUMMARY: 0 errors from 0 contexts (suppressed: 0 from 0)
