==1314317== Memcheck, a memory error detector
==1314317== Copyright (C) 2002-2022, and GNU GPL'd, by Julian Seward et al.
==1314317== Using Valgrind-3.22.0 and LibVEX; rerun with -h for copyright info
==1314317== Command: /home/loris/Desktop/TestRepositories/Forked/juliet-test-suite-c/Automatic/results/20260707_1536/CWE122/valgrind/bin/CWE122/good/CWE122_Heap_Based_Buffer_Overflow__c_CWE129_listen_socket_51-good
==1314317== Parent PID: 1314316
==1314317== 
==1314317== 
==1314317== Process terminating with default action of signal 15 (SIGTERM)
==1314317==    at 0x499A834: accept (accept.c:26)
==1314317==    by 0x1094F4: goodB2G (in /home/loris/Desktop/TestRepositories/Forked/juliet-test-suite-c/Automatic/results/20260707_1536/CWE122/valgrind/bin/CWE122/good/CWE122_Heap_Based_Buffer_Overflow__c_CWE129_listen_socket_51-good)
==1314317==    by 0x1095A6: CWE122_Heap_Based_Buffer_Overflow__c_CWE129_listen_socket_51_good (in /home/loris/Desktop/TestRepositories/Forked/juliet-test-suite-c/Automatic/results/20260707_1536/CWE122/valgrind/bin/CWE122/good/CWE122_Heap_Based_Buffer_Overflow__c_CWE129_listen_socket_51-good)
==1314317==    by 0x1095E6: main (in /home/loris/Desktop/TestRepositories/Forked/juliet-test-suite-c/Automatic/results/20260707_1536/CWE122/valgrind/bin/CWE122/good/CWE122_Heap_Based_Buffer_Overflow__c_CWE129_listen_socket_51-good)
==1314317== 
==1314317== HEAP SUMMARY:
==1314317==     in use at exit: 4,096 bytes in 1 blocks
==1314317==   total heap usage: 2 allocs, 1 frees, 4,136 bytes allocated
==1314317== 
==1314317== LEAK SUMMARY:
==1314317==    definitely lost: 0 bytes in 0 blocks
==1314317==    indirectly lost: 0 bytes in 0 blocks
==1314317==      possibly lost: 0 bytes in 0 blocks
==1314317==    still reachable: 4,096 bytes in 1 blocks
==1314317==         suppressed: 0 bytes in 0 blocks
==1314317== Rerun with --leak-check=full to see details of leaked memory
==1314317== 
==1314317== For lists of detected and suppressed errors, rerun with: -s
==1314317== ERROR SUMMARY: 0 errors from 0 contexts (suppressed: 0 from 0)
