==1317802== Memcheck, a memory error detector
==1317802== Copyright (C) 2002-2022, and GNU GPL'd, by Julian Seward et al.
==1317802== Using Valgrind-3.22.0 and LibVEX; rerun with -h for copyright info
==1317802== Command: /home/loris/Desktop/TestRepositories/Forked/juliet-test-suite-c/Automatic/results/20260707_1536/CWE122/valgrind/bin/CWE122/bad/CWE122_Heap_Based_Buffer_Overflow__c_CWE129_rand_21-bad
==1317802== Parent PID: 1317801
==1317802== 
==1317802== Invalid write of size 4
==1317802==    at 0x10936C: badSink (in /home/loris/Desktop/TestRepositories/Forked/juliet-test-suite-c/Automatic/results/20260707_1536/CWE122/valgrind/bin/CWE122/bad/CWE122_Heap_Based_Buffer_Overflow__c_CWE129_rand_21-bad)
==1317802==    by 0x109432: CWE122_Heap_Based_Buffer_Overflow__c_CWE129_rand_21_bad (in /home/loris/Desktop/TestRepositories/Forked/juliet-test-suite-c/Automatic/results/20260707_1536/CWE122/valgrind/bin/CWE122/bad/CWE122_Heap_Based_Buffer_Overflow__c_CWE129_rand_21-bad)
==1317802==    by 0x109476: main (in /home/loris/Desktop/TestRepositories/Forked/juliet-test-suite-c/Automatic/results/20260707_1536/CWE122/valgrind/bin/CWE122/bad/CWE122_Heap_Based_Buffer_Overflow__c_CWE129_rand_21-bad)
==1317802==  Address 0x1916a23d8 is not stack'd, malloc'd or (recently) free'd
==1317802== 
==1317802== 
==1317802== Process terminating with default action of signal 11 (SIGSEGV)
==1317802==  Access not within mapped region at address 0x1916A23D8
==1317802==    at 0x10936C: badSink (in /home/loris/Desktop/TestRepositories/Forked/juliet-test-suite-c/Automatic/results/20260707_1536/CWE122/valgrind/bin/CWE122/bad/CWE122_Heap_Based_Buffer_Overflow__c_CWE129_rand_21-bad)
==1317802==    by 0x109432: CWE122_Heap_Based_Buffer_Overflow__c_CWE129_rand_21_bad (in /home/loris/Desktop/TestRepositories/Forked/juliet-test-suite-c/Automatic/results/20260707_1536/CWE122/valgrind/bin/CWE122/bad/CWE122_Heap_Based_Buffer_Overflow__c_CWE129_rand_21-bad)
==1317802==    by 0x109476: main (in /home/loris/Desktop/TestRepositories/Forked/juliet-test-suite-c/Automatic/results/20260707_1536/CWE122/valgrind/bin/CWE122/bad/CWE122_Heap_Based_Buffer_Overflow__c_CWE129_rand_21-bad)
==1317802==  If you believe this happened as a result of a stack
==1317802==  overflow in your program's main thread (unlikely but
==1317802==  possible), you can try to increase the size of the
==1317802==  main thread stack using the --main-stacksize= flag.
==1317802==  The main thread stack size used in this run was 8388608.
==1317802== 
==1317802== HEAP SUMMARY:
==1317802==     in use at exit: 4,136 bytes in 2 blocks
==1317802==   total heap usage: 2 allocs, 0 frees, 4,136 bytes allocated
==1317802== 
==1317802== LEAK SUMMARY:
==1317802==    definitely lost: 0 bytes in 0 blocks
==1317802==    indirectly lost: 0 bytes in 0 blocks
==1317802==      possibly lost: 0 bytes in 0 blocks
==1317802==    still reachable: 4,136 bytes in 2 blocks
==1317802==         suppressed: 0 bytes in 0 blocks
==1317802== Rerun with --leak-check=full to see details of leaked memory
==1317802== 
==1317802== For lists of detected and suppressed errors, rerun with: -s
==1317802== ERROR SUMMARY: 1 errors from 1 contexts (suppressed: 0 from 0)
