==1314265== Memcheck, a memory error detector
==1314265== Copyright (C) 2002-2022, and GNU GPL'd, by Julian Seward et al.
==1314265== Using Valgrind-3.22.0 and LibVEX; rerun with -h for copyright info
==1314265== Command: /home/loris/Desktop/TestRepositories/Forked/juliet-test-suite-c/Automatic/results/20260707_1536/CWE122/valgrind/bin/CWE122/good/CWE122_Heap_Based_Buffer_Overflow__c_CWE129_listen_socket_03-good
==1314265== Parent PID: 1314264
==1314265== 
==1314265== 
==1314265== Process terminating with default action of signal 15 (SIGTERM)
==1314265==    at 0x499A834: accept (accept.c:26)
==1314265==    by 0x1094CD: goodB2G1 (in /home/loris/Desktop/TestRepositories/Forked/juliet-test-suite-c/Automatic/results/20260707_1536/CWE122/valgrind/bin/CWE122/good/CWE122_Heap_Based_Buffer_Overflow__c_CWE129_listen_socket_03-good)
==1314265==    by 0x1099E6: CWE122_Heap_Based_Buffer_Overflow__c_CWE129_listen_socket_03_good (in /home/loris/Desktop/TestRepositories/Forked/juliet-test-suite-c/Automatic/results/20260707_1536/CWE122/valgrind/bin/CWE122/good/CWE122_Heap_Based_Buffer_Overflow__c_CWE129_listen_socket_03-good)
==1314265==    by 0x109A44: main (in /home/loris/Desktop/TestRepositories/Forked/juliet-test-suite-c/Automatic/results/20260707_1536/CWE122/valgrind/bin/CWE122/good/CWE122_Heap_Based_Buffer_Overflow__c_CWE129_listen_socket_03-good)
==1314265== 
==1314265== HEAP SUMMARY:
==1314265==     in use at exit: 4,096 bytes in 1 blocks
==1314265==   total heap usage: 1 allocs, 0 frees, 4,096 bytes allocated
==1314265== 
==1314265== LEAK SUMMARY:
==1314265==    definitely lost: 0 bytes in 0 blocks
==1314265==    indirectly lost: 0 bytes in 0 blocks
==1314265==      possibly lost: 0 bytes in 0 blocks
==1314265==    still reachable: 4,096 bytes in 1 blocks
==1314265==         suppressed: 0 bytes in 0 blocks
==1314265== Rerun with --leak-check=full to see details of leaked memory
==1314265== 
==1314265== For lists of detected and suppressed errors, rerun with: -s
==1314265== ERROR SUMMARY: 0 errors from 0 contexts (suppressed: 0 from 0)
