==1317881== Memcheck, a memory error detector
==1317881== Copyright (C) 2002-2022, and GNU GPL'd, by Julian Seward et al.
==1317881== Using Valgrind-3.22.0 and LibVEX; rerun with -h for copyright info
==1317881== Command: /home/loris/Desktop/TestRepositories/Forked/juliet-test-suite-c/Automatic/results/20260707_1536/CWE122/valgrind/bin/CWE122/bad/CWE122_Heap_Based_Buffer_Overflow__c_CWE129_rand_67-bad
==1317881== Parent PID: 1317880
==1317881== 
==1317881== Invalid write of size 4
==1317881==    at 0x10942B: CWE122_Heap_Based_Buffer_Overflow__c_CWE129_rand_67b_badSink (in /home/loris/Desktop/TestRepositories/Forked/juliet-test-suite-c/Automatic/results/20260707_1536/CWE122/valgrind/bin/CWE122/bad/CWE122_Heap_Based_Buffer_Overflow__c_CWE129_rand_67-bad)
==1317881==    by 0x109355: CWE122_Heap_Based_Buffer_Overflow__c_CWE129_rand_67_bad (in /home/loris/Desktop/TestRepositories/Forked/juliet-test-suite-c/Automatic/results/20260707_1536/CWE122/valgrind/bin/CWE122/bad/CWE122_Heap_Based_Buffer_Overflow__c_CWE129_rand_67-bad)
==1317881==    by 0x109399: main (in /home/loris/Desktop/TestRepositories/Forked/juliet-test-suite-c/Automatic/results/20260707_1536/CWE122/valgrind/bin/CWE122/bad/CWE122_Heap_Based_Buffer_Overflow__c_CWE129_rand_67-bad)
==1317881==  Address 0x40a1e7e4 is not stack'd, malloc'd or (recently) free'd
==1317881== 
==1317881== 
==1317881== Process terminating with default action of signal 11 (SIGSEGV)
==1317881==  Access not within mapped region at address 0x40A1E7E4
==1317881==    at 0x10942B: CWE122_Heap_Based_Buffer_Overflow__c_CWE129_rand_67b_badSink (in /home/loris/Desktop/TestRepositories/Forked/juliet-test-suite-c/Automatic/results/20260707_1536/CWE122/valgrind/bin/CWE122/bad/CWE122_Heap_Based_Buffer_Overflow__c_CWE129_rand_67-bad)
==1317881==    by 0x109355: CWE122_Heap_Based_Buffer_Overflow__c_CWE129_rand_67_bad (in /home/loris/Desktop/TestRepositories/Forked/juliet-test-suite-c/Automatic/results/20260707_1536/CWE122/valgrind/bin/CWE122/bad/CWE122_Heap_Based_Buffer_Overflow__c_CWE129_rand_67-bad)
==1317881==    by 0x109399: main (in /home/loris/Desktop/TestRepositories/Forked/juliet-test-suite-c/Automatic/results/20260707_1536/CWE122/valgrind/bin/CWE122/bad/CWE122_Heap_Based_Buffer_Overflow__c_CWE129_rand_67-bad)
==1317881==  If you believe this happened as a result of a stack
==1317881==  overflow in your program's main thread (unlikely but
==1317881==  possible), you can try to increase the size of the
==1317881==  main thread stack using the --main-stacksize= flag.
==1317881==  The main thread stack size used in this run was 8388608.
==1317881== 
==1317881== HEAP SUMMARY:
==1317881==     in use at exit: 4,136 bytes in 2 blocks
==1317881==   total heap usage: 2 allocs, 0 frees, 4,136 bytes allocated
==1317881== 
==1317881== LEAK SUMMARY:
==1317881==    definitely lost: 0 bytes in 0 blocks
==1317881==    indirectly lost: 0 bytes in 0 blocks
==1317881==      possibly lost: 0 bytes in 0 blocks
==1317881==    still reachable: 4,136 bytes in 2 blocks
==1317881==         suppressed: 0 bytes in 0 blocks
==1317881== Rerun with --leak-check=full to see details of leaked memory
==1317881== 
==1317881== For lists of detected and suppressed errors, rerun with: -s
==1317881== ERROR SUMMARY: 1 errors from 1 contexts (suppressed: 0 from 0)
