==1322657== Memcheck, a memory error detector
==1322657== Copyright (C) 2002-2022, and GNU GPL'd, by Julian Seward et al.
==1322657== Using Valgrind-3.22.0 and LibVEX; rerun with -h for copyright info
==1322657== Command: /home/loris/Desktop/TestRepositories/Forked/juliet-test-suite-c/Automatic/results/20260707_1536/CWE122/valgrind/bin/CWE122/bad/CWE122_Heap_Based_Buffer_Overflow__c_src_char_cat_22-bad
==1322657== Parent PID: 1322656
==1322657== 
==1322657== 
==1322657== Process terminating with default action of signal 6 (SIGABRT)
==1322657==    at 0x490DB2C: __pthread_kill_implementation (pthread_kill.c:44)
==1322657==    by 0x490DB2C: __pthread_kill_internal (pthread_kill.c:78)
==1322657==    by 0x490DB2C: pthread_kill@@GLIBC_2.34 (pthread_kill.c:89)
==1322657==    by 0x48B427D: raise (raise.c:26)
==1322657==    by 0x48978FE: abort (abort.c:79)
==1322657==    by 0x48987B5: __libc_message_impl.cold (libc_fatal.c:134)
==1322657==    by 0x49A5C48: __fortify_fail (fortify_fail.c:24)
==1322657==    by 0x49A6ED3: __stack_chk_fail (stack_chk_fail.c:24)
==1322657==    by 0x1093F2: CWE122_Heap_Based_Buffer_Overflow__c_src_char_cat_22_bad (in /home/loris/Desktop/TestRepositories/Forked/juliet-test-suite-c/Automatic/results/20260707_1536/CWE122/valgrind/bin/CWE122/bad/CWE122_Heap_Based_Buffer_Overflow__c_src_char_cat_22-bad)
==1322657==    by 0x4141414141414140: ???
==1322657==    by 0x4141414141414140: ???
==1322657==    by 0x4141414141414140: ???
==1322657==    by 0x1F00414140: ???
==1322657==    by 0x48991C9: (below main) (libc_start_call_main.h:58)
==1322657== 
==1322657== HEAP SUMMARY:
==1322657==     in use at exit: 4,096 bytes in 1 blocks
==1322657==   total heap usage: 2 allocs, 1 frees, 4,196 bytes allocated
==1322657== 
==1322657== LEAK SUMMARY:
==1322657==    definitely lost: 0 bytes in 0 blocks
==1322657==    indirectly lost: 0 bytes in 0 blocks
==1322657==      possibly lost: 0 bytes in 0 blocks
==1322657==    still reachable: 4,096 bytes in 1 blocks
==1322657==         suppressed: 0 bytes in 0 blocks
==1322657== Rerun with --leak-check=full to see details of leaked memory
==1322657== 
==1322657== For lists of detected and suppressed errors, rerun with: -s
==1322657== ERROR SUMMARY: 0 errors from 0 contexts (suppressed: 0 from 0)
