==1319204== Memcheck, a memory error detector
==1319204== Copyright (C) 2002-2022, and GNU GPL'd, by Julian Seward et al.
==1319204== Using Valgrind-3.22.0 and LibVEX; rerun with -h for copyright info
==1319204== Command: /home/loris/Desktop/TestRepositories/Forked/juliet-test-suite-c/Automatic/results/20260707_1536/CWE122/valgrind/bin/CWE122/bad/CWE122_Heap_Based_Buffer_Overflow__c_CWE805_int64_t_loop_64-bad
==1319204== Parent PID: 1319203
==1319204== 
==1319204== Invalid write of size 8
==1319204==    at 0x109433: CWE122_Heap_Based_Buffer_Overflow__c_CWE805_int64_t_loop_64b_badSink (in /home/loris/Desktop/TestRepositories/Forked/juliet-test-suite-c/Automatic/results/20260707_1536/CWE122/valgrind/bin/CWE122/bad/CWE122_Heap_Based_Buffer_Overflow__c_CWE805_int64_t_loop_64-bad)
==1319204==    by 0x109338: CWE122_Heap_Based_Buffer_Overflow__c_CWE805_int64_t_loop_64_bad (in /home/loris/Desktop/TestRepositories/Forked/juliet-test-suite-c/Automatic/results/20260707_1536/CWE122/valgrind/bin/CWE122/bad/CWE122_Heap_Based_Buffer_Overflow__c_CWE805_int64_t_loop_64-bad)
==1319204==    by 0x10938C: main (in /home/loris/Desktop/TestRepositories/Forked/juliet-test-suite-c/Automatic/results/20260707_1536/CWE122/valgrind/bin/CWE122/bad/CWE122_Heap_Based_Buffer_Overflow__c_CWE805_int64_t_loop_64-bad)
==1319204==  Address 0x4a85210 is 0 bytes after a block of size 400 alloc'd
==1319204==    at 0x4846828: malloc (in /usr/libexec/valgrind/vgpreload_memcheck-amd64-linux.so)
==1319204==    by 0x109315: CWE122_Heap_Based_Buffer_Overflow__c_CWE805_int64_t_loop_64_bad (in /home/loris/Desktop/TestRepositories/Forked/juliet-test-suite-c/Automatic/results/20260707_1536/CWE122/valgrind/bin/CWE122/bad/CWE122_Heap_Based_Buffer_Overflow__c_CWE805_int64_t_loop_64-bad)
==1319204==    by 0x10938C: main (in /home/loris/Desktop/TestRepositories/Forked/juliet-test-suite-c/Automatic/results/20260707_1536/CWE122/valgrind/bin/CWE122/bad/CWE122_Heap_Based_Buffer_Overflow__c_CWE805_int64_t_loop_64-bad)
==1319204== 
==1319204== 
==1319204== HEAP SUMMARY:
==1319204==     in use at exit: 0 bytes in 0 blocks
==1319204==   total heap usage: 2 allocs, 2 frees, 4,496 bytes allocated
==1319204== 
==1319204== All heap blocks were freed -- no leaks are possible
==1319204== 
==1319204== For lists of detected and suppressed errors, rerun with: -s
==1319204== ERROR SUMMARY: 50 errors from 1 contexts (suppressed: 0 from 0)
