==1317647== Memcheck, a memory error detector
==1317647== Copyright (C) 2002-2022, and GNU GPL'd, by Julian Seward et al.
==1317647== Using Valgrind-3.22.0 and LibVEX; rerun with -h for copyright info
==1317647== Command: /home/loris/Desktop/TestRepositories/Forked/juliet-test-suite-c/Automatic/results/20260707_1536/CWE122/valgrind/bin/CWE122/bad/CWE122_Heap_Based_Buffer_Overflow__c_CWE129_listen_socket_14-bad
==1317647== Parent PID: 1317646
==1317647== 
==1317647== 
==1317647== Process terminating with default action of signal 15 (SIGTERM)
==1317647==    at 0x499A834: accept (accept.c:26)
==1317647==    by 0x1094DC: CWE122_Heap_Based_Buffer_Overflow__c_CWE129_listen_socket_14_bad (in /home/loris/Desktop/TestRepositories/Forked/juliet-test-suite-c/Automatic/results/20260707_1536/CWE122/valgrind/bin/CWE122/bad/CWE122_Heap_Based_Buffer_Overflow__c_CWE129_listen_socket_14-bad)
==1317647==    by 0x10966D: main (in /home/loris/Desktop/TestRepositories/Forked/juliet-test-suite-c/Automatic/results/20260707_1536/CWE122/valgrind/bin/CWE122/bad/CWE122_Heap_Based_Buffer_Overflow__c_CWE129_listen_socket_14-bad)
==1317647== 
==1317647== HEAP SUMMARY:
==1317647==     in use at exit: 4,096 bytes in 1 blocks
==1317647==   total heap usage: 1 allocs, 0 frees, 4,096 bytes allocated
==1317647== 
==1317647== LEAK SUMMARY:
==1317647==    definitely lost: 0 bytes in 0 blocks
==1317647==    indirectly lost: 0 bytes in 0 blocks
==1317647==      possibly lost: 0 bytes in 0 blocks
==1317647==    still reachable: 4,096 bytes in 1 blocks
==1317647==         suppressed: 0 bytes in 0 blocks
==1317647== Rerun with --leak-check=full to see details of leaked memory
==1317647== 
==1317647== For lists of detected and suppressed errors, rerun with: -s
==1317647== ERROR SUMMARY: 0 errors from 0 contexts (suppressed: 0 from 0)
