==1317965== Memcheck, a memory error detector
==1317965== Copyright (C) 2002-2022, and GNU GPL'd, by Julian Seward et al.
==1317965== Using Valgrind-3.22.0 and LibVEX; rerun with -h for copyright info
==1317965== Command: /home/loris/Desktop/TestRepositories/Forked/juliet-test-suite-c/Automatic/results/20260707_1536/CWE122/valgrind/bin/CWE122/bad/CWE122_Heap_Based_Buffer_Overflow__c_CWE193_char_cpy_52-bad
==1317965== Parent PID: 1317964
==1317965== 
==1317965== Invalid write of size 1
==1317965==    at 0x484F39E: strcpy (in /usr/libexec/valgrind/vgpreload_memcheck-amd64-linux.so)
==1317965==    by 0x109403: CWE122_Heap_Based_Buffer_Overflow__c_CWE193_char_cpy_52c_badSink (in /home/loris/Desktop/TestRepositories/Forked/juliet-test-suite-c/Automatic/results/20260707_1536/CWE122/valgrind/bin/CWE122/bad/CWE122_Heap_Based_Buffer_Overflow__c_CWE193_char_cpy_52-bad)
==1317965==    by 0x1093B9: CWE122_Heap_Based_Buffer_Overflow__c_CWE193_char_cpy_52b_badSink (in /home/loris/Desktop/TestRepositories/Forked/juliet-test-suite-c/Automatic/results/20260707_1536/CWE122/valgrind/bin/CWE122/bad/CWE122_Heap_Based_Buffer_Overflow__c_CWE193_char_cpy_52-bad)
==1317965==    by 0x109347: CWE122_Heap_Based_Buffer_Overflow__c_CWE193_char_cpy_52_bad (in /home/loris/Desktop/TestRepositories/Forked/juliet-test-suite-c/Automatic/results/20260707_1536/CWE122/valgrind/bin/CWE122/bad/CWE122_Heap_Based_Buffer_Overflow__c_CWE193_char_cpy_52-bad)
==1317965==    by 0x109387: main (in /home/loris/Desktop/TestRepositories/Forked/juliet-test-suite-c/Automatic/results/20260707_1536/CWE122/valgrind/bin/CWE122/bad/CWE122_Heap_Based_Buffer_Overflow__c_CWE193_char_cpy_52-bad)
==1317965==  Address 0x4a8508a is 0 bytes after a block of size 10 alloc'd
==1317965==    at 0x4846828: malloc (in /usr/libexec/valgrind/vgpreload_memcheck-amd64-linux.so)
==1317965==    by 0x109326: CWE122_Heap_Based_Buffer_Overflow__c_CWE193_char_cpy_52_bad (in /home/loris/Desktop/TestRepositories/Forked/juliet-test-suite-c/Automatic/results/20260707_1536/CWE122/valgrind/bin/CWE122/bad/CWE122_Heap_Based_Buffer_Overflow__c_CWE193_char_cpy_52-bad)
==1317965==    by 0x109387: main (in /home/loris/Desktop/TestRepositories/Forked/juliet-test-suite-c/Automatic/results/20260707_1536/CWE122/valgrind/bin/CWE122/bad/CWE122_Heap_Based_Buffer_Overflow__c_CWE193_char_cpy_52-bad)
==1317965== 
==1317965== Invalid read of size 1
==1317965==    at 0x484F234: strlen (in /usr/libexec/valgrind/vgpreload_memcheck-amd64-linux.so)
==1317965==    by 0x48F6BFC: puts (ioputs.c:35)
==1317965==    by 0x109455: printLine (in /home/loris/Desktop/TestRepositories/Forked/juliet-test-suite-c/Automatic/results/20260707_1536/CWE122/valgrind/bin/CWE122/bad/CWE122_Heap_Based_Buffer_Overflow__c_CWE193_char_cpy_52-bad)
==1317965==    by 0x10940F: CWE122_Heap_Based_Buffer_Overflow__c_CWE193_char_cpy_52c_badSink (in /home/loris/Desktop/TestRepositories/Forked/juliet-test-suite-c/Automatic/results/20260707_1536/CWE122/valgrind/bin/CWE122/bad/CWE122_Heap_Based_Buffer_Overflow__c_CWE193_char_cpy_52-bad)
==1317965==    by 0x1093B9: CWE122_Heap_Based_Buffer_Overflow__c_CWE193_char_cpy_52b_badSink (in /home/loris/Desktop/TestRepositories/Forked/juliet-test-suite-c/Automatic/results/20260707_1536/CWE122/valgrind/bin/CWE122/bad/CWE122_Heap_Based_Buffer_Overflow__c_CWE193_char_cpy_52-bad)
==1317965==    by 0x109347: CWE122_Heap_Based_Buffer_Overflow__c_CWE193_char_cpy_52_bad (in /home/loris/Desktop/TestRepositories/Forked/juliet-test-suite-c/Automatic/results/20260707_1536/CWE122/valgrind/bin/CWE122/bad/CWE122_Heap_Based_Buffer_Overflow__c_CWE193_char_cpy_52-bad)
==1317965==    by 0x109387: main (in /home/loris/Desktop/TestRepositories/Forked/juliet-test-suite-c/Automatic/results/20260707_1536/CWE122/valgrind/bin/CWE122/bad/CWE122_Heap_Based_Buffer_Overflow__c_CWE193_char_cpy_52-bad)
==1317965==  Address 0x4a8508a is 0 bytes after a block of size 10 alloc'd
==1317965==    at 0x4846828: malloc (in /usr/libexec/valgrind/vgpreload_memcheck-amd64-linux.so)
==1317965==    by 0x109326: CWE122_Heap_Based_Buffer_Overflow__c_CWE193_char_cpy_52_bad (in /home/loris/Desktop/TestRepositories/Forked/juliet-test-suite-c/Automatic/results/20260707_1536/CWE122/valgrind/bin/CWE122/bad/CWE122_Heap_Based_Buffer_Overflow__c_CWE193_char_cpy_52-bad)
==1317965==    by 0x109387: main (in /home/loris/Desktop/TestRepositories/Forked/juliet-test-suite-c/Automatic/results/20260707_1536/CWE122/valgrind/bin/CWE122/bad/CWE122_Heap_Based_Buffer_Overflow__c_CWE193_char_cpy_52-bad)
==1317965== 
==1317965== 
==1317965== HEAP SUMMARY:
==1317965==     in use at exit: 0 bytes in 0 blocks
==1317965==   total heap usage: 2 allocs, 2 frees, 4,106 bytes allocated
==1317965== 
==1317965== All heap blocks were freed -- no leaks are possible
==1317965== 
==1317965== For lists of detected and suppressed errors, rerun with: -s
==1317965== ERROR SUMMARY: 2 errors from 2 contexts (suppressed: 0 from 0)
