==1314297== Memcheck, a memory error detector
==1314297== Copyright (C) 2002-2022, and GNU GPL'd, by Julian Seward et al.
==1314297== Using Valgrind-3.22.0 and LibVEX; rerun with -h for copyright info
==1314297== Command: /home/loris/Desktop/TestRepositories/Forked/juliet-test-suite-c/Automatic/results/20260707_1536/CWE122/valgrind/bin/CWE122/good/CWE122_Heap_Based_Buffer_Overflow__c_CWE129_listen_socket_18-good
==1314297== Parent PID: 1314296
==1314297== 
==1314297== 
==1314297== Process terminating with default action of signal 15 (SIGTERM)
==1314297==    at 0x499A834: accept (accept.c:26)
==1314297==    by 0x1094CE: goodB2G (in /home/loris/Desktop/TestRepositories/Forked/juliet-test-suite-c/Automatic/results/20260707_1536/CWE122/valgrind/bin/CWE122/good/CWE122_Heap_Based_Buffer_Overflow__c_CWE129_listen_socket_18-good)
==1314297==    by 0x109704: CWE122_Heap_Based_Buffer_Overflow__c_CWE129_listen_socket_18_good (in /home/loris/Desktop/TestRepositories/Forked/juliet-test-suite-c/Automatic/results/20260707_1536/CWE122/valgrind/bin/CWE122/good/CWE122_Heap_Based_Buffer_Overflow__c_CWE129_listen_socket_18-good)
==1314297==    by 0x10974E: main (in /home/loris/Desktop/TestRepositories/Forked/juliet-test-suite-c/Automatic/results/20260707_1536/CWE122/valgrind/bin/CWE122/good/CWE122_Heap_Based_Buffer_Overflow__c_CWE129_listen_socket_18-good)
==1314297== 
==1314297== HEAP SUMMARY:
==1314297==     in use at exit: 4,096 bytes in 1 blocks
==1314297==   total heap usage: 1 allocs, 0 frees, 4,096 bytes allocated
==1314297== 
==1314297== LEAK SUMMARY:
==1314297==    definitely lost: 0 bytes in 0 blocks
==1314297==    indirectly lost: 0 bytes in 0 blocks
==1314297==      possibly lost: 0 bytes in 0 blocks
==1314297==    still reachable: 4,096 bytes in 1 blocks
==1314297==         suppressed: 0 bytes in 0 blocks
==1314297== Rerun with --leak-check=full to see details of leaked memory
==1314297== 
==1314297== For lists of detected and suppressed errors, rerun with: -s
==1314297== ERROR SUMMARY: 0 errors from 0 contexts (suppressed: 0 from 0)
