==1317693== Memcheck, a memory error detector
==1317693== Copyright (C) 2002-2022, and GNU GPL'd, by Julian Seward et al.
==1317693== Using Valgrind-3.22.0 and LibVEX; rerun with -h for copyright info
==1317693== Command: /home/loris/Desktop/TestRepositories/Forked/juliet-test-suite-c/Automatic/results/20260707_1536/CWE122/valgrind/bin/CWE122/bad/CWE122_Heap_Based_Buffer_Overflow__c_CWE129_listen_socket_67-bad
==1317693== Parent PID: 1317692
==1317693== 
==1317693== 
==1317693== Process terminating with default action of signal 15 (SIGTERM)
==1317693==    at 0x499A834: accept (accept.c:26)
==1317693==    by 0x1094CD: CWE122_Heap_Based_Buffer_Overflow__c_CWE129_listen_socket_67_bad (in /home/loris/Desktop/TestRepositories/Forked/juliet-test-suite-c/Automatic/results/20260707_1536/CWE122/valgrind/bin/CWE122/bad/CWE122_Heap_Based_Buffer_Overflow__c_CWE129_listen_socket_67-bad)
==1317693==    by 0x1095A6: main (in /home/loris/Desktop/TestRepositories/Forked/juliet-test-suite-c/Automatic/results/20260707_1536/CWE122/valgrind/bin/CWE122/bad/CWE122_Heap_Based_Buffer_Overflow__c_CWE129_listen_socket_67-bad)
==1317693== 
==1317693== HEAP SUMMARY:
==1317693==     in use at exit: 4,096 bytes in 1 blocks
==1317693==   total heap usage: 1 allocs, 0 frees, 4,096 bytes allocated
==1317693== 
==1317693== LEAK SUMMARY:
==1317693==    definitely lost: 0 bytes in 0 blocks
==1317693==    indirectly lost: 0 bytes in 0 blocks
==1317693==      possibly lost: 0 bytes in 0 blocks
==1317693==    still reachable: 4,096 bytes in 1 blocks
==1317693==         suppressed: 0 bytes in 0 blocks
==1317693== Rerun with --leak-check=full to see details of leaked memory
==1317693== 
==1317693== For lists of detected and suppressed errors, rerun with: -s
==1317693== ERROR SUMMARY: 0 errors from 0 contexts (suppressed: 0 from 0)
