==1317733== Memcheck, a memory error detector
==1317733== Copyright (C) 2002-2022, and GNU GPL'd, by Julian Seward et al.
==1317733== Using Valgrind-3.22.0 and LibVEX; rerun with -h for copyright info
==1317733== Command: /home/loris/Desktop/TestRepositories/Forked/juliet-test-suite-c/Automatic/results/20260707_1536/CWE122/valgrind/bin/CWE122/bad/CWE122_Heap_Based_Buffer_Overflow__c_CWE129_rand_10-bad
==1317733== Parent PID: 1317732
==1317733== 
==1317733== Invalid write of size 4
==1317733==    at 0x1093C4: CWE122_Heap_Based_Buffer_Overflow__c_CWE129_rand_10_bad (in /home/loris/Desktop/TestRepositories/Forked/juliet-test-suite-c/Automatic/results/20260707_1536/CWE122/valgrind/bin/CWE122/bad/CWE122_Heap_Based_Buffer_Overflow__c_CWE129_rand_10-bad)
==1317733==    by 0x10945A: main (in /home/loris/Desktop/TestRepositories/Forked/juliet-test-suite-c/Automatic/results/20260707_1536/CWE122/valgrind/bin/CWE122/bad/CWE122_Heap_Based_Buffer_Overflow__c_CWE129_rand_10-bad)
==1317733==  Address 0xde68f2d4 is not stack'd, malloc'd or (recently) free'd
==1317733== 
==1317733== 
==1317733== Process terminating with default action of signal 11 (SIGSEGV)
==1317733==  Access not within mapped region at address 0xDE68F2D4
==1317733==    at 0x1093C4: CWE122_Heap_Based_Buffer_Overflow__c_CWE129_rand_10_bad (in /home/loris/Desktop/TestRepositories/Forked/juliet-test-suite-c/Automatic/results/20260707_1536/CWE122/valgrind/bin/CWE122/bad/CWE122_Heap_Based_Buffer_Overflow__c_CWE129_rand_10-bad)
==1317733==    by 0x10945A: main (in /home/loris/Desktop/TestRepositories/Forked/juliet-test-suite-c/Automatic/results/20260707_1536/CWE122/valgrind/bin/CWE122/bad/CWE122_Heap_Based_Buffer_Overflow__c_CWE129_rand_10-bad)
==1317733==  If you believe this happened as a result of a stack
==1317733==  overflow in your program's main thread (unlikely but
==1317733==  possible), you can try to increase the size of the
==1317733==  main thread stack using the --main-stacksize= flag.
==1317733==  The main thread stack size used in this run was 8388608.
==1317733== 
==1317733== HEAP SUMMARY:
==1317733==     in use at exit: 4,136 bytes in 2 blocks
==1317733==   total heap usage: 2 allocs, 0 frees, 4,136 bytes allocated
==1317733== 
==1317733== LEAK SUMMARY:
==1317733==    definitely lost: 0 bytes in 0 blocks
==1317733==    indirectly lost: 0 bytes in 0 blocks
==1317733==      possibly lost: 0 bytes in 0 blocks
==1317733==    still reachable: 4,136 bytes in 2 blocks
==1317733==         suppressed: 0 bytes in 0 blocks
==1317733== Rerun with --leak-check=full to see details of leaked memory
==1317733== 
==1317733== For lists of detected and suppressed errors, rerun with: -s
==1317733== ERROR SUMMARY: 1 errors from 1 contexts (suppressed: 0 from 0)
