==1317071== Memcheck, a memory error detector
==1317071== Copyright (C) 2002-2022, and GNU GPL'd, by Julian Seward et al.
==1317071== Using Valgrind-3.22.0 and LibVEX; rerun with -h for copyright info
==1317071== Command: /home/loris/Desktop/TestRepositories/Forked/juliet-test-suite-c/Automatic/results/20260707_1536/CWE122/valgrind/bin/CWE122/bad/CWE122_Heap_Based_Buffer_Overflow__CWE131_loop_54-bad
==1317071== Parent PID: 1317070
==1317071== 
==1317071== Invalid write of size 4
==1317071==    at 0x109430: CWE122_Heap_Based_Buffer_Overflow__CWE131_loop_54e_badSink (in /home/loris/Desktop/TestRepositories/Forked/juliet-test-suite-c/Automatic/results/20260707_1536/CWE122/valgrind/bin/CWE122/bad/CWE122_Heap_Based_Buffer_Overflow__CWE131_loop_54-bad)
==1317071==    by 0x1093D7: CWE122_Heap_Based_Buffer_Overflow__CWE131_loop_54d_badSink (in /home/loris/Desktop/TestRepositories/Forked/juliet-test-suite-c/Automatic/results/20260707_1536/CWE122/valgrind/bin/CWE122/bad/CWE122_Heap_Based_Buffer_Overflow__CWE131_loop_54-bad)
==1317071==    by 0x1093B8: CWE122_Heap_Based_Buffer_Overflow__CWE131_loop_54c_badSink (in /home/loris/Desktop/TestRepositories/Forked/juliet-test-suite-c/Automatic/results/20260707_1536/CWE122/valgrind/bin/CWE122/bad/CWE122_Heap_Based_Buffer_Overflow__CWE131_loop_54-bad)
==1317071==    by 0x109399: CWE122_Heap_Based_Buffer_Overflow__CWE131_loop_54b_badSink (in /home/loris/Desktop/TestRepositories/Forked/juliet-test-suite-c/Automatic/results/20260707_1536/CWE122/valgrind/bin/CWE122/bad/CWE122_Heap_Based_Buffer_Overflow__CWE131_loop_54-bad)
==1317071==    by 0x109327: CWE122_Heap_Based_Buffer_Overflow__CWE131_loop_54_bad (in /home/loris/Desktop/TestRepositories/Forked/juliet-test-suite-c/Automatic/results/20260707_1536/CWE122/valgrind/bin/CWE122/bad/CWE122_Heap_Based_Buffer_Overflow__CWE131_loop_54-bad)
==1317071==    by 0x109367: main (in /home/loris/Desktop/TestRepositories/Forked/juliet-test-suite-c/Automatic/results/20260707_1536/CWE122/valgrind/bin/CWE122/bad/CWE122_Heap_Based_Buffer_Overflow__CWE131_loop_54-bad)
==1317071==  Address 0x4a85088 is 8 bytes inside a block of size 10 alloc'd
==1317071==    at 0x4846828: malloc (in /usr/libexec/valgrind/vgpreload_memcheck-amd64-linux.so)
==1317071==    by 0x109306: CWE122_Heap_Based_Buffer_Overflow__CWE131_loop_54_bad (in /home/loris/Desktop/TestRepositories/Forked/juliet-test-suite-c/Automatic/results/20260707_1536/CWE122/valgrind/bin/CWE122/bad/CWE122_Heap_Based_Buffer_Overflow__CWE131_loop_54-bad)
==1317071==    by 0x109367: main (in /home/loris/Desktop/TestRepositories/Forked/juliet-test-suite-c/Automatic/results/20260707_1536/CWE122/valgrind/bin/CWE122/bad/CWE122_Heap_Based_Buffer_Overflow__CWE131_loop_54-bad)
==1317071== 
==1317071== 
==1317071== HEAP SUMMARY:
==1317071==     in use at exit: 0 bytes in 0 blocks
==1317071==   total heap usage: 2 allocs, 2 frees, 4,106 bytes allocated
==1317071== 
==1317071== All heap blocks were freed -- no leaks are possible
==1317071== 
==1317071== For lists of detected and suppressed errors, rerun with: -s
==1317071== ERROR SUMMARY: 8 errors from 1 contexts (suppressed: 0 from 0)
