==1319600== Memcheck, a memory error detector
==1319600== Copyright (C) 2002-2022, and GNU GPL'd, by Julian Seward et al.
==1319600== Using Valgrind-3.22.0 and LibVEX; rerun with -h for copyright info
==1319600== Command: /home/loris/Desktop/TestRepositories/Forked/juliet-test-suite-c/Automatic/results/20260707_1536/CWE122/valgrind/bin/CWE122/bad/CWE122_Heap_Based_Buffer_Overflow__c_CWE805_struct_loop_04-bad
==1319600== Parent PID: 1319599
==1319600== 
==1319600== Invalid write of size 8
==1319600==    at 0x1093B8: CWE122_Heap_Based_Buffer_Overflow__c_CWE805_struct_loop_04_bad (in /home/loris/Desktop/TestRepositories/Forked/juliet-test-suite-c/Automatic/results/20260707_1536/CWE122/valgrind/bin/CWE122/bad/CWE122_Heap_Based_Buffer_Overflow__c_CWE805_struct_loop_04-bad)
==1319600==    by 0x10943E: main (in /home/loris/Desktop/TestRepositories/Forked/juliet-test-suite-c/Automatic/results/20260707_1536/CWE122/valgrind/bin/CWE122/bad/CWE122_Heap_Based_Buffer_Overflow__c_CWE805_struct_loop_04-bad)
==1319600==  Address 0x4a85210 is 0 bytes after a block of size 400 alloc'd
==1319600==    at 0x4846828: malloc (in /usr/libexec/valgrind/vgpreload_memcheck-amd64-linux.so)
==1319600==    by 0x109324: CWE122_Heap_Based_Buffer_Overflow__c_CWE805_struct_loop_04_bad (in /home/loris/Desktop/TestRepositories/Forked/juliet-test-suite-c/Automatic/results/20260707_1536/CWE122/valgrind/bin/CWE122/bad/CWE122_Heap_Based_Buffer_Overflow__c_CWE805_struct_loop_04-bad)
==1319600==    by 0x10943E: main (in /home/loris/Desktop/TestRepositories/Forked/juliet-test-suite-c/Automatic/results/20260707_1536/CWE122/valgrind/bin/CWE122/bad/CWE122_Heap_Based_Buffer_Overflow__c_CWE805_struct_loop_04-bad)
==1319600== 
==1319600== 
==1319600== HEAP SUMMARY:
==1319600==     in use at exit: 0 bytes in 0 blocks
==1319600==   total heap usage: 2 allocs, 2 frees, 4,496 bytes allocated
==1319600== 
==1319600== All heap blocks were freed -- no leaks are possible
==1319600== 
==1319600== For lists of detected and suppressed errors, rerun with: -s
==1319600== ERROR SUMMARY: 50 errors from 1 contexts (suppressed: 0 from 0)
