==1314301== Memcheck, a memory error detector
==1314301== Copyright (C) 2002-2022, and GNU GPL'd, by Julian Seward et al.
==1314301== Using Valgrind-3.22.0 and LibVEX; rerun with -h for copyright info
==1314301== Command: /home/loris/Desktop/TestRepositories/Forked/juliet-test-suite-c/Automatic/results/20260707_1536/CWE122/valgrind/bin/CWE122/good/CWE122_Heap_Based_Buffer_Overflow__c_CWE129_listen_socket_22-good
==1314301== Parent PID: 1314300
==1314301== 
==1314301== 
==1314301== Process terminating with default action of signal 15 (SIGTERM)
==1314301==    at 0x499A834: accept (accept.c:26)
==1314301==    by 0x1094CD: goodB2G1 (in /home/loris/Desktop/TestRepositories/Forked/juliet-test-suite-c/Automatic/results/20260707_1536/CWE122/valgrind/bin/CWE122/good/CWE122_Heap_Based_Buffer_Overflow__c_CWE129_listen_socket_22-good)
==1314301==    by 0x109715: CWE122_Heap_Based_Buffer_Overflow__c_CWE129_listen_socket_22_good (in /home/loris/Desktop/TestRepositories/Forked/juliet-test-suite-c/Automatic/results/20260707_1536/CWE122/valgrind/bin/CWE122/good/CWE122_Heap_Based_Buffer_Overflow__c_CWE129_listen_socket_22-good)
==1314301==    by 0x109769: main (in /home/loris/Desktop/TestRepositories/Forked/juliet-test-suite-c/Automatic/results/20260707_1536/CWE122/valgrind/bin/CWE122/good/CWE122_Heap_Based_Buffer_Overflow__c_CWE129_listen_socket_22-good)
==1314301== 
==1314301== HEAP SUMMARY:
==1314301==     in use at exit: 4,096 bytes in 1 blocks
==1314301==   total heap usage: 1 allocs, 0 frees, 4,096 bytes allocated
==1314301== 
==1314301== LEAK SUMMARY:
==1314301==    definitely lost: 0 bytes in 0 blocks
==1314301==    indirectly lost: 0 bytes in 0 blocks
==1314301==      possibly lost: 0 bytes in 0 blocks
==1314301==    still reachable: 4,096 bytes in 1 blocks
==1314301==         suppressed: 0 bytes in 0 blocks
==1314301== Rerun with --leak-check=full to see details of leaked memory
==1314301== 
==1314301== For lists of detected and suppressed errors, rerun with: -s
==1314301== ERROR SUMMARY: 0 errors from 0 contexts (suppressed: 0 from 0)
