==1319416== Memcheck, a memory error detector
==1319416== Copyright (C) 2002-2022, and GNU GPL'd, by Julian Seward et al.
==1319416== Using Valgrind-3.22.0 and LibVEX; rerun with -h for copyright info
==1319416== Command: /home/loris/Desktop/TestRepositories/Forked/juliet-test-suite-c/Automatic/results/20260707_1536/CWE122/valgrind/bin/CWE122/bad/CWE122_Heap_Based_Buffer_Overflow__c_CWE805_int_loop_44-bad
==1319416== Parent PID: 1319415
==1319416== 
==1319416== Invalid write of size 4
==1319416==    at 0x109359: badSink (in /home/loris/Desktop/TestRepositories/Forked/juliet-test-suite-c/Automatic/results/20260707_1536/CWE122/valgrind/bin/CWE122/bad/CWE122_Heap_Based_Buffer_Overflow__c_CWE805_int_loop_44-bad)
==1319416==    by 0x1093ED: CWE122_Heap_Based_Buffer_Overflow__c_CWE805_int_loop_44_bad (in /home/loris/Desktop/TestRepositories/Forked/juliet-test-suite-c/Automatic/results/20260707_1536/CWE122/valgrind/bin/CWE122/bad/CWE122_Heap_Based_Buffer_Overflow__c_CWE805_int_loop_44-bad)
==1319416==    by 0x10942D: main (in /home/loris/Desktop/TestRepositories/Forked/juliet-test-suite-c/Automatic/results/20260707_1536/CWE122/valgrind/bin/CWE122/bad/CWE122_Heap_Based_Buffer_Overflow__c_CWE805_int_loop_44-bad)
==1319416==  Address 0x4a85148 is 0 bytes after a block of size 200 alloc'd
==1319416==    at 0x4846828: malloc (in /usr/libexec/valgrind/vgpreload_memcheck-amd64-linux.so)
==1319416==    by 0x1093CB: CWE122_Heap_Based_Buffer_Overflow__c_CWE805_int_loop_44_bad (in /home/loris/Desktop/TestRepositories/Forked/juliet-test-suite-c/Automatic/results/20260707_1536/CWE122/valgrind/bin/CWE122/bad/CWE122_Heap_Based_Buffer_Overflow__c_CWE805_int_loop_44-bad)
==1319416==    by 0x10942D: main (in /home/loris/Desktop/TestRepositories/Forked/juliet-test-suite-c/Automatic/results/20260707_1536/CWE122/valgrind/bin/CWE122/bad/CWE122_Heap_Based_Buffer_Overflow__c_CWE805_int_loop_44-bad)
==1319416== 
==1319416== 
==1319416== HEAP SUMMARY:
==1319416==     in use at exit: 0 bytes in 0 blocks
==1319416==   total heap usage: 2 allocs, 2 frees, 4,296 bytes allocated
==1319416== 
==1319416== All heap blocks were freed -- no leaks are possible
==1319416== 
==1319416== For lists of detected and suppressed errors, rerun with: -s
==1319416== ERROR SUMMARY: 50 errors from 1 contexts (suppressed: 0 from 0)
