==1317181== Memcheck, a memory error detector
==1317181== Copyright (C) 2002-2022, and GNU GPL'd, by Julian Seward et al.
==1317181== Using Valgrind-3.22.0 and LibVEX; rerun with -h for copyright info
==1317181== Command: /home/loris/Desktop/TestRepositories/Forked/juliet-test-suite-c/Automatic/results/20260707_1536/CWE122/valgrind/bin/CWE122/bad/CWE122_Heap_Based_Buffer_Overflow__CWE131_memmove_10-bad
==1317181== Parent PID: 1317180
==1317181== 
==1317181== Invalid write of size 8
==1317181==    at 0x4852E13: memmove (in /usr/libexec/valgrind/vgpreload_memcheck-amd64-linux.so)
==1317181==    by 0x10937D: CWE122_Heap_Based_Buffer_Overflow__CWE131_memmove_10_bad (in /home/loris/Desktop/TestRepositories/Forked/juliet-test-suite-c/Automatic/results/20260707_1536/CWE122/valgrind/bin/CWE122/bad/CWE122_Heap_Based_Buffer_Overflow__CWE131_memmove_10-bad)
==1317181==    by 0x1093EA: main (in /home/loris/Desktop/TestRepositories/Forked/juliet-test-suite-c/Automatic/results/20260707_1536/CWE122/valgrind/bin/CWE122/bad/CWE122_Heap_Based_Buffer_Overflow__CWE131_memmove_10-bad)
==1317181==  Address 0x4a85088 is 8 bytes inside a block of size 10 alloc'd
==1317181==    at 0x4846828: malloc (in /usr/libexec/valgrind/vgpreload_memcheck-amd64-linux.so)
==1317181==    by 0x10933F: CWE122_Heap_Based_Buffer_Overflow__CWE131_memmove_10_bad (in /home/loris/Desktop/TestRepositories/Forked/juliet-test-suite-c/Automatic/results/20260707_1536/CWE122/valgrind/bin/CWE122/bad/CWE122_Heap_Based_Buffer_Overflow__CWE131_memmove_10-bad)
==1317181==    by 0x1093EA: main (in /home/loris/Desktop/TestRepositories/Forked/juliet-test-suite-c/Automatic/results/20260707_1536/CWE122/valgrind/bin/CWE122/bad/CWE122_Heap_Based_Buffer_Overflow__CWE131_memmove_10-bad)
==1317181== 
==1317181== Invalid write of size 8
==1317181==    at 0x4852E1B: memmove (in /usr/libexec/valgrind/vgpreload_memcheck-amd64-linux.so)
==1317181==    by 0x10937D: CWE122_Heap_Based_Buffer_Overflow__CWE131_memmove_10_bad (in /home/loris/Desktop/TestRepositories/Forked/juliet-test-suite-c/Automatic/results/20260707_1536/CWE122/valgrind/bin/CWE122/bad/CWE122_Heap_Based_Buffer_Overflow__CWE131_memmove_10-bad)
==1317181==    by 0x1093EA: main (in /home/loris/Desktop/TestRepositories/Forked/juliet-test-suite-c/Automatic/results/20260707_1536/CWE122/valgrind/bin/CWE122/bad/CWE122_Heap_Based_Buffer_Overflow__CWE131_memmove_10-bad)
==1317181==  Address 0x4a85090 is 6 bytes after a block of size 10 alloc'd
==1317181==    at 0x4846828: malloc (in /usr/libexec/valgrind/vgpreload_memcheck-amd64-linux.so)
==1317181==    by 0x10933F: CWE122_Heap_Based_Buffer_Overflow__CWE131_memmove_10_bad (in /home/loris/Desktop/TestRepositories/Forked/juliet-test-suite-c/Automatic/results/20260707_1536/CWE122/valgrind/bin/CWE122/bad/CWE122_Heap_Based_Buffer_Overflow__CWE131_memmove_10-bad)
==1317181==    by 0x1093EA: main (in /home/loris/Desktop/TestRepositories/Forked/juliet-test-suite-c/Automatic/results/20260707_1536/CWE122/valgrind/bin/CWE122/bad/CWE122_Heap_Based_Buffer_Overflow__CWE131_memmove_10-bad)
==1317181== 
==1317181== Invalid write of size 8
==1317181==    at 0x4852E23: memmove (in /usr/libexec/valgrind/vgpreload_memcheck-amd64-linux.so)
==1317181==    by 0x10937D: CWE122_Heap_Based_Buffer_Overflow__CWE131_memmove_10_bad (in /home/loris/Desktop/TestRepositories/Forked/juliet-test-suite-c/Automatic/results/20260707_1536/CWE122/valgrind/bin/CWE122/bad/CWE122_Heap_Based_Buffer_Overflow__CWE131_memmove_10-bad)
==1317181==    by 0x1093EA: main (in /home/loris/Desktop/TestRepositories/Forked/juliet-test-suite-c/Automatic/results/20260707_1536/CWE122/valgrind/bin/CWE122/bad/CWE122_Heap_Based_Buffer_Overflow__CWE131_memmove_10-bad)
==1317181==  Address 0x4a85098 is 14 bytes after a block of size 10 alloc'd
==1317181==    at 0x4846828: malloc (in /usr/libexec/valgrind/vgpreload_memcheck-amd64-linux.so)
==1317181==    by 0x10933F: CWE122_Heap_Based_Buffer_Overflow__CWE131_memmove_10_bad (in /home/loris/Desktop/TestRepositories/Forked/juliet-test-suite-c/Automatic/results/20260707_1536/CWE122/valgrind/bin/CWE122/bad/CWE122_Heap_Based_Buffer_Overflow__CWE131_memmove_10-bad)
==1317181==    by 0x1093EA: main (in /home/loris/Desktop/TestRepositories/Forked/juliet-test-suite-c/Automatic/results/20260707_1536/CWE122/valgrind/bin/CWE122/bad/CWE122_Heap_Based_Buffer_Overflow__CWE131_memmove_10-bad)
==1317181== 
==1317181== Invalid write of size 8
==1317181==    at 0x4852E61: memmove (in /usr/libexec/valgrind/vgpreload_memcheck-amd64-linux.so)
==1317181==    by 0x10937D: CWE122_Heap_Based_Buffer_Overflow__CWE131_memmove_10_bad (in /home/loris/Desktop/TestRepositories/Forked/juliet-test-suite-c/Automatic/results/20260707_1536/CWE122/valgrind/bin/CWE122/bad/CWE122_Heap_Based_Buffer_Overflow__CWE131_memmove_10-bad)
==1317181==    by 0x1093EA: main (in /home/loris/Desktop/TestRepositories/Forked/juliet-test-suite-c/Automatic/results/20260707_1536/CWE122/valgrind/bin/CWE122/bad/CWE122_Heap_Based_Buffer_Overflow__CWE131_memmove_10-bad)
==1317181==  Address 0x4a850a0 is 22 bytes after a block of size 10 alloc'd
==1317181==    at 0x4846828: malloc (in /usr/libexec/valgrind/vgpreload_memcheck-amd64-linux.so)
==1317181==    by 0x10933F: CWE122_Heap_Based_Buffer_Overflow__CWE131_memmove_10_bad (in /home/loris/Desktop/TestRepositories/Forked/juliet-test-suite-c/Automatic/results/20260707_1536/CWE122/valgrind/bin/CWE122/bad/CWE122_Heap_Based_Buffer_Overflow__CWE131_memmove_10-bad)
==1317181==    by 0x1093EA: main (in /home/loris/Desktop/TestRepositories/Forked/juliet-test-suite-c/Automatic/results/20260707_1536/CWE122/valgrind/bin/CWE122/bad/CWE122_Heap_Based_Buffer_Overflow__CWE131_memmove_10-bad)
==1317181== 
==1317181== 
==1317181== HEAP SUMMARY:
==1317181==     in use at exit: 0 bytes in 0 blocks
==1317181==   total heap usage: 2 allocs, 2 frees, 4,106 bytes allocated
==1317181== 
==1317181== All heap blocks were freed -- no leaks are possible
==1317181== 
==1317181== For lists of detected and suppressed errors, rerun with: -s
==1317181== ERROR SUMMARY: 4 errors from 4 contexts (suppressed: 0 from 0)
