==1313887== Memcheck, a memory error detector
==1313887== Copyright (C) 2002-2022, and GNU GPL'd, by Julian Seward et al.
==1313887== Using Valgrind-3.22.0 and LibVEX; rerun with -h for copyright info
==1313887== Command: /home/loris/Desktop/TestRepositories/Forked/juliet-test-suite-c/Automatic/results/20260707_1536/CWE122/valgrind/bin/CWE122/good/CWE122_Heap_Based_Buffer_Overflow__CWE135_05-good
==1313887== Parent PID: 1313886
==1313887== 
==1313887== 
==1313887== HEAP SUMMARY:
==1313887==     in use at exit: 500 bytes in 4 blocks
==1313887==   total heap usage: 9 allocs, 5 frees, 5,096 bytes allocated
==1313887== 
==1313887== LEAK SUMMARY:
==1313887==    definitely lost: 500 bytes in 4 blocks
==1313887==    indirectly lost: 0 bytes in 0 blocks
==1313887==      possibly lost: 0 bytes in 0 blocks
==1313887==    still reachable: 0 bytes in 0 blocks
==1313887==         suppressed: 0 bytes in 0 blocks
==1313887== Rerun with --leak-check=full to see details of leaked memory
==1313887== 
==1313887== For lists of detected and suppressed errors, rerun with: -s
==1313887== ERROR SUMMARY: 0 errors from 0 contexts (suppressed: 0 from 0)
