==1323451== Memcheck, a memory error detector
==1323451== Copyright (C) 2002-2022, and GNU GPL'd, by Julian Seward et al.
==1323451== Using Valgrind-3.22.0 and LibVEX; rerun with -h for copyright info
==1323451== Command: /home/loris/Desktop/TestRepositories/Forked/juliet-test-suite-c/Automatic/results/20260707_1536/CWE122/valgrind/bin/CWE122/bad/CWE122_Heap_Based_Buffer_Overflow__char_type_overrun_memcpy_17-bad
==1323451== Parent PID: 1323448
==1323451== 
==1323451== Invalid read of size 1
==1323451==    at 0x484F226: strlen (in /usr/libexec/valgrind/vgpreload_memcheck-amd64-linux.so)
==1323451==    by 0x48F6BFC: puts (ioputs.c:35)
==1323451==    by 0x109431: printLine (in /home/loris/Desktop/TestRepositories/Forked/juliet-test-suite-c/Automatic/results/20260707_1536/CWE122/valgrind/bin/CWE122/bad/CWE122_Heap_Based_Buffer_Overflow__char_type_overrun_memcpy_17-bad)
==1323451==    by 0x10939D: CWE122_Heap_Based_Buffer_Overflow__char_type_overrun_memcpy_17_bad (in /home/loris/Desktop/TestRepositories/Forked/juliet-test-suite-c/Automatic/results/20260707_1536/CWE122/valgrind/bin/CWE122/bad/CWE122_Heap_Based_Buffer_Overflow__char_type_overrun_memcpy_17-bad)
==1323451==    by 0x1093F8: main (in /home/loris/Desktop/TestRepositories/Forked/juliet-test-suite-c/Automatic/results/20260707_1536/CWE122/valgrind/bin/CWE122/bad/CWE122_Heap_Based_Buffer_Overflow__char_type_overrun_memcpy_17-bad)
==1323451==  Address 0x3736353433323130 is not stack'd, malloc'd or (recently) free'd
==1323451== 
==1323451== 
==1323451== Process terminating with default action of signal 11 (SIGSEGV)
==1323451==  General Protection Fault
==1323451==    at 0x484F226: strlen (in /usr/libexec/valgrind/vgpreload_memcheck-amd64-linux.so)
==1323451==    by 0x48F6BFC: puts (ioputs.c:35)
==1323451==    by 0x109431: printLine (in /home/loris/Desktop/TestRepositories/Forked/juliet-test-suite-c/Automatic/results/20260707_1536/CWE122/valgrind/bin/CWE122/bad/CWE122_Heap_Based_Buffer_Overflow__char_type_overrun_memcpy_17-bad)
==1323451==    by 0x10939D: CWE122_Heap_Based_Buffer_Overflow__char_type_overrun_memcpy_17_bad (in /home/loris/Desktop/TestRepositories/Forked/juliet-test-suite-c/Automatic/results/20260707_1536/CWE122/valgrind/bin/CWE122/bad/CWE122_Heap_Based_Buffer_Overflow__char_type_overrun_memcpy_17-bad)
==1323451==    by 0x1093F8: main (in /home/loris/Desktop/TestRepositories/Forked/juliet-test-suite-c/Automatic/results/20260707_1536/CWE122/valgrind/bin/CWE122/bad/CWE122_Heap_Based_Buffer_Overflow__char_type_overrun_memcpy_17-bad)
==1323451== 
==1323451== HEAP SUMMARY:
==1323451==     in use at exit: 4,128 bytes in 2 blocks
==1323451==   total heap usage: 2 allocs, 0 frees, 4,128 bytes allocated
==1323451== 
==1323451== LEAK SUMMARY:
==1323451==    definitely lost: 0 bytes in 0 blocks
==1323451==    indirectly lost: 0 bytes in 0 blocks
==1323451==      possibly lost: 0 bytes in 0 blocks
==1323451==    still reachable: 4,128 bytes in 2 blocks
==1323451==         suppressed: 0 bytes in 0 blocks
==1323451== Rerun with --leak-check=full to see details of leaked memory
==1323451== 
==1323451== For lists of detected and suppressed errors, rerun with: -s
==1323451== ERROR SUMMARY: 1 errors from 1 contexts (suppressed: 0 from 0)
