==1323570== Memcheck, a memory error detector
==1323570== Copyright (C) 2002-2022, and GNU GPL'd, by Julian Seward et al.
==1323570== Using Valgrind-3.22.0 and LibVEX; rerun with -h for copyright info
==1323570== Command: /home/loris/Desktop/TestRepositories/Forked/juliet-test-suite-c/Automatic/results/20260707_1536/CWE122/valgrind/bin/CWE122/bad/CWE122_Heap_Based_Buffer_Overflow__char_type_overrun_memmove_10-bad
==1323570== Parent PID: 1323569
==1323570== 
==1323570== Invalid read of size 1
==1323570==    at 0x484F226: strlen (in /usr/libexec/valgrind/vgpreload_memcheck-amd64-linux.so)
==1323570==    by 0x48F6BFC: puts (ioputs.c:35)
==1323570==    by 0x1093F8: printLine (in /home/loris/Desktop/TestRepositories/Forked/juliet-test-suite-c/Automatic/results/20260707_1536/CWE122/valgrind/bin/CWE122/bad/CWE122_Heap_Based_Buffer_Overflow__char_type_overrun_memmove_10-bad)
==1323570==    by 0x10937F: CWE122_Heap_Based_Buffer_Overflow__char_type_overrun_memmove_10_bad (in /home/loris/Desktop/TestRepositories/Forked/juliet-test-suite-c/Automatic/results/20260707_1536/CWE122/valgrind/bin/CWE122/bad/CWE122_Heap_Based_Buffer_Overflow__char_type_overrun_memmove_10-bad)
==1323570==    by 0x1093BF: main (in /home/loris/Desktop/TestRepositories/Forked/juliet-test-suite-c/Automatic/results/20260707_1536/CWE122/valgrind/bin/CWE122/bad/CWE122_Heap_Based_Buffer_Overflow__char_type_overrun_memmove_10-bad)
==1323570==  Address 0x3736353433323130 is not stack'd, malloc'd or (recently) free'd
==1323570== 
==1323570== 
==1323570== Process terminating with default action of signal 11 (SIGSEGV)
==1323570==  General Protection Fault
==1323570==    at 0x484F226: strlen (in /usr/libexec/valgrind/vgpreload_memcheck-amd64-linux.so)
==1323570==    by 0x48F6BFC: puts (ioputs.c:35)
==1323570==    by 0x1093F8: printLine (in /home/loris/Desktop/TestRepositories/Forked/juliet-test-suite-c/Automatic/results/20260707_1536/CWE122/valgrind/bin/CWE122/bad/CWE122_Heap_Based_Buffer_Overflow__char_type_overrun_memmove_10-bad)
==1323570==    by 0x10937F: CWE122_Heap_Based_Buffer_Overflow__char_type_overrun_memmove_10_bad (in /home/loris/Desktop/TestRepositories/Forked/juliet-test-suite-c/Automatic/results/20260707_1536/CWE122/valgrind/bin/CWE122/bad/CWE122_Heap_Based_Buffer_Overflow__char_type_overrun_memmove_10-bad)
==1323570==    by 0x1093BF: main (in /home/loris/Desktop/TestRepositories/Forked/juliet-test-suite-c/Automatic/results/20260707_1536/CWE122/valgrind/bin/CWE122/bad/CWE122_Heap_Based_Buffer_Overflow__char_type_overrun_memmove_10-bad)
==1323570== 
==1323570== HEAP SUMMARY:
==1323570==     in use at exit: 4,128 bytes in 2 blocks
==1323570==   total heap usage: 2 allocs, 0 frees, 4,128 bytes allocated
==1323570== 
==1323570== LEAK SUMMARY:
==1323570==    definitely lost: 0 bytes in 0 blocks
==1323570==    indirectly lost: 0 bytes in 0 blocks
==1323570==      possibly lost: 0 bytes in 0 blocks
==1323570==    still reachable: 4,128 bytes in 2 blocks
==1323570==         suppressed: 0 bytes in 0 blocks
==1323570== Rerun with --leak-check=full to see details of leaked memory
==1323570== 
==1323570== For lists of detected and suppressed errors, rerun with: -s
==1323570== ERROR SUMMARY: 1 errors from 1 contexts (suppressed: 0 from 0)
