==1317563== Memcheck, a memory error detector
==1317563== Copyright (C) 2002-2022, and GNU GPL'd, by Julian Seward et al.
==1317563== Using Valgrind-3.22.0 and LibVEX; rerun with -h for copyright info
==1317563== Command: /home/loris/Desktop/TestRepositories/Forked/juliet-test-suite-c/Automatic/results/20260707_1536/CWE122/valgrind/bin/CWE122/bad/CWE122_Heap_Based_Buffer_Overflow__c_CWE129_large_11-bad
==1317563== Parent PID: 1317562
==1317563== 
==1317563== Invalid write of size 4
==1317563==    at 0x109389: CWE122_Heap_Based_Buffer_Overflow__c_CWE129_large_11_bad (in /home/loris/Desktop/TestRepositories/Forked/juliet-test-suite-c/Automatic/results/20260707_1536/CWE122/valgrind/bin/CWE122/bad/CWE122_Heap_Based_Buffer_Overflow__c_CWE129_large_11-bad)
==1317563==    by 0x10941B: main (in /home/loris/Desktop/TestRepositories/Forked/juliet-test-suite-c/Automatic/results/20260707_1536/CWE122/valgrind/bin/CWE122/bad/CWE122_Heap_Based_Buffer_Overflow__c_CWE129_large_11-bad)
==1317563==  Address 0x4a850a8 is 0 bytes after a block of size 40 alloc'd
==1317563==    at 0x4846828: malloc (in /usr/libexec/valgrind/vgpreload_memcheck-amd64-linux.so)
==1317563==    by 0x10932C: CWE122_Heap_Based_Buffer_Overflow__c_CWE129_large_11_bad (in /home/loris/Desktop/TestRepositories/Forked/juliet-test-suite-c/Automatic/results/20260707_1536/CWE122/valgrind/bin/CWE122/bad/CWE122_Heap_Based_Buffer_Overflow__c_CWE129_large_11-bad)
==1317563==    by 0x10941B: main (in /home/loris/Desktop/TestRepositories/Forked/juliet-test-suite-c/Automatic/results/20260707_1536/CWE122/valgrind/bin/CWE122/bad/CWE122_Heap_Based_Buffer_Overflow__c_CWE129_large_11-bad)
==1317563== 
==1317563== 
==1317563== HEAP SUMMARY:
==1317563==     in use at exit: 0 bytes in 0 blocks
==1317563==   total heap usage: 2 allocs, 2 frees, 4,136 bytes allocated
==1317563== 
==1317563== All heap blocks were freed -- no leaks are possible
==1317563== 
==1317563== For lists of detected and suppressed errors, rerun with: -s
==1317563== ERROR SUMMARY: 1 errors from 1 contexts (suppressed: 0 from 0)
