==1318175== Memcheck, a memory error detector
==1318175== Copyright (C) 2002-2022, and GNU GPL'd, by Julian Seward et al.
==1318175== Using Valgrind-3.22.0 and LibVEX; rerun with -h for copyright info
==1318175== Command: /home/loris/Desktop/TestRepositories/Forked/juliet-test-suite-c/Automatic/results/20260707_1536/CWE122/valgrind/bin/CWE122/bad/CWE122_Heap_Based_Buffer_Overflow__c_CWE193_char_loop_32-bad
==1318175== Parent PID: 1318173
==1318175== 
==1318175== Invalid write of size 1
==1318175==    at 0x1093C4: CWE122_Heap_Based_Buffer_Overflow__c_CWE193_char_loop_32_bad (in /home/loris/Desktop/TestRepositories/Forked/juliet-test-suite-c/Automatic/results/20260707_1536/CWE122/valgrind/bin/CWE122/bad/CWE122_Heap_Based_Buffer_Overflow__c_CWE193_char_loop_32-bad)
==1318175==    by 0x109444: main (in /home/loris/Desktop/TestRepositories/Forked/juliet-test-suite-c/Automatic/results/20260707_1536/CWE122/valgrind/bin/CWE122/bad/CWE122_Heap_Based_Buffer_Overflow__c_CWE193_char_loop_32-bad)
==1318175==  Address 0x4a8508a is 0 bytes after a block of size 10 alloc'd
==1318175==    at 0x4846828: malloc (in /usr/libexec/valgrind/vgpreload_memcheck-amd64-linux.so)
==1318175==    by 0x109350: CWE122_Heap_Based_Buffer_Overflow__c_CWE193_char_loop_32_bad (in /home/loris/Desktop/TestRepositories/Forked/juliet-test-suite-c/Automatic/results/20260707_1536/CWE122/valgrind/bin/CWE122/bad/CWE122_Heap_Based_Buffer_Overflow__c_CWE193_char_loop_32-bad)
==1318175==    by 0x109444: main (in /home/loris/Desktop/TestRepositories/Forked/juliet-test-suite-c/Automatic/results/20260707_1536/CWE122/valgrind/bin/CWE122/bad/CWE122_Heap_Based_Buffer_Overflow__c_CWE193_char_loop_32-bad)
==1318175== 
==1318175== Invalid read of size 1
==1318175==    at 0x484F234: strlen (in /usr/libexec/valgrind/vgpreload_memcheck-amd64-linux.so)
==1318175==    by 0x48F6BFC: puts (ioputs.c:35)
==1318175==    by 0x10947D: printLine (in /home/loris/Desktop/TestRepositories/Forked/juliet-test-suite-c/Automatic/results/20260707_1536/CWE122/valgrind/bin/CWE122/bad/CWE122_Heap_Based_Buffer_Overflow__c_CWE193_char_loop_32-bad)
==1318175==    by 0x1093E4: CWE122_Heap_Based_Buffer_Overflow__c_CWE193_char_loop_32_bad (in /home/loris/Desktop/TestRepositories/Forked/juliet-test-suite-c/Automatic/results/20260707_1536/CWE122/valgrind/bin/CWE122/bad/CWE122_Heap_Based_Buffer_Overflow__c_CWE193_char_loop_32-bad)
==1318175==    by 0x109444: main (in /home/loris/Desktop/TestRepositories/Forked/juliet-test-suite-c/Automatic/results/20260707_1536/CWE122/valgrind/bin/CWE122/bad/CWE122_Heap_Based_Buffer_Overflow__c_CWE193_char_loop_32-bad)
==1318175==  Address 0x4a8508a is 0 bytes after a block of size 10 alloc'd
==1318175==    at 0x4846828: malloc (in /usr/libexec/valgrind/vgpreload_memcheck-amd64-linux.so)
==1318175==    by 0x109350: CWE122_Heap_Based_Buffer_Overflow__c_CWE193_char_loop_32_bad (in /home/loris/Desktop/TestRepositories/Forked/juliet-test-suite-c/Automatic/results/20260707_1536/CWE122/valgrind/bin/CWE122/bad/CWE122_Heap_Based_Buffer_Overflow__c_CWE193_char_loop_32-bad)
==1318175==    by 0x109444: main (in /home/loris/Desktop/TestRepositories/Forked/juliet-test-suite-c/Automatic/results/20260707_1536/CWE122/valgrind/bin/CWE122/bad/CWE122_Heap_Based_Buffer_Overflow__c_CWE193_char_loop_32-bad)
==1318175== 
==1318175== 
==1318175== HEAP SUMMARY:
==1318175==     in use at exit: 0 bytes in 0 blocks
==1318175==   total heap usage: 2 allocs, 2 frees, 4,106 bytes allocated
==1318175== 
==1318175== All heap blocks were freed -- no leaks are possible
==1318175== 
==1318175== For lists of detected and suppressed errors, rerun with: -s
==1318175== ERROR SUMMARY: 2 errors from 2 contexts (suppressed: 0 from 0)
