==1313915== Memcheck, a memory error detector
==1313915== Copyright (C) 2002-2022, and GNU GPL'd, by Julian Seward et al.
==1313915== Using Valgrind-3.22.0 and LibVEX; rerun with -h for copyright info
==1313915== Command: /home/loris/Desktop/TestRepositories/Forked/juliet-test-suite-c/Automatic/results/20260707_1536/CWE122/valgrind/bin/CWE122/good/CWE122_Heap_Based_Buffer_Overflow__CWE135_21-good
==1313915== Parent PID: 1313914
==1313915== 
==1313915== 
==1313915== HEAP SUMMARY:
==1313915==     in use at exit: 450 bytes in 3 blocks
==1313915==   total heap usage: 7 allocs, 4 frees, 4,996 bytes allocated
==1313915== 
==1313915== LEAK SUMMARY:
==1313915==    definitely lost: 450 bytes in 3 blocks
==1313915==    indirectly lost: 0 bytes in 0 blocks
==1313915==      possibly lost: 0 bytes in 0 blocks
==1313915==    still reachable: 0 bytes in 0 blocks
==1313915==         suppressed: 0 bytes in 0 blocks
==1313915== Rerun with --leak-check=full to see details of leaked memory
==1313915== 
==1313915== For lists of detected and suppressed errors, rerun with: -s
==1313915== ERROR SUMMARY: 0 errors from 0 contexts (suppressed: 0 from 0)
