==1319424== Memcheck, a memory error detector
==1319424== Copyright (C) 2002-2022, and GNU GPL'd, by Julian Seward et al.
==1319424== Using Valgrind-3.22.0 and LibVEX; rerun with -h for copyright info
==1319424== Command: /home/loris/Desktop/TestRepositories/Forked/juliet-test-suite-c/Automatic/results/20260707_1536/CWE122/valgrind/bin/CWE122/bad/CWE122_Heap_Based_Buffer_Overflow__c_CWE805_int_loop_53-bad
==1319424== Parent PID: 1319423
==1319424== 
==1319424== Invalid write of size 4
==1319424==    at 0x10942C: CWE122_Heap_Based_Buffer_Overflow__c_CWE805_int_loop_53d_badSink (in /home/loris/Desktop/TestRepositories/Forked/juliet-test-suite-c/Automatic/results/20260707_1536/CWE122/valgrind/bin/CWE122/bad/CWE122_Heap_Based_Buffer_Overflow__c_CWE805_int_loop_53-bad)
==1319424==    by 0x1093B8: CWE122_Heap_Based_Buffer_Overflow__c_CWE805_int_loop_53c_badSink (in /home/loris/Desktop/TestRepositories/Forked/juliet-test-suite-c/Automatic/results/20260707_1536/CWE122/valgrind/bin/CWE122/bad/CWE122_Heap_Based_Buffer_Overflow__c_CWE805_int_loop_53-bad)
==1319424==    by 0x109399: CWE122_Heap_Based_Buffer_Overflow__c_CWE805_int_loop_53b_badSink (in /home/loris/Desktop/TestRepositories/Forked/juliet-test-suite-c/Automatic/results/20260707_1536/CWE122/valgrind/bin/CWE122/bad/CWE122_Heap_Based_Buffer_Overflow__c_CWE805_int_loop_53-bad)
==1319424==    by 0x109327: CWE122_Heap_Based_Buffer_Overflow__c_CWE805_int_loop_53_bad (in /home/loris/Desktop/TestRepositories/Forked/juliet-test-suite-c/Automatic/results/20260707_1536/CWE122/valgrind/bin/CWE122/bad/CWE122_Heap_Based_Buffer_Overflow__c_CWE805_int_loop_53-bad)
==1319424==    by 0x109367: main (in /home/loris/Desktop/TestRepositories/Forked/juliet-test-suite-c/Automatic/results/20260707_1536/CWE122/valgrind/bin/CWE122/bad/CWE122_Heap_Based_Buffer_Overflow__c_CWE805_int_loop_53-bad)
==1319424==  Address 0x4a85148 is 0 bytes after a block of size 200 alloc'd
==1319424==    at 0x4846828: malloc (in /usr/libexec/valgrind/vgpreload_memcheck-amd64-linux.so)
==1319424==    by 0x109306: CWE122_Heap_Based_Buffer_Overflow__c_CWE805_int_loop_53_bad (in /home/loris/Desktop/TestRepositories/Forked/juliet-test-suite-c/Automatic/results/20260707_1536/CWE122/valgrind/bin/CWE122/bad/CWE122_Heap_Based_Buffer_Overflow__c_CWE805_int_loop_53-bad)
==1319424==    by 0x109367: main (in /home/loris/Desktop/TestRepositories/Forked/juliet-test-suite-c/Automatic/results/20260707_1536/CWE122/valgrind/bin/CWE122/bad/CWE122_Heap_Based_Buffer_Overflow__c_CWE805_int_loop_53-bad)
==1319424== 
==1319424== 
==1319424== HEAP SUMMARY:
==1319424==     in use at exit: 0 bytes in 0 blocks
==1319424==   total heap usage: 2 allocs, 2 frees, 4,296 bytes allocated
==1319424== 
==1319424== All heap blocks were freed -- no leaks are possible
==1319424== 
==1319424== For lists of detected and suppressed errors, rerun with: -s
==1319424== ERROR SUMMARY: 50 errors from 1 contexts (suppressed: 0 from 0)
