==1317667== Memcheck, a memory error detector
==1317667== Copyright (C) 2002-2022, and GNU GPL'd, by Julian Seward et al.
==1317667== Using Valgrind-3.22.0 and LibVEX; rerun with -h for copyright info
==1317667== Command: /home/loris/Desktop/TestRepositories/Forked/juliet-test-suite-c/Automatic/results/20260707_1536/CWE122/valgrind/bin/CWE122/bad/CWE122_Heap_Based_Buffer_Overflow__c_CWE129_listen_socket_41-bad
==1317667== Parent PID: 1317666
==1317667== 
==1317667== 
==1317667== Process terminating with default action of signal 15 (SIGTERM)
==1317667==    at 0x499A834: accept (accept.c:26)
==1317667==    by 0x109598: CWE122_Heap_Based_Buffer_Overflow__c_CWE129_listen_socket_41_bad (in /home/loris/Desktop/TestRepositories/Forked/juliet-test-suite-c/Automatic/results/20260707_1536/CWE122/valgrind/bin/CWE122/bad/CWE122_Heap_Based_Buffer_Overflow__c_CWE129_listen_socket_41-bad)
==1317667==    by 0x10966B: main (in /home/loris/Desktop/TestRepositories/Forked/juliet-test-suite-c/Automatic/results/20260707_1536/CWE122/valgrind/bin/CWE122/bad/CWE122_Heap_Based_Buffer_Overflow__c_CWE129_listen_socket_41-bad)
==1317667== 
==1317667== HEAP SUMMARY:
==1317667==     in use at exit: 4,096 bytes in 1 blocks
==1317667==   total heap usage: 1 allocs, 0 frees, 4,096 bytes allocated
==1317667== 
==1317667== LEAK SUMMARY:
==1317667==    definitely lost: 0 bytes in 0 blocks
==1317667==    indirectly lost: 0 bytes in 0 blocks
==1317667==      possibly lost: 0 bytes in 0 blocks
==1317667==    still reachable: 4,096 bytes in 1 blocks
==1317667==         suppressed: 0 bytes in 0 blocks
==1317667== Rerun with --leak-check=full to see details of leaked memory
==1317667== 
==1317667== For lists of detected and suppressed errors, rerun with: -s
==1317667== ERROR SUMMARY: 0 errors from 0 contexts (suppressed: 0 from 0)
