==1317261== Memcheck, a memory error detector
==1317261== Copyright (C) 2002-2022, and GNU GPL'd, by Julian Seward et al.
==1317261== Using Valgrind-3.22.0 and LibVEX; rerun with -h for copyright info
==1317261== Command: /home/loris/Desktop/TestRepositories/Forked/juliet-test-suite-c/Automatic/results/20260707_1536/CWE122/valgrind/bin/CWE122/bad/CWE122_Heap_Based_Buffer_Overflow__CWE135_12-bad
==1317261== Parent PID: 1317260
==1317261== 
==1317261== Invalid read of size 4
==1317261==    at 0x4854274: wcslen (in /usr/libexec/valgrind/vgpreload_memcheck-amd64-linux.so)
==1317261==    by 0x1094E2: CWE122_Heap_Based_Buffer_Overflow__CWE135_12_bad (in /home/loris/Desktop/TestRepositories/Forked/juliet-test-suite-c/Automatic/results/20260707_1536/CWE122/valgrind/bin/CWE122/bad/CWE122_Heap_Based_Buffer_Overflow__CWE135_12-bad)
==1317261==    by 0x10957B: main (in /home/loris/Desktop/TestRepositories/Forked/juliet-test-suite-c/Automatic/results/20260707_1536/CWE122/valgrind/bin/CWE122/bad/CWE122_Heap_Based_Buffer_Overflow__CWE135_12-bad)
==1317261==  Address 0x4a850b4 is 2 bytes after a block of size 50 alloc'd
==1317261==    at 0x4846828: malloc (in /usr/libexec/valgrind/vgpreload_memcheck-amd64-linux.so)
==1317261==    by 0x109423: CWE122_Heap_Based_Buffer_Overflow__CWE135_12_bad (in /home/loris/Desktop/TestRepositories/Forked/juliet-test-suite-c/Automatic/results/20260707_1536/CWE122/valgrind/bin/CWE122/bad/CWE122_Heap_Based_Buffer_Overflow__CWE135_12-bad)
==1317261==    by 0x10957B: main (in /home/loris/Desktop/TestRepositories/Forked/juliet-test-suite-c/Automatic/results/20260707_1536/CWE122/valgrind/bin/CWE122/bad/CWE122_Heap_Based_Buffer_Overflow__CWE135_12-bad)
==1317261== 
==1317261== Invalid read of size 4
==1317261==    at 0x48543AA: wcscpy (in /usr/libexec/valgrind/vgpreload_memcheck-amd64-linux.so)
==1317261==    by 0x109523: CWE122_Heap_Based_Buffer_Overflow__CWE135_12_bad (in /home/loris/Desktop/TestRepositories/Forked/juliet-test-suite-c/Automatic/results/20260707_1536/CWE122/valgrind/bin/CWE122/bad/CWE122_Heap_Based_Buffer_Overflow__CWE135_12-bad)
==1317261==    by 0x10957B: main (in /home/loris/Desktop/TestRepositories/Forked/juliet-test-suite-c/Automatic/results/20260707_1536/CWE122/valgrind/bin/CWE122/bad/CWE122_Heap_Based_Buffer_Overflow__CWE135_12-bad)
==1317261==  Address 0x4a850b4 is 2 bytes after a block of size 50 alloc'd
==1317261==    at 0x4846828: malloc (in /usr/libexec/valgrind/vgpreload_memcheck-amd64-linux.so)
==1317261==    by 0x109423: CWE122_Heap_Based_Buffer_Overflow__CWE135_12_bad (in /home/loris/Desktop/TestRepositories/Forked/juliet-test-suite-c/Automatic/results/20260707_1536/CWE122/valgrind/bin/CWE122/bad/CWE122_Heap_Based_Buffer_Overflow__CWE135_12-bad)
==1317261==    by 0x10957B: main (in /home/loris/Desktop/TestRepositories/Forked/juliet-test-suite-c/Automatic/results/20260707_1536/CWE122/valgrind/bin/CWE122/bad/CWE122_Heap_Based_Buffer_Overflow__CWE135_12-bad)
==1317261== 
==1317261== 
==1317261== HEAP SUMMARY:
==1317261==     in use at exit: 50 bytes in 1 blocks
==1317261==   total heap usage: 3 allocs, 2 frees, 4,202 bytes allocated
==1317261== 
==1317261== LEAK SUMMARY:
==1317261==    definitely lost: 50 bytes in 1 blocks
==1317261==    indirectly lost: 0 bytes in 0 blocks
==1317261==      possibly lost: 0 bytes in 0 blocks
==1317261==    still reachable: 0 bytes in 0 blocks
==1317261==         suppressed: 0 bytes in 0 blocks
==1317261== Rerun with --leak-check=full to see details of leaked memory
==1317261== 
==1317261== For lists of detected and suppressed errors, rerun with: -s
==1317261== ERROR SUMMARY: 2 errors from 2 contexts (suppressed: 0 from 0)
