==1319642== Memcheck, a memory error detector
==1319642== Copyright (C) 2002-2022, and GNU GPL'd, by Julian Seward et al.
==1319642== Using Valgrind-3.22.0 and LibVEX; rerun with -h for copyright info
==1319642== Command: /home/loris/Desktop/TestRepositories/Forked/juliet-test-suite-c/Automatic/results/20260707_1536/CWE122/valgrind/bin/CWE122/bad/CWE122_Heap_Based_Buffer_Overflow__c_CWE805_struct_loop_42-bad
==1319642== Parent PID: 1319641
==1319642== 
==1319642== Invalid write of size 8
==1319642==    at 0x1093D5: CWE122_Heap_Based_Buffer_Overflow__c_CWE805_struct_loop_42_bad (in /home/loris/Desktop/TestRepositories/Forked/juliet-test-suite-c/Automatic/results/20260707_1536/CWE122/valgrind/bin/CWE122/bad/CWE122_Heap_Based_Buffer_Overflow__c_CWE805_struct_loop_42-bad)
==1319642==    by 0x10945B: main (in /home/loris/Desktop/TestRepositories/Forked/juliet-test-suite-c/Automatic/results/20260707_1536/CWE122/valgrind/bin/CWE122/bad/CWE122_Heap_Based_Buffer_Overflow__c_CWE805_struct_loop_42-bad)
==1319642==  Address 0x4a85210 is 0 bytes after a block of size 400 alloc'd
==1319642==    at 0x4846828: malloc (in /usr/libexec/valgrind/vgpreload_memcheck-amd64-linux.so)
==1319642==    by 0x109302: badSource (in /home/loris/Desktop/TestRepositories/Forked/juliet-test-suite-c/Automatic/results/20260707_1536/CWE122/valgrind/bin/CWE122/bad/CWE122_Heap_Based_Buffer_Overflow__c_CWE805_struct_loop_42-bad)
==1319642==    by 0x109355: CWE122_Heap_Based_Buffer_Overflow__c_CWE805_struct_loop_42_bad (in /home/loris/Desktop/TestRepositories/Forked/juliet-test-suite-c/Automatic/results/20260707_1536/CWE122/valgrind/bin/CWE122/bad/CWE122_Heap_Based_Buffer_Overflow__c_CWE805_struct_loop_42-bad)
==1319642==    by 0x10945B: main (in /home/loris/Desktop/TestRepositories/Forked/juliet-test-suite-c/Automatic/results/20260707_1536/CWE122/valgrind/bin/CWE122/bad/CWE122_Heap_Based_Buffer_Overflow__c_CWE805_struct_loop_42-bad)
==1319642== 
==1319642== 
==1319642== HEAP SUMMARY:
==1319642==     in use at exit: 0 bytes in 0 blocks
==1319642==   total heap usage: 2 allocs, 2 frees, 4,496 bytes allocated
==1319642== 
==1319642== All heap blocks were freed -- no leaks are possible
==1319642== 
==1319642== For lists of detected and suppressed errors, rerun with: -s
==1319642== ERROR SUMMARY: 50 errors from 1 contexts (suppressed: 0 from 0)
