==1322360== Memcheck, a memory error detector
==1322360== Copyright (C) 2002-2022, and GNU GPL'd, by Julian Seward et al.
==1322360== Using Valgrind-3.22.0 and LibVEX; rerun with -h for copyright info
==1322360== Command: /home/loris/Desktop/TestRepositories/Forked/juliet-test-suite-c/Automatic/results/20260707_1536/CWE122/valgrind/bin/CWE122/bad/CWE122_Heap_Based_Buffer_Overflow__c_dest_char_cat_54-bad
==1322360== Parent PID: 1322359
==1322360== 
==1322360== Invalid write of size 1
==1322360==    at 0x484EF5C: strcat (in /usr/libexec/valgrind/vgpreload_memcheck-amd64-linux.so)
==1322360==    by 0x10946D: CWE122_Heap_Based_Buffer_Overflow__c_dest_char_cat_54e_badSink (in /home/loris/Desktop/TestRepositories/Forked/juliet-test-suite-c/Automatic/results/20260707_1536/CWE122/valgrind/bin/CWE122/bad/CWE122_Heap_Based_Buffer_Overflow__c_dest_char_cat_54-bad)
==1322360==    by 0x10941E: CWE122_Heap_Based_Buffer_Overflow__c_dest_char_cat_54d_badSink (in /home/loris/Desktop/TestRepositories/Forked/juliet-test-suite-c/Automatic/results/20260707_1536/CWE122/valgrind/bin/CWE122/bad/CWE122_Heap_Based_Buffer_Overflow__c_dest_char_cat_54-bad)
==1322360==    by 0x1093FF: CWE122_Heap_Based_Buffer_Overflow__c_dest_char_cat_54c_badSink (in /home/loris/Desktop/TestRepositories/Forked/juliet-test-suite-c/Automatic/results/20260707_1536/CWE122/valgrind/bin/CWE122/bad/CWE122_Heap_Based_Buffer_Overflow__c_dest_char_cat_54-bad)
==1322360==    by 0x1093E0: CWE122_Heap_Based_Buffer_Overflow__c_dest_char_cat_54b_badSink (in /home/loris/Desktop/TestRepositories/Forked/juliet-test-suite-c/Automatic/results/20260707_1536/CWE122/valgrind/bin/CWE122/bad/CWE122_Heap_Based_Buffer_Overflow__c_dest_char_cat_54-bad)
==1322360==    by 0x10936E: CWE122_Heap_Based_Buffer_Overflow__c_dest_char_cat_54_bad (in /home/loris/Desktop/TestRepositories/Forked/juliet-test-suite-c/Automatic/results/20260707_1536/CWE122/valgrind/bin/CWE122/bad/CWE122_Heap_Based_Buffer_Overflow__c_dest_char_cat_54-bad)
==1322360==    by 0x1093AE: main (in /home/loris/Desktop/TestRepositories/Forked/juliet-test-suite-c/Automatic/results/20260707_1536/CWE122/valgrind/bin/CWE122/bad/CWE122_Heap_Based_Buffer_Overflow__c_dest_char_cat_54-bad)
==1322360==  Address 0x4a850b2 is 0 bytes after a block of size 50 alloc'd
==1322360==    at 0x4846828: malloc (in /usr/libexec/valgrind/vgpreload_memcheck-amd64-linux.so)
==1322360==    by 0x109346: CWE122_Heap_Based_Buffer_Overflow__c_dest_char_cat_54_bad (in /home/loris/Desktop/TestRepositories/Forked/juliet-test-suite-c/Automatic/results/20260707_1536/CWE122/valgrind/bin/CWE122/bad/CWE122_Heap_Based_Buffer_Overflow__c_dest_char_cat_54-bad)
==1322360==    by 0x1093AE: main (in /home/loris/Desktop/TestRepositories/Forked/juliet-test-suite-c/Automatic/results/20260707_1536/CWE122/valgrind/bin/CWE122/bad/CWE122_Heap_Based_Buffer_Overflow__c_dest_char_cat_54-bad)
==1322360== 

valgrind: m_mallocfree.c:304 (get_bszB_as_is): Assertion 'bszB_lo == bszB_hi' failed.
valgrind: Heap block lo/hi size mismatch: lo = 128, hi = 4846791580151137091.
This is probably caused by your program erroneously writing past the
end of a heap block and corrupting heap metadata.  If you fix any
invalid writes reported by Memcheck, this assertion failure will
probably go away.  Please try that before reporting this as a bug.


host stacktrace:
==1322360==    at 0x58044A9A: ??? (in /usr/libexec/valgrind/memcheck-amd64-linux)
==1322360==    by 0x58044BDF: ??? (in /usr/libexec/valgrind/memcheck-amd64-linux)
==1322360==    by 0x58044D75: ??? (in /usr/libexec/valgrind/memcheck-amd64-linux)
==1322360==    by 0x5804EDB8: ??? (in /usr/libexec/valgrind/memcheck-amd64-linux)
==1322360==    by 0x5803CDCA: ??? (in /usr/libexec/valgrind/memcheck-amd64-linux)
==1322360==    by 0x5803B3E7: ??? (in /usr/libexec/valgrind/memcheck-amd64-linux)
==1322360==    by 0x5803FFD0: ??? (in /usr/libexec/valgrind/memcheck-amd64-linux)
==1322360==    by 0x5803A260: ??? (in /usr/libexec/valgrind/memcheck-amd64-linux)
==1322360==    by 0x1002E8A58F: ???
==1322360==    by 0x1002DA9F0F: ???

sched status:
  running_tid=1

Thread 1: status = VgTs_Runnable (lwpid 1322360)
==1322360==    at 0x484EF6E: strcat (in /usr/libexec/valgrind/vgpreload_memcheck-amd64-linux.so)
==1322360==    by 0x10946D: CWE122_Heap_Based_Buffer_Overflow__c_dest_char_cat_54e_badSink (in /home/loris/Desktop/TestRepositories/Forked/juliet-test-suite-c/Automatic/results/20260707_1536/CWE122/valgrind/bin/CWE122/bad/CWE122_Heap_Based_Buffer_Overflow__c_dest_char_cat_54-bad)
==1322360==    by 0x10941E: CWE122_Heap_Based_Buffer_Overflow__c_dest_char_cat_54d_badSink (in /home/loris/Desktop/TestRepositories/Forked/juliet-test-suite-c/Automatic/results/20260707_1536/CWE122/valgrind/bin/CWE122/bad/CWE122_Heap_Based_Buffer_Overflow__c_dest_char_cat_54-bad)
==1322360==    by 0x1093FF: CWE122_Heap_Based_Buffer_Overflow__c_dest_char_cat_54c_badSink (in /home/loris/Desktop/TestRepositories/Forked/juliet-test-suite-c/Automatic/results/20260707_1536/CWE122/valgrind/bin/CWE122/bad/CWE122_Heap_Based_Buffer_Overflow__c_dest_char_cat_54-bad)
==1322360==    by 0x1093E0: CWE122_Heap_Based_Buffer_Overflow__c_dest_char_cat_54b_badSink (in /home/loris/Desktop/TestRepositories/Forked/juliet-test-suite-c/Automatic/results/20260707_1536/CWE122/valgrind/bin/CWE122/bad/CWE122_Heap_Based_Buffer_Overflow__c_dest_char_cat_54-bad)
==1322360==    by 0x10936E: CWE122_Heap_Based_Buffer_Overflow__c_dest_char_cat_54_bad (in /home/loris/Desktop/TestRepositories/Forked/juliet-test-suite-c/Automatic/results/20260707_1536/CWE122/valgrind/bin/CWE122/bad/CWE122_Heap_Based_Buffer_Overflow__c_dest_char_cat_54-bad)
==1322360==    by 0x1093AE: main (in /home/loris/Desktop/TestRepositories/Forked/juliet-test-suite-c/Automatic/results/20260707_1536/CWE122/valgrind/bin/CWE122/bad/CWE122_Heap_Based_Buffer_Overflow__c_dest_char_cat_54-bad)
client stack range: [0x1FFEFFE000 0x1FFF000FFF] client SP: 0x1FFEFFFD98
valgrind stack range: [0x1002CAA000 0x1002DA9FFF] top usage: 18232 of 1048576


Note: see also the FAQ in the source distribution.
It contains workarounds to several common problems.
In particular, if Valgrind aborted or crashed after
identifying problems in your program, there's a good chance
that fixing those problems will prevent Valgrind aborting or
crashing, especially if it happened in m_mallocfree.c.

If that doesn't help, please report this bug to: www.valgrind.org

In the bug report, send all the above text, the valgrind
version, and what OS and version you are using.  Thanks.

