==1317971== Memcheck, a memory error detector
==1317971== Copyright (C) 2002-2022, and GNU GPL'd, by Julian Seward et al.
==1317971== Using Valgrind-3.22.0 and LibVEX; rerun with -h for copyright info
==1317971== Command: /home/loris/Desktop/TestRepositories/Forked/juliet-test-suite-c/Automatic/results/20260707_1536/CWE122/valgrind/bin/CWE122/bad/CWE122_Heap_Based_Buffer_Overflow__c_CWE193_char_cpy_61-bad
==1317971== Parent PID: 1317970
==1317971== 
==1317971== Invalid write of size 1
==1317971==    at 0x484F39E: strcpy (in /usr/libexec/valgrind/vgpreload_memcheck-amd64-linux.so)
==1317971==    by 0x109363: CWE122_Heap_Based_Buffer_Overflow__c_CWE193_char_cpy_61_bad (in /home/loris/Desktop/TestRepositories/Forked/juliet-test-suite-c/Automatic/results/20260707_1536/CWE122/valgrind/bin/CWE122/bad/CWE122_Heap_Based_Buffer_Overflow__c_CWE193_char_cpy_61-bad)
==1317971==    by 0x1093CF: main (in /home/loris/Desktop/TestRepositories/Forked/juliet-test-suite-c/Automatic/results/20260707_1536/CWE122/valgrind/bin/CWE122/bad/CWE122_Heap_Based_Buffer_Overflow__c_CWE193_char_cpy_61-bad)
==1317971==  Address 0x4a8508a is 0 bytes after a block of size 10 alloc'd
==1317971==    at 0x4846828: malloc (in /usr/libexec/valgrind/vgpreload_memcheck-amd64-linux.so)
==1317971==    by 0x1093FF: CWE122_Heap_Based_Buffer_Overflow__c_CWE193_char_cpy_61b_badSource (in /home/loris/Desktop/TestRepositories/Forked/juliet-test-suite-c/Automatic/results/20260707_1536/CWE122/valgrind/bin/CWE122/bad/CWE122_Heap_Based_Buffer_Overflow__c_CWE193_char_cpy_61-bad)
==1317971==    by 0x109337: CWE122_Heap_Based_Buffer_Overflow__c_CWE193_char_cpy_61_bad (in /home/loris/Desktop/TestRepositories/Forked/juliet-test-suite-c/Automatic/results/20260707_1536/CWE122/valgrind/bin/CWE122/bad/CWE122_Heap_Based_Buffer_Overflow__c_CWE193_char_cpy_61-bad)
==1317971==    by 0x1093CF: main (in /home/loris/Desktop/TestRepositories/Forked/juliet-test-suite-c/Automatic/results/20260707_1536/CWE122/valgrind/bin/CWE122/bad/CWE122_Heap_Based_Buffer_Overflow__c_CWE193_char_cpy_61-bad)
==1317971== 
==1317971== Invalid read of size 1
==1317971==    at 0x484F234: strlen (in /usr/libexec/valgrind/vgpreload_memcheck-amd64-linux.so)
==1317971==    by 0x48F6BFC: puts (ioputs.c:35)
==1317971==    by 0x10943D: printLine (in /home/loris/Desktop/TestRepositories/Forked/juliet-test-suite-c/Automatic/results/20260707_1536/CWE122/valgrind/bin/CWE122/bad/CWE122_Heap_Based_Buffer_Overflow__c_CWE193_char_cpy_61-bad)
==1317971==    by 0x10936F: CWE122_Heap_Based_Buffer_Overflow__c_CWE193_char_cpy_61_bad (in /home/loris/Desktop/TestRepositories/Forked/juliet-test-suite-c/Automatic/results/20260707_1536/CWE122/valgrind/bin/CWE122/bad/CWE122_Heap_Based_Buffer_Overflow__c_CWE193_char_cpy_61-bad)
==1317971==    by 0x1093CF: main (in /home/loris/Desktop/TestRepositories/Forked/juliet-test-suite-c/Automatic/results/20260707_1536/CWE122/valgrind/bin/CWE122/bad/CWE122_Heap_Based_Buffer_Overflow__c_CWE193_char_cpy_61-bad)
==1317971==  Address 0x4a8508a is 0 bytes after a block of size 10 alloc'd
==1317971==    at 0x4846828: malloc (in /usr/libexec/valgrind/vgpreload_memcheck-amd64-linux.so)
==1317971==    by 0x1093FF: CWE122_Heap_Based_Buffer_Overflow__c_CWE193_char_cpy_61b_badSource (in /home/loris/Desktop/TestRepositories/Forked/juliet-test-suite-c/Automatic/results/20260707_1536/CWE122/valgrind/bin/CWE122/bad/CWE122_Heap_Based_Buffer_Overflow__c_CWE193_char_cpy_61-bad)
==1317971==    by 0x109337: CWE122_Heap_Based_Buffer_Overflow__c_CWE193_char_cpy_61_bad (in /home/loris/Desktop/TestRepositories/Forked/juliet-test-suite-c/Automatic/results/20260707_1536/CWE122/valgrind/bin/CWE122/bad/CWE122_Heap_Based_Buffer_Overflow__c_CWE193_char_cpy_61-bad)
==1317971==    by 0x1093CF: main (in /home/loris/Desktop/TestRepositories/Forked/juliet-test-suite-c/Automatic/results/20260707_1536/CWE122/valgrind/bin/CWE122/bad/CWE122_Heap_Based_Buffer_Overflow__c_CWE193_char_cpy_61-bad)
==1317971== 
==1317971== 
==1317971== HEAP SUMMARY:
==1317971==     in use at exit: 0 bytes in 0 blocks
==1317971==   total heap usage: 2 allocs, 2 frees, 4,106 bytes allocated
==1317971== 
==1317971== All heap blocks were freed -- no leaks are possible
==1317971== 
==1317971== For lists of detected and suppressed errors, rerun with: -s
==1317971== ERROR SUMMARY: 2 errors from 2 contexts (suppressed: 0 from 0)
