==1319604== Memcheck, a memory error detector
==1319604== Copyright (C) 2002-2022, and GNU GPL'd, by Julian Seward et al.
==1319604== Using Valgrind-3.22.0 and LibVEX; rerun with -h for copyright info
==1319604== Command: /home/loris/Desktop/TestRepositories/Forked/juliet-test-suite-c/Automatic/results/20260707_1536/CWE122/valgrind/bin/CWE122/bad/CWE122_Heap_Based_Buffer_Overflow__c_CWE805_struct_loop_06-bad
==1319604== Parent PID: 1319603
==1319604== 
==1319604== Invalid write of size 8
==1319604==    at 0x1093B9: CWE122_Heap_Based_Buffer_Overflow__c_CWE805_struct_loop_06_bad (in /home/loris/Desktop/TestRepositories/Forked/juliet-test-suite-c/Automatic/results/20260707_1536/CWE122/valgrind/bin/CWE122/bad/CWE122_Heap_Based_Buffer_Overflow__c_CWE805_struct_loop_06-bad)
==1319604==    by 0x10943F: main (in /home/loris/Desktop/TestRepositories/Forked/juliet-test-suite-c/Automatic/results/20260707_1536/CWE122/valgrind/bin/CWE122/bad/CWE122_Heap_Based_Buffer_Overflow__c_CWE805_struct_loop_06-bad)
==1319604==  Address 0x4a85210 is 0 bytes after a block of size 400 alloc'd
==1319604==    at 0x4846828: malloc (in /usr/libexec/valgrind/vgpreload_memcheck-amd64-linux.so)
==1319604==    by 0x109325: CWE122_Heap_Based_Buffer_Overflow__c_CWE805_struct_loop_06_bad (in /home/loris/Desktop/TestRepositories/Forked/juliet-test-suite-c/Automatic/results/20260707_1536/CWE122/valgrind/bin/CWE122/bad/CWE122_Heap_Based_Buffer_Overflow__c_CWE805_struct_loop_06-bad)
==1319604==    by 0x10943F: main (in /home/loris/Desktop/TestRepositories/Forked/juliet-test-suite-c/Automatic/results/20260707_1536/CWE122/valgrind/bin/CWE122/bad/CWE122_Heap_Based_Buffer_Overflow__c_CWE805_struct_loop_06-bad)
==1319604== 
==1319604== 
==1319604== HEAP SUMMARY:
==1319604==     in use at exit: 0 bytes in 0 blocks
==1319604==   total heap usage: 2 allocs, 2 frees, 4,496 bytes allocated
==1319604== 
==1319604== All heap blocks were freed -- no leaks are possible
==1319604== 
==1319604== For lists of detected and suppressed errors, rerun with: -s
==1319604== ERROR SUMMARY: 50 errors from 1 contexts (suppressed: 0 from 0)
