==1319298== Memcheck, a memory error detector
==1319298== Copyright (C) 2002-2022, and GNU GPL'd, by Julian Seward et al.
==1319298== Using Valgrind-3.22.0 and LibVEX; rerun with -h for copyright info
==1319298== Command: /home/loris/Desktop/TestRepositories/Forked/juliet-test-suite-c/Automatic/results/20260707_1536/CWE122/valgrind/bin/CWE122/bad/CWE122_Heap_Based_Buffer_Overflow__c_CWE805_int64_t_memmove_05-bad
==1319298== Parent PID: 1319297
==1319298== 
==1319298== Invalid write of size 8
==1319298==    at 0x4852E1B: memmove (in /usr/libexec/valgrind/vgpreload_memcheck-amd64-linux.so)
==1319298==    by 0x109395: CWE122_Heap_Based_Buffer_Overflow__c_CWE805_int64_t_memmove_05_bad (in /home/loris/Desktop/TestRepositories/Forked/juliet-test-suite-c/Automatic/results/20260707_1536/CWE122/valgrind/bin/CWE122/bad/CWE122_Heap_Based_Buffer_Overflow__c_CWE805_int64_t_memmove_05-bad)
==1319298==    by 0x10940A: main (in /home/loris/Desktop/TestRepositories/Forked/juliet-test-suite-c/Automatic/results/20260707_1536/CWE122/valgrind/bin/CWE122/bad/CWE122_Heap_Based_Buffer_Overflow__c_CWE805_int64_t_memmove_05-bad)
==1319298==  Address 0x4a85210 is 0 bytes after a block of size 400 alloc'd
==1319298==    at 0x4846828: malloc (in /usr/libexec/valgrind/vgpreload_memcheck-amd64-linux.so)
==1319298==    by 0x109345: CWE122_Heap_Based_Buffer_Overflow__c_CWE805_int64_t_memmove_05_bad (in /home/loris/Desktop/TestRepositories/Forked/juliet-test-suite-c/Automatic/results/20260707_1536/CWE122/valgrind/bin/CWE122/bad/CWE122_Heap_Based_Buffer_Overflow__c_CWE805_int64_t_memmove_05-bad)
==1319298==    by 0x10940A: main (in /home/loris/Desktop/TestRepositories/Forked/juliet-test-suite-c/Automatic/results/20260707_1536/CWE122/valgrind/bin/CWE122/bad/CWE122_Heap_Based_Buffer_Overflow__c_CWE805_int64_t_memmove_05-bad)
==1319298== 
==1319298== Invalid write of size 8
==1319298==    at 0x4852E23: memmove (in /usr/libexec/valgrind/vgpreload_memcheck-amd64-linux.so)
==1319298==    by 0x109395: CWE122_Heap_Based_Buffer_Overflow__c_CWE805_int64_t_memmove_05_bad (in /home/loris/Desktop/TestRepositories/Forked/juliet-test-suite-c/Automatic/results/20260707_1536/CWE122/valgrind/bin/CWE122/bad/CWE122_Heap_Based_Buffer_Overflow__c_CWE805_int64_t_memmove_05-bad)
==1319298==    by 0x10940A: main (in /home/loris/Desktop/TestRepositories/Forked/juliet-test-suite-c/Automatic/results/20260707_1536/CWE122/valgrind/bin/CWE122/bad/CWE122_Heap_Based_Buffer_Overflow__c_CWE805_int64_t_memmove_05-bad)
==1319298==  Address 0x4a85218 is 8 bytes after a block of size 400 alloc'd
==1319298==    at 0x4846828: malloc (in /usr/libexec/valgrind/vgpreload_memcheck-amd64-linux.so)
==1319298==    by 0x109345: CWE122_Heap_Based_Buffer_Overflow__c_CWE805_int64_t_memmove_05_bad (in /home/loris/Desktop/TestRepositories/Forked/juliet-test-suite-c/Automatic/results/20260707_1536/CWE122/valgrind/bin/CWE122/bad/CWE122_Heap_Based_Buffer_Overflow__c_CWE805_int64_t_memmove_05-bad)
==1319298==    by 0x10940A: main (in /home/loris/Desktop/TestRepositories/Forked/juliet-test-suite-c/Automatic/results/20260707_1536/CWE122/valgrind/bin/CWE122/bad/CWE122_Heap_Based_Buffer_Overflow__c_CWE805_int64_t_memmove_05-bad)
==1319298== 
==1319298== Invalid write of size 8
==1319298==    at 0x4852E0B: memmove (in /usr/libexec/valgrind/vgpreload_memcheck-amd64-linux.so)
==1319298==    by 0x109395: CWE122_Heap_Based_Buffer_Overflow__c_CWE805_int64_t_memmove_05_bad (in /home/loris/Desktop/TestRepositories/Forked/juliet-test-suite-c/Automatic/results/20260707_1536/CWE122/valgrind/bin/CWE122/bad/CWE122_Heap_Based_Buffer_Overflow__c_CWE805_int64_t_memmove_05-bad)
==1319298==    by 0x10940A: main (in /home/loris/Desktop/TestRepositories/Forked/juliet-test-suite-c/Automatic/results/20260707_1536/CWE122/valgrind/bin/CWE122/bad/CWE122_Heap_Based_Buffer_Overflow__c_CWE805_int64_t_memmove_05-bad)
==1319298==  Address 0x4a85220 is 16 bytes after a block of size 400 alloc'd
==1319298==    at 0x4846828: malloc (in /usr/libexec/valgrind/vgpreload_memcheck-amd64-linux.so)
==1319298==    by 0x109345: CWE122_Heap_Based_Buffer_Overflow__c_CWE805_int64_t_memmove_05_bad (in /home/loris/Desktop/TestRepositories/Forked/juliet-test-suite-c/Automatic/results/20260707_1536/CWE122/valgrind/bin/CWE122/bad/CWE122_Heap_Based_Buffer_Overflow__c_CWE805_int64_t_memmove_05-bad)
==1319298==    by 0x10940A: main (in /home/loris/Desktop/TestRepositories/Forked/juliet-test-suite-c/Automatic/results/20260707_1536/CWE122/valgrind/bin/CWE122/bad/CWE122_Heap_Based_Buffer_Overflow__c_CWE805_int64_t_memmove_05-bad)
==1319298== 
==1319298== Invalid write of size 8
==1319298==    at 0x4852E13: memmove (in /usr/libexec/valgrind/vgpreload_memcheck-amd64-linux.so)
==1319298==    by 0x109395: CWE122_Heap_Based_Buffer_Overflow__c_CWE805_int64_t_memmove_05_bad (in /home/loris/Desktop/TestRepositories/Forked/juliet-test-suite-c/Automatic/results/20260707_1536/CWE122/valgrind/bin/CWE122/bad/CWE122_Heap_Based_Buffer_Overflow__c_CWE805_int64_t_memmove_05-bad)
==1319298==    by 0x10940A: main (in /home/loris/Desktop/TestRepositories/Forked/juliet-test-suite-c/Automatic/results/20260707_1536/CWE122/valgrind/bin/CWE122/bad/CWE122_Heap_Based_Buffer_Overflow__c_CWE805_int64_t_memmove_05-bad)
==1319298==  Address 0x4a85228 is 24 bytes after a block of size 400 in arena "client"
==1319298== 
==1319298== 
==1319298== HEAP SUMMARY:
==1319298==     in use at exit: 0 bytes in 0 blocks
==1319298==   total heap usage: 2 allocs, 2 frees, 4,496 bytes allocated
==1319298== 
==1319298== All heap blocks were freed -- no leaks are possible
==1319298== 
==1319298== For lists of detected and suppressed errors, rerun with: -s
==1319298== ERROR SUMMARY: 50 errors from 4 contexts (suppressed: 0 from 0)
