==1317079== Memcheck, a memory error detector
==1317079== Copyright (C) 2002-2022, and GNU GPL'd, by Julian Seward et al.
==1317079== Using Valgrind-3.22.0 and LibVEX; rerun with -h for copyright info
==1317079== Command: /home/loris/Desktop/TestRepositories/Forked/juliet-test-suite-c/Automatic/results/20260707_1536/CWE122/valgrind/bin/CWE122/bad/CWE122_Heap_Based_Buffer_Overflow__CWE131_loop_65-bad
==1317079== Parent PID: 1317078
==1317079== 
==1317079== Invalid write of size 4
==1317079==    at 0x1093DF: CWE122_Heap_Based_Buffer_Overflow__CWE131_loop_65b_badSink (in /home/loris/Desktop/TestRepositories/Forked/juliet-test-suite-c/Automatic/results/20260707_1536/CWE122/valgrind/bin/CWE122/bad/CWE122_Heap_Based_Buffer_Overflow__CWE131_loop_65-bad)
==1317079==    by 0x109333: CWE122_Heap_Based_Buffer_Overflow__CWE131_loop_65_bad (in /home/loris/Desktop/TestRepositories/Forked/juliet-test-suite-c/Automatic/results/20260707_1536/CWE122/valgrind/bin/CWE122/bad/CWE122_Heap_Based_Buffer_Overflow__CWE131_loop_65-bad)
==1317079==    by 0x109373: main (in /home/loris/Desktop/TestRepositories/Forked/juliet-test-suite-c/Automatic/results/20260707_1536/CWE122/valgrind/bin/CWE122/bad/CWE122_Heap_Based_Buffer_Overflow__CWE131_loop_65-bad)
==1317079==  Address 0x4a85088 is 8 bytes inside a block of size 10 alloc'd
==1317079==    at 0x4846828: malloc (in /usr/libexec/valgrind/vgpreload_memcheck-amd64-linux.so)
==1317079==    by 0x109311: CWE122_Heap_Based_Buffer_Overflow__CWE131_loop_65_bad (in /home/loris/Desktop/TestRepositories/Forked/juliet-test-suite-c/Automatic/results/20260707_1536/CWE122/valgrind/bin/CWE122/bad/CWE122_Heap_Based_Buffer_Overflow__CWE131_loop_65-bad)
==1317079==    by 0x109373: main (in /home/loris/Desktop/TestRepositories/Forked/juliet-test-suite-c/Automatic/results/20260707_1536/CWE122/valgrind/bin/CWE122/bad/CWE122_Heap_Based_Buffer_Overflow__CWE131_loop_65-bad)
==1317079== 
==1317079== 
==1317079== HEAP SUMMARY:
==1317079==     in use at exit: 0 bytes in 0 blocks
==1317079==   total heap usage: 2 allocs, 2 frees, 4,106 bytes allocated
==1317079== 
==1317079== All heap blocks were freed -- no leaks are possible
==1317079== 
==1317079== For lists of detected and suppressed errors, rerun with: -s
==1317079== ERROR SUMMARY: 8 errors from 1 contexts (suppressed: 0 from 0)
