==1318675== Memcheck, a memory error detector
==1318675== Copyright (C) 2002-2022, and GNU GPL'd, by Julian Seward et al.
==1318675== Using Valgrind-3.22.0 and LibVEX; rerun with -h for copyright info
==1318675== Command: /home/loris/Desktop/TestRepositories/Forked/juliet-test-suite-c/Automatic/results/20260707_1536/CWE122/valgrind/bin/CWE122/bad/CWE122_Heap_Based_Buffer_Overflow__c_CWE193_char_ncpy_66-bad
==1318675== Parent PID: 1318674
==1318675== 
==1318675== Invalid write of size 1
==1318675==    at 0x484F644: strncpy (in /usr/libexec/valgrind/vgpreload_memcheck-amd64-linux.so)
==1318675==    by 0x10944B: CWE122_Heap_Based_Buffer_Overflow__c_CWE193_char_ncpy_66b_badSink (in /home/loris/Desktop/TestRepositories/Forked/juliet-test-suite-c/Automatic/results/20260707_1536/CWE122/valgrind/bin/CWE122/bad/CWE122_Heap_Based_Buffer_Overflow__c_CWE193_char_ncpy_66-bad)
==1318675==    by 0x10937E: CWE122_Heap_Based_Buffer_Overflow__c_CWE193_char_ncpy_66_bad (in /home/loris/Desktop/TestRepositories/Forked/juliet-test-suite-c/Automatic/results/20260707_1536/CWE122/valgrind/bin/CWE122/bad/CWE122_Heap_Based_Buffer_Overflow__c_CWE193_char_ncpy_66-bad)
==1318675==    by 0x1093D2: main (in /home/loris/Desktop/TestRepositories/Forked/juliet-test-suite-c/Automatic/results/20260707_1536/CWE122/valgrind/bin/CWE122/bad/CWE122_Heap_Based_Buffer_Overflow__c_CWE193_char_ncpy_66-bad)
==1318675==  Address 0x4a8508a is 0 bytes after a block of size 10 alloc'd
==1318675==    at 0x4846828: malloc (in /usr/libexec/valgrind/vgpreload_memcheck-amd64-linux.so)
==1318675==    by 0x109355: CWE122_Heap_Based_Buffer_Overflow__c_CWE193_char_ncpy_66_bad (in /home/loris/Desktop/TestRepositories/Forked/juliet-test-suite-c/Automatic/results/20260707_1536/CWE122/valgrind/bin/CWE122/bad/CWE122_Heap_Based_Buffer_Overflow__c_CWE193_char_ncpy_66-bad)
==1318675==    by 0x1093D2: main (in /home/loris/Desktop/TestRepositories/Forked/juliet-test-suite-c/Automatic/results/20260707_1536/CWE122/valgrind/bin/CWE122/bad/CWE122_Heap_Based_Buffer_Overflow__c_CWE193_char_ncpy_66-bad)
==1318675== 
==1318675== Invalid read of size 1
==1318675==    at 0x484F234: strlen (in /usr/libexec/valgrind/vgpreload_memcheck-amd64-linux.so)
==1318675==    by 0x48F6BFC: puts (ioputs.c:35)
==1318675==    by 0x10949D: printLine (in /home/loris/Desktop/TestRepositories/Forked/juliet-test-suite-c/Automatic/results/20260707_1536/CWE122/valgrind/bin/CWE122/bad/CWE122_Heap_Based_Buffer_Overflow__c_CWE193_char_ncpy_66-bad)
==1318675==    by 0x109457: CWE122_Heap_Based_Buffer_Overflow__c_CWE193_char_ncpy_66b_badSink (in /home/loris/Desktop/TestRepositories/Forked/juliet-test-suite-c/Automatic/results/20260707_1536/CWE122/valgrind/bin/CWE122/bad/CWE122_Heap_Based_Buffer_Overflow__c_CWE193_char_ncpy_66-bad)
==1318675==    by 0x10937E: CWE122_Heap_Based_Buffer_Overflow__c_CWE193_char_ncpy_66_bad (in /home/loris/Desktop/TestRepositories/Forked/juliet-test-suite-c/Automatic/results/20260707_1536/CWE122/valgrind/bin/CWE122/bad/CWE122_Heap_Based_Buffer_Overflow__c_CWE193_char_ncpy_66-bad)
==1318675==    by 0x1093D2: main (in /home/loris/Desktop/TestRepositories/Forked/juliet-test-suite-c/Automatic/results/20260707_1536/CWE122/valgrind/bin/CWE122/bad/CWE122_Heap_Based_Buffer_Overflow__c_CWE193_char_ncpy_66-bad)
==1318675==  Address 0x4a8508a is 0 bytes after a block of size 10 alloc'd
==1318675==    at 0x4846828: malloc (in /usr/libexec/valgrind/vgpreload_memcheck-amd64-linux.so)
==1318675==    by 0x109355: CWE122_Heap_Based_Buffer_Overflow__c_CWE193_char_ncpy_66_bad (in /home/loris/Desktop/TestRepositories/Forked/juliet-test-suite-c/Automatic/results/20260707_1536/CWE122/valgrind/bin/CWE122/bad/CWE122_Heap_Based_Buffer_Overflow__c_CWE193_char_ncpy_66-bad)
==1318675==    by 0x1093D2: main (in /home/loris/Desktop/TestRepositories/Forked/juliet-test-suite-c/Automatic/results/20260707_1536/CWE122/valgrind/bin/CWE122/bad/CWE122_Heap_Based_Buffer_Overflow__c_CWE193_char_ncpy_66-bad)
==1318675== 
==1318675== 
==1318675== HEAP SUMMARY:
==1318675==     in use at exit: 0 bytes in 0 blocks
==1318675==   total heap usage: 2 allocs, 2 frees, 4,106 bytes allocated
==1318675== 
==1318675== All heap blocks were freed -- no leaks are possible
==1318675== 
==1318675== For lists of detected and suppressed errors, rerun with: -s
==1318675== ERROR SUMMARY: 2 errors from 2 contexts (suppressed: 0 from 0)
