==1319908== Memcheck, a memory error detector
==1319908== Copyright (C) 2002-2022, and GNU GPL'd, by Julian Seward et al.
==1319908== Using Valgrind-3.22.0 and LibVEX; rerun with -h for copyright info
==1319908== Command: /home/loris/Desktop/TestRepositories/Forked/juliet-test-suite-c/Automatic/results/20260707_1536/CWE122/valgrind/bin/CWE122/bad/CWE122_Heap_Based_Buffer_Overflow__c_CWE806_char_loop_09-bad
==1319908== Parent PID: 1319907
==1319908== 
==1319908== 
==1319908== Process terminating with default action of signal 6 (SIGABRT)
==1319908==    at 0x490DB2C: __pthread_kill_implementation (pthread_kill.c:44)
==1319908==    by 0x490DB2C: __pthread_kill_internal (pthread_kill.c:78)
==1319908==    by 0x490DB2C: pthread_kill@@GLIBC_2.34 (pthread_kill.c:89)
==1319908==    by 0x48B427D: raise (raise.c:26)
==1319908==    by 0x48978FE: abort (abort.c:79)
==1319908==    by 0x48987B5: __libc_message_impl.cold (libc_fatal.c:134)
==1319908==    by 0x49A5C48: __fortify_fail (fortify_fail.c:24)
==1319908==    by 0x49A6ED3: __stack_chk_fail (stack_chk_fail.c:24)
==1319908==    by 0x109438: CWE122_Heap_Based_Buffer_Overflow__c_CWE806_char_loop_09_bad (in /home/loris/Desktop/TestRepositories/Forked/juliet-test-suite-c/Automatic/results/20260707_1536/CWE122/valgrind/bin/CWE122/bad/CWE122_Heap_Based_Buffer_Overflow__c_CWE806_char_loop_09-bad)
==1319908==    by 0x4141414141414140: ???
==1319908==    by 0x4141414141414140: ???
==1319908==    by 0x4141414141414140: ???
==1319908==    by 0x1FFE414140: ???
==1319908==    by 0x48991C9: (below main) (libc_start_call_main.h:58)
==1319908== 
==1319908== HEAP SUMMARY:
==1319908==     in use at exit: 4,096 bytes in 1 blocks
==1319908==   total heap usage: 2 allocs, 1 frees, 4,196 bytes allocated
==1319908== 
==1319908== LEAK SUMMARY:
==1319908==    definitely lost: 0 bytes in 0 blocks
==1319908==    indirectly lost: 0 bytes in 0 blocks
==1319908==      possibly lost: 0 bytes in 0 blocks
==1319908==    still reachable: 4,096 bytes in 1 blocks
==1319908==         suppressed: 0 bytes in 0 blocks
==1319908== Rerun with --leak-check=full to see details of leaked memory
==1319908== 
==1319908== For lists of detected and suppressed errors, rerun with: -s
==1319908== ERROR SUMMARY: 0 errors from 0 contexts (suppressed: 0 from 0)
