==1317697== Memcheck, a memory error detector
==1317697== Copyright (C) 2002-2022, and GNU GPL'd, by Julian Seward et al.
==1317697== Using Valgrind-3.22.0 and LibVEX; rerun with -h for copyright info
==1317697== Command: /home/loris/Desktop/TestRepositories/Forked/juliet-test-suite-c/Automatic/results/20260707_1536/CWE122/valgrind/bin/CWE122/bad/CWE122_Heap_Based_Buffer_Overflow__c_CWE129_rand_01-bad
==1317697== Parent PID: 1317696
==1317697== 
==1317697== Invalid write of size 4
==1317697==    at 0x1093AC: CWE122_Heap_Based_Buffer_Overflow__c_CWE129_rand_01_bad (in /home/loris/Desktop/TestRepositories/Forked/juliet-test-suite-c/Automatic/results/20260707_1536/CWE122/valgrind/bin/CWE122/bad/CWE122_Heap_Based_Buffer_Overflow__c_CWE129_rand_01-bad)
==1317697==    by 0x109442: main (in /home/loris/Desktop/TestRepositories/Forked/juliet-test-suite-c/Automatic/results/20260707_1536/CWE122/valgrind/bin/CWE122/bad/CWE122_Heap_Based_Buffer_Overflow__c_CWE129_rand_01-bad)
==1317697==  Address 0xba5ddcd4 is not stack'd, malloc'd or (recently) free'd
==1317697== 
==1317697== 
==1317697== Process terminating with default action of signal 11 (SIGSEGV)
==1317697==  Access not within mapped region at address 0xBA5DDCD4
==1317697==    at 0x1093AC: CWE122_Heap_Based_Buffer_Overflow__c_CWE129_rand_01_bad (in /home/loris/Desktop/TestRepositories/Forked/juliet-test-suite-c/Automatic/results/20260707_1536/CWE122/valgrind/bin/CWE122/bad/CWE122_Heap_Based_Buffer_Overflow__c_CWE129_rand_01-bad)
==1317697==    by 0x109442: main (in /home/loris/Desktop/TestRepositories/Forked/juliet-test-suite-c/Automatic/results/20260707_1536/CWE122/valgrind/bin/CWE122/bad/CWE122_Heap_Based_Buffer_Overflow__c_CWE129_rand_01-bad)
==1317697==  If you believe this happened as a result of a stack
==1317697==  overflow in your program's main thread (unlikely but
==1317697==  possible), you can try to increase the size of the
==1317697==  main thread stack using the --main-stacksize= flag.
==1317697==  The main thread stack size used in this run was 8388608.
==1317697== 
==1317697== HEAP SUMMARY:
==1317697==     in use at exit: 4,136 bytes in 2 blocks
==1317697==   total heap usage: 2 allocs, 0 frees, 4,136 bytes allocated
==1317697== 
==1317697== LEAK SUMMARY:
==1317697==    definitely lost: 0 bytes in 0 blocks
==1317697==    indirectly lost: 0 bytes in 0 blocks
==1317697==      possibly lost: 0 bytes in 0 blocks
==1317697==    still reachable: 4,136 bytes in 2 blocks
==1317697==         suppressed: 0 bytes in 0 blocks
==1317697== Rerun with --leak-check=full to see details of leaked memory
==1317697== 
==1317697== For lists of detected and suppressed errors, rerun with: -s
==1317697== ERROR SUMMARY: 1 errors from 1 contexts (suppressed: 0 from 0)
