==1319638== Memcheck, a memory error detector
==1319638== Copyright (C) 2002-2022, and GNU GPL'd, by Julian Seward et al.
==1319638== Using Valgrind-3.22.0 and LibVEX; rerun with -h for copyright info
==1319638== Command: /home/loris/Desktop/TestRepositories/Forked/juliet-test-suite-c/Automatic/results/20260707_1536/CWE122/valgrind/bin/CWE122/bad/CWE122_Heap_Based_Buffer_Overflow__c_CWE805_struct_loop_34-bad
==1319638== Parent PID: 1319637
==1319638== 
==1319638== Invalid write of size 8
==1319638==    at 0x1093CB: CWE122_Heap_Based_Buffer_Overflow__c_CWE805_struct_loop_34_bad (in /home/loris/Desktop/TestRepositories/Forked/juliet-test-suite-c/Automatic/results/20260707_1536/CWE122/valgrind/bin/CWE122/bad/CWE122_Heap_Based_Buffer_Overflow__c_CWE805_struct_loop_34-bad)
==1319638==    by 0x109451: main (in /home/loris/Desktop/TestRepositories/Forked/juliet-test-suite-c/Automatic/results/20260707_1536/CWE122/valgrind/bin/CWE122/bad/CWE122_Heap_Based_Buffer_Overflow__c_CWE805_struct_loop_34-bad)
==1319638==  Address 0x4a85210 is 0 bytes after a block of size 400 alloc'd
==1319638==    at 0x4846828: malloc (in /usr/libexec/valgrind/vgpreload_memcheck-amd64-linux.so)
==1319638==    by 0x10931B: CWE122_Heap_Based_Buffer_Overflow__c_CWE805_struct_loop_34_bad (in /home/loris/Desktop/TestRepositories/Forked/juliet-test-suite-c/Automatic/results/20260707_1536/CWE122/valgrind/bin/CWE122/bad/CWE122_Heap_Based_Buffer_Overflow__c_CWE805_struct_loop_34-bad)
==1319638==    by 0x109451: main (in /home/loris/Desktop/TestRepositories/Forked/juliet-test-suite-c/Automatic/results/20260707_1536/CWE122/valgrind/bin/CWE122/bad/CWE122_Heap_Based_Buffer_Overflow__c_CWE805_struct_loop_34-bad)
==1319638== 
==1319638== 
==1319638== HEAP SUMMARY:
==1319638==     in use at exit: 0 bytes in 0 blocks
==1319638==   total heap usage: 2 allocs, 2 frees, 4,496 bytes allocated
==1319638== 
==1319638== All heap blocks were freed -- no leaks are possible
==1319638== 
==1319638== For lists of detected and suppressed errors, rerun with: -s
==1319638== ERROR SUMMARY: 50 errors from 1 contexts (suppressed: 0 from 0)
