==1318019== Memcheck, a memory error detector
==1318019== Copyright (C) 2002-2022, and GNU GPL'd, by Julian Seward et al.
==1318019== Using Valgrind-3.22.0 and LibVEX; rerun with -h for copyright info
==1318019== Command: /home/loris/Desktop/TestRepositories/Forked/juliet-test-suite-c/Automatic/results/20260707_1536/CWE122/valgrind/bin/CWE122/bad/CWE122_Heap_Based_Buffer_Overflow__c_CWE193_char_loop_18-bad
==1318019== Parent PID: 1318018
==1318019== 
==1318019== Invalid write of size 1
==1318019==    at 0x109394: CWE122_Heap_Based_Buffer_Overflow__c_CWE193_char_loop_18_bad (in /home/loris/Desktop/TestRepositories/Forked/juliet-test-suite-c/Automatic/results/20260707_1536/CWE122/valgrind/bin/CWE122/bad/CWE122_Heap_Based_Buffer_Overflow__c_CWE193_char_loop_18-bad)
==1318019==    by 0x109414: main (in /home/loris/Desktop/TestRepositories/Forked/juliet-test-suite-c/Automatic/results/20260707_1536/CWE122/valgrind/bin/CWE122/bad/CWE122_Heap_Based_Buffer_Overflow__c_CWE193_char_loop_18-bad)
==1318019==  Address 0x4a8508a is 0 bytes after a block of size 10 alloc'd
==1318019==    at 0x4846828: malloc (in /usr/libexec/valgrind/vgpreload_memcheck-amd64-linux.so)
==1318019==    by 0x109336: CWE122_Heap_Based_Buffer_Overflow__c_CWE193_char_loop_18_bad (in /home/loris/Desktop/TestRepositories/Forked/juliet-test-suite-c/Automatic/results/20260707_1536/CWE122/valgrind/bin/CWE122/bad/CWE122_Heap_Based_Buffer_Overflow__c_CWE193_char_loop_18-bad)
==1318019==    by 0x109414: main (in /home/loris/Desktop/TestRepositories/Forked/juliet-test-suite-c/Automatic/results/20260707_1536/CWE122/valgrind/bin/CWE122/bad/CWE122_Heap_Based_Buffer_Overflow__c_CWE193_char_loop_18-bad)
==1318019== 
==1318019== Invalid read of size 1
==1318019==    at 0x484F234: strlen (in /usr/libexec/valgrind/vgpreload_memcheck-amd64-linux.so)
==1318019==    by 0x48F6BFC: puts (ioputs.c:35)
==1318019==    by 0x10944D: printLine (in /home/loris/Desktop/TestRepositories/Forked/juliet-test-suite-c/Automatic/results/20260707_1536/CWE122/valgrind/bin/CWE122/bad/CWE122_Heap_Based_Buffer_Overflow__c_CWE193_char_loop_18-bad)
==1318019==    by 0x1093B4: CWE122_Heap_Based_Buffer_Overflow__c_CWE193_char_loop_18_bad (in /home/loris/Desktop/TestRepositories/Forked/juliet-test-suite-c/Automatic/results/20260707_1536/CWE122/valgrind/bin/CWE122/bad/CWE122_Heap_Based_Buffer_Overflow__c_CWE193_char_loop_18-bad)
==1318019==    by 0x109414: main (in /home/loris/Desktop/TestRepositories/Forked/juliet-test-suite-c/Automatic/results/20260707_1536/CWE122/valgrind/bin/CWE122/bad/CWE122_Heap_Based_Buffer_Overflow__c_CWE193_char_loop_18-bad)
==1318019==  Address 0x4a8508a is 0 bytes after a block of size 10 alloc'd
==1318019==    at 0x4846828: malloc (in /usr/libexec/valgrind/vgpreload_memcheck-amd64-linux.so)
==1318019==    by 0x109336: CWE122_Heap_Based_Buffer_Overflow__c_CWE193_char_loop_18_bad (in /home/loris/Desktop/TestRepositories/Forked/juliet-test-suite-c/Automatic/results/20260707_1536/CWE122/valgrind/bin/CWE122/bad/CWE122_Heap_Based_Buffer_Overflow__c_CWE193_char_loop_18-bad)
==1318019==    by 0x109414: main (in /home/loris/Desktop/TestRepositories/Forked/juliet-test-suite-c/Automatic/results/20260707_1536/CWE122/valgrind/bin/CWE122/bad/CWE122_Heap_Based_Buffer_Overflow__c_CWE193_char_loop_18-bad)
==1318019== 
==1318019== 
==1318019== HEAP SUMMARY:
==1318019==     in use at exit: 0 bytes in 0 blocks
==1318019==   total heap usage: 2 allocs, 2 frees, 4,106 bytes allocated
==1318019== 
==1318019== All heap blocks were freed -- no leaks are possible
==1318019== 
==1318019== For lists of detected and suppressed errors, rerun with: -s
==1318019== ERROR SUMMARY: 2 errors from 2 contexts (suppressed: 0 from 0)
