==1319270== Memcheck, a memory error detector
==1319270== Copyright (C) 2002-2022, and GNU GPL'd, by Julian Seward et al.
==1319270== Using Valgrind-3.22.0 and LibVEX; rerun with -h for copyright info
==1319270== Command: /home/loris/Desktop/TestRepositories/Forked/juliet-test-suite-c/Automatic/results/20260707_1536/CWE122/valgrind/bin/CWE122/bad/CWE122_Heap_Based_Buffer_Overflow__c_CWE805_int64_t_memcpy_52-bad
==1319270== Parent PID: 1319269
==1319270== 
==1319270== Invalid write of size 8
==1319270==    at 0x4852E1B: memmove (in /usr/libexec/valgrind/vgpreload_memcheck-amd64-linux.so)
==1319270==    by 0x109416: CWE122_Heap_Based_Buffer_Overflow__c_CWE805_int64_t_memcpy_52c_badSink (in /home/loris/Desktop/TestRepositories/Forked/juliet-test-suite-c/Automatic/results/20260707_1536/CWE122/valgrind/bin/CWE122/bad/CWE122_Heap_Based_Buffer_Overflow__c_CWE805_int64_t_memcpy_52-bad)
==1319270==    by 0x1093B9: CWE122_Heap_Based_Buffer_Overflow__c_CWE805_int64_t_memcpy_52b_badSink (in /home/loris/Desktop/TestRepositories/Forked/juliet-test-suite-c/Automatic/results/20260707_1536/CWE122/valgrind/bin/CWE122/bad/CWE122_Heap_Based_Buffer_Overflow__c_CWE805_int64_t_memcpy_52-bad)
==1319270==    by 0x109347: CWE122_Heap_Based_Buffer_Overflow__c_CWE805_int64_t_memcpy_52_bad (in /home/loris/Desktop/TestRepositories/Forked/juliet-test-suite-c/Automatic/results/20260707_1536/CWE122/valgrind/bin/CWE122/bad/CWE122_Heap_Based_Buffer_Overflow__c_CWE805_int64_t_memcpy_52-bad)
==1319270==    by 0x109387: main (in /home/loris/Desktop/TestRepositories/Forked/juliet-test-suite-c/Automatic/results/20260707_1536/CWE122/valgrind/bin/CWE122/bad/CWE122_Heap_Based_Buffer_Overflow__c_CWE805_int64_t_memcpy_52-bad)
==1319270==  Address 0x4a85210 is 0 bytes after a block of size 400 alloc'd
==1319270==    at 0x4846828: malloc (in /usr/libexec/valgrind/vgpreload_memcheck-amd64-linux.so)
==1319270==    by 0x109326: CWE122_Heap_Based_Buffer_Overflow__c_CWE805_int64_t_memcpy_52_bad (in /home/loris/Desktop/TestRepositories/Forked/juliet-test-suite-c/Automatic/results/20260707_1536/CWE122/valgrind/bin/CWE122/bad/CWE122_Heap_Based_Buffer_Overflow__c_CWE805_int64_t_memcpy_52-bad)
==1319270==    by 0x109387: main (in /home/loris/Desktop/TestRepositories/Forked/juliet-test-suite-c/Automatic/results/20260707_1536/CWE122/valgrind/bin/CWE122/bad/CWE122_Heap_Based_Buffer_Overflow__c_CWE805_int64_t_memcpy_52-bad)
==1319270== 
==1319270== Invalid write of size 8
==1319270==    at 0x4852E23: memmove (in /usr/libexec/valgrind/vgpreload_memcheck-amd64-linux.so)
==1319270==    by 0x109416: CWE122_Heap_Based_Buffer_Overflow__c_CWE805_int64_t_memcpy_52c_badSink (in /home/loris/Desktop/TestRepositories/Forked/juliet-test-suite-c/Automatic/results/20260707_1536/CWE122/valgrind/bin/CWE122/bad/CWE122_Heap_Based_Buffer_Overflow__c_CWE805_int64_t_memcpy_52-bad)
==1319270==    by 0x1093B9: CWE122_Heap_Based_Buffer_Overflow__c_CWE805_int64_t_memcpy_52b_badSink (in /home/loris/Desktop/TestRepositories/Forked/juliet-test-suite-c/Automatic/results/20260707_1536/CWE122/valgrind/bin/CWE122/bad/CWE122_Heap_Based_Buffer_Overflow__c_CWE805_int64_t_memcpy_52-bad)
==1319270==    by 0x109347: CWE122_Heap_Based_Buffer_Overflow__c_CWE805_int64_t_memcpy_52_bad (in /home/loris/Desktop/TestRepositories/Forked/juliet-test-suite-c/Automatic/results/20260707_1536/CWE122/valgrind/bin/CWE122/bad/CWE122_Heap_Based_Buffer_Overflow__c_CWE805_int64_t_memcpy_52-bad)
==1319270==    by 0x109387: main (in /home/loris/Desktop/TestRepositories/Forked/juliet-test-suite-c/Automatic/results/20260707_1536/CWE122/valgrind/bin/CWE122/bad/CWE122_Heap_Based_Buffer_Overflow__c_CWE805_int64_t_memcpy_52-bad)
==1319270==  Address 0x4a85218 is 8 bytes after a block of size 400 alloc'd
==1319270==    at 0x4846828: malloc (in /usr/libexec/valgrind/vgpreload_memcheck-amd64-linux.so)
==1319270==    by 0x109326: CWE122_Heap_Based_Buffer_Overflow__c_CWE805_int64_t_memcpy_52_bad (in /home/loris/Desktop/TestRepositories/Forked/juliet-test-suite-c/Automatic/results/20260707_1536/CWE122/valgrind/bin/CWE122/bad/CWE122_Heap_Based_Buffer_Overflow__c_CWE805_int64_t_memcpy_52-bad)
==1319270==    by 0x109387: main (in /home/loris/Desktop/TestRepositories/Forked/juliet-test-suite-c/Automatic/results/20260707_1536/CWE122/valgrind/bin/CWE122/bad/CWE122_Heap_Based_Buffer_Overflow__c_CWE805_int64_t_memcpy_52-bad)
==1319270== 
==1319270== Invalid write of size 8
==1319270==    at 0x4852E0B: memmove (in /usr/libexec/valgrind/vgpreload_memcheck-amd64-linux.so)
==1319270==    by 0x109416: CWE122_Heap_Based_Buffer_Overflow__c_CWE805_int64_t_memcpy_52c_badSink (in /home/loris/Desktop/TestRepositories/Forked/juliet-test-suite-c/Automatic/results/20260707_1536/CWE122/valgrind/bin/CWE122/bad/CWE122_Heap_Based_Buffer_Overflow__c_CWE805_int64_t_memcpy_52-bad)
==1319270==    by 0x1093B9: CWE122_Heap_Based_Buffer_Overflow__c_CWE805_int64_t_memcpy_52b_badSink (in /home/loris/Desktop/TestRepositories/Forked/juliet-test-suite-c/Automatic/results/20260707_1536/CWE122/valgrind/bin/CWE122/bad/CWE122_Heap_Based_Buffer_Overflow__c_CWE805_int64_t_memcpy_52-bad)
==1319270==    by 0x109347: CWE122_Heap_Based_Buffer_Overflow__c_CWE805_int64_t_memcpy_52_bad (in /home/loris/Desktop/TestRepositories/Forked/juliet-test-suite-c/Automatic/results/20260707_1536/CWE122/valgrind/bin/CWE122/bad/CWE122_Heap_Based_Buffer_Overflow__c_CWE805_int64_t_memcpy_52-bad)
==1319270==    by 0x109387: main (in /home/loris/Desktop/TestRepositories/Forked/juliet-test-suite-c/Automatic/results/20260707_1536/CWE122/valgrind/bin/CWE122/bad/CWE122_Heap_Based_Buffer_Overflow__c_CWE805_int64_t_memcpy_52-bad)
==1319270==  Address 0x4a85220 is 16 bytes after a block of size 400 alloc'd
==1319270==    at 0x4846828: malloc (in /usr/libexec/valgrind/vgpreload_memcheck-amd64-linux.so)
==1319270==    by 0x109326: CWE122_Heap_Based_Buffer_Overflow__c_CWE805_int64_t_memcpy_52_bad (in /home/loris/Desktop/TestRepositories/Forked/juliet-test-suite-c/Automatic/results/20260707_1536/CWE122/valgrind/bin/CWE122/bad/CWE122_Heap_Based_Buffer_Overflow__c_CWE805_int64_t_memcpy_52-bad)
==1319270==    by 0x109387: main (in /home/loris/Desktop/TestRepositories/Forked/juliet-test-suite-c/Automatic/results/20260707_1536/CWE122/valgrind/bin/CWE122/bad/CWE122_Heap_Based_Buffer_Overflow__c_CWE805_int64_t_memcpy_52-bad)
==1319270== 
==1319270== Invalid write of size 8
==1319270==    at 0x4852E13: memmove (in /usr/libexec/valgrind/vgpreload_memcheck-amd64-linux.so)
==1319270==    by 0x109416: CWE122_Heap_Based_Buffer_Overflow__c_CWE805_int64_t_memcpy_52c_badSink (in /home/loris/Desktop/TestRepositories/Forked/juliet-test-suite-c/Automatic/results/20260707_1536/CWE122/valgrind/bin/CWE122/bad/CWE122_Heap_Based_Buffer_Overflow__c_CWE805_int64_t_memcpy_52-bad)
==1319270==    by 0x1093B9: CWE122_Heap_Based_Buffer_Overflow__c_CWE805_int64_t_memcpy_52b_badSink (in /home/loris/Desktop/TestRepositories/Forked/juliet-test-suite-c/Automatic/results/20260707_1536/CWE122/valgrind/bin/CWE122/bad/CWE122_Heap_Based_Buffer_Overflow__c_CWE805_int64_t_memcpy_52-bad)
==1319270==    by 0x109347: CWE122_Heap_Based_Buffer_Overflow__c_CWE805_int64_t_memcpy_52_bad (in /home/loris/Desktop/TestRepositories/Forked/juliet-test-suite-c/Automatic/results/20260707_1536/CWE122/valgrind/bin/CWE122/bad/CWE122_Heap_Based_Buffer_Overflow__c_CWE805_int64_t_memcpy_52-bad)
==1319270==    by 0x109387: main (in /home/loris/Desktop/TestRepositories/Forked/juliet-test-suite-c/Automatic/results/20260707_1536/CWE122/valgrind/bin/CWE122/bad/CWE122_Heap_Based_Buffer_Overflow__c_CWE805_int64_t_memcpy_52-bad)
==1319270==  Address 0x4a85228 is 24 bytes after a block of size 400 in arena "client"
==1319270== 
==1319270== 
==1319270== HEAP SUMMARY:
==1319270==     in use at exit: 0 bytes in 0 blocks
==1319270==   total heap usage: 2 allocs, 2 frees, 4,496 bytes allocated
==1319270== 
==1319270== All heap blocks were freed -- no leaks are possible
==1319270== 
==1319270== For lists of detected and suppressed errors, rerun with: -s
==1319270== ERROR SUMMARY: 50 errors from 4 contexts (suppressed: 0 from 0)
