==1313941== Memcheck, a memory error detector
==1313941== Copyright (C) 2002-2022, and GNU GPL'd, by Julian Seward et al.
==1313941== Using Valgrind-3.22.0 and LibVEX; rerun with -h for copyright info
==1313941== Command: /home/loris/Desktop/TestRepositories/Forked/juliet-test-suite-c/Automatic/results/20260707_1536/CWE122/valgrind/bin/CWE122/good/CWE122_Heap_Based_Buffer_Overflow__CWE135_61-good
==1313941== Parent PID: 1313940
==1313941== 
==1313941== 
==1313941== HEAP SUMMARY:
==1313941==     in use at exit: 250 bytes in 2 blocks
==1313941==   total heap usage: 5 allocs, 3 frees, 4,596 bytes allocated
==1313941== 
==1313941== LEAK SUMMARY:
==1313941==    definitely lost: 250 bytes in 2 blocks
==1313941==    indirectly lost: 0 bytes in 0 blocks
==1313941==      possibly lost: 0 bytes in 0 blocks
==1313941==    still reachable: 0 bytes in 0 blocks
==1313941==         suppressed: 0 bytes in 0 blocks
==1313941== Rerun with --leak-check=full to see details of leaked memory
==1313941== 
==1313941== For lists of detected and suppressed errors, rerun with: -s
==1313941== ERROR SUMMARY: 0 errors from 0 contexts (suppressed: 0 from 0)
