==1319658== Memcheck, a memory error detector
==1319658== Copyright (C) 2002-2022, and GNU GPL'd, by Julian Seward et al.
==1319658== Using Valgrind-3.22.0 and LibVEX; rerun with -h for copyright info
==1319658== Command: /home/loris/Desktop/TestRepositories/Forked/juliet-test-suite-c/Automatic/results/20260707_1536/CWE122/valgrind/bin/CWE122/bad/CWE122_Heap_Based_Buffer_Overflow__c_CWE805_struct_loop_63-bad
==1319658== Parent PID: 1319657
==1319658== 
==1319658== Invalid write of size 8
==1319658==    at 0x109451: CWE122_Heap_Based_Buffer_Overflow__c_CWE805_struct_loop_63b_badSink (in /home/loris/Desktop/TestRepositories/Forked/juliet-test-suite-c/Automatic/results/20260707_1536/CWE122/valgrind/bin/CWE122/bad/CWE122_Heap_Based_Buffer_Overflow__c_CWE805_struct_loop_63-bad)
==1319658==    by 0x109338: CWE122_Heap_Based_Buffer_Overflow__c_CWE805_struct_loop_63_bad (in /home/loris/Desktop/TestRepositories/Forked/juliet-test-suite-c/Automatic/results/20260707_1536/CWE122/valgrind/bin/CWE122/bad/CWE122_Heap_Based_Buffer_Overflow__c_CWE805_struct_loop_63-bad)
==1319658==    by 0x10938C: main (in /home/loris/Desktop/TestRepositories/Forked/juliet-test-suite-c/Automatic/results/20260707_1536/CWE122/valgrind/bin/CWE122/bad/CWE122_Heap_Based_Buffer_Overflow__c_CWE805_struct_loop_63-bad)
==1319658==  Address 0x4a85210 is 0 bytes after a block of size 400 alloc'd
==1319658==    at 0x4846828: malloc (in /usr/libexec/valgrind/vgpreload_memcheck-amd64-linux.so)
==1319658==    by 0x109315: CWE122_Heap_Based_Buffer_Overflow__c_CWE805_struct_loop_63_bad (in /home/loris/Desktop/TestRepositories/Forked/juliet-test-suite-c/Automatic/results/20260707_1536/CWE122/valgrind/bin/CWE122/bad/CWE122_Heap_Based_Buffer_Overflow__c_CWE805_struct_loop_63-bad)
==1319658==    by 0x10938C: main (in /home/loris/Desktop/TestRepositories/Forked/juliet-test-suite-c/Automatic/results/20260707_1536/CWE122/valgrind/bin/CWE122/bad/CWE122_Heap_Based_Buffer_Overflow__c_CWE805_struct_loop_63-bad)
==1319658== 
==1319658== 
==1319658== HEAP SUMMARY:
==1319658==     in use at exit: 0 bytes in 0 blocks
==1319658==   total heap usage: 2 allocs, 2 frees, 4,496 bytes allocated
==1319658== 
==1319658== All heap blocks were freed -- no leaks are possible
==1319658== 
==1319658== For lists of detected and suppressed errors, rerun with: -s
==1319658== ERROR SUMMARY: 50 errors from 1 contexts (suppressed: 0 from 0)
