==1317221== Memcheck, a memory error detector
==1317221== Copyright (C) 2002-2022, and GNU GPL'd, by Julian Seward et al.
==1317221== Using Valgrind-3.22.0 and LibVEX; rerun with -h for copyright info
==1317221== Command: /home/loris/Desktop/TestRepositories/Forked/juliet-test-suite-c/Automatic/results/20260707_1536/CWE122/valgrind/bin/CWE122/bad/CWE122_Heap_Based_Buffer_Overflow__CWE131_memmove_53-bad
==1317221== Parent PID: 1317220
==1317221== 
==1317221== Invalid write of size 8
==1317221==    at 0x4852E13: memmove (in /usr/libexec/valgrind/vgpreload_memcheck-amd64-linux.so)
==1317221==    by 0x109423: CWE122_Heap_Based_Buffer_Overflow__CWE131_memmove_53d_badSink (in /home/loris/Desktop/TestRepositories/Forked/juliet-test-suite-c/Automatic/results/20260707_1536/CWE122/valgrind/bin/CWE122/bad/CWE122_Heap_Based_Buffer_Overflow__CWE131_memmove_53-bad)
==1317221==    by 0x1093D8: CWE122_Heap_Based_Buffer_Overflow__CWE131_memmove_53c_badSink (in /home/loris/Desktop/TestRepositories/Forked/juliet-test-suite-c/Automatic/results/20260707_1536/CWE122/valgrind/bin/CWE122/bad/CWE122_Heap_Based_Buffer_Overflow__CWE131_memmove_53-bad)
==1317221==    by 0x1093B9: CWE122_Heap_Based_Buffer_Overflow__CWE131_memmove_53b_badSink (in /home/loris/Desktop/TestRepositories/Forked/juliet-test-suite-c/Automatic/results/20260707_1536/CWE122/valgrind/bin/CWE122/bad/CWE122_Heap_Based_Buffer_Overflow__CWE131_memmove_53-bad)
==1317221==    by 0x109347: CWE122_Heap_Based_Buffer_Overflow__CWE131_memmove_53_bad (in /home/loris/Desktop/TestRepositories/Forked/juliet-test-suite-c/Automatic/results/20260707_1536/CWE122/valgrind/bin/CWE122/bad/CWE122_Heap_Based_Buffer_Overflow__CWE131_memmove_53-bad)
==1317221==    by 0x109387: main (in /home/loris/Desktop/TestRepositories/Forked/juliet-test-suite-c/Automatic/results/20260707_1536/CWE122/valgrind/bin/CWE122/bad/CWE122_Heap_Based_Buffer_Overflow__CWE131_memmove_53-bad)
==1317221==  Address 0x4a85088 is 8 bytes inside a block of size 10 alloc'd
==1317221==    at 0x4846828: malloc (in /usr/libexec/valgrind/vgpreload_memcheck-amd64-linux.so)
==1317221==    by 0x109326: CWE122_Heap_Based_Buffer_Overflow__CWE131_memmove_53_bad (in /home/loris/Desktop/TestRepositories/Forked/juliet-test-suite-c/Automatic/results/20260707_1536/CWE122/valgrind/bin/CWE122/bad/CWE122_Heap_Based_Buffer_Overflow__CWE131_memmove_53-bad)
==1317221==    by 0x109387: main (in /home/loris/Desktop/TestRepositories/Forked/juliet-test-suite-c/Automatic/results/20260707_1536/CWE122/valgrind/bin/CWE122/bad/CWE122_Heap_Based_Buffer_Overflow__CWE131_memmove_53-bad)
==1317221== 
==1317221== Invalid write of size 8
==1317221==    at 0x4852E1B: memmove (in /usr/libexec/valgrind/vgpreload_memcheck-amd64-linux.so)
==1317221==    by 0x109423: CWE122_Heap_Based_Buffer_Overflow__CWE131_memmove_53d_badSink (in /home/loris/Desktop/TestRepositories/Forked/juliet-test-suite-c/Automatic/results/20260707_1536/CWE122/valgrind/bin/CWE122/bad/CWE122_Heap_Based_Buffer_Overflow__CWE131_memmove_53-bad)
==1317221==    by 0x1093D8: CWE122_Heap_Based_Buffer_Overflow__CWE131_memmove_53c_badSink (in /home/loris/Desktop/TestRepositories/Forked/juliet-test-suite-c/Automatic/results/20260707_1536/CWE122/valgrind/bin/CWE122/bad/CWE122_Heap_Based_Buffer_Overflow__CWE131_memmove_53-bad)
==1317221==    by 0x1093B9: CWE122_Heap_Based_Buffer_Overflow__CWE131_memmove_53b_badSink (in /home/loris/Desktop/TestRepositories/Forked/juliet-test-suite-c/Automatic/results/20260707_1536/CWE122/valgrind/bin/CWE122/bad/CWE122_Heap_Based_Buffer_Overflow__CWE131_memmove_53-bad)
==1317221==    by 0x109347: CWE122_Heap_Based_Buffer_Overflow__CWE131_memmove_53_bad (in /home/loris/Desktop/TestRepositories/Forked/juliet-test-suite-c/Automatic/results/20260707_1536/CWE122/valgrind/bin/CWE122/bad/CWE122_Heap_Based_Buffer_Overflow__CWE131_memmove_53-bad)
==1317221==    by 0x109387: main (in /home/loris/Desktop/TestRepositories/Forked/juliet-test-suite-c/Automatic/results/20260707_1536/CWE122/valgrind/bin/CWE122/bad/CWE122_Heap_Based_Buffer_Overflow__CWE131_memmove_53-bad)
==1317221==  Address 0x4a85090 is 6 bytes after a block of size 10 alloc'd
==1317221==    at 0x4846828: malloc (in /usr/libexec/valgrind/vgpreload_memcheck-amd64-linux.so)
==1317221==    by 0x109326: CWE122_Heap_Based_Buffer_Overflow__CWE131_memmove_53_bad (in /home/loris/Desktop/TestRepositories/Forked/juliet-test-suite-c/Automatic/results/20260707_1536/CWE122/valgrind/bin/CWE122/bad/CWE122_Heap_Based_Buffer_Overflow__CWE131_memmove_53-bad)
==1317221==    by 0x109387: main (in /home/loris/Desktop/TestRepositories/Forked/juliet-test-suite-c/Automatic/results/20260707_1536/CWE122/valgrind/bin/CWE122/bad/CWE122_Heap_Based_Buffer_Overflow__CWE131_memmove_53-bad)
==1317221== 
==1317221== Invalid write of size 8
==1317221==    at 0x4852E23: memmove (in /usr/libexec/valgrind/vgpreload_memcheck-amd64-linux.so)
==1317221==    by 0x109423: CWE122_Heap_Based_Buffer_Overflow__CWE131_memmove_53d_badSink (in /home/loris/Desktop/TestRepositories/Forked/juliet-test-suite-c/Automatic/results/20260707_1536/CWE122/valgrind/bin/CWE122/bad/CWE122_Heap_Based_Buffer_Overflow__CWE131_memmove_53-bad)
==1317221==    by 0x1093D8: CWE122_Heap_Based_Buffer_Overflow__CWE131_memmove_53c_badSink (in /home/loris/Desktop/TestRepositories/Forked/juliet-test-suite-c/Automatic/results/20260707_1536/CWE122/valgrind/bin/CWE122/bad/CWE122_Heap_Based_Buffer_Overflow__CWE131_memmove_53-bad)
==1317221==    by 0x1093B9: CWE122_Heap_Based_Buffer_Overflow__CWE131_memmove_53b_badSink (in /home/loris/Desktop/TestRepositories/Forked/juliet-test-suite-c/Automatic/results/20260707_1536/CWE122/valgrind/bin/CWE122/bad/CWE122_Heap_Based_Buffer_Overflow__CWE131_memmove_53-bad)
==1317221==    by 0x109347: CWE122_Heap_Based_Buffer_Overflow__CWE131_memmove_53_bad (in /home/loris/Desktop/TestRepositories/Forked/juliet-test-suite-c/Automatic/results/20260707_1536/CWE122/valgrind/bin/CWE122/bad/CWE122_Heap_Based_Buffer_Overflow__CWE131_memmove_53-bad)
==1317221==    by 0x109387: main (in /home/loris/Desktop/TestRepositories/Forked/juliet-test-suite-c/Automatic/results/20260707_1536/CWE122/valgrind/bin/CWE122/bad/CWE122_Heap_Based_Buffer_Overflow__CWE131_memmove_53-bad)
==1317221==  Address 0x4a85098 is 14 bytes after a block of size 10 alloc'd
==1317221==    at 0x4846828: malloc (in /usr/libexec/valgrind/vgpreload_memcheck-amd64-linux.so)
==1317221==    by 0x109326: CWE122_Heap_Based_Buffer_Overflow__CWE131_memmove_53_bad (in /home/loris/Desktop/TestRepositories/Forked/juliet-test-suite-c/Automatic/results/20260707_1536/CWE122/valgrind/bin/CWE122/bad/CWE122_Heap_Based_Buffer_Overflow__CWE131_memmove_53-bad)
==1317221==    by 0x109387: main (in /home/loris/Desktop/TestRepositories/Forked/juliet-test-suite-c/Automatic/results/20260707_1536/CWE122/valgrind/bin/CWE122/bad/CWE122_Heap_Based_Buffer_Overflow__CWE131_memmove_53-bad)
==1317221== 
==1317221== Invalid write of size 8
==1317221==    at 0x4852E61: memmove (in /usr/libexec/valgrind/vgpreload_memcheck-amd64-linux.so)
==1317221==    by 0x109423: CWE122_Heap_Based_Buffer_Overflow__CWE131_memmove_53d_badSink (in /home/loris/Desktop/TestRepositories/Forked/juliet-test-suite-c/Automatic/results/20260707_1536/CWE122/valgrind/bin/CWE122/bad/CWE122_Heap_Based_Buffer_Overflow__CWE131_memmove_53-bad)
==1317221==    by 0x1093D8: CWE122_Heap_Based_Buffer_Overflow__CWE131_memmove_53c_badSink (in /home/loris/Desktop/TestRepositories/Forked/juliet-test-suite-c/Automatic/results/20260707_1536/CWE122/valgrind/bin/CWE122/bad/CWE122_Heap_Based_Buffer_Overflow__CWE131_memmove_53-bad)
==1317221==    by 0x1093B9: CWE122_Heap_Based_Buffer_Overflow__CWE131_memmove_53b_badSink (in /home/loris/Desktop/TestRepositories/Forked/juliet-test-suite-c/Automatic/results/20260707_1536/CWE122/valgrind/bin/CWE122/bad/CWE122_Heap_Based_Buffer_Overflow__CWE131_memmove_53-bad)
==1317221==    by 0x109347: CWE122_Heap_Based_Buffer_Overflow__CWE131_memmove_53_bad (in /home/loris/Desktop/TestRepositories/Forked/juliet-test-suite-c/Automatic/results/20260707_1536/CWE122/valgrind/bin/CWE122/bad/CWE122_Heap_Based_Buffer_Overflow__CWE131_memmove_53-bad)
==1317221==    by 0x109387: main (in /home/loris/Desktop/TestRepositories/Forked/juliet-test-suite-c/Automatic/results/20260707_1536/CWE122/valgrind/bin/CWE122/bad/CWE122_Heap_Based_Buffer_Overflow__CWE131_memmove_53-bad)
==1317221==  Address 0x4a850a0 is 22 bytes after a block of size 10 alloc'd
==1317221==    at 0x4846828: malloc (in /usr/libexec/valgrind/vgpreload_memcheck-amd64-linux.so)
==1317221==    by 0x109326: CWE122_Heap_Based_Buffer_Overflow__CWE131_memmove_53_bad (in /home/loris/Desktop/TestRepositories/Forked/juliet-test-suite-c/Automatic/results/20260707_1536/CWE122/valgrind/bin/CWE122/bad/CWE122_Heap_Based_Buffer_Overflow__CWE131_memmove_53-bad)
==1317221==    by 0x109387: main (in /home/loris/Desktop/TestRepositories/Forked/juliet-test-suite-c/Automatic/results/20260707_1536/CWE122/valgrind/bin/CWE122/bad/CWE122_Heap_Based_Buffer_Overflow__CWE131_memmove_53-bad)
==1317221== 
==1317221== 
==1317221== HEAP SUMMARY:
==1317221==     in use at exit: 0 bytes in 0 blocks
==1317221==   total heap usage: 2 allocs, 2 frees, 4,106 bytes allocated
==1317221== 
==1317221== All heap blocks were freed -- no leaks are possible
==1317221== 
==1317221== For lists of detected and suppressed errors, rerun with: -s
==1317221== ERROR SUMMARY: 4 errors from 4 contexts (suppressed: 0 from 0)
