==1318643== Memcheck, a memory error detector
==1318643== Copyright (C) 2002-2022, and GNU GPL'd, by Julian Seward et al.
==1318643== Using Valgrind-3.22.0 and LibVEX; rerun with -h for copyright info
==1318643== Command: /home/loris/Desktop/TestRepositories/Forked/juliet-test-suite-c/Automatic/results/20260707_1536/CWE122/valgrind/bin/CWE122/bad/CWE122_Heap_Based_Buffer_Overflow__c_CWE193_char_ncpy_22-bad
==1318643== Parent PID: 1318642
==1318643== 
==1318643== Invalid write of size 1
==1318643==    at 0x484F644: strncpy (in /usr/libexec/valgrind/vgpreload_memcheck-amd64-linux.so)
==1318643==    by 0x10939D: CWE122_Heap_Based_Buffer_Overflow__c_CWE193_char_ncpy_22_bad (in /home/loris/Desktop/TestRepositories/Forked/juliet-test-suite-c/Automatic/results/20260707_1536/CWE122/valgrind/bin/CWE122/bad/CWE122_Heap_Based_Buffer_Overflow__c_CWE193_char_ncpy_22-bad)
==1318643==    by 0x109409: main (in /home/loris/Desktop/TestRepositories/Forked/juliet-test-suite-c/Automatic/results/20260707_1536/CWE122/valgrind/bin/CWE122/bad/CWE122_Heap_Based_Buffer_Overflow__c_CWE193_char_ncpy_22-bad)
==1318643==  Address 0x4a8508a is 0 bytes after a block of size 10 alloc'd
==1318643==    at 0x4846828: malloc (in /usr/libexec/valgrind/vgpreload_memcheck-amd64-linux.so)
==1318643==    by 0x109443: CWE122_Heap_Based_Buffer_Overflow__c_CWE193_char_ncpy_22_badSource (in /home/loris/Desktop/TestRepositories/Forked/juliet-test-suite-c/Automatic/results/20260707_1536/CWE122/valgrind/bin/CWE122/bad/CWE122_Heap_Based_Buffer_Overflow__c_CWE193_char_ncpy_22-bad)
==1318643==    by 0x109361: CWE122_Heap_Based_Buffer_Overflow__c_CWE193_char_ncpy_22_bad (in /home/loris/Desktop/TestRepositories/Forked/juliet-test-suite-c/Automatic/results/20260707_1536/CWE122/valgrind/bin/CWE122/bad/CWE122_Heap_Based_Buffer_Overflow__c_CWE193_char_ncpy_22-bad)
==1318643==    by 0x109409: main (in /home/loris/Desktop/TestRepositories/Forked/juliet-test-suite-c/Automatic/results/20260707_1536/CWE122/valgrind/bin/CWE122/bad/CWE122_Heap_Based_Buffer_Overflow__c_CWE193_char_ncpy_22-bad)
==1318643== 
==1318643== Invalid read of size 1
==1318643==    at 0x484F234: strlen (in /usr/libexec/valgrind/vgpreload_memcheck-amd64-linux.so)
==1318643==    by 0x48F6BFC: puts (ioputs.c:35)
==1318643==    by 0x109481: printLine (in /home/loris/Desktop/TestRepositories/Forked/juliet-test-suite-c/Automatic/results/20260707_1536/CWE122/valgrind/bin/CWE122/bad/CWE122_Heap_Based_Buffer_Overflow__c_CWE193_char_ncpy_22-bad)
==1318643==    by 0x1093A9: CWE122_Heap_Based_Buffer_Overflow__c_CWE193_char_ncpy_22_bad (in /home/loris/Desktop/TestRepositories/Forked/juliet-test-suite-c/Automatic/results/20260707_1536/CWE122/valgrind/bin/CWE122/bad/CWE122_Heap_Based_Buffer_Overflow__c_CWE193_char_ncpy_22-bad)
==1318643==    by 0x109409: main (in /home/loris/Desktop/TestRepositories/Forked/juliet-test-suite-c/Automatic/results/20260707_1536/CWE122/valgrind/bin/CWE122/bad/CWE122_Heap_Based_Buffer_Overflow__c_CWE193_char_ncpy_22-bad)
==1318643==  Address 0x4a8508a is 0 bytes after a block of size 10 alloc'd
==1318643==    at 0x4846828: malloc (in /usr/libexec/valgrind/vgpreload_memcheck-amd64-linux.so)
==1318643==    by 0x109443: CWE122_Heap_Based_Buffer_Overflow__c_CWE193_char_ncpy_22_badSource (in /home/loris/Desktop/TestRepositories/Forked/juliet-test-suite-c/Automatic/results/20260707_1536/CWE122/valgrind/bin/CWE122/bad/CWE122_Heap_Based_Buffer_Overflow__c_CWE193_char_ncpy_22-bad)
==1318643==    by 0x109361: CWE122_Heap_Based_Buffer_Overflow__c_CWE193_char_ncpy_22_bad (in /home/loris/Desktop/TestRepositories/Forked/juliet-test-suite-c/Automatic/results/20260707_1536/CWE122/valgrind/bin/CWE122/bad/CWE122_Heap_Based_Buffer_Overflow__c_CWE193_char_ncpy_22-bad)
==1318643==    by 0x109409: main (in /home/loris/Desktop/TestRepositories/Forked/juliet-test-suite-c/Automatic/results/20260707_1536/CWE122/valgrind/bin/CWE122/bad/CWE122_Heap_Based_Buffer_Overflow__c_CWE193_char_ncpy_22-bad)
==1318643== 
==1318643== 
==1318643== HEAP SUMMARY:
==1318643==     in use at exit: 0 bytes in 0 blocks
==1318643==   total heap usage: 2 allocs, 2 frees, 4,106 bytes allocated
==1318643== 
==1318643== All heap blocks were freed -- no leaks are possible
==1318643== 
==1318643== For lists of detected and suppressed errors, rerun with: -s
==1318643== ERROR SUMMARY: 2 errors from 2 contexts (suppressed: 0 from 0)
