==1319103== Memcheck, a memory error detector
==1319103== Copyright (C) 2002-2022, and GNU GPL'd, by Julian Seward et al.
==1319103== Using Valgrind-3.22.0 and LibVEX; rerun with -h for copyright info
==1319103== Command: /home/loris/Desktop/TestRepositories/Forked/juliet-test-suite-c/Automatic/results/20260707_1536/CWE122/valgrind/bin/CWE122/bad/CWE122_Heap_Based_Buffer_Overflow__c_CWE805_char_snprintf_32-bad
==1319103== Parent PID: 1319102
==1319103== 
==1319103== Invalid write of size 8
==1319103==    at 0x4852E1B: memmove (in /usr/libexec/valgrind/vgpreload_memcheck-amd64-linux.so)
==1319103==    by 0x48CFD87: memcpy (string_fortified.h:29)
==1319103==    by 0x48CFD87: __printf_buffer_write (Xprintf_buffer_write.c:39)
==1319103==    by 0x48D851B: __printf_buffer (vfprintf-process-arg.c:501)
==1319103==    by 0x48FECC5: __vsnprintf_internal (vsnprintf.c:96)
==1319103==    by 0x48D5405: snprintf (snprintf.c:31)
==1319103==    by 0x1093FB: CWE122_Heap_Based_Buffer_Overflow__c_CWE805_char_snprintf_32_bad (in /home/loris/Desktop/TestRepositories/Forked/juliet-test-suite-c/Automatic/results/20260707_1536/CWE122/valgrind/bin/CWE122/bad/CWE122_Heap_Based_Buffer_Overflow__c_CWE805_char_snprintf_32-bad)
==1319103==    by 0x109467: main (in /home/loris/Desktop/TestRepositories/Forked/juliet-test-suite-c/Automatic/results/20260707_1536/CWE122/valgrind/bin/CWE122/bad/CWE122_Heap_Based_Buffer_Overflow__c_CWE805_char_snprintf_32-bad)
==1319103==  Address 0x4a850b0 is 48 bytes inside a block of size 50 alloc'd
==1319103==    at 0x4846828: malloc (in /usr/libexec/valgrind/vgpreload_memcheck-amd64-linux.so)
==1319103==    by 0x109385: CWE122_Heap_Based_Buffer_Overflow__c_CWE805_char_snprintf_32_bad (in /home/loris/Desktop/TestRepositories/Forked/juliet-test-suite-c/Automatic/results/20260707_1536/CWE122/valgrind/bin/CWE122/bad/CWE122_Heap_Based_Buffer_Overflow__c_CWE805_char_snprintf_32-bad)
==1319103==    by 0x109467: main (in /home/loris/Desktop/TestRepositories/Forked/juliet-test-suite-c/Automatic/results/20260707_1536/CWE122/valgrind/bin/CWE122/bad/CWE122_Heap_Based_Buffer_Overflow__c_CWE805_char_snprintf_32-bad)
==1319103== 
==1319103== Invalid write of size 8
==1319103==    at 0x4852E23: memmove (in /usr/libexec/valgrind/vgpreload_memcheck-amd64-linux.so)
==1319103==    by 0x48CFD87: memcpy (string_fortified.h:29)
==1319103==    by 0x48CFD87: __printf_buffer_write (Xprintf_buffer_write.c:39)
==1319103==    by 0x48D851B: __printf_buffer (vfprintf-process-arg.c:501)
==1319103==    by 0x48FECC5: __vsnprintf_internal (vsnprintf.c:96)
==1319103==    by 0x48D5405: snprintf (snprintf.c:31)
==1319103==    by 0x1093FB: CWE122_Heap_Based_Buffer_Overflow__c_CWE805_char_snprintf_32_bad (in /home/loris/Desktop/TestRepositories/Forked/juliet-test-suite-c/Automatic/results/20260707_1536/CWE122/valgrind/bin/CWE122/bad/CWE122_Heap_Based_Buffer_Overflow__c_CWE805_char_snprintf_32-bad)
==1319103==    by 0x109467: main (in /home/loris/Desktop/TestRepositories/Forked/juliet-test-suite-c/Automatic/results/20260707_1536/CWE122/valgrind/bin/CWE122/bad/CWE122_Heap_Based_Buffer_Overflow__c_CWE805_char_snprintf_32-bad)
==1319103==  Address 0x4a850b8 is 6 bytes after a block of size 50 alloc'd
==1319103==    at 0x4846828: malloc (in /usr/libexec/valgrind/vgpreload_memcheck-amd64-linux.so)
==1319103==    by 0x109385: CWE122_Heap_Based_Buffer_Overflow__c_CWE805_char_snprintf_32_bad (in /home/loris/Desktop/TestRepositories/Forked/juliet-test-suite-c/Automatic/results/20260707_1536/CWE122/valgrind/bin/CWE122/bad/CWE122_Heap_Based_Buffer_Overflow__c_CWE805_char_snprintf_32-bad)
==1319103==    by 0x109467: main (in /home/loris/Desktop/TestRepositories/Forked/juliet-test-suite-c/Automatic/results/20260707_1536/CWE122/valgrind/bin/CWE122/bad/CWE122_Heap_Based_Buffer_Overflow__c_CWE805_char_snprintf_32-bad)
==1319103== 
==1319103== Invalid write of size 8
==1319103==    at 0x4852E0B: memmove (in /usr/libexec/valgrind/vgpreload_memcheck-amd64-linux.so)
==1319103==    by 0x48CFD87: memcpy (string_fortified.h:29)
==1319103==    by 0x48CFD87: __printf_buffer_write (Xprintf_buffer_write.c:39)
==1319103==    by 0x48D851B: __printf_buffer (vfprintf-process-arg.c:501)
==1319103==    by 0x48FECC5: __vsnprintf_internal (vsnprintf.c:96)
==1319103==    by 0x48D5405: snprintf (snprintf.c:31)
==1319103==    by 0x1093FB: CWE122_Heap_Based_Buffer_Overflow__c_CWE805_char_snprintf_32_bad (in /home/loris/Desktop/TestRepositories/Forked/juliet-test-suite-c/Automatic/results/20260707_1536/CWE122/valgrind/bin/CWE122/bad/CWE122_Heap_Based_Buffer_Overflow__c_CWE805_char_snprintf_32-bad)
==1319103==    by 0x109467: main (in /home/loris/Desktop/TestRepositories/Forked/juliet-test-suite-c/Automatic/results/20260707_1536/CWE122/valgrind/bin/CWE122/bad/CWE122_Heap_Based_Buffer_Overflow__c_CWE805_char_snprintf_32-bad)
==1319103==  Address 0x4a850c0 is 14 bytes after a block of size 50 alloc'd
==1319103==    at 0x4846828: malloc (in /usr/libexec/valgrind/vgpreload_memcheck-amd64-linux.so)
==1319103==    by 0x109385: CWE122_Heap_Based_Buffer_Overflow__c_CWE805_char_snprintf_32_bad (in /home/loris/Desktop/TestRepositories/Forked/juliet-test-suite-c/Automatic/results/20260707_1536/CWE122/valgrind/bin/CWE122/bad/CWE122_Heap_Based_Buffer_Overflow__c_CWE805_char_snprintf_32-bad)
==1319103==    by 0x109467: main (in /home/loris/Desktop/TestRepositories/Forked/juliet-test-suite-c/Automatic/results/20260707_1536/CWE122/valgrind/bin/CWE122/bad/CWE122_Heap_Based_Buffer_Overflow__c_CWE805_char_snprintf_32-bad)
==1319103== 
==1319103== Invalid write of size 8
==1319103==    at 0x4852E13: memmove (in /usr/libexec/valgrind/vgpreload_memcheck-amd64-linux.so)
==1319103==    by 0x48CFD87: memcpy (string_fortified.h:29)
==1319103==    by 0x48CFD87: __printf_buffer_write (Xprintf_buffer_write.c:39)
==1319103==    by 0x48D851B: __printf_buffer (vfprintf-process-arg.c:501)
==1319103==    by 0x48FECC5: __vsnprintf_internal (vsnprintf.c:96)
==1319103==    by 0x48D5405: snprintf (snprintf.c:31)
==1319103==    by 0x1093FB: CWE122_Heap_Based_Buffer_Overflow__c_CWE805_char_snprintf_32_bad (in /home/loris/Desktop/TestRepositories/Forked/juliet-test-suite-c/Automatic/results/20260707_1536/CWE122/valgrind/bin/CWE122/bad/CWE122_Heap_Based_Buffer_Overflow__c_CWE805_char_snprintf_32-bad)
==1319103==    by 0x109467: main (in /home/loris/Desktop/TestRepositories/Forked/juliet-test-suite-c/Automatic/results/20260707_1536/CWE122/valgrind/bin/CWE122/bad/CWE122_Heap_Based_Buffer_Overflow__c_CWE805_char_snprintf_32-bad)
==1319103==  Address 0x4a850c8 is 22 bytes after a block of size 50 alloc'd
==1319103==    at 0x4846828: malloc (in /usr/libexec/valgrind/vgpreload_memcheck-amd64-linux.so)
==1319103==    by 0x109385: CWE122_Heap_Based_Buffer_Overflow__c_CWE805_char_snprintf_32_bad (in /home/loris/Desktop/TestRepositories/Forked/juliet-test-suite-c/Automatic/results/20260707_1536/CWE122/valgrind/bin/CWE122/bad/CWE122_Heap_Based_Buffer_Overflow__c_CWE805_char_snprintf_32-bad)
==1319103==    by 0x109467: main (in /home/loris/Desktop/TestRepositories/Forked/juliet-test-suite-c/Automatic/results/20260707_1536/CWE122/valgrind/bin/CWE122/bad/CWE122_Heap_Based_Buffer_Overflow__c_CWE805_char_snprintf_32-bad)
==1319103== 

valgrind: m_mallocfree.c:304 (get_bszB_as_is): Assertion 'bszB_lo == bszB_hi' failed.
valgrind: Heap block lo/hi size mismatch: lo = 128, hi = 4846791580151137091.
This is probably caused by your program erroneously writing past the
end of a heap block and corrupting heap metadata.  If you fix any
invalid writes reported by Memcheck, this assertion failure will
probably go away.  Please try that before reporting this as a bug.


host stacktrace:
==1319103==    at 0x58044A9A: ??? (in /usr/libexec/valgrind/memcheck-amd64-linux)
==1319103==    by 0x58044BDF: ??? (in /usr/libexec/valgrind/memcheck-amd64-linux)
==1319103==    by 0x58044D75: ??? (in /usr/libexec/valgrind/memcheck-amd64-linux)
==1319103==    by 0x5804EDB8: ??? (in /usr/libexec/valgrind/memcheck-amd64-linux)
==1319103==    by 0x5803CDCA: ??? (in /usr/libexec/valgrind/memcheck-amd64-linux)
==1319103==    by 0x5803B3E7: ??? (in /usr/libexec/valgrind/memcheck-amd64-linux)
==1319103==    by 0x5803FFD0: ??? (in /usr/libexec/valgrind/memcheck-amd64-linux)
==1319103==    by 0x5803A260: ??? (in /usr/libexec/valgrind/memcheck-amd64-linux)
==1319103==    by 0x58010887: ??? (in /usr/libexec/valgrind/memcheck-amd64-linux)
==1319103==    by 0x1002E8DEDC: ???
==1319103==    by 0x1002DA9F0F: ???

sched status:
  running_tid=1

Thread 1: status = VgTs_Runnable (lwpid 1319103)
==1319103==    at 0x4852EB3: memmove (in /usr/libexec/valgrind/vgpreload_memcheck-amd64-linux.so)
==1319103==    by 0x48CFD87: memcpy (string_fortified.h:29)
==1319103==    by 0x48CFD87: __printf_buffer_write (Xprintf_buffer_write.c:39)
==1319103==    by 0x48D851B: __printf_buffer (vfprintf-process-arg.c:501)
==1319103==    by 0x48FECC5: __vsnprintf_internal (vsnprintf.c:96)
==1319103==    by 0x48D5405: snprintf (snprintf.c:31)
==1319103==    by 0x1093FB: CWE122_Heap_Based_Buffer_Overflow__c_CWE805_char_snprintf_32_bad (in /home/loris/Desktop/TestRepositories/Forked/juliet-test-suite-c/Automatic/results/20260707_1536/CWE122/valgrind/bin/CWE122/bad/CWE122_Heap_Based_Buffer_Overflow__c_CWE805_char_snprintf_32-bad)
==1319103==    by 0x109467: main (in /home/loris/Desktop/TestRepositories/Forked/juliet-test-suite-c/Automatic/results/20260707_1536/CWE122/valgrind/bin/CWE122/bad/CWE122_Heap_Based_Buffer_Overflow__c_CWE805_char_snprintf_32-bad)
client stack range: [0x1FFEFFE000 0x1FFF000FFF] client SP: 0x1FFEFFF6C8
valgrind stack range: [0x1002CAA000 0x1002DA9FFF] top usage: 18232 of 1048576


Note: see also the FAQ in the source distribution.
It contains workarounds to several common problems.
In particular, if Valgrind aborted or crashed after
identifying problems in your program, there's a good chance
that fixing those problems will prevent Valgrind aborting or
crashing, especially if it happened in m_mallocfree.c.

If that doesn't help, please report this bug to: www.valgrind.org

In the bug report, send all the above text, the valgrind
version, and what OS and version you are using.  Thanks.

