==1318657== Memcheck, a memory error detector
==1318657== Copyright (C) 2002-2022, and GNU GPL'd, by Julian Seward et al.
==1318657== Using Valgrind-3.22.0 and LibVEX; rerun with -h for copyright info
==1318657== Command: /home/loris/Desktop/TestRepositories/Forked/juliet-test-suite-c/Automatic/results/20260707_1536/CWE122/valgrind/bin/CWE122/bad/CWE122_Heap_Based_Buffer_Overflow__c_CWE193_char_ncpy_45-bad
==1318657== Parent PID: 1318656
==1318657== 
==1318657== Invalid write of size 1
==1318657==    at 0x484F644: strncpy (in /usr/libexec/valgrind/vgpreload_memcheck-amd64-linux.so)
==1318657==    by 0x109386: badSink (in /home/loris/Desktop/TestRepositories/Forked/juliet-test-suite-c/Automatic/results/20260707_1536/CWE122/valgrind/bin/CWE122/bad/CWE122_Heap_Based_Buffer_Overflow__c_CWE193_char_ncpy_45-bad)
==1318657==    by 0x1093FD: CWE122_Heap_Based_Buffer_Overflow__c_CWE193_char_ncpy_45_bad (in /home/loris/Desktop/TestRepositories/Forked/juliet-test-suite-c/Automatic/results/20260707_1536/CWE122/valgrind/bin/CWE122/bad/CWE122_Heap_Based_Buffer_Overflow__c_CWE193_char_ncpy_45-bad)
==1318657==    by 0x10943D: main (in /home/loris/Desktop/TestRepositories/Forked/juliet-test-suite-c/Automatic/results/20260707_1536/CWE122/valgrind/bin/CWE122/bad/CWE122_Heap_Based_Buffer_Overflow__c_CWE193_char_ncpy_45-bad)
==1318657==  Address 0x4a8508a is 0 bytes after a block of size 10 alloc'd
==1318657==    at 0x4846828: malloc (in /usr/libexec/valgrind/vgpreload_memcheck-amd64-linux.so)
==1318657==    by 0x1093D3: CWE122_Heap_Based_Buffer_Overflow__c_CWE193_char_ncpy_45_bad (in /home/loris/Desktop/TestRepositories/Forked/juliet-test-suite-c/Automatic/results/20260707_1536/CWE122/valgrind/bin/CWE122/bad/CWE122_Heap_Based_Buffer_Overflow__c_CWE193_char_ncpy_45-bad)
==1318657==    by 0x10943D: main (in /home/loris/Desktop/TestRepositories/Forked/juliet-test-suite-c/Automatic/results/20260707_1536/CWE122/valgrind/bin/CWE122/bad/CWE122_Heap_Based_Buffer_Overflow__c_CWE193_char_ncpy_45-bad)
==1318657== 
==1318657== Invalid read of size 1
==1318657==    at 0x484F234: strlen (in /usr/libexec/valgrind/vgpreload_memcheck-amd64-linux.so)
==1318657==    by 0x48F6BFC: puts (ioputs.c:35)
==1318657==    by 0x109476: printLine (in /home/loris/Desktop/TestRepositories/Forked/juliet-test-suite-c/Automatic/results/20260707_1536/CWE122/valgrind/bin/CWE122/bad/CWE122_Heap_Based_Buffer_Overflow__c_CWE193_char_ncpy_45-bad)
==1318657==    by 0x109392: badSink (in /home/loris/Desktop/TestRepositories/Forked/juliet-test-suite-c/Automatic/results/20260707_1536/CWE122/valgrind/bin/CWE122/bad/CWE122_Heap_Based_Buffer_Overflow__c_CWE193_char_ncpy_45-bad)
==1318657==    by 0x1093FD: CWE122_Heap_Based_Buffer_Overflow__c_CWE193_char_ncpy_45_bad (in /home/loris/Desktop/TestRepositories/Forked/juliet-test-suite-c/Automatic/results/20260707_1536/CWE122/valgrind/bin/CWE122/bad/CWE122_Heap_Based_Buffer_Overflow__c_CWE193_char_ncpy_45-bad)
==1318657==    by 0x10943D: main (in /home/loris/Desktop/TestRepositories/Forked/juliet-test-suite-c/Automatic/results/20260707_1536/CWE122/valgrind/bin/CWE122/bad/CWE122_Heap_Based_Buffer_Overflow__c_CWE193_char_ncpy_45-bad)
==1318657==  Address 0x4a8508a is 0 bytes after a block of size 10 alloc'd
==1318657==    at 0x4846828: malloc (in /usr/libexec/valgrind/vgpreload_memcheck-amd64-linux.so)
==1318657==    by 0x1093D3: CWE122_Heap_Based_Buffer_Overflow__c_CWE193_char_ncpy_45_bad (in /home/loris/Desktop/TestRepositories/Forked/juliet-test-suite-c/Automatic/results/20260707_1536/CWE122/valgrind/bin/CWE122/bad/CWE122_Heap_Based_Buffer_Overflow__c_CWE193_char_ncpy_45-bad)
==1318657==    by 0x10943D: main (in /home/loris/Desktop/TestRepositories/Forked/juliet-test-suite-c/Automatic/results/20260707_1536/CWE122/valgrind/bin/CWE122/bad/CWE122_Heap_Based_Buffer_Overflow__c_CWE193_char_ncpy_45-bad)
==1318657== 
==1318657== 
==1318657== HEAP SUMMARY:
==1318657==     in use at exit: 0 bytes in 0 blocks
==1318657==   total heap usage: 2 allocs, 2 frees, 4,106 bytes allocated
==1318657== 
==1318657== All heap blocks were freed -- no leaks are possible
==1318657== 
==1318657== For lists of detected and suppressed errors, rerun with: -s
==1318657== ERROR SUMMARY: 2 errors from 2 contexts (suppressed: 0 from 0)
