==1317685== Memcheck, a memory error detector
==1317685== Copyright (C) 2002-2022, and GNU GPL'd, by Julian Seward et al.
==1317685== Using Valgrind-3.22.0 and LibVEX; rerun with -h for copyright info
==1317685== Command: /home/loris/Desktop/TestRepositories/Forked/juliet-test-suite-c/Automatic/results/20260707_1536/CWE122/valgrind/bin/CWE122/bad/CWE122_Heap_Based_Buffer_Overflow__c_CWE129_listen_socket_63-bad
==1317685== Parent PID: 1317684
==1317685== 
==1317685== 
==1317685== Process terminating with default action of signal 15 (SIGTERM)
==1317685==    at 0x499A834: accept (accept.c:26)
==1317685==    by 0x1094CD: CWE122_Heap_Based_Buffer_Overflow__c_CWE129_listen_socket_63_bad (in /home/loris/Desktop/TestRepositories/Forked/juliet-test-suite-c/Automatic/results/20260707_1536/CWE122/valgrind/bin/CWE122/bad/CWE122_Heap_Based_Buffer_Overflow__c_CWE129_listen_socket_63-bad)
==1317685==    by 0x1095A2: main (in /home/loris/Desktop/TestRepositories/Forked/juliet-test-suite-c/Automatic/results/20260707_1536/CWE122/valgrind/bin/CWE122/bad/CWE122_Heap_Based_Buffer_Overflow__c_CWE129_listen_socket_63-bad)
==1317685== 
==1317685== HEAP SUMMARY:
==1317685==     in use at exit: 4,096 bytes in 1 blocks
==1317685==   total heap usage: 1 allocs, 0 frees, 4,096 bytes allocated
==1317685== 
==1317685== LEAK SUMMARY:
==1317685==    definitely lost: 0 bytes in 0 blocks
==1317685==    indirectly lost: 0 bytes in 0 blocks
==1317685==      possibly lost: 0 bytes in 0 blocks
==1317685==    still reachable: 4,096 bytes in 1 blocks
==1317685==         suppressed: 0 bytes in 0 blocks
==1317685== Rerun with --leak-check=full to see details of leaked memory
==1317685== 
==1317685== For lists of detected and suppressed errors, rerun with: -s
==1317685== ERROR SUMMARY: 0 errors from 0 contexts (suppressed: 0 from 0)
