==1322897== Memcheck, a memory error detector
==1322897== Copyright (C) 2002-2022, and GNU GPL'd, by Julian Seward et al.
==1322897== Using Valgrind-3.22.0 and LibVEX; rerun with -h for copyright info
==1322897== Command: /home/loris/Desktop/TestRepositories/Forked/juliet-test-suite-c/Automatic/results/20260707_1536/CWE122/valgrind/bin/CWE122/bad/CWE122_Heap_Based_Buffer_Overflow__c_src_char_cpy_04-bad
==1322897== Parent PID: 1322896
==1322897== 
==1322897== 
==1322897== Process terminating with default action of signal 6 (SIGABRT)
==1322897==    at 0x490DB2C: __pthread_kill_implementation (pthread_kill.c:44)
==1322897==    by 0x490DB2C: __pthread_kill_internal (pthread_kill.c:78)
==1322897==    by 0x490DB2C: pthread_kill@@GLIBC_2.34 (pthread_kill.c:89)
==1322897==    by 0x48B427D: raise (raise.c:26)
==1322897==    by 0x48978FE: abort (abort.c:79)
==1322897==    by 0x48987B5: __libc_message_impl.cold (libc_fatal.c:134)
==1322897==    by 0x49A5C48: __fortify_fail (fortify_fail.c:24)
==1322897==    by 0x49A6ED3: __stack_chk_fail (stack_chk_fail.c:24)
==1322897==    by 0x109402: CWE122_Heap_Based_Buffer_Overflow__c_src_char_cpy_04_bad (in /home/loris/Desktop/TestRepositories/Forked/juliet-test-suite-c/Automatic/results/20260707_1536/CWE122/valgrind/bin/CWE122/bad/CWE122_Heap_Based_Buffer_Overflow__c_src_char_cpy_04-bad)
==1322897==    by 0x4141414141414140: ???
==1322897==    by 0x4141414141414140: ???
==1322897==    by 0x4141414141414140: ???
==1322897==    by 0x1F00414140: ???
==1322897==    by 0x48991C9: (below main) (libc_start_call_main.h:58)
==1322897== 
==1322897== HEAP SUMMARY:
==1322897==     in use at exit: 4,096 bytes in 1 blocks
==1322897==   total heap usage: 2 allocs, 1 frees, 4,196 bytes allocated
==1322897== 
==1322897== LEAK SUMMARY:
==1322897==    definitely lost: 0 bytes in 0 blocks
==1322897==    indirectly lost: 0 bytes in 0 blocks
==1322897==      possibly lost: 0 bytes in 0 blocks
==1322897==    still reachable: 4,096 bytes in 1 blocks
==1322897==         suppressed: 0 bytes in 0 blocks
==1322897== Rerun with --leak-check=full to see details of leaked memory
==1322897== 
==1322897== For lists of detected and suppressed errors, rerun with: -s
==1322897== ERROR SUMMARY: 0 errors from 0 contexts (suppressed: 0 from 0)
