==1314333== Memcheck, a memory error detector
==1314333== Copyright (C) 2002-2022, and GNU GPL'd, by Julian Seward et al.
==1314333== Using Valgrind-3.22.0 and LibVEX; rerun with -h for copyright info
==1314333== Command: /home/loris/Desktop/TestRepositories/Forked/juliet-test-suite-c/Automatic/results/20260707_1536/CWE122/valgrind/bin/CWE122/good/CWE122_Heap_Based_Buffer_Overflow__c_CWE129_listen_socket_66-good
==1314333== Parent PID: 1314332
==1314333== 
==1314333== 
==1314333== Process terminating with default action of signal 15 (SIGTERM)
==1314333==    at 0x499A834: accept (accept.c:26)
==1314333==    by 0x10951F: goodB2G (in /home/loris/Desktop/TestRepositories/Forked/juliet-test-suite-c/Automatic/results/20260707_1536/CWE122/valgrind/bin/CWE122/good/CWE122_Heap_Based_Buffer_Overflow__c_CWE129_listen_socket_66-good)
==1314333==    by 0x1095D9: CWE122_Heap_Based_Buffer_Overflow__c_CWE129_listen_socket_66_good (in /home/loris/Desktop/TestRepositories/Forked/juliet-test-suite-c/Automatic/results/20260707_1536/CWE122/valgrind/bin/CWE122/good/CWE122_Heap_Based_Buffer_Overflow__c_CWE129_listen_socket_66-good)
==1314333==    by 0x109619: main (in /home/loris/Desktop/TestRepositories/Forked/juliet-test-suite-c/Automatic/results/20260707_1536/CWE122/valgrind/bin/CWE122/good/CWE122_Heap_Based_Buffer_Overflow__c_CWE129_listen_socket_66-good)
==1314333== 
==1314333== HEAP SUMMARY:
==1314333==     in use at exit: 4,096 bytes in 1 blocks
==1314333==   total heap usage: 2 allocs, 1 frees, 4,136 bytes allocated
==1314333== 
==1314333== LEAK SUMMARY:
==1314333==    definitely lost: 0 bytes in 0 blocks
==1314333==    indirectly lost: 0 bytes in 0 blocks
==1314333==      possibly lost: 0 bytes in 0 blocks
==1314333==    still reachable: 4,096 bytes in 1 blocks
==1314333==         suppressed: 0 bytes in 0 blocks
==1314333== Rerun with --leak-check=full to see details of leaked memory
==1314333== 
==1314333== For lists of detected and suppressed errors, rerun with: -s
==1314333== ERROR SUMMARY: 0 errors from 0 contexts (suppressed: 0 from 0)
