==1319414== Memcheck, a memory error detector
==1319414== Copyright (C) 2002-2022, and GNU GPL'd, by Julian Seward et al.
==1319414== Using Valgrind-3.22.0 and LibVEX; rerun with -h for copyright info
==1319414== Command: /home/loris/Desktop/TestRepositories/Forked/juliet-test-suite-c/Automatic/results/20260707_1536/CWE122/valgrind/bin/CWE122/bad/CWE122_Heap_Based_Buffer_Overflow__c_CWE805_int_loop_42-bad
==1319414== Parent PID: 1319413
==1319414== 
==1319414== Invalid write of size 4
==1319414==    at 0x1093A8: CWE122_Heap_Based_Buffer_Overflow__c_CWE805_int_loop_42_bad (in /home/loris/Desktop/TestRepositories/Forked/juliet-test-suite-c/Automatic/results/20260707_1536/CWE122/valgrind/bin/CWE122/bad/CWE122_Heap_Based_Buffer_Overflow__c_CWE805_int_loop_42-bad)
==1319414==    by 0x10942E: main (in /home/loris/Desktop/TestRepositories/Forked/juliet-test-suite-c/Automatic/results/20260707_1536/CWE122/valgrind/bin/CWE122/bad/CWE122_Heap_Based_Buffer_Overflow__c_CWE805_int_loop_42-bad)
==1319414==  Address 0x4a85148 is 0 bytes after a block of size 200 alloc'd
==1319414==    at 0x4846828: malloc (in /usr/libexec/valgrind/vgpreload_memcheck-amd64-linux.so)
==1319414==    by 0x109302: badSource (in /home/loris/Desktop/TestRepositories/Forked/juliet-test-suite-c/Automatic/results/20260707_1536/CWE122/valgrind/bin/CWE122/bad/CWE122_Heap_Based_Buffer_Overflow__c_CWE805_int_loop_42-bad)
==1319414==    by 0x109355: CWE122_Heap_Based_Buffer_Overflow__c_CWE805_int_loop_42_bad (in /home/loris/Desktop/TestRepositories/Forked/juliet-test-suite-c/Automatic/results/20260707_1536/CWE122/valgrind/bin/CWE122/bad/CWE122_Heap_Based_Buffer_Overflow__c_CWE805_int_loop_42-bad)
==1319414==    by 0x10942E: main (in /home/loris/Desktop/TestRepositories/Forked/juliet-test-suite-c/Automatic/results/20260707_1536/CWE122/valgrind/bin/CWE122/bad/CWE122_Heap_Based_Buffer_Overflow__c_CWE805_int_loop_42-bad)
==1319414== 
==1319414== 
==1319414== HEAP SUMMARY:
==1319414==     in use at exit: 0 bytes in 0 blocks
==1319414==   total heap usage: 2 allocs, 2 frees, 4,296 bytes allocated
==1319414== 
==1319414== All heap blocks were freed -- no leaks are possible
==1319414== 
==1319414== For lists of detected and suppressed errors, rerun with: -s
==1319414== ERROR SUMMARY: 50 errors from 1 contexts (suppressed: 0 from 0)
