==1316766== Memcheck, a memory error detector
==1316766== Copyright (C) 2002-2022, and GNU GPL'd, by Julian Seward et al.
==1316766== Using Valgrind-3.22.0 and LibVEX; rerun with -h for copyright info
==1316766== Command: /home/loris/Desktop/TestRepositories/Forked/juliet-test-suite-c/Automatic/results/20260707_1536/CWE122/valgrind/bin/CWE122/good/CWE122_Heap_Based_Buffer_Overflow__char_type_overrun_memmove_12-good
==1316766== Parent PID: 1316765
==1316766== 
==1316766== 
==1316766== HEAP SUMMARY:
==1316766==     in use at exit: 32 bytes in 1 blocks
==1316766==   total heap usage: 2 allocs, 1 frees, 4,128 bytes allocated
==1316766== 
==1316766== LEAK SUMMARY:
==1316766==    definitely lost: 32 bytes in 1 blocks
==1316766==    indirectly lost: 0 bytes in 0 blocks
==1316766==      possibly lost: 0 bytes in 0 blocks
==1316766==    still reachable: 0 bytes in 0 blocks
==1316766==         suppressed: 0 bytes in 0 blocks
==1316766== Rerun with --leak-check=full to see details of leaked memory
==1316766== 
==1316766== For lists of detected and suppressed errors, rerun with: -s
==1316766== ERROR SUMMARY: 0 errors from 0 contexts (suppressed: 0 from 0)
