==1317947== Memcheck, a memory error detector
==1317947== Copyright (C) 2002-2022, and GNU GPL'd, by Julian Seward et al.
==1317947== Using Valgrind-3.22.0 and LibVEX; rerun with -h for copyright info
==1317947== Command: /home/loris/Desktop/TestRepositories/Forked/juliet-test-suite-c/Automatic/results/20260707_1536/CWE122/valgrind/bin/CWE122/bad/CWE122_Heap_Based_Buffer_Overflow__c_CWE193_char_cpy_22-bad
==1317947== Parent PID: 1317946
==1317947== 
==1317947== Invalid write of size 1
==1317947==    at 0x484F39E: strcpy (in /usr/libexec/valgrind/vgpreload_memcheck-amd64-linux.so)
==1317947==    by 0x10936D: CWE122_Heap_Based_Buffer_Overflow__c_CWE193_char_cpy_22_bad (in /home/loris/Desktop/TestRepositories/Forked/juliet-test-suite-c/Automatic/results/20260707_1536/CWE122/valgrind/bin/CWE122/bad/CWE122_Heap_Based_Buffer_Overflow__c_CWE193_char_cpy_22-bad)
==1317947==    by 0x1093D9: main (in /home/loris/Desktop/TestRepositories/Forked/juliet-test-suite-c/Automatic/results/20260707_1536/CWE122/valgrind/bin/CWE122/bad/CWE122_Heap_Based_Buffer_Overflow__c_CWE193_char_cpy_22-bad)
==1317947==  Address 0x4a8508a is 0 bytes after a block of size 10 alloc'd
==1317947==    at 0x4846828: malloc (in /usr/libexec/valgrind/vgpreload_memcheck-amd64-linux.so)
==1317947==    by 0x109413: CWE122_Heap_Based_Buffer_Overflow__c_CWE193_char_cpy_22_badSource (in /home/loris/Desktop/TestRepositories/Forked/juliet-test-suite-c/Automatic/results/20260707_1536/CWE122/valgrind/bin/CWE122/bad/CWE122_Heap_Based_Buffer_Overflow__c_CWE193_char_cpy_22-bad)
==1317947==    by 0x109341: CWE122_Heap_Based_Buffer_Overflow__c_CWE193_char_cpy_22_bad (in /home/loris/Desktop/TestRepositories/Forked/juliet-test-suite-c/Automatic/results/20260707_1536/CWE122/valgrind/bin/CWE122/bad/CWE122_Heap_Based_Buffer_Overflow__c_CWE193_char_cpy_22-bad)
==1317947==    by 0x1093D9: main (in /home/loris/Desktop/TestRepositories/Forked/juliet-test-suite-c/Automatic/results/20260707_1536/CWE122/valgrind/bin/CWE122/bad/CWE122_Heap_Based_Buffer_Overflow__c_CWE193_char_cpy_22-bad)
==1317947== 
==1317947== Invalid read of size 1
==1317947==    at 0x484F234: strlen (in /usr/libexec/valgrind/vgpreload_memcheck-amd64-linux.so)
==1317947==    by 0x48F6BFC: puts (ioputs.c:35)
==1317947==    by 0x109451: printLine (in /home/loris/Desktop/TestRepositories/Forked/juliet-test-suite-c/Automatic/results/20260707_1536/CWE122/valgrind/bin/CWE122/bad/CWE122_Heap_Based_Buffer_Overflow__c_CWE193_char_cpy_22-bad)
==1317947==    by 0x109379: CWE122_Heap_Based_Buffer_Overflow__c_CWE193_char_cpy_22_bad (in /home/loris/Desktop/TestRepositories/Forked/juliet-test-suite-c/Automatic/results/20260707_1536/CWE122/valgrind/bin/CWE122/bad/CWE122_Heap_Based_Buffer_Overflow__c_CWE193_char_cpy_22-bad)
==1317947==    by 0x1093D9: main (in /home/loris/Desktop/TestRepositories/Forked/juliet-test-suite-c/Automatic/results/20260707_1536/CWE122/valgrind/bin/CWE122/bad/CWE122_Heap_Based_Buffer_Overflow__c_CWE193_char_cpy_22-bad)
==1317947==  Address 0x4a8508a is 0 bytes after a block of size 10 alloc'd
==1317947==    at 0x4846828: malloc (in /usr/libexec/valgrind/vgpreload_memcheck-amd64-linux.so)
==1317947==    by 0x109413: CWE122_Heap_Based_Buffer_Overflow__c_CWE193_char_cpy_22_badSource (in /home/loris/Desktop/TestRepositories/Forked/juliet-test-suite-c/Automatic/results/20260707_1536/CWE122/valgrind/bin/CWE122/bad/CWE122_Heap_Based_Buffer_Overflow__c_CWE193_char_cpy_22-bad)
==1317947==    by 0x109341: CWE122_Heap_Based_Buffer_Overflow__c_CWE193_char_cpy_22_bad (in /home/loris/Desktop/TestRepositories/Forked/juliet-test-suite-c/Automatic/results/20260707_1536/CWE122/valgrind/bin/CWE122/bad/CWE122_Heap_Based_Buffer_Overflow__c_CWE193_char_cpy_22-bad)
==1317947==    by 0x1093D9: main (in /home/loris/Desktop/TestRepositories/Forked/juliet-test-suite-c/Automatic/results/20260707_1536/CWE122/valgrind/bin/CWE122/bad/CWE122_Heap_Based_Buffer_Overflow__c_CWE193_char_cpy_22-bad)
==1317947== 
==1317947== 
==1317947== HEAP SUMMARY:
==1317947==     in use at exit: 0 bytes in 0 blocks
==1317947==   total heap usage: 2 allocs, 2 frees, 4,106 bytes allocated
==1317947== 
==1317947== All heap blocks were freed -- no leaks are possible
==1317947== 
==1317947== For lists of detected and suppressed errors, rerun with: -s
==1317947== ERROR SUMMARY: 2 errors from 2 contexts (suppressed: 0 from 0)
