==1317543== Memcheck, a memory error detector
==1317543== Copyright (C) 2002-2022, and GNU GPL'd, by Julian Seward et al.
==1317543== Using Valgrind-3.22.0 and LibVEX; rerun with -h for copyright info
==1317543== Command: /home/loris/Desktop/TestRepositories/Forked/juliet-test-suite-c/Automatic/results/20260707_1536/CWE122/valgrind/bin/CWE122/bad/CWE122_Heap_Based_Buffer_Overflow__c_CWE129_large_01-bad
==1317543== Parent PID: 1317542
==1317543== 
==1317543== Invalid write of size 4
==1317543==    at 0x109369: CWE122_Heap_Based_Buffer_Overflow__c_CWE129_large_01_bad (in /home/loris/Desktop/TestRepositories/Forked/juliet-test-suite-c/Automatic/results/20260707_1536/CWE122/valgrind/bin/CWE122/bad/CWE122_Heap_Based_Buffer_Overflow__c_CWE129_large_01-bad)
==1317543==    by 0x1093FB: main (in /home/loris/Desktop/TestRepositories/Forked/juliet-test-suite-c/Automatic/results/20260707_1536/CWE122/valgrind/bin/CWE122/bad/CWE122_Heap_Based_Buffer_Overflow__c_CWE129_large_01-bad)
==1317543==  Address 0x4a850a8 is 0 bytes after a block of size 40 alloc'd
==1317543==    at 0x4846828: malloc (in /usr/libexec/valgrind/vgpreload_memcheck-amd64-linux.so)
==1317543==    by 0x10930C: CWE122_Heap_Based_Buffer_Overflow__c_CWE129_large_01_bad (in /home/loris/Desktop/TestRepositories/Forked/juliet-test-suite-c/Automatic/results/20260707_1536/CWE122/valgrind/bin/CWE122/bad/CWE122_Heap_Based_Buffer_Overflow__c_CWE129_large_01-bad)
==1317543==    by 0x1093FB: main (in /home/loris/Desktop/TestRepositories/Forked/juliet-test-suite-c/Automatic/results/20260707_1536/CWE122/valgrind/bin/CWE122/bad/CWE122_Heap_Based_Buffer_Overflow__c_CWE129_large_01-bad)
==1317543== 
==1317543== 
==1317543== HEAP SUMMARY:
==1317543==     in use at exit: 0 bytes in 0 blocks
==1317543==   total heap usage: 2 allocs, 2 frees, 4,136 bytes allocated
==1317543== 
==1317543== All heap blocks were freed -- no leaks are possible
==1317543== 
==1317543== For lists of detected and suppressed errors, rerun with: -s
==1317543== ERROR SUMMARY: 1 errors from 1 contexts (suppressed: 0 from 0)
