==1319656== Memcheck, a memory error detector
==1319656== Copyright (C) 2002-2022, and GNU GPL'd, by Julian Seward et al.
==1319656== Using Valgrind-3.22.0 and LibVEX; rerun with -h for copyright info
==1319656== Command: /home/loris/Desktop/TestRepositories/Forked/juliet-test-suite-c/Automatic/results/20260707_1536/CWE122/valgrind/bin/CWE122/bad/CWE122_Heap_Based_Buffer_Overflow__c_CWE805_struct_loop_61-bad
==1319656== Parent PID: 1319655
==1319656== 
==1319656== Invalid write of size 8
==1319656==    at 0x1093A0: CWE122_Heap_Based_Buffer_Overflow__c_CWE805_struct_loop_61_bad (in /home/loris/Desktop/TestRepositories/Forked/juliet-test-suite-c/Automatic/results/20260707_1536/CWE122/valgrind/bin/CWE122/bad/CWE122_Heap_Based_Buffer_Overflow__c_CWE805_struct_loop_61-bad)
==1319656==    by 0x109426: main (in /home/loris/Desktop/TestRepositories/Forked/juliet-test-suite-c/Automatic/results/20260707_1536/CWE122/valgrind/bin/CWE122/bad/CWE122_Heap_Based_Buffer_Overflow__c_CWE805_struct_loop_61-bad)
==1319656==  Address 0x4a85210 is 0 bytes after a block of size 400 alloc'd
==1319656==    at 0x4846828: malloc (in /usr/libexec/valgrind/vgpreload_memcheck-amd64-linux.so)
==1319656==    by 0x109456: CWE122_Heap_Based_Buffer_Overflow__c_CWE805_struct_loop_61b_badSource (in /home/loris/Desktop/TestRepositories/Forked/juliet-test-suite-c/Automatic/results/20260707_1536/CWE122/valgrind/bin/CWE122/bad/CWE122_Heap_Based_Buffer_Overflow__c_CWE805_struct_loop_61-bad)
==1319656==    by 0x109320: CWE122_Heap_Based_Buffer_Overflow__c_CWE805_struct_loop_61_bad (in /home/loris/Desktop/TestRepositories/Forked/juliet-test-suite-c/Automatic/results/20260707_1536/CWE122/valgrind/bin/CWE122/bad/CWE122_Heap_Based_Buffer_Overflow__c_CWE805_struct_loop_61-bad)
==1319656==    by 0x109426: main (in /home/loris/Desktop/TestRepositories/Forked/juliet-test-suite-c/Automatic/results/20260707_1536/CWE122/valgrind/bin/CWE122/bad/CWE122_Heap_Based_Buffer_Overflow__c_CWE805_struct_loop_61-bad)
==1319656== 
==1319656== 
==1319656== HEAP SUMMARY:
==1319656==     in use at exit: 0 bytes in 0 blocks
==1319656==   total heap usage: 2 allocs, 2 frees, 4,496 bytes allocated
==1319656== 
==1319656== All heap blocks were freed -- no leaks are possible
==1319656== 
==1319656== For lists of detected and suppressed errors, rerun with: -s
==1319656== ERROR SUMMARY: 50 errors from 1 contexts (suppressed: 0 from 0)
