==1430487== Memcheck, a memory error detector
==1430487== Copyright (C) 2002-2022, and GNU GPL'd, by Julian Seward et al.
==1430487== Using Valgrind-3.22.0 and LibVEX; rerun with -h for copyright info
==1430487== Command: /home/loris/Desktop/TestRepositories/Forked/juliet-test-suite-c/Automatic/results/20260707_1536/CWE123/valgrind/bin/CWE123/bad/CWE123_Write_What_Where_Condition__listen_socket_09-bad
==1430487== Parent PID: 1430486
==1430487== 
==1430487== 
==1430487== Process terminating with default action of signal 15 (SIGTERM)
==1430487==    at 0x499A834: accept (accept.c:26)
==1430487==    by 0x109484: CWE123_Write_What_Where_Condition__listen_socket_09_bad (in /home/loris/Desktop/TestRepositories/Forked/juliet-test-suite-c/Automatic/results/20260707_1536/CWE123/valgrind/bin/CWE123/bad/CWE123_Write_What_Where_Condition__listen_socket_09-bad)
==1430487==    by 0x109561: main (in /home/loris/Desktop/TestRepositories/Forked/juliet-test-suite-c/Automatic/results/20260707_1536/CWE123/valgrind/bin/CWE123/bad/CWE123_Write_What_Where_Condition__listen_socket_09-bad)
==1430487== 
==1430487== HEAP SUMMARY:
==1430487==     in use at exit: 4,096 bytes in 1 blocks
==1430487==   total heap usage: 1 allocs, 0 frees, 4,096 bytes allocated
==1430487== 
==1430487== LEAK SUMMARY:
==1430487==    definitely lost: 0 bytes in 0 blocks
==1430487==    indirectly lost: 0 bytes in 0 blocks
==1430487==      possibly lost: 0 bytes in 0 blocks
==1430487==    still reachable: 4,096 bytes in 1 blocks
==1430487==         suppressed: 0 bytes in 0 blocks
==1430487== Rerun with --leak-check=full to see details of leaked memory
==1430487== 
==1430487== For lists of detected and suppressed errors, rerun with: -s
==1430487== ERROR SUMMARY: 0 errors from 0 contexts (suppressed: 0 from 0)
