==1430485== Memcheck, a memory error detector
==1430485== Copyright (C) 2002-2022, and GNU GPL'd, by Julian Seward et al.
==1430485== Using Valgrind-3.22.0 and LibVEX; rerun with -h for copyright info
==1430485== Command: /home/loris/Desktop/TestRepositories/Forked/juliet-test-suite-c/Automatic/results/20260707_1536/CWE123/valgrind/bin/CWE123/bad/CWE123_Write_What_Where_Condition__listen_socket_08-bad
==1430485== Parent PID: 1430484
==1430485== 
==1430485== 
==1430485== Process terminating with default action of signal 15 (SIGTERM)
==1430485==    at 0x499A834: accept (accept.c:26)
==1430485==    by 0x1094A6: CWE123_Write_What_Where_Condition__listen_socket_08_bad (in /home/loris/Desktop/TestRepositories/Forked/juliet-test-suite-c/Automatic/results/20260707_1536/CWE123/valgrind/bin/CWE123/bad/CWE123_Write_What_Where_Condition__listen_socket_08-bad)
==1430485==    by 0x109583: main (in /home/loris/Desktop/TestRepositories/Forked/juliet-test-suite-c/Automatic/results/20260707_1536/CWE123/valgrind/bin/CWE123/bad/CWE123_Write_What_Where_Condition__listen_socket_08-bad)
==1430485== 
==1430485== HEAP SUMMARY:
==1430485==     in use at exit: 4,096 bytes in 1 blocks
==1430485==   total heap usage: 1 allocs, 0 frees, 4,096 bytes allocated
==1430485== 
==1430485== LEAK SUMMARY:
==1430485==    definitely lost: 0 bytes in 0 blocks
==1430485==    indirectly lost: 0 bytes in 0 blocks
==1430485==      possibly lost: 0 bytes in 0 blocks
==1430485==    still reachable: 4,096 bytes in 1 blocks
==1430485==         suppressed: 0 bytes in 0 blocks
==1430485== Rerun with --leak-check=full to see details of leaked memory
==1430485== 
==1430485== For lists of detected and suppressed errors, rerun with: -s
==1430485== ERROR SUMMARY: 0 errors from 0 contexts (suppressed: 0 from 0)
