==1430525== Memcheck, a memory error detector
==1430525== Copyright (C) 2002-2022, and GNU GPL'd, by Julian Seward et al.
==1430525== Using Valgrind-3.22.0 and LibVEX; rerun with -h for copyright info
==1430525== Command: /home/loris/Desktop/TestRepositories/Forked/juliet-test-suite-c/Automatic/results/20260707_1536/CWE123/valgrind/bin/CWE123/bad/CWE123_Write_What_Where_Condition__listen_socket_45-bad
==1430525== Parent PID: 1430524
==1430525== 
==1430525== 
==1430525== Process terminating with default action of signal 15 (SIGTERM)
==1430525==    at 0x499A834: accept (accept.c:26)
==1430525==    by 0x1094D0: CWE123_Write_What_Where_Condition__listen_socket_45_bad (in /home/loris/Desktop/TestRepositories/Forked/juliet-test-suite-c/Automatic/results/20260707_1536/CWE123/valgrind/bin/CWE123/bad/CWE123_Write_What_Where_Condition__listen_socket_45-bad)
==1430525==    by 0x109594: main (in /home/loris/Desktop/TestRepositories/Forked/juliet-test-suite-c/Automatic/results/20260707_1536/CWE123/valgrind/bin/CWE123/bad/CWE123_Write_What_Where_Condition__listen_socket_45-bad)
==1430525== 
==1430525== HEAP SUMMARY:
==1430525==     in use at exit: 4,096 bytes in 1 blocks
==1430525==   total heap usage: 1 allocs, 0 frees, 4,096 bytes allocated
==1430525== 
==1430525== LEAK SUMMARY:
==1430525==    definitely lost: 0 bytes in 0 blocks
==1430525==    indirectly lost: 0 bytes in 0 blocks
==1430525==      possibly lost: 0 bytes in 0 blocks
==1430525==    still reachable: 4,096 bytes in 1 blocks
==1430525==         suppressed: 0 bytes in 0 blocks
==1430525== Rerun with --leak-check=full to see details of leaked memory
==1430525== 
==1430525== For lists of detected and suppressed errors, rerun with: -s
==1430525== ERROR SUMMARY: 0 errors from 0 contexts (suppressed: 0 from 0)
