==1430527== Memcheck, a memory error detector
==1430527== Copyright (C) 2002-2022, and GNU GPL'd, by Julian Seward et al.
==1430527== Using Valgrind-3.22.0 and LibVEX; rerun with -h for copyright info
==1430527== Command: /home/loris/Desktop/TestRepositories/Forked/juliet-test-suite-c/Automatic/results/20260707_1536/CWE123/valgrind/bin/CWE123/bad/CWE123_Write_What_Where_Condition__listen_socket_51-bad
==1430527== Parent PID: 1430526
==1430527== 
==1430527== 
==1430527== Process terminating with default action of signal 15 (SIGTERM)
==1430527==    at 0x499A834: accept (accept.c:26)
==1430527==    by 0x109476: CWE123_Write_What_Where_Condition__listen_socket_51_bad (in /home/loris/Desktop/TestRepositories/Forked/juliet-test-suite-c/Automatic/results/20260707_1536/CWE123/valgrind/bin/CWE123/bad/CWE123_Write_What_Where_Condition__listen_socket_51-bad)
==1430527==    by 0x10952D: main (in /home/loris/Desktop/TestRepositories/Forked/juliet-test-suite-c/Automatic/results/20260707_1536/CWE123/valgrind/bin/CWE123/bad/CWE123_Write_What_Where_Condition__listen_socket_51-bad)
==1430527== 
==1430527== HEAP SUMMARY:
==1430527==     in use at exit: 4,096 bytes in 1 blocks
==1430527==   total heap usage: 1 allocs, 0 frees, 4,096 bytes allocated
==1430527== 
==1430527== LEAK SUMMARY:
==1430527==    definitely lost: 0 bytes in 0 blocks
==1430527==    indirectly lost: 0 bytes in 0 blocks
==1430527==      possibly lost: 0 bytes in 0 blocks
==1430527==    still reachable: 4,096 bytes in 1 blocks
==1430527==         suppressed: 0 bytes in 0 blocks
==1430527== Rerun with --leak-check=full to see details of leaked memory
==1430527== 
==1430527== For lists of detected and suppressed errors, rerun with: -s
==1430527== ERROR SUMMARY: 0 errors from 0 contexts (suppressed: 0 from 0)
