==1430289== Memcheck, a memory error detector
==1430289== Copyright (C) 2002-2022, and GNU GPL'd, by Julian Seward et al.
==1430289== Using Valgrind-3.22.0 and LibVEX; rerun with -h for copyright info
==1430289== Command: /home/loris/Desktop/TestRepositories/Forked/juliet-test-suite-c/Automatic/results/20260707_1536/CWE123/valgrind/bin/CWE123/bad/CWE123_Write_What_Where_Condition__fgets_34-bad
==1430289== Parent PID: 1430288
==1430289== 
==1430289== Invalid write of size 8
==1430289==    at 0x10939F: CWE123_Write_What_Where_Condition__fgets_34_bad (in /home/loris/Desktop/TestRepositories/Forked/juliet-test-suite-c/Automatic/results/20260707_1536/CWE123/valgrind/bin/CWE123/bad/CWE123_Write_What_Where_Condition__fgets_34-bad)
==1430289==    by 0x1093F6: main (in /home/loris/Desktop/TestRepositories/Forked/juliet-test-suite-c/Automatic/results/20260707_1536/CWE123/valgrind/bin/CWE123/bad/CWE123_Write_What_Where_Condition__fgets_34-bad)
==1430289==  Address 0x7473657c is not stack'd, malloc'd or (recently) free'd
==1430289== 
==1430289== 
==1430289== Process terminating with default action of signal 11 (SIGSEGV)
==1430289==  Access not within mapped region at address 0x7473657C
==1430289==    at 0x10939F: CWE123_Write_What_Where_Condition__fgets_34_bad (in /home/loris/Desktop/TestRepositories/Forked/juliet-test-suite-c/Automatic/results/20260707_1536/CWE123/valgrind/bin/CWE123/bad/CWE123_Write_What_Where_Condition__fgets_34-bad)
==1430289==    by 0x1093F6: main (in /home/loris/Desktop/TestRepositories/Forked/juliet-test-suite-c/Automatic/results/20260707_1536/CWE123/valgrind/bin/CWE123/bad/CWE123_Write_What_Where_Condition__fgets_34-bad)
==1430289==  If you believe this happened as a result of a stack
==1430289==  overflow in your program's main thread (unlikely but
==1430289==  possible), you can try to increase the size of the
==1430289==  main thread stack using the --main-stacksize= flag.
==1430289==  The main thread stack size used in this run was 8388608.
==1430289== 
==1430289== HEAP SUMMARY:
==1430289==     in use at exit: 8,192 bytes in 2 blocks
==1430289==   total heap usage: 2 allocs, 0 frees, 8,192 bytes allocated
==1430289== 
==1430289== LEAK SUMMARY:
==1430289==    definitely lost: 0 bytes in 0 blocks
==1430289==    indirectly lost: 0 bytes in 0 blocks
==1430289==      possibly lost: 0 bytes in 0 blocks
==1430289==    still reachable: 8,192 bytes in 2 blocks
==1430289==         suppressed: 0 bytes in 0 blocks
==1430289== Rerun with --leak-check=full to see details of leaked memory
==1430289== 
==1430289== For lists of detected and suppressed errors, rerun with: -s
==1430289== ERROR SUMMARY: 1 errors from 1 contexts (suppressed: 0 from 0)
