==1430537== Memcheck, a memory error detector
==1430537== Copyright (C) 2002-2022, and GNU GPL'd, by Julian Seward et al.
==1430537== Using Valgrind-3.22.0 and LibVEX; rerun with -h for copyright info
==1430537== Command: /home/loris/Desktop/TestRepositories/Forked/juliet-test-suite-c/Automatic/results/20260707_1536/CWE123/valgrind/bin/CWE123/bad/CWE123_Write_What_Where_Condition__listen_socket_63-bad
==1430537== Parent PID: 1430536
==1430537== 
==1430537== 
==1430537== Process terminating with default action of signal 15 (SIGTERM)
==1430537==    at 0x499A834: accept (accept.c:26)
==1430537==    by 0x109476: CWE123_Write_What_Where_Condition__listen_socket_63_bad (in /home/loris/Desktop/TestRepositories/Forked/juliet-test-suite-c/Automatic/results/20260707_1536/CWE123/valgrind/bin/CWE123/bad/CWE123_Write_What_Where_Condition__listen_socket_63-bad)
==1430537==    by 0x109526: main (in /home/loris/Desktop/TestRepositories/Forked/juliet-test-suite-c/Automatic/results/20260707_1536/CWE123/valgrind/bin/CWE123/bad/CWE123_Write_What_Where_Condition__listen_socket_63-bad)
==1430537== 
==1430537== HEAP SUMMARY:
==1430537==     in use at exit: 4,096 bytes in 1 blocks
==1430537==   total heap usage: 1 allocs, 0 frees, 4,096 bytes allocated
==1430537== 
==1430537== LEAK SUMMARY:
==1430537==    definitely lost: 0 bytes in 0 blocks
==1430537==    indirectly lost: 0 bytes in 0 blocks
==1430537==      possibly lost: 0 bytes in 0 blocks
==1430537==    still reachable: 4,096 bytes in 1 blocks
==1430537==         suppressed: 0 bytes in 0 blocks
==1430537== Rerun with --leak-check=full to see details of leaked memory
==1430537== 
==1430537== For lists of detected and suppressed errors, rerun with: -s
==1430537== ERROR SUMMARY: 0 errors from 0 contexts (suppressed: 0 from 0)
