==304787== Memcheck, a memory error detector
==304787== Copyright (C) 2002-2022, and GNU GPL'd, by Julian Seward et al.
==304787== Using Valgrind-3.22.0 and LibVEX; rerun with -h for copyright info
==304787== Command: /home/loris/Desktop/TestRepositories/Forked/juliet-test-suite-c/Automatic/results/20260703_1454/CWE121/valgrind/bin/CWE121/bad/CWE121_Stack_Based_Buffer_Overflow__CWE805_char_alloca_ncat_15-bad
==304787== Parent PID: 304786
==304787== 
==304787== Source and destination overlap in strncat(0x1ffefffdc0, 0x1ffefffe20, 100)
==304787==    at 0x484F197: strncat (in /usr/libexec/valgrind/vgpreload_memcheck-amd64-linux.so)
==304787==    by 0x109432: CWE121_Stack_Based_Buffer_Overflow__CWE805_char_alloca_ncat_15_bad (in /home/loris/Desktop/TestRepositories/Forked/juliet-test-suite-c/Automatic/results/20260703_1454/CWE121/valgrind/bin/CWE121/bad/CWE121_Stack_Based_Buffer_Overflow__CWE805_char_alloca_ncat_15-bad)
==304787==    by 0x109492: main (in /home/loris/Desktop/TestRepositories/Forked/juliet-test-suite-c/Automatic/results/20260703_1454/CWE121/valgrind/bin/CWE121/bad/CWE121_Stack_Based_Buffer_Overflow__CWE805_char_alloca_ncat_15-bad)
==304787== 
==304787== Invalid read of size 1
==304787==    at 0x484F226: strlen (in /usr/libexec/valgrind/vgpreload_memcheck-amd64-linux.so)
==304787==    by 0x48F6BFC: puts (ioputs.c:35)
==304787==    by 0x1094CB: printLine (in /home/loris/Desktop/TestRepositories/Forked/juliet-test-suite-c/Automatic/results/20260703_1454/CWE121/valgrind/bin/CWE121/bad/CWE121_Stack_Based_Buffer_Overflow__CWE805_char_alloca_ncat_15-bad)
==304787==    by 0x10943E: CWE121_Stack_Based_Buffer_Overflow__CWE805_char_alloca_ncat_15_bad (in /home/loris/Desktop/TestRepositories/Forked/juliet-test-suite-c/Automatic/results/20260703_1454/CWE121/valgrind/bin/CWE121/bad/CWE121_Stack_Based_Buffer_Overflow__CWE805_char_alloca_ncat_15-bad)
==304787==    by 0x109492: main (in /home/loris/Desktop/TestRepositories/Forked/juliet-test-suite-c/Automatic/results/20260703_1454/CWE121/valgrind/bin/CWE121/bad/CWE121_Stack_Based_Buffer_Overflow__CWE805_char_alloca_ncat_15-bad)
==304787==  Address 0x4343434343434343 is not stack'd, malloc'd or (recently) free'd
==304787== 
==304787== 
==304787== Process terminating with default action of signal 11 (SIGSEGV)
==304787==  General Protection Fault
==304787==    at 0x484F226: strlen (in /usr/libexec/valgrind/vgpreload_memcheck-amd64-linux.so)
==304787==    by 0x48F6BFC: puts (ioputs.c:35)
==304787==    by 0x1094CB: printLine (in /home/loris/Desktop/TestRepositories/Forked/juliet-test-suite-c/Automatic/results/20260703_1454/CWE121/valgrind/bin/CWE121/bad/CWE121_Stack_Based_Buffer_Overflow__CWE805_char_alloca_ncat_15-bad)
==304787==    by 0x10943E: CWE121_Stack_Based_Buffer_Overflow__CWE805_char_alloca_ncat_15_bad (in /home/loris/Desktop/TestRepositories/Forked/juliet-test-suite-c/Automatic/results/20260703_1454/CWE121/valgrind/bin/CWE121/bad/CWE121_Stack_Based_Buffer_Overflow__CWE805_char_alloca_ncat_15-bad)
==304787==    by 0x109492: main (in /home/loris/Desktop/TestRepositories/Forked/juliet-test-suite-c/Automatic/results/20260703_1454/CWE121/valgrind/bin/CWE121/bad/CWE121_Stack_Based_Buffer_Overflow__CWE805_char_alloca_ncat_15-bad)
==304787== 
==304787== HEAP SUMMARY:
==304787==     in use at exit: 4,096 bytes in 1 blocks
==304787==   total heap usage: 1 allocs, 0 frees, 4,096 bytes allocated
==304787== 
==304787== LEAK SUMMARY:
==304787==    definitely lost: 0 bytes in 0 blocks
==304787==    indirectly lost: 0 bytes in 0 blocks
==304787==      possibly lost: 0 bytes in 0 blocks
==304787==    still reachable: 4,096 bytes in 1 blocks
==304787==         suppressed: 0 bytes in 0 blocks
==304787== Rerun with --leak-check=full to see details of leaked memory
==304787== 
==304787== For lists of detected and suppressed errors, rerun with: -s
==304787== ERROR SUMMARY: 2 errors from 2 contexts (suppressed: 0 from 0)
