==306595== Memcheck, a memory error detector
==306595== Copyright (C) 2002-2022, and GNU GPL'd, by Julian Seward et al.
==306595== Using Valgrind-3.22.0 and LibVEX; rerun with -h for copyright info
==306595== Command: /home/loris/Desktop/TestRepositories/Forked/juliet-test-suite-c/Automatic/results/20260703_1454/CWE121/valgrind/bin/CWE121/bad/CWE121_Stack_Based_Buffer_Overflow__CWE805_int64_t_alloca_loop_54-bad
==306595== Parent PID: 306594
==306595== 
==306595== 
==306595== Process terminating with default action of signal 6 (SIGABRT)
==306595==    at 0x490DB2C: __pthread_kill_implementation (pthread_kill.c:44)
==306595==    by 0x490DB2C: __pthread_kill_internal (pthread_kill.c:78)
==306595==    by 0x490DB2C: pthread_kill@@GLIBC_2.34 (pthread_kill.c:89)
==306595==    by 0x48B427D: raise (raise.c:26)
==306595==    by 0x48978FE: abort (abort.c:79)
==306595==    by 0x48987B5: __libc_message_impl.cold (libc_fatal.c:134)
==306595==    by 0x49A5C48: __fortify_fail (fortify_fail.c:24)
==306595==    by 0x49A6ED3: __stack_chk_fail (stack_chk_fail.c:24)
==306595==    by 0x1093D4: CWE121_Stack_Based_Buffer_Overflow__CWE805_int64_t_alloca_loop_54_bad (in /home/loris/Desktop/TestRepositories/Forked/juliet-test-suite-c/Automatic/results/20260703_1454/CWE121/valgrind/bin/CWE121/bad/CWE121_Stack_Based_Buffer_Overflow__CWE805_int64_t_alloca_loop_54-bad)
==306595== 
==306595== HEAP SUMMARY:
==306595==     in use at exit: 4,096 bytes in 1 blocks
==306595==   total heap usage: 1 allocs, 0 frees, 4,096 bytes allocated
==306595== 
==306595== LEAK SUMMARY:
==306595==    definitely lost: 0 bytes in 0 blocks
==306595==    indirectly lost: 0 bytes in 0 blocks
==306595==      possibly lost: 0 bytes in 0 blocks
==306595==    still reachable: 4,096 bytes in 1 blocks
==306595==         suppressed: 0 bytes in 0 blocks
==306595== Rerun with --leak-check=full to see details of leaked memory
==306595== 
==306595== For lists of detected and suppressed errors, rerun with: -s
==306595== ERROR SUMMARY: 0 errors from 0 contexts (suppressed: 0 from 0)
