==306542== Memcheck, a memory error detector
==306542== Copyright (C) 2002-2022, and GNU GPL'd, by Julian Seward et al.
==306542== Using Valgrind-3.22.0 and LibVEX; rerun with -h for copyright info
==306542== Command: /home/loris/Desktop/TestRepositories/Forked/juliet-test-suite-c/Automatic/results/20260703_1454/CWE121/valgrind/bin/CWE121/bad/CWE121_Stack_Based_Buffer_Overflow__CWE805_int64_t_alloca_loop_44-bad
==306542== Parent PID: 306541
==306542== 
==306542== 
==306542== Process terminating with default action of signal 6 (SIGABRT)
==306542==    at 0x490DB2C: __pthread_kill_implementation (pthread_kill.c:44)
==306542==    by 0x490DB2C: __pthread_kill_internal (pthread_kill.c:78)
==306542==    by 0x490DB2C: pthread_kill@@GLIBC_2.34 (pthread_kill.c:89)
==306542==    by 0x48B427D: raise (raise.c:26)
==306542==    by 0x48978FE: abort (abort.c:79)
==306542==    by 0x48987B5: __libc_message_impl.cold (libc_fatal.c:134)
==306542==    by 0x49A5C48: __fortify_fail (fortify_fail.c:24)
==306542==    by 0x49A6ED3: __stack_chk_fail (stack_chk_fail.c:24)
==306542==    by 0x10948F: CWE121_Stack_Based_Buffer_Overflow__CWE805_int64_t_alloca_loop_44_bad (in /home/loris/Desktop/TestRepositories/Forked/juliet-test-suite-c/Automatic/results/20260703_1454/CWE121/valgrind/bin/CWE121/bad/CWE121_Stack_Based_Buffer_Overflow__CWE805_int64_t_alloca_loop_44-bad)
==306542== 
==306542== HEAP SUMMARY:
==306542==     in use at exit: 4,096 bytes in 1 blocks
==306542==   total heap usage: 1 allocs, 0 frees, 4,096 bytes allocated
==306542== 
==306542== LEAK SUMMARY:
==306542==    definitely lost: 0 bytes in 0 blocks
==306542==    indirectly lost: 0 bytes in 0 blocks
==306542==      possibly lost: 0 bytes in 0 blocks
==306542==    still reachable: 4,096 bytes in 1 blocks
==306542==         suppressed: 0 bytes in 0 blocks
==306542== Rerun with --leak-check=full to see details of leaked memory
==306542== 
==306542== For lists of detected and suppressed errors, rerun with: -s
==306542== ERROR SUMMARY: 0 errors from 0 contexts (suppressed: 0 from 0)
