==313170== Memcheck, a memory error detector
==313170== Copyright (C) 2002-2022, and GNU GPL'd, by Julian Seward et al.
==313170== Using Valgrind-3.22.0 and LibVEX; rerun with -h for copyright info
==313170== Command: /home/loris/Desktop/TestRepositories/Forked/juliet-test-suite-c/Automatic/results/20260703_1454/CWE121/valgrind/bin/CWE121/bad/CWE121_Stack_Based_Buffer_Overflow__CWE806_char_declare_ncat_14-bad
==313170== Parent PID: 313169
==313170== 
==313170== Source and destination overlap in strncat(0x1ffefffde0, 0x1ffefffe20, 99)
==313170==    at 0x484F197: strncat (in /usr/libexec/valgrind/vgpreload_memcheck-amd64-linux.so)
==313170==    by 0x1093B6: CWE121_Stack_Based_Buffer_Overflow__CWE806_char_declare_ncat_14_bad (in /home/loris/Desktop/TestRepositories/Forked/juliet-test-suite-c/Automatic/results/20260703_1454/CWE121/valgrind/bin/CWE121/bad/CWE121_Stack_Based_Buffer_Overflow__CWE806_char_declare_ncat_14-bad)
==313170==    by 0x10941D: main (in /home/loris/Desktop/TestRepositories/Forked/juliet-test-suite-c/Automatic/results/20260703_1454/CWE121/valgrind/bin/CWE121/bad/CWE121_Stack_Based_Buffer_Overflow__CWE806_char_declare_ncat_14-bad)
==313170== 
==313170== 
==313170== HEAP SUMMARY:
==313170==     in use at exit: 0 bytes in 0 blocks
==313170==   total heap usage: 1 allocs, 1 frees, 4,096 bytes allocated
==313170== 
==313170== All heap blocks were freed -- no leaks are possible
==313170== 
==313170== For lists of detected and suppressed errors, rerun with: -s
==313170== ERROR SUMMARY: 1 errors from 1 contexts (suppressed: 0 from 0)
