==314749== Memcheck, a memory error detector
==314749== Copyright (C) 2002-2022, and GNU GPL'd, by Julian Seward et al.
==314749== Using Valgrind-3.22.0 and LibVEX; rerun with -h for copyright info
==314749== Command: /home/loris/Desktop/TestRepositories/Forked/juliet-test-suite-c/Automatic/results/20260703_1454/CWE121/valgrind/bin/CWE121/bad/CWE121_Stack_Based_Buffer_Overflow__dest_char_declare_cat_09-bad
==314749== Parent PID: 314748
==314749== 
==314749== Source and destination overlap in strcat(0x1ffefffde0, 0x1ffefffe20)
==314749==    at 0x484EFE3: strcat (in /usr/libexec/valgrind/vgpreload_memcheck-amd64-linux.so)
==314749==    by 0x109338: CWE121_Stack_Based_Buffer_Overflow__dest_char_declare_cat_09_bad (in /home/loris/Desktop/TestRepositories/Forked/juliet-test-suite-c/Automatic/results/20260703_1454/CWE121/valgrind/bin/CWE121/bad/CWE121_Stack_Based_Buffer_Overflow__dest_char_declare_cat_09-bad)
==314749==    by 0x10939B: main (in /home/loris/Desktop/TestRepositories/Forked/juliet-test-suite-c/Automatic/results/20260703_1454/CWE121/valgrind/bin/CWE121/bad/CWE121_Stack_Based_Buffer_Overflow__dest_char_declare_cat_09-bad)
==314749== 
==314749== 
==314749== HEAP SUMMARY:
==314749==     in use at exit: 0 bytes in 0 blocks
==314749==   total heap usage: 1 allocs, 1 frees, 4,096 bytes allocated
==314749== 
==314749== All heap blocks were freed -- no leaks are possible
==314749== 
==314749== For lists of detected and suppressed errors, rerun with: -s
==314749== ERROR SUMMARY: 1 errors from 1 contexts (suppressed: 0 from 0)
