==302576== Memcheck, a memory error detector
==302576== Copyright (C) 2002-2022, and GNU GPL'd, by Julian Seward et al.
==302576== Using Valgrind-3.22.0 and LibVEX; rerun with -h for copyright info
==302576== Command: /home/loris/Desktop/TestRepositories/Forked/juliet-test-suite-c/Automatic/results/20260703_1454/CWE121/valgrind/bin/CWE121/bad/CWE121_Stack_Based_Buffer_Overflow__CWE131_loop_11-bad
==302576== Parent PID: 302575
==302576== 
==302576== Invalid write of size 4
==302576==    at 0x109376: CWE121_Stack_Based_Buffer_Overflow__CWE131_loop_11_bad (in /home/loris/Desktop/TestRepositories/Forked/juliet-test-suite-c/Automatic/results/20260703_1454/CWE121/valgrind/bin/CWE121/bad/CWE121_Stack_Based_Buffer_Overflow__CWE131_loop_11-bad)
==302576==    by 0x1093E4: main (in /home/loris/Desktop/TestRepositories/Forked/juliet-test-suite-c/Automatic/results/20260703_1454/CWE121/valgrind/bin/CWE121/bad/CWE121_Stack_Based_Buffer_Overflow__CWE131_loop_11-bad)
==302576==  Address 0x1f00000024 is not stack'd, malloc'd or (recently) free'd
==302576== 
==302576== 
==302576== Process terminating with default action of signal 11 (SIGSEGV)
==302576==  Access not within mapped region at address 0x1F00000024
==302576==    at 0x109376: CWE121_Stack_Based_Buffer_Overflow__CWE131_loop_11_bad (in /home/loris/Desktop/TestRepositories/Forked/juliet-test-suite-c/Automatic/results/20260703_1454/CWE121/valgrind/bin/CWE121/bad/CWE121_Stack_Based_Buffer_Overflow__CWE131_loop_11-bad)
==302576==    by 0x1093E4: main (in /home/loris/Desktop/TestRepositories/Forked/juliet-test-suite-c/Automatic/results/20260703_1454/CWE121/valgrind/bin/CWE121/bad/CWE121_Stack_Based_Buffer_Overflow__CWE131_loop_11-bad)
==302576==  If you believe this happened as a result of a stack
==302576==  overflow in your program's main thread (unlikely but
==302576==  possible), you can try to increase the size of the
==302576==  main thread stack using the --main-stacksize= flag.
==302576==  The main thread stack size used in this run was 8388608.
==302576== 
==302576== HEAP SUMMARY:
==302576==     in use at exit: 4,096 bytes in 1 blocks
==302576==   total heap usage: 1 allocs, 0 frees, 4,096 bytes allocated
==302576== 
==302576== LEAK SUMMARY:
==302576==    definitely lost: 0 bytes in 0 blocks
==302576==    indirectly lost: 0 bytes in 0 blocks
==302576==      possibly lost: 0 bytes in 0 blocks
==302576==    still reachable: 4,096 bytes in 1 blocks
==302576==         suppressed: 0 bytes in 0 blocks
==302576== Rerun with --leak-check=full to see details of leaked memory
==302576== 
==302576== For lists of detected and suppressed errors, rerun with: -s
==302576== ERROR SUMMARY: 1 errors from 1 contexts (suppressed: 0 from 0)
