==315568== Memcheck, a memory error detector
==315568== Copyright (C) 2002-2022, and GNU GPL'd, by Julian Seward et al.
==315568== Using Valgrind-3.22.0 and LibVEX; rerun with -h for copyright info
==315568== Command: /home/loris/Desktop/TestRepositories/Forked/juliet-test-suite-c/Automatic/results/20260703_1454/CWE121/valgrind/bin/CWE121/bad/CWE121_Stack_Based_Buffer_Overflow__src_char_alloca_cpy_45-bad
==315568== Parent PID: 315567
==315568== 
==315568== Source and destination overlap in strcpy(0x1ffefffdc0, 0x1ffefffe10)
==315568==    at 0x484F413: strcpy (in /usr/libexec/valgrind/vgpreload_memcheck-amd64-linux.so)
==315568==    by 0x109337: badSink (in /home/loris/Desktop/TestRepositories/Forked/juliet-test-suite-c/Automatic/results/20260703_1454/CWE121/valgrind/bin/CWE121/bad/CWE121_Stack_Based_Buffer_Overflow__src_char_alloca_cpy_45-bad)
==315568==    by 0x4141414141414140: ???
==315568==    by 0x4141414141414140: ???
==315568==    by 0x4141414141414140: ???
==315568==    by 0x4141414100414140: ???
==315568==    by 0x4141414141414140: ???
==315568==    by 0x4141414141414140: ???
==315568==    by 0x4141414141414140: ???
==315568==    by 0x4141414141414140: ???
==315568==    by 0x4141414141414140: ???
==315568==    by 0x4141414141414140: ???
==315568== 
==315568== 
==315568== Process terminating with default action of signal 6 (SIGABRT)
==315568==    at 0x490DB2C: __pthread_kill_implementation (pthread_kill.c:44)
==315568==    by 0x490DB2C: __pthread_kill_internal (pthread_kill.c:78)
==315568==    by 0x490DB2C: pthread_kill@@GLIBC_2.34 (pthread_kill.c:89)
==315568==    by 0x48B427D: raise (raise.c:26)
==315568==    by 0x48978FE: abort (abort.c:79)
==315568==    by 0x48987B5: __libc_message_impl.cold (libc_fatal.c:134)
==315568==    by 0x49A5C48: __fortify_fail (fortify_fail.c:24)
==315568==    by 0x49A6ED3: __stack_chk_fail (stack_chk_fail.c:24)
==315568==    by 0x109358: badSink (in /home/loris/Desktop/TestRepositories/Forked/juliet-test-suite-c/Automatic/results/20260703_1454/CWE121/valgrind/bin/CWE121/bad/CWE121_Stack_Based_Buffer_Overflow__src_char_alloca_cpy_45-bad)
==315568==    by 0x4141414141414140: ???
==315568==    by 0x4141414141414140: ???
==315568==    by 0x4141414141414140: ???
==315568==    by 0x4141414100414140: ???
==315568==    by 0x4141414141414140: ???
==315568== 
==315568== HEAP SUMMARY:
==315568==     in use at exit: 4,096 bytes in 1 blocks
==315568==   total heap usage: 1 allocs, 0 frees, 4,096 bytes allocated
==315568== 
==315568== LEAK SUMMARY:
==315568==    definitely lost: 0 bytes in 0 blocks
==315568==    indirectly lost: 0 bytes in 0 blocks
==315568==      possibly lost: 0 bytes in 0 blocks
==315568==    still reachable: 4,096 bytes in 1 blocks
==315568==         suppressed: 0 bytes in 0 blocks
==315568== Rerun with --leak-check=full to see details of leaked memory
==315568== 
==315568== For lists of detected and suppressed errors, rerun with: -s
==315568== ERROR SUMMARY: 1 errors from 1 contexts (suppressed: 0 from 0)
