==296899== Memcheck, a memory error detector
==296899== Copyright (C) 2002-2022, and GNU GPL'd, by Julian Seward et al.
==296899== Using Valgrind-3.22.0 and LibVEX; rerun with -h for copyright info
==296899== Command: /home/loris/Desktop/TestRepositories/Forked/juliet-test-suite-c/Automatic/results/20260703_1454/CWE121/valgrind/bin/CWE121/good/CWE121_Stack_Based_Buffer_Overflow__CWE129_listen_socket_22-good
==296899== Parent PID: 296898
==296899== 
==296899== 
==296899== Process terminating with default action of signal 15 (SIGTERM)
==296899==    at 0x499A834: accept (accept.c:26)
==296899==    by 0x10946D: goodB2G1 (in /home/loris/Desktop/TestRepositories/Forked/juliet-test-suite-c/Automatic/results/20260703_1454/CWE121/valgrind/bin/CWE121/good/CWE121_Stack_Based_Buffer_Overflow__CWE129_listen_socket_22-good)
==296899==    by 0x1096B5: CWE121_Stack_Based_Buffer_Overflow__CWE129_listen_socket_22_good (in /home/loris/Desktop/TestRepositories/Forked/juliet-test-suite-c/Automatic/results/20260703_1454/CWE121/valgrind/bin/CWE121/good/CWE121_Stack_Based_Buffer_Overflow__CWE129_listen_socket_22-good)
==296899==    by 0x109709: main (in /home/loris/Desktop/TestRepositories/Forked/juliet-test-suite-c/Automatic/results/20260703_1454/CWE121/valgrind/bin/CWE121/good/CWE121_Stack_Based_Buffer_Overflow__CWE129_listen_socket_22-good)
==296899== 
==296899== HEAP SUMMARY:
==296899==     in use at exit: 4,096 bytes in 1 blocks
==296899==   total heap usage: 1 allocs, 0 frees, 4,096 bytes allocated
==296899== 
==296899== LEAK SUMMARY:
==296899==    definitely lost: 0 bytes in 0 blocks
==296899==    indirectly lost: 0 bytes in 0 blocks
==296899==      possibly lost: 0 bytes in 0 blocks
==296899==    still reachable: 4,096 bytes in 1 blocks
==296899==         suppressed: 0 bytes in 0 blocks
==296899== Rerun with --leak-check=full to see details of leaked memory
==296899== 
==296899== For lists of detected and suppressed errors, rerun with: -s
==296899== ERROR SUMMARY: 0 errors from 0 contexts (suppressed: 0 from 0)
