==313941== Memcheck, a memory error detector
==313941== Copyright (C) 2002-2022, and GNU GPL'd, by Julian Seward et al.
==313941== Using Valgrind-3.22.0 and LibVEX; rerun with -h for copyright info
==313941== Command: /home/loris/Desktop/TestRepositories/Forked/juliet-test-suite-c/Automatic/results/20260703_1454/CWE121/valgrind/bin/CWE121/bad/CWE121_Stack_Based_Buffer_Overflow__char_type_overrun_memmove_04-bad
==313941== Parent PID: 313940
==313941== 
==313941== Invalid read of size 1
==313941==    at 0x484F226: strlen (in /usr/libexec/valgrind/vgpreload_memcheck-amd64-linux.so)
==313941==    by 0x48F6BFC: puts (ioputs.c:35)
==313941==    by 0x1093A7: printLine (in /home/loris/Desktop/TestRepositories/Forked/juliet-test-suite-c/Automatic/results/20260703_1454/CWE121/valgrind/bin/CWE121/bad/CWE121_Stack_Based_Buffer_Overflow__char_type_overrun_memmove_04-bad)
==313941==    by 0x10931A: CWE121_Stack_Based_Buffer_Overflow__char_type_overrun_memmove_04_bad (in /home/loris/Desktop/TestRepositories/Forked/juliet-test-suite-c/Automatic/results/20260703_1454/CWE121/valgrind/bin/CWE121/bad/CWE121_Stack_Based_Buffer_Overflow__char_type_overrun_memmove_04-bad)
==313941==    by 0x10936E: main (in /home/loris/Desktop/TestRepositories/Forked/juliet-test-suite-c/Automatic/results/20260703_1454/CWE121/valgrind/bin/CWE121/bad/CWE121_Stack_Based_Buffer_Overflow__char_type_overrun_memmove_04-bad)
==313941==  Address 0x3736353433323130 is not stack'd, malloc'd or (recently) free'd
==313941== 
==313941== 
==313941== Process terminating with default action of signal 11 (SIGSEGV)
==313941==  General Protection Fault
==313941==    at 0x484F226: strlen (in /usr/libexec/valgrind/vgpreload_memcheck-amd64-linux.so)
==313941==    by 0x48F6BFC: puts (ioputs.c:35)
==313941==    by 0x1093A7: printLine (in /home/loris/Desktop/TestRepositories/Forked/juliet-test-suite-c/Automatic/results/20260703_1454/CWE121/valgrind/bin/CWE121/bad/CWE121_Stack_Based_Buffer_Overflow__char_type_overrun_memmove_04-bad)
==313941==    by 0x10931A: CWE121_Stack_Based_Buffer_Overflow__char_type_overrun_memmove_04_bad (in /home/loris/Desktop/TestRepositories/Forked/juliet-test-suite-c/Automatic/results/20260703_1454/CWE121/valgrind/bin/CWE121/bad/CWE121_Stack_Based_Buffer_Overflow__char_type_overrun_memmove_04-bad)
==313941==    by 0x10936E: main (in /home/loris/Desktop/TestRepositories/Forked/juliet-test-suite-c/Automatic/results/20260703_1454/CWE121/valgrind/bin/CWE121/bad/CWE121_Stack_Based_Buffer_Overflow__char_type_overrun_memmove_04-bad)
==313941== 
==313941== HEAP SUMMARY:
==313941==     in use at exit: 4,096 bytes in 1 blocks
==313941==   total heap usage: 1 allocs, 0 frees, 4,096 bytes allocated
==313941== 
==313941== LEAK SUMMARY:
==313941==    definitely lost: 0 bytes in 0 blocks
==313941==    indirectly lost: 0 bytes in 0 blocks
==313941==      possibly lost: 0 bytes in 0 blocks
==313941==    still reachable: 4,096 bytes in 1 blocks
==313941==         suppressed: 0 bytes in 0 blocks
==313941== Rerun with --leak-check=full to see details of leaked memory
==313941== 
==313941== For lists of detected and suppressed errors, rerun with: -s
==313941== ERROR SUMMARY: 1 errors from 1 contexts (suppressed: 0 from 0)
