==310705== Memcheck, a memory error detector
==310705== Copyright (C) 2002-2022, and GNU GPL'd, by Julian Seward et al.
==310705== Using Valgrind-3.22.0 and LibVEX; rerun with -h for copyright info
==310705== Command: /home/loris/Desktop/TestRepositories/Forked/juliet-test-suite-c/Automatic/results/20260703_1454/CWE121/valgrind/bin/CWE121/bad/CWE121_Stack_Based_Buffer_Overflow__CWE806_char_alloca_memcpy_21-bad
==310705== Parent PID: 310704
==310705== 
==310705== 
==310705== Process terminating with default action of signal 6 (SIGABRT)
==310705==    at 0x490DB2C: __pthread_kill_implementation (pthread_kill.c:44)
==310705==    by 0x490DB2C: __pthread_kill_internal (pthread_kill.c:78)
==310705==    by 0x490DB2C: pthread_kill@@GLIBC_2.34 (pthread_kill.c:89)
==310705==    by 0x48B427D: raise (raise.c:26)
==310705==    by 0x48978FE: abort (abort.c:79)
==310705==    by 0x48987B5: __libc_message_impl.cold (libc_fatal.c:134)
==310705==    by 0x49A5C48: __fortify_fail (fortify_fail.c:24)
==310705==    by 0x49A6ED3: __stack_chk_fail (stack_chk_fail.c:24)
==310705==    by 0x109465: CWE121_Stack_Based_Buffer_Overflow__CWE806_char_alloca_memcpy_21_bad (in /home/loris/Desktop/TestRepositories/Forked/juliet-test-suite-c/Automatic/results/20260703_1454/CWE121/valgrind/bin/CWE121/bad/CWE121_Stack_Based_Buffer_Overflow__CWE806_char_alloca_memcpy_21-bad)
==310705==    by 0x4141414141414140: ???
==310705==    by 0x4141414141414140: ???
==310705==    by 0x4141414141414140: ???
==310705==    by 0x1FFE414140: ???
==310705==    by 0x48991C9: (below main) (libc_start_call_main.h:58)
==310705== 
==310705== HEAP SUMMARY:
==310705==     in use at exit: 4,096 bytes in 1 blocks
==310705==   total heap usage: 1 allocs, 0 frees, 4,096 bytes allocated
==310705== 
==310705== LEAK SUMMARY:
==310705==    definitely lost: 0 bytes in 0 blocks
==310705==    indirectly lost: 0 bytes in 0 blocks
==310705==      possibly lost: 0 bytes in 0 blocks
==310705==    still reachable: 4,096 bytes in 1 blocks
==310705==         suppressed: 0 bytes in 0 blocks
==310705== Rerun with --leak-check=full to see details of leaked memory
==310705== 
==310705== For lists of detected and suppressed errors, rerun with: -s
==310705== ERROR SUMMARY: 0 errors from 0 contexts (suppressed: 0 from 0)
