==316026== Memcheck, a memory error detector
==316026== Copyright (C) 2002-2022, and GNU GPL'd, by Julian Seward et al.
==316026== Using Valgrind-3.22.0 and LibVEX; rerun with -h for copyright info
==316026== Command: /home/loris/Desktop/TestRepositories/Forked/juliet-test-suite-c/Automatic/results/20260703_1454/CWE121/valgrind/bin/CWE121/bad/CWE121_Stack_Based_Buffer_Overflow__src_char_declare_cpy_63-bad
==316026== Parent PID: 316025
==316026== 
==316026== Source and destination overlap in strcpy(0x1ffefffdd0, 0x1ffefffe30)
==316026==    at 0x484F413: strcpy (in /usr/libexec/valgrind/vgpreload_memcheck-amd64-linux.so)
==316026==    by 0x1093F5: CWE121_Stack_Based_Buffer_Overflow__src_char_declare_cpy_63b_badSink (in /home/loris/Desktop/TestRepositories/Forked/juliet-test-suite-c/Automatic/results/20260703_1454/CWE121/valgrind/bin/CWE121/bad/CWE121_Stack_Based_Buffer_Overflow__src_char_declare_cpy_63-bad)
==316026==    by 0x4141414141414140: ???
==316026==    by 0x4141414141414140: ???
==316026==    by 0x4141414141414140: ???
==316026==    by 0x4141414100414140: ???
==316026==    by 0x4141414141414140: ???
==316026==    by 0x4141414141414140: ???
==316026==    by 0x4141414141414140: ???
==316026==    by 0x4141414141414140: ???
==316026==    by 0x4141414141414140: ???
==316026==    by 0x4141414141414140: ???
==316026== 
==316026== 
==316026== Process terminating with default action of signal 6 (SIGABRT)
==316026==    at 0x490DB2C: __pthread_kill_implementation (pthread_kill.c:44)
==316026==    by 0x490DB2C: __pthread_kill_internal (pthread_kill.c:78)
==316026==    by 0x490DB2C: pthread_kill@@GLIBC_2.34 (pthread_kill.c:89)
==316026==    by 0x48B427D: raise (raise.c:26)
==316026==    by 0x48978FE: abort (abort.c:79)
==316026==    by 0x48987B5: __libc_message_impl.cold (libc_fatal.c:134)
==316026==    by 0x49A5C48: __fortify_fail (fortify_fail.c:24)
==316026==    by 0x49A6ED3: __stack_chk_fail (stack_chk_fail.c:24)
==316026==    by 0x109416: CWE121_Stack_Based_Buffer_Overflow__src_char_declare_cpy_63b_badSink (in /home/loris/Desktop/TestRepositories/Forked/juliet-test-suite-c/Automatic/results/20260703_1454/CWE121/valgrind/bin/CWE121/bad/CWE121_Stack_Based_Buffer_Overflow__src_char_declare_cpy_63-bad)
==316026==    by 0x4141414141414140: ???
==316026==    by 0x4141414141414140: ???
==316026==    by 0x4141414141414140: ???
==316026==    by 0x4141414100414140: ???
==316026==    by 0x4141414141414140: ???
==316026== 
==316026== HEAP SUMMARY:
==316026==     in use at exit: 4,096 bytes in 1 blocks
==316026==   total heap usage: 1 allocs, 0 frees, 4,096 bytes allocated
==316026== 
==316026== LEAK SUMMARY:
==316026==    definitely lost: 0 bytes in 0 blocks
==316026==    indirectly lost: 0 bytes in 0 blocks
==316026==      possibly lost: 0 bytes in 0 blocks
==316026==    still reachable: 4,096 bytes in 1 blocks
==316026==         suppressed: 0 bytes in 0 blocks
==316026== Rerun with --leak-check=full to see details of leaked memory
==316026== 
==316026== For lists of detected and suppressed errors, rerun with: -s
==316026== ERROR SUMMARY: 1 errors from 1 contexts (suppressed: 0 from 0)
