==314757== Memcheck, a memory error detector
==314757== Copyright (C) 2002-2022, and GNU GPL'd, by Julian Seward et al.
==314757== Using Valgrind-3.22.0 and LibVEX; rerun with -h for copyright info
==314757== Command: /home/loris/Desktop/TestRepositories/Forked/juliet-test-suite-c/Automatic/results/20260703_1454/CWE121/valgrind/bin/CWE121/bad/CWE121_Stack_Based_Buffer_Overflow__dest_char_declare_cat_13-bad
==314757== Parent PID: 314756
==314757== 
==314757== Source and destination overlap in strcat(0x1ffefffde0, 0x1ffefffe20)
==314757==    at 0x484EFE3: strcat (in /usr/libexec/valgrind/vgpreload_memcheck-amd64-linux.so)
==314757==    by 0x109339: CWE121_Stack_Based_Buffer_Overflow__dest_char_declare_cat_13_bad (in /home/loris/Desktop/TestRepositories/Forked/juliet-test-suite-c/Automatic/results/20260703_1454/CWE121/valgrind/bin/CWE121/bad/CWE121_Stack_Based_Buffer_Overflow__dest_char_declare_cat_13-bad)
==314757==    by 0x10939C: main (in /home/loris/Desktop/TestRepositories/Forked/juliet-test-suite-c/Automatic/results/20260703_1454/CWE121/valgrind/bin/CWE121/bad/CWE121_Stack_Based_Buffer_Overflow__dest_char_declare_cat_13-bad)
==314757== 
==314757== 
==314757== HEAP SUMMARY:
==314757==     in use at exit: 0 bytes in 0 blocks
==314757==   total heap usage: 1 allocs, 1 frees, 4,096 bytes allocated
==314757== 
==314757== All heap blocks were freed -- no leaks are possible
==314757== 
==314757== For lists of detected and suppressed errors, rerun with: -s
==314757== ERROR SUMMARY: 1 errors from 1 contexts (suppressed: 0 from 0)
