==313166== Memcheck, a memory error detector
==313166== Copyright (C) 2002-2022, and GNU GPL'd, by Julian Seward et al.
==313166== Using Valgrind-3.22.0 and LibVEX; rerun with -h for copyright info
==313166== Command: /home/loris/Desktop/TestRepositories/Forked/juliet-test-suite-c/Automatic/results/20260703_1454/CWE121/valgrind/bin/CWE121/bad/CWE121_Stack_Based_Buffer_Overflow__CWE806_char_declare_ncat_12-bad
==313166== Parent PID: 313165
==313166== 
==313166== Source and destination overlap in strncat(0x1ffefffde0, 0x1ffefffe20, 99)
==313166==    at 0x484F197: strncat (in /usr/libexec/valgrind/vgpreload_memcheck-amd64-linux.so)
==313166==    by 0x1093E2: CWE121_Stack_Based_Buffer_Overflow__CWE806_char_declare_ncat_12_bad (in /home/loris/Desktop/TestRepositories/Forked/juliet-test-suite-c/Automatic/results/20260703_1454/CWE121/valgrind/bin/CWE121/bad/CWE121_Stack_Based_Buffer_Overflow__CWE806_char_declare_ncat_12-bad)
==313166==    by 0x109449: main (in /home/loris/Desktop/TestRepositories/Forked/juliet-test-suite-c/Automatic/results/20260703_1454/CWE121/valgrind/bin/CWE121/bad/CWE121_Stack_Based_Buffer_Overflow__CWE806_char_declare_ncat_12-bad)
==313166== 
==313166== 
==313166== HEAP SUMMARY:
==313166==     in use at exit: 0 bytes in 0 blocks
==313166==   total heap usage: 1 allocs, 1 frees, 4,096 bytes allocated
==313166== 
==313166== All heap blocks were freed -- no leaks are possible
==313166== 
==313166== For lists of detected and suppressed errors, rerun with: -s
==313166== ERROR SUMMARY: 1 errors from 1 contexts (suppressed: 0 from 0)
