==309791== Memcheck, a memory error detector
==309791== Copyright (C) 2002-2022, and GNU GPL'd, by Julian Seward et al.
==309791== Using Valgrind-3.22.0 and LibVEX; rerun with -h for copyright info
==309791== Command: /home/loris/Desktop/TestRepositories/Forked/juliet-test-suite-c/Automatic/results/20260703_1454/CWE121/valgrind/bin/CWE121/bad/CWE121_Stack_Based_Buffer_Overflow__CWE805_struct_alloca_memmove_52-bad
==309791== Parent PID: 309790
==309791== 
==309791== 
==309791== Process terminating with default action of signal 6 (SIGABRT)
==309791==    at 0x490DB2C: __pthread_kill_implementation (pthread_kill.c:44)
==309791==    by 0x490DB2C: __pthread_kill_internal (pthread_kill.c:78)
==309791==    by 0x490DB2C: pthread_kill@@GLIBC_2.34 (pthread_kill.c:89)
==309791==    by 0x48B427D: raise (raise.c:26)
==309791==    by 0x48978FE: abort (abort.c:79)
==309791==    by 0x48987B5: __libc_message_impl.cold (libc_fatal.c:134)
==309791==    by 0x49A5C48: __fortify_fail (fortify_fail.c:24)
==309791==    by 0x49A6ED3: __stack_chk_fail (stack_chk_fail.c:24)
==309791==    by 0x1093F4: CWE121_Stack_Based_Buffer_Overflow__CWE805_struct_alloca_memmove_52_bad (in /home/loris/Desktop/TestRepositories/Forked/juliet-test-suite-c/Automatic/results/20260703_1454/CWE121/valgrind/bin/CWE121/bad/CWE121_Stack_Based_Buffer_Overflow__CWE805_struct_alloca_memmove_52-bad)
==309791== 
==309791== HEAP SUMMARY:
==309791==     in use at exit: 4,096 bytes in 1 blocks
==309791==   total heap usage: 1 allocs, 0 frees, 4,096 bytes allocated
==309791== 
==309791== LEAK SUMMARY:
==309791==    definitely lost: 0 bytes in 0 blocks
==309791==    indirectly lost: 0 bytes in 0 blocks
==309791==      possibly lost: 0 bytes in 0 blocks
==309791==    still reachable: 4,096 bytes in 1 blocks
==309791==         suppressed: 0 bytes in 0 blocks
==309791== Rerun with --leak-check=full to see details of leaked memory
==309791== 
==309791== For lists of detected and suppressed errors, rerun with: -s
==309791== ERROR SUMMARY: 0 errors from 0 contexts (suppressed: 0 from 0)
