==312075== Memcheck, a memory error detector
==312075== Copyright (C) 2002-2022, and GNU GPL'd, by Julian Seward et al.
==312075== Using Valgrind-3.22.0 and LibVEX; rerun with -h for copyright info
==312075== Command: /home/loris/Desktop/TestRepositories/Forked/juliet-test-suite-c/Automatic/results/20260703_1454/CWE121/valgrind/bin/CWE121/bad/CWE121_Stack_Based_Buffer_Overflow__CWE806_char_alloca_ncpy_61-bad
==312075== Parent PID: 312074
==312075== 
==312075== 
==312075== Process terminating with default action of signal 6 (SIGABRT)
==312075==    at 0x490DB2C: __pthread_kill_implementation (pthread_kill.c:44)
==312075==    by 0x490DB2C: __pthread_kill_internal (pthread_kill.c:78)
==312075==    by 0x490DB2C: pthread_kill@@GLIBC_2.34 (pthread_kill.c:89)
==312075==    by 0x48B427D: raise (raise.c:26)
==312075==    by 0x48978FE: abort (abort.c:79)
==312075==    by 0x48987B5: __libc_message_impl.cold (libc_fatal.c:134)
==312075==    by 0x49A5C48: __fortify_fail (fortify_fail.c:24)
==312075==    by 0x49A6ED3: __stack_chk_fail (stack_chk_fail.c:24)
==312075==    by 0x10941A: CWE121_Stack_Based_Buffer_Overflow__CWE806_char_alloca_ncpy_61_bad (in /home/loris/Desktop/TestRepositories/Forked/juliet-test-suite-c/Automatic/results/20260703_1454/CWE121/valgrind/bin/CWE121/bad/CWE121_Stack_Based_Buffer_Overflow__CWE806_char_alloca_ncpy_61-bad)
==312075==    by 0x4141414141414140: ???
==312075==    by 0x4141414141414140: ???
==312075==    by 0x4141414141414140: ???
==312075==    by 0x1FFE414140: ???
==312075==    by 0x48991C9: (below main) (libc_start_call_main.h:58)
==312075== 
==312075== HEAP SUMMARY:
==312075==     in use at exit: 4,096 bytes in 1 blocks
==312075==   total heap usage: 1 allocs, 0 frees, 4,096 bytes allocated
==312075== 
==312075== LEAK SUMMARY:
==312075==    definitely lost: 0 bytes in 0 blocks
==312075==    indirectly lost: 0 bytes in 0 blocks
==312075==      possibly lost: 0 bytes in 0 blocks
==312075==    still reachable: 4,096 bytes in 1 blocks
==312075==         suppressed: 0 bytes in 0 blocks
==312075== Rerun with --leak-check=full to see details of leaked memory
==312075== 
==312075== For lists of detected and suppressed errors, rerun with: -s
==312075== ERROR SUMMARY: 0 errors from 0 contexts (suppressed: 0 from 0)
