==302287== Memcheck, a memory error detector
==302287== Copyright (C) 2002-2022, and GNU GPL'd, by Julian Seward et al.
==302287== Using Valgrind-3.22.0 and LibVEX; rerun with -h for copyright info
==302287== Command: /home/loris/Desktop/TestRepositories/Forked/juliet-test-suite-c/Automatic/results/20260703_1454/CWE121/valgrind/bin/CWE121/bad/CWE121_Stack_Based_Buffer_Overflow__CWE129_listen_socket_53-bad
==302287== Parent PID: 302286
==302287== 
==302287== 
==302287== Process terminating with default action of signal 15 (SIGTERM)
==302287==    at 0x499A834: accept (accept.c:26)
==302287==    by 0x10946D: CWE121_Stack_Based_Buffer_Overflow__CWE129_listen_socket_53_bad (in /home/loris/Desktop/TestRepositories/Forked/juliet-test-suite-c/Automatic/results/20260703_1454/CWE121/valgrind/bin/CWE121/bad/CWE121_Stack_Based_Buffer_Overflow__CWE129_listen_socket_53-bad)
==302287==    by 0x109540: main (in /home/loris/Desktop/TestRepositories/Forked/juliet-test-suite-c/Automatic/results/20260703_1454/CWE121/valgrind/bin/CWE121/bad/CWE121_Stack_Based_Buffer_Overflow__CWE129_listen_socket_53-bad)
==302287== 
==302287== HEAP SUMMARY:
==302287==     in use at exit: 4,096 bytes in 1 blocks
==302287==   total heap usage: 1 allocs, 0 frees, 4,096 bytes allocated
==302287== 
==302287== LEAK SUMMARY:
==302287==    definitely lost: 0 bytes in 0 blocks
==302287==    indirectly lost: 0 bytes in 0 blocks
==302287==      possibly lost: 0 bytes in 0 blocks
==302287==    still reachable: 4,096 bytes in 1 blocks
==302287==         suppressed: 0 bytes in 0 blocks
==302287== Rerun with --leak-check=full to see details of leaked memory
==302287== 
==302287== For lists of detected and suppressed errors, rerun with: -s
==302287== ERROR SUMMARY: 0 errors from 0 contexts (suppressed: 0 from 0)
