==313373== Memcheck, a memory error detector
==313373== Copyright (C) 2002-2022, and GNU GPL'd, by Julian Seward et al.
==313373== Using Valgrind-3.22.0 and LibVEX; rerun with -h for copyright info
==313373== Command: /home/loris/Desktop/TestRepositories/Forked/juliet-test-suite-c/Automatic/results/20260703_1454/CWE121/valgrind/bin/CWE121/bad/CWE121_Stack_Based_Buffer_Overflow__CWE806_char_declare_ncpy_21-bad
==313373== Parent PID: 313372
==313373== 
==313373== Source and destination overlap in strncpy(0x1ffefffe43, 0x1ffefffe83, 99)
==313373==    at 0x484F5A0: strncpy (in /usr/libexec/valgrind/vgpreload_memcheck-amd64-linux.so)
==313373==    by 0x1093E5: CWE121_Stack_Based_Buffer_Overflow__CWE806_char_declare_ncpy_21_bad (in /home/loris/Desktop/TestRepositories/Forked/juliet-test-suite-c/Automatic/results/20260703_1454/CWE121/valgrind/bin/CWE121/bad/CWE121_Stack_Based_Buffer_Overflow__CWE806_char_declare_ncpy_21-bad)
==313373==    by 0x10944C: main (in /home/loris/Desktop/TestRepositories/Forked/juliet-test-suite-c/Automatic/results/20260703_1454/CWE121/valgrind/bin/CWE121/bad/CWE121_Stack_Based_Buffer_Overflow__CWE806_char_declare_ncpy_21-bad)
==313373== 
==313373== 
==313373== HEAP SUMMARY:
==313373==     in use at exit: 0 bytes in 0 blocks
==313373==   total heap usage: 1 allocs, 1 frees, 4,096 bytes allocated
==313373== 
==313373== All heap blocks were freed -- no leaks are possible
==313373== 
==313373== For lists of detected and suppressed errors, rerun with: -s
==313373== ERROR SUMMARY: 1 errors from 1 contexts (suppressed: 0 from 0)
