==311378== Memcheck, a memory error detector
==311378== Copyright (C) 2002-2022, and GNU GPL'd, by Julian Seward et al.
==311378== Using Valgrind-3.22.0 and LibVEX; rerun with -h for copyright info
==311378== Command: /home/loris/Desktop/TestRepositories/Forked/juliet-test-suite-c/Automatic/results/20260703_1454/CWE121/valgrind/bin/CWE121/bad/CWE121_Stack_Based_Buffer_Overflow__CWE806_char_alloca_ncat_05-bad
==311378== Parent PID: 311377
==311378== 
==311378== 
==311378== Process terminating with default action of signal 6 (SIGABRT)
==311378==    at 0x490DB2C: __pthread_kill_implementation (pthread_kill.c:44)
==311378==    by 0x490DB2C: __pthread_kill_internal (pthread_kill.c:78)
==311378==    by 0x490DB2C: pthread_kill@@GLIBC_2.34 (pthread_kill.c:89)
==311378==    by 0x48B427D: raise (raise.c:26)
==311378==    by 0x48978FE: abort (abort.c:79)
==311378==    by 0x48987B5: __libc_message_impl.cold (libc_fatal.c:134)
==311378==    by 0x49A5C48: __fortify_fail (fortify_fail.c:24)
==311378==    by 0x49A6ED3: __stack_chk_fail (stack_chk_fail.c:24)
==311378==    by 0x109435: CWE121_Stack_Based_Buffer_Overflow__CWE806_char_alloca_ncat_05_bad (in /home/loris/Desktop/TestRepositories/Forked/juliet-test-suite-c/Automatic/results/20260703_1454/CWE121/valgrind/bin/CWE121/bad/CWE121_Stack_Based_Buffer_Overflow__CWE806_char_alloca_ncat_05-bad)
==311378==    by 0x4141414141414140: ???
==311378==    by 0x4141414141414140: ???
==311378==    by 0x4141414141414140: ???
==311378==    by 0x1F00414140: ???
==311378==    by 0x48991C9: (below main) (libc_start_call_main.h:58)
==311378== 
==311378== HEAP SUMMARY:
==311378==     in use at exit: 4,096 bytes in 1 blocks
==311378==   total heap usage: 1 allocs, 0 frees, 4,096 bytes allocated
==311378== 
==311378== LEAK SUMMARY:
==311378==    definitely lost: 0 bytes in 0 blocks
==311378==    indirectly lost: 0 bytes in 0 blocks
==311378==      possibly lost: 0 bytes in 0 blocks
==311378==    still reachable: 4,096 bytes in 1 blocks
==311378==         suppressed: 0 bytes in 0 blocks
==311378== Rerun with --leak-check=full to see details of leaked memory
==311378== 
==311378== For lists of detected and suppressed errors, rerun with: -s
==311378== ERROR SUMMARY: 0 errors from 0 contexts (suppressed: 0 from 0)
