==305799== Memcheck, a memory error detector
==305799== Copyright (C) 2002-2022, and GNU GPL'd, by Julian Seward et al.
==305799== Using Valgrind-3.22.0 and LibVEX; rerun with -h for copyright info
==305799== Command: /home/loris/Desktop/TestRepositories/Forked/juliet-test-suite-c/Automatic/results/20260703_1454/CWE121/valgrind/bin/CWE121/bad/CWE121_Stack_Based_Buffer_Overflow__CWE805_char_declare_ncat_14-bad
==305799== Parent PID: 305798
==305799== 
==305799== Source and destination overlap in strncat(0x1ffefffde0, 0x1ffefffe20, 100)
==305799==    at 0x484F197: strncat (in /usr/libexec/valgrind/vgpreload_memcheck-amd64-linux.so)
==305799==    by 0x10933E: CWE121_Stack_Based_Buffer_Overflow__CWE805_char_declare_ncat_14_bad (in /home/loris/Desktop/TestRepositories/Forked/juliet-test-suite-c/Automatic/results/20260703_1454/CWE121/valgrind/bin/CWE121/bad/CWE121_Stack_Based_Buffer_Overflow__CWE805_char_declare_ncat_14-bad)
==305799==    by 0x1093A1: main (in /home/loris/Desktop/TestRepositories/Forked/juliet-test-suite-c/Automatic/results/20260703_1454/CWE121/valgrind/bin/CWE121/bad/CWE121_Stack_Based_Buffer_Overflow__CWE805_char_declare_ncat_14-bad)
==305799== 
==305799== 
==305799== HEAP SUMMARY:
==305799==     in use at exit: 0 bytes in 0 blocks
==305799==   total heap usage: 1 allocs, 1 frees, 4,096 bytes allocated
==305799== 
==305799== All heap blocks were freed -- no leaks are possible
==305799== 
==305799== For lists of detected and suppressed errors, rerun with: -s
==305799== ERROR SUMMARY: 1 errors from 1 contexts (suppressed: 0 from 0)
