==304744== Memcheck, a memory error detector
==304744== Copyright (C) 2002-2022, and GNU GPL'd, by Julian Seward et al.
==304744== Using Valgrind-3.22.0 and LibVEX; rerun with -h for copyright info
==304744== Command: /home/loris/Desktop/TestRepositories/Forked/juliet-test-suite-c/Automatic/results/20260703_1454/CWE121/valgrind/bin/CWE121/bad/CWE121_Stack_Based_Buffer_Overflow__CWE805_char_alloca_ncat_10-bad
==304744== Parent PID: 304742
==304744== 
==304744== Source and destination overlap in strncat(0x1ffefffdc0, 0x1ffefffe20, 100)
==304744==    at 0x484F197: strncat (in /usr/libexec/valgrind/vgpreload_memcheck-amd64-linux.so)
==304744==    by 0x10943E: CWE121_Stack_Based_Buffer_Overflow__CWE805_char_alloca_ncat_10_bad (in /home/loris/Desktop/TestRepositories/Forked/juliet-test-suite-c/Automatic/results/20260703_1454/CWE121/valgrind/bin/CWE121/bad/CWE121_Stack_Based_Buffer_Overflow__CWE805_char_alloca_ncat_10-bad)
==304744==    by 0x1094A1: main (in /home/loris/Desktop/TestRepositories/Forked/juliet-test-suite-c/Automatic/results/20260703_1454/CWE121/valgrind/bin/CWE121/bad/CWE121_Stack_Based_Buffer_Overflow__CWE805_char_alloca_ncat_10-bad)
==304744== 
==304744== Invalid read of size 1
==304744==    at 0x484F226: strlen (in /usr/libexec/valgrind/vgpreload_memcheck-amd64-linux.so)
==304744==    by 0x48F6BFC: puts (ioputs.c:35)
==304744==    by 0x1094DA: printLine (in /home/loris/Desktop/TestRepositories/Forked/juliet-test-suite-c/Automatic/results/20260703_1454/CWE121/valgrind/bin/CWE121/bad/CWE121_Stack_Based_Buffer_Overflow__CWE805_char_alloca_ncat_10-bad)
==304744==    by 0x10944D: CWE121_Stack_Based_Buffer_Overflow__CWE805_char_alloca_ncat_10_bad (in /home/loris/Desktop/TestRepositories/Forked/juliet-test-suite-c/Automatic/results/20260703_1454/CWE121/valgrind/bin/CWE121/bad/CWE121_Stack_Based_Buffer_Overflow__CWE805_char_alloca_ncat_10-bad)
==304744==    by 0x1094A1: main (in /home/loris/Desktop/TestRepositories/Forked/juliet-test-suite-c/Automatic/results/20260703_1454/CWE121/valgrind/bin/CWE121/bad/CWE121_Stack_Based_Buffer_Overflow__CWE805_char_alloca_ncat_10-bad)
==304744==  Address 0x4343434343434343 is not stack'd, malloc'd or (recently) free'd
==304744== 
==304744== 
==304744== Process terminating with default action of signal 11 (SIGSEGV)
==304744==  General Protection Fault
==304744==    at 0x484F226: strlen (in /usr/libexec/valgrind/vgpreload_memcheck-amd64-linux.so)
==304744==    by 0x48F6BFC: puts (ioputs.c:35)
==304744==    by 0x1094DA: printLine (in /home/loris/Desktop/TestRepositories/Forked/juliet-test-suite-c/Automatic/results/20260703_1454/CWE121/valgrind/bin/CWE121/bad/CWE121_Stack_Based_Buffer_Overflow__CWE805_char_alloca_ncat_10-bad)
==304744==    by 0x10944D: CWE121_Stack_Based_Buffer_Overflow__CWE805_char_alloca_ncat_10_bad (in /home/loris/Desktop/TestRepositories/Forked/juliet-test-suite-c/Automatic/results/20260703_1454/CWE121/valgrind/bin/CWE121/bad/CWE121_Stack_Based_Buffer_Overflow__CWE805_char_alloca_ncat_10-bad)
==304744==    by 0x1094A1: main (in /home/loris/Desktop/TestRepositories/Forked/juliet-test-suite-c/Automatic/results/20260703_1454/CWE121/valgrind/bin/CWE121/bad/CWE121_Stack_Based_Buffer_Overflow__CWE805_char_alloca_ncat_10-bad)
==304744== 
==304744== HEAP SUMMARY:
==304744==     in use at exit: 4,096 bytes in 1 blocks
==304744==   total heap usage: 1 allocs, 0 frees, 4,096 bytes allocated
==304744== 
==304744== LEAK SUMMARY:
==304744==    definitely lost: 0 bytes in 0 blocks
==304744==    indirectly lost: 0 bytes in 0 blocks
==304744==      possibly lost: 0 bytes in 0 blocks
==304744==    still reachable: 4,096 bytes in 1 blocks
==304744==         suppressed: 0 bytes in 0 blocks
==304744== Rerun with --leak-check=full to see details of leaked memory
==304744== 
==304744== For lists of detected and suppressed errors, rerun with: -s
==304744== ERROR SUMMARY: 2 errors from 2 contexts (suppressed: 0 from 0)
