==308252== Memcheck, a memory error detector
==308252== Copyright (C) 2002-2022, and GNU GPL'd, by Julian Seward et al.
==308252== Using Valgrind-3.22.0 and LibVEX; rerun with -h for copyright info
==308252== Command: /home/loris/Desktop/TestRepositories/Forked/juliet-test-suite-c/Automatic/results/20260703_1454/CWE121/valgrind/bin/CWE121/bad/CWE121_Stack_Based_Buffer_Overflow__CWE805_int_alloca_memcpy_67-bad
==308252== Parent PID: 308251
==308252== 
==308252== 
==308252== Process terminating with default action of signal 6 (SIGABRT)
==308252==    at 0x490DB2C: __pthread_kill_implementation (pthread_kill.c:44)
==308252==    by 0x490DB2C: __pthread_kill_internal (pthread_kill.c:78)
==308252==    by 0x490DB2C: pthread_kill@@GLIBC_2.34 (pthread_kill.c:89)
==308252==    by 0x48B427D: raise (raise.c:26)
==308252==    by 0x48978FE: abort (abort.c:79)
==308252==    by 0x48987B5: __libc_message_impl.cold (libc_fatal.c:134)
==308252==    by 0x49A5C48: __fortify_fail (fortify_fail.c:24)
==308252==    by 0x49A6ED3: __stack_chk_fail (stack_chk_fail.c:24)
==308252==    by 0x1093FC: CWE121_Stack_Based_Buffer_Overflow__CWE805_int_alloca_memcpy_67_bad (in /home/loris/Desktop/TestRepositories/Forked/juliet-test-suite-c/Automatic/results/20260703_1454/CWE121/valgrind/bin/CWE121/bad/CWE121_Stack_Based_Buffer_Overflow__CWE805_int_alloca_memcpy_67-bad)
==308252== 
==308252== HEAP SUMMARY:
==308252==     in use at exit: 4,096 bytes in 1 blocks
==308252==   total heap usage: 1 allocs, 0 frees, 4,096 bytes allocated
==308252== 
==308252== LEAK SUMMARY:
==308252==    definitely lost: 0 bytes in 0 blocks
==308252==    indirectly lost: 0 bytes in 0 blocks
==308252==      possibly lost: 0 bytes in 0 blocks
==308252==    still reachable: 4,096 bytes in 1 blocks
==308252==         suppressed: 0 bytes in 0 blocks
==308252== Rerun with --leak-check=full to see details of leaked memory
==308252== 
==308252== For lists of detected and suppressed errors, rerun with: -s
==308252== ERROR SUMMARY: 0 errors from 0 contexts (suppressed: 0 from 0)
