==296881== Memcheck, a memory error detector
==296881== Copyright (C) 2002-2022, and GNU GPL'd, by Julian Seward et al.
==296881== Using Valgrind-3.22.0 and LibVEX; rerun with -h for copyright info
==296881== Command: /home/loris/Desktop/TestRepositories/Forked/juliet-test-suite-c/Automatic/results/20260703_1454/CWE121/valgrind/bin/CWE121/good/CWE121_Stack_Based_Buffer_Overflow__CWE129_listen_socket_11-good
==296881== Parent PID: 296880
==296881== 
==296881== 
==296881== Process terminating with default action of signal 15 (SIGTERM)
==296881==    at 0x499A834: accept (accept.c:26)
==296881==    by 0x10947F: goodB2G1 (in /home/loris/Desktop/TestRepositories/Forked/juliet-test-suite-c/Automatic/results/20260703_1454/CWE121/valgrind/bin/CWE121/good/CWE121_Stack_Based_Buffer_Overflow__CWE129_listen_socket_11-good)
==296881==    by 0x1098E6: CWE121_Stack_Based_Buffer_Overflow__CWE129_listen_socket_11_good (in /home/loris/Desktop/TestRepositories/Forked/juliet-test-suite-c/Automatic/results/20260703_1454/CWE121/valgrind/bin/CWE121/good/CWE121_Stack_Based_Buffer_Overflow__CWE129_listen_socket_11-good)
==296881==    by 0x109944: main (in /home/loris/Desktop/TestRepositories/Forked/juliet-test-suite-c/Automatic/results/20260703_1454/CWE121/valgrind/bin/CWE121/good/CWE121_Stack_Based_Buffer_Overflow__CWE129_listen_socket_11-good)
==296881== 
==296881== HEAP SUMMARY:
==296881==     in use at exit: 4,096 bytes in 1 blocks
==296881==   total heap usage: 1 allocs, 0 frees, 4,096 bytes allocated
==296881== 
==296881== LEAK SUMMARY:
==296881==    definitely lost: 0 bytes in 0 blocks
==296881==    indirectly lost: 0 bytes in 0 blocks
==296881==      possibly lost: 0 bytes in 0 blocks
==296881==    still reachable: 4,096 bytes in 1 blocks
==296881==         suppressed: 0 bytes in 0 blocks
==296881== Rerun with --leak-check=full to see details of leaked memory
==296881== 
==296881== For lists of detected and suppressed errors, rerun with: -s
==296881== ERROR SUMMARY: 0 errors from 0 contexts (suppressed: 0 from 0)
