==314807== Memcheck, a memory error detector
==314807== Copyright (C) 2002-2022, and GNU GPL'd, by Julian Seward et al.
==314807== Using Valgrind-3.22.0 and LibVEX; rerun with -h for copyright info
==314807== Command: /home/loris/Desktop/TestRepositories/Forked/juliet-test-suite-c/Automatic/results/20260703_1454/CWE121/valgrind/bin/CWE121/bad/CWE121_Stack_Based_Buffer_Overflow__dest_char_declare_cpy_04-bad
==314807== Parent PID: 314806
==314807== 
==314807== Source and destination overlap in strcpy(0x1ffefffde0, 0x1ffefffe20)
==314807==    at 0x484F413: strcpy (in /usr/libexec/valgrind/vgpreload_memcheck-amd64-linux.so)
==314807==    by 0x109337: CWE121_Stack_Based_Buffer_Overflow__dest_char_declare_cpy_04_bad (in /home/loris/Desktop/TestRepositories/Forked/juliet-test-suite-c/Automatic/results/20260703_1454/CWE121/valgrind/bin/CWE121/bad/CWE121_Stack_Based_Buffer_Overflow__dest_char_declare_cpy_04-bad)
==314807==    by 0x10939A: main (in /home/loris/Desktop/TestRepositories/Forked/juliet-test-suite-c/Automatic/results/20260703_1454/CWE121/valgrind/bin/CWE121/bad/CWE121_Stack_Based_Buffer_Overflow__dest_char_declare_cpy_04-bad)
==314807== 
==314807== 
==314807== HEAP SUMMARY:
==314807==     in use at exit: 0 bytes in 0 blocks
==314807==   total heap usage: 1 allocs, 1 frees, 4,096 bytes allocated
==314807== 
==314807== All heap blocks were freed -- no leaks are possible
==314807== 
==314807== For lists of detected and suppressed errors, rerun with: -s
==314807== ERROR SUMMARY: 1 errors from 1 contexts (suppressed: 0 from 0)
