==314997== Memcheck, a memory error detector
==314997== Copyright (C) 2002-2022, and GNU GPL'd, by Julian Seward et al.
==314997== Using Valgrind-3.22.0 and LibVEX; rerun with -h for copyright info
==314997== Command: /home/loris/Desktop/TestRepositories/Forked/juliet-test-suite-c/Automatic/results/20260703_1454/CWE121/valgrind/bin/CWE121/bad/CWE121_Stack_Based_Buffer_Overflow__src_char_alloca_cat_13-bad
==314997== Parent PID: 314996
==314997== 
==314997== 
==314997== Process terminating with default action of signal 6 (SIGABRT)
==314997==    at 0x490DB2C: __pthread_kill_implementation (pthread_kill.c:44)
==314997==    by 0x490DB2C: __pthread_kill_internal (pthread_kill.c:78)
==314997==    by 0x490DB2C: pthread_kill@@GLIBC_2.34 (pthread_kill.c:89)
==314997==    by 0x48B427D: raise (raise.c:26)
==314997==    by 0x48978FE: abort (abort.c:79)
==314997==    by 0x48987B5: __libc_message_impl.cold (libc_fatal.c:134)
==314997==    by 0x49A5C48: __fortify_fail (fortify_fail.c:24)
==314997==    by 0x49A6ED3: __stack_chk_fail (stack_chk_fail.c:24)
==314997==    by 0x109403: CWE121_Stack_Based_Buffer_Overflow__src_char_alloca_cat_13_bad (in /home/loris/Desktop/TestRepositories/Forked/juliet-test-suite-c/Automatic/results/20260703_1454/CWE121/valgrind/bin/CWE121/bad/CWE121_Stack_Based_Buffer_Overflow__src_char_alloca_cat_13-bad)
==314997==    by 0x4141414141414140: ???
==314997==    by 0x4141414141414140: ???
==314997==    by 0x4141414141414140: ???
==314997==    by 0x1F00414140: ???
==314997==    by 0x48991C9: (below main) (libc_start_call_main.h:58)
==314997== 
==314997== HEAP SUMMARY:
==314997==     in use at exit: 4,096 bytes in 1 blocks
==314997==   total heap usage: 1 allocs, 0 frees, 4,096 bytes allocated
==314997== 
==314997== LEAK SUMMARY:
==314997==    definitely lost: 0 bytes in 0 blocks
==314997==    indirectly lost: 0 bytes in 0 blocks
==314997==      possibly lost: 0 bytes in 0 blocks
==314997==    still reachable: 4,096 bytes in 1 blocks
==314997==         suppressed: 0 bytes in 0 blocks
==314997== Rerun with --leak-check=full to see details of leaked memory
==314997== 
==314997== For lists of detected and suppressed errors, rerun with: -s
==314997== ERROR SUMMARY: 0 errors from 0 contexts (suppressed: 0 from 0)
