==307919== Memcheck, a memory error detector
==307919== Copyright (C) 2002-2022, and GNU GPL'd, by Julian Seward et al.
==307919== Using Valgrind-3.22.0 and LibVEX; rerun with -h for copyright info
==307919== Command: /home/loris/Desktop/TestRepositories/Forked/juliet-test-suite-c/Automatic/results/20260703_1454/CWE121/valgrind/bin/CWE121/bad/CWE121_Stack_Based_Buffer_Overflow__CWE805_int_alloca_memcpy_02-bad
==307919== Parent PID: 307918
==307919== 
==307919== Invalid read of size 4
==307919==    at 0x10941F: CWE121_Stack_Based_Buffer_Overflow__CWE805_int_alloca_memcpy_02_bad (in /home/loris/Desktop/TestRepositories/Forked/juliet-test-suite-c/Automatic/results/20260703_1454/CWE121/valgrind/bin/CWE121/bad/CWE121_Stack_Based_Buffer_Overflow__CWE805_int_alloca_memcpy_02-bad)
==307919==    by 0x10947B: main (in /home/loris/Desktop/TestRepositories/Forked/juliet-test-suite-c/Automatic/results/20260703_1454/CWE121/valgrind/bin/CWE121/bad/CWE121_Stack_Based_Buffer_Overflow__CWE805_int_alloca_memcpy_02-bad)
==307919==  Address 0x0 is not stack'd, malloc'd or (recently) free'd
==307919== 
==307919== 
==307919== Process terminating with default action of signal 11 (SIGSEGV)
==307919==  Access not within mapped region at address 0x0
==307919==    at 0x10941F: CWE121_Stack_Based_Buffer_Overflow__CWE805_int_alloca_memcpy_02_bad (in /home/loris/Desktop/TestRepositories/Forked/juliet-test-suite-c/Automatic/results/20260703_1454/CWE121/valgrind/bin/CWE121/bad/CWE121_Stack_Based_Buffer_Overflow__CWE805_int_alloca_memcpy_02-bad)
==307919==    by 0x10947B: main (in /home/loris/Desktop/TestRepositories/Forked/juliet-test-suite-c/Automatic/results/20260703_1454/CWE121/valgrind/bin/CWE121/bad/CWE121_Stack_Based_Buffer_Overflow__CWE805_int_alloca_memcpy_02-bad)
==307919==  If you believe this happened as a result of a stack
==307919==  overflow in your program's main thread (unlikely but
==307919==  possible), you can try to increase the size of the
==307919==  main thread stack using the --main-stacksize= flag.
==307919==  The main thread stack size used in this run was 8388608.
==307919== 
==307919== HEAP SUMMARY:
==307919==     in use at exit: 4,096 bytes in 1 blocks
==307919==   total heap usage: 1 allocs, 0 frees, 4,096 bytes allocated
==307919== 
==307919== LEAK SUMMARY:
==307919==    definitely lost: 0 bytes in 0 blocks
==307919==    indirectly lost: 0 bytes in 0 blocks
==307919==      possibly lost: 0 bytes in 0 blocks
==307919==    still reachable: 4,096 bytes in 1 blocks
==307919==         suppressed: 0 bytes in 0 blocks
==307919== Rerun with --leak-check=full to see details of leaked memory
==307919== 
==307919== For lists of detected and suppressed errors, rerun with: -s
==307919== ERROR SUMMARY: 1 errors from 1 contexts (suppressed: 0 from 0)
