==314496== Memcheck, a memory error detector
==314496== Copyright (C) 2002-2022, and GNU GPL'd, by Julian Seward et al.
==314496== Using Valgrind-3.22.0 and LibVEX; rerun with -h for copyright info
==314496== Command: /home/loris/Desktop/TestRepositories/Forked/juliet-test-suite-c/Automatic/results/20260703_1454/CWE121/valgrind/bin/CWE121/bad/CWE121_Stack_Based_Buffer_Overflow__dest_char_alloca_cpy_08-bad
==314496== Parent PID: 314494
==314496== 
==314496== Source and destination overlap in strcpy(0x1ffefffdd0, 0x1ffefffe30)
==314496==    at 0x484F413: strcpy (in /usr/libexec/valgrind/vgpreload_memcheck-amd64-linux.so)
==314496==    by 0x10945B: CWE121_Stack_Based_Buffer_Overflow__dest_char_alloca_cpy_08_bad (in /home/loris/Desktop/TestRepositories/Forked/juliet-test-suite-c/Automatic/results/20260703_1454/CWE121/valgrind/bin/CWE121/bad/CWE121_Stack_Based_Buffer_Overflow__dest_char_alloca_cpy_08-bad)
==314496==    by 0x1094BE: main (in /home/loris/Desktop/TestRepositories/Forked/juliet-test-suite-c/Automatic/results/20260703_1454/CWE121/valgrind/bin/CWE121/bad/CWE121_Stack_Based_Buffer_Overflow__dest_char_alloca_cpy_08-bad)
==314496== 
==314496== Invalid read of size 1
==314496==    at 0x484F226: strlen (in /usr/libexec/valgrind/vgpreload_memcheck-amd64-linux.so)
==314496==    by 0x48F6BFC: puts (ioputs.c:35)
==314496==    by 0x1094F7: printLine (in /home/loris/Desktop/TestRepositories/Forked/juliet-test-suite-c/Automatic/results/20260703_1454/CWE121/valgrind/bin/CWE121/bad/CWE121_Stack_Based_Buffer_Overflow__dest_char_alloca_cpy_08-bad)
==314496==    by 0x10946A: CWE121_Stack_Based_Buffer_Overflow__dest_char_alloca_cpy_08_bad (in /home/loris/Desktop/TestRepositories/Forked/juliet-test-suite-c/Automatic/results/20260703_1454/CWE121/valgrind/bin/CWE121/bad/CWE121_Stack_Based_Buffer_Overflow__dest_char_alloca_cpy_08-bad)
==314496==    by 0x1094BE: main (in /home/loris/Desktop/TestRepositories/Forked/juliet-test-suite-c/Automatic/results/20260703_1454/CWE121/valgrind/bin/CWE121/bad/CWE121_Stack_Based_Buffer_Overflow__dest_char_alloca_cpy_08-bad)
==314496==  Address 0x4343434343434343 is not stack'd, malloc'd or (recently) free'd
==314496== 
==314496== 
==314496== Process terminating with default action of signal 11 (SIGSEGV)
==314496==  General Protection Fault
==314496==    at 0x484F226: strlen (in /usr/libexec/valgrind/vgpreload_memcheck-amd64-linux.so)
==314496==    by 0x48F6BFC: puts (ioputs.c:35)
==314496==    by 0x1094F7: printLine (in /home/loris/Desktop/TestRepositories/Forked/juliet-test-suite-c/Automatic/results/20260703_1454/CWE121/valgrind/bin/CWE121/bad/CWE121_Stack_Based_Buffer_Overflow__dest_char_alloca_cpy_08-bad)
==314496==    by 0x10946A: CWE121_Stack_Based_Buffer_Overflow__dest_char_alloca_cpy_08_bad (in /home/loris/Desktop/TestRepositories/Forked/juliet-test-suite-c/Automatic/results/20260703_1454/CWE121/valgrind/bin/CWE121/bad/CWE121_Stack_Based_Buffer_Overflow__dest_char_alloca_cpy_08-bad)
==314496==    by 0x1094BE: main (in /home/loris/Desktop/TestRepositories/Forked/juliet-test-suite-c/Automatic/results/20260703_1454/CWE121/valgrind/bin/CWE121/bad/CWE121_Stack_Based_Buffer_Overflow__dest_char_alloca_cpy_08-bad)
==314496== 
==314496== HEAP SUMMARY:
==314496==     in use at exit: 4,096 bytes in 1 blocks
==314496==   total heap usage: 1 allocs, 0 frees, 4,096 bytes allocated
==314496== 
==314496== LEAK SUMMARY:
==314496==    definitely lost: 0 bytes in 0 blocks
==314496==    indirectly lost: 0 bytes in 0 blocks
==314496==      possibly lost: 0 bytes in 0 blocks
==314496==    still reachable: 4,096 bytes in 1 blocks
==314496==         suppressed: 0 bytes in 0 blocks
==314496== Rerun with --leak-check=full to see details of leaked memory
==314496== 
==314496== For lists of detected and suppressed errors, rerun with: -s
==314496== ERROR SUMMARY: 2 errors from 2 contexts (suppressed: 0 from 0)
