==304204== Memcheck, a memory error detector
==304204== Copyright (C) 2002-2022, and GNU GPL'd, by Julian Seward et al.
==304204== Using Valgrind-3.22.0 and LibVEX; rerun with -h for copyright info
==304204== Command: /home/loris/Desktop/TestRepositories/Forked/juliet-test-suite-c/Automatic/results/20260703_1454/CWE121/valgrind/bin/CWE121/bad/CWE121_Stack_Based_Buffer_Overflow__CWE805_char_alloca_memcpy_17-bad
==304204== Parent PID: 304203
==304204== 
==304204== Invalid write of size 1
==304204==    at 0x109497: CWE121_Stack_Based_Buffer_Overflow__CWE805_char_alloca_memcpy_17_bad (in /home/loris/Desktop/TestRepositories/Forked/juliet-test-suite-c/Automatic/results/20260703_1454/CWE121/valgrind/bin/CWE121/bad/CWE121_Stack_Based_Buffer_Overflow__CWE805_char_alloca_memcpy_17-bad)
==304204==    by 0x109500: main (in /home/loris/Desktop/TestRepositories/Forked/juliet-test-suite-c/Automatic/results/20260703_1454/CWE121/valgrind/bin/CWE121/bad/CWE121_Stack_Based_Buffer_Overflow__CWE805_char_alloca_memcpy_17-bad)
==304204==  Address 0x43434343434343a6 is not stack'd, malloc'd or (recently) free'd
==304204== 
==304204== 
==304204== Process terminating with default action of signal 11 (SIGSEGV)
==304204==  General Protection Fault
==304204==    at 0x109497: CWE121_Stack_Based_Buffer_Overflow__CWE805_char_alloca_memcpy_17_bad (in /home/loris/Desktop/TestRepositories/Forked/juliet-test-suite-c/Automatic/results/20260703_1454/CWE121/valgrind/bin/CWE121/bad/CWE121_Stack_Based_Buffer_Overflow__CWE805_char_alloca_memcpy_17-bad)
==304204==    by 0x109500: main (in /home/loris/Desktop/TestRepositories/Forked/juliet-test-suite-c/Automatic/results/20260703_1454/CWE121/valgrind/bin/CWE121/bad/CWE121_Stack_Based_Buffer_Overflow__CWE805_char_alloca_memcpy_17-bad)
==304204== 
==304204== HEAP SUMMARY:
==304204==     in use at exit: 4,096 bytes in 1 blocks
==304204==   total heap usage: 1 allocs, 0 frees, 4,096 bytes allocated
==304204== 
==304204== LEAK SUMMARY:
==304204==    definitely lost: 0 bytes in 0 blocks
==304204==    indirectly lost: 0 bytes in 0 blocks
==304204==      possibly lost: 0 bytes in 0 blocks
==304204==    still reachable: 4,096 bytes in 1 blocks
==304204==         suppressed: 0 bytes in 0 blocks
==304204== Rerun with --leak-check=full to see details of leaked memory
==304204== 
==304204== For lists of detected and suppressed errors, rerun with: -s
==304204== ERROR SUMMARY: 1 errors from 1 contexts (suppressed: 0 from 0)
