==310758== Memcheck, a memory error detector
==310758== Copyright (C) 2002-2022, and GNU GPL'd, by Julian Seward et al.
==310758== Using Valgrind-3.22.0 and LibVEX; rerun with -h for copyright info
==310758== Command: /home/loris/Desktop/TestRepositories/Forked/juliet-test-suite-c/Automatic/results/20260703_1454/CWE121/valgrind/bin/CWE121/bad/CWE121_Stack_Based_Buffer_Overflow__CWE806_char_alloca_memcpy_41-bad
==310758== Parent PID: 310757
==310758== 
==310758== 
==310758== Process terminating with default action of signal 6 (SIGABRT)
==310758==    at 0x490DB2C: __pthread_kill_implementation (pthread_kill.c:44)
==310758==    by 0x490DB2C: __pthread_kill_internal (pthread_kill.c:78)
==310758==    by 0x490DB2C: pthread_kill@@GLIBC_2.34 (pthread_kill.c:89)
==310758==    by 0x48B427D: raise (raise.c:26)
==310758==    by 0x48978FE: abort (abort.c:79)
==310758==    by 0x48987B5: __libc_message_impl.cold (libc_fatal.c:134)
==310758==    by 0x49A5C48: __fortify_fail (fortify_fail.c:24)
==310758==    by 0x49A6ED3: __stack_chk_fail (stack_chk_fail.c:24)
==310758==    by 0x109384: CWE121_Stack_Based_Buffer_Overflow__CWE806_char_alloca_memcpy_41_badSink (in /home/loris/Desktop/TestRepositories/Forked/juliet-test-suite-c/Automatic/results/20260703_1454/CWE121/valgrind/bin/CWE121/bad/CWE121_Stack_Based_Buffer_Overflow__CWE806_char_alloca_memcpy_41-bad)
==310758==    by 0x4141414141414140: ???
==310758==    by 0x4141414141414140: ???
==310758==    by 0x4141414141414140: ???
==310758==    by 0x4141414141414140: ???
==310758==    by 0x4141414141414140: ???
==310758== 
==310758== HEAP SUMMARY:
==310758==     in use at exit: 4,096 bytes in 1 blocks
==310758==   total heap usage: 1 allocs, 0 frees, 4,096 bytes allocated
==310758== 
==310758== LEAK SUMMARY:
==310758==    definitely lost: 0 bytes in 0 blocks
==310758==    indirectly lost: 0 bytes in 0 blocks
==310758==      possibly lost: 0 bytes in 0 blocks
==310758==    still reachable: 4,096 bytes in 1 blocks
==310758==         suppressed: 0 bytes in 0 blocks
==310758== Rerun with --leak-check=full to see details of leaked memory
==310758== 
==310758== For lists of detected and suppressed errors, rerun with: -s
==310758== ERROR SUMMARY: 0 errors from 0 contexts (suppressed: 0 from 0)
