==312804== Memcheck, a memory error detector
==312804== Copyright (C) 2002-2022, and GNU GPL'd, by Julian Seward et al.
==312804== Using Valgrind-3.22.0 and LibVEX; rerun with -h for copyright info
==312804== Command: /home/loris/Desktop/TestRepositories/Forked/juliet-test-suite-c/Automatic/results/20260703_1454/CWE121/valgrind/bin/CWE121/bad/CWE121_Stack_Based_Buffer_Overflow__CWE806_char_declare_memcpy_41-bad
==312804== Parent PID: 312803
==312804== 
==312804== 
==312804== Process terminating with default action of signal 6 (SIGABRT)
==312804==    at 0x490DB2C: __pthread_kill_implementation (pthread_kill.c:44)
==312804==    by 0x490DB2C: __pthread_kill_internal (pthread_kill.c:78)
==312804==    by 0x490DB2C: pthread_kill@@GLIBC_2.34 (pthread_kill.c:89)
==312804==    by 0x48B427D: raise (raise.c:26)
==312804==    by 0x48978FE: abort (abort.c:79)
==312804==    by 0x48987B5: __libc_message_impl.cold (libc_fatal.c:134)
==312804==    by 0x49A5C48: __fortify_fail (fortify_fail.c:24)
==312804==    by 0x49A6ED3: __stack_chk_fail (stack_chk_fail.c:24)
==312804==    by 0x109384: CWE121_Stack_Based_Buffer_Overflow__CWE806_char_declare_memcpy_41_badSink (in /home/loris/Desktop/TestRepositories/Forked/juliet-test-suite-c/Automatic/results/20260703_1454/CWE121/valgrind/bin/CWE121/bad/CWE121_Stack_Based_Buffer_Overflow__CWE806_char_declare_memcpy_41-bad)
==312804==    by 0x4141414141414140: ???
==312804==    by 0x4141414141414140: ???
==312804==    by 0x4141414141414140: ???
==312804==    by 0x4141414141414140: ???
==312804==    by 0x4141414141414140: ???
==312804== 
==312804== HEAP SUMMARY:
==312804==     in use at exit: 4,096 bytes in 1 blocks
==312804==   total heap usage: 1 allocs, 0 frees, 4,096 bytes allocated
==312804== 
==312804== LEAK SUMMARY:
==312804==    definitely lost: 0 bytes in 0 blocks
==312804==    indirectly lost: 0 bytes in 0 blocks
==312804==      possibly lost: 0 bytes in 0 blocks
==312804==    still reachable: 4,096 bytes in 1 blocks
==312804==         suppressed: 0 bytes in 0 blocks
==312804== Rerun with --leak-check=full to see details of leaked memory
==312804== 
==312804== For lists of detected and suppressed errors, rerun with: -s
==312804== ERROR SUMMARY: 0 errors from 0 contexts (suppressed: 0 from 0)
