==313343== Memcheck, a memory error detector
==313343== Copyright (C) 2002-2022, and GNU GPL'd, by Julian Seward et al.
==313343== Using Valgrind-3.22.0 and LibVEX; rerun with -h for copyright info
==313343== Command: /home/loris/Desktop/TestRepositories/Forked/juliet-test-suite-c/Automatic/results/20260703_1454/CWE121/valgrind/bin/CWE121/bad/CWE121_Stack_Based_Buffer_Overflow__CWE806_char_declare_ncpy_04-bad
==313343== Parent PID: 313342
==313343== 
==313343== Source and destination overlap in strncpy(0x1ffefffe43, 0x1ffefffe83, 99)
==313343==    at 0x484F5A0: strncpy (in /usr/libexec/valgrind/vgpreload_memcheck-amd64-linux.so)
==313343==    by 0x1093B4: CWE121_Stack_Based_Buffer_Overflow__CWE806_char_declare_ncpy_04_bad (in /home/loris/Desktop/TestRepositories/Forked/juliet-test-suite-c/Automatic/results/20260703_1454/CWE121/valgrind/bin/CWE121/bad/CWE121_Stack_Based_Buffer_Overflow__CWE806_char_declare_ncpy_04-bad)
==313343==    by 0x10941B: main (in /home/loris/Desktop/TestRepositories/Forked/juliet-test-suite-c/Automatic/results/20260703_1454/CWE121/valgrind/bin/CWE121/bad/CWE121_Stack_Based_Buffer_Overflow__CWE806_char_declare_ncpy_04-bad)
==313343== 
==313343== 
==313343== HEAP SUMMARY:
==313343==     in use at exit: 0 bytes in 0 blocks
==313343==   total heap usage: 1 allocs, 1 frees, 4,096 bytes allocated
==313343== 
==313343== All heap blocks were freed -- no leaks are possible
==313343== 
==313343== For lists of detected and suppressed errors, rerun with: -s
==313343== ERROR SUMMARY: 1 errors from 1 contexts (suppressed: 0 from 0)
