==314225== Memcheck, a memory error detector
==314225== Copyright (C) 2002-2022, and GNU GPL'd, by Julian Seward et al.
==314225== Using Valgrind-3.22.0 and LibVEX; rerun with -h for copyright info
==314225== Command: /home/loris/Desktop/TestRepositories/Forked/juliet-test-suite-c/Automatic/results/20260703_1454/CWE121/valgrind/bin/CWE121/bad/CWE121_Stack_Based_Buffer_Overflow__dest_char_alloca_cat_12-bad
==314225== Parent PID: 314224
==314225== 
==314225== Source and destination overlap in strcat(0x1ffefffdd0, 0x1ffefffe30)
==314225==    at 0x484EFE3: strcat (in /usr/libexec/valgrind/vgpreload_memcheck-amd64-linux.so)
==314225==    by 0x109454: CWE121_Stack_Based_Buffer_Overflow__dest_char_alloca_cat_12_bad (in /home/loris/Desktop/TestRepositories/Forked/juliet-test-suite-c/Automatic/results/20260703_1454/CWE121/valgrind/bin/CWE121/bad/CWE121_Stack_Based_Buffer_Overflow__dest_char_alloca_cat_12-bad)
==314225==    by 0x1094B7: main (in /home/loris/Desktop/TestRepositories/Forked/juliet-test-suite-c/Automatic/results/20260703_1454/CWE121/valgrind/bin/CWE121/bad/CWE121_Stack_Based_Buffer_Overflow__dest_char_alloca_cat_12-bad)
==314225== 
==314225== Invalid read of size 1
==314225==    at 0x484F226: strlen (in /usr/libexec/valgrind/vgpreload_memcheck-amd64-linux.so)
==314225==    by 0x48F6BFC: puts (ioputs.c:35)
==314225==    by 0x1094F0: printLine (in /home/loris/Desktop/TestRepositories/Forked/juliet-test-suite-c/Automatic/results/20260703_1454/CWE121/valgrind/bin/CWE121/bad/CWE121_Stack_Based_Buffer_Overflow__dest_char_alloca_cat_12-bad)
==314225==    by 0x109463: CWE121_Stack_Based_Buffer_Overflow__dest_char_alloca_cat_12_bad (in /home/loris/Desktop/TestRepositories/Forked/juliet-test-suite-c/Automatic/results/20260703_1454/CWE121/valgrind/bin/CWE121/bad/CWE121_Stack_Based_Buffer_Overflow__dest_char_alloca_cat_12-bad)
==314225==    by 0x1094B7: main (in /home/loris/Desktop/TestRepositories/Forked/juliet-test-suite-c/Automatic/results/20260703_1454/CWE121/valgrind/bin/CWE121/bad/CWE121_Stack_Based_Buffer_Overflow__dest_char_alloca_cat_12-bad)
==314225==  Address 0x4343434343434343 is not stack'd, malloc'd or (recently) free'd
==314225== 
==314225== 
==314225== Process terminating with default action of signal 11 (SIGSEGV)
==314225==  General Protection Fault
==314225==    at 0x484F226: strlen (in /usr/libexec/valgrind/vgpreload_memcheck-amd64-linux.so)
==314225==    by 0x48F6BFC: puts (ioputs.c:35)
==314225==    by 0x1094F0: printLine (in /home/loris/Desktop/TestRepositories/Forked/juliet-test-suite-c/Automatic/results/20260703_1454/CWE121/valgrind/bin/CWE121/bad/CWE121_Stack_Based_Buffer_Overflow__dest_char_alloca_cat_12-bad)
==314225==    by 0x109463: CWE121_Stack_Based_Buffer_Overflow__dest_char_alloca_cat_12_bad (in /home/loris/Desktop/TestRepositories/Forked/juliet-test-suite-c/Automatic/results/20260703_1454/CWE121/valgrind/bin/CWE121/bad/CWE121_Stack_Based_Buffer_Overflow__dest_char_alloca_cat_12-bad)
==314225==    by 0x1094B7: main (in /home/loris/Desktop/TestRepositories/Forked/juliet-test-suite-c/Automatic/results/20260703_1454/CWE121/valgrind/bin/CWE121/bad/CWE121_Stack_Based_Buffer_Overflow__dest_char_alloca_cat_12-bad)
==314225== 
==314225== HEAP SUMMARY:
==314225==     in use at exit: 4,096 bytes in 1 blocks
==314225==   total heap usage: 1 allocs, 0 frees, 4,096 bytes allocated
==314225== 
==314225== LEAK SUMMARY:
==314225==    definitely lost: 0 bytes in 0 blocks
==314225==    indirectly lost: 0 bytes in 0 blocks
==314225==      possibly lost: 0 bytes in 0 blocks
==314225==    still reachable: 4,096 bytes in 1 blocks
==314225==         suppressed: 0 bytes in 0 blocks
==314225== Rerun with --leak-check=full to see details of leaked memory
==314225== 
==314225== For lists of detected and suppressed errors, rerun with: -s
==314225== ERROR SUMMARY: 2 errors from 2 contexts (suppressed: 0 from 0)
