==303933== Memcheck, a memory error detector
==303933== Copyright (C) 2002-2022, and GNU GPL'd, by Julian Seward et al.
==303933== Using Valgrind-3.22.0 and LibVEX; rerun with -h for copyright info
==303933== Command: /home/loris/Desktop/TestRepositories/Forked/juliet-test-suite-c/Automatic/results/20260703_1454/CWE121/valgrind/bin/CWE121/bad/CWE121_Stack_Based_Buffer_Overflow__CWE805_char_alloca_loop_41-bad
==303933== Parent PID: 303932
==303933== 
==303933== 
==303933== Process terminating with default action of signal 6 (SIGABRT)
==303933==    at 0x490DB2C: __pthread_kill_implementation (pthread_kill.c:44)
==303933==    by 0x490DB2C: __pthread_kill_internal (pthread_kill.c:78)
==303933==    by 0x490DB2C: pthread_kill@@GLIBC_2.34 (pthread_kill.c:89)
==303933==    by 0x48B427D: raise (raise.c:26)
==303933==    by 0x48978FE: abort (abort.c:79)
==303933==    by 0x48987B5: __libc_message_impl.cold (libc_fatal.c:134)
==303933==    by 0x49A5C48: __fortify_fail (fortify_fail.c:24)
==303933==    by 0x49A6ED3: __stack_chk_fail (stack_chk_fail.c:24)
==303933==    by 0x10949E: CWE121_Stack_Based_Buffer_Overflow__CWE805_char_alloca_loop_41_bad (in /home/loris/Desktop/TestRepositories/Forked/juliet-test-suite-c/Automatic/results/20260703_1454/CWE121/valgrind/bin/CWE121/bad/CWE121_Stack_Based_Buffer_Overflow__CWE805_char_alloca_loop_41-bad)
==303933==    by 0x1094DD: main (in /home/loris/Desktop/TestRepositories/Forked/juliet-test-suite-c/Automatic/results/20260703_1454/CWE121/valgrind/bin/CWE121/bad/CWE121_Stack_Based_Buffer_Overflow__CWE805_char_alloca_loop_41-bad)
==303933== 
==303933== HEAP SUMMARY:
==303933==     in use at exit: 4,096 bytes in 1 blocks
==303933==   total heap usage: 1 allocs, 0 frees, 4,096 bytes allocated
==303933== 
==303933== LEAK SUMMARY:
==303933==    definitely lost: 0 bytes in 0 blocks
==303933==    indirectly lost: 0 bytes in 0 blocks
==303933==      possibly lost: 0 bytes in 0 blocks
==303933==    still reachable: 4,096 bytes in 1 blocks
==303933==         suppressed: 0 bytes in 0 blocks
==303933== Rerun with --leak-check=full to see details of leaked memory
==303933== 
==303933== For lists of detected and suppressed errors, rerun with: -s
==303933== ERROR SUMMARY: 0 errors from 0 contexts (suppressed: 0 from 0)
