==302083== Memcheck, a memory error detector
==302083== Copyright (C) 2002-2022, and GNU GPL'd, by Julian Seward et al.
==302083== Using Valgrind-3.22.0 and LibVEX; rerun with -h for copyright info
==302083== Command: /home/loris/Desktop/TestRepositories/Forked/juliet-test-suite-c/Automatic/results/20260703_1454/CWE121/valgrind/bin/CWE121/bad/CWE121_Stack_Based_Buffer_Overflow__CWE129_large_44-bad
==302083== Parent PID: 302082
==302083== 
==302083== 
==302083== Process terminating with default action of signal 6 (SIGABRT)
==302083==    at 0x490DB2C: __pthread_kill_implementation (pthread_kill.c:44)
==302083==    by 0x490DB2C: __pthread_kill_internal (pthread_kill.c:78)
==302083==    by 0x490DB2C: pthread_kill@@GLIBC_2.34 (pthread_kill.c:89)
==302083==    by 0x48B427D: raise (raise.c:26)
==302083==    by 0x48978FE: abort (abort.c:79)
==302083==    by 0x48987B5: __libc_message_impl.cold (libc_fatal.c:134)
==302083==    by 0x49A5C48: __fortify_fail (fortify_fail.c:24)
==302083==    by 0x49A6ED3: __stack_chk_fail (stack_chk_fail.c:24)
==302083==    by 0x109313: badSink (in /home/loris/Desktop/TestRepositories/Forked/juliet-test-suite-c/Automatic/results/20260703_1454/CWE121/valgrind/bin/CWE121/bad/CWE121_Stack_Based_Buffer_Overflow__CWE129_large_44-bad)
==302083==    by 0x109345: CWE121_Stack_Based_Buffer_Overflow__CWE129_large_44_bad (in /home/loris/Desktop/TestRepositories/Forked/juliet-test-suite-c/Automatic/results/20260703_1454/CWE121/valgrind/bin/CWE121/bad/CWE121_Stack_Based_Buffer_Overflow__CWE129_large_44-bad)
==302083==    by 0x109385: main (in /home/loris/Desktop/TestRepositories/Forked/juliet-test-suite-c/Automatic/results/20260703_1454/CWE121/valgrind/bin/CWE121/bad/CWE121_Stack_Based_Buffer_Overflow__CWE129_large_44-bad)
==302083== 
==302083== HEAP SUMMARY:
==302083==     in use at exit: 4,096 bytes in 1 blocks
==302083==   total heap usage: 1 allocs, 0 frees, 4,096 bytes allocated
==302083== 
==302083== LEAK SUMMARY:
==302083==    definitely lost: 0 bytes in 0 blocks
==302083==    indirectly lost: 0 bytes in 0 blocks
==302083==      possibly lost: 0 bytes in 0 blocks
==302083==    still reachable: 4,096 bytes in 1 blocks
==302083==         suppressed: 0 bytes in 0 blocks
==302083== Rerun with --leak-check=full to see details of leaked memory
==302083== 
==302083== For lists of detected and suppressed errors, rerun with: -s
==302083== ERROR SUMMARY: 0 errors from 0 contexts (suppressed: 0 from 0)
