==313178== Memcheck, a memory error detector
==313178== Copyright (C) 2002-2022, and GNU GPL'd, by Julian Seward et al.
==313178== Using Valgrind-3.22.0 and LibVEX; rerun with -h for copyright info
==313178== Command: /home/loris/Desktop/TestRepositories/Forked/juliet-test-suite-c/Automatic/results/20260703_1454/CWE121/valgrind/bin/CWE121/bad/CWE121_Stack_Based_Buffer_Overflow__CWE806_char_declare_ncat_18-bad
==313178== Parent PID: 313177
==313178== 
==313178== Source and destination overlap in strncat(0x1ffefffde0, 0x1ffefffe20, 99)
==313178==    at 0x484F197: strncat (in /usr/libexec/valgrind/vgpreload_memcheck-amd64-linux.so)
==313178==    by 0x1093AC: CWE121_Stack_Based_Buffer_Overflow__CWE806_char_declare_ncat_18_bad (in /home/loris/Desktop/TestRepositories/Forked/juliet-test-suite-c/Automatic/results/20260703_1454/CWE121/valgrind/bin/CWE121/bad/CWE121_Stack_Based_Buffer_Overflow__CWE806_char_declare_ncat_18-bad)
==313178==    by 0x109413: main (in /home/loris/Desktop/TestRepositories/Forked/juliet-test-suite-c/Automatic/results/20260703_1454/CWE121/valgrind/bin/CWE121/bad/CWE121_Stack_Based_Buffer_Overflow__CWE806_char_declare_ncat_18-bad)
==313178== 
==313178== 
==313178== HEAP SUMMARY:
==313178==     in use at exit: 0 bytes in 0 blocks
==313178==   total heap usage: 1 allocs, 1 frees, 4,096 bytes allocated
==313178== 
==313178== All heap blocks were freed -- no leaks are possible
==313178== 
==313178== For lists of detected and suppressed errors, rerun with: -s
==313178== ERROR SUMMARY: 1 errors from 1 contexts (suppressed: 0 from 0)
