==308977== Memcheck, a memory error detector
==308977== Copyright (C) 2002-2022, and GNU GPL'd, by Julian Seward et al.
==308977== Using Valgrind-3.22.0 and LibVEX; rerun with -h for copyright info
==308977== Command: /home/loris/Desktop/TestRepositories/Forked/juliet-test-suite-c/Automatic/results/20260703_1454/CWE121/valgrind/bin/CWE121/bad/CWE121_Stack_Based_Buffer_Overflow__CWE805_struct_alloca_loop_16-bad
==308977== Parent PID: 308976
==308977== 
==308977== 
==308977== Process terminating with default action of signal 15 (SIGTERM)
==308977==    at 0x109414: CWE121_Stack_Based_Buffer_Overflow__CWE805_struct_alloca_loop_16_bad (in /home/loris/Desktop/TestRepositories/Forked/juliet-test-suite-c/Automatic/results/20260703_1454/CWE121/valgrind/bin/CWE121/bad/CWE121_Stack_Based_Buffer_Overflow__CWE805_struct_alloca_loop_16-bad)
==308977==    by 0x1094B3: main (in /home/loris/Desktop/TestRepositories/Forked/juliet-test-suite-c/Automatic/results/20260703_1454/CWE121/valgrind/bin/CWE121/bad/CWE121_Stack_Based_Buffer_Overflow__CWE805_struct_alloca_loop_16-bad)
==308977== 
==308977== HEAP SUMMARY:
==308977==     in use at exit: 4,096 bytes in 1 blocks
==308977==   total heap usage: 1 allocs, 0 frees, 4,096 bytes allocated
==308977== 
==308977== LEAK SUMMARY:
==308977==    definitely lost: 0 bytes in 0 blocks
==308977==    indirectly lost: 0 bytes in 0 blocks
==308977==      possibly lost: 0 bytes in 0 blocks
==308977==    still reachable: 4,096 bytes in 1 blocks
==308977==         suppressed: 0 bytes in 0 blocks
==308977== Rerun with --leak-check=full to see details of leaked memory
==308977== 
==308977== For lists of detected and suppressed errors, rerun with: -s
==308977== ERROR SUMMARY: 0 errors from 0 contexts (suppressed: 0 from 0)
