==309782== Memcheck, a memory error detector
==309782== Copyright (C) 2002-2022, and GNU GPL'd, by Julian Seward et al.
==309782== Using Valgrind-3.22.0 and LibVEX; rerun with -h for copyright info
==309782== Command: /home/loris/Desktop/TestRepositories/Forked/juliet-test-suite-c/Automatic/results/20260703_1454/CWE121/valgrind/bin/CWE121/bad/CWE121_Stack_Based_Buffer_Overflow__CWE805_struct_alloca_memmove_51-bad
==309782== Parent PID: 309781
==309782== 
==309782== 
==309782== Process terminating with default action of signal 6 (SIGABRT)
==309782==    at 0x490DB2C: __pthread_kill_implementation (pthread_kill.c:44)
==309782==    by 0x490DB2C: __pthread_kill_internal (pthread_kill.c:78)
==309782==    by 0x490DB2C: pthread_kill@@GLIBC_2.34 (pthread_kill.c:89)
==309782==    by 0x48B427D: raise (raise.c:26)
==309782==    by 0x48978FE: abort (abort.c:79)
==309782==    by 0x48987B5: __libc_message_impl.cold (libc_fatal.c:134)
==309782==    by 0x49A5C48: __fortify_fail (fortify_fail.c:24)
==309782==    by 0x49A6ED3: __stack_chk_fail (stack_chk_fail.c:24)
==309782==    by 0x1093F4: CWE121_Stack_Based_Buffer_Overflow__CWE805_struct_alloca_memmove_51_bad (in /home/loris/Desktop/TestRepositories/Forked/juliet-test-suite-c/Automatic/results/20260703_1454/CWE121/valgrind/bin/CWE121/bad/CWE121_Stack_Based_Buffer_Overflow__CWE805_struct_alloca_memmove_51-bad)
==309782== 
==309782== HEAP SUMMARY:
==309782==     in use at exit: 4,096 bytes in 1 blocks
==309782==   total heap usage: 1 allocs, 0 frees, 4,096 bytes allocated
==309782== 
==309782== LEAK SUMMARY:
==309782==    definitely lost: 0 bytes in 0 blocks
==309782==    indirectly lost: 0 bytes in 0 blocks
==309782==      possibly lost: 0 bytes in 0 blocks
==309782==    still reachable: 4,096 bytes in 1 blocks
==309782==         suppressed: 0 bytes in 0 blocks
==309782== Rerun with --leak-check=full to see details of leaked memory
==309782== 
==309782== For lists of detected and suppressed errors, rerun with: -s
==309782== ERROR SUMMARY: 0 errors from 0 contexts (suppressed: 0 from 0)
