==315915== Memcheck, a memory error detector
==315915== Copyright (C) 2002-2022, and GNU GPL'd, by Julian Seward et al.
==315915== Using Valgrind-3.22.0 and LibVEX; rerun with -h for copyright info
==315915== Command: /home/loris/Desktop/TestRepositories/Forked/juliet-test-suite-c/Automatic/results/20260703_1454/CWE121/valgrind/bin/CWE121/bad/CWE121_Stack_Based_Buffer_Overflow__src_char_declare_cpy_09-bad
==315915== Parent PID: 315914
==315915== 
==315915== Source and destination overlap in strcpy(0x1ffefffdf0, 0x1ffefffe30)
==315915==    at 0x484F413: strcpy (in /usr/libexec/valgrind/vgpreload_memcheck-amd64-linux.so)
==315915==    by 0x109383: CWE121_Stack_Based_Buffer_Overflow__src_char_declare_cpy_09_bad (in /home/loris/Desktop/TestRepositories/Forked/juliet-test-suite-c/Automatic/results/20260703_1454/CWE121/valgrind/bin/CWE121/bad/CWE121_Stack_Based_Buffer_Overflow__src_char_declare_cpy_09-bad)
==315915==    by 0x1093E6: main (in /home/loris/Desktop/TestRepositories/Forked/juliet-test-suite-c/Automatic/results/20260703_1454/CWE121/valgrind/bin/CWE121/bad/CWE121_Stack_Based_Buffer_Overflow__src_char_declare_cpy_09-bad)
==315915== 
==315915== 
==315915== HEAP SUMMARY:
==315915==     in use at exit: 0 bytes in 0 blocks
==315915==   total heap usage: 1 allocs, 1 frees, 4,096 bytes allocated
==315915== 
==315915== All heap blocks were freed -- no leaks are possible
==315915== 
==315915== For lists of detected and suppressed errors, rerun with: -s
==315915== ERROR SUMMARY: 1 errors from 1 contexts (suppressed: 0 from 0)
