==303827== Memcheck, a memory error detector
==303827== Copyright (C) 2002-2022, and GNU GPL'd, by Julian Seward et al.
==303827== Using Valgrind-3.22.0 and LibVEX; rerun with -h for copyright info
==303827== Command: /home/loris/Desktop/TestRepositories/Forked/juliet-test-suite-c/Automatic/results/20260703_1454/CWE121/valgrind/bin/CWE121/bad/CWE121_Stack_Based_Buffer_Overflow__CWE193_char_declare_ncpy_03-bad
==303827== Parent PID: 303826
==303827== 
==303827== Source and destination overlap in strncpy(0x1ffefffe7d, 0x1ffefffe87, 11)
==303827==    at 0x484F5A0: strncpy (in /usr/libexec/valgrind/vgpreload_memcheck-amd64-linux.so)
==303827==    by 0x10932A: CWE121_Stack_Based_Buffer_Overflow__CWE193_char_declare_ncpy_03_bad (in /home/loris/Desktop/TestRepositories/Forked/juliet-test-suite-c/Automatic/results/20260703_1454/CWE121/valgrind/bin/CWE121/bad/CWE121_Stack_Based_Buffer_Overflow__CWE193_char_declare_ncpy_03-bad)
==303827==    by 0x10938A: main (in /home/loris/Desktop/TestRepositories/Forked/juliet-test-suite-c/Automatic/results/20260703_1454/CWE121/valgrind/bin/CWE121/bad/CWE121_Stack_Based_Buffer_Overflow__CWE193_char_declare_ncpy_03-bad)
==303827== 
==303827== 
==303827== HEAP SUMMARY:
==303827==     in use at exit: 0 bytes in 0 blocks
==303827==   total heap usage: 1 allocs, 1 frees, 4,096 bytes allocated
==303827== 
==303827== All heap blocks were freed -- no leaks are possible
==303827== 
==303827== For lists of detected and suppressed errors, rerun with: -s
==303827== ERROR SUMMARY: 1 errors from 1 contexts (suppressed: 0 from 0)
