==303577== Memcheck, a memory error detector
==303577== Copyright (C) 2002-2022, and GNU GPL'd, by Julian Seward et al.
==303577== Using Valgrind-3.22.0 and LibVEX; rerun with -h for copyright info
==303577== Command: /home/loris/Desktop/TestRepositories/Forked/juliet-test-suite-c/Automatic/results/20260703_1454/CWE121/valgrind/bin/CWE121/bad/CWE121_Stack_Based_Buffer_Overflow__CWE193_char_declare_cpy_14-bad
==303577== Parent PID: 303576
==303577== 
==303577== Source and destination overlap in strcpy(0x1ffefffe73, 0x1ffefffe7d)
==303577==    at 0x484F413: strcpy (in /usr/libexec/valgrind/vgpreload_memcheck-amd64-linux.so)
==303577==    by 0x109305: CWE121_Stack_Based_Buffer_Overflow__CWE193_char_declare_cpy_14_bad (in /home/loris/Desktop/TestRepositories/Forked/juliet-test-suite-c/Automatic/results/20260703_1454/CWE121/valgrind/bin/CWE121/bad/CWE121_Stack_Based_Buffer_Overflow__CWE193_char_declare_cpy_14-bad)
==303577==    by 0x109365: main (in /home/loris/Desktop/TestRepositories/Forked/juliet-test-suite-c/Automatic/results/20260703_1454/CWE121/valgrind/bin/CWE121/bad/CWE121_Stack_Based_Buffer_Overflow__CWE193_char_declare_cpy_14-bad)
==303577== 
==303577== 
==303577== HEAP SUMMARY:
==303577==     in use at exit: 0 bytes in 0 blocks
==303577==   total heap usage: 1 allocs, 1 frees, 4,096 bytes allocated
==303577== 
==303577== All heap blocks were freed -- no leaks are possible
==303577== 
==303577== For lists of detected and suppressed errors, rerun with: -s
==303577== ERROR SUMMARY: 1 errors from 1 contexts (suppressed: 0 from 0)
