==303567== Memcheck, a memory error detector
==303567== Copyright (C) 2002-2022, and GNU GPL'd, by Julian Seward et al.
==303567== Using Valgrind-3.22.0 and LibVEX; rerun with -h for copyright info
==303567== Command: /home/loris/Desktop/TestRepositories/Forked/juliet-test-suite-c/Automatic/results/20260703_1454/CWE121/valgrind/bin/CWE121/bad/CWE121_Stack_Based_Buffer_Overflow__CWE193_char_declare_cpy_09-bad
==303567== Parent PID: 303566
==303567== 
==303567== Source and destination overlap in strcpy(0x1ffefffe73, 0x1ffefffe7d)
==303567==    at 0x484F413: strcpy (in /usr/libexec/valgrind/vgpreload_memcheck-amd64-linux.so)
==303567==    by 0x109304: CWE121_Stack_Based_Buffer_Overflow__CWE193_char_declare_cpy_09_bad (in /home/loris/Desktop/TestRepositories/Forked/juliet-test-suite-c/Automatic/results/20260703_1454/CWE121/valgrind/bin/CWE121/bad/CWE121_Stack_Based_Buffer_Overflow__CWE193_char_declare_cpy_09-bad)
==303567==    by 0x109364: main (in /home/loris/Desktop/TestRepositories/Forked/juliet-test-suite-c/Automatic/results/20260703_1454/CWE121/valgrind/bin/CWE121/bad/CWE121_Stack_Based_Buffer_Overflow__CWE193_char_declare_cpy_09-bad)
==303567== 
==303567== 
==303567== HEAP SUMMARY:
==303567==     in use at exit: 0 bytes in 0 blocks
==303567==   total heap usage: 1 allocs, 1 frees, 4,096 bytes allocated
==303567== 
==303567== All heap blocks were freed -- no leaks are possible
==303567== 
==303567== For lists of detected and suppressed errors, rerun with: -s
==303567== ERROR SUMMARY: 1 errors from 1 contexts (suppressed: 0 from 0)
