==304381== Memcheck, a memory error detector
==304381== Copyright (C) 2002-2022, and GNU GPL'd, by Julian Seward et al.
==304381== Using Valgrind-3.22.0 and LibVEX; rerun with -h for copyright info
==304381== Command: /home/loris/Desktop/TestRepositories/Forked/juliet-test-suite-c/Automatic/results/20260703_1454/CWE121/valgrind/bin/CWE121/bad/CWE121_Stack_Based_Buffer_Overflow__CWE805_char_alloca_memmove_05-bad
==304381== Parent PID: 304380
==304381== 
==304381== Invalid write of size 1
==304381==    at 0x10944A: CWE121_Stack_Based_Buffer_Overflow__CWE805_char_alloca_memmove_05_bad (in /home/loris/Desktop/TestRepositories/Forked/juliet-test-suite-c/Automatic/results/20260703_1454/CWE121/valgrind/bin/CWE121/bad/CWE121_Stack_Based_Buffer_Overflow__CWE805_char_alloca_memmove_05-bad)
==304381==    by 0x1094AF: main (in /home/loris/Desktop/TestRepositories/Forked/juliet-test-suite-c/Automatic/results/20260703_1454/CWE121/valgrind/bin/CWE121/bad/CWE121_Stack_Based_Buffer_Overflow__CWE805_char_alloca_memmove_05-bad)
==304381==  Address 0x43434343434343a6 is not stack'd, malloc'd or (recently) free'd
==304381== 
==304381== 
==304381== Process terminating with default action of signal 11 (SIGSEGV)
==304381==  General Protection Fault
==304381==    at 0x10944A: CWE121_Stack_Based_Buffer_Overflow__CWE805_char_alloca_memmove_05_bad (in /home/loris/Desktop/TestRepositories/Forked/juliet-test-suite-c/Automatic/results/20260703_1454/CWE121/valgrind/bin/CWE121/bad/CWE121_Stack_Based_Buffer_Overflow__CWE805_char_alloca_memmove_05-bad)
==304381==    by 0x1094AF: main (in /home/loris/Desktop/TestRepositories/Forked/juliet-test-suite-c/Automatic/results/20260703_1454/CWE121/valgrind/bin/CWE121/bad/CWE121_Stack_Based_Buffer_Overflow__CWE805_char_alloca_memmove_05-bad)
==304381== 
==304381== HEAP SUMMARY:
==304381==     in use at exit: 4,096 bytes in 1 blocks
==304381==   total heap usage: 1 allocs, 0 frees, 4,096 bytes allocated
==304381== 
==304381== LEAK SUMMARY:
==304381==    definitely lost: 0 bytes in 0 blocks
==304381==    indirectly lost: 0 bytes in 0 blocks
==304381==      possibly lost: 0 bytes in 0 blocks
==304381==    still reachable: 4,096 bytes in 1 blocks
==304381==         suppressed: 0 bytes in 0 blocks
==304381== Rerun with --leak-check=full to see details of leaked memory
==304381== 
==304381== For lists of detected and suppressed errors, rerun with: -s
==304381== ERROR SUMMARY: 1 errors from 1 contexts (suppressed: 0 from 0)
