==309868== Memcheck, a memory error detector
==309868== Copyright (C) 2002-2022, and GNU GPL'd, by Julian Seward et al.
==309868== Using Valgrind-3.22.0 and LibVEX; rerun with -h for copyright info
==309868== Command: /home/loris/Desktop/TestRepositories/Forked/juliet-test-suite-c/Automatic/results/20260703_1454/CWE121/valgrind/bin/CWE121/bad/CWE121_Stack_Based_Buffer_Overflow__CWE805_struct_alloca_memmove_67-bad
==309868== Parent PID: 309867
==309868== 
==309868== 
==309868== Process terminating with default action of signal 6 (SIGABRT)
==309868==    at 0x490DB2C: __pthread_kill_implementation (pthread_kill.c:44)
==309868==    by 0x490DB2C: __pthread_kill_internal (pthread_kill.c:78)
==309868==    by 0x490DB2C: pthread_kill@@GLIBC_2.34 (pthread_kill.c:89)
==309868==    by 0x48B427D: raise (raise.c:26)
==309868==    by 0x48978FE: abort (abort.c:79)
==309868==    by 0x48987B5: __libc_message_impl.cold (libc_fatal.c:134)
==309868==    by 0x49A5C48: __fortify_fail (fortify_fail.c:24)
==309868==    by 0x49A6ED3: __stack_chk_fail (stack_chk_fail.c:24)
==309868==    by 0x1093FC: CWE121_Stack_Based_Buffer_Overflow__CWE805_struct_alloca_memmove_67_bad (in /home/loris/Desktop/TestRepositories/Forked/juliet-test-suite-c/Automatic/results/20260703_1454/CWE121/valgrind/bin/CWE121/bad/CWE121_Stack_Based_Buffer_Overflow__CWE805_struct_alloca_memmove_67-bad)
==309868== 
==309868== HEAP SUMMARY:
==309868==     in use at exit: 4,096 bytes in 1 blocks
==309868==   total heap usage: 1 allocs, 0 frees, 4,096 bytes allocated
==309868== 
==309868== LEAK SUMMARY:
==309868==    definitely lost: 0 bytes in 0 blocks
==309868==    indirectly lost: 0 bytes in 0 blocks
==309868==      possibly lost: 0 bytes in 0 blocks
==309868==    still reachable: 4,096 bytes in 1 blocks
==309868==         suppressed: 0 bytes in 0 blocks
==309868== Rerun with --leak-check=full to see details of leaked memory
==309868== 
==309868== For lists of detected and suppressed errors, rerun with: -s
==309868== ERROR SUMMARY: 0 errors from 0 contexts (suppressed: 0 from 0)
