==315118== Memcheck, a memory error detector
==315118== Copyright (C) 2002-2022, and GNU GPL'd, by Julian Seward et al.
==315118== Using Valgrind-3.22.0 and LibVEX; rerun with -h for copyright info
==315118== Command: /home/loris/Desktop/TestRepositories/Forked/juliet-test-suite-c/Automatic/results/20260703_1454/CWE121/valgrind/bin/CWE121/bad/CWE121_Stack_Based_Buffer_Overflow__src_char_alloca_cat_41-bad
==315118== Parent PID: 315117
==315118== 
==315118== Source and destination overlap in strcat(0x1ffefffdc0, 0x1ffefffe10)
==315118==    at 0x484EFE3: strcat (in /usr/libexec/valgrind/vgpreload_memcheck-amd64-linux.so)
==315118==    by 0x109330: CWE121_Stack_Based_Buffer_Overflow__src_char_alloca_cat_41_badSink (in /home/loris/Desktop/TestRepositories/Forked/juliet-test-suite-c/Automatic/results/20260703_1454/CWE121/valgrind/bin/CWE121/bad/CWE121_Stack_Based_Buffer_Overflow__src_char_alloca_cat_41-bad)
==315118==    by 0x4141414141414140: ???
==315118==    by 0x4141414141414140: ???
==315118==    by 0x4141414141414140: ???
==315118==    by 0x4141414100414140: ???
==315118==    by 0x4141414141414140: ???
==315118==    by 0x4141414141414140: ???
==315118==    by 0x4141414141414140: ???
==315118==    by 0x4141414141414140: ???
==315118==    by 0x4141414141414140: ???
==315118==    by 0x4141414141414140: ???
==315118== 
==315118== 
==315118== Process terminating with default action of signal 6 (SIGABRT)
==315118==    at 0x490DB2C: __pthread_kill_implementation (pthread_kill.c:44)
==315118==    by 0x490DB2C: __pthread_kill_internal (pthread_kill.c:78)
==315118==    by 0x490DB2C: pthread_kill@@GLIBC_2.34 (pthread_kill.c:89)
==315118==    by 0x48B427D: raise (raise.c:26)
==315118==    by 0x48978FE: abort (abort.c:79)
==315118==    by 0x48987B5: __libc_message_impl.cold (libc_fatal.c:134)
==315118==    by 0x49A5C48: __fortify_fail (fortify_fail.c:24)
==315118==    by 0x49A6ED3: __stack_chk_fail (stack_chk_fail.c:24)
==315118==    by 0x109351: CWE121_Stack_Based_Buffer_Overflow__src_char_alloca_cat_41_badSink (in /home/loris/Desktop/TestRepositories/Forked/juliet-test-suite-c/Automatic/results/20260703_1454/CWE121/valgrind/bin/CWE121/bad/CWE121_Stack_Based_Buffer_Overflow__src_char_alloca_cat_41-bad)
==315118==    by 0x4141414141414140: ???
==315118==    by 0x4141414141414140: ???
==315118==    by 0x4141414141414140: ???
==315118==    by 0x4141414100414140: ???
==315118==    by 0x4141414141414140: ???
==315118== 
==315118== HEAP SUMMARY:
==315118==     in use at exit: 4,096 bytes in 1 blocks
==315118==   total heap usage: 1 allocs, 0 frees, 4,096 bytes allocated
==315118== 
==315118== LEAK SUMMARY:
==315118==    definitely lost: 0 bytes in 0 blocks
==315118==    indirectly lost: 0 bytes in 0 blocks
==315118==      possibly lost: 0 bytes in 0 blocks
==315118==    still reachable: 4,096 bytes in 1 blocks
==315118==         suppressed: 0 bytes in 0 blocks
==315118== Rerun with --leak-check=full to see details of leaked memory
==315118== 
==315118== For lists of detected and suppressed errors, rerun with: -s
==315118== ERROR SUMMARY: 1 errors from 1 contexts (suppressed: 0 from 0)
