==302137== Memcheck, a memory error detector
==302137== Copyright (C) 2002-2022, and GNU GPL'd, by Julian Seward et al.
==302137== Using Valgrind-3.22.0 and LibVEX; rerun with -h for copyright info
==302137== Command: /home/loris/Desktop/TestRepositories/Forked/juliet-test-suite-c/Automatic/results/20260703_1454/CWE121/valgrind/bin/CWE121/bad/CWE121_Stack_Based_Buffer_Overflow__CWE129_large_54-bad
==302137== Parent PID: 302136
==302137== 
==302137== 
==302137== Process terminating with default action of signal 6 (SIGABRT)
==302137==    at 0x490DB2C: __pthread_kill_implementation (pthread_kill.c:44)
==302137==    by 0x490DB2C: __pthread_kill_internal (pthread_kill.c:78)
==302137==    by 0x490DB2C: pthread_kill@@GLIBC_2.34 (pthread_kill.c:89)
==302137==    by 0x48B427D: raise (raise.c:26)
==302137==    by 0x48978FE: abort (abort.c:79)
==302137==    by 0x48987B5: __libc_message_impl.cold (libc_fatal.c:134)
==302137==    by 0x49A5C48: __fortify_fail (fortify_fail.c:24)
==302137==    by 0x49A6ED3: __stack_chk_fail (stack_chk_fail.c:24)
==302137==    by 0x1093E1: CWE121_Stack_Based_Buffer_Overflow__CWE129_large_54e_badSink (in /home/loris/Desktop/TestRepositories/Forked/juliet-test-suite-c/Automatic/results/20260703_1454/CWE121/valgrind/bin/CWE121/bad/CWE121_Stack_Based_Buffer_Overflow__CWE129_large_54-bad)
==302137==    by 0x109353: CWE121_Stack_Based_Buffer_Overflow__CWE129_large_54d_badSink (in /home/loris/Desktop/TestRepositories/Forked/juliet-test-suite-c/Automatic/results/20260703_1454/CWE121/valgrind/bin/CWE121/bad/CWE121_Stack_Based_Buffer_Overflow__CWE129_large_54-bad)
==302137==    by 0x109337: CWE121_Stack_Based_Buffer_Overflow__CWE129_large_54c_badSink (in /home/loris/Desktop/TestRepositories/Forked/juliet-test-suite-c/Automatic/results/20260703_1454/CWE121/valgrind/bin/CWE121/bad/CWE121_Stack_Based_Buffer_Overflow__CWE129_large_54-bad)
==302137==    by 0x10931B: CWE121_Stack_Based_Buffer_Overflow__CWE129_large_54b_badSink (in /home/loris/Desktop/TestRepositories/Forked/juliet-test-suite-c/Automatic/results/20260703_1454/CWE121/valgrind/bin/CWE121/bad/CWE121_Stack_Based_Buffer_Overflow__CWE129_large_54-bad)
==302137==    by 0x1092AC: CWE121_Stack_Based_Buffer_Overflow__CWE129_large_54_bad (in /home/loris/Desktop/TestRepositories/Forked/juliet-test-suite-c/Automatic/results/20260703_1454/CWE121/valgrind/bin/CWE121/bad/CWE121_Stack_Based_Buffer_Overflow__CWE129_large_54-bad)
==302137==    by 0x1092EC: main (in /home/loris/Desktop/TestRepositories/Forked/juliet-test-suite-c/Automatic/results/20260703_1454/CWE121/valgrind/bin/CWE121/bad/CWE121_Stack_Based_Buffer_Overflow__CWE129_large_54-bad)
==302137== 
==302137== HEAP SUMMARY:
==302137==     in use at exit: 4,096 bytes in 1 blocks
==302137==   total heap usage: 1 allocs, 0 frees, 4,096 bytes allocated
==302137== 
==302137== LEAK SUMMARY:
==302137==    definitely lost: 0 bytes in 0 blocks
==302137==    indirectly lost: 0 bytes in 0 blocks
==302137==      possibly lost: 0 bytes in 0 blocks
==302137==    still reachable: 4,096 bytes in 1 blocks
==302137==         suppressed: 0 bytes in 0 blocks
==302137== Rerun with --leak-check=full to see details of leaked memory
==302137== 
==302137== For lists of detected and suppressed errors, rerun with: -s
==302137== ERROR SUMMARY: 0 errors from 0 contexts (suppressed: 0 from 0)
