==302953== Memcheck, a memory error detector
==302953== Copyright (C) 2002-2022, and GNU GPL'd, by Julian Seward et al.
==302953== Using Valgrind-3.22.0 and LibVEX; rerun with -h for copyright info
==302953== Command: /home/loris/Desktop/TestRepositories/Forked/juliet-test-suite-c/Automatic/results/20260703_1454/CWE121/valgrind/bin/CWE121/bad/CWE121_Stack_Based_Buffer_Overflow__CWE135_16-bad
==302953== Parent PID: 302952
==302953== 
==302953== Invalid read of size 1
==302953==    at 0x484F226: strlen (in /usr/libexec/valgrind/vgpreload_memcheck-amd64-linux.so)
==302953==    by 0x48F6BFC: puts (ioputs.c:35)
==302953==    by 0x109445: printLine (in /home/loris/Desktop/TestRepositories/Forked/juliet-test-suite-c/Automatic/results/20260703_1454/CWE121/valgrind/bin/CWE121/bad/CWE121_Stack_Based_Buffer_Overflow__CWE135_16-bad)
==302953==    by 0x1093B7: CWE121_Stack_Based_Buffer_Overflow__CWE135_16_bad (in /home/loris/Desktop/TestRepositories/Forked/juliet-test-suite-c/Automatic/results/20260703_1454/CWE121/valgrind/bin/CWE121/bad/CWE121_Stack_Based_Buffer_Overflow__CWE135_16-bad)
==302953==    by 0x4100000040: ???
==302953==    by 0x4100000040: ???
==302953==    by 0x4100000040: ???
==302953==    by 0x4100000040: ???
==302953==    by 0x4100000040: ???
==302953==    by 0x4100000040: ???
==302953==    by 0x4100000040: ???
==302953==    by 0x4100000040: ???
==302953==  Address 0x4100000041 is not stack'd, malloc'd or (recently) free'd
==302953== 
==302953== 
==302953== Process terminating with default action of signal 11 (SIGSEGV)
==302953==  Access not within mapped region at address 0x4100000041
==302953==    at 0x484F226: strlen (in /usr/libexec/valgrind/vgpreload_memcheck-amd64-linux.so)
==302953==    by 0x48F6BFC: puts (ioputs.c:35)
==302953==    by 0x109445: printLine (in /home/loris/Desktop/TestRepositories/Forked/juliet-test-suite-c/Automatic/results/20260703_1454/CWE121/valgrind/bin/CWE121/bad/CWE121_Stack_Based_Buffer_Overflow__CWE135_16-bad)
==302953==    by 0x1093B7: CWE121_Stack_Based_Buffer_Overflow__CWE135_16_bad (in /home/loris/Desktop/TestRepositories/Forked/juliet-test-suite-c/Automatic/results/20260703_1454/CWE121/valgrind/bin/CWE121/bad/CWE121_Stack_Based_Buffer_Overflow__CWE135_16-bad)
==302953==    by 0x4100000040: ???
==302953==    by 0x4100000040: ???
==302953==    by 0x4100000040: ???
==302953==    by 0x4100000040: ???
==302953==    by 0x4100000040: ???
==302953==    by 0x4100000040: ???
==302953==    by 0x4100000040: ???
==302953==    by 0x4100000040: ???
==302953==  If you believe this happened as a result of a stack
==302953==  overflow in your program's main thread (unlikely but
==302953==  possible), you can try to increase the size of the
==302953==  main thread stack using the --main-stacksize= flag.
==302953==  The main thread stack size used in this run was 8388608.
==302953== 
==302953== HEAP SUMMARY:
==302953==     in use at exit: 4,096 bytes in 1 blocks
==302953==   total heap usage: 1 allocs, 0 frees, 4,096 bytes allocated
==302953== 
==302953== LEAK SUMMARY:
==302953==    definitely lost: 0 bytes in 0 blocks
==302953==    indirectly lost: 0 bytes in 0 blocks
==302953==      possibly lost: 0 bytes in 0 blocks
==302953==    still reachable: 4,096 bytes in 1 blocks
==302953==         suppressed: 0 bytes in 0 blocks
==302953== Rerun with --leak-check=full to see details of leaked memory
==302953== 
==302953== For lists of detected and suppressed errors, rerun with: -s
==302953== ERROR SUMMARY: 1 errors from 1 contexts (suppressed: 0 from 0)
