==305984== Memcheck, a memory error detector
==305984== Copyright (C) 2002-2022, and GNU GPL'd, by Julian Seward et al.
==305984== Using Valgrind-3.22.0 and LibVEX; rerun with -h for copyright info
==305984== Command: /home/loris/Desktop/TestRepositories/Forked/juliet-test-suite-c/Automatic/results/20260703_1454/CWE121/valgrind/bin/CWE121/bad/CWE121_Stack_Based_Buffer_Overflow__CWE805_int64_t_alloca_loop_04-bad
==305984== Parent PID: 305983
==305984== 
==305984== Invalid write of size 8
==305984==    at 0x109418: CWE121_Stack_Based_Buffer_Overflow__CWE805_int64_t_alloca_loop_04_bad (in /home/loris/Desktop/TestRepositories/Forked/juliet-test-suite-c/Automatic/results/20260703_1454/CWE121/valgrind/bin/CWE121/bad/CWE121_Stack_Based_Buffer_Overflow__CWE805_int64_t_alloca_loop_04-bad)
==305984==    by 0x109492: main (in /home/loris/Desktop/TestRepositories/Forked/juliet-test-suite-c/Automatic/results/20260703_1454/CWE121/valgrind/bin/CWE121/bad/CWE121_Stack_Based_Buffer_Overflow__CWE805_int64_t_alloca_loop_04-bad)
==305984==  Address 0x1a8 is not stack'd, malloc'd or (recently) free'd
==305984== 
==305984== 
==305984== Process terminating with default action of signal 11 (SIGSEGV)
==305984==  Access not within mapped region at address 0x1A8
==305984==    at 0x109418: CWE121_Stack_Based_Buffer_Overflow__CWE805_int64_t_alloca_loop_04_bad (in /home/loris/Desktop/TestRepositories/Forked/juliet-test-suite-c/Automatic/results/20260703_1454/CWE121/valgrind/bin/CWE121/bad/CWE121_Stack_Based_Buffer_Overflow__CWE805_int64_t_alloca_loop_04-bad)
==305984==    by 0x109492: main (in /home/loris/Desktop/TestRepositories/Forked/juliet-test-suite-c/Automatic/results/20260703_1454/CWE121/valgrind/bin/CWE121/bad/CWE121_Stack_Based_Buffer_Overflow__CWE805_int64_t_alloca_loop_04-bad)
==305984==  If you believe this happened as a result of a stack
==305984==  overflow in your program's main thread (unlikely but
==305984==  possible), you can try to increase the size of the
==305984==  main thread stack using the --main-stacksize= flag.
==305984==  The main thread stack size used in this run was 8388608.
==305984== 
==305984== HEAP SUMMARY:
==305984==     in use at exit: 4,096 bytes in 1 blocks
==305984==   total heap usage: 1 allocs, 0 frees, 4,096 bytes allocated
==305984== 
==305984== LEAK SUMMARY:
==305984==    definitely lost: 0 bytes in 0 blocks
==305984==    indirectly lost: 0 bytes in 0 blocks
==305984==      possibly lost: 0 bytes in 0 blocks
==305984==    still reachable: 4,096 bytes in 1 blocks
==305984==         suppressed: 0 bytes in 0 blocks
==305984== Rerun with --leak-check=full to see details of leaked memory
==305984== 
==305984== For lists of detected and suppressed errors, rerun with: -s
==305984== ERROR SUMMARY: 1 errors from 1 contexts (suppressed: 0 from 0)
