==305342== Memcheck, a memory error detector
==305342== Copyright (C) 2002-2022, and GNU GPL'd, by Julian Seward et al.
==305342== Using Valgrind-3.22.0 and LibVEX; rerun with -h for copyright info
==305342== Command: /home/loris/Desktop/TestRepositories/Forked/juliet-test-suite-c/Automatic/results/20260703_1454/CWE121/valgrind/bin/CWE121/bad/CWE121_Stack_Based_Buffer_Overflow__CWE805_char_alloca_snprintf_09-bad
==305342== Parent PID: 305341
==305342== 
==305342== Invalid read of size 1
==305342==    at 0x484F226: strlen (in /usr/libexec/valgrind/vgpreload_memcheck-amd64-linux.so)
==305342==    by 0x48F6BFC: puts (ioputs.c:35)
==305342==    by 0x1094E6: printLine (in /home/loris/Desktop/TestRepositories/Forked/juliet-test-suite-c/Automatic/results/20260703_1454/CWE121/valgrind/bin/CWE121/bad/CWE121_Stack_Based_Buffer_Overflow__CWE805_char_alloca_snprintf_09-bad)
==305342==    by 0x109459: CWE121_Stack_Based_Buffer_Overflow__CWE805_char_alloca_snprintf_09_bad (in /home/loris/Desktop/TestRepositories/Forked/juliet-test-suite-c/Automatic/results/20260703_1454/CWE121/valgrind/bin/CWE121/bad/CWE121_Stack_Based_Buffer_Overflow__CWE805_char_alloca_snprintf_09-bad)
==305342==    by 0x1094AD: main (in /home/loris/Desktop/TestRepositories/Forked/juliet-test-suite-c/Automatic/results/20260703_1454/CWE121/valgrind/bin/CWE121/bad/CWE121_Stack_Based_Buffer_Overflow__CWE805_char_alloca_snprintf_09-bad)
==305342==  Address 0x4343434343434343 is not stack'd, malloc'd or (recently) free'd
==305342== 
==305342== 
==305342== Process terminating with default action of signal 11 (SIGSEGV)
==305342==  General Protection Fault
==305342==    at 0x484F226: strlen (in /usr/libexec/valgrind/vgpreload_memcheck-amd64-linux.so)
==305342==    by 0x48F6BFC: puts (ioputs.c:35)
==305342==    by 0x1094E6: printLine (in /home/loris/Desktop/TestRepositories/Forked/juliet-test-suite-c/Automatic/results/20260703_1454/CWE121/valgrind/bin/CWE121/bad/CWE121_Stack_Based_Buffer_Overflow__CWE805_char_alloca_snprintf_09-bad)
==305342==    by 0x109459: CWE121_Stack_Based_Buffer_Overflow__CWE805_char_alloca_snprintf_09_bad (in /home/loris/Desktop/TestRepositories/Forked/juliet-test-suite-c/Automatic/results/20260703_1454/CWE121/valgrind/bin/CWE121/bad/CWE121_Stack_Based_Buffer_Overflow__CWE805_char_alloca_snprintf_09-bad)
==305342==    by 0x1094AD: main (in /home/loris/Desktop/TestRepositories/Forked/juliet-test-suite-c/Automatic/results/20260703_1454/CWE121/valgrind/bin/CWE121/bad/CWE121_Stack_Based_Buffer_Overflow__CWE805_char_alloca_snprintf_09-bad)
==305342== 
==305342== HEAP SUMMARY:
==305342==     in use at exit: 4,096 bytes in 1 blocks
==305342==   total heap usage: 1 allocs, 0 frees, 4,096 bytes allocated
==305342== 
==305342== LEAK SUMMARY:
==305342==    definitely lost: 0 bytes in 0 blocks
==305342==    indirectly lost: 0 bytes in 0 blocks
==305342==      possibly lost: 0 bytes in 0 blocks
==305342==    still reachable: 4,096 bytes in 1 blocks
==305342==         suppressed: 0 bytes in 0 blocks
==305342== Rerun with --leak-check=full to see details of leaked memory
==305342== 
==305342== For lists of detected and suppressed errors, rerun with: -s
==305342== ERROR SUMMARY: 1 errors from 1 contexts (suppressed: 0 from 0)
