==309749== Memcheck, a memory error detector
==309749== Copyright (C) 2002-2022, and GNU GPL'd, by Julian Seward et al.
==309749== Using Valgrind-3.22.0 and LibVEX; rerun with -h for copyright info
==309749== Command: /home/loris/Desktop/TestRepositories/Forked/juliet-test-suite-c/Automatic/results/20260703_1454/CWE121/valgrind/bin/CWE121/bad/CWE121_Stack_Based_Buffer_Overflow__CWE805_struct_alloca_memmove_41-bad
==309749== Parent PID: 309748
==309749== 
==309749== 
==309749== Process terminating with default action of signal 6 (SIGABRT)
==309749==    at 0x490DB2C: __pthread_kill_implementation (pthread_kill.c:44)
==309749==    by 0x490DB2C: __pthread_kill_internal (pthread_kill.c:78)
==309749==    by 0x490DB2C: pthread_kill@@GLIBC_2.34 (pthread_kill.c:89)
==309749==    by 0x48B427D: raise (raise.c:26)
==309749==    by 0x48978FE: abort (abort.c:79)
==309749==    by 0x48987B5: __libc_message_impl.cold (libc_fatal.c:134)
==309749==    by 0x49A5C48: __fortify_fail (fortify_fail.c:24)
==309749==    by 0x49A6ED3: __stack_chk_fail (stack_chk_fail.c:24)
==309749==    by 0x1094A0: CWE121_Stack_Based_Buffer_Overflow__CWE805_struct_alloca_memmove_41_bad (in /home/loris/Desktop/TestRepositories/Forked/juliet-test-suite-c/Automatic/results/20260703_1454/CWE121/valgrind/bin/CWE121/bad/CWE121_Stack_Based_Buffer_Overflow__CWE805_struct_alloca_memmove_41-bad)
==309749== 
==309749== HEAP SUMMARY:
==309749==     in use at exit: 4,096 bytes in 1 blocks
==309749==   total heap usage: 1 allocs, 0 frees, 4,096 bytes allocated
==309749== 
==309749== LEAK SUMMARY:
==309749==    definitely lost: 0 bytes in 0 blocks
==309749==    indirectly lost: 0 bytes in 0 blocks
==309749==      possibly lost: 0 bytes in 0 blocks
==309749==    still reachable: 4,096 bytes in 1 blocks
==309749==         suppressed: 0 bytes in 0 blocks
==309749== Rerun with --leak-check=full to see details of leaked memory
==309749== 
==309749== For lists of detected and suppressed errors, rerun with: -s
==309749== ERROR SUMMARY: 0 errors from 0 contexts (suppressed: 0 from 0)
