==302190== Memcheck, a memory error detector
==302190== Copyright (C) 2002-2022, and GNU GPL'd, by Julian Seward et al.
==302190== Using Valgrind-3.22.0 and LibVEX; rerun with -h for copyright info
==302190== Command: /home/loris/Desktop/TestRepositories/Forked/juliet-test-suite-c/Automatic/results/20260703_1454/CWE121/valgrind/bin/CWE121/bad/CWE121_Stack_Based_Buffer_Overflow__CWE129_large_66-bad
==302190== Parent PID: 302189
==302190== 
==302190== 
==302190== Process terminating with default action of signal 6 (SIGABRT)
==302190==    at 0x490DB2C: __pthread_kill_implementation (pthread_kill.c:44)
==302190==    by 0x490DB2C: __pthread_kill_internal (pthread_kill.c:78)
==302190==    by 0x490DB2C: pthread_kill@@GLIBC_2.34 (pthread_kill.c:89)
==302190==    by 0x48B427D: raise (raise.c:26)
==302190==    by 0x48978FE: abort (abort.c:79)
==302190==    by 0x48987B5: __libc_message_impl.cold (libc_fatal.c:134)
==302190==    by 0x49A5C48: __fortify_fail (fortify_fail.c:24)
==302190==    by 0x49A6ED3: __stack_chk_fail (stack_chk_fail.c:24)
==302190==    by 0x1093C3: CWE121_Stack_Based_Buffer_Overflow__CWE129_large_66b_badSink (in /home/loris/Desktop/TestRepositories/Forked/juliet-test-suite-c/Automatic/results/20260703_1454/CWE121/valgrind/bin/CWE121/bad/CWE121_Stack_Based_Buffer_Overflow__CWE129_large_66-bad)
==302190==    by 0x1092C3: CWE121_Stack_Based_Buffer_Overflow__CWE129_large_66_bad (in /home/loris/Desktop/TestRepositories/Forked/juliet-test-suite-c/Automatic/results/20260703_1454/CWE121/valgrind/bin/CWE121/bad/CWE121_Stack_Based_Buffer_Overflow__CWE129_large_66-bad)
==302190==    by 0x109317: main (in /home/loris/Desktop/TestRepositories/Forked/juliet-test-suite-c/Automatic/results/20260703_1454/CWE121/valgrind/bin/CWE121/bad/CWE121_Stack_Based_Buffer_Overflow__CWE129_large_66-bad)
==302190== 
==302190== HEAP SUMMARY:
==302190==     in use at exit: 4,096 bytes in 1 blocks
==302190==   total heap usage: 1 allocs, 0 frees, 4,096 bytes allocated
==302190== 
==302190== LEAK SUMMARY:
==302190==    definitely lost: 0 bytes in 0 blocks
==302190==    indirectly lost: 0 bytes in 0 blocks
==302190==      possibly lost: 0 bytes in 0 blocks
==302190==    still reachable: 4,096 bytes in 1 blocks
==302190==         suppressed: 0 bytes in 0 blocks
==302190== Rerun with --leak-check=full to see details of leaked memory
==302190== 
==302190== For lists of detected and suppressed errors, rerun with: -s
==302190== ERROR SUMMARY: 0 errors from 0 contexts (suppressed: 0 from 0)
