==314271== Memcheck, a memory error detector
==314271== Copyright (C) 2002-2022, and GNU GPL'd, by Julian Seward et al.
==314271== Using Valgrind-3.22.0 and LibVEX; rerun with -h for copyright info
==314271== Command: /home/loris/Desktop/TestRepositories/Forked/juliet-test-suite-c/Automatic/results/20260703_1454/CWE121/valgrind/bin/CWE121/bad/CWE121_Stack_Based_Buffer_Overflow__dest_char_alloca_cat_16-bad
==314271== Parent PID: 314270
==314271== 
==314271== Source and destination overlap in strcat(0x1ffefffdd0, 0x1ffefffe30)
==314271==    at 0x484EFE3: strcat (in /usr/libexec/valgrind/vgpreload_memcheck-amd64-linux.so)
==314271==    by 0x10942D: CWE121_Stack_Based_Buffer_Overflow__dest_char_alloca_cat_16_bad (in /home/loris/Desktop/TestRepositories/Forked/juliet-test-suite-c/Automatic/results/20260703_1454/CWE121/valgrind/bin/CWE121/bad/CWE121_Stack_Based_Buffer_Overflow__dest_char_alloca_cat_16-bad)
==314271==    by 0x10948D: main (in /home/loris/Desktop/TestRepositories/Forked/juliet-test-suite-c/Automatic/results/20260703_1454/CWE121/valgrind/bin/CWE121/bad/CWE121_Stack_Based_Buffer_Overflow__dest_char_alloca_cat_16-bad)
==314271== 
==314271== Invalid read of size 1
==314271==    at 0x484F226: strlen (in /usr/libexec/valgrind/vgpreload_memcheck-amd64-linux.so)
==314271==    by 0x48F6BFC: puts (ioputs.c:35)
==314271==    by 0x1094C6: printLine (in /home/loris/Desktop/TestRepositories/Forked/juliet-test-suite-c/Automatic/results/20260703_1454/CWE121/valgrind/bin/CWE121/bad/CWE121_Stack_Based_Buffer_Overflow__dest_char_alloca_cat_16-bad)
==314271==    by 0x109439: CWE121_Stack_Based_Buffer_Overflow__dest_char_alloca_cat_16_bad (in /home/loris/Desktop/TestRepositories/Forked/juliet-test-suite-c/Automatic/results/20260703_1454/CWE121/valgrind/bin/CWE121/bad/CWE121_Stack_Based_Buffer_Overflow__dest_char_alloca_cat_16-bad)
==314271==    by 0x10948D: main (in /home/loris/Desktop/TestRepositories/Forked/juliet-test-suite-c/Automatic/results/20260703_1454/CWE121/valgrind/bin/CWE121/bad/CWE121_Stack_Based_Buffer_Overflow__dest_char_alloca_cat_16-bad)
==314271==  Address 0x4343434343434343 is not stack'd, malloc'd or (recently) free'd
==314271== 
==314271== 
==314271== Process terminating with default action of signal 11 (SIGSEGV)
==314271==  General Protection Fault
==314271==    at 0x484F226: strlen (in /usr/libexec/valgrind/vgpreload_memcheck-amd64-linux.so)
==314271==    by 0x48F6BFC: puts (ioputs.c:35)
==314271==    by 0x1094C6: printLine (in /home/loris/Desktop/TestRepositories/Forked/juliet-test-suite-c/Automatic/results/20260703_1454/CWE121/valgrind/bin/CWE121/bad/CWE121_Stack_Based_Buffer_Overflow__dest_char_alloca_cat_16-bad)
==314271==    by 0x109439: CWE121_Stack_Based_Buffer_Overflow__dest_char_alloca_cat_16_bad (in /home/loris/Desktop/TestRepositories/Forked/juliet-test-suite-c/Automatic/results/20260703_1454/CWE121/valgrind/bin/CWE121/bad/CWE121_Stack_Based_Buffer_Overflow__dest_char_alloca_cat_16-bad)
==314271==    by 0x10948D: main (in /home/loris/Desktop/TestRepositories/Forked/juliet-test-suite-c/Automatic/results/20260703_1454/CWE121/valgrind/bin/CWE121/bad/CWE121_Stack_Based_Buffer_Overflow__dest_char_alloca_cat_16-bad)
==314271== 
==314271== HEAP SUMMARY:
==314271==     in use at exit: 4,096 bytes in 1 blocks
==314271==   total heap usage: 1 allocs, 0 frees, 4,096 bytes allocated
==314271== 
==314271== LEAK SUMMARY:
==314271==    definitely lost: 0 bytes in 0 blocks
==314271==    indirectly lost: 0 bytes in 0 blocks
==314271==      possibly lost: 0 bytes in 0 blocks
==314271==    still reachable: 4,096 bytes in 1 blocks
==314271==         suppressed: 0 bytes in 0 blocks
==314271== Rerun with --leak-check=full to see details of leaked memory
==314271== 
==314271== For lists of detected and suppressed errors, rerun with: -s
==314271== ERROR SUMMARY: 2 errors from 2 contexts (suppressed: 0 from 0)
