==305879== Memcheck, a memory error detector
==305879== Copyright (C) 2002-2022, and GNU GPL'd, by Julian Seward et al.
==305879== Using Valgrind-3.22.0 and LibVEX; rerun with -h for copyright info
==305879== Command: /home/loris/Desktop/TestRepositories/Forked/juliet-test-suite-c/Automatic/results/20260703_1454/CWE121/valgrind/bin/CWE121/bad/CWE121_Stack_Based_Buffer_Overflow__CWE805_char_declare_ncpy_32-bad
==305879== Parent PID: 305878
==305879== 
==305879== Source and destination overlap in strncpy(0x1ffefffe43, 0x1ffefffe83, 99)
==305879==    at 0x484F5A0: strncpy (in /usr/libexec/valgrind/vgpreload_memcheck-amd64-linux.so)
==305879==    by 0x109382: CWE121_Stack_Based_Buffer_Overflow__CWE805_char_declare_ncpy_32_bad (in /home/loris/Desktop/TestRepositories/Forked/juliet-test-suite-c/Automatic/results/20260703_1454/CWE121/valgrind/bin/CWE121/bad/CWE121_Stack_Based_Buffer_Overflow__CWE805_char_declare_ncpy_32-bad)
==305879==    by 0x1093F3: main (in /home/loris/Desktop/TestRepositories/Forked/juliet-test-suite-c/Automatic/results/20260703_1454/CWE121/valgrind/bin/CWE121/bad/CWE121_Stack_Based_Buffer_Overflow__CWE805_char_declare_ncpy_32-bad)
==305879== 
==305879== 
==305879== HEAP SUMMARY:
==305879==     in use at exit: 0 bytes in 0 blocks
==305879==   total heap usage: 1 allocs, 1 frees, 4,096 bytes allocated
==305879== 
==305879== All heap blocks were freed -- no leaks are possible
==305879== 
==305879== For lists of detected and suppressed errors, rerun with: -s
==305879== ERROR SUMMARY: 1 errors from 1 contexts (suppressed: 0 from 0)
