==302241== Memcheck, a memory error detector
==302241== Copyright (C) 2002-2022, and GNU GPL'd, by Julian Seward et al.
==302241== Using Valgrind-3.22.0 and LibVEX; rerun with -h for copyright info
==302241== Command: /home/loris/Desktop/TestRepositories/Forked/juliet-test-suite-c/Automatic/results/20260703_1454/CWE121/valgrind/bin/CWE121/bad/CWE121_Stack_Based_Buffer_Overflow__CWE129_listen_socket_07-bad
==302241== Parent PID: 302240
==302241== 
==302241== 
==302241== Process terminating with default action of signal 15 (SIGTERM)
==302241==    at 0x499A834: accept (accept.c:26)
==302241==    by 0x10947C: CWE121_Stack_Based_Buffer_Overflow__CWE129_listen_socket_07_bad (in /home/loris/Desktop/TestRepositories/Forked/juliet-test-suite-c/Automatic/results/20260703_1454/CWE121/valgrind/bin/CWE121/bad/CWE121_Stack_Based_Buffer_Overflow__CWE129_listen_socket_07-bad)
==302241==    by 0x1095A8: main (in /home/loris/Desktop/TestRepositories/Forked/juliet-test-suite-c/Automatic/results/20260703_1454/CWE121/valgrind/bin/CWE121/bad/CWE121_Stack_Based_Buffer_Overflow__CWE129_listen_socket_07-bad)
==302241== 
==302241== HEAP SUMMARY:
==302241==     in use at exit: 4,096 bytes in 1 blocks
==302241==   total heap usage: 1 allocs, 0 frees, 4,096 bytes allocated
==302241== 
==302241== LEAK SUMMARY:
==302241==    definitely lost: 0 bytes in 0 blocks
==302241==    indirectly lost: 0 bytes in 0 blocks
==302241==      possibly lost: 0 bytes in 0 blocks
==302241==    still reachable: 4,096 bytes in 1 blocks
==302241==         suppressed: 0 bytes in 0 blocks
==302241== Rerun with --leak-check=full to see details of leaked memory
==302241== 
==302241== For lists of detected and suppressed errors, rerun with: -s
==302241== ERROR SUMMARY: 0 errors from 0 contexts (suppressed: 0 from 0)
