==310753== Memcheck, a memory error detector
==310753== Copyright (C) 2002-2022, and GNU GPL'd, by Julian Seward et al.
==310753== Using Valgrind-3.22.0 and LibVEX; rerun with -h for copyright info
==310753== Command: /home/loris/Desktop/TestRepositories/Forked/juliet-test-suite-c/Automatic/results/20260703_1454/CWE121/valgrind/bin/CWE121/bad/CWE121_Stack_Based_Buffer_Overflow__CWE806_char_alloca_memcpy_34-bad
==310753== Parent PID: 310752
==310753== 
==310753== 
==310753== Process terminating with default action of signal 6 (SIGABRT)
==310753==    at 0x490DB2C: __pthread_kill_implementation (pthread_kill.c:44)
==310753==    by 0x490DB2C: __pthread_kill_internal (pthread_kill.c:78)
==310753==    by 0x490DB2C: pthread_kill@@GLIBC_2.34 (pthread_kill.c:89)
==310753==    by 0x48B427D: raise (raise.c:26)
==310753==    by 0x48978FE: abort (abort.c:79)
==310753==    by 0x48987B5: __libc_message_impl.cold (libc_fatal.c:134)
==310753==    by 0x49A5C48: __fortify_fail (fortify_fail.c:24)
==310753==    by 0x49A6ED3: __stack_chk_fail (stack_chk_fail.c:24)
==310753==    by 0x10943B: CWE121_Stack_Based_Buffer_Overflow__CWE806_char_alloca_memcpy_34_bad (in /home/loris/Desktop/TestRepositories/Forked/juliet-test-suite-c/Automatic/results/20260703_1454/CWE121/valgrind/bin/CWE121/bad/CWE121_Stack_Based_Buffer_Overflow__CWE806_char_alloca_memcpy_34-bad)
==310753==    by 0x4141414141414140: ???
==310753==    by 0x4141414141414140: ???
==310753==    by 0x4141414141414140: ???
==310753==    by 0x1FFE414140: ???
==310753==    by 0x48991C9: (below main) (libc_start_call_main.h:58)
==310753== 
==310753== HEAP SUMMARY:
==310753==     in use at exit: 4,096 bytes in 1 blocks
==310753==   total heap usage: 1 allocs, 0 frees, 4,096 bytes allocated
==310753== 
==310753== LEAK SUMMARY:
==310753==    definitely lost: 0 bytes in 0 blocks
==310753==    indirectly lost: 0 bytes in 0 blocks
==310753==      possibly lost: 0 bytes in 0 blocks
==310753==    still reachable: 4,096 bytes in 1 blocks
==310753==         suppressed: 0 bytes in 0 blocks
==310753== Rerun with --leak-check=full to see details of leaked memory
==310753== 
==310753== For lists of detected and suppressed errors, rerun with: -s
==310753== ERROR SUMMARY: 0 errors from 0 contexts (suppressed: 0 from 0)
