==313150== Memcheck, a memory error detector
==313150== Copyright (C) 2002-2022, and GNU GPL'd, by Julian Seward et al.
==313150== Using Valgrind-3.22.0 and LibVEX; rerun with -h for copyright info
==313150== Command: /home/loris/Desktop/TestRepositories/Forked/juliet-test-suite-c/Automatic/results/20260703_1454/CWE121/valgrind/bin/CWE121/bad/CWE121_Stack_Based_Buffer_Overflow__CWE806_char_declare_ncat_04-bad
==313150== Parent PID: 313149
==313150== 
==313150== Source and destination overlap in strncat(0x1ffefffde0, 0x1ffefffe20, 99)
==313150==    at 0x484F197: strncat (in /usr/libexec/valgrind/vgpreload_memcheck-amd64-linux.so)
==313150==    by 0x1093B4: CWE121_Stack_Based_Buffer_Overflow__CWE806_char_declare_ncat_04_bad (in /home/loris/Desktop/TestRepositories/Forked/juliet-test-suite-c/Automatic/results/20260703_1454/CWE121/valgrind/bin/CWE121/bad/CWE121_Stack_Based_Buffer_Overflow__CWE806_char_declare_ncat_04-bad)
==313150==    by 0x10941B: main (in /home/loris/Desktop/TestRepositories/Forked/juliet-test-suite-c/Automatic/results/20260703_1454/CWE121/valgrind/bin/CWE121/bad/CWE121_Stack_Based_Buffer_Overflow__CWE806_char_declare_ncat_04-bad)
==313150== 
==313150== 
==313150== HEAP SUMMARY:
==313150==     in use at exit: 0 bytes in 0 blocks
==313150==   total heap usage: 1 allocs, 1 frees, 4,096 bytes allocated
==313150== 
==313150== All heap blocks were freed -- no leaks are possible
==313150== 
==313150== For lists of detected and suppressed errors, rerun with: -s
==313150== ERROR SUMMARY: 1 errors from 1 contexts (suppressed: 0 from 0)
