==313345== Memcheck, a memory error detector
==313345== Copyright (C) 2002-2022, and GNU GPL'd, by Julian Seward et al.
==313345== Using Valgrind-3.22.0 and LibVEX; rerun with -h for copyright info
==313345== Command: /home/loris/Desktop/TestRepositories/Forked/juliet-test-suite-c/Automatic/results/20260703_1454/CWE121/valgrind/bin/CWE121/bad/CWE121_Stack_Based_Buffer_Overflow__CWE806_char_declare_ncpy_05-bad
==313345== Parent PID: 313344
==313345== 
==313345== Source and destination overlap in strncpy(0x1ffefffe43, 0x1ffefffe83, 99)
==313345==    at 0x484F5A0: strncpy (in /usr/libexec/valgrind/vgpreload_memcheck-amd64-linux.so)
==313345==    by 0x1093B5: CWE121_Stack_Based_Buffer_Overflow__CWE806_char_declare_ncpy_05_bad (in /home/loris/Desktop/TestRepositories/Forked/juliet-test-suite-c/Automatic/results/20260703_1454/CWE121/valgrind/bin/CWE121/bad/CWE121_Stack_Based_Buffer_Overflow__CWE806_char_declare_ncpy_05-bad)
==313345==    by 0x10941C: main (in /home/loris/Desktop/TestRepositories/Forked/juliet-test-suite-c/Automatic/results/20260703_1454/CWE121/valgrind/bin/CWE121/bad/CWE121_Stack_Based_Buffer_Overflow__CWE806_char_declare_ncpy_05-bad)
==313345== 
==313345== 
==313345== HEAP SUMMARY:
==313345==     in use at exit: 0 bytes in 0 blocks
==313345==   total heap usage: 1 allocs, 1 frees, 4,096 bytes allocated
==313345== 
==313345== All heap blocks were freed -- no leaks are possible
==313345== 
==313345== For lists of detected and suppressed errors, rerun with: -s
==313345== ERROR SUMMARY: 1 errors from 1 contexts (suppressed: 0 from 0)
