==305849== Memcheck, a memory error detector
==305849== Copyright (C) 2002-2022, and GNU GPL'd, by Julian Seward et al.
==305849== Using Valgrind-3.22.0 and LibVEX; rerun with -h for copyright info
==305849== Command: /home/loris/Desktop/TestRepositories/Forked/juliet-test-suite-c/Automatic/results/20260703_1454/CWE121/valgrind/bin/CWE121/bad/CWE121_Stack_Based_Buffer_Overflow__CWE805_char_declare_ncpy_05-bad
==305849== Parent PID: 305848
==305849== 
==305849== Source and destination overlap in strncpy(0x1ffefffe43, 0x1ffefffe83, 99)
==305849==    at 0x484F5A0: strncpy (in /usr/libexec/valgrind/vgpreload_memcheck-amd64-linux.so)
==305849==    by 0x10933D: CWE121_Stack_Based_Buffer_Overflow__CWE805_char_declare_ncpy_05_bad (in /home/loris/Desktop/TestRepositories/Forked/juliet-test-suite-c/Automatic/results/20260703_1454/CWE121/valgrind/bin/CWE121/bad/CWE121_Stack_Based_Buffer_Overflow__CWE805_char_declare_ncpy_05-bad)
==305849==    by 0x1093AE: main (in /home/loris/Desktop/TestRepositories/Forked/juliet-test-suite-c/Automatic/results/20260703_1454/CWE121/valgrind/bin/CWE121/bad/CWE121_Stack_Based_Buffer_Overflow__CWE805_char_declare_ncpy_05-bad)
==305849== 
==305849== 
==305849== HEAP SUMMARY:
==305849==     in use at exit: 0 bytes in 0 blocks
==305849==   total heap usage: 1 allocs, 1 frees, 4,096 bytes allocated
==305849== 
==305849== All heap blocks were freed -- no leaks are possible
==305849== 
==305849== For lists of detected and suppressed errors, rerun with: -s
==305849== ERROR SUMMARY: 1 errors from 1 contexts (suppressed: 0 from 0)
