==302628== Memcheck, a memory error detector
==302628== Copyright (C) 2002-2022, and GNU GPL'd, by Julian Seward et al.
==302628== Using Valgrind-3.22.0 and LibVEX; rerun with -h for copyright info
==302628== Command: /home/loris/Desktop/TestRepositories/Forked/juliet-test-suite-c/Automatic/results/20260703_1454/CWE121/valgrind/bin/CWE121/bad/CWE121_Stack_Based_Buffer_Overflow__CWE131_loop_16-bad
==302628== Parent PID: 302627
==302628== 
==302628== 
==302628== Process terminating with default action of signal 15 (SIGTERM)
==302628==    at 0x10934A: CWE121_Stack_Based_Buffer_Overflow__CWE131_loop_16_bad (in /home/loris/Desktop/TestRepositories/Forked/juliet-test-suite-c/Automatic/results/20260703_1454/CWE121/valgrind/bin/CWE121/bad/CWE121_Stack_Based_Buffer_Overflow__CWE131_loop_16-bad)
==302628==    by 0x1093D3: main (in /home/loris/Desktop/TestRepositories/Forked/juliet-test-suite-c/Automatic/results/20260703_1454/CWE121/valgrind/bin/CWE121/bad/CWE121_Stack_Based_Buffer_Overflow__CWE131_loop_16-bad)
==302628== 
==302628== HEAP SUMMARY:
==302628==     in use at exit: 4,096 bytes in 1 blocks
==302628==   total heap usage: 1 allocs, 0 frees, 4,096 bytes allocated
==302628== 
==302628== LEAK SUMMARY:
==302628==    definitely lost: 0 bytes in 0 blocks
==302628==    indirectly lost: 0 bytes in 0 blocks
==302628==      possibly lost: 0 bytes in 0 blocks
==302628==    still reachable: 4,096 bytes in 1 blocks
==302628==         suppressed: 0 bytes in 0 blocks
==302628== Rerun with --leak-check=full to see details of leaked memory
==302628== 
==302628== For lists of detected and suppressed errors, rerun with: -s
==302628== ERROR SUMMARY: 0 errors from 0 contexts (suppressed: 0 from 0)
