==311620== Memcheck, a memory error detector
==311620== Copyright (C) 2002-2022, and GNU GPL'd, by Julian Seward et al.
==311620== Using Valgrind-3.22.0 and LibVEX; rerun with -h for copyright info
==311620== Command: /home/loris/Desktop/TestRepositories/Forked/juliet-test-suite-c/Automatic/results/20260703_1454/CWE121/valgrind/bin/CWE121/bad/CWE121_Stack_Based_Buffer_Overflow__CWE806_char_alloca_ncat_51-bad
==311620== Parent PID: 311619
==311620== 
==311620== Source and destination overlap in strncat(0x1ffefffdb0, 0x1ffefffe00, 99)
==311620==    at 0x484F197: strncat (in /usr/libexec/valgrind/vgpreload_memcheck-amd64-linux.so)
==311620==    by 0x10949B: CWE121_Stack_Based_Buffer_Overflow__CWE806_char_alloca_ncat_51b_badSink (in /home/loris/Desktop/TestRepositories/Forked/juliet-test-suite-c/Automatic/results/20260703_1454/CWE121/valgrind/bin/CWE121/bad/CWE121_Stack_Based_Buffer_Overflow__CWE806_char_alloca_ncat_51-bad)
==311620==    by 0x4141414141414140: ???
==311620==    by 0x4141414141414140: ???
==311620==    by 0x4141414141414140: ???
==311620==    by 0x4141414100414140: ???
==311620==    by 0x4141414141414140: ???
==311620==    by 0x4141414141414140: ???
==311620==    by 0x4141414141414140: ???
==311620==    by 0x4141414141414140: ???
==311620==    by 0x4141414141414140: ???
==311620==    by 0x4141414141414140: ???
==311620== 
==311620== 
==311620== Process terminating with default action of signal 6 (SIGABRT)
==311620==    at 0x490DB2C: __pthread_kill_implementation (pthread_kill.c:44)
==311620==    by 0x490DB2C: __pthread_kill_internal (pthread_kill.c:78)
==311620==    by 0x490DB2C: pthread_kill@@GLIBC_2.34 (pthread_kill.c:89)
==311620==    by 0x48B427D: raise (raise.c:26)
==311620==    by 0x48978FE: abort (abort.c:79)
==311620==    by 0x48987B5: __libc_message_impl.cold (libc_fatal.c:134)
==311620==    by 0x49A5C48: __fortify_fail (fortify_fail.c:24)
==311620==    by 0x49A6ED3: __stack_chk_fail (stack_chk_fail.c:24)
==311620==    by 0x1094C0: CWE121_Stack_Based_Buffer_Overflow__CWE806_char_alloca_ncat_51b_badSink (in /home/loris/Desktop/TestRepositories/Forked/juliet-test-suite-c/Automatic/results/20260703_1454/CWE121/valgrind/bin/CWE121/bad/CWE121_Stack_Based_Buffer_Overflow__CWE806_char_alloca_ncat_51-bad)
==311620==    by 0x4141414141414140: ???
==311620==    by 0x4141414141414140: ???
==311620==    by 0x4141414141414140: ???
==311620==    by 0x4141414100414140: ???
==311620==    by 0x4141414141414140: ???
==311620== 
==311620== HEAP SUMMARY:
==311620==     in use at exit: 4,096 bytes in 1 blocks
==311620==   total heap usage: 1 allocs, 0 frees, 4,096 bytes allocated
==311620== 
==311620== LEAK SUMMARY:
==311620==    definitely lost: 0 bytes in 0 blocks
==311620==    indirectly lost: 0 bytes in 0 blocks
==311620==      possibly lost: 0 bytes in 0 blocks
==311620==    still reachable: 4,096 bytes in 1 blocks
==311620==         suppressed: 0 bytes in 0 blocks
==311620== Rerun with --leak-check=full to see details of leaked memory
==311620== 
==311620== For lists of detected and suppressed errors, rerun with: -s
==311620== ERROR SUMMARY: 1 errors from 1 contexts (suppressed: 0 from 0)
