==304642== Memcheck, a memory error detector
==304642== Copyright (C) 2002-2022, and GNU GPL'd, by Julian Seward et al.
==304642== Using Valgrind-3.22.0 and LibVEX; rerun with -h for copyright info
==304642== Command: /home/loris/Desktop/TestRepositories/Forked/juliet-test-suite-c/Automatic/results/20260703_1454/CWE121/valgrind/bin/CWE121/bad/CWE121_Stack_Based_Buffer_Overflow__CWE805_char_alloca_ncat_01-bad
==304642== Parent PID: 304641
==304642== 
==304642== Source and destination overlap in strncat(0x1ffefffdc0, 0x1ffefffe20, 100)
==304642==    at 0x484F197: strncat (in /usr/libexec/valgrind/vgpreload_memcheck-amd64-linux.so)
==304642==    by 0x109431: CWE121_Stack_Based_Buffer_Overflow__CWE805_char_alloca_ncat_01_bad (in /home/loris/Desktop/TestRepositories/Forked/juliet-test-suite-c/Automatic/results/20260703_1454/CWE121/valgrind/bin/CWE121/bad/CWE121_Stack_Based_Buffer_Overflow__CWE805_char_alloca_ncat_01-bad)
==304642==    by 0x109491: main (in /home/loris/Desktop/TestRepositories/Forked/juliet-test-suite-c/Automatic/results/20260703_1454/CWE121/valgrind/bin/CWE121/bad/CWE121_Stack_Based_Buffer_Overflow__CWE805_char_alloca_ncat_01-bad)
==304642== 
==304642== Invalid read of size 1
==304642==    at 0x484F226: strlen (in /usr/libexec/valgrind/vgpreload_memcheck-amd64-linux.so)
==304642==    by 0x48F6BFC: puts (ioputs.c:35)
==304642==    by 0x1094CA: printLine (in /home/loris/Desktop/TestRepositories/Forked/juliet-test-suite-c/Automatic/results/20260703_1454/CWE121/valgrind/bin/CWE121/bad/CWE121_Stack_Based_Buffer_Overflow__CWE805_char_alloca_ncat_01-bad)
==304642==    by 0x10943D: CWE121_Stack_Based_Buffer_Overflow__CWE805_char_alloca_ncat_01_bad (in /home/loris/Desktop/TestRepositories/Forked/juliet-test-suite-c/Automatic/results/20260703_1454/CWE121/valgrind/bin/CWE121/bad/CWE121_Stack_Based_Buffer_Overflow__CWE805_char_alloca_ncat_01-bad)
==304642==    by 0x109491: main (in /home/loris/Desktop/TestRepositories/Forked/juliet-test-suite-c/Automatic/results/20260703_1454/CWE121/valgrind/bin/CWE121/bad/CWE121_Stack_Based_Buffer_Overflow__CWE805_char_alloca_ncat_01-bad)
==304642==  Address 0x4343434343434343 is not stack'd, malloc'd or (recently) free'd
==304642== 
==304642== 
==304642== Process terminating with default action of signal 11 (SIGSEGV)
==304642==  General Protection Fault
==304642==    at 0x484F226: strlen (in /usr/libexec/valgrind/vgpreload_memcheck-amd64-linux.so)
==304642==    by 0x48F6BFC: puts (ioputs.c:35)
==304642==    by 0x1094CA: printLine (in /home/loris/Desktop/TestRepositories/Forked/juliet-test-suite-c/Automatic/results/20260703_1454/CWE121/valgrind/bin/CWE121/bad/CWE121_Stack_Based_Buffer_Overflow__CWE805_char_alloca_ncat_01-bad)
==304642==    by 0x10943D: CWE121_Stack_Based_Buffer_Overflow__CWE805_char_alloca_ncat_01_bad (in /home/loris/Desktop/TestRepositories/Forked/juliet-test-suite-c/Automatic/results/20260703_1454/CWE121/valgrind/bin/CWE121/bad/CWE121_Stack_Based_Buffer_Overflow__CWE805_char_alloca_ncat_01-bad)
==304642==    by 0x109491: main (in /home/loris/Desktop/TestRepositories/Forked/juliet-test-suite-c/Automatic/results/20260703_1454/CWE121/valgrind/bin/CWE121/bad/CWE121_Stack_Based_Buffer_Overflow__CWE805_char_alloca_ncat_01-bad)
==304642== 
==304642== HEAP SUMMARY:
==304642==     in use at exit: 4,096 bytes in 1 blocks
==304642==   total heap usage: 1 allocs, 0 frees, 4,096 bytes allocated
==304642== 
==304642== LEAK SUMMARY:
==304642==    definitely lost: 0 bytes in 0 blocks
==304642==    indirectly lost: 0 bytes in 0 blocks
==304642==      possibly lost: 0 bytes in 0 blocks
==304642==    still reachable: 4,096 bytes in 1 blocks
==304642==         suppressed: 0 bytes in 0 blocks
==304642== Rerun with --leak-check=full to see details of leaked memory
==304642== 
==304642== For lists of detected and suppressed errors, rerun with: -s
==304642== ERROR SUMMARY: 2 errors from 2 contexts (suppressed: 0 from 0)
