==308218== Memcheck, a memory error detector
==308218== Copyright (C) 2002-2022, and GNU GPL'd, by Julian Seward et al.
==308218== Using Valgrind-3.22.0 and LibVEX; rerun with -h for copyright info
==308218== Command: /home/loris/Desktop/TestRepositories/Forked/juliet-test-suite-c/Automatic/results/20260703_1454/CWE121/valgrind/bin/CWE121/bad/CWE121_Stack_Based_Buffer_Overflow__CWE805_int_alloca_memcpy_64-bad
==308218== Parent PID: 308217
==308218== 
==308218== 
==308218== Process terminating with default action of signal 6 (SIGABRT)
==308218==    at 0x490DB2C: __pthread_kill_implementation (pthread_kill.c:44)
==308218==    by 0x490DB2C: __pthread_kill_internal (pthread_kill.c:78)
==308218==    by 0x490DB2C: pthread_kill@@GLIBC_2.34 (pthread_kill.c:89)
==308218==    by 0x48B427D: raise (raise.c:26)
==308218==    by 0x48978FE: abort (abort.c:79)
==308218==    by 0x48987B5: __libc_message_impl.cold (libc_fatal.c:134)
==308218==    by 0x49A5C48: __fortify_fail (fortify_fail.c:24)
==308218==    by 0x49A6ED3: __stack_chk_fail (stack_chk_fail.c:24)
==308218==    by 0x1093F4: CWE121_Stack_Based_Buffer_Overflow__CWE805_int_alloca_memcpy_64_bad (in /home/loris/Desktop/TestRepositories/Forked/juliet-test-suite-c/Automatic/results/20260703_1454/CWE121/valgrind/bin/CWE121/bad/CWE121_Stack_Based_Buffer_Overflow__CWE805_int_alloca_memcpy_64-bad)
==308218== 
==308218== HEAP SUMMARY:
==308218==     in use at exit: 4,096 bytes in 1 blocks
==308218==   total heap usage: 1 allocs, 0 frees, 4,096 bytes allocated
==308218== 
==308218== LEAK SUMMARY:
==308218==    definitely lost: 0 bytes in 0 blocks
==308218==    indirectly lost: 0 bytes in 0 blocks
==308218==      possibly lost: 0 bytes in 0 blocks
==308218==    still reachable: 4,096 bytes in 1 blocks
==308218==         suppressed: 0 bytes in 0 blocks
==308218== Rerun with --leak-check=full to see details of leaked memory
==308218== 
==308218== For lists of detected and suppressed errors, rerun with: -s
==308218== ERROR SUMMARY: 0 errors from 0 contexts (suppressed: 0 from 0)
