==303931== Memcheck, a memory error detector
==303931== Copyright (C) 2002-2022, and GNU GPL'd, by Julian Seward et al.
==303931== Using Valgrind-3.22.0 and LibVEX; rerun with -h for copyright info
==303931== Command: /home/loris/Desktop/TestRepositories/Forked/juliet-test-suite-c/Automatic/results/20260703_1454/CWE121/valgrind/bin/CWE121/bad/CWE121_Stack_Based_Buffer_Overflow__CWE805_char_alloca_loop_34-bad
==303931== Parent PID: 303930
==303931== 
==303931== 
==303931== Process terminating with default action of signal 15 (SIGTERM)
==303931==    at 0x109420: CWE121_Stack_Based_Buffer_Overflow__CWE805_char_alloca_loop_34_bad (in /home/loris/Desktop/TestRepositories/Forked/juliet-test-suite-c/Automatic/results/20260703_1454/CWE121/valgrind/bin/CWE121/bad/CWE121_Stack_Based_Buffer_Overflow__CWE805_char_alloca_loop_34-bad)
==303931==    by 0x1094BD: main (in /home/loris/Desktop/TestRepositories/Forked/juliet-test-suite-c/Automatic/results/20260703_1454/CWE121/valgrind/bin/CWE121/bad/CWE121_Stack_Based_Buffer_Overflow__CWE805_char_alloca_loop_34-bad)
==303931== 
==303931== HEAP SUMMARY:
==303931==     in use at exit: 4,096 bytes in 1 blocks
==303931==   total heap usage: 1 allocs, 0 frees, 4,096 bytes allocated
==303931== 
==303931== LEAK SUMMARY:
==303931==    definitely lost: 0 bytes in 0 blocks
==303931==    indirectly lost: 0 bytes in 0 blocks
==303931==      possibly lost: 0 bytes in 0 blocks
==303931==    still reachable: 4,096 bytes in 1 blocks
==303931==         suppressed: 0 bytes in 0 blocks
==303931== Rerun with --leak-check=full to see details of leaked memory
==303931== 
==303931== For lists of detected and suppressed errors, rerun with: -s
==303931== ERROR SUMMARY: 0 errors from 0 contexts (suppressed: 0 from 0)
