==313493== Memcheck, a memory error detector
==313493== Copyright (C) 2002-2022, and GNU GPL'd, by Julian Seward et al.
==313493== Using Valgrind-3.22.0 and LibVEX; rerun with -h for copyright info
==313493== Command: /home/loris/Desktop/TestRepositories/Forked/juliet-test-suite-c/Automatic/results/20260703_1454/CWE121/valgrind/bin/CWE121/bad/CWE121_Stack_Based_Buffer_Overflow__CWE806_char_declare_ncpy_66-bad
==313493== Parent PID: 313492
==313493== 
==313493== 
==313493== Process terminating with default action of signal 6 (SIGABRT)
==313493==    at 0x490DB2C: __pthread_kill_implementation (pthread_kill.c:44)
==313493==    by 0x490DB2C: __pthread_kill_internal (pthread_kill.c:78)
==313493==    by 0x490DB2C: pthread_kill@@GLIBC_2.34 (pthread_kill.c:89)
==313493==    by 0x48B427D: raise (raise.c:26)
==313493==    by 0x48978FE: abort (abort.c:79)
==313493==    by 0x48987B5: __libc_message_impl.cold (libc_fatal.c:134)
==313493==    by 0x49A5C48: __fortify_fail (fortify_fail.c:24)
==313493==    by 0x49A6ED3: __stack_chk_fail (stack_chk_fail.c:24)
==313493==    by 0x109467: CWE121_Stack_Based_Buffer_Overflow__CWE806_char_declare_ncpy_66b_badSink (in /home/loris/Desktop/TestRepositories/Forked/juliet-test-suite-c/Automatic/results/20260703_1454/CWE121/valgrind/bin/CWE121/bad/CWE121_Stack_Based_Buffer_Overflow__CWE806_char_declare_ncpy_66-bad)
==313493==    by 0x4141414141414140: ???
==313493==    by 0x4141414141414140: ???
==313493==    by 0x4141414141414140: ???
==313493==    by 0xFFFFFFFFFF414140: ???
==313493==    by 0xF: ???
==313493== 
==313493== HEAP SUMMARY:
==313493==     in use at exit: 4,096 bytes in 1 blocks
==313493==   total heap usage: 1 allocs, 0 frees, 4,096 bytes allocated
==313493== 
==313493== LEAK SUMMARY:
==313493==    definitely lost: 0 bytes in 0 blocks
==313493==    indirectly lost: 0 bytes in 0 blocks
==313493==      possibly lost: 0 bytes in 0 blocks
==313493==    still reachable: 4,096 bytes in 1 blocks
==313493==         suppressed: 0 bytes in 0 blocks
==313493== Rerun with --leak-check=full to see details of leaked memory
==313493== 
==313493== For lists of detected and suppressed errors, rerun with: -s
==313493== ERROR SUMMARY: 0 errors from 0 contexts (suppressed: 0 from 0)
