==309489== Memcheck, a memory error detector
==309489== Copyright (C) 2002-2022, and GNU GPL'd, by Julian Seward et al.
==309489== Using Valgrind-3.22.0 and LibVEX; rerun with -h for copyright info
==309489== Command: /home/loris/Desktop/TestRepositories/Forked/juliet-test-suite-c/Automatic/results/20260703_1454/CWE121/valgrind/bin/CWE121/bad/CWE121_Stack_Based_Buffer_Overflow__CWE805_struct_alloca_memcpy_67-bad
==309489== Parent PID: 309488
==309489== 
==309489== 
==309489== Process terminating with default action of signal 6 (SIGABRT)
==309489==    at 0x490DB2C: __pthread_kill_implementation (pthread_kill.c:44)
==309489==    by 0x490DB2C: __pthread_kill_internal (pthread_kill.c:78)
==309489==    by 0x490DB2C: pthread_kill@@GLIBC_2.34 (pthread_kill.c:89)
==309489==    by 0x48B427D: raise (raise.c:26)
==309489==    by 0x48978FE: abort (abort.c:79)
==309489==    by 0x48987B5: __libc_message_impl.cold (libc_fatal.c:134)
==309489==    by 0x49A5C48: __fortify_fail (fortify_fail.c:24)
==309489==    by 0x49A6ED3: __stack_chk_fail (stack_chk_fail.c:24)
==309489==    by 0x1093FC: CWE121_Stack_Based_Buffer_Overflow__CWE805_struct_alloca_memcpy_67_bad (in /home/loris/Desktop/TestRepositories/Forked/juliet-test-suite-c/Automatic/results/20260703_1454/CWE121/valgrind/bin/CWE121/bad/CWE121_Stack_Based_Buffer_Overflow__CWE805_struct_alloca_memcpy_67-bad)
==309489== 
==309489== HEAP SUMMARY:
==309489==     in use at exit: 4,096 bytes in 1 blocks
==309489==   total heap usage: 1 allocs, 0 frees, 4,096 bytes allocated
==309489== 
==309489== LEAK SUMMARY:
==309489==    definitely lost: 0 bytes in 0 blocks
==309489==    indirectly lost: 0 bytes in 0 blocks
==309489==      possibly lost: 0 bytes in 0 blocks
==309489==    still reachable: 4,096 bytes in 1 blocks
==309489==         suppressed: 0 bytes in 0 blocks
==309489== Rerun with --leak-check=full to see details of leaked memory
==309489== 
==309489== For lists of detected and suppressed errors, rerun with: -s
==309489== ERROR SUMMARY: 0 errors from 0 contexts (suppressed: 0 from 0)
