==313140== Memcheck, a memory error detector
==313140== Copyright (C) 2002-2022, and GNU GPL'd, by Julian Seward et al.
==313140== Using Valgrind-3.22.0 and LibVEX; rerun with -h for copyright info
==313140== Command: /home/loris/Desktop/TestRepositories/Forked/juliet-test-suite-c/Automatic/results/20260703_1454/CWE121/valgrind/bin/CWE121/bad/CWE121_Stack_Based_Buffer_Overflow__CWE806_char_declare_ncat_01-bad
==313140== Parent PID: 313139
==313140== 
==313140== Source and destination overlap in strncat(0x1ffefffde0, 0x1ffefffe20, 99)
==313140==    at 0x484F197: strncat (in /usr/libexec/valgrind/vgpreload_memcheck-amd64-linux.so)
==313140==    by 0x1093AB: CWE121_Stack_Based_Buffer_Overflow__CWE806_char_declare_ncat_01_bad (in /home/loris/Desktop/TestRepositories/Forked/juliet-test-suite-c/Automatic/results/20260703_1454/CWE121/valgrind/bin/CWE121/bad/CWE121_Stack_Based_Buffer_Overflow__CWE806_char_declare_ncat_01-bad)
==313140==    by 0x109412: main (in /home/loris/Desktop/TestRepositories/Forked/juliet-test-suite-c/Automatic/results/20260703_1454/CWE121/valgrind/bin/CWE121/bad/CWE121_Stack_Based_Buffer_Overflow__CWE806_char_declare_ncat_01-bad)
==313140== 
==313140== 
==313140== HEAP SUMMARY:
==313140==     in use at exit: 0 bytes in 0 blocks
==313140==   total heap usage: 1 allocs, 1 frees, 4,096 bytes allocated
==313140== 
==313140== All heap blocks were freed -- no leaks are possible
==313140== 
==313140== For lists of detected and suppressed errors, rerun with: -s
==313140== ERROR SUMMARY: 1 errors from 1 contexts (suppressed: 0 from 0)
