==302283== Memcheck, a memory error detector
==302283== Copyright (C) 2002-2022, and GNU GPL'd, by Julian Seward et al.
==302283== Using Valgrind-3.22.0 and LibVEX; rerun with -h for copyright info
==302283== Command: /home/loris/Desktop/TestRepositories/Forked/juliet-test-suite-c/Automatic/results/20260703_1454/CWE121/valgrind/bin/CWE121/bad/CWE121_Stack_Based_Buffer_Overflow__CWE129_listen_socket_51-bad
==302283== Parent PID: 302282
==302283== 
==302283== 
==302283== Process terminating with default action of signal 15 (SIGTERM)
==302283==    at 0x499A834: accept (accept.c:26)
==302283==    by 0x10946D: CWE121_Stack_Based_Buffer_Overflow__CWE129_listen_socket_51_bad (in /home/loris/Desktop/TestRepositories/Forked/juliet-test-suite-c/Automatic/results/20260703_1454/CWE121/valgrind/bin/CWE121/bad/CWE121_Stack_Based_Buffer_Overflow__CWE129_listen_socket_51-bad)
==302283==    by 0x109540: main (in /home/loris/Desktop/TestRepositories/Forked/juliet-test-suite-c/Automatic/results/20260703_1454/CWE121/valgrind/bin/CWE121/bad/CWE121_Stack_Based_Buffer_Overflow__CWE129_listen_socket_51-bad)
==302283== 
==302283== HEAP SUMMARY:
==302283==     in use at exit: 4,096 bytes in 1 blocks
==302283==   total heap usage: 1 allocs, 0 frees, 4,096 bytes allocated
==302283== 
==302283== LEAK SUMMARY:
==302283==    definitely lost: 0 bytes in 0 blocks
==302283==    indirectly lost: 0 bytes in 0 blocks
==302283==      possibly lost: 0 bytes in 0 blocks
==302283==    still reachable: 4,096 bytes in 1 blocks
==302283==         suppressed: 0 bytes in 0 blocks
==302283== Rerun with --leak-check=full to see details of leaked memory
==302283== 
==302283== For lists of detected and suppressed errors, rerun with: -s
==302283== ERROR SUMMARY: 0 errors from 0 contexts (suppressed: 0 from 0)
