==302261== Memcheck, a memory error detector
==302261== Copyright (C) 2002-2022, and GNU GPL'd, by Julian Seward et al.
==302261== Using Valgrind-3.22.0 and LibVEX; rerun with -h for copyright info
==302261== Command: /home/loris/Desktop/TestRepositories/Forked/juliet-test-suite-c/Automatic/results/20260703_1454/CWE121/valgrind/bin/CWE121/bad/CWE121_Stack_Based_Buffer_Overflow__CWE129_listen_socket_17-bad
==302261== Parent PID: 302260
==302261== 
==302261== 
==302261== Process terminating with default action of signal 15 (SIGTERM)
==302261==    at 0x499A834: accept (accept.c:26)
==302261==    by 0x109479: CWE121_Stack_Based_Buffer_Overflow__CWE129_listen_socket_17_bad (in /home/loris/Desktop/TestRepositories/Forked/juliet-test-suite-c/Automatic/results/20260703_1454/CWE121/valgrind/bin/CWE121/bad/CWE121_Stack_Based_Buffer_Overflow__CWE129_listen_socket_17-bad)
==302261==    by 0x1095BB: main (in /home/loris/Desktop/TestRepositories/Forked/juliet-test-suite-c/Automatic/results/20260703_1454/CWE121/valgrind/bin/CWE121/bad/CWE121_Stack_Based_Buffer_Overflow__CWE129_listen_socket_17-bad)
==302261== 
==302261== HEAP SUMMARY:
==302261==     in use at exit: 4,096 bytes in 1 blocks
==302261==   total heap usage: 1 allocs, 0 frees, 4,096 bytes allocated
==302261== 
==302261== LEAK SUMMARY:
==302261==    definitely lost: 0 bytes in 0 blocks
==302261==    indirectly lost: 0 bytes in 0 blocks
==302261==      possibly lost: 0 bytes in 0 blocks
==302261==    still reachable: 4,096 bytes in 1 blocks
==302261==         suppressed: 0 bytes in 0 blocks
==302261== Rerun with --leak-check=full to see details of leaked memory
==302261== 
==302261== For lists of detected and suppressed errors, rerun with: -s
==302261== ERROR SUMMARY: 0 errors from 0 contexts (suppressed: 0 from 0)
