==314461== Memcheck, a memory error detector
==314461== Copyright (C) 2002-2022, and GNU GPL'd, by Julian Seward et al.
==314461== Using Valgrind-3.22.0 and LibVEX; rerun with -h for copyright info
==314461== Command: /home/loris/Desktop/TestRepositories/Forked/juliet-test-suite-c/Automatic/results/20260703_1454/CWE121/valgrind/bin/CWE121/bad/CWE121_Stack_Based_Buffer_Overflow__dest_char_alloca_cpy_05-bad
==314461== Parent PID: 314460
==314461== 
==314461== Source and destination overlap in strcpy(0x1ffefffdd0, 0x1ffefffe30)
==314461==    at 0x484F413: strcpy (in /usr/libexec/valgrind/vgpreload_memcheck-amd64-linux.so)
==314461==    by 0x109439: CWE121_Stack_Based_Buffer_Overflow__dest_char_alloca_cpy_05_bad (in /home/loris/Desktop/TestRepositories/Forked/juliet-test-suite-c/Automatic/results/20260703_1454/CWE121/valgrind/bin/CWE121/bad/CWE121_Stack_Based_Buffer_Overflow__dest_char_alloca_cpy_05-bad)
==314461==    by 0x10949C: main (in /home/loris/Desktop/TestRepositories/Forked/juliet-test-suite-c/Automatic/results/20260703_1454/CWE121/valgrind/bin/CWE121/bad/CWE121_Stack_Based_Buffer_Overflow__dest_char_alloca_cpy_05-bad)
==314461== 
==314461== Invalid read of size 1
==314461==    at 0x484F226: strlen (in /usr/libexec/valgrind/vgpreload_memcheck-amd64-linux.so)
==314461==    by 0x48F6BFC: puts (ioputs.c:35)
==314461==    by 0x1094D5: printLine (in /home/loris/Desktop/TestRepositories/Forked/juliet-test-suite-c/Automatic/results/20260703_1454/CWE121/valgrind/bin/CWE121/bad/CWE121_Stack_Based_Buffer_Overflow__dest_char_alloca_cpy_05-bad)
==314461==    by 0x109448: CWE121_Stack_Based_Buffer_Overflow__dest_char_alloca_cpy_05_bad (in /home/loris/Desktop/TestRepositories/Forked/juliet-test-suite-c/Automatic/results/20260703_1454/CWE121/valgrind/bin/CWE121/bad/CWE121_Stack_Based_Buffer_Overflow__dest_char_alloca_cpy_05-bad)
==314461==    by 0x10949C: main (in /home/loris/Desktop/TestRepositories/Forked/juliet-test-suite-c/Automatic/results/20260703_1454/CWE121/valgrind/bin/CWE121/bad/CWE121_Stack_Based_Buffer_Overflow__dest_char_alloca_cpy_05-bad)
==314461==  Address 0x4343434343434343 is not stack'd, malloc'd or (recently) free'd
==314461== 
==314461== 
==314461== Process terminating with default action of signal 11 (SIGSEGV)
==314461==  General Protection Fault
==314461==    at 0x484F226: strlen (in /usr/libexec/valgrind/vgpreload_memcheck-amd64-linux.so)
==314461==    by 0x48F6BFC: puts (ioputs.c:35)
==314461==    by 0x1094D5: printLine (in /home/loris/Desktop/TestRepositories/Forked/juliet-test-suite-c/Automatic/results/20260703_1454/CWE121/valgrind/bin/CWE121/bad/CWE121_Stack_Based_Buffer_Overflow__dest_char_alloca_cpy_05-bad)
==314461==    by 0x109448: CWE121_Stack_Based_Buffer_Overflow__dest_char_alloca_cpy_05_bad (in /home/loris/Desktop/TestRepositories/Forked/juliet-test-suite-c/Automatic/results/20260703_1454/CWE121/valgrind/bin/CWE121/bad/CWE121_Stack_Based_Buffer_Overflow__dest_char_alloca_cpy_05-bad)
==314461==    by 0x10949C: main (in /home/loris/Desktop/TestRepositories/Forked/juliet-test-suite-c/Automatic/results/20260703_1454/CWE121/valgrind/bin/CWE121/bad/CWE121_Stack_Based_Buffer_Overflow__dest_char_alloca_cpy_05-bad)
==314461== 
==314461== HEAP SUMMARY:
==314461==     in use at exit: 4,096 bytes in 1 blocks
==314461==   total heap usage: 1 allocs, 0 frees, 4,096 bytes allocated
==314461== 
==314461== LEAK SUMMARY:
==314461==    definitely lost: 0 bytes in 0 blocks
==314461==    indirectly lost: 0 bytes in 0 blocks
==314461==      possibly lost: 0 bytes in 0 blocks
==314461==    still reachable: 4,096 bytes in 1 blocks
==314461==         suppressed: 0 bytes in 0 blocks
==314461== Rerun with --leak-check=full to see details of leaked memory
==314461== 
==314461== For lists of detected and suppressed errors, rerun with: -s
==314461== ERROR SUMMARY: 2 errors from 2 contexts (suppressed: 0 from 0)
