==313457== Memcheck, a memory error detector
==313457== Copyright (C) 2002-2022, and GNU GPL'd, by Julian Seward et al.
==313457== Using Valgrind-3.22.0 and LibVEX; rerun with -h for copyright info
==313457== Command: /home/loris/Desktop/TestRepositories/Forked/juliet-test-suite-c/Automatic/results/20260703_1454/CWE121/valgrind/bin/CWE121/bad/CWE121_Stack_Based_Buffer_Overflow__CWE806_char_declare_ncpy_61-bad
==313457== Parent PID: 313456
==313457== 
==313457== Source and destination overlap in strncpy(0x1ffefffe43, 0x1ffefffe83, 99)
==313457==    at 0x484F5A0: strncpy (in /usr/libexec/valgrind/vgpreload_memcheck-amd64-linux.so)
==313457==    by 0x10939A: CWE121_Stack_Based_Buffer_Overflow__CWE806_char_declare_ncpy_61_bad (in /home/loris/Desktop/TestRepositories/Forked/juliet-test-suite-c/Automatic/results/20260703_1454/CWE121/valgrind/bin/CWE121/bad/CWE121_Stack_Based_Buffer_Overflow__CWE806_char_declare_ncpy_61-bad)
==313457==    by 0x109401: main (in /home/loris/Desktop/TestRepositories/Forked/juliet-test-suite-c/Automatic/results/20260703_1454/CWE121/valgrind/bin/CWE121/bad/CWE121_Stack_Based_Buffer_Overflow__CWE806_char_declare_ncpy_61-bad)
==313457== 
==313457== 
==313457== HEAP SUMMARY:
==313457==     in use at exit: 0 bytes in 0 blocks
==313457==   total heap usage: 1 allocs, 1 frees, 4,096 bytes allocated
==313457== 
==313457== All heap blocks were freed -- no leaks are possible
==313457== 
==313457== For lists of detected and suppressed errors, rerun with: -s
==313457== ERROR SUMMARY: 1 errors from 1 contexts (suppressed: 0 from 0)
