==306554== Memcheck, a memory error detector
==306554== Copyright (C) 2002-2022, and GNU GPL'd, by Julian Seward et al.
==306554== Using Valgrind-3.22.0 and LibVEX; rerun with -h for copyright info
==306554== Command: /home/loris/Desktop/TestRepositories/Forked/juliet-test-suite-c/Automatic/results/20260703_1454/CWE121/valgrind/bin/CWE121/bad/CWE121_Stack_Based_Buffer_Overflow__CWE805_int64_t_alloca_loop_45-bad
==306554== Parent PID: 306553
==306554== 
==306554== 
==306554== Process terminating with default action of signal 6 (SIGABRT)
==306554==    at 0x490DB2C: __pthread_kill_implementation (pthread_kill.c:44)
==306554==    by 0x490DB2C: __pthread_kill_internal (pthread_kill.c:78)
==306554==    by 0x490DB2C: pthread_kill@@GLIBC_2.34 (pthread_kill.c:89)
==306554==    by 0x48B427D: raise (raise.c:26)
==306554==    by 0x48978FE: abort (abort.c:79)
==306554==    by 0x48987B5: __libc_message_impl.cold (libc_fatal.c:134)
==306554==    by 0x49A5C48: __fortify_fail (fortify_fail.c:24)
==306554==    by 0x49A6ED3: __stack_chk_fail (stack_chk_fail.c:24)
==306554==    by 0x109493: CWE121_Stack_Based_Buffer_Overflow__CWE805_int64_t_alloca_loop_45_bad (in /home/loris/Desktop/TestRepositories/Forked/juliet-test-suite-c/Automatic/results/20260703_1454/CWE121/valgrind/bin/CWE121/bad/CWE121_Stack_Based_Buffer_Overflow__CWE805_int64_t_alloca_loop_45-bad)
==306554== 
==306554== HEAP SUMMARY:
==306554==     in use at exit: 4,096 bytes in 1 blocks
==306554==   total heap usage: 1 allocs, 0 frees, 4,096 bytes allocated
==306554== 
==306554== LEAK SUMMARY:
==306554==    definitely lost: 0 bytes in 0 blocks
==306554==    indirectly lost: 0 bytes in 0 blocks
==306554==      possibly lost: 0 bytes in 0 blocks
==306554==    still reachable: 4,096 bytes in 1 blocks
==306554==         suppressed: 0 bytes in 0 blocks
==306554== Rerun with --leak-check=full to see details of leaked memory
==306554== 
==306554== For lists of detected and suppressed errors, rerun with: -s
==306554== ERROR SUMMARY: 0 errors from 0 contexts (suppressed: 0 from 0)
