==305274== Memcheck, a memory error detector
==305274== Copyright (C) 2002-2022, and GNU GPL'd, by Julian Seward et al.
==305274== Using Valgrind-3.22.0 and LibVEX; rerun with -h for copyright info
==305274== Command: /home/loris/Desktop/TestRepositories/Forked/juliet-test-suite-c/Automatic/results/20260703_1454/CWE121/valgrind/bin/CWE121/bad/CWE121_Stack_Based_Buffer_Overflow__CWE805_char_alloca_snprintf_03-bad
==305274== Parent PID: 305273
==305274== 
==305274== Invalid read of size 1
==305274==    at 0x484F226: strlen (in /usr/libexec/valgrind/vgpreload_memcheck-amd64-linux.so)
==305274==    by 0x48F6BFC: puts (ioputs.c:35)
==305274==    by 0x1094D6: printLine (in /home/loris/Desktop/TestRepositories/Forked/juliet-test-suite-c/Automatic/results/20260703_1454/CWE121/valgrind/bin/CWE121/bad/CWE121_Stack_Based_Buffer_Overflow__CWE805_char_alloca_snprintf_03-bad)
==305274==    by 0x109449: CWE121_Stack_Based_Buffer_Overflow__CWE805_char_alloca_snprintf_03_bad (in /home/loris/Desktop/TestRepositories/Forked/juliet-test-suite-c/Automatic/results/20260703_1454/CWE121/valgrind/bin/CWE121/bad/CWE121_Stack_Based_Buffer_Overflow__CWE805_char_alloca_snprintf_03-bad)
==305274==    by 0x10949D: main (in /home/loris/Desktop/TestRepositories/Forked/juliet-test-suite-c/Automatic/results/20260703_1454/CWE121/valgrind/bin/CWE121/bad/CWE121_Stack_Based_Buffer_Overflow__CWE805_char_alloca_snprintf_03-bad)
==305274==  Address 0x4343434343434343 is not stack'd, malloc'd or (recently) free'd
==305274== 
==305274== 
==305274== Process terminating with default action of signal 11 (SIGSEGV)
==305274==  General Protection Fault
==305274==    at 0x484F226: strlen (in /usr/libexec/valgrind/vgpreload_memcheck-amd64-linux.so)
==305274==    by 0x48F6BFC: puts (ioputs.c:35)
==305274==    by 0x1094D6: printLine (in /home/loris/Desktop/TestRepositories/Forked/juliet-test-suite-c/Automatic/results/20260703_1454/CWE121/valgrind/bin/CWE121/bad/CWE121_Stack_Based_Buffer_Overflow__CWE805_char_alloca_snprintf_03-bad)
==305274==    by 0x109449: CWE121_Stack_Based_Buffer_Overflow__CWE805_char_alloca_snprintf_03_bad (in /home/loris/Desktop/TestRepositories/Forked/juliet-test-suite-c/Automatic/results/20260703_1454/CWE121/valgrind/bin/CWE121/bad/CWE121_Stack_Based_Buffer_Overflow__CWE805_char_alloca_snprintf_03-bad)
==305274==    by 0x10949D: main (in /home/loris/Desktop/TestRepositories/Forked/juliet-test-suite-c/Automatic/results/20260703_1454/CWE121/valgrind/bin/CWE121/bad/CWE121_Stack_Based_Buffer_Overflow__CWE805_char_alloca_snprintf_03-bad)
==305274== 
==305274== HEAP SUMMARY:
==305274==     in use at exit: 4,096 bytes in 1 blocks
==305274==   total heap usage: 1 allocs, 0 frees, 4,096 bytes allocated
==305274== 
==305274== LEAK SUMMARY:
==305274==    definitely lost: 0 bytes in 0 blocks
==305274==    indirectly lost: 0 bytes in 0 blocks
==305274==      possibly lost: 0 bytes in 0 blocks
==305274==    still reachable: 4,096 bytes in 1 blocks
==305274==         suppressed: 0 bytes in 0 blocks
==305274== Rerun with --leak-check=full to see details of leaked memory
==305274== 
==305274== For lists of detected and suppressed errors, rerun with: -s
==305274== ERROR SUMMARY: 1 errors from 1 contexts (suppressed: 0 from 0)
