==306723== Memcheck, a memory error detector
==306723== Copyright (C) 2002-2022, and GNU GPL'd, by Julian Seward et al.
==306723== Using Valgrind-3.22.0 and LibVEX; rerun with -h for copyright info
==306723== Command: /home/loris/Desktop/TestRepositories/Forked/juliet-test-suite-c/Automatic/results/20260703_1454/CWE121/valgrind/bin/CWE121/bad/CWE121_Stack_Based_Buffer_Overflow__CWE805_int64_t_alloca_memcpy_05-bad
==306723== Parent PID: 306722
==306723== 
==306723== Invalid read of size 8
==306723==    at 0x109429: CWE121_Stack_Based_Buffer_Overflow__CWE805_int64_t_alloca_memcpy_05_bad (in /home/loris/Desktop/TestRepositories/Forked/juliet-test-suite-c/Automatic/results/20260703_1454/CWE121/valgrind/bin/CWE121/bad/CWE121_Stack_Based_Buffer_Overflow__CWE805_int64_t_alloca_memcpy_05-bad)
==306723==    by 0x109487: main (in /home/loris/Desktop/TestRepositories/Forked/juliet-test-suite-c/Automatic/results/20260703_1454/CWE121/valgrind/bin/CWE121/bad/CWE121_Stack_Based_Buffer_Overflow__CWE805_int64_t_alloca_memcpy_05-bad)
==306723==  Address 0x0 is not stack'd, malloc'd or (recently) free'd
==306723== 
==306723== 
==306723== Process terminating with default action of signal 11 (SIGSEGV)
==306723==  Access not within mapped region at address 0x0
==306723==    at 0x109429: CWE121_Stack_Based_Buffer_Overflow__CWE805_int64_t_alloca_memcpy_05_bad (in /home/loris/Desktop/TestRepositories/Forked/juliet-test-suite-c/Automatic/results/20260703_1454/CWE121/valgrind/bin/CWE121/bad/CWE121_Stack_Based_Buffer_Overflow__CWE805_int64_t_alloca_memcpy_05-bad)
==306723==    by 0x109487: main (in /home/loris/Desktop/TestRepositories/Forked/juliet-test-suite-c/Automatic/results/20260703_1454/CWE121/valgrind/bin/CWE121/bad/CWE121_Stack_Based_Buffer_Overflow__CWE805_int64_t_alloca_memcpy_05-bad)
==306723==  If you believe this happened as a result of a stack
==306723==  overflow in your program's main thread (unlikely but
==306723==  possible), you can try to increase the size of the
==306723==  main thread stack using the --main-stacksize= flag.
==306723==  The main thread stack size used in this run was 8388608.
==306723== 
==306723== HEAP SUMMARY:
==306723==     in use at exit: 4,096 bytes in 1 blocks
==306723==   total heap usage: 1 allocs, 0 frees, 4,096 bytes allocated
==306723== 
==306723== LEAK SUMMARY:
==306723==    definitely lost: 0 bytes in 0 blocks
==306723==    indirectly lost: 0 bytes in 0 blocks
==306723==      possibly lost: 0 bytes in 0 blocks
==306723==    still reachable: 4,096 bytes in 1 blocks
==306723==         suppressed: 0 bytes in 0 blocks
==306723== Rerun with --leak-check=full to see details of leaked memory
==306723== 
==306723== For lists of detected and suppressed errors, rerun with: -s
==306723== ERROR SUMMARY: 1 errors from 1 contexts (suppressed: 0 from 0)
