==305029== Memcheck, a memory error detector
==305029== Copyright (C) 2002-2022, and GNU GPL'd, by Julian Seward et al.
==305029== Using Valgrind-3.22.0 and LibVEX; rerun with -h for copyright info
==305029== Command: /home/loris/Desktop/TestRepositories/Forked/juliet-test-suite-c/Automatic/results/20260703_1454/CWE121/valgrind/bin/CWE121/bad/CWE121_Stack_Based_Buffer_Overflow__CWE805_char_alloca_ncpy_09-bad
==305029== Parent PID: 305028
==305029== 
==305029== Source and destination overlap in strncpy(0x1ffefffe23, 0x1ffefffe83, 99)
==305029==    at 0x484F5A0: strncpy (in /usr/libexec/valgrind/vgpreload_memcheck-amd64-linux.so)
==305029==    by 0x10943E: CWE121_Stack_Based_Buffer_Overflow__CWE805_char_alloca_ncpy_09_bad (in /home/loris/Desktop/TestRepositories/Forked/juliet-test-suite-c/Automatic/results/20260703_1454/CWE121/valgrind/bin/CWE121/bad/CWE121_Stack_Based_Buffer_Overflow__CWE805_char_alloca_ncpy_09-bad)
==305029==    by 0x1094AF: main (in /home/loris/Desktop/TestRepositories/Forked/juliet-test-suite-c/Automatic/results/20260703_1454/CWE121/valgrind/bin/CWE121/bad/CWE121_Stack_Based_Buffer_Overflow__CWE805_char_alloca_ncpy_09-bad)
==305029== 
==305029== Invalid write of size 1
==305029==    at 0x10944A: CWE121_Stack_Based_Buffer_Overflow__CWE805_char_alloca_ncpy_09_bad (in /home/loris/Desktop/TestRepositories/Forked/juliet-test-suite-c/Automatic/results/20260703_1454/CWE121/valgrind/bin/CWE121/bad/CWE121_Stack_Based_Buffer_Overflow__CWE805_char_alloca_ncpy_09-bad)
==305029==    by 0x1094AF: main (in /home/loris/Desktop/TestRepositories/Forked/juliet-test-suite-c/Automatic/results/20260703_1454/CWE121/valgrind/bin/CWE121/bad/CWE121_Stack_Based_Buffer_Overflow__CWE805_char_alloca_ncpy_09-bad)
==305029==  Address 0x43434343434343a6 is not stack'd, malloc'd or (recently) free'd
==305029== 
==305029== 
==305029== Process terminating with default action of signal 11 (SIGSEGV)
==305029==  General Protection Fault
==305029==    at 0x10944A: CWE121_Stack_Based_Buffer_Overflow__CWE805_char_alloca_ncpy_09_bad (in /home/loris/Desktop/TestRepositories/Forked/juliet-test-suite-c/Automatic/results/20260703_1454/CWE121/valgrind/bin/CWE121/bad/CWE121_Stack_Based_Buffer_Overflow__CWE805_char_alloca_ncpy_09-bad)
==305029==    by 0x1094AF: main (in /home/loris/Desktop/TestRepositories/Forked/juliet-test-suite-c/Automatic/results/20260703_1454/CWE121/valgrind/bin/CWE121/bad/CWE121_Stack_Based_Buffer_Overflow__CWE805_char_alloca_ncpy_09-bad)
==305029== 
==305029== HEAP SUMMARY:
==305029==     in use at exit: 4,096 bytes in 1 blocks
==305029==   total heap usage: 1 allocs, 0 frees, 4,096 bytes allocated
==305029== 
==305029== LEAK SUMMARY:
==305029==    definitely lost: 0 bytes in 0 blocks
==305029==    indirectly lost: 0 bytes in 0 blocks
==305029==      possibly lost: 0 bytes in 0 blocks
==305029==    still reachable: 4,096 bytes in 1 blocks
==305029==         suppressed: 0 bytes in 0 blocks
==305029== Rerun with --leak-check=full to see details of leaked memory
==305029== 
==305029== For lists of detected and suppressed errors, rerun with: -s
==305029== ERROR SUMMARY: 2 errors from 2 contexts (suppressed: 0 from 0)
