==310261== Memcheck, a memory error detector
==310261== Copyright (C) 2002-2022, and GNU GPL'd, by Julian Seward et al.
==310261== Using Valgrind-3.22.0 and LibVEX; rerun with -h for copyright info
==310261== Command: /home/loris/Desktop/TestRepositories/Forked/juliet-test-suite-c/Automatic/results/20260703_1454/CWE121/valgrind/bin/CWE121/bad/CWE121_Stack_Based_Buffer_Overflow__CWE806_char_alloca_loop_16-bad
==310261== Parent PID: 310260
==310261== 
==310261== 
==310261== Process terminating with default action of signal 6 (SIGABRT)
==310261==    at 0x490DB2C: __pthread_kill_implementation (pthread_kill.c:44)
==310261==    by 0x490DB2C: __pthread_kill_internal (pthread_kill.c:78)
==310261==    by 0x490DB2C: pthread_kill@@GLIBC_2.34 (pthread_kill.c:89)
==310261==    by 0x48B427D: raise (raise.c:26)
==310261==    by 0x48978FE: abort (abort.c:79)
==310261==    by 0x48987B5: __libc_message_impl.cold (libc_fatal.c:134)
==310261==    by 0x49A5C48: __fortify_fail (fortify_fail.c:24)
==310261==    by 0x49A6ED3: __stack_chk_fail (stack_chk_fail.c:24)
==310261==    by 0x10942E: CWE121_Stack_Based_Buffer_Overflow__CWE806_char_alloca_loop_16_bad (in /home/loris/Desktop/TestRepositories/Forked/juliet-test-suite-c/Automatic/results/20260703_1454/CWE121/valgrind/bin/CWE121/bad/CWE121_Stack_Based_Buffer_Overflow__CWE806_char_alloca_loop_16-bad)
==310261==    by 0x4141414141414140: ???
==310261==    by 0x4141414141414140: ???
==310261==    by 0x4141414141414140: ???
==310261==    by 0x1FFE414140: ???
==310261==    by 0x48991C9: (below main) (libc_start_call_main.h:58)
==310261== 
==310261== HEAP SUMMARY:
==310261==     in use at exit: 4,096 bytes in 1 blocks
==310261==   total heap usage: 1 allocs, 0 frees, 4,096 bytes allocated
==310261== 
==310261== LEAK SUMMARY:
==310261==    definitely lost: 0 bytes in 0 blocks
==310261==    indirectly lost: 0 bytes in 0 blocks
==310261==      possibly lost: 0 bytes in 0 blocks
==310261==    still reachable: 4,096 bytes in 1 blocks
==310261==         suppressed: 0 bytes in 0 blocks
==310261== Rerun with --leak-check=full to see details of leaked memory
==310261== 
==310261== For lists of detected and suppressed errors, rerun with: -s
==310261== ERROR SUMMARY: 0 errors from 0 contexts (suppressed: 0 from 0)
