==314761== Memcheck, a memory error detector
==314761== Copyright (C) 2002-2022, and GNU GPL'd, by Julian Seward et al.
==314761== Using Valgrind-3.22.0 and LibVEX; rerun with -h for copyright info
==314761== Command: /home/loris/Desktop/TestRepositories/Forked/juliet-test-suite-c/Automatic/results/20260703_1454/CWE121/valgrind/bin/CWE121/bad/CWE121_Stack_Based_Buffer_Overflow__dest_char_declare_cat_15-bad
==314761== Parent PID: 314760
==314761== 
==314761== Source and destination overlap in strcat(0x1ffefffde0, 0x1ffefffe20)
==314761==    at 0x484EFE3: strcat (in /usr/libexec/valgrind/vgpreload_memcheck-amd64-linux.so)
==314761==    by 0x10932F: CWE121_Stack_Based_Buffer_Overflow__dest_char_declare_cat_15_bad (in /home/loris/Desktop/TestRepositories/Forked/juliet-test-suite-c/Automatic/results/20260703_1454/CWE121/valgrind/bin/CWE121/bad/CWE121_Stack_Based_Buffer_Overflow__dest_char_declare_cat_15-bad)
==314761==    by 0x109392: main (in /home/loris/Desktop/TestRepositories/Forked/juliet-test-suite-c/Automatic/results/20260703_1454/CWE121/valgrind/bin/CWE121/bad/CWE121_Stack_Based_Buffer_Overflow__dest_char_declare_cat_15-bad)
==314761== 
==314761== 
==314761== HEAP SUMMARY:
==314761==     in use at exit: 0 bytes in 0 blocks
==314761==   total heap usage: 1 allocs, 1 frees, 4,096 bytes allocated
==314761== 
==314761== All heap blocks were freed -- no leaks are possible
==314761== 
==314761== For lists of detected and suppressed errors, rerun with: -s
==314761== ERROR SUMMARY: 1 errors from 1 contexts (suppressed: 0 from 0)
