==306074== Memcheck, a memory error detector
==306074== Copyright (C) 2002-2022, and GNU GPL'd, by Julian Seward et al.
==306074== Using Valgrind-3.22.0 and LibVEX; rerun with -h for copyright info
==306074== Command: /home/loris/Desktop/TestRepositories/Forked/juliet-test-suite-c/Automatic/results/20260703_1454/CWE121/valgrind/bin/CWE121/bad/CWE121_Stack_Based_Buffer_Overflow__CWE805_int64_t_alloca_loop_13-bad
==306074== Parent PID: 306073
==306074== 
==306074== Invalid write of size 8
==306074==    at 0x10941A: CWE121_Stack_Based_Buffer_Overflow__CWE805_int64_t_alloca_loop_13_bad (in /home/loris/Desktop/TestRepositories/Forked/juliet-test-suite-c/Automatic/results/20260703_1454/CWE121/valgrind/bin/CWE121/bad/CWE121_Stack_Based_Buffer_Overflow__CWE805_int64_t_alloca_loop_13-bad)
==306074==    by 0x109494: main (in /home/loris/Desktop/TestRepositories/Forked/juliet-test-suite-c/Automatic/results/20260703_1454/CWE121/valgrind/bin/CWE121/bad/CWE121_Stack_Based_Buffer_Overflow__CWE805_int64_t_alloca_loop_13-bad)
==306074==  Address 0x1a8 is not stack'd, malloc'd or (recently) free'd
==306074== 
==306074== 
==306074== Process terminating with default action of signal 11 (SIGSEGV)
==306074==  Access not within mapped region at address 0x1A8
==306074==    at 0x10941A: CWE121_Stack_Based_Buffer_Overflow__CWE805_int64_t_alloca_loop_13_bad (in /home/loris/Desktop/TestRepositories/Forked/juliet-test-suite-c/Automatic/results/20260703_1454/CWE121/valgrind/bin/CWE121/bad/CWE121_Stack_Based_Buffer_Overflow__CWE805_int64_t_alloca_loop_13-bad)
==306074==    by 0x109494: main (in /home/loris/Desktop/TestRepositories/Forked/juliet-test-suite-c/Automatic/results/20260703_1454/CWE121/valgrind/bin/CWE121/bad/CWE121_Stack_Based_Buffer_Overflow__CWE805_int64_t_alloca_loop_13-bad)
==306074==  If you believe this happened as a result of a stack
==306074==  overflow in your program's main thread (unlikely but
==306074==  possible), you can try to increase the size of the
==306074==  main thread stack using the --main-stacksize= flag.
==306074==  The main thread stack size used in this run was 8388608.
==306074== 
==306074== HEAP SUMMARY:
==306074==     in use at exit: 4,096 bytes in 1 blocks
==306074==   total heap usage: 1 allocs, 0 frees, 4,096 bytes allocated
==306074== 
==306074== LEAK SUMMARY:
==306074==    definitely lost: 0 bytes in 0 blocks
==306074==    indirectly lost: 0 bytes in 0 blocks
==306074==      possibly lost: 0 bytes in 0 blocks
==306074==    still reachable: 4,096 bytes in 1 blocks
==306074==         suppressed: 0 bytes in 0 blocks
==306074== Rerun with --leak-check=full to see details of leaked memory
==306074== 
==306074== For lists of detected and suppressed errors, rerun with: -s
==306074== ERROR SUMMARY: 1 errors from 1 contexts (suppressed: 0 from 0)
