==306868== Memcheck, a memory error detector
==306868== Copyright (C) 2002-2022, and GNU GPL'd, by Julian Seward et al.
==306868== Using Valgrind-3.22.0 and LibVEX; rerun with -h for copyright info
==306868== Command: /home/loris/Desktop/TestRepositories/Forked/juliet-test-suite-c/Automatic/results/20260703_1454/CWE121/valgrind/bin/CWE121/bad/CWE121_Stack_Based_Buffer_Overflow__CWE805_int64_t_alloca_memcpy_31-bad
==306868== Parent PID: 306867
==306868== 
==306868== Invalid read of size 8
==306868==    at 0x10943B: CWE121_Stack_Based_Buffer_Overflow__CWE805_int64_t_alloca_memcpy_31_bad (in /home/loris/Desktop/TestRepositories/Forked/juliet-test-suite-c/Automatic/results/20260703_1454/CWE121/valgrind/bin/CWE121/bad/CWE121_Stack_Based_Buffer_Overflow__CWE805_int64_t_alloca_memcpy_31-bad)
==306868==    by 0x109499: main (in /home/loris/Desktop/TestRepositories/Forked/juliet-test-suite-c/Automatic/results/20260703_1454/CWE121/valgrind/bin/CWE121/bad/CWE121_Stack_Based_Buffer_Overflow__CWE805_int64_t_alloca_memcpy_31-bad)
==306868==  Address 0x0 is not stack'd, malloc'd or (recently) free'd
==306868== 
==306868== 
==306868== Process terminating with default action of signal 11 (SIGSEGV)
==306868==  Access not within mapped region at address 0x0
==306868==    at 0x10943B: CWE121_Stack_Based_Buffer_Overflow__CWE805_int64_t_alloca_memcpy_31_bad (in /home/loris/Desktop/TestRepositories/Forked/juliet-test-suite-c/Automatic/results/20260703_1454/CWE121/valgrind/bin/CWE121/bad/CWE121_Stack_Based_Buffer_Overflow__CWE805_int64_t_alloca_memcpy_31-bad)
==306868==    by 0x109499: main (in /home/loris/Desktop/TestRepositories/Forked/juliet-test-suite-c/Automatic/results/20260703_1454/CWE121/valgrind/bin/CWE121/bad/CWE121_Stack_Based_Buffer_Overflow__CWE805_int64_t_alloca_memcpy_31-bad)
==306868==  If you believe this happened as a result of a stack
==306868==  overflow in your program's main thread (unlikely but
==306868==  possible), you can try to increase the size of the
==306868==  main thread stack using the --main-stacksize= flag.
==306868==  The main thread stack size used in this run was 8388608.
==306868== 
==306868== HEAP SUMMARY:
==306868==     in use at exit: 4,096 bytes in 1 blocks
==306868==   total heap usage: 1 allocs, 0 frees, 4,096 bytes allocated
==306868== 
==306868== LEAK SUMMARY:
==306868==    definitely lost: 0 bytes in 0 blocks
==306868==    indirectly lost: 0 bytes in 0 blocks
==306868==      possibly lost: 0 bytes in 0 blocks
==306868==    still reachable: 4,096 bytes in 1 blocks
==306868==         suppressed: 0 bytes in 0 blocks
==306868== Rerun with --leak-check=full to see details of leaked memory
==306868== 
==306868== For lists of detected and suppressed errors, rerun with: -s
==306868== ERROR SUMMARY: 1 errors from 1 contexts (suppressed: 0 from 0)
