==314148== Memcheck, a memory error detector
==314148== Copyright (C) 2002-2022, and GNU GPL'd, by Julian Seward et al.
==314148== Using Valgrind-3.22.0 and LibVEX; rerun with -h for copyright info
==314148== Command: /home/loris/Desktop/TestRepositories/Forked/juliet-test-suite-c/Automatic/results/20260703_1454/CWE121/valgrind/bin/CWE121/bad/CWE121_Stack_Based_Buffer_Overflow__dest_char_alloca_cat_05-bad
==314148== Parent PID: 314147
==314148== 
==314148== Source and destination overlap in strcat(0x1ffefffdd0, 0x1ffefffe30)
==314148==    at 0x484EFE3: strcat (in /usr/libexec/valgrind/vgpreload_memcheck-amd64-linux.so)
==314148==    by 0x109439: CWE121_Stack_Based_Buffer_Overflow__dest_char_alloca_cat_05_bad (in /home/loris/Desktop/TestRepositories/Forked/juliet-test-suite-c/Automatic/results/20260703_1454/CWE121/valgrind/bin/CWE121/bad/CWE121_Stack_Based_Buffer_Overflow__dest_char_alloca_cat_05-bad)
==314148==    by 0x10949C: main (in /home/loris/Desktop/TestRepositories/Forked/juliet-test-suite-c/Automatic/results/20260703_1454/CWE121/valgrind/bin/CWE121/bad/CWE121_Stack_Based_Buffer_Overflow__dest_char_alloca_cat_05-bad)
==314148== 
==314148== Invalid read of size 1
==314148==    at 0x484F226: strlen (in /usr/libexec/valgrind/vgpreload_memcheck-amd64-linux.so)
==314148==    by 0x48F6BFC: puts (ioputs.c:35)
==314148==    by 0x1094D5: printLine (in /home/loris/Desktop/TestRepositories/Forked/juliet-test-suite-c/Automatic/results/20260703_1454/CWE121/valgrind/bin/CWE121/bad/CWE121_Stack_Based_Buffer_Overflow__dest_char_alloca_cat_05-bad)
==314148==    by 0x109448: CWE121_Stack_Based_Buffer_Overflow__dest_char_alloca_cat_05_bad (in /home/loris/Desktop/TestRepositories/Forked/juliet-test-suite-c/Automatic/results/20260703_1454/CWE121/valgrind/bin/CWE121/bad/CWE121_Stack_Based_Buffer_Overflow__dest_char_alloca_cat_05-bad)
==314148==    by 0x10949C: main (in /home/loris/Desktop/TestRepositories/Forked/juliet-test-suite-c/Automatic/results/20260703_1454/CWE121/valgrind/bin/CWE121/bad/CWE121_Stack_Based_Buffer_Overflow__dest_char_alloca_cat_05-bad)
==314148==  Address 0x4343434343434343 is not stack'd, malloc'd or (recently) free'd
==314148== 
==314148== 
==314148== Process terminating with default action of signal 11 (SIGSEGV)
==314148==  General Protection Fault
==314148==    at 0x484F226: strlen (in /usr/libexec/valgrind/vgpreload_memcheck-amd64-linux.so)
==314148==    by 0x48F6BFC: puts (ioputs.c:35)
==314148==    by 0x1094D5: printLine (in /home/loris/Desktop/TestRepositories/Forked/juliet-test-suite-c/Automatic/results/20260703_1454/CWE121/valgrind/bin/CWE121/bad/CWE121_Stack_Based_Buffer_Overflow__dest_char_alloca_cat_05-bad)
==314148==    by 0x109448: CWE121_Stack_Based_Buffer_Overflow__dest_char_alloca_cat_05_bad (in /home/loris/Desktop/TestRepositories/Forked/juliet-test-suite-c/Automatic/results/20260703_1454/CWE121/valgrind/bin/CWE121/bad/CWE121_Stack_Based_Buffer_Overflow__dest_char_alloca_cat_05-bad)
==314148==    by 0x10949C: main (in /home/loris/Desktop/TestRepositories/Forked/juliet-test-suite-c/Automatic/results/20260703_1454/CWE121/valgrind/bin/CWE121/bad/CWE121_Stack_Based_Buffer_Overflow__dest_char_alloca_cat_05-bad)
==314148== 
==314148== HEAP SUMMARY:
==314148==     in use at exit: 4,096 bytes in 1 blocks
==314148==   total heap usage: 1 allocs, 0 frees, 4,096 bytes allocated
==314148== 
==314148== LEAK SUMMARY:
==314148==    definitely lost: 0 bytes in 0 blocks
==314148==    indirectly lost: 0 bytes in 0 blocks
==314148==      possibly lost: 0 bytes in 0 blocks
==314148==    still reachable: 4,096 bytes in 1 blocks
==314148==         suppressed: 0 bytes in 0 blocks
==314148== Rerun with --leak-check=full to see details of leaked memory
==314148== 
==314148== For lists of detected and suppressed errors, rerun with: -s
==314148== ERROR SUMMARY: 2 errors from 2 contexts (suppressed: 0 from 0)
