==306683== Memcheck, a memory error detector
==306683== Copyright (C) 2002-2022, and GNU GPL'd, by Julian Seward et al.
==306683== Using Valgrind-3.22.0 and LibVEX; rerun with -h for copyright info
==306683== Command: /home/loris/Desktop/TestRepositories/Forked/juliet-test-suite-c/Automatic/results/20260703_1454/CWE121/valgrind/bin/CWE121/bad/CWE121_Stack_Based_Buffer_Overflow__CWE805_int64_t_alloca_memcpy_02-bad
==306683== Parent PID: 306682
==306683== 
==306683== Invalid read of size 8
==306683==    at 0x10941F: CWE121_Stack_Based_Buffer_Overflow__CWE805_int64_t_alloca_memcpy_02_bad (in /home/loris/Desktop/TestRepositories/Forked/juliet-test-suite-c/Automatic/results/20260703_1454/CWE121/valgrind/bin/CWE121/bad/CWE121_Stack_Based_Buffer_Overflow__CWE805_int64_t_alloca_memcpy_02-bad)
==306683==    by 0x10947D: main (in /home/loris/Desktop/TestRepositories/Forked/juliet-test-suite-c/Automatic/results/20260703_1454/CWE121/valgrind/bin/CWE121/bad/CWE121_Stack_Based_Buffer_Overflow__CWE805_int64_t_alloca_memcpy_02-bad)
==306683==  Address 0x0 is not stack'd, malloc'd or (recently) free'd
==306683== 
==306683== 
==306683== Process terminating with default action of signal 11 (SIGSEGV)
==306683==  Access not within mapped region at address 0x0
==306683==    at 0x10941F: CWE121_Stack_Based_Buffer_Overflow__CWE805_int64_t_alloca_memcpy_02_bad (in /home/loris/Desktop/TestRepositories/Forked/juliet-test-suite-c/Automatic/results/20260703_1454/CWE121/valgrind/bin/CWE121/bad/CWE121_Stack_Based_Buffer_Overflow__CWE805_int64_t_alloca_memcpy_02-bad)
==306683==    by 0x10947D: main (in /home/loris/Desktop/TestRepositories/Forked/juliet-test-suite-c/Automatic/results/20260703_1454/CWE121/valgrind/bin/CWE121/bad/CWE121_Stack_Based_Buffer_Overflow__CWE805_int64_t_alloca_memcpy_02-bad)
==306683==  If you believe this happened as a result of a stack
==306683==  overflow in your program's main thread (unlikely but
==306683==  possible), you can try to increase the size of the
==306683==  main thread stack using the --main-stacksize= flag.
==306683==  The main thread stack size used in this run was 8388608.
==306683== 
==306683== HEAP SUMMARY:
==306683==     in use at exit: 4,096 bytes in 1 blocks
==306683==   total heap usage: 1 allocs, 0 frees, 4,096 bytes allocated
==306683== 
==306683== LEAK SUMMARY:
==306683==    definitely lost: 0 bytes in 0 blocks
==306683==    indirectly lost: 0 bytes in 0 blocks
==306683==      possibly lost: 0 bytes in 0 blocks
==306683==    still reachable: 4,096 bytes in 1 blocks
==306683==         suppressed: 0 bytes in 0 blocks
==306683== Rerun with --leak-check=full to see details of leaked memory
==306683== 
==306683== For lists of detected and suppressed errors, rerun with: -s
==306683== ERROR SUMMARY: 1 errors from 1 contexts (suppressed: 0 from 0)
