==313950== Memcheck, a memory error detector
==313950== Copyright (C) 2002-2022, and GNU GPL'd, by Julian Seward et al.
==313950== Using Valgrind-3.22.0 and LibVEX; rerun with -h for copyright info
==313950== Command: /home/loris/Desktop/TestRepositories/Forked/juliet-test-suite-c/Automatic/results/20260703_1454/CWE121/valgrind/bin/CWE121/bad/CWE121_Stack_Based_Buffer_Overflow__char_type_overrun_memmove_05-bad
==313950== Parent PID: 313949
==313950== 
==313950== Invalid read of size 1
==313950==    at 0x484F226: strlen (in /usr/libexec/valgrind/vgpreload_memcheck-amd64-linux.so)
==313950==    by 0x48F6BFC: puts (ioputs.c:35)
==313950==    by 0x1093A8: printLine (in /home/loris/Desktop/TestRepositories/Forked/juliet-test-suite-c/Automatic/results/20260703_1454/CWE121/valgrind/bin/CWE121/bad/CWE121_Stack_Based_Buffer_Overflow__char_type_overrun_memmove_05-bad)
==313950==    by 0x10931B: CWE121_Stack_Based_Buffer_Overflow__char_type_overrun_memmove_05_bad (in /home/loris/Desktop/TestRepositories/Forked/juliet-test-suite-c/Automatic/results/20260703_1454/CWE121/valgrind/bin/CWE121/bad/CWE121_Stack_Based_Buffer_Overflow__char_type_overrun_memmove_05-bad)
==313950==    by 0x10936F: main (in /home/loris/Desktop/TestRepositories/Forked/juliet-test-suite-c/Automatic/results/20260703_1454/CWE121/valgrind/bin/CWE121/bad/CWE121_Stack_Based_Buffer_Overflow__char_type_overrun_memmove_05-bad)
==313950==  Address 0x3736353433323130 is not stack'd, malloc'd or (recently) free'd
==313950== 
==313950== 
==313950== Process terminating with default action of signal 11 (SIGSEGV)
==313950==  General Protection Fault
==313950==    at 0x484F226: strlen (in /usr/libexec/valgrind/vgpreload_memcheck-amd64-linux.so)
==313950==    by 0x48F6BFC: puts (ioputs.c:35)
==313950==    by 0x1093A8: printLine (in /home/loris/Desktop/TestRepositories/Forked/juliet-test-suite-c/Automatic/results/20260703_1454/CWE121/valgrind/bin/CWE121/bad/CWE121_Stack_Based_Buffer_Overflow__char_type_overrun_memmove_05-bad)
==313950==    by 0x10931B: CWE121_Stack_Based_Buffer_Overflow__char_type_overrun_memmove_05_bad (in /home/loris/Desktop/TestRepositories/Forked/juliet-test-suite-c/Automatic/results/20260703_1454/CWE121/valgrind/bin/CWE121/bad/CWE121_Stack_Based_Buffer_Overflow__char_type_overrun_memmove_05-bad)
==313950==    by 0x10936F: main (in /home/loris/Desktop/TestRepositories/Forked/juliet-test-suite-c/Automatic/results/20260703_1454/CWE121/valgrind/bin/CWE121/bad/CWE121_Stack_Based_Buffer_Overflow__char_type_overrun_memmove_05-bad)
==313950== 
==313950== HEAP SUMMARY:
==313950==     in use at exit: 4,096 bytes in 1 blocks
==313950==   total heap usage: 1 allocs, 0 frees, 4,096 bytes allocated
==313950== 
==313950== LEAK SUMMARY:
==313950==    definitely lost: 0 bytes in 0 blocks
==313950==    indirectly lost: 0 bytes in 0 blocks
==313950==      possibly lost: 0 bytes in 0 blocks
==313950==    still reachable: 4,096 bytes in 1 blocks
==313950==         suppressed: 0 bytes in 0 blocks
==313950== Rerun with --leak-check=full to see details of leaked memory
==313950== 
==313950== For lists of detected and suppressed errors, rerun with: -s
==313950== ERROR SUMMARY: 1 errors from 1 contexts (suppressed: 0 from 0)
