==315919== Memcheck, a memory error detector
==315919== Copyright (C) 2002-2022, and GNU GPL'd, by Julian Seward et al.
==315919== Using Valgrind-3.22.0 and LibVEX; rerun with -h for copyright info
==315919== Command: /home/loris/Desktop/TestRepositories/Forked/juliet-test-suite-c/Automatic/results/20260703_1454/CWE121/valgrind/bin/CWE121/bad/CWE121_Stack_Based_Buffer_Overflow__src_char_declare_cpy_11-bad
==315919== Parent PID: 315918
==315919== 
==315919== Source and destination overlap in strcpy(0x1ffefffdf0, 0x1ffefffe30)
==315919==    at 0x484F413: strcpy (in /usr/libexec/valgrind/vgpreload_memcheck-amd64-linux.so)
==315919==    by 0x109387: CWE121_Stack_Based_Buffer_Overflow__src_char_declare_cpy_11_bad (in /home/loris/Desktop/TestRepositories/Forked/juliet-test-suite-c/Automatic/results/20260703_1454/CWE121/valgrind/bin/CWE121/bad/CWE121_Stack_Based_Buffer_Overflow__src_char_declare_cpy_11-bad)
==315919==    by 0x1093EA: main (in /home/loris/Desktop/TestRepositories/Forked/juliet-test-suite-c/Automatic/results/20260703_1454/CWE121/valgrind/bin/CWE121/bad/CWE121_Stack_Based_Buffer_Overflow__src_char_declare_cpy_11-bad)
==315919== 
==315919== 
==315919== HEAP SUMMARY:
==315919==     in use at exit: 0 bytes in 0 blocks
==315919==   total heap usage: 1 allocs, 1 frees, 4,096 bytes allocated
==315919== 
==315919== All heap blocks were freed -- no leaks are possible
==315919== 
==315919== For lists of detected and suppressed errors, rerun with: -s
==315919== ERROR SUMMARY: 1 errors from 1 contexts (suppressed: 0 from 0)
