==311365== Memcheck, a memory error detector
==311365== Copyright (C) 2002-2022, and GNU GPL'd, by Julian Seward et al.
==311365== Using Valgrind-3.22.0 and LibVEX; rerun with -h for copyright info
==311365== Command: /home/loris/Desktop/TestRepositories/Forked/juliet-test-suite-c/Automatic/results/20260703_1454/CWE121/valgrind/bin/CWE121/bad/CWE121_Stack_Based_Buffer_Overflow__CWE806_char_alloca_ncat_04-bad
==311365== Parent PID: 311364
==311365== 
==311365== 
==311365== Process terminating with default action of signal 6 (SIGABRT)
==311365==    at 0x490DB2C: __pthread_kill_implementation (pthread_kill.c:44)
==311365==    by 0x490DB2C: __pthread_kill_internal (pthread_kill.c:78)
==311365==    by 0x490DB2C: pthread_kill@@GLIBC_2.34 (pthread_kill.c:89)
==311365==    by 0x48B427D: raise (raise.c:26)
==311365==    by 0x48978FE: abort (abort.c:79)
==311365==    by 0x48987B5: __libc_message_impl.cold (libc_fatal.c:134)
==311365==    by 0x49A5C48: __fortify_fail (fortify_fail.c:24)
==311365==    by 0x49A6ED3: __stack_chk_fail (stack_chk_fail.c:24)
==311365==    by 0x109434: CWE121_Stack_Based_Buffer_Overflow__CWE806_char_alloca_ncat_04_bad (in /home/loris/Desktop/TestRepositories/Forked/juliet-test-suite-c/Automatic/results/20260703_1454/CWE121/valgrind/bin/CWE121/bad/CWE121_Stack_Based_Buffer_Overflow__CWE806_char_alloca_ncat_04-bad)
==311365==    by 0x4141414141414140: ???
==311365==    by 0x4141414141414140: ???
==311365==    by 0x4141414141414140: ???
==311365==    by 0x1F00414140: ???
==311365==    by 0x48991C9: (below main) (libc_start_call_main.h:58)
==311365== 
==311365== HEAP SUMMARY:
==311365==     in use at exit: 4,096 bytes in 1 blocks
==311365==   total heap usage: 1 allocs, 0 frees, 4,096 bytes allocated
==311365== 
==311365== LEAK SUMMARY:
==311365==    definitely lost: 0 bytes in 0 blocks
==311365==    indirectly lost: 0 bytes in 0 blocks
==311365==      possibly lost: 0 bytes in 0 blocks
==311365==    still reachable: 4,096 bytes in 1 blocks
==311365==         suppressed: 0 bytes in 0 blocks
==311365== Rerun with --leak-check=full to see details of leaked memory
==311365== 
==311365== For lists of detected and suppressed errors, rerun with: -s
==311365== ERROR SUMMARY: 0 errors from 0 contexts (suppressed: 0 from 0)
