==303042== Memcheck, a memory error detector
==303042== Copyright (C) 2002-2022, and GNU GPL'd, by Julian Seward et al.
==303042== Using Valgrind-3.22.0 and LibVEX; rerun with -h for copyright info
==303042== Command: /home/loris/Desktop/TestRepositories/Forked/juliet-test-suite-c/Automatic/results/20260703_1454/CWE121/valgrind/bin/CWE121/bad/CWE121_Stack_Based_Buffer_Overflow__CWE135_41-bad
==303042== Parent PID: 303041
==303042== 
==303042== Invalid read of size 1
==303042==    at 0x484F226: strlen (in /usr/libexec/valgrind/vgpreload_memcheck-amd64-linux.so)
==303042==    by 0x48F6BFC: puts (ioputs.c:35)
==303042==    by 0x109462: printLine (in /home/loris/Desktop/TestRepositories/Forked/juliet-test-suite-c/Automatic/results/20260703_1454/CWE121/valgrind/bin/CWE121/bad/CWE121_Stack_Based_Buffer_Overflow__CWE135_41-bad)
==303042==    by 0x1093A7: badSink (in /home/loris/Desktop/TestRepositories/Forked/juliet-test-suite-c/Automatic/results/20260703_1454/CWE121/valgrind/bin/CWE121/bad/CWE121_Stack_Based_Buffer_Overflow__CWE135_41-bad)
==303042==    by 0x4100000040: ???
==303042==    by 0x4100000040: ???
==303042==    by 0x4100000040: ???
==303042==    by 0x4100000040: ???
==303042==    by 0x4100000040: ???
==303042==    by 0x4100000040: ???
==303042==    by 0x4100000040: ???
==303042==    by 0x4100000040: ???
==303042==  Address 0x4100000041 is not stack'd, malloc'd or (recently) free'd
==303042== 
==303042== 
==303042== Process terminating with default action of signal 11 (SIGSEGV)
==303042==  Access not within mapped region at address 0x4100000041
==303042==    at 0x484F226: strlen (in /usr/libexec/valgrind/vgpreload_memcheck-amd64-linux.so)
==303042==    by 0x48F6BFC: puts (ioputs.c:35)
==303042==    by 0x109462: printLine (in /home/loris/Desktop/TestRepositories/Forked/juliet-test-suite-c/Automatic/results/20260703_1454/CWE121/valgrind/bin/CWE121/bad/CWE121_Stack_Based_Buffer_Overflow__CWE135_41-bad)
==303042==    by 0x1093A7: badSink (in /home/loris/Desktop/TestRepositories/Forked/juliet-test-suite-c/Automatic/results/20260703_1454/CWE121/valgrind/bin/CWE121/bad/CWE121_Stack_Based_Buffer_Overflow__CWE135_41-bad)
==303042==    by 0x4100000040: ???
==303042==    by 0x4100000040: ???
==303042==    by 0x4100000040: ???
==303042==    by 0x4100000040: ???
==303042==    by 0x4100000040: ???
==303042==    by 0x4100000040: ???
==303042==    by 0x4100000040: ???
==303042==    by 0x4100000040: ???
==303042==  If you believe this happened as a result of a stack
==303042==  overflow in your program's main thread (unlikely but
==303042==  possible), you can try to increase the size of the
==303042==  main thread stack using the --main-stacksize= flag.
==303042==  The main thread stack size used in this run was 8388608.
==303042== 
==303042== HEAP SUMMARY:
==303042==     in use at exit: 4,096 bytes in 1 blocks
==303042==   total heap usage: 1 allocs, 0 frees, 4,096 bytes allocated
==303042== 
==303042== LEAK SUMMARY:
==303042==    definitely lost: 0 bytes in 0 blocks
==303042==    indirectly lost: 0 bytes in 0 blocks
==303042==      possibly lost: 0 bytes in 0 blocks
==303042==    still reachable: 4,096 bytes in 1 blocks
==303042==         suppressed: 0 bytes in 0 blocks
==303042== Rerun with --leak-check=full to see details of leaked memory
==303042== 
==303042== For lists of detected and suppressed errors, rerun with: -s
==303042== ERROR SUMMARY: 1 errors from 1 contexts (suppressed: 0 from 0)
