==309663== Memcheck, a memory error detector
==309663== Copyright (C) 2002-2022, and GNU GPL'd, by Julian Seward et al.
==309663== Using Valgrind-3.22.0 and LibVEX; rerun with -h for copyright info
==309663== Command: /home/loris/Desktop/TestRepositories/Forked/juliet-test-suite-c/Automatic/results/20260703_1454/CWE121/valgrind/bin/CWE121/bad/CWE121_Stack_Based_Buffer_Overflow__CWE805_struct_alloca_memmove_15-bad
==309663== Parent PID: 309662
==309663== 
==309663== Invalid read of size 4
==309663==    at 0x109761: printStructLine (in /home/loris/Desktop/TestRepositories/Forked/juliet-test-suite-c/Automatic/results/20260703_1454/CWE121/valgrind/bin/CWE121/bad/CWE121_Stack_Based_Buffer_Overflow__CWE805_struct_alloca_memmove_15-bad)
==309663==    by 0x109453: CWE121_Stack_Based_Buffer_Overflow__CWE805_struct_alloca_memmove_15_bad (in /home/loris/Desktop/TestRepositories/Forked/juliet-test-suite-c/Automatic/results/20260703_1454/CWE121/valgrind/bin/CWE121/bad/CWE121_Stack_Based_Buffer_Overflow__CWE805_struct_alloca_memmove_15-bad)
==309663==    by 0x1094A7: main (in /home/loris/Desktop/TestRepositories/Forked/juliet-test-suite-c/Automatic/results/20260703_1454/CWE121/valgrind/bin/CWE121/bad/CWE121_Stack_Based_Buffer_Overflow__CWE805_struct_alloca_memmove_15-bad)
==309663==  Address 0x4 is not stack'd, malloc'd or (recently) free'd
==309663== 
==309663== 
==309663== Process terminating with default action of signal 11 (SIGSEGV)
==309663==  Access not within mapped region at address 0x4
==309663==    at 0x109761: printStructLine (in /home/loris/Desktop/TestRepositories/Forked/juliet-test-suite-c/Automatic/results/20260703_1454/CWE121/valgrind/bin/CWE121/bad/CWE121_Stack_Based_Buffer_Overflow__CWE805_struct_alloca_memmove_15-bad)
==309663==    by 0x109453: CWE121_Stack_Based_Buffer_Overflow__CWE805_struct_alloca_memmove_15_bad (in /home/loris/Desktop/TestRepositories/Forked/juliet-test-suite-c/Automatic/results/20260703_1454/CWE121/valgrind/bin/CWE121/bad/CWE121_Stack_Based_Buffer_Overflow__CWE805_struct_alloca_memmove_15-bad)
==309663==    by 0x1094A7: main (in /home/loris/Desktop/TestRepositories/Forked/juliet-test-suite-c/Automatic/results/20260703_1454/CWE121/valgrind/bin/CWE121/bad/CWE121_Stack_Based_Buffer_Overflow__CWE805_struct_alloca_memmove_15-bad)
==309663==  If you believe this happened as a result of a stack
==309663==  overflow in your program's main thread (unlikely but
==309663==  possible), you can try to increase the size of the
==309663==  main thread stack using the --main-stacksize= flag.
==309663==  The main thread stack size used in this run was 8388608.
==309663== 
==309663== HEAP SUMMARY:
==309663==     in use at exit: 4,096 bytes in 1 blocks
==309663==   total heap usage: 1 allocs, 0 frees, 4,096 bytes allocated
==309663== 
==309663== LEAK SUMMARY:
==309663==    definitely lost: 0 bytes in 0 blocks
==309663==    indirectly lost: 0 bytes in 0 blocks
==309663==      possibly lost: 0 bytes in 0 blocks
==309663==    still reachable: 4,096 bytes in 1 blocks
==309663==         suppressed: 0 bytes in 0 blocks
==309663== Rerun with --leak-check=full to see details of leaked memory
==309663== 
==309663== For lists of detected and suppressed errors, rerun with: -s
==309663== ERROR SUMMARY: 1 errors from 1 contexts (suppressed: 0 from 0)
