==313085== Memcheck, a memory error detector
==313085== Copyright (C) 2002-2022, and GNU GPL'd, by Julian Seward et al.
==313085== Using Valgrind-3.22.0 and LibVEX; rerun with -h for copyright info
==313085== Command: /home/loris/Desktop/TestRepositories/Forked/juliet-test-suite-c/Automatic/results/20260703_1454/CWE121/valgrind/bin/CWE121/bad/CWE121_Stack_Based_Buffer_Overflow__CWE806_char_declare_memmove_64-bad
==313085== Parent PID: 313084
==313085== 
==313085== 
==313085== Process terminating with default action of signal 6 (SIGABRT)
==313085==    at 0x490DB2C: __pthread_kill_implementation (pthread_kill.c:44)
==313085==    by 0x490DB2C: __pthread_kill_internal (pthread_kill.c:78)
==313085==    by 0x490DB2C: pthread_kill@@GLIBC_2.34 (pthread_kill.c:89)
==313085==    by 0x48B427D: raise (raise.c:26)
==313085==    by 0x48978FE: abort (abort.c:79)
==313085==    by 0x48987B5: __libc_message_impl.cold (libc_fatal.c:134)
==313085==    by 0x49A5C48: __fortify_fail (fortify_fail.c:24)
==313085==    by 0x49A6ED3: __stack_chk_fail (stack_chk_fail.c:24)
==313085==    by 0x109451: CWE121_Stack_Based_Buffer_Overflow__CWE806_char_declare_memmove_64b_badSink (in /home/loris/Desktop/TestRepositories/Forked/juliet-test-suite-c/Automatic/results/20260703_1454/CWE121/valgrind/bin/CWE121/bad/CWE121_Stack_Based_Buffer_Overflow__CWE806_char_declare_memmove_64-bad)
==313085==    by 0x4141414141414140: ???
==313085==    by 0x4141414141414140: ???
==313085==    by 0x4141414141414140: ???
==313085==    by 0x4141414141414140: ???
==313085==    by 0x4141414141414140: ???
==313085== 
==313085== HEAP SUMMARY:
==313085==     in use at exit: 4,096 bytes in 1 blocks
==313085==   total heap usage: 1 allocs, 0 frees, 4,096 bytes allocated
==313085== 
==313085== LEAK SUMMARY:
==313085==    definitely lost: 0 bytes in 0 blocks
==313085==    indirectly lost: 0 bytes in 0 blocks
==313085==      possibly lost: 0 bytes in 0 blocks
==313085==    still reachable: 4,096 bytes in 1 blocks
==313085==         suppressed: 0 bytes in 0 blocks
==313085== Rerun with --leak-check=full to see details of leaked memory
==313085== 
==313085== For lists of detected and suppressed errors, rerun with: -s
==313085== ERROR SUMMARY: 0 errors from 0 contexts (suppressed: 0 from 0)
