==313158== Memcheck, a memory error detector
==313158== Copyright (C) 2002-2022, and GNU GPL'd, by Julian Seward et al.
==313158== Using Valgrind-3.22.0 and LibVEX; rerun with -h for copyright info
==313158== Command: /home/loris/Desktop/TestRepositories/Forked/juliet-test-suite-c/Automatic/results/20260703_1454/CWE121/valgrind/bin/CWE121/bad/CWE121_Stack_Based_Buffer_Overflow__CWE806_char_declare_ncat_08-bad
==313158== Parent PID: 313157
==313158== 
==313158== Source and destination overlap in strncat(0x1ffefffde0, 0x1ffefffe20, 99)
==313158==    at 0x484F197: strncat (in /usr/libexec/valgrind/vgpreload_memcheck-amd64-linux.so)
==313158==    by 0x1093D7: CWE121_Stack_Based_Buffer_Overflow__CWE806_char_declare_ncat_08_bad (in /home/loris/Desktop/TestRepositories/Forked/juliet-test-suite-c/Automatic/results/20260703_1454/CWE121/valgrind/bin/CWE121/bad/CWE121_Stack_Based_Buffer_Overflow__CWE806_char_declare_ncat_08-bad)
==313158==    by 0x10943E: main (in /home/loris/Desktop/TestRepositories/Forked/juliet-test-suite-c/Automatic/results/20260703_1454/CWE121/valgrind/bin/CWE121/bad/CWE121_Stack_Based_Buffer_Overflow__CWE806_char_declare_ncat_08-bad)
==313158== 
==313158== 
==313158== HEAP SUMMARY:
==313158==     in use at exit: 0 bytes in 0 blocks
==313158==   total heap usage: 1 allocs, 1 frees, 4,096 bytes allocated
==313158== 
==313158== All heap blocks were freed -- no leaks are possible
==313158== 
==313158== For lists of detected and suppressed errors, rerun with: -s
==313158== ERROR SUMMARY: 1 errors from 1 contexts (suppressed: 0 from 0)
