==314536== Memcheck, a memory error detector
==314536== Copyright (C) 2002-2022, and GNU GPL'd, by Julian Seward et al.
==314536== Using Valgrind-3.22.0 and LibVEX; rerun with -h for copyright info
==314536== Command: /home/loris/Desktop/TestRepositories/Forked/juliet-test-suite-c/Automatic/results/20260703_1454/CWE121/valgrind/bin/CWE121/bad/CWE121_Stack_Based_Buffer_Overflow__dest_char_alloca_cpy_12-bad
==314536== Parent PID: 314535
==314536== 
==314536== Source and destination overlap in strcpy(0x1ffefffdd0, 0x1ffefffe30)
==314536==    at 0x484F413: strcpy (in /usr/libexec/valgrind/vgpreload_memcheck-amd64-linux.so)
==314536==    by 0x109454: CWE121_Stack_Based_Buffer_Overflow__dest_char_alloca_cpy_12_bad (in /home/loris/Desktop/TestRepositories/Forked/juliet-test-suite-c/Automatic/results/20260703_1454/CWE121/valgrind/bin/CWE121/bad/CWE121_Stack_Based_Buffer_Overflow__dest_char_alloca_cpy_12-bad)
==314536==    by 0x1094B7: main (in /home/loris/Desktop/TestRepositories/Forked/juliet-test-suite-c/Automatic/results/20260703_1454/CWE121/valgrind/bin/CWE121/bad/CWE121_Stack_Based_Buffer_Overflow__dest_char_alloca_cpy_12-bad)
==314536== 
==314536== Invalid read of size 1
==314536==    at 0x484F226: strlen (in /usr/libexec/valgrind/vgpreload_memcheck-amd64-linux.so)
==314536==    by 0x48F6BFC: puts (ioputs.c:35)
==314536==    by 0x1094F0: printLine (in /home/loris/Desktop/TestRepositories/Forked/juliet-test-suite-c/Automatic/results/20260703_1454/CWE121/valgrind/bin/CWE121/bad/CWE121_Stack_Based_Buffer_Overflow__dest_char_alloca_cpy_12-bad)
==314536==    by 0x109463: CWE121_Stack_Based_Buffer_Overflow__dest_char_alloca_cpy_12_bad (in /home/loris/Desktop/TestRepositories/Forked/juliet-test-suite-c/Automatic/results/20260703_1454/CWE121/valgrind/bin/CWE121/bad/CWE121_Stack_Based_Buffer_Overflow__dest_char_alloca_cpy_12-bad)
==314536==    by 0x1094B7: main (in /home/loris/Desktop/TestRepositories/Forked/juliet-test-suite-c/Automatic/results/20260703_1454/CWE121/valgrind/bin/CWE121/bad/CWE121_Stack_Based_Buffer_Overflow__dest_char_alloca_cpy_12-bad)
==314536==  Address 0x4343434343434343 is not stack'd, malloc'd or (recently) free'd
==314536== 
==314536== 
==314536== Process terminating with default action of signal 11 (SIGSEGV)
==314536==  General Protection Fault
==314536==    at 0x484F226: strlen (in /usr/libexec/valgrind/vgpreload_memcheck-amd64-linux.so)
==314536==    by 0x48F6BFC: puts (ioputs.c:35)
==314536==    by 0x1094F0: printLine (in /home/loris/Desktop/TestRepositories/Forked/juliet-test-suite-c/Automatic/results/20260703_1454/CWE121/valgrind/bin/CWE121/bad/CWE121_Stack_Based_Buffer_Overflow__dest_char_alloca_cpy_12-bad)
==314536==    by 0x109463: CWE121_Stack_Based_Buffer_Overflow__dest_char_alloca_cpy_12_bad (in /home/loris/Desktop/TestRepositories/Forked/juliet-test-suite-c/Automatic/results/20260703_1454/CWE121/valgrind/bin/CWE121/bad/CWE121_Stack_Based_Buffer_Overflow__dest_char_alloca_cpy_12-bad)
==314536==    by 0x1094B7: main (in /home/loris/Desktop/TestRepositories/Forked/juliet-test-suite-c/Automatic/results/20260703_1454/CWE121/valgrind/bin/CWE121/bad/CWE121_Stack_Based_Buffer_Overflow__dest_char_alloca_cpy_12-bad)
==314536== 
==314536== HEAP SUMMARY:
==314536==     in use at exit: 4,096 bytes in 1 blocks
==314536==   total heap usage: 1 allocs, 0 frees, 4,096 bytes allocated
==314536== 
==314536== LEAK SUMMARY:
==314536==    definitely lost: 0 bytes in 0 blocks
==314536==    indirectly lost: 0 bytes in 0 blocks
==314536==      possibly lost: 0 bytes in 0 blocks
==314536==    still reachable: 4,096 bytes in 1 blocks
==314536==         suppressed: 0 bytes in 0 blocks
==314536== Rerun with --leak-check=full to see details of leaked memory
==314536== 
==314536== For lists of detected and suppressed errors, rerun with: -s
==314536== ERROR SUMMARY: 2 errors from 2 contexts (suppressed: 0 from 0)
