==304172== Memcheck, a memory error detector
==304172== Copyright (C) 2002-2022, and GNU GPL'd, by Julian Seward et al.
==304172== Using Valgrind-3.22.0 and LibVEX; rerun with -h for copyright info
==304172== Command: /home/loris/Desktop/TestRepositories/Forked/juliet-test-suite-c/Automatic/results/20260703_1454/CWE121/valgrind/bin/CWE121/bad/CWE121_Stack_Based_Buffer_Overflow__CWE805_char_alloca_memcpy_14-bad
==304172== Parent PID: 304171
==304172== 
==304172== Invalid write of size 1
==304172==    at 0x109486: CWE121_Stack_Based_Buffer_Overflow__CWE805_char_alloca_memcpy_14_bad (in /home/loris/Desktop/TestRepositories/Forked/juliet-test-suite-c/Automatic/results/20260703_1454/CWE121/valgrind/bin/CWE121/bad/CWE121_Stack_Based_Buffer_Overflow__CWE805_char_alloca_memcpy_14-bad)
==304172==    by 0x1094EF: main (in /home/loris/Desktop/TestRepositories/Forked/juliet-test-suite-c/Automatic/results/20260703_1454/CWE121/valgrind/bin/CWE121/bad/CWE121_Stack_Based_Buffer_Overflow__CWE805_char_alloca_memcpy_14-bad)
==304172==  Address 0x43434343434343a6 is not stack'd, malloc'd or (recently) free'd
==304172== 
==304172== 
==304172== Process terminating with default action of signal 11 (SIGSEGV)
==304172==  General Protection Fault
==304172==    at 0x109486: CWE121_Stack_Based_Buffer_Overflow__CWE805_char_alloca_memcpy_14_bad (in /home/loris/Desktop/TestRepositories/Forked/juliet-test-suite-c/Automatic/results/20260703_1454/CWE121/valgrind/bin/CWE121/bad/CWE121_Stack_Based_Buffer_Overflow__CWE805_char_alloca_memcpy_14-bad)
==304172==    by 0x1094EF: main (in /home/loris/Desktop/TestRepositories/Forked/juliet-test-suite-c/Automatic/results/20260703_1454/CWE121/valgrind/bin/CWE121/bad/CWE121_Stack_Based_Buffer_Overflow__CWE805_char_alloca_memcpy_14-bad)
==304172== 
==304172== HEAP SUMMARY:
==304172==     in use at exit: 4,096 bytes in 1 blocks
==304172==   total heap usage: 1 allocs, 0 frees, 4,096 bytes allocated
==304172== 
==304172== LEAK SUMMARY:
==304172==    definitely lost: 0 bytes in 0 blocks
==304172==    indirectly lost: 0 bytes in 0 blocks
==304172==      possibly lost: 0 bytes in 0 blocks
==304172==    still reachable: 4,096 bytes in 1 blocks
==304172==         suppressed: 0 bytes in 0 blocks
==304172== Rerun with --leak-check=full to see details of leaked memory
==304172== 
==304172== For lists of detected and suppressed errors, rerun with: -s
==304172== ERROR SUMMARY: 1 errors from 1 contexts (suppressed: 0 from 0)
