==302271== Memcheck, a memory error detector
==302271== Copyright (C) 2002-2022, and GNU GPL'd, by Julian Seward et al.
==302271== Using Valgrind-3.22.0 and LibVEX; rerun with -h for copyright info
==302271== Command: /home/loris/Desktop/TestRepositories/Forked/juliet-test-suite-c/Automatic/results/20260703_1454/CWE121/valgrind/bin/CWE121/bad/CWE121_Stack_Based_Buffer_Overflow__CWE129_listen_socket_32-bad
==302271== Parent PID: 302270
==302271== 
==302271== 
==302271== Process terminating with default action of signal 15 (SIGTERM)
==302271==    at 0x499A834: accept (accept.c:26)
==302271==    by 0x109486: CWE121_Stack_Based_Buffer_Overflow__CWE129_listen_socket_32_bad (in /home/loris/Desktop/TestRepositories/Forked/juliet-test-suite-c/Automatic/results/20260703_1454/CWE121/valgrind/bin/CWE121/bad/CWE121_Stack_Based_Buffer_Overflow__CWE129_listen_socket_32-bad)
==302271==    by 0x1095B9: main (in /home/loris/Desktop/TestRepositories/Forked/juliet-test-suite-c/Automatic/results/20260703_1454/CWE121/valgrind/bin/CWE121/bad/CWE121_Stack_Based_Buffer_Overflow__CWE129_listen_socket_32-bad)
==302271== 
==302271== HEAP SUMMARY:
==302271==     in use at exit: 4,096 bytes in 1 blocks
==302271==   total heap usage: 1 allocs, 0 frees, 4,096 bytes allocated
==302271== 
==302271== LEAK SUMMARY:
==302271==    definitely lost: 0 bytes in 0 blocks
==302271==    indirectly lost: 0 bytes in 0 blocks
==302271==      possibly lost: 0 bytes in 0 blocks
==302271==    still reachable: 4,096 bytes in 1 blocks
==302271==         suppressed: 0 bytes in 0 blocks
==302271== Rerun with --leak-check=full to see details of leaked memory
==302271== 
==302271== For lists of detected and suppressed errors, rerun with: -s
==302271== ERROR SUMMARY: 0 errors from 0 contexts (suppressed: 0 from 0)
