==304752== Memcheck, a memory error detector
==304752== Copyright (C) 2002-2022, and GNU GPL'd, by Julian Seward et al.
==304752== Using Valgrind-3.22.0 and LibVEX; rerun with -h for copyright info
==304752== Command: /home/loris/Desktop/TestRepositories/Forked/juliet-test-suite-c/Automatic/results/20260703_1454/CWE121/valgrind/bin/CWE121/bad/CWE121_Stack_Based_Buffer_Overflow__CWE805_char_alloca_ncat_11-bad
==304752== Parent PID: 304751
==304752== 
==304752== Source and destination overlap in strncat(0x1ffefffdc0, 0x1ffefffe20, 100)
==304752==    at 0x484F197: strncat (in /usr/libexec/valgrind/vgpreload_memcheck-amd64-linux.so)
==304752==    by 0x109442: CWE121_Stack_Based_Buffer_Overflow__CWE805_char_alloca_ncat_11_bad (in /home/loris/Desktop/TestRepositories/Forked/juliet-test-suite-c/Automatic/results/20260703_1454/CWE121/valgrind/bin/CWE121/bad/CWE121_Stack_Based_Buffer_Overflow__CWE805_char_alloca_ncat_11-bad)
==304752==    by 0x1094A5: main (in /home/loris/Desktop/TestRepositories/Forked/juliet-test-suite-c/Automatic/results/20260703_1454/CWE121/valgrind/bin/CWE121/bad/CWE121_Stack_Based_Buffer_Overflow__CWE805_char_alloca_ncat_11-bad)
==304752== 
==304752== Invalid read of size 1
==304752==    at 0x484F226: strlen (in /usr/libexec/valgrind/vgpreload_memcheck-amd64-linux.so)
==304752==    by 0x48F6BFC: puts (ioputs.c:35)
==304752==    by 0x1094DE: printLine (in /home/loris/Desktop/TestRepositories/Forked/juliet-test-suite-c/Automatic/results/20260703_1454/CWE121/valgrind/bin/CWE121/bad/CWE121_Stack_Based_Buffer_Overflow__CWE805_char_alloca_ncat_11-bad)
==304752==    by 0x109451: CWE121_Stack_Based_Buffer_Overflow__CWE805_char_alloca_ncat_11_bad (in /home/loris/Desktop/TestRepositories/Forked/juliet-test-suite-c/Automatic/results/20260703_1454/CWE121/valgrind/bin/CWE121/bad/CWE121_Stack_Based_Buffer_Overflow__CWE805_char_alloca_ncat_11-bad)
==304752==    by 0x1094A5: main (in /home/loris/Desktop/TestRepositories/Forked/juliet-test-suite-c/Automatic/results/20260703_1454/CWE121/valgrind/bin/CWE121/bad/CWE121_Stack_Based_Buffer_Overflow__CWE805_char_alloca_ncat_11-bad)
==304752==  Address 0x4343434343434343 is not stack'd, malloc'd or (recently) free'd
==304752== 
==304752== 
==304752== Process terminating with default action of signal 11 (SIGSEGV)
==304752==  General Protection Fault
==304752==    at 0x484F226: strlen (in /usr/libexec/valgrind/vgpreload_memcheck-amd64-linux.so)
==304752==    by 0x48F6BFC: puts (ioputs.c:35)
==304752==    by 0x1094DE: printLine (in /home/loris/Desktop/TestRepositories/Forked/juliet-test-suite-c/Automatic/results/20260703_1454/CWE121/valgrind/bin/CWE121/bad/CWE121_Stack_Based_Buffer_Overflow__CWE805_char_alloca_ncat_11-bad)
==304752==    by 0x109451: CWE121_Stack_Based_Buffer_Overflow__CWE805_char_alloca_ncat_11_bad (in /home/loris/Desktop/TestRepositories/Forked/juliet-test-suite-c/Automatic/results/20260703_1454/CWE121/valgrind/bin/CWE121/bad/CWE121_Stack_Based_Buffer_Overflow__CWE805_char_alloca_ncat_11-bad)
==304752==    by 0x1094A5: main (in /home/loris/Desktop/TestRepositories/Forked/juliet-test-suite-c/Automatic/results/20260703_1454/CWE121/valgrind/bin/CWE121/bad/CWE121_Stack_Based_Buffer_Overflow__CWE805_char_alloca_ncat_11-bad)
==304752== 
==304752== HEAP SUMMARY:
==304752==     in use at exit: 4,096 bytes in 1 blocks
==304752==   total heap usage: 1 allocs, 0 frees, 4,096 bytes allocated
==304752== 
==304752== LEAK SUMMARY:
==304752==    definitely lost: 0 bytes in 0 blocks
==304752==    indirectly lost: 0 bytes in 0 blocks
==304752==      possibly lost: 0 bytes in 0 blocks
==304752==    still reachable: 4,096 bytes in 1 blocks
==304752==         suppressed: 0 bytes in 0 blocks
==304752== Rerun with --leak-check=full to see details of leaked memory
==304752== 
==304752== For lists of detected and suppressed errors, rerun with: -s
==304752== ERROR SUMMARY: 2 errors from 2 contexts (suppressed: 0 from 0)
