==301959== Memcheck, a memory error detector
==301959== Copyright (C) 2002-2022, and GNU GPL'd, by Julian Seward et al.
==301959== Using Valgrind-3.22.0 and LibVEX; rerun with -h for copyright info
==301959== Command: /home/loris/Desktop/TestRepositories/Forked/juliet-test-suite-c/Automatic/results/20260703_1454/CWE121/valgrind/bin/CWE121/bad/CWE121_Stack_Based_Buffer_Overflow__CWE129_large_15-bad
==301959== Parent PID: 301958
==301959== 
==301959== 
==301959== Process terminating with default action of signal 6 (SIGABRT)
==301959==    at 0x490DB2C: __pthread_kill_implementation (pthread_kill.c:44)
==301959==    by 0x490DB2C: __pthread_kill_internal (pthread_kill.c:78)
==301959==    by 0x490DB2C: pthread_kill@@GLIBC_2.34 (pthread_kill.c:89)
==301959==    by 0x48B427D: raise (raise.c:26)
==301959==    by 0x48978FE: abort (abort.c:79)
==301959==    by 0x48987B5: __libc_message_impl.cold (libc_fatal.c:134)
==301959==    by 0x49A5C48: __fortify_fail (fortify_fail.c:24)
==301959==    by 0x49A6ED3: __stack_chk_fail (stack_chk_fail.c:24)
==301959==    by 0x109320: CWE121_Stack_Based_Buffer_Overflow__CWE129_large_15_bad (in /home/loris/Desktop/TestRepositories/Forked/juliet-test-suite-c/Automatic/results/20260703_1454/CWE121/valgrind/bin/CWE121/bad/CWE121_Stack_Based_Buffer_Overflow__CWE129_large_15-bad)
==301959==    by 0x10935F: main (in /home/loris/Desktop/TestRepositories/Forked/juliet-test-suite-c/Automatic/results/20260703_1454/CWE121/valgrind/bin/CWE121/bad/CWE121_Stack_Based_Buffer_Overflow__CWE129_large_15-bad)
==301959== 
==301959== HEAP SUMMARY:
==301959==     in use at exit: 4,096 bytes in 1 blocks
==301959==   total heap usage: 1 allocs, 0 frees, 4,096 bytes allocated
==301959== 
==301959== LEAK SUMMARY:
==301959==    definitely lost: 0 bytes in 0 blocks
==301959==    indirectly lost: 0 bytes in 0 blocks
==301959==      possibly lost: 0 bytes in 0 blocks
==301959==    still reachable: 4,096 bytes in 1 blocks
==301959==         suppressed: 0 bytes in 0 blocks
==301959== Rerun with --leak-check=full to see details of leaked memory
==301959== 
==301959== For lists of detected and suppressed errors, rerun with: -s
==301959== ERROR SUMMARY: 0 errors from 0 contexts (suppressed: 0 from 0)
