==302477== Memcheck, a memory error detector
==302477== Copyright (C) 2002-2022, and GNU GPL'd, by Julian Seward et al.
==302477== Using Valgrind-3.22.0 and LibVEX; rerun with -h for copyright info
==302477== Command: /home/loris/Desktop/TestRepositories/Forked/juliet-test-suite-c/Automatic/results/20260703_1454/CWE121/valgrind/bin/CWE121/bad/CWE121_Stack_Based_Buffer_Overflow__CWE129_rand_67-bad
==302477== Parent PID: 302476
==302477== 
==302477== Invalid write of size 4
==302477==    at 0x109390: CWE121_Stack_Based_Buffer_Overflow__CWE129_rand_67b_badSink (in /home/loris/Desktop/TestRepositories/Forked/juliet-test-suite-c/Automatic/results/20260703_1454/CWE121/valgrind/bin/CWE121/bad/CWE121_Stack_Based_Buffer_Overflow__CWE129_rand_67-bad)
==302477==    by 0x1092F5: CWE121_Stack_Based_Buffer_Overflow__CWE129_rand_67_bad (in /home/loris/Desktop/TestRepositories/Forked/juliet-test-suite-c/Automatic/results/20260703_1454/CWE121/valgrind/bin/CWE121/bad/CWE121_Stack_Based_Buffer_Overflow__CWE129_rand_67-bad)
==302477==    by 0x109339: main (in /home/loris/Desktop/TestRepositories/Forked/juliet-test-suite-c/Automatic/results/20260703_1454/CWE121/valgrind/bin/CWE121/bad/CWE121_Stack_Based_Buffer_Overflow__CWE129_rand_67-bad)
==302477==  Address 0x20fbd60138 is not stack'd, malloc'd or (recently) free'd
==302477== 
==302477== 
==302477== Process terminating with default action of signal 11 (SIGSEGV)
==302477==  Access not within mapped region at address 0x20FBD60138
==302477==    at 0x109390: CWE121_Stack_Based_Buffer_Overflow__CWE129_rand_67b_badSink (in /home/loris/Desktop/TestRepositories/Forked/juliet-test-suite-c/Automatic/results/20260703_1454/CWE121/valgrind/bin/CWE121/bad/CWE121_Stack_Based_Buffer_Overflow__CWE129_rand_67-bad)
==302477==    by 0x1092F5: CWE121_Stack_Based_Buffer_Overflow__CWE129_rand_67_bad (in /home/loris/Desktop/TestRepositories/Forked/juliet-test-suite-c/Automatic/results/20260703_1454/CWE121/valgrind/bin/CWE121/bad/CWE121_Stack_Based_Buffer_Overflow__CWE129_rand_67-bad)
==302477==    by 0x109339: main (in /home/loris/Desktop/TestRepositories/Forked/juliet-test-suite-c/Automatic/results/20260703_1454/CWE121/valgrind/bin/CWE121/bad/CWE121_Stack_Based_Buffer_Overflow__CWE129_rand_67-bad)
==302477==  If you believe this happened as a result of a stack
==302477==  overflow in your program's main thread (unlikely but
==302477==  possible), you can try to increase the size of the
==302477==  main thread stack using the --main-stacksize= flag.
==302477==  The main thread stack size used in this run was 8388608.
==302477== 
==302477== HEAP SUMMARY:
==302477==     in use at exit: 4,096 bytes in 1 blocks
==302477==   total heap usage: 1 allocs, 0 frees, 4,096 bytes allocated
==302477== 
==302477== LEAK SUMMARY:
==302477==    definitely lost: 0 bytes in 0 blocks
==302477==    indirectly lost: 0 bytes in 0 blocks
==302477==      possibly lost: 0 bytes in 0 blocks
==302477==    still reachable: 4,096 bytes in 1 blocks
==302477==         suppressed: 0 bytes in 0 blocks
==302477== Rerun with --leak-check=full to see details of leaked memory
==302477== 
==302477== For lists of detected and suppressed errors, rerun with: -s
==302477== ERROR SUMMARY: 1 errors from 1 contexts (suppressed: 0 from 0)
