==306740== Memcheck, a memory error detector
==306740== Copyright (C) 2002-2022, and GNU GPL'd, by Julian Seward et al.
==306740== Using Valgrind-3.22.0 and LibVEX; rerun with -h for copyright info
==306740== Command: /home/loris/Desktop/TestRepositories/Forked/juliet-test-suite-c/Automatic/results/20260703_1454/CWE121/valgrind/bin/CWE121/bad/CWE121_Stack_Based_Buffer_Overflow__CWE805_int64_t_alloca_memcpy_06-bad
==306740== Parent PID: 306739
==306740== 
==306740== Invalid read of size 8
==306740==    at 0x109429: CWE121_Stack_Based_Buffer_Overflow__CWE805_int64_t_alloca_memcpy_06_bad (in /home/loris/Desktop/TestRepositories/Forked/juliet-test-suite-c/Automatic/results/20260703_1454/CWE121/valgrind/bin/CWE121/bad/CWE121_Stack_Based_Buffer_Overflow__CWE805_int64_t_alloca_memcpy_06-bad)
==306740==    by 0x109487: main (in /home/loris/Desktop/TestRepositories/Forked/juliet-test-suite-c/Automatic/results/20260703_1454/CWE121/valgrind/bin/CWE121/bad/CWE121_Stack_Based_Buffer_Overflow__CWE805_int64_t_alloca_memcpy_06-bad)
==306740==  Address 0x0 is not stack'd, malloc'd or (recently) free'd
==306740== 
==306740== 
==306740== Process terminating with default action of signal 11 (SIGSEGV)
==306740==  Access not within mapped region at address 0x0
==306740==    at 0x109429: CWE121_Stack_Based_Buffer_Overflow__CWE805_int64_t_alloca_memcpy_06_bad (in /home/loris/Desktop/TestRepositories/Forked/juliet-test-suite-c/Automatic/results/20260703_1454/CWE121/valgrind/bin/CWE121/bad/CWE121_Stack_Based_Buffer_Overflow__CWE805_int64_t_alloca_memcpy_06-bad)
==306740==    by 0x109487: main (in /home/loris/Desktop/TestRepositories/Forked/juliet-test-suite-c/Automatic/results/20260703_1454/CWE121/valgrind/bin/CWE121/bad/CWE121_Stack_Based_Buffer_Overflow__CWE805_int64_t_alloca_memcpy_06-bad)
==306740==  If you believe this happened as a result of a stack
==306740==  overflow in your program's main thread (unlikely but
==306740==  possible), you can try to increase the size of the
==306740==  main thread stack using the --main-stacksize= flag.
==306740==  The main thread stack size used in this run was 8388608.
==306740== 
==306740== HEAP SUMMARY:
==306740==     in use at exit: 4,096 bytes in 1 blocks
==306740==   total heap usage: 1 allocs, 0 frees, 4,096 bytes allocated
==306740== 
==306740== LEAK SUMMARY:
==306740==    definitely lost: 0 bytes in 0 blocks
==306740==    indirectly lost: 0 bytes in 0 blocks
==306740==      possibly lost: 0 bytes in 0 blocks
==306740==    still reachable: 4,096 bytes in 1 blocks
==306740==         suppressed: 0 bytes in 0 blocks
==306740== Rerun with --leak-check=full to see details of leaked memory
==306740== 
==306740== For lists of detected and suppressed errors, rerun with: -s
==306740== ERROR SUMMARY: 1 errors from 1 contexts (suppressed: 0 from 0)
