==314603== Memcheck, a memory error detector
==314603== Copyright (C) 2002-2022, and GNU GPL'd, by Julian Seward et al.
==314603== Using Valgrind-3.22.0 and LibVEX; rerun with -h for copyright info
==314603== Command: /home/loris/Desktop/TestRepositories/Forked/juliet-test-suite-c/Automatic/results/20260703_1454/CWE121/valgrind/bin/CWE121/bad/CWE121_Stack_Based_Buffer_Overflow__dest_char_alloca_cpy_18-bad
==314603== Parent PID: 314602
==314603== 
==314603== Source and destination overlap in strcpy(0x1ffefffdd0, 0x1ffefffe30)
==314603==    at 0x484F413: strcpy (in /usr/libexec/valgrind/vgpreload_memcheck-amd64-linux.so)
==314603==    by 0x10942D: CWE121_Stack_Based_Buffer_Overflow__dest_char_alloca_cpy_18_bad (in /home/loris/Desktop/TestRepositories/Forked/juliet-test-suite-c/Automatic/results/20260703_1454/CWE121/valgrind/bin/CWE121/bad/CWE121_Stack_Based_Buffer_Overflow__dest_char_alloca_cpy_18-bad)
==314603==    by 0x10948D: main (in /home/loris/Desktop/TestRepositories/Forked/juliet-test-suite-c/Automatic/results/20260703_1454/CWE121/valgrind/bin/CWE121/bad/CWE121_Stack_Based_Buffer_Overflow__dest_char_alloca_cpy_18-bad)
==314603== 
==314603== Invalid read of size 1
==314603==    at 0x484F226: strlen (in /usr/libexec/valgrind/vgpreload_memcheck-amd64-linux.so)
==314603==    by 0x48F6BFC: puts (ioputs.c:35)
==314603==    by 0x1094C6: printLine (in /home/loris/Desktop/TestRepositories/Forked/juliet-test-suite-c/Automatic/results/20260703_1454/CWE121/valgrind/bin/CWE121/bad/CWE121_Stack_Based_Buffer_Overflow__dest_char_alloca_cpy_18-bad)
==314603==    by 0x109439: CWE121_Stack_Based_Buffer_Overflow__dest_char_alloca_cpy_18_bad (in /home/loris/Desktop/TestRepositories/Forked/juliet-test-suite-c/Automatic/results/20260703_1454/CWE121/valgrind/bin/CWE121/bad/CWE121_Stack_Based_Buffer_Overflow__dest_char_alloca_cpy_18-bad)
==314603==    by 0x10948D: main (in /home/loris/Desktop/TestRepositories/Forked/juliet-test-suite-c/Automatic/results/20260703_1454/CWE121/valgrind/bin/CWE121/bad/CWE121_Stack_Based_Buffer_Overflow__dest_char_alloca_cpy_18-bad)
==314603==  Address 0x4343434343434343 is not stack'd, malloc'd or (recently) free'd
==314603== 
==314603== 
==314603== Process terminating with default action of signal 11 (SIGSEGV)
==314603==  General Protection Fault
==314603==    at 0x484F226: strlen (in /usr/libexec/valgrind/vgpreload_memcheck-amd64-linux.so)
==314603==    by 0x48F6BFC: puts (ioputs.c:35)
==314603==    by 0x1094C6: printLine (in /home/loris/Desktop/TestRepositories/Forked/juliet-test-suite-c/Automatic/results/20260703_1454/CWE121/valgrind/bin/CWE121/bad/CWE121_Stack_Based_Buffer_Overflow__dest_char_alloca_cpy_18-bad)
==314603==    by 0x109439: CWE121_Stack_Based_Buffer_Overflow__dest_char_alloca_cpy_18_bad (in /home/loris/Desktop/TestRepositories/Forked/juliet-test-suite-c/Automatic/results/20260703_1454/CWE121/valgrind/bin/CWE121/bad/CWE121_Stack_Based_Buffer_Overflow__dest_char_alloca_cpy_18-bad)
==314603==    by 0x10948D: main (in /home/loris/Desktop/TestRepositories/Forked/juliet-test-suite-c/Automatic/results/20260703_1454/CWE121/valgrind/bin/CWE121/bad/CWE121_Stack_Based_Buffer_Overflow__dest_char_alloca_cpy_18-bad)
==314603== 
==314603== HEAP SUMMARY:
==314603==     in use at exit: 4,096 bytes in 1 blocks
==314603==   total heap usage: 1 allocs, 0 frees, 4,096 bytes allocated
==314603== 
==314603== LEAK SUMMARY:
==314603==    definitely lost: 0 bytes in 0 blocks
==314603==    indirectly lost: 0 bytes in 0 blocks
==314603==      possibly lost: 0 bytes in 0 blocks
==314603==    still reachable: 4,096 bytes in 1 blocks
==314603==         suppressed: 0 bytes in 0 blocks
==314603== Rerun with --leak-check=full to see details of leaked memory
==314603== 
==314603== For lists of detected and suppressed errors, rerun with: -s
==314603== ERROR SUMMARY: 2 errors from 2 contexts (suppressed: 0 from 0)
