==308386== Memcheck, a memory error detector
==308386== Copyright (C) 2002-2022, and GNU GPL'd, by Julian Seward et al.
==308386== Using Valgrind-3.22.0 and LibVEX; rerun with -h for copyright info
==308386== Command: /home/loris/Desktop/TestRepositories/Forked/juliet-test-suite-c/Automatic/results/20260703_1454/CWE121/valgrind/bin/CWE121/bad/CWE121_Stack_Based_Buffer_Overflow__CWE805_int_alloca_memmove_11-bad
==308386== Parent PID: 308385
==308386== 
==308386== Invalid read of size 4
==308386==    at 0x10942D: CWE121_Stack_Based_Buffer_Overflow__CWE805_int_alloca_memmove_11_bad (in /home/loris/Desktop/TestRepositories/Forked/juliet-test-suite-c/Automatic/results/20260703_1454/CWE121/valgrind/bin/CWE121/bad/CWE121_Stack_Based_Buffer_Overflow__CWE805_int_alloca_memmove_11-bad)
==308386==    by 0x109489: main (in /home/loris/Desktop/TestRepositories/Forked/juliet-test-suite-c/Automatic/results/20260703_1454/CWE121/valgrind/bin/CWE121/bad/CWE121_Stack_Based_Buffer_Overflow__CWE805_int_alloca_memmove_11-bad)
==308386==  Address 0x0 is not stack'd, malloc'd or (recently) free'd
==308386== 
==308386== 
==308386== Process terminating with default action of signal 11 (SIGSEGV)
==308386==  Access not within mapped region at address 0x0
==308386==    at 0x10942D: CWE121_Stack_Based_Buffer_Overflow__CWE805_int_alloca_memmove_11_bad (in /home/loris/Desktop/TestRepositories/Forked/juliet-test-suite-c/Automatic/results/20260703_1454/CWE121/valgrind/bin/CWE121/bad/CWE121_Stack_Based_Buffer_Overflow__CWE805_int_alloca_memmove_11-bad)
==308386==    by 0x109489: main (in /home/loris/Desktop/TestRepositories/Forked/juliet-test-suite-c/Automatic/results/20260703_1454/CWE121/valgrind/bin/CWE121/bad/CWE121_Stack_Based_Buffer_Overflow__CWE805_int_alloca_memmove_11-bad)
==308386==  If you believe this happened as a result of a stack
==308386==  overflow in your program's main thread (unlikely but
==308386==  possible), you can try to increase the size of the
==308386==  main thread stack using the --main-stacksize= flag.
==308386==  The main thread stack size used in this run was 8388608.
==308386== 
==308386== HEAP SUMMARY:
==308386==     in use at exit: 4,096 bytes in 1 blocks
==308386==   total heap usage: 1 allocs, 0 frees, 4,096 bytes allocated
==308386== 
==308386== LEAK SUMMARY:
==308386==    definitely lost: 0 bytes in 0 blocks
==308386==    indirectly lost: 0 bytes in 0 blocks
==308386==      possibly lost: 0 bytes in 0 blocks
==308386==    still reachable: 4,096 bytes in 1 blocks
==308386==         suppressed: 0 bytes in 0 blocks
==308386== Rerun with --leak-check=full to see details of leaked memory
==308386== 
==308386== For lists of detected and suppressed errors, rerun with: -s
==308386== ERROR SUMMARY: 1 errors from 1 contexts (suppressed: 0 from 0)
