==302279== Memcheck, a memory error detector
==302279== Copyright (C) 2002-2022, and GNU GPL'd, by Julian Seward et al.
==302279== Using Valgrind-3.22.0 and LibVEX; rerun with -h for copyright info
==302279== Command: /home/loris/Desktop/TestRepositories/Forked/juliet-test-suite-c/Automatic/results/20260703_1454/CWE121/valgrind/bin/CWE121/bad/CWE121_Stack_Based_Buffer_Overflow__CWE129_listen_socket_44-bad
==302279== Parent PID: 302278
==302279== 
==302279== 
==302279== Process terminating with default action of signal 15 (SIGTERM)
==302279==    at 0x499A834: accept (accept.c:26)
==302279==    by 0x109505: CWE121_Stack_Based_Buffer_Overflow__CWE129_listen_socket_44_bad (in /home/loris/Desktop/TestRepositories/Forked/juliet-test-suite-c/Automatic/results/20260703_1454/CWE121/valgrind/bin/CWE121/bad/CWE121_Stack_Based_Buffer_Overflow__CWE129_listen_socket_44-bad)
==302279==    by 0x1095D9: main (in /home/loris/Desktop/TestRepositories/Forked/juliet-test-suite-c/Automatic/results/20260703_1454/CWE121/valgrind/bin/CWE121/bad/CWE121_Stack_Based_Buffer_Overflow__CWE129_listen_socket_44-bad)
==302279== 
==302279== HEAP SUMMARY:
==302279==     in use at exit: 4,096 bytes in 1 blocks
==302279==   total heap usage: 1 allocs, 0 frees, 4,096 bytes allocated
==302279== 
==302279== LEAK SUMMARY:
==302279==    definitely lost: 0 bytes in 0 blocks
==302279==    indirectly lost: 0 bytes in 0 blocks
==302279==      possibly lost: 0 bytes in 0 blocks
==302279==    still reachable: 4,096 bytes in 1 blocks
==302279==         suppressed: 0 bytes in 0 blocks
==302279== Rerun with --leak-check=full to see details of leaked memory
==302279== 
==302279== For lists of detected and suppressed errors, rerun with: -s
==302279== ERROR SUMMARY: 0 errors from 0 contexts (suppressed: 0 from 0)
