==296916== Memcheck, a memory error detector
==296916== Copyright (C) 2002-2022, and GNU GPL'd, by Julian Seward et al.
==296916== Using Valgrind-3.22.0 and LibVEX; rerun with -h for copyright info
==296916== Command: /home/loris/Desktop/TestRepositories/Forked/juliet-test-suite-c/Automatic/results/20260703_1454/CWE121/valgrind/bin/CWE121/good/CWE121_Stack_Based_Buffer_Overflow__CWE129_listen_socket_51-good
==296916== Parent PID: 296915
==296916== 
==296916== 
==296916== Process terminating with default action of signal 15 (SIGTERM)
==296916==    at 0x499A834: accept (accept.c:26)
==296916==    by 0x109494: goodB2G (in /home/loris/Desktop/TestRepositories/Forked/juliet-test-suite-c/Automatic/results/20260703_1454/CWE121/valgrind/bin/CWE121/good/CWE121_Stack_Based_Buffer_Overflow__CWE129_listen_socket_51-good)
==296916==    by 0x109546: CWE121_Stack_Based_Buffer_Overflow__CWE129_listen_socket_51_good (in /home/loris/Desktop/TestRepositories/Forked/juliet-test-suite-c/Automatic/results/20260703_1454/CWE121/valgrind/bin/CWE121/good/CWE121_Stack_Based_Buffer_Overflow__CWE129_listen_socket_51-good)
==296916==    by 0x109586: main (in /home/loris/Desktop/TestRepositories/Forked/juliet-test-suite-c/Automatic/results/20260703_1454/CWE121/valgrind/bin/CWE121/good/CWE121_Stack_Based_Buffer_Overflow__CWE129_listen_socket_51-good)
==296916== 
==296916== HEAP SUMMARY:
==296916==     in use at exit: 4,096 bytes in 1 blocks
==296916==   total heap usage: 1 allocs, 0 frees, 4,096 bytes allocated
==296916== 
==296916== LEAK SUMMARY:
==296916==    definitely lost: 0 bytes in 0 blocks
==296916==    indirectly lost: 0 bytes in 0 blocks
==296916==      possibly lost: 0 bytes in 0 blocks
==296916==    still reachable: 4,096 bytes in 1 blocks
==296916==         suppressed: 0 bytes in 0 blocks
==296916== Rerun with --leak-check=full to see details of leaked memory
==296916== 
==296916== For lists of detected and suppressed errors, rerun with: -s
==296916== ERROR SUMMARY: 0 errors from 0 contexts (suppressed: 0 from 0)
