==307077== Memcheck, a memory error detector
==307077== Copyright (C) 2002-2022, and GNU GPL'd, by Julian Seward et al.
==307077== Using Valgrind-3.22.0 and LibVEX; rerun with -h for copyright info
==307077== Command: /home/loris/Desktop/TestRepositories/Forked/juliet-test-suite-c/Automatic/results/20260703_1454/CWE121/valgrind/bin/CWE121/bad/CWE121_Stack_Based_Buffer_Overflow__CWE805_int64_t_alloca_memmove_04-bad
==307077== Parent PID: 307076
==307077== 
==307077== Invalid read of size 8
==307077==    at 0x109428: CWE121_Stack_Based_Buffer_Overflow__CWE805_int64_t_alloca_memmove_04_bad (in /home/loris/Desktop/TestRepositories/Forked/juliet-test-suite-c/Automatic/results/20260703_1454/CWE121/valgrind/bin/CWE121/bad/CWE121_Stack_Based_Buffer_Overflow__CWE805_int64_t_alloca_memmove_04-bad)
==307077==    by 0x109486: main (in /home/loris/Desktop/TestRepositories/Forked/juliet-test-suite-c/Automatic/results/20260703_1454/CWE121/valgrind/bin/CWE121/bad/CWE121_Stack_Based_Buffer_Overflow__CWE805_int64_t_alloca_memmove_04-bad)
==307077==  Address 0x0 is not stack'd, malloc'd or (recently) free'd
==307077== 
==307077== 
==307077== Process terminating with default action of signal 11 (SIGSEGV)
==307077==  Access not within mapped region at address 0x0
==307077==    at 0x109428: CWE121_Stack_Based_Buffer_Overflow__CWE805_int64_t_alloca_memmove_04_bad (in /home/loris/Desktop/TestRepositories/Forked/juliet-test-suite-c/Automatic/results/20260703_1454/CWE121/valgrind/bin/CWE121/bad/CWE121_Stack_Based_Buffer_Overflow__CWE805_int64_t_alloca_memmove_04-bad)
==307077==    by 0x109486: main (in /home/loris/Desktop/TestRepositories/Forked/juliet-test-suite-c/Automatic/results/20260703_1454/CWE121/valgrind/bin/CWE121/bad/CWE121_Stack_Based_Buffer_Overflow__CWE805_int64_t_alloca_memmove_04-bad)
==307077==  If you believe this happened as a result of a stack
==307077==  overflow in your program's main thread (unlikely but
==307077==  possible), you can try to increase the size of the
==307077==  main thread stack using the --main-stacksize= flag.
==307077==  The main thread stack size used in this run was 8388608.
==307077== 
==307077== HEAP SUMMARY:
==307077==     in use at exit: 4,096 bytes in 1 blocks
==307077==   total heap usage: 1 allocs, 0 frees, 4,096 bytes allocated
==307077== 
==307077== LEAK SUMMARY:
==307077==    definitely lost: 0 bytes in 0 blocks
==307077==    indirectly lost: 0 bytes in 0 blocks
==307077==      possibly lost: 0 bytes in 0 blocks
==307077==    still reachable: 4,096 bytes in 1 blocks
==307077==         suppressed: 0 bytes in 0 blocks
==307077== Rerun with --leak-check=full to see details of leaked memory
==307077== 
==307077== For lists of detected and suppressed errors, rerun with: -s
==307077== ERROR SUMMARY: 1 errors from 1 contexts (suppressed: 0 from 0)
