==302303== Memcheck, a memory error detector
==302303== Copyright (C) 2002-2022, and GNU GPL'd, by Julian Seward et al.
==302303== Using Valgrind-3.22.0 and LibVEX; rerun with -h for copyright info
==302303== Command: /home/loris/Desktop/TestRepositories/Forked/juliet-test-suite-c/Automatic/results/20260703_1454/CWE121/valgrind/bin/CWE121/bad/CWE121_Stack_Based_Buffer_Overflow__CWE129_listen_socket_68-bad
==302303== Parent PID: 302302
==302303== 
==302303== 
==302303== Process terminating with default action of signal 15 (SIGTERM)
==302303==    at 0x499A834: accept (accept.c:26)
==302303==    by 0x10946D: CWE121_Stack_Based_Buffer_Overflow__CWE129_listen_socket_68_bad (in /home/loris/Desktop/TestRepositories/Forked/juliet-test-suite-c/Automatic/results/20260703_1454/CWE121/valgrind/bin/CWE121/bad/CWE121_Stack_Based_Buffer_Overflow__CWE129_listen_socket_68-bad)
==302303==    by 0x109549: main (in /home/loris/Desktop/TestRepositories/Forked/juliet-test-suite-c/Automatic/results/20260703_1454/CWE121/valgrind/bin/CWE121/bad/CWE121_Stack_Based_Buffer_Overflow__CWE129_listen_socket_68-bad)
==302303== 
==302303== HEAP SUMMARY:
==302303==     in use at exit: 4,096 bytes in 1 blocks
==302303==   total heap usage: 1 allocs, 0 frees, 4,096 bytes allocated
==302303== 
==302303== LEAK SUMMARY:
==302303==    definitely lost: 0 bytes in 0 blocks
==302303==    indirectly lost: 0 bytes in 0 blocks
==302303==      possibly lost: 0 bytes in 0 blocks
==302303==    still reachable: 4,096 bytes in 1 blocks
==302303==         suppressed: 0 bytes in 0 blocks
==302303== Rerun with --leak-check=full to see details of leaked memory
==302303== 
==302303== For lists of detected and suppressed errors, rerun with: -s
==302303== ERROR SUMMARY: 0 errors from 0 contexts (suppressed: 0 from 0)
