==311643== Memcheck, a memory error detector
==311643== Copyright (C) 2002-2022, and GNU GPL'd, by Julian Seward et al.
==311643== Using Valgrind-3.22.0 and LibVEX; rerun with -h for copyright info
==311643== Command: /home/loris/Desktop/TestRepositories/Forked/juliet-test-suite-c/Automatic/results/20260703_1454/CWE121/valgrind/bin/CWE121/bad/CWE121_Stack_Based_Buffer_Overflow__CWE806_char_alloca_ncat_53-bad
==311643== Parent PID: 311642
==311643== 
==311643== 
==311643== Process terminating with default action of signal 6 (SIGABRT)
==311643==    at 0x490DB2C: __pthread_kill_implementation (pthread_kill.c:44)
==311643==    by 0x490DB2C: __pthread_kill_internal (pthread_kill.c:78)
==311643==    by 0x490DB2C: pthread_kill@@GLIBC_2.34 (pthread_kill.c:89)
==311643==    by 0x48B427D: raise (raise.c:26)
==311643==    by 0x48978FE: abort (abort.c:79)
==311643==    by 0x48987B5: __libc_message_impl.cold (libc_fatal.c:134)
==311643==    by 0x49A5C48: __fortify_fail (fortify_fail.c:24)
==311643==    by 0x49A6ED3: __stack_chk_fail (stack_chk_fail.c:24)
==311643==    by 0x1094FE: CWE121_Stack_Based_Buffer_Overflow__CWE806_char_alloca_ncat_53d_badSink (in /home/loris/Desktop/TestRepositories/Forked/juliet-test-suite-c/Automatic/results/20260703_1454/CWE121/valgrind/bin/CWE121/bad/CWE121_Stack_Based_Buffer_Overflow__CWE806_char_alloca_ncat_53-bad)
==311643==    by 0x4141414141414140: ???
==311643==    by 0x4141414141414140: ???
==311643==    by 0x4141414141414140: ???
==311643==    by 0x1F00414140: ???
==311643==    by 0x109440: CWE121_Stack_Based_Buffer_Overflow__CWE806_char_alloca_ncat_53b_badSink (in /home/loris/Desktop/TestRepositories/Forked/juliet-test-suite-c/Automatic/results/20260703_1454/CWE121/valgrind/bin/CWE121/bad/CWE121_Stack_Based_Buffer_Overflow__CWE806_char_alloca_ncat_53-bad)
==311643== 
==311643== HEAP SUMMARY:
==311643==     in use at exit: 4,096 bytes in 1 blocks
==311643==   total heap usage: 1 allocs, 0 frees, 4,096 bytes allocated
==311643== 
==311643== LEAK SUMMARY:
==311643==    definitely lost: 0 bytes in 0 blocks
==311643==    indirectly lost: 0 bytes in 0 blocks
==311643==      possibly lost: 0 bytes in 0 blocks
==311643==    still reachable: 4,096 bytes in 1 blocks
==311643==         suppressed: 0 bytes in 0 blocks
==311643== Rerun with --leak-check=full to see details of leaked memory
==311643== 
==311643== For lists of detected and suppressed errors, rerun with: -s
==311643== ERROR SUMMARY: 0 errors from 0 contexts (suppressed: 0 from 0)
