==307279== Memcheck, a memory error detector
==307279== Copyright (C) 2002-2022, and GNU GPL'd, by Julian Seward et al.
==307279== Using Valgrind-3.22.0 and LibVEX; rerun with -h for copyright info
==307279== Command: /home/loris/Desktop/TestRepositories/Forked/juliet-test-suite-c/Automatic/results/20260703_1454/CWE121/valgrind/bin/CWE121/bad/CWE121_Stack_Based_Buffer_Overflow__CWE805_int64_t_alloca_memmove_44-bad
==307279== Parent PID: 307278
==307279== 
==307279== 
==307279== Process terminating with default action of signal 6 (SIGABRT)
==307279==    at 0x490DB2C: __pthread_kill_implementation (pthread_kill.c:44)
==307279==    by 0x490DB2C: __pthread_kill_internal (pthread_kill.c:78)
==307279==    by 0x490DB2C: pthread_kill@@GLIBC_2.34 (pthread_kill.c:89)
==307279==    by 0x48B427D: raise (raise.c:26)
==307279==    by 0x48978FE: abort (abort.c:79)
==307279==    by 0x48987B5: __libc_message_impl.cold (libc_fatal.c:134)
==307279==    by 0x49A5C48: __fortify_fail (fortify_fail.c:24)
==307279==    by 0x49A6ED3: __stack_chk_fail (stack_chk_fail.c:24)
==307279==    by 0x109483: CWE121_Stack_Based_Buffer_Overflow__CWE805_int64_t_alloca_memmove_44_bad (in /home/loris/Desktop/TestRepositories/Forked/juliet-test-suite-c/Automatic/results/20260703_1454/CWE121/valgrind/bin/CWE121/bad/CWE121_Stack_Based_Buffer_Overflow__CWE805_int64_t_alloca_memmove_44-bad)
==307279== 
==307279== HEAP SUMMARY:
==307279==     in use at exit: 4,096 bytes in 1 blocks
==307279==   total heap usage: 1 allocs, 0 frees, 4,096 bytes allocated
==307279== 
==307279== LEAK SUMMARY:
==307279==    definitely lost: 0 bytes in 0 blocks
==307279==    indirectly lost: 0 bytes in 0 blocks
==307279==      possibly lost: 0 bytes in 0 blocks
==307279==    still reachable: 4,096 bytes in 1 blocks
==307279==         suppressed: 0 bytes in 0 blocks
==307279== Rerun with --leak-check=full to see details of leaked memory
==307279== 
==307279== For lists of detected and suppressed errors, rerun with: -s
==307279== ERROR SUMMARY: 0 errors from 0 contexts (suppressed: 0 from 0)
