==314258== Memcheck, a memory error detector
==314258== Copyright (C) 2002-2022, and GNU GPL'd, by Julian Seward et al.
==314258== Using Valgrind-3.22.0 and LibVEX; rerun with -h for copyright info
==314258== Command: /home/loris/Desktop/TestRepositories/Forked/juliet-test-suite-c/Automatic/results/20260703_1454/CWE121/valgrind/bin/CWE121/bad/CWE121_Stack_Based_Buffer_Overflow__dest_char_alloca_cat_15-bad
==314258== Parent PID: 314257
==314258== 
==314258== Source and destination overlap in strcat(0x1ffefffdd0, 0x1ffefffe30)
==314258==    at 0x484EFE3: strcat (in /usr/libexec/valgrind/vgpreload_memcheck-amd64-linux.so)
==314258==    by 0x10942D: CWE121_Stack_Based_Buffer_Overflow__dest_char_alloca_cat_15_bad (in /home/loris/Desktop/TestRepositories/Forked/juliet-test-suite-c/Automatic/results/20260703_1454/CWE121/valgrind/bin/CWE121/bad/CWE121_Stack_Based_Buffer_Overflow__dest_char_alloca_cat_15-bad)
==314258==    by 0x10948D: main (in /home/loris/Desktop/TestRepositories/Forked/juliet-test-suite-c/Automatic/results/20260703_1454/CWE121/valgrind/bin/CWE121/bad/CWE121_Stack_Based_Buffer_Overflow__dest_char_alloca_cat_15-bad)
==314258== 
==314258== Invalid read of size 1
==314258==    at 0x484F226: strlen (in /usr/libexec/valgrind/vgpreload_memcheck-amd64-linux.so)
==314258==    by 0x48F6BFC: puts (ioputs.c:35)
==314258==    by 0x1094C6: printLine (in /home/loris/Desktop/TestRepositories/Forked/juliet-test-suite-c/Automatic/results/20260703_1454/CWE121/valgrind/bin/CWE121/bad/CWE121_Stack_Based_Buffer_Overflow__dest_char_alloca_cat_15-bad)
==314258==    by 0x109439: CWE121_Stack_Based_Buffer_Overflow__dest_char_alloca_cat_15_bad (in /home/loris/Desktop/TestRepositories/Forked/juliet-test-suite-c/Automatic/results/20260703_1454/CWE121/valgrind/bin/CWE121/bad/CWE121_Stack_Based_Buffer_Overflow__dest_char_alloca_cat_15-bad)
==314258==    by 0x10948D: main (in /home/loris/Desktop/TestRepositories/Forked/juliet-test-suite-c/Automatic/results/20260703_1454/CWE121/valgrind/bin/CWE121/bad/CWE121_Stack_Based_Buffer_Overflow__dest_char_alloca_cat_15-bad)
==314258==  Address 0x4343434343434343 is not stack'd, malloc'd or (recently) free'd
==314258== 
==314258== 
==314258== Process terminating with default action of signal 11 (SIGSEGV)
==314258==  General Protection Fault
==314258==    at 0x484F226: strlen (in /usr/libexec/valgrind/vgpreload_memcheck-amd64-linux.so)
==314258==    by 0x48F6BFC: puts (ioputs.c:35)
==314258==    by 0x1094C6: printLine (in /home/loris/Desktop/TestRepositories/Forked/juliet-test-suite-c/Automatic/results/20260703_1454/CWE121/valgrind/bin/CWE121/bad/CWE121_Stack_Based_Buffer_Overflow__dest_char_alloca_cat_15-bad)
==314258==    by 0x109439: CWE121_Stack_Based_Buffer_Overflow__dest_char_alloca_cat_15_bad (in /home/loris/Desktop/TestRepositories/Forked/juliet-test-suite-c/Automatic/results/20260703_1454/CWE121/valgrind/bin/CWE121/bad/CWE121_Stack_Based_Buffer_Overflow__dest_char_alloca_cat_15-bad)
==314258==    by 0x10948D: main (in /home/loris/Desktop/TestRepositories/Forked/juliet-test-suite-c/Automatic/results/20260703_1454/CWE121/valgrind/bin/CWE121/bad/CWE121_Stack_Based_Buffer_Overflow__dest_char_alloca_cat_15-bad)
==314258== 
==314258== HEAP SUMMARY:
==314258==     in use at exit: 4,096 bytes in 1 blocks
==314258==   total heap usage: 1 allocs, 0 frees, 4,096 bytes allocated
==314258== 
==314258== LEAK SUMMARY:
==314258==    definitely lost: 0 bytes in 0 blocks
==314258==    indirectly lost: 0 bytes in 0 blocks
==314258==      possibly lost: 0 bytes in 0 blocks
==314258==    still reachable: 4,096 bytes in 1 blocks
==314258==         suppressed: 0 bytes in 0 blocks
==314258== Rerun with --leak-check=full to see details of leaked memory
==314258== 
==314258== For lists of detected and suppressed errors, rerun with: -s
==314258== ERROR SUMMARY: 2 errors from 2 contexts (suppressed: 0 from 0)
