==305086== Memcheck, a memory error detector
==305086== Copyright (C) 2002-2022, and GNU GPL'd, by Julian Seward et al.
==305086== Using Valgrind-3.22.0 and LibVEX; rerun with -h for copyright info
==305086== Command: /home/loris/Desktop/TestRepositories/Forked/juliet-test-suite-c/Automatic/results/20260703_1454/CWE121/valgrind/bin/CWE121/bad/CWE121_Stack_Based_Buffer_Overflow__CWE805_char_alloca_ncpy_14-bad
==305086== Parent PID: 305085
==305086== 
==305086== Source and destination overlap in strncpy(0x1ffefffe23, 0x1ffefffe83, 99)
==305086==    at 0x484F5A0: strncpy (in /usr/libexec/valgrind/vgpreload_memcheck-amd64-linux.so)
==305086==    by 0x10943F: CWE121_Stack_Based_Buffer_Overflow__CWE805_char_alloca_ncpy_14_bad (in /home/loris/Desktop/TestRepositories/Forked/juliet-test-suite-c/Automatic/results/20260703_1454/CWE121/valgrind/bin/CWE121/bad/CWE121_Stack_Based_Buffer_Overflow__CWE805_char_alloca_ncpy_14-bad)
==305086==    by 0x1094B0: main (in /home/loris/Desktop/TestRepositories/Forked/juliet-test-suite-c/Automatic/results/20260703_1454/CWE121/valgrind/bin/CWE121/bad/CWE121_Stack_Based_Buffer_Overflow__CWE805_char_alloca_ncpy_14-bad)
==305086== 
==305086== Invalid write of size 1
==305086==    at 0x10944B: CWE121_Stack_Based_Buffer_Overflow__CWE805_char_alloca_ncpy_14_bad (in /home/loris/Desktop/TestRepositories/Forked/juliet-test-suite-c/Automatic/results/20260703_1454/CWE121/valgrind/bin/CWE121/bad/CWE121_Stack_Based_Buffer_Overflow__CWE805_char_alloca_ncpy_14-bad)
==305086==    by 0x1094B0: main (in /home/loris/Desktop/TestRepositories/Forked/juliet-test-suite-c/Automatic/results/20260703_1454/CWE121/valgrind/bin/CWE121/bad/CWE121_Stack_Based_Buffer_Overflow__CWE805_char_alloca_ncpy_14-bad)
==305086==  Address 0x43434343434343a6 is not stack'd, malloc'd or (recently) free'd
==305086== 
==305086== 
==305086== Process terminating with default action of signal 11 (SIGSEGV)
==305086==  General Protection Fault
==305086==    at 0x10944B: CWE121_Stack_Based_Buffer_Overflow__CWE805_char_alloca_ncpy_14_bad (in /home/loris/Desktop/TestRepositories/Forked/juliet-test-suite-c/Automatic/results/20260703_1454/CWE121/valgrind/bin/CWE121/bad/CWE121_Stack_Based_Buffer_Overflow__CWE805_char_alloca_ncpy_14-bad)
==305086==    by 0x1094B0: main (in /home/loris/Desktop/TestRepositories/Forked/juliet-test-suite-c/Automatic/results/20260703_1454/CWE121/valgrind/bin/CWE121/bad/CWE121_Stack_Based_Buffer_Overflow__CWE805_char_alloca_ncpy_14-bad)
==305086== 
==305086== HEAP SUMMARY:
==305086==     in use at exit: 4,096 bytes in 1 blocks
==305086==   total heap usage: 1 allocs, 0 frees, 4,096 bytes allocated
==305086== 
==305086== LEAK SUMMARY:
==305086==    definitely lost: 0 bytes in 0 blocks
==305086==    indirectly lost: 0 bytes in 0 blocks
==305086==      possibly lost: 0 bytes in 0 blocks
==305086==    still reachable: 4,096 bytes in 1 blocks
==305086==         suppressed: 0 bytes in 0 blocks
==305086== Rerun with --leak-check=full to see details of leaked memory
==305086== 
==305086== For lists of detected and suppressed errors, rerun with: -s
==305086== ERROR SUMMARY: 2 errors from 2 contexts (suppressed: 0 from 0)
