==314066== Memcheck, a memory error detector
==314066== Copyright (C) 2002-2022, and GNU GPL'd, by Julian Seward et al.
==314066== Using Valgrind-3.22.0 and LibVEX; rerun with -h for copyright info
==314066== Command: /home/loris/Desktop/TestRepositories/Forked/juliet-test-suite-c/Automatic/results/20260703_1454/CWE121/valgrind/bin/CWE121/bad/CWE121_Stack_Based_Buffer_Overflow__char_type_overrun_memmove_15-bad
==314066== Parent PID: 314065
==314066== 
==314066== Invalid read of size 1
==314066==    at 0x484F226: strlen (in /usr/libexec/valgrind/vgpreload_memcheck-amd64-linux.so)
==314066==    by 0x48F6BFC: puts (ioputs.c:35)
==314066==    by 0x10939F: printLine (in /home/loris/Desktop/TestRepositories/Forked/juliet-test-suite-c/Automatic/results/20260703_1454/CWE121/valgrind/bin/CWE121/bad/CWE121_Stack_Based_Buffer_Overflow__char_type_overrun_memmove_15-bad)
==314066==    by 0x109311: CWE121_Stack_Based_Buffer_Overflow__char_type_overrun_memmove_15_bad (in /home/loris/Desktop/TestRepositories/Forked/juliet-test-suite-c/Automatic/results/20260703_1454/CWE121/valgrind/bin/CWE121/bad/CWE121_Stack_Based_Buffer_Overflow__char_type_overrun_memmove_15-bad)
==314066==    by 0x109366: main (in /home/loris/Desktop/TestRepositories/Forked/juliet-test-suite-c/Automatic/results/20260703_1454/CWE121/valgrind/bin/CWE121/bad/CWE121_Stack_Based_Buffer_Overflow__char_type_overrun_memmove_15-bad)
==314066==  Address 0x3736353433323130 is not stack'd, malloc'd or (recently) free'd
==314066== 
==314066== 
==314066== Process terminating with default action of signal 11 (SIGSEGV)
==314066==  General Protection Fault
==314066==    at 0x484F226: strlen (in /usr/libexec/valgrind/vgpreload_memcheck-amd64-linux.so)
==314066==    by 0x48F6BFC: puts (ioputs.c:35)
==314066==    by 0x10939F: printLine (in /home/loris/Desktop/TestRepositories/Forked/juliet-test-suite-c/Automatic/results/20260703_1454/CWE121/valgrind/bin/CWE121/bad/CWE121_Stack_Based_Buffer_Overflow__char_type_overrun_memmove_15-bad)
==314066==    by 0x109311: CWE121_Stack_Based_Buffer_Overflow__char_type_overrun_memmove_15_bad (in /home/loris/Desktop/TestRepositories/Forked/juliet-test-suite-c/Automatic/results/20260703_1454/CWE121/valgrind/bin/CWE121/bad/CWE121_Stack_Based_Buffer_Overflow__char_type_overrun_memmove_15-bad)
==314066==    by 0x109366: main (in /home/loris/Desktop/TestRepositories/Forked/juliet-test-suite-c/Automatic/results/20260703_1454/CWE121/valgrind/bin/CWE121/bad/CWE121_Stack_Based_Buffer_Overflow__char_type_overrun_memmove_15-bad)
==314066== 
==314066== HEAP SUMMARY:
==314066==     in use at exit: 4,096 bytes in 1 blocks
==314066==   total heap usage: 1 allocs, 0 frees, 4,096 bytes allocated
==314066== 
==314066== LEAK SUMMARY:
==314066==    definitely lost: 0 bytes in 0 blocks
==314066==    indirectly lost: 0 bytes in 0 blocks
==314066==      possibly lost: 0 bytes in 0 blocks
==314066==    still reachable: 4,096 bytes in 1 blocks
==314066==         suppressed: 0 bytes in 0 blocks
==314066== Rerun with --leak-check=full to see details of leaked memory
==314066== 
==314066== For lists of detected and suppressed errors, rerun with: -s
==314066== ERROR SUMMARY: 1 errors from 1 contexts (suppressed: 0 from 0)
