==296914== Memcheck, a memory error detector
==296914== Copyright (C) 2002-2022, and GNU GPL'd, by Julian Seward et al.
==296914== Using Valgrind-3.22.0 and LibVEX; rerun with -h for copyright info
==296914== Command: /home/loris/Desktop/TestRepositories/Forked/juliet-test-suite-c/Automatic/results/20260703_1454/CWE121/valgrind/bin/CWE121/good/CWE121_Stack_Based_Buffer_Overflow__CWE129_listen_socket_45-good
==296914== Parent PID: 296913
==296914== 
==296914== 
==296914== Process terminating with default action of signal 15 (SIGTERM)
==296914==    at 0x499A834: accept (accept.c:26)
==296914==    by 0x1095C9: goodB2G (in /home/loris/Desktop/TestRepositories/Forked/juliet-test-suite-c/Automatic/results/20260703_1454/CWE121/valgrind/bin/CWE121/good/CWE121_Stack_Based_Buffer_Overflow__CWE129_listen_socket_45-good)
==296914==    by 0x109684: CWE121_Stack_Based_Buffer_Overflow__CWE129_listen_socket_45_good (in /home/loris/Desktop/TestRepositories/Forked/juliet-test-suite-c/Automatic/results/20260703_1454/CWE121/valgrind/bin/CWE121/good/CWE121_Stack_Based_Buffer_Overflow__CWE129_listen_socket_45-good)
==296914==    by 0x1096C4: main (in /home/loris/Desktop/TestRepositories/Forked/juliet-test-suite-c/Automatic/results/20260703_1454/CWE121/valgrind/bin/CWE121/good/CWE121_Stack_Based_Buffer_Overflow__CWE129_listen_socket_45-good)
==296914== 
==296914== HEAP SUMMARY:
==296914==     in use at exit: 4,096 bytes in 1 blocks
==296914==   total heap usage: 1 allocs, 0 frees, 4,096 bytes allocated
==296914== 
==296914== LEAK SUMMARY:
==296914==    definitely lost: 0 bytes in 0 blocks
==296914==    indirectly lost: 0 bytes in 0 blocks
==296914==      possibly lost: 0 bytes in 0 blocks
==296914==    still reachable: 4,096 bytes in 1 blocks
==296914==         suppressed: 0 bytes in 0 blocks
==296914== Rerun with --leak-check=full to see details of leaked memory
==296914== 
==296914== For lists of detected and suppressed errors, rerun with: -s
==296914== ERROR SUMMARY: 0 errors from 0 contexts (suppressed: 0 from 0)
