==303833== Memcheck, a memory error detector
==303833== Copyright (C) 2002-2022, and GNU GPL'd, by Julian Seward et al.
==303833== Using Valgrind-3.22.0 and LibVEX; rerun with -h for copyright info
==303833== Command: /home/loris/Desktop/TestRepositories/Forked/juliet-test-suite-c/Automatic/results/20260703_1454/CWE121/valgrind/bin/CWE121/bad/CWE121_Stack_Based_Buffer_Overflow__CWE193_char_declare_ncpy_06-bad
==303833== Parent PID: 303832
==303833== 
==303833== Source and destination overlap in strncpy(0x1ffefffe7d, 0x1ffefffe87, 11)
==303833==    at 0x484F5A0: strncpy (in /usr/libexec/valgrind/vgpreload_memcheck-amd64-linux.so)
==303833==    by 0x109334: CWE121_Stack_Based_Buffer_Overflow__CWE193_char_declare_ncpy_06_bad (in /home/loris/Desktop/TestRepositories/Forked/juliet-test-suite-c/Automatic/results/20260703_1454/CWE121/valgrind/bin/CWE121/bad/CWE121_Stack_Based_Buffer_Overflow__CWE193_char_declare_ncpy_06-bad)
==303833==    by 0x109394: main (in /home/loris/Desktop/TestRepositories/Forked/juliet-test-suite-c/Automatic/results/20260703_1454/CWE121/valgrind/bin/CWE121/bad/CWE121_Stack_Based_Buffer_Overflow__CWE193_char_declare_ncpy_06-bad)
==303833== 
==303833== 
==303833== HEAP SUMMARY:
==303833==     in use at exit: 0 bytes in 0 blocks
==303833==   total heap usage: 1 allocs, 1 frees, 4,096 bytes allocated
==303833== 
==303833== All heap blocks were freed -- no leaks are possible
==303833== 
==303833== For lists of detected and suppressed errors, rerun with: -s
==303833== ERROR SUMMARY: 1 errors from 1 contexts (suppressed: 0 from 0)
