==305164== Memcheck, a memory error detector
==305164== Copyright (C) 2002-2022, and GNU GPL'd, by Julian Seward et al.
==305164== Using Valgrind-3.22.0 and LibVEX; rerun with -h for copyright info
==305164== Command: /home/loris/Desktop/TestRepositories/Forked/juliet-test-suite-c/Automatic/results/20260703_1454/CWE121/valgrind/bin/CWE121/bad/CWE121_Stack_Based_Buffer_Overflow__CWE805_char_alloca_ncpy_45-bad
==305164== Parent PID: 305163
==305164== 
==305164== 
==305164== Process terminating with default action of signal 6 (SIGABRT)
==305164==    at 0x490DB2C: __pthread_kill_implementation (pthread_kill.c:44)
==305164==    by 0x490DB2C: __pthread_kill_internal (pthread_kill.c:78)
==305164==    by 0x490DB2C: pthread_kill@@GLIBC_2.34 (pthread_kill.c:89)
==305164==    by 0x48B427D: raise (raise.c:26)
==305164==    by 0x48978FE: abort (abort.c:79)
==305164==    by 0x48987B5: __libc_message_impl.cold (libc_fatal.c:134)
==305164==    by 0x49A5C48: __fortify_fail (fortify_fail.c:24)
==305164==    by 0x49A6ED3: __stack_chk_fail (stack_chk_fail.c:24)
==305164==    by 0x1094A6: CWE121_Stack_Based_Buffer_Overflow__CWE805_char_alloca_ncpy_45_bad (in /home/loris/Desktop/TestRepositories/Forked/juliet-test-suite-c/Automatic/results/20260703_1454/CWE121/valgrind/bin/CWE121/bad/CWE121_Stack_Based_Buffer_Overflow__CWE805_char_alloca_ncpy_45-bad)
==305164==    by 0x1094E5: main (in /home/loris/Desktop/TestRepositories/Forked/juliet-test-suite-c/Automatic/results/20260703_1454/CWE121/valgrind/bin/CWE121/bad/CWE121_Stack_Based_Buffer_Overflow__CWE805_char_alloca_ncpy_45-bad)
==305164== 
==305164== HEAP SUMMARY:
==305164==     in use at exit: 4,096 bytes in 1 blocks
==305164==   total heap usage: 1 allocs, 0 frees, 4,096 bytes allocated
==305164== 
==305164== LEAK SUMMARY:
==305164==    definitely lost: 0 bytes in 0 blocks
==305164==    indirectly lost: 0 bytes in 0 blocks
==305164==      possibly lost: 0 bytes in 0 blocks
==305164==    still reachable: 4,096 bytes in 1 blocks
==305164==         suppressed: 0 bytes in 0 blocks
==305164== Rerun with --leak-check=full to see details of leaked memory
==305164== 
==305164== For lists of detected and suppressed errors, rerun with: -s
==305164== ERROR SUMMARY: 0 errors from 0 contexts (suppressed: 0 from 0)
