==308459== Memcheck, a memory error detector
==308459== Copyright (C) 2002-2022, and GNU GPL'd, by Julian Seward et al.
==308459== Using Valgrind-3.22.0 and LibVEX; rerun with -h for copyright info
==308459== Command: /home/loris/Desktop/TestRepositories/Forked/juliet-test-suite-c/Automatic/results/20260703_1454/CWE121/valgrind/bin/CWE121/bad/CWE121_Stack_Based_Buffer_Overflow__CWE805_int_alloca_memmove_18-bad
==308459== Parent PID: 308458
==308459== 
==308459== Invalid read of size 4
==308459==    at 0x109420: CWE121_Stack_Based_Buffer_Overflow__CWE805_int_alloca_memmove_18_bad (in /home/loris/Desktop/TestRepositories/Forked/juliet-test-suite-c/Automatic/results/20260703_1454/CWE121/valgrind/bin/CWE121/bad/CWE121_Stack_Based_Buffer_Overflow__CWE805_int_alloca_memmove_18-bad)
==308459==    by 0x10947C: main (in /home/loris/Desktop/TestRepositories/Forked/juliet-test-suite-c/Automatic/results/20260703_1454/CWE121/valgrind/bin/CWE121/bad/CWE121_Stack_Based_Buffer_Overflow__CWE805_int_alloca_memmove_18-bad)
==308459==  Address 0x0 is not stack'd, malloc'd or (recently) free'd
==308459== 
==308459== 
==308459== Process terminating with default action of signal 11 (SIGSEGV)
==308459==  Access not within mapped region at address 0x0
==308459==    at 0x109420: CWE121_Stack_Based_Buffer_Overflow__CWE805_int_alloca_memmove_18_bad (in /home/loris/Desktop/TestRepositories/Forked/juliet-test-suite-c/Automatic/results/20260703_1454/CWE121/valgrind/bin/CWE121/bad/CWE121_Stack_Based_Buffer_Overflow__CWE805_int_alloca_memmove_18-bad)
==308459==    by 0x10947C: main (in /home/loris/Desktop/TestRepositories/Forked/juliet-test-suite-c/Automatic/results/20260703_1454/CWE121/valgrind/bin/CWE121/bad/CWE121_Stack_Based_Buffer_Overflow__CWE805_int_alloca_memmove_18-bad)
==308459==  If you believe this happened as a result of a stack
==308459==  overflow in your program's main thread (unlikely but
==308459==  possible), you can try to increase the size of the
==308459==  main thread stack using the --main-stacksize= flag.
==308459==  The main thread stack size used in this run was 8388608.
==308459== 
==308459== HEAP SUMMARY:
==308459==     in use at exit: 4,096 bytes in 1 blocks
==308459==   total heap usage: 1 allocs, 0 frees, 4,096 bytes allocated
==308459== 
==308459== LEAK SUMMARY:
==308459==    definitely lost: 0 bytes in 0 blocks
==308459==    indirectly lost: 0 bytes in 0 blocks
==308459==      possibly lost: 0 bytes in 0 blocks
==308459==    still reachable: 4,096 bytes in 1 blocks
==308459==         suppressed: 0 bytes in 0 blocks
==308459== Rerun with --leak-check=full to see details of leaked memory
==308459== 
==308459== For lists of detected and suppressed errors, rerun with: -s
==308459== ERROR SUMMARY: 1 errors from 1 contexts (suppressed: 0 from 0)
