==302499== Memcheck, a memory error detector
==302499== Copyright (C) 2002-2022, and GNU GPL'd, by Julian Seward et al.
==302499== Using Valgrind-3.22.0 and LibVEX; rerun with -h for copyright info
==302499== Command: /home/loris/Desktop/TestRepositories/Forked/juliet-test-suite-c/Automatic/results/20260703_1454/CWE121/valgrind/bin/CWE121/bad/CWE121_Stack_Based_Buffer_Overflow__CWE131_loop_01-bad
==302499== Parent PID: 302497
==302499== 
==302499== 
==302499== Process terminating with default action of signal 15 (SIGTERM)
==302499==    at 0x109349: CWE121_Stack_Based_Buffer_Overflow__CWE131_loop_01_bad (in /home/loris/Desktop/TestRepositories/Forked/juliet-test-suite-c/Automatic/results/20260703_1454/CWE121/valgrind/bin/CWE121/bad/CWE121_Stack_Based_Buffer_Overflow__CWE131_loop_01-bad)
==302499==    by 0x1093D2: main (in /home/loris/Desktop/TestRepositories/Forked/juliet-test-suite-c/Automatic/results/20260703_1454/CWE121/valgrind/bin/CWE121/bad/CWE121_Stack_Based_Buffer_Overflow__CWE131_loop_01-bad)
==302499== 
==302499== HEAP SUMMARY:
==302499==     in use at exit: 4,096 bytes in 1 blocks
==302499==   total heap usage: 1 allocs, 0 frees, 4,096 bytes allocated
==302499== 
==302499== LEAK SUMMARY:
==302499==    definitely lost: 0 bytes in 0 blocks
==302499==    indirectly lost: 0 bytes in 0 blocks
==302499==      possibly lost: 0 bytes in 0 blocks
==302499==    still reachable: 4,096 bytes in 1 blocks
==302499==         suppressed: 0 bytes in 0 blocks
==302499== Rerun with --leak-check=full to see details of leaked memory
==302499== 
==302499== For lists of detected and suppressed errors, rerun with: -s
==302499== ERROR SUMMARY: 0 errors from 0 contexts (suppressed: 0 from 0)
