==315742== Memcheck, a memory error detector
==315742== Copyright (C) 2002-2022, and GNU GPL'd, by Julian Seward et al.
==315742== Using Valgrind-3.22.0 and LibVEX; rerun with -h for copyright info
==315742== Command: /home/loris/Desktop/TestRepositories/Forked/juliet-test-suite-c/Automatic/results/20260703_1454/CWE121/valgrind/bin/CWE121/bad/CWE121_Stack_Based_Buffer_Overflow__src_char_declare_cat_21-bad
==315742== Parent PID: 315741
==315742== 
==315742== Source and destination overlap in strcat(0x1ffefffdf0, 0x1ffefffe30)
==315742==    at 0x484EFE3: strcat (in /usr/libexec/valgrind/vgpreload_memcheck-amd64-linux.so)
==315742==    by 0x1093B3: CWE121_Stack_Based_Buffer_Overflow__src_char_declare_cat_21_bad (in /home/loris/Desktop/TestRepositories/Forked/juliet-test-suite-c/Automatic/results/20260703_1454/CWE121/valgrind/bin/CWE121/bad/CWE121_Stack_Based_Buffer_Overflow__src_char_declare_cat_21-bad)
==315742==    by 0x109416: main (in /home/loris/Desktop/TestRepositories/Forked/juliet-test-suite-c/Automatic/results/20260703_1454/CWE121/valgrind/bin/CWE121/bad/CWE121_Stack_Based_Buffer_Overflow__src_char_declare_cat_21-bad)
==315742== 
==315742== 
==315742== HEAP SUMMARY:
==315742==     in use at exit: 0 bytes in 0 blocks
==315742==   total heap usage: 1 allocs, 1 frees, 4,096 bytes allocated
==315742== 
==315742== All heap blocks were freed -- no leaks are possible
==315742== 
==315742== For lists of detected and suppressed errors, rerun with: -s
==315742== ERROR SUMMARY: 1 errors from 1 contexts (suppressed: 0 from 0)
