==308428== Memcheck, a memory error detector
==308428== Copyright (C) 2002-2022, and GNU GPL'd, by Julian Seward et al.
==308428== Using Valgrind-3.22.0 and LibVEX; rerun with -h for copyright info
==308428== Command: /home/loris/Desktop/TestRepositories/Forked/juliet-test-suite-c/Automatic/results/20260703_1454/CWE121/valgrind/bin/CWE121/bad/CWE121_Stack_Based_Buffer_Overflow__CWE805_int_alloca_memmove_15-bad
==308428== Parent PID: 308427
==308428== 
==308428== Invalid read of size 4
==308428==    at 0x109420: CWE121_Stack_Based_Buffer_Overflow__CWE805_int_alloca_memmove_15_bad (in /home/loris/Desktop/TestRepositories/Forked/juliet-test-suite-c/Automatic/results/20260703_1454/CWE121/valgrind/bin/CWE121/bad/CWE121_Stack_Based_Buffer_Overflow__CWE805_int_alloca_memmove_15-bad)
==308428==    by 0x10947C: main (in /home/loris/Desktop/TestRepositories/Forked/juliet-test-suite-c/Automatic/results/20260703_1454/CWE121/valgrind/bin/CWE121/bad/CWE121_Stack_Based_Buffer_Overflow__CWE805_int_alloca_memmove_15-bad)
==308428==  Address 0x0 is not stack'd, malloc'd or (recently) free'd
==308428== 
==308428== 
==308428== Process terminating with default action of signal 11 (SIGSEGV)
==308428==  Access not within mapped region at address 0x0
==308428==    at 0x109420: CWE121_Stack_Based_Buffer_Overflow__CWE805_int_alloca_memmove_15_bad (in /home/loris/Desktop/TestRepositories/Forked/juliet-test-suite-c/Automatic/results/20260703_1454/CWE121/valgrind/bin/CWE121/bad/CWE121_Stack_Based_Buffer_Overflow__CWE805_int_alloca_memmove_15-bad)
==308428==    by 0x10947C: main (in /home/loris/Desktop/TestRepositories/Forked/juliet-test-suite-c/Automatic/results/20260703_1454/CWE121/valgrind/bin/CWE121/bad/CWE121_Stack_Based_Buffer_Overflow__CWE805_int_alloca_memmove_15-bad)
==308428==  If you believe this happened as a result of a stack
==308428==  overflow in your program's main thread (unlikely but
==308428==  possible), you can try to increase the size of the
==308428==  main thread stack using the --main-stacksize= flag.
==308428==  The main thread stack size used in this run was 8388608.
==308428== 
==308428== HEAP SUMMARY:
==308428==     in use at exit: 4,096 bytes in 1 blocks
==308428==   total heap usage: 1 allocs, 0 frees, 4,096 bytes allocated
==308428== 
==308428== LEAK SUMMARY:
==308428==    definitely lost: 0 bytes in 0 blocks
==308428==    indirectly lost: 0 bytes in 0 blocks
==308428==      possibly lost: 0 bytes in 0 blocks
==308428==    still reachable: 4,096 bytes in 1 blocks
==308428==         suppressed: 0 bytes in 0 blocks
==308428== Rerun with --leak-check=full to see details of leaked memory
==308428== 
==308428== For lists of detected and suppressed errors, rerun with: -s
==308428== ERROR SUMMARY: 1 errors from 1 contexts (suppressed: 0 from 0)
