==313367== Memcheck, a memory error detector
==313367== Copyright (C) 2002-2022, and GNU GPL'd, by Julian Seward et al.
==313367== Using Valgrind-3.22.0 and LibVEX; rerun with -h for copyright info
==313367== Command: /home/loris/Desktop/TestRepositories/Forked/juliet-test-suite-c/Automatic/results/20260703_1454/CWE121/valgrind/bin/CWE121/bad/CWE121_Stack_Based_Buffer_Overflow__CWE806_char_declare_ncpy_16-bad
==313367== Parent PID: 313366
==313367== 
==313367== Source and destination overlap in strncpy(0x1ffefffe43, 0x1ffefffe83, 99)
==313367==    at 0x484F5A0: strncpy (in /usr/libexec/valgrind/vgpreload_memcheck-amd64-linux.so)
==313367==    by 0x1093AC: CWE121_Stack_Based_Buffer_Overflow__CWE806_char_declare_ncpy_16_bad (in /home/loris/Desktop/TestRepositories/Forked/juliet-test-suite-c/Automatic/results/20260703_1454/CWE121/valgrind/bin/CWE121/bad/CWE121_Stack_Based_Buffer_Overflow__CWE806_char_declare_ncpy_16-bad)
==313367==    by 0x109413: main (in /home/loris/Desktop/TestRepositories/Forked/juliet-test-suite-c/Automatic/results/20260703_1454/CWE121/valgrind/bin/CWE121/bad/CWE121_Stack_Based_Buffer_Overflow__CWE806_char_declare_ncpy_16-bad)
==313367== 
==313367== 
==313367== HEAP SUMMARY:
==313367==     in use at exit: 0 bytes in 0 blocks
==313367==   total heap usage: 1 allocs, 1 frees, 4,096 bytes allocated
==313367== 
==313367== All heap blocks were freed -- no leaks are possible
==313367== 
==313367== For lists of detected and suppressed errors, rerun with: -s
==313367== ERROR SUMMARY: 1 errors from 1 contexts (suppressed: 0 from 0)
