==296893== Memcheck, a memory error detector
==296893== Copyright (C) 2002-2022, and GNU GPL'd, by Julian Seward et al.
==296893== Using Valgrind-3.22.0 and LibVEX; rerun with -h for copyright info
==296893== Command: /home/loris/Desktop/TestRepositories/Forked/juliet-test-suite-c/Automatic/results/20260703_1454/CWE121/valgrind/bin/CWE121/good/CWE121_Stack_Based_Buffer_Overflow__CWE129_listen_socket_17-good
==296893== Parent PID: 296892
==296893== 
==296893== 
==296893== Process terminating with default action of signal 15 (SIGTERM)
==296893==    at 0x499A834: accept (accept.c:26)
==296893==    by 0x109479: goodB2G (in /home/loris/Desktop/TestRepositories/Forked/juliet-test-suite-c/Automatic/results/20260703_1454/CWE121/valgrind/bin/CWE121/good/CWE121_Stack_Based_Buffer_Overflow__CWE129_listen_socket_17-good)
==296893==    by 0x109654: CWE121_Stack_Based_Buffer_Overflow__CWE129_listen_socket_17_good (in /home/loris/Desktop/TestRepositories/Forked/juliet-test-suite-c/Automatic/results/20260703_1454/CWE121/valgrind/bin/CWE121/good/CWE121_Stack_Based_Buffer_Overflow__CWE129_listen_socket_17-good)
==296893==    by 0x10969E: main (in /home/loris/Desktop/TestRepositories/Forked/juliet-test-suite-c/Automatic/results/20260703_1454/CWE121/valgrind/bin/CWE121/good/CWE121_Stack_Based_Buffer_Overflow__CWE129_listen_socket_17-good)
==296893== 
==296893== HEAP SUMMARY:
==296893==     in use at exit: 4,096 bytes in 1 blocks
==296893==   total heap usage: 1 allocs, 0 frees, 4,096 bytes allocated
==296893== 
==296893== LEAK SUMMARY:
==296893==    definitely lost: 0 bytes in 0 blocks
==296893==    indirectly lost: 0 bytes in 0 blocks
==296893==      possibly lost: 0 bytes in 0 blocks
==296893==    still reachable: 4,096 bytes in 1 blocks
==296893==         suppressed: 0 bytes in 0 blocks
==296893== Rerun with --leak-check=full to see details of leaked memory
==296893== 
==296893== For lists of detected and suppressed errors, rerun with: -s
==296893== ERROR SUMMARY: 0 errors from 0 contexts (suppressed: 0 from 0)
