==313357== Memcheck, a memory error detector
==313357== Copyright (C) 2002-2022, and GNU GPL'd, by Julian Seward et al.
==313357== Using Valgrind-3.22.0 and LibVEX; rerun with -h for copyright info
==313357== Command: /home/loris/Desktop/TestRepositories/Forked/juliet-test-suite-c/Automatic/results/20260703_1454/CWE121/valgrind/bin/CWE121/bad/CWE121_Stack_Based_Buffer_Overflow__CWE806_char_declare_ncpy_11-bad
==313357== Parent PID: 313356
==313357== 
==313357== Source and destination overlap in strncpy(0x1ffefffe43, 0x1ffefffe83, 99)
==313357==    at 0x484F5A0: strncpy (in /usr/libexec/valgrind/vgpreload_memcheck-amd64-linux.so)
==313357==    by 0x1093B9: CWE121_Stack_Based_Buffer_Overflow__CWE806_char_declare_ncpy_11_bad (in /home/loris/Desktop/TestRepositories/Forked/juliet-test-suite-c/Automatic/results/20260703_1454/CWE121/valgrind/bin/CWE121/bad/CWE121_Stack_Based_Buffer_Overflow__CWE806_char_declare_ncpy_11-bad)
==313357==    by 0x109420: main (in /home/loris/Desktop/TestRepositories/Forked/juliet-test-suite-c/Automatic/results/20260703_1454/CWE121/valgrind/bin/CWE121/bad/CWE121_Stack_Based_Buffer_Overflow__CWE806_char_declare_ncpy_11-bad)
==313357== 
==313357== 
==313357== HEAP SUMMARY:
==313357==     in use at exit: 0 bytes in 0 blocks
==313357==   total heap usage: 1 allocs, 1 frees, 4,096 bytes allocated
==313357== 
==313357== All heap blocks were freed -- no leaks are possible
==313357== 
==313357== For lists of detected and suppressed errors, rerun with: -s
==313357== ERROR SUMMARY: 1 errors from 1 contexts (suppressed: 0 from 0)
