==309218== Memcheck, a memory error detector
==309218== Copyright (C) 2002-2022, and GNU GPL'd, by Julian Seward et al.
==309218== Using Valgrind-3.22.0 and LibVEX; rerun with -h for copyright info
==309218== Command: /home/loris/Desktop/TestRepositories/Forked/juliet-test-suite-c/Automatic/results/20260703_1454/CWE121/valgrind/bin/CWE121/bad/CWE121_Stack_Based_Buffer_Overflow__CWE805_struct_alloca_memcpy_08-bad
==309218== Parent PID: 309216
==309218== 
==309218== Invalid read of size 4
==309218==    at 0x10978C: printStructLine (in /home/loris/Desktop/TestRepositories/Forked/juliet-test-suite-c/Automatic/results/20260703_1454/CWE121/valgrind/bin/CWE121/bad/CWE121_Stack_Based_Buffer_Overflow__CWE805_struct_alloca_memcpy_08-bad)
==309218==    by 0x10947E: CWE121_Stack_Based_Buffer_Overflow__CWE805_struct_alloca_memcpy_08_bad (in /home/loris/Desktop/TestRepositories/Forked/juliet-test-suite-c/Automatic/results/20260703_1454/CWE121/valgrind/bin/CWE121/bad/CWE121_Stack_Based_Buffer_Overflow__CWE805_struct_alloca_memcpy_08-bad)
==309218==    by 0x1094D2: main (in /home/loris/Desktop/TestRepositories/Forked/juliet-test-suite-c/Automatic/results/20260703_1454/CWE121/valgrind/bin/CWE121/bad/CWE121_Stack_Based_Buffer_Overflow__CWE805_struct_alloca_memcpy_08-bad)
==309218==  Address 0x4 is not stack'd, malloc'd or (recently) free'd
==309218== 
==309218== 
==309218== Process terminating with default action of signal 11 (SIGSEGV)
==309218==  Access not within mapped region at address 0x4
==309218==    at 0x10978C: printStructLine (in /home/loris/Desktop/TestRepositories/Forked/juliet-test-suite-c/Automatic/results/20260703_1454/CWE121/valgrind/bin/CWE121/bad/CWE121_Stack_Based_Buffer_Overflow__CWE805_struct_alloca_memcpy_08-bad)
==309218==    by 0x10947E: CWE121_Stack_Based_Buffer_Overflow__CWE805_struct_alloca_memcpy_08_bad (in /home/loris/Desktop/TestRepositories/Forked/juliet-test-suite-c/Automatic/results/20260703_1454/CWE121/valgrind/bin/CWE121/bad/CWE121_Stack_Based_Buffer_Overflow__CWE805_struct_alloca_memcpy_08-bad)
==309218==    by 0x1094D2: main (in /home/loris/Desktop/TestRepositories/Forked/juliet-test-suite-c/Automatic/results/20260703_1454/CWE121/valgrind/bin/CWE121/bad/CWE121_Stack_Based_Buffer_Overflow__CWE805_struct_alloca_memcpy_08-bad)
==309218==  If you believe this happened as a result of a stack
==309218==  overflow in your program's main thread (unlikely but
==309218==  possible), you can try to increase the size of the
==309218==  main thread stack using the --main-stacksize= flag.
==309218==  The main thread stack size used in this run was 8388608.
==309218== 
==309218== HEAP SUMMARY:
==309218==     in use at exit: 4,096 bytes in 1 blocks
==309218==   total heap usage: 1 allocs, 0 frees, 4,096 bytes allocated
==309218== 
==309218== LEAK SUMMARY:
==309218==    definitely lost: 0 bytes in 0 blocks
==309218==    indirectly lost: 0 bytes in 0 blocks
==309218==      possibly lost: 0 bytes in 0 blocks
==309218==    still reachable: 4,096 bytes in 1 blocks
==309218==         suppressed: 0 bytes in 0 blocks
==309218== Rerun with --leak-check=full to see details of leaked memory
==309218== 
==309218== For lists of detected and suppressed errors, rerun with: -s
==309218== ERROR SUMMARY: 1 errors from 1 contexts (suppressed: 0 from 0)
