==305779== Memcheck, a memory error detector
==305779== Copyright (C) 2002-2022, and GNU GPL'd, by Julian Seward et al.
==305779== Using Valgrind-3.22.0 and LibVEX; rerun with -h for copyright info
==305779== Command: /home/loris/Desktop/TestRepositories/Forked/juliet-test-suite-c/Automatic/results/20260703_1454/CWE121/valgrind/bin/CWE121/bad/CWE121_Stack_Based_Buffer_Overflow__CWE805_char_declare_ncat_04-bad
==305779== Parent PID: 305778
==305779== 
==305779== Source and destination overlap in strncat(0x1ffefffde0, 0x1ffefffe20, 100)
==305779==    at 0x484F197: strncat (in /usr/libexec/valgrind/vgpreload_memcheck-amd64-linux.so)
==305779==    by 0x10933C: CWE121_Stack_Based_Buffer_Overflow__CWE805_char_declare_ncat_04_bad (in /home/loris/Desktop/TestRepositories/Forked/juliet-test-suite-c/Automatic/results/20260703_1454/CWE121/valgrind/bin/CWE121/bad/CWE121_Stack_Based_Buffer_Overflow__CWE805_char_declare_ncat_04-bad)
==305779==    by 0x10939F: main (in /home/loris/Desktop/TestRepositories/Forked/juliet-test-suite-c/Automatic/results/20260703_1454/CWE121/valgrind/bin/CWE121/bad/CWE121_Stack_Based_Buffer_Overflow__CWE805_char_declare_ncat_04-bad)
==305779== 
==305779== 
==305779== HEAP SUMMARY:
==305779==     in use at exit: 0 bytes in 0 blocks
==305779==   total heap usage: 1 allocs, 1 frees, 4,096 bytes allocated
==305779== 
==305779== All heap blocks were freed -- no leaks are possible
==305779== 
==305779== For lists of detected and suppressed errors, rerun with: -s
==305779== ERROR SUMMARY: 1 errors from 1 contexts (suppressed: 0 from 0)
