==304507== Memcheck, a memory error detector
==304507== Copyright (C) 2002-2022, and GNU GPL'd, by Julian Seward et al.
==304507== Using Valgrind-3.22.0 and LibVEX; rerun with -h for copyright info
==304507== Command: /home/loris/Desktop/TestRepositories/Forked/juliet-test-suite-c/Automatic/results/20260703_1454/CWE121/valgrind/bin/CWE121/bad/CWE121_Stack_Based_Buffer_Overflow__CWE805_char_alloca_memmove_17-bad
==304507== Parent PID: 304506
==304507== 
==304507== Invalid write of size 1
==304507==    at 0x10945C: CWE121_Stack_Based_Buffer_Overflow__CWE805_char_alloca_memmove_17_bad (in /home/loris/Desktop/TestRepositories/Forked/juliet-test-suite-c/Automatic/results/20260703_1454/CWE121/valgrind/bin/CWE121/bad/CWE121_Stack_Based_Buffer_Overflow__CWE805_char_alloca_memmove_17-bad)
==304507==    by 0x1094C1: main (in /home/loris/Desktop/TestRepositories/Forked/juliet-test-suite-c/Automatic/results/20260703_1454/CWE121/valgrind/bin/CWE121/bad/CWE121_Stack_Based_Buffer_Overflow__CWE805_char_alloca_memmove_17-bad)
==304507==  Address 0x43434343434343a6 is not stack'd, malloc'd or (recently) free'd
==304507== 
==304507== 
==304507== Process terminating with default action of signal 11 (SIGSEGV)
==304507==  General Protection Fault
==304507==    at 0x10945C: CWE121_Stack_Based_Buffer_Overflow__CWE805_char_alloca_memmove_17_bad (in /home/loris/Desktop/TestRepositories/Forked/juliet-test-suite-c/Automatic/results/20260703_1454/CWE121/valgrind/bin/CWE121/bad/CWE121_Stack_Based_Buffer_Overflow__CWE805_char_alloca_memmove_17-bad)
==304507==    by 0x1094C1: main (in /home/loris/Desktop/TestRepositories/Forked/juliet-test-suite-c/Automatic/results/20260703_1454/CWE121/valgrind/bin/CWE121/bad/CWE121_Stack_Based_Buffer_Overflow__CWE805_char_alloca_memmove_17-bad)
==304507== 
==304507== HEAP SUMMARY:
==304507==     in use at exit: 4,096 bytes in 1 blocks
==304507==   total heap usage: 1 allocs, 0 frees, 4,096 bytes allocated
==304507== 
==304507== LEAK SUMMARY:
==304507==    definitely lost: 0 bytes in 0 blocks
==304507==    indirectly lost: 0 bytes in 0 blocks
==304507==      possibly lost: 0 bytes in 0 blocks
==304507==    still reachable: 4,096 bytes in 1 blocks
==304507==         suppressed: 0 bytes in 0 blocks
==304507== Rerun with --leak-check=full to see details of leaked memory
==304507== 
==304507== For lists of detected and suppressed errors, rerun with: -s
==304507== ERROR SUMMARY: 1 errors from 1 contexts (suppressed: 0 from 0)
