==308196== Memcheck, a memory error detector
==308196== Copyright (C) 2002-2022, and GNU GPL'd, by Julian Seward et al.
==308196== Using Valgrind-3.22.0 and LibVEX; rerun with -h for copyright info
==308196== Command: /home/loris/Desktop/TestRepositories/Forked/juliet-test-suite-c/Automatic/results/20260703_1454/CWE121/valgrind/bin/CWE121/bad/CWE121_Stack_Based_Buffer_Overflow__CWE805_int_alloca_memcpy_54-bad
==308196== Parent PID: 308195
==308196== 
==308196== 
==308196== Process terminating with default action of signal 6 (SIGABRT)
==308196==    at 0x490DB2C: __pthread_kill_implementation (pthread_kill.c:44)
==308196==    by 0x490DB2C: __pthread_kill_internal (pthread_kill.c:78)
==308196==    by 0x490DB2C: pthread_kill@@GLIBC_2.34 (pthread_kill.c:89)
==308196==    by 0x48B427D: raise (raise.c:26)
==308196==    by 0x48978FE: abort (abort.c:79)
==308196==    by 0x48987B5: __libc_message_impl.cold (libc_fatal.c:134)
==308196==    by 0x49A5C48: __fortify_fail (fortify_fail.c:24)
==308196==    by 0x49A6ED3: __stack_chk_fail (stack_chk_fail.c:24)
==308196==    by 0x1093F4: CWE121_Stack_Based_Buffer_Overflow__CWE805_int_alloca_memcpy_54_bad (in /home/loris/Desktop/TestRepositories/Forked/juliet-test-suite-c/Automatic/results/20260703_1454/CWE121/valgrind/bin/CWE121/bad/CWE121_Stack_Based_Buffer_Overflow__CWE805_int_alloca_memcpy_54-bad)
==308196== 
==308196== HEAP SUMMARY:
==308196==     in use at exit: 4,096 bytes in 1 blocks
==308196==   total heap usage: 1 allocs, 0 frees, 4,096 bytes allocated
==308196== 
==308196== LEAK SUMMARY:
==308196==    definitely lost: 0 bytes in 0 blocks
==308196==    indirectly lost: 0 bytes in 0 blocks
==308196==      possibly lost: 0 bytes in 0 blocks
==308196==    still reachable: 4,096 bytes in 1 blocks
==308196==         suppressed: 0 bytes in 0 blocks
==308196== Rerun with --leak-check=full to see details of leaked memory
==308196== 
==308196== For lists of detected and suppressed errors, rerun with: -s
==308196== ERROR SUMMARY: 0 errors from 0 contexts (suppressed: 0 from 0)
