==309544== Memcheck, a memory error detector
==309544== Copyright (C) 2002-2022, and GNU GPL'd, by Julian Seward et al.
==309544== Using Valgrind-3.22.0 and LibVEX; rerun with -h for copyright info
==309544== Command: /home/loris/Desktop/TestRepositories/Forked/juliet-test-suite-c/Automatic/results/20260703_1454/CWE121/valgrind/bin/CWE121/bad/CWE121_Stack_Based_Buffer_Overflow__CWE805_struct_alloca_memmove_04-bad
==309544== Parent PID: 309543
==309544== 
==309544== Invalid read of size 4
==309544==    at 0x109769: printStructLine (in /home/loris/Desktop/TestRepositories/Forked/juliet-test-suite-c/Automatic/results/20260703_1454/CWE121/valgrind/bin/CWE121/bad/CWE121_Stack_Based_Buffer_Overflow__CWE805_struct_alloca_memmove_04-bad)
==309544==    by 0x10945B: CWE121_Stack_Based_Buffer_Overflow__CWE805_struct_alloca_memmove_04_bad (in /home/loris/Desktop/TestRepositories/Forked/juliet-test-suite-c/Automatic/results/20260703_1454/CWE121/valgrind/bin/CWE121/bad/CWE121_Stack_Based_Buffer_Overflow__CWE805_struct_alloca_memmove_04-bad)
==309544==    by 0x1094AF: main (in /home/loris/Desktop/TestRepositories/Forked/juliet-test-suite-c/Automatic/results/20260703_1454/CWE121/valgrind/bin/CWE121/bad/CWE121_Stack_Based_Buffer_Overflow__CWE805_struct_alloca_memmove_04-bad)
==309544==  Address 0x4 is not stack'd, malloc'd or (recently) free'd
==309544== 
==309544== 
==309544== Process terminating with default action of signal 11 (SIGSEGV)
==309544==  Access not within mapped region at address 0x4
==309544==    at 0x109769: printStructLine (in /home/loris/Desktop/TestRepositories/Forked/juliet-test-suite-c/Automatic/results/20260703_1454/CWE121/valgrind/bin/CWE121/bad/CWE121_Stack_Based_Buffer_Overflow__CWE805_struct_alloca_memmove_04-bad)
==309544==    by 0x10945B: CWE121_Stack_Based_Buffer_Overflow__CWE805_struct_alloca_memmove_04_bad (in /home/loris/Desktop/TestRepositories/Forked/juliet-test-suite-c/Automatic/results/20260703_1454/CWE121/valgrind/bin/CWE121/bad/CWE121_Stack_Based_Buffer_Overflow__CWE805_struct_alloca_memmove_04-bad)
==309544==    by 0x1094AF: main (in /home/loris/Desktop/TestRepositories/Forked/juliet-test-suite-c/Automatic/results/20260703_1454/CWE121/valgrind/bin/CWE121/bad/CWE121_Stack_Based_Buffer_Overflow__CWE805_struct_alloca_memmove_04-bad)
==309544==  If you believe this happened as a result of a stack
==309544==  overflow in your program's main thread (unlikely but
==309544==  possible), you can try to increase the size of the
==309544==  main thread stack using the --main-stacksize= flag.
==309544==  The main thread stack size used in this run was 8388608.
==309544== 
==309544== HEAP SUMMARY:
==309544==     in use at exit: 4,096 bytes in 1 blocks
==309544==   total heap usage: 1 allocs, 0 frees, 4,096 bytes allocated
==309544== 
==309544== LEAK SUMMARY:
==309544==    definitely lost: 0 bytes in 0 blocks
==309544==    indirectly lost: 0 bytes in 0 blocks
==309544==      possibly lost: 0 bytes in 0 blocks
==309544==    still reachable: 4,096 bytes in 1 blocks
==309544==         suppressed: 0 bytes in 0 blocks
==309544== Rerun with --leak-check=full to see details of leaked memory
==309544== 
==309544== For lists of detected and suppressed errors, rerun with: -s
==309544== ERROR SUMMARY: 1 errors from 1 contexts (suppressed: 0 from 0)
