==315041== Memcheck, a memory error detector
==315041== Copyright (C) 2002-2022, and GNU GPL'd, by Julian Seward et al.
==315041== Using Valgrind-3.22.0 and LibVEX; rerun with -h for copyright info
==315041== Command: /home/loris/Desktop/TestRepositories/Forked/juliet-test-suite-c/Automatic/results/20260703_1454/CWE121/valgrind/bin/CWE121/bad/CWE121_Stack_Based_Buffer_Overflow__src_char_alloca_cat_17-bad
==315041== Parent PID: 315040
==315041== 
==315041== 
==315041== Process terminating with default action of signal 6 (SIGABRT)
==315041==    at 0x490DB2C: __pthread_kill_implementation (pthread_kill.c:44)
==315041==    by 0x490DB2C: __pthread_kill_internal (pthread_kill.c:78)
==315041==    by 0x490DB2C: pthread_kill@@GLIBC_2.34 (pthread_kill.c:89)
==315041==    by 0x48B427D: raise (raise.c:26)
==315041==    by 0x48978FE: abort (abort.c:79)
==315041==    by 0x48987B5: __libc_message_impl.cold (libc_fatal.c:134)
==315041==    by 0x49A5C48: __fortify_fail (fortify_fail.c:24)
==315041==    by 0x49A6ED3: __stack_chk_fail (stack_chk_fail.c:24)
==315041==    by 0x10940B: CWE121_Stack_Based_Buffer_Overflow__src_char_alloca_cat_17_bad (in /home/loris/Desktop/TestRepositories/Forked/juliet-test-suite-c/Automatic/results/20260703_1454/CWE121/valgrind/bin/CWE121/bad/CWE121_Stack_Based_Buffer_Overflow__src_char_alloca_cat_17-bad)
==315041==    by 0x4141414141414140: ???
==315041==    by 0x4141414141414140: ???
==315041==    by 0x4141414141414140: ???
==315041==    by 0x1F00414140: ???
==315041==    by 0x48991C9: (below main) (libc_start_call_main.h:58)
==315041== 
==315041== HEAP SUMMARY:
==315041==     in use at exit: 4,096 bytes in 1 blocks
==315041==   total heap usage: 1 allocs, 0 frees, 4,096 bytes allocated
==315041== 
==315041== LEAK SUMMARY:
==315041==    definitely lost: 0 bytes in 0 blocks
==315041==    indirectly lost: 0 bytes in 0 blocks
==315041==      possibly lost: 0 bytes in 0 blocks
==315041==    still reachable: 4,096 bytes in 1 blocks
==315041==         suppressed: 0 bytes in 0 blocks
==315041== Rerun with --leak-check=full to see details of leaked memory
==315041== 
==315041== For lists of detected and suppressed errors, rerun with: -s
==315041== ERROR SUMMARY: 0 errors from 0 contexts (suppressed: 0 from 0)
