==307044== Memcheck, a memory error detector
==307044== Copyright (C) 2002-2022, and GNU GPL'd, by Julian Seward et al.
==307044== Using Valgrind-3.22.0 and LibVEX; rerun with -h for copyright info
==307044== Command: /home/loris/Desktop/TestRepositories/Forked/juliet-test-suite-c/Automatic/results/20260703_1454/CWE121/valgrind/bin/CWE121/bad/CWE121_Stack_Based_Buffer_Overflow__CWE805_int64_t_alloca_memmove_01-bad
==307044== Parent PID: 307043
==307044== 
==307044== Invalid read of size 8
==307044==    at 0x10941F: CWE121_Stack_Based_Buffer_Overflow__CWE805_int64_t_alloca_memmove_01_bad (in /home/loris/Desktop/TestRepositories/Forked/juliet-test-suite-c/Automatic/results/20260703_1454/CWE121/valgrind/bin/CWE121/bad/CWE121_Stack_Based_Buffer_Overflow__CWE805_int64_t_alloca_memmove_01-bad)
==307044==    by 0x10947D: main (in /home/loris/Desktop/TestRepositories/Forked/juliet-test-suite-c/Automatic/results/20260703_1454/CWE121/valgrind/bin/CWE121/bad/CWE121_Stack_Based_Buffer_Overflow__CWE805_int64_t_alloca_memmove_01-bad)
==307044==  Address 0x0 is not stack'd, malloc'd or (recently) free'd
==307044== 
==307044== 
==307044== Process terminating with default action of signal 11 (SIGSEGV)
==307044==  Access not within mapped region at address 0x0
==307044==    at 0x10941F: CWE121_Stack_Based_Buffer_Overflow__CWE805_int64_t_alloca_memmove_01_bad (in /home/loris/Desktop/TestRepositories/Forked/juliet-test-suite-c/Automatic/results/20260703_1454/CWE121/valgrind/bin/CWE121/bad/CWE121_Stack_Based_Buffer_Overflow__CWE805_int64_t_alloca_memmove_01-bad)
==307044==    by 0x10947D: main (in /home/loris/Desktop/TestRepositories/Forked/juliet-test-suite-c/Automatic/results/20260703_1454/CWE121/valgrind/bin/CWE121/bad/CWE121_Stack_Based_Buffer_Overflow__CWE805_int64_t_alloca_memmove_01-bad)
==307044==  If you believe this happened as a result of a stack
==307044==  overflow in your program's main thread (unlikely but
==307044==  possible), you can try to increase the size of the
==307044==  main thread stack using the --main-stacksize= flag.
==307044==  The main thread stack size used in this run was 8388608.
==307044== 
==307044== HEAP SUMMARY:
==307044==     in use at exit: 4,096 bytes in 1 blocks
==307044==   total heap usage: 1 allocs, 0 frees, 4,096 bytes allocated
==307044== 
==307044== LEAK SUMMARY:
==307044==    definitely lost: 0 bytes in 0 blocks
==307044==    indirectly lost: 0 bytes in 0 blocks
==307044==      possibly lost: 0 bytes in 0 blocks
==307044==    still reachable: 4,096 bytes in 1 blocks
==307044==         suppressed: 0 bytes in 0 blocks
==307044== Rerun with --leak-check=full to see details of leaked memory
==307044== 
==307044== For lists of detected and suppressed errors, rerun with: -s
==307044== ERROR SUMMARY: 1 errors from 1 contexts (suppressed: 0 from 0)
