==303855== Memcheck, a memory error detector
==303855== Copyright (C) 2002-2022, and GNU GPL'd, by Julian Seward et al.
==303855== Using Valgrind-3.22.0 and LibVEX; rerun with -h for copyright info
==303855== Command: /home/loris/Desktop/TestRepositories/Forked/juliet-test-suite-c/Automatic/results/20260703_1454/CWE121/valgrind/bin/CWE121/bad/CWE121_Stack_Based_Buffer_Overflow__CWE193_char_declare_ncpy_17-bad
==303855== Parent PID: 303854
==303855== 
==303855== Source and destination overlap in strncpy(0x1ffefffe7d, 0x1ffefffe87, 11)
==303855==    at 0x484F5A0: strncpy (in /usr/libexec/valgrind/vgpreload_memcheck-amd64-linux.so)
==303855==    by 0x10933D: CWE121_Stack_Based_Buffer_Overflow__CWE193_char_declare_ncpy_17_bad (in /home/loris/Desktop/TestRepositories/Forked/juliet-test-suite-c/Automatic/results/20260703_1454/CWE121/valgrind/bin/CWE121/bad/CWE121_Stack_Based_Buffer_Overflow__CWE193_char_declare_ncpy_17-bad)
==303855==    by 0x10939D: main (in /home/loris/Desktop/TestRepositories/Forked/juliet-test-suite-c/Automatic/results/20260703_1454/CWE121/valgrind/bin/CWE121/bad/CWE121_Stack_Based_Buffer_Overflow__CWE193_char_declare_ncpy_17-bad)
==303855== 
==303855== 
==303855== HEAP SUMMARY:
==303855==     in use at exit: 0 bytes in 0 blocks
==303855==   total heap usage: 1 allocs, 1 frees, 4,096 bytes allocated
==303855== 
==303855== All heap blocks were freed -- no leaks are possible
==303855== 
==303855== For lists of detected and suppressed errors, rerun with: -s
==303855== ERROR SUMMARY: 1 errors from 1 contexts (suppressed: 0 from 0)
