==305106== Memcheck, a memory error detector
==305106== Copyright (C) 2002-2022, and GNU GPL'd, by Julian Seward et al.
==305106== Using Valgrind-3.22.0 and LibVEX; rerun with -h for copyright info
==305106== Command: /home/loris/Desktop/TestRepositories/Forked/juliet-test-suite-c/Automatic/results/20260703_1454/CWE121/valgrind/bin/CWE121/bad/CWE121_Stack_Based_Buffer_Overflow__CWE805_char_alloca_ncpy_16-bad
==305106== Parent PID: 305105
==305106== 
==305106== Source and destination overlap in strncpy(0x1ffefffe23, 0x1ffefffe83, 99)
==305106==    at 0x484F5A0: strncpy (in /usr/libexec/valgrind/vgpreload_memcheck-amd64-linux.so)
==305106==    by 0x109432: CWE121_Stack_Based_Buffer_Overflow__CWE805_char_alloca_ncpy_16_bad (in /home/loris/Desktop/TestRepositories/Forked/juliet-test-suite-c/Automatic/results/20260703_1454/CWE121/valgrind/bin/CWE121/bad/CWE121_Stack_Based_Buffer_Overflow__CWE805_char_alloca_ncpy_16-bad)
==305106==    by 0x10949D: main (in /home/loris/Desktop/TestRepositories/Forked/juliet-test-suite-c/Automatic/results/20260703_1454/CWE121/valgrind/bin/CWE121/bad/CWE121_Stack_Based_Buffer_Overflow__CWE805_char_alloca_ncpy_16-bad)
==305106== 
==305106== Invalid write of size 1
==305106==    at 0x10943B: CWE121_Stack_Based_Buffer_Overflow__CWE805_char_alloca_ncpy_16_bad (in /home/loris/Desktop/TestRepositories/Forked/juliet-test-suite-c/Automatic/results/20260703_1454/CWE121/valgrind/bin/CWE121/bad/CWE121_Stack_Based_Buffer_Overflow__CWE805_char_alloca_ncpy_16-bad)
==305106==    by 0x10949D: main (in /home/loris/Desktop/TestRepositories/Forked/juliet-test-suite-c/Automatic/results/20260703_1454/CWE121/valgrind/bin/CWE121/bad/CWE121_Stack_Based_Buffer_Overflow__CWE805_char_alloca_ncpy_16-bad)
==305106==  Address 0x43434343434343a6 is not stack'd, malloc'd or (recently) free'd
==305106== 
==305106== 
==305106== Process terminating with default action of signal 11 (SIGSEGV)
==305106==  General Protection Fault
==305106==    at 0x10943B: CWE121_Stack_Based_Buffer_Overflow__CWE805_char_alloca_ncpy_16_bad (in /home/loris/Desktop/TestRepositories/Forked/juliet-test-suite-c/Automatic/results/20260703_1454/CWE121/valgrind/bin/CWE121/bad/CWE121_Stack_Based_Buffer_Overflow__CWE805_char_alloca_ncpy_16-bad)
==305106==    by 0x10949D: main (in /home/loris/Desktop/TestRepositories/Forked/juliet-test-suite-c/Automatic/results/20260703_1454/CWE121/valgrind/bin/CWE121/bad/CWE121_Stack_Based_Buffer_Overflow__CWE805_char_alloca_ncpy_16-bad)
==305106== 
==305106== HEAP SUMMARY:
==305106==     in use at exit: 4,096 bytes in 1 blocks
==305106==   total heap usage: 1 allocs, 0 frees, 4,096 bytes allocated
==305106== 
==305106== LEAK SUMMARY:
==305106==    definitely lost: 0 bytes in 0 blocks
==305106==    indirectly lost: 0 bytes in 0 blocks
==305106==      possibly lost: 0 bytes in 0 blocks
==305106==    still reachable: 4,096 bytes in 1 blocks
==305106==         suppressed: 0 bytes in 0 blocks
==305106== Rerun with --leak-check=full to see details of leaked memory
==305106== 
==305106== For lists of detected and suppressed errors, rerun with: -s
==305106== ERROR SUMMARY: 2 errors from 2 contexts (suppressed: 0 from 0)
