==302538== Memcheck, a memory error detector
==302538== Copyright (C) 2002-2022, and GNU GPL'd, by Julian Seward et al.
==302538== Using Valgrind-3.22.0 and LibVEX; rerun with -h for copyright info
==302538== Command: /home/loris/Desktop/TestRepositories/Forked/juliet-test-suite-c/Automatic/results/20260703_1454/CWE121/valgrind/bin/CWE121/bad/CWE121_Stack_Based_Buffer_Overflow__CWE131_loop_07-bad
==302538== Parent PID: 302534
==302538== 
==302538== Invalid write of size 4
==302538==    at 0x109373: CWE121_Stack_Based_Buffer_Overflow__CWE131_loop_07_bad (in /home/loris/Desktop/TestRepositories/Forked/juliet-test-suite-c/Automatic/results/20260703_1454/CWE121/valgrind/bin/CWE121/bad/CWE121_Stack_Based_Buffer_Overflow__CWE131_loop_07-bad)
==302538==    by 0x1093E1: main (in /home/loris/Desktop/TestRepositories/Forked/juliet-test-suite-c/Automatic/results/20260703_1454/CWE121/valgrind/bin/CWE121/bad/CWE121_Stack_Based_Buffer_Overflow__CWE131_loop_07-bad)
==302538==  Address 0x1f00000024 is not stack'd, malloc'd or (recently) free'd
==302538== 
==302538== 
==302538== Process terminating with default action of signal 11 (SIGSEGV)
==302538==  Access not within mapped region at address 0x1F00000024
==302538==    at 0x109373: CWE121_Stack_Based_Buffer_Overflow__CWE131_loop_07_bad (in /home/loris/Desktop/TestRepositories/Forked/juliet-test-suite-c/Automatic/results/20260703_1454/CWE121/valgrind/bin/CWE121/bad/CWE121_Stack_Based_Buffer_Overflow__CWE131_loop_07-bad)
==302538==    by 0x1093E1: main (in /home/loris/Desktop/TestRepositories/Forked/juliet-test-suite-c/Automatic/results/20260703_1454/CWE121/valgrind/bin/CWE121/bad/CWE121_Stack_Based_Buffer_Overflow__CWE131_loop_07-bad)
==302538==  If you believe this happened as a result of a stack
==302538==  overflow in your program's main thread (unlikely but
==302538==  possible), you can try to increase the size of the
==302538==  main thread stack using the --main-stacksize= flag.
==302538==  The main thread stack size used in this run was 8388608.
==302538== 
==302538== HEAP SUMMARY:
==302538==     in use at exit: 4,096 bytes in 1 blocks
==302538==   total heap usage: 1 allocs, 0 frees, 4,096 bytes allocated
==302538== 
==302538== LEAK SUMMARY:
==302538==    definitely lost: 0 bytes in 0 blocks
==302538==    indirectly lost: 0 bytes in 0 blocks
==302538==      possibly lost: 0 bytes in 0 blocks
==302538==    still reachable: 4,096 bytes in 1 blocks
==302538==         suppressed: 0 bytes in 0 blocks
==302538== Rerun with --leak-check=full to see details of leaked memory
==302538== 
==302538== For lists of detected and suppressed errors, rerun with: -s
==302538== ERROR SUMMARY: 1 errors from 1 contexts (suppressed: 0 from 0)
