==314815== Memcheck, a memory error detector
==314815== Copyright (C) 2002-2022, and GNU GPL'd, by Julian Seward et al.
==314815== Using Valgrind-3.22.0 and LibVEX; rerun with -h for copyright info
==314815== Command: /home/loris/Desktop/TestRepositories/Forked/juliet-test-suite-c/Automatic/results/20260703_1454/CWE121/valgrind/bin/CWE121/bad/CWE121_Stack_Based_Buffer_Overflow__dest_char_declare_cpy_08-bad
==314815== Parent PID: 314814
==314815== 
==314815== Source and destination overlap in strcpy(0x1ffefffde0, 0x1ffefffe20)
==314815==    at 0x484F413: strcpy (in /usr/libexec/valgrind/vgpreload_memcheck-amd64-linux.so)
==314815==    by 0x10935A: CWE121_Stack_Based_Buffer_Overflow__dest_char_declare_cpy_08_bad (in /home/loris/Desktop/TestRepositories/Forked/juliet-test-suite-c/Automatic/results/20260703_1454/CWE121/valgrind/bin/CWE121/bad/CWE121_Stack_Based_Buffer_Overflow__dest_char_declare_cpy_08-bad)
==314815==    by 0x1093BD: main (in /home/loris/Desktop/TestRepositories/Forked/juliet-test-suite-c/Automatic/results/20260703_1454/CWE121/valgrind/bin/CWE121/bad/CWE121_Stack_Based_Buffer_Overflow__dest_char_declare_cpy_08-bad)
==314815== 
==314815== 
==314815== HEAP SUMMARY:
==314815==     in use at exit: 0 bytes in 0 blocks
==314815==   total heap usage: 1 allocs, 1 frees, 4,096 bytes allocated
==314815== 
==314815== All heap blocks were freed -- no leaks are possible
==314815== 
==314815== For lists of detected and suppressed errors, rerun with: -s
==314815== ERROR SUMMARY: 1 errors from 1 contexts (suppressed: 0 from 0)
