==302259== Memcheck, a memory error detector
==302259== Copyright (C) 2002-2022, and GNU GPL'd, by Julian Seward et al.
==302259== Using Valgrind-3.22.0 and LibVEX; rerun with -h for copyright info
==302259== Command: /home/loris/Desktop/TestRepositories/Forked/juliet-test-suite-c/Automatic/results/20260703_1454/CWE121/valgrind/bin/CWE121/bad/CWE121_Stack_Based_Buffer_Overflow__CWE129_listen_socket_16-bad
==302259== Parent PID: 302258
==302259== 
==302259== 
==302259== Process terminating with default action of signal 15 (SIGTERM)
==302259==    at 0x499A834: accept (accept.c:26)
==302259==    by 0x10946D: CWE121_Stack_Based_Buffer_Overflow__CWE129_listen_socket_16_bad (in /home/loris/Desktop/TestRepositories/Forked/juliet-test-suite-c/Automatic/results/20260703_1454/CWE121/valgrind/bin/CWE121/bad/CWE121_Stack_Based_Buffer_Overflow__CWE129_listen_socket_16-bad)
==302259==    by 0x109590: main (in /home/loris/Desktop/TestRepositories/Forked/juliet-test-suite-c/Automatic/results/20260703_1454/CWE121/valgrind/bin/CWE121/bad/CWE121_Stack_Based_Buffer_Overflow__CWE129_listen_socket_16-bad)
==302259== 
==302259== HEAP SUMMARY:
==302259==     in use at exit: 4,096 bytes in 1 blocks
==302259==   total heap usage: 1 allocs, 0 frees, 4,096 bytes allocated
==302259== 
==302259== LEAK SUMMARY:
==302259==    definitely lost: 0 bytes in 0 blocks
==302259==    indirectly lost: 0 bytes in 0 blocks
==302259==      possibly lost: 0 bytes in 0 blocks
==302259==    still reachable: 4,096 bytes in 1 blocks
==302259==         suppressed: 0 bytes in 0 blocks
==302259== Rerun with --leak-check=full to see details of leaked memory
==302259== 
==302259== For lists of detected and suppressed errors, rerun with: -s
==302259== ERROR SUMMARY: 0 errors from 0 contexts (suppressed: 0 from 0)
