==307832== Memcheck, a memory error detector
==307832== Copyright (C) 2002-2022, and GNU GPL'd, by Julian Seward et al.
==307832== Using Valgrind-3.22.0 and LibVEX; rerun with -h for copyright info
==307832== Command: /home/loris/Desktop/TestRepositories/Forked/juliet-test-suite-c/Automatic/results/20260703_1454/CWE121/valgrind/bin/CWE121/bad/CWE121_Stack_Based_Buffer_Overflow__CWE805_int_alloca_loop_54-bad
==307832== Parent PID: 307831
==307832== 
==307832== 
==307832== Process terminating with default action of signal 6 (SIGABRT)
==307832==    at 0x490DB2C: __pthread_kill_implementation (pthread_kill.c:44)
==307832==    by 0x490DB2C: __pthread_kill_internal (pthread_kill.c:78)
==307832==    by 0x490DB2C: pthread_kill@@GLIBC_2.34 (pthread_kill.c:89)
==307832==    by 0x48B427D: raise (raise.c:26)
==307832==    by 0x48978FE: abort (abort.c:79)
==307832==    by 0x48987B5: __libc_message_impl.cold (libc_fatal.c:134)
==307832==    by 0x49A5C48: __fortify_fail (fortify_fail.c:24)
==307832==    by 0x49A6ED3: __stack_chk_fail (stack_chk_fail.c:24)
==307832==    by 0x1093D4: CWE121_Stack_Based_Buffer_Overflow__CWE805_int_alloca_loop_54_bad (in /home/loris/Desktop/TestRepositories/Forked/juliet-test-suite-c/Automatic/results/20260703_1454/CWE121/valgrind/bin/CWE121/bad/CWE121_Stack_Based_Buffer_Overflow__CWE805_int_alloca_loop_54-bad)
==307832== 
==307832== HEAP SUMMARY:
==307832==     in use at exit: 4,096 bytes in 1 blocks
==307832==   total heap usage: 1 allocs, 0 frees, 4,096 bytes allocated
==307832== 
==307832== LEAK SUMMARY:
==307832==    definitely lost: 0 bytes in 0 blocks
==307832==    indirectly lost: 0 bytes in 0 blocks
==307832==      possibly lost: 0 bytes in 0 blocks
==307832==    still reachable: 4,096 bytes in 1 blocks
==307832==         suppressed: 0 bytes in 0 blocks
==307832== Rerun with --leak-check=full to see details of leaked memory
==307832== 
==307832== For lists of detected and suppressed errors, rerun with: -s
==307832== ERROR SUMMARY: 0 errors from 0 contexts (suppressed: 0 from 0)
