==308439== Memcheck, a memory error detector
==308439== Copyright (C) 2002-2022, and GNU GPL'd, by Julian Seward et al.
==308439== Using Valgrind-3.22.0 and LibVEX; rerun with -h for copyright info
==308439== Command: /home/loris/Desktop/TestRepositories/Forked/juliet-test-suite-c/Automatic/results/20260703_1454/CWE121/valgrind/bin/CWE121/bad/CWE121_Stack_Based_Buffer_Overflow__CWE805_int_alloca_memmove_16-bad
==308439== Parent PID: 308438
==308439== 
==308439== Invalid read of size 4
==308439==    at 0x109420: CWE121_Stack_Based_Buffer_Overflow__CWE805_int_alloca_memmove_16_bad (in /home/loris/Desktop/TestRepositories/Forked/juliet-test-suite-c/Automatic/results/20260703_1454/CWE121/valgrind/bin/CWE121/bad/CWE121_Stack_Based_Buffer_Overflow__CWE805_int_alloca_memmove_16-bad)
==308439==    by 0x10947C: main (in /home/loris/Desktop/TestRepositories/Forked/juliet-test-suite-c/Automatic/results/20260703_1454/CWE121/valgrind/bin/CWE121/bad/CWE121_Stack_Based_Buffer_Overflow__CWE805_int_alloca_memmove_16-bad)
==308439==  Address 0x0 is not stack'd, malloc'd or (recently) free'd
==308439== 
==308439== 
==308439== Process terminating with default action of signal 11 (SIGSEGV)
==308439==  Access not within mapped region at address 0x0
==308439==    at 0x109420: CWE121_Stack_Based_Buffer_Overflow__CWE805_int_alloca_memmove_16_bad (in /home/loris/Desktop/TestRepositories/Forked/juliet-test-suite-c/Automatic/results/20260703_1454/CWE121/valgrind/bin/CWE121/bad/CWE121_Stack_Based_Buffer_Overflow__CWE805_int_alloca_memmove_16-bad)
==308439==    by 0x10947C: main (in /home/loris/Desktop/TestRepositories/Forked/juliet-test-suite-c/Automatic/results/20260703_1454/CWE121/valgrind/bin/CWE121/bad/CWE121_Stack_Based_Buffer_Overflow__CWE805_int_alloca_memmove_16-bad)
==308439==  If you believe this happened as a result of a stack
==308439==  overflow in your program's main thread (unlikely but
==308439==  possible), you can try to increase the size of the
==308439==  main thread stack using the --main-stacksize= flag.
==308439==  The main thread stack size used in this run was 8388608.
==308439== 
==308439== HEAP SUMMARY:
==308439==     in use at exit: 4,096 bytes in 1 blocks
==308439==   total heap usage: 1 allocs, 0 frees, 4,096 bytes allocated
==308439== 
==308439== LEAK SUMMARY:
==308439==    definitely lost: 0 bytes in 0 blocks
==308439==    indirectly lost: 0 bytes in 0 blocks
==308439==      possibly lost: 0 bytes in 0 blocks
==308439==    still reachable: 4,096 bytes in 1 blocks
==308439==         suppressed: 0 bytes in 0 blocks
==308439== Rerun with --leak-check=full to see details of leaked memory
==308439== 
==308439== For lists of detected and suppressed errors, rerun with: -s
==308439== ERROR SUMMARY: 1 errors from 1 contexts (suppressed: 0 from 0)
