==2095309== Memcheck, a memory error detector
==2095309== Copyright (C) 2002-2022, and GNU GPL'd, by Julian Seward et al.
==2095309== Using Valgrind-3.22.0 and LibVEX; rerun with -h for copyright info
==2095309== Command: /home/loris/Desktop/TestRepositories/Forked/juliet-test-suite-c/Automatic/results/20260707_1536/CWE127/valgrind/bin/CWE127/good/CWE127_Buffer_Underread__malloc_char_cpy_45-good
==2095309== Parent PID: 2095308
==2095309== 
==2095309== 
==2095309== HEAP SUMMARY:
==2095309==     in use at exit: 100 bytes in 1 blocks
==2095309==   total heap usage: 2 allocs, 1 frees, 4,196 bytes allocated
==2095309== 
==2095309== LEAK SUMMARY:
==2095309==    definitely lost: 0 bytes in 0 blocks
==2095309==    indirectly lost: 0 bytes in 0 blocks
==2095309==      possibly lost: 0 bytes in 0 blocks
==2095309==    still reachable: 100 bytes in 1 blocks
==2095309==         suppressed: 0 bytes in 0 blocks
==2095309== Rerun with --leak-check=full to see details of leaked memory
==2095309== 
==2095309== For lists of detected and suppressed errors, rerun with: -s
==2095309== ERROR SUMMARY: 0 errors from 0 contexts (suppressed: 0 from 0)
