==2095506== Memcheck, a memory error detector
==2095506== Copyright (C) 2002-2022, and GNU GPL'd, by Julian Seward et al.
==2095506== Using Valgrind-3.22.0 and LibVEX; rerun with -h for copyright info
==2095506== Command: /home/loris/Desktop/TestRepositories/Forked/juliet-test-suite-c/Automatic/results/20260707_1536/CWE127/valgrind/bin/CWE127/good/CWE127_Buffer_Underread__malloc_char_memmove_10-good
==2095506== Parent PID: 2095505
==2095506== 
==2095506== 
==2095506== HEAP SUMMARY:
==2095506==     in use at exit: 200 bytes in 2 blocks
==2095506==   total heap usage: 3 allocs, 1 frees, 4,296 bytes allocated
==2095506== 
==2095506== LEAK SUMMARY:
==2095506==    definitely lost: 200 bytes in 2 blocks
==2095506==    indirectly lost: 0 bytes in 0 blocks
==2095506==      possibly lost: 0 bytes in 0 blocks
==2095506==    still reachable: 0 bytes in 0 blocks
==2095506==         suppressed: 0 bytes in 0 blocks
==2095506== Rerun with --leak-check=full to see details of leaked memory
==2095506== 
==2095506== For lists of detected and suppressed errors, rerun with: -s
==2095506== ERROR SUMMARY: 0 errors from 0 contexts (suppressed: 0 from 0)
