==2096106== Memcheck, a memory error detector
==2096106== Copyright (C) 2002-2022, and GNU GPL'd, by Julian Seward et al.
==2096106== Using Valgrind-3.22.0 and LibVEX; rerun with -h for copyright info
==2096106== Command: /home/loris/Desktop/TestRepositories/Forked/juliet-test-suite-c/Automatic/results/20260707_1536/CWE127/valgrind/bin/CWE127/bad/CWE127_Buffer_Underread__CWE839_rand_16-bad
==2096106== Parent PID: 2096105
==2096106== 
==2096106== Invalid read of size 4
==2096106==    at 0x109312: CWE127_Buffer_Underread__CWE839_rand_16_bad (in /home/loris/Desktop/TestRepositories/Forked/juliet-test-suite-c/Automatic/results/20260707_1536/CWE127/valgrind/bin/CWE127/bad/CWE127_Buffer_Underread__CWE839_rand_16-bad)
==2096106==    by 0x109386: main (in /home/loris/Desktop/TestRepositories/Forked/juliet-test-suite-c/Automatic/results/20260707_1536/CWE127/valgrind/bin/CWE127/bad/CWE127_Buffer_Underread__CWE839_rand_16-bad)
==2096106==  Address 0x1f9b7cf0b4 is not stack'd, malloc'd or (recently) free'd
==2096106== 
==2096106== 
==2096106== Process terminating with default action of signal 11 (SIGSEGV)
==2096106==  Access not within mapped region at address 0x1F9B7CF0B4
==2096106==    at 0x109312: CWE127_Buffer_Underread__CWE839_rand_16_bad (in /home/loris/Desktop/TestRepositories/Forked/juliet-test-suite-c/Automatic/results/20260707_1536/CWE127/valgrind/bin/CWE127/bad/CWE127_Buffer_Underread__CWE839_rand_16-bad)
==2096106==    by 0x109386: main (in /home/loris/Desktop/TestRepositories/Forked/juliet-test-suite-c/Automatic/results/20260707_1536/CWE127/valgrind/bin/CWE127/bad/CWE127_Buffer_Underread__CWE839_rand_16-bad)
==2096106==  If you believe this happened as a result of a stack
==2096106==  overflow in your program's main thread (unlikely but
==2096106==  possible), you can try to increase the size of the
==2096106==  main thread stack using the --main-stacksize= flag.
==2096106==  The main thread stack size used in this run was 8388608.
==2096106== 
==2096106== HEAP SUMMARY:
==2096106==     in use at exit: 4,096 bytes in 1 blocks
==2096106==   total heap usage: 1 allocs, 0 frees, 4,096 bytes allocated
==2096106== 
==2096106== LEAK SUMMARY:
==2096106==    definitely lost: 0 bytes in 0 blocks
==2096106==    indirectly lost: 0 bytes in 0 blocks
==2096106==      possibly lost: 0 bytes in 0 blocks
==2096106==    still reachable: 4,096 bytes in 1 blocks
==2096106==         suppressed: 0 bytes in 0 blocks
==2096106== Rerun with --leak-check=full to see details of leaked memory
==2096106== 
==2096106== For lists of detected and suppressed errors, rerun with: -s
==2096106== ERROR SUMMARY: 1 errors from 1 contexts (suppressed: 0 from 0)
