==2095905== Memcheck, a memory error detector
==2095905== Copyright (C) 2002-2022, and GNU GPL'd, by Julian Seward et al.
==2095905== Using Valgrind-3.22.0 and LibVEX; rerun with -h for copyright info
==2095905== Command: /home/loris/Desktop/TestRepositories/Forked/juliet-test-suite-c/Automatic/results/20260707_1536/CWE127/valgrind/bin/CWE127/bad/CWE127_Buffer_Underread__CWE839_listen_socket_17-bad
==2095905== Parent PID: 2095904
==2095905== 
==2095905== 
==2095905== Process terminating with default action of signal 15 (SIGTERM)
==2095905==    at 0x499A834: accept (accept.c:26)
==2095905==    by 0x109479: CWE127_Buffer_Underread__CWE839_listen_socket_17_bad (in /home/loris/Desktop/TestRepositories/Forked/juliet-test-suite-c/Automatic/results/20260707_1536/CWE127/valgrind/bin/CWE127/bad/CWE127_Buffer_Underread__CWE839_listen_socket_17-bad)
==2095905==    by 0x10959B: main (in /home/loris/Desktop/TestRepositories/Forked/juliet-test-suite-c/Automatic/results/20260707_1536/CWE127/valgrind/bin/CWE127/bad/CWE127_Buffer_Underread__CWE839_listen_socket_17-bad)
==2095905== 
==2095905== HEAP SUMMARY:
==2095905==     in use at exit: 4,096 bytes in 1 blocks
==2095905==   total heap usage: 1 allocs, 0 frees, 4,096 bytes allocated
==2095905== 
==2095905== LEAK SUMMARY:
==2095905==    definitely lost: 0 bytes in 0 blocks
==2095905==    indirectly lost: 0 bytes in 0 blocks
==2095905==      possibly lost: 0 bytes in 0 blocks
==2095905==    still reachable: 4,096 bytes in 1 blocks
==2095905==         suppressed: 0 bytes in 0 blocks
==2095905== Rerun with --leak-check=full to see details of leaked memory
==2095905== 
==2095905== For lists of detected and suppressed errors, rerun with: -s
==2095905== ERROR SUMMARY: 0 errors from 0 contexts (suppressed: 0 from 0)
