==2095413== Memcheck, a memory error detector
==2095413== Copyright (C) 2002-2022, and GNU GPL'd, by Julian Seward et al.
==2095413== Using Valgrind-3.22.0 and LibVEX; rerun with -h for copyright info
==2095413== Command: /home/loris/Desktop/TestRepositories/Forked/juliet-test-suite-c/Automatic/results/20260707_1536/CWE127/valgrind/bin/CWE127/good/CWE127_Buffer_Underread__malloc_char_memcpy_03-good
==2095413== Parent PID: 2095412
==2095413== 
==2095413== 
==2095413== HEAP SUMMARY:
==2095413==     in use at exit: 200 bytes in 2 blocks
==2095413==   total heap usage: 3 allocs, 1 frees, 4,296 bytes allocated
==2095413== 
==2095413== LEAK SUMMARY:
==2095413==    definitely lost: 200 bytes in 2 blocks
==2095413==    indirectly lost: 0 bytes in 0 blocks
==2095413==      possibly lost: 0 bytes in 0 blocks
==2095413==    still reachable: 0 bytes in 0 blocks
==2095413==         suppressed: 0 bytes in 0 blocks
==2095413== Rerun with --leak-check=full to see details of leaked memory
==2095413== 
==2095413== For lists of detected and suppressed errors, rerun with: -s
==2095413== ERROR SUMMARY: 0 errors from 0 contexts (suppressed: 0 from 0)
