==2095971== Memcheck, a memory error detector
==2095971== Copyright (C) 2002-2022, and GNU GPL'd, by Julian Seward et al.
==2095971== Using Valgrind-3.22.0 and LibVEX; rerun with -h for copyright info
==2095971== Command: /home/loris/Desktop/TestRepositories/Forked/juliet-test-suite-c/Automatic/results/20260707_1536/CWE127/valgrind/bin/CWE127/bad/CWE127_Buffer_Underread__CWE839_negative_12-bad
==2095971== Parent PID: 2095970
==2095971== 
==2095971== Conditional jump or move depends on uninitialised value(s)
==2095971==    at 0x48D90CB: __printf_buffer (vfprintf-process-arg.c:58)
==2095971==    by 0x48DA73A: __vfprintf_internal (vfprintf-internal.c:1544)
==2095971==    by 0x48CF1B2: printf (printf.c:33)
==2095971==    by 0x10943B: printIntLine (in /home/loris/Desktop/TestRepositories/Forked/juliet-test-suite-c/Automatic/results/20260707_1536/CWE127/valgrind/bin/CWE127/bad/CWE127_Buffer_Underread__CWE839_negative_12-bad)
==2095971==    by 0x1092FD: CWE127_Buffer_Underread__CWE839_negative_12_bad (in /home/loris/Desktop/TestRepositories/Forked/juliet-test-suite-c/Automatic/results/20260707_1536/CWE127/valgrind/bin/CWE127/bad/CWE127_Buffer_Underread__CWE839_negative_12-bad)
==2095971==    by 0x1093A2: main (in /home/loris/Desktop/TestRepositories/Forked/juliet-test-suite-c/Automatic/results/20260707_1536/CWE127/valgrind/bin/CWE127/bad/CWE127_Buffer_Underread__CWE839_negative_12-bad)
==2095971== 
==2095971== Use of uninitialised value of size 8
==2095971==    at 0x48CE0BB: _itoa_word (_itoa.c:183)
==2095971==    by 0x48D8C9B: __printf_buffer (vfprintf-process-arg.c:155)
==2095971==    by 0x48DA73A: __vfprintf_internal (vfprintf-internal.c:1544)
==2095971==    by 0x48CF1B2: printf (printf.c:33)
==2095971==    by 0x10943B: printIntLine (in /home/loris/Desktop/TestRepositories/Forked/juliet-test-suite-c/Automatic/results/20260707_1536/CWE127/valgrind/bin/CWE127/bad/CWE127_Buffer_Underread__CWE839_negative_12-bad)
==2095971==    by 0x1092FD: CWE127_Buffer_Underread__CWE839_negative_12_bad (in /home/loris/Desktop/TestRepositories/Forked/juliet-test-suite-c/Automatic/results/20260707_1536/CWE127/valgrind/bin/CWE127/bad/CWE127_Buffer_Underread__CWE839_negative_12-bad)
==2095971==    by 0x1093A2: main (in /home/loris/Desktop/TestRepositories/Forked/juliet-test-suite-c/Automatic/results/20260707_1536/CWE127/valgrind/bin/CWE127/bad/CWE127_Buffer_Underread__CWE839_negative_12-bad)
==2095971== 
==2095971== Conditional jump or move depends on uninitialised value(s)
==2095971==    at 0x48CE0CC: _itoa_word (_itoa.c:183)
==2095971==    by 0x48D8C9B: __printf_buffer (vfprintf-process-arg.c:155)
==2095971==    by 0x48DA73A: __vfprintf_internal (vfprintf-internal.c:1544)
==2095971==    by 0x48CF1B2: printf (printf.c:33)
==2095971==    by 0x10943B: printIntLine (in /home/loris/Desktop/TestRepositories/Forked/juliet-test-suite-c/Automatic/results/20260707_1536/CWE127/valgrind/bin/CWE127/bad/CWE127_Buffer_Underread__CWE839_negative_12-bad)
==2095971==    by 0x1092FD: CWE127_Buffer_Underread__CWE839_negative_12_bad (in /home/loris/Desktop/TestRepositories/Forked/juliet-test-suite-c/Automatic/results/20260707_1536/CWE127/valgrind/bin/CWE127/bad/CWE127_Buffer_Underread__CWE839_negative_12-bad)
==2095971==    by 0x1093A2: main (in /home/loris/Desktop/TestRepositories/Forked/juliet-test-suite-c/Automatic/results/20260707_1536/CWE127/valgrind/bin/CWE127/bad/CWE127_Buffer_Underread__CWE839_negative_12-bad)
==2095971== 
==2095971== Conditional jump or move depends on uninitialised value(s)
==2095971==    at 0x48D8D85: __printf_buffer (vfprintf-process-arg.c:186)
==2095971==    by 0x48DA73A: __vfprintf_internal (vfprintf-internal.c:1544)
==2095971==    by 0x48CF1B2: printf (printf.c:33)
==2095971==    by 0x10943B: printIntLine (in /home/loris/Desktop/TestRepositories/Forked/juliet-test-suite-c/Automatic/results/20260707_1536/CWE127/valgrind/bin/CWE127/bad/CWE127_Buffer_Underread__CWE839_negative_12-bad)
==2095971==    by 0x1092FD: CWE127_Buffer_Underread__CWE839_negative_12_bad (in /home/loris/Desktop/TestRepositories/Forked/juliet-test-suite-c/Automatic/results/20260707_1536/CWE127/valgrind/bin/CWE127/bad/CWE127_Buffer_Underread__CWE839_negative_12-bad)
==2095971==    by 0x1093A2: main (in /home/loris/Desktop/TestRepositories/Forked/juliet-test-suite-c/Automatic/results/20260707_1536/CWE127/valgrind/bin/CWE127/bad/CWE127_Buffer_Underread__CWE839_negative_12-bad)
==2095971== 
==2095971== 
==2095971== HEAP SUMMARY:
==2095971==     in use at exit: 0 bytes in 0 blocks
==2095971==   total heap usage: 1 allocs, 1 frees, 4,096 bytes allocated
==2095971== 
==2095971== All heap blocks were freed -- no leaks are possible
==2095971== 
==2095971== Use --track-origins=yes to see where uninitialised values come from
==2095971== For lists of detected and suppressed errors, rerun with: -s
==2095971== ERROR SUMMARY: 4 errors from 4 contexts (suppressed: 0 from 0)
