==2095895== Memcheck, a memory error detector
==2095895== Copyright (C) 2002-2022, and GNU GPL'd, by Julian Seward et al.
==2095895== Using Valgrind-3.22.0 and LibVEX; rerun with -h for copyright info
==2095895== Command: /home/loris/Desktop/TestRepositories/Forked/juliet-test-suite-c/Automatic/results/20260707_1536/CWE127/valgrind/bin/CWE127/bad/CWE127_Buffer_Underread__CWE839_listen_socket_13-bad
==2095895== Parent PID: 2095894
==2095895== 
==2095895== 
==2095895== Process terminating with default action of signal 15 (SIGTERM)
==2095895==    at 0x499A834: accept (accept.c:26)
==2095895==    by 0x10947C: CWE127_Buffer_Underread__CWE839_listen_socket_13_bad (in /home/loris/Desktop/TestRepositories/Forked/juliet-test-suite-c/Automatic/results/20260707_1536/CWE127/valgrind/bin/CWE127/bad/CWE127_Buffer_Underread__CWE839_listen_socket_13-bad)
==2095895==    by 0x109588: main (in /home/loris/Desktop/TestRepositories/Forked/juliet-test-suite-c/Automatic/results/20260707_1536/CWE127/valgrind/bin/CWE127/bad/CWE127_Buffer_Underread__CWE839_listen_socket_13-bad)
==2095895== 
==2095895== HEAP SUMMARY:
==2095895==     in use at exit: 4,096 bytes in 1 blocks
==2095895==   total heap usage: 1 allocs, 0 frees, 4,096 bytes allocated
==2095895== 
==2095895== LEAK SUMMARY:
==2095895==    definitely lost: 0 bytes in 0 blocks
==2095895==    indirectly lost: 0 bytes in 0 blocks
==2095895==      possibly lost: 0 bytes in 0 blocks
==2095895==    still reachable: 4,096 bytes in 1 blocks
==2095895==         suppressed: 0 bytes in 0 blocks
==2095895== Rerun with --leak-check=full to see details of leaked memory
==2095895== 
==2095895== For lists of detected and suppressed errors, rerun with: -s
==2095895== ERROR SUMMARY: 0 errors from 0 contexts (suppressed: 0 from 0)
