==2097250== Memcheck, a memory error detector
==2097250== Copyright (C) 2002-2022, and GNU GPL'd, by Julian Seward et al.
==2097250== Using Valgrind-3.22.0 and LibVEX; rerun with -h for copyright info
==2097250== Command: /home/loris/Desktop/TestRepositories/Forked/juliet-test-suite-c/Automatic/results/20260707_1536/CWE127/valgrind/bin/CWE127/bad/CWE127_Buffer_Underread__malloc_char_ncpy_68-bad
==2097250== Parent PID: 2097249
==2097250== 
==2097250== Invalid read of size 1
==2097250==    at 0x484F525: strncpy (in /usr/libexec/valgrind/vgpreload_memcheck-amd64-linux.so)
==2097250==    by 0x109455: CWE127_Buffer_Underread__malloc_char_ncpy_68b_badSink (in /home/loris/Desktop/TestRepositories/Forked/juliet-test-suite-c/Automatic/results/20260707_1536/CWE127/valgrind/bin/CWE127/bad/CWE127_Buffer_Underread__malloc_char_ncpy_68-bad)
==2097250==    by 0x10939D: CWE127_Buffer_Underread__malloc_char_ncpy_68_bad (in /home/loris/Desktop/TestRepositories/Forked/juliet-test-suite-c/Automatic/results/20260707_1536/CWE127/valgrind/bin/CWE127/bad/CWE127_Buffer_Underread__malloc_char_ncpy_68-bad)
==2097250==    by 0x1093DD: main (in /home/loris/Desktop/TestRepositories/Forked/juliet-test-suite-c/Automatic/results/20260707_1536/CWE127/valgrind/bin/CWE127/bad/CWE127_Buffer_Underread__malloc_char_ncpy_68-bad)
==2097250==  Address 0x4a85078 is 8 bytes before a block of size 100 alloc'd
==2097250==    at 0x4846828: malloc (in /usr/libexec/valgrind/vgpreload_memcheck-amd64-linux.so)
==2097250==    by 0x109346: CWE127_Buffer_Underread__malloc_char_ncpy_68_bad (in /home/loris/Desktop/TestRepositories/Forked/juliet-test-suite-c/Automatic/results/20260707_1536/CWE127/valgrind/bin/CWE127/bad/CWE127_Buffer_Underread__malloc_char_ncpy_68-bad)
==2097250==    by 0x1093DD: main (in /home/loris/Desktop/TestRepositories/Forked/juliet-test-suite-c/Automatic/results/20260707_1536/CWE127/valgrind/bin/CWE127/bad/CWE127_Buffer_Underread__malloc_char_ncpy_68-bad)
==2097250== 
==2097250== 
==2097250== HEAP SUMMARY:
==2097250==     in use at exit: 100 bytes in 1 blocks
==2097250==   total heap usage: 2 allocs, 1 frees, 4,196 bytes allocated
==2097250== 
==2097250== LEAK SUMMARY:
==2097250==    definitely lost: 100 bytes in 1 blocks
==2097250==    indirectly lost: 0 bytes in 0 blocks
==2097250==      possibly lost: 0 bytes in 0 blocks
==2097250==    still reachable: 0 bytes in 0 blocks
==2097250==         suppressed: 0 bytes in 0 blocks
==2097250== Rerun with --leak-check=full to see details of leaked memory
==2097250== 
==2097250== For lists of detected and suppressed errors, rerun with: -s
==2097250== ERROR SUMMARY: 1 errors from 1 contexts (suppressed: 0 from 0)
