==2096908== Memcheck, a memory error detector
==2096908== Copyright (C) 2002-2022, and GNU GPL'd, by Julian Seward et al.
==2096908== Using Valgrind-3.22.0 and LibVEX; rerun with -h for copyright info
==2096908== Command: /home/loris/Desktop/TestRepositories/Forked/juliet-test-suite-c/Automatic/results/20260707_1536/CWE127/valgrind/bin/CWE127/bad/CWE127_Buffer_Underread__malloc_char_cpy_34-bad
==2096908== Parent PID: 2096907
==2096908== 
==2096908== Invalid read of size 1
==2096908==    at 0x484F374: strcpy (in /usr/libexec/valgrind/vgpreload_memcheck-amd64-linux.so)
==2096908==    by 0x1093E1: CWE127_Buffer_Underread__malloc_char_cpy_34_bad (in /home/loris/Desktop/TestRepositories/Forked/juliet-test-suite-c/Automatic/results/20260707_1536/CWE127/valgrind/bin/CWE127/bad/CWE127_Buffer_Underread__malloc_char_cpy_34-bad)
==2096908==    by 0x109444: main (in /home/loris/Desktop/TestRepositories/Forked/juliet-test-suite-c/Automatic/results/20260707_1536/CWE127/valgrind/bin/CWE127/bad/CWE127_Buffer_Underread__malloc_char_cpy_34-bad)
==2096908==  Address 0x4a85078 is 8 bytes before a block of size 100 alloc'd
==2096908==    at 0x4846828: malloc (in /usr/libexec/valgrind/vgpreload_memcheck-amd64-linux.so)
==2096908==    by 0x10933B: CWE127_Buffer_Underread__malloc_char_cpy_34_bad (in /home/loris/Desktop/TestRepositories/Forked/juliet-test-suite-c/Automatic/results/20260707_1536/CWE127/valgrind/bin/CWE127/bad/CWE127_Buffer_Underread__malloc_char_cpy_34-bad)
==2096908==    by 0x109444: main (in /home/loris/Desktop/TestRepositories/Forked/juliet-test-suite-c/Automatic/results/20260707_1536/CWE127/valgrind/bin/CWE127/bad/CWE127_Buffer_Underread__malloc_char_cpy_34-bad)
==2096908== 
==2096908== 
==2096908== HEAP SUMMARY:
==2096908==     in use at exit: 100 bytes in 1 blocks
==2096908==   total heap usage: 2 allocs, 1 frees, 4,196 bytes allocated
==2096908== 
==2096908== LEAK SUMMARY:
==2096908==    definitely lost: 100 bytes in 1 blocks
==2096908==    indirectly lost: 0 bytes in 0 blocks
==2096908==      possibly lost: 0 bytes in 0 blocks
==2096908==    still reachable: 0 bytes in 0 blocks
==2096908==         suppressed: 0 bytes in 0 blocks
==2096908== Rerun with --leak-check=full to see details of leaked memory
==2096908== 
==2096908== For lists of detected and suppressed errors, rerun with: -s
==2096908== ERROR SUMMARY: 1 errors from 1 contexts (suppressed: 0 from 0)
