==2094388== Memcheck, a memory error detector
==2094388== Copyright (C) 2002-2022, and GNU GPL'd, by Julian Seward et al.
==2094388== Using Valgrind-3.22.0 and LibVEX; rerun with -h for copyright info
==2094388== Command: /home/loris/Desktop/TestRepositories/Forked/juliet-test-suite-c/Automatic/results/20260707_1536/CWE127/valgrind/bin/CWE127/good/CWE127_Buffer_Underread__CWE839_listen_socket_32-good
==2094388== Parent PID: 2094387
==2094388== 
==2094388== 
==2094388== Process terminating with default action of signal 15 (SIGTERM)
==2094388==    at 0x499A834: accept (accept.c:26)
==2094388==    by 0x109529: goodB2G (in /home/loris/Desktop/TestRepositories/Forked/juliet-test-suite-c/Automatic/results/20260707_1536/CWE127/valgrind/bin/CWE127/good/CWE127_Buffer_Underread__CWE839_listen_socket_32-good)
==2094388==    by 0x109621: CWE127_Buffer_Underread__CWE839_listen_socket_32_good (in /home/loris/Desktop/TestRepositories/Forked/juliet-test-suite-c/Automatic/results/20260707_1536/CWE127/valgrind/bin/CWE127/good/CWE127_Buffer_Underread__CWE839_listen_socket_32-good)
==2094388==    by 0x109661: main (in /home/loris/Desktop/TestRepositories/Forked/juliet-test-suite-c/Automatic/results/20260707_1536/CWE127/valgrind/bin/CWE127/good/CWE127_Buffer_Underread__CWE839_listen_socket_32-good)
==2094388== 
==2094388== HEAP SUMMARY:
==2094388==     in use at exit: 4,096 bytes in 1 blocks
==2094388==   total heap usage: 1 allocs, 0 frees, 4,096 bytes allocated
==2094388== 
==2094388== LEAK SUMMARY:
==2094388==    definitely lost: 0 bytes in 0 blocks
==2094388==    indirectly lost: 0 bytes in 0 blocks
==2094388==      possibly lost: 0 bytes in 0 blocks
==2094388==    still reachable: 4,096 bytes in 1 blocks
==2094388==         suppressed: 0 bytes in 0 blocks
==2094388== Rerun with --leak-check=full to see details of leaked memory
==2094388== 
==2094388== For lists of detected and suppressed errors, rerun with: -s
==2094388== ERROR SUMMARY: 0 errors from 0 contexts (suppressed: 0 from 0)
