==2095393== Memcheck, a memory error detector
==2095393== Copyright (C) 2002-2022, and GNU GPL'd, by Julian Seward et al.
==2095393== Using Valgrind-3.22.0 and LibVEX; rerun with -h for copyright info
==2095393== Command: /home/loris/Desktop/TestRepositories/Forked/juliet-test-suite-c/Automatic/results/20260707_1536/CWE127/valgrind/bin/CWE127/good/CWE127_Buffer_Underread__malloc_char_loop_54-good
==2095393== Parent PID: 2095392
==2095393== 
==2095393== 
==2095393== HEAP SUMMARY:
==2095393==     in use at exit: 100 bytes in 1 blocks
==2095393==   total heap usage: 2 allocs, 1 frees, 4,196 bytes allocated
==2095393== 
==2095393== LEAK SUMMARY:
==2095393==    definitely lost: 100 bytes in 1 blocks
==2095393==    indirectly lost: 0 bytes in 0 blocks
==2095393==      possibly lost: 0 bytes in 0 blocks
==2095393==    still reachable: 0 bytes in 0 blocks
==2095393==         suppressed: 0 bytes in 0 blocks
==2095393== Rerun with --leak-check=full to see details of leaked memory
==2095393== 
==2095393== For lists of detected and suppressed errors, rerun with: -s
==2095393== ERROR SUMMARY: 0 errors from 0 contexts (suppressed: 0 from 0)
