==2095606== Memcheck, a memory error detector
==2095606== Copyright (C) 2002-2022, and GNU GPL'd, by Julian Seward et al.
==2095606== Using Valgrind-3.22.0 and LibVEX; rerun with -h for copyright info
==2095606== Command: /home/loris/Desktop/TestRepositories/Forked/juliet-test-suite-c/Automatic/results/20260707_1536/CWE127/valgrind/bin/CWE127/good/CWE127_Buffer_Underread__malloc_char_ncpy_32-good
==2095606== Parent PID: 2095605
==2095606== 
==2095606== 
==2095606== HEAP SUMMARY:
==2095606==     in use at exit: 100 bytes in 1 blocks
==2095606==   total heap usage: 2 allocs, 1 frees, 4,196 bytes allocated
==2095606== 
==2095606== LEAK SUMMARY:
==2095606==    definitely lost: 100 bytes in 1 blocks
==2095606==    indirectly lost: 0 bytes in 0 blocks
==2095606==      possibly lost: 0 bytes in 0 blocks
==2095606==    still reachable: 0 bytes in 0 blocks
==2095606==         suppressed: 0 bytes in 0 blocks
==2095606== Rerun with --leak-check=full to see details of leaked memory
==2095606== 
==2095606== For lists of detected and suppressed errors, rerun with: -s
==2095606== ERROR SUMMARY: 0 errors from 0 contexts (suppressed: 0 from 0)
