==2096009== Memcheck, a memory error detector
==2096009== Copyright (C) 2002-2022, and GNU GPL'd, by Julian Seward et al.
==2096009== Using Valgrind-3.22.0 and LibVEX; rerun with -h for copyright info
==2096009== Command: /home/loris/Desktop/TestRepositories/Forked/juliet-test-suite-c/Automatic/results/20260707_1536/CWE127/valgrind/bin/CWE127/bad/CWE127_Buffer_Underread__CWE839_negative_54-bad
==2096009== Parent PID: 2096008
==2096009== 
==2096009== Conditional jump or move depends on uninitialised value(s)
==2096009==    at 0x48D90CB: __printf_buffer (vfprintf-process-arg.c:58)
==2096009==    by 0x48DA73A: __vfprintf_internal (vfprintf-internal.c:1544)
==2096009==    by 0x48CF1B2: printf (printf.c:33)
==2096009==    by 0x109446: printIntLine (in /home/loris/Desktop/TestRepositories/Forked/juliet-test-suite-c/Automatic/results/20260707_1536/CWE127/valgrind/bin/CWE127/bad/CWE127_Buffer_Underread__CWE839_negative_54-bad)
==2096009==    by 0x10939B: CWE127_Buffer_Underread__CWE839_negative_54e_badSink (in /home/loris/Desktop/TestRepositories/Forked/juliet-test-suite-c/Automatic/results/20260707_1536/CWE127/valgrind/bin/CWE127/bad/CWE127_Buffer_Underread__CWE839_negative_54-bad)
==2096009==    by 0x109353: CWE127_Buffer_Underread__CWE839_negative_54d_badSink (in /home/loris/Desktop/TestRepositories/Forked/juliet-test-suite-c/Automatic/results/20260707_1536/CWE127/valgrind/bin/CWE127/bad/CWE127_Buffer_Underread__CWE839_negative_54-bad)
==2096009==    by 0x109337: CWE127_Buffer_Underread__CWE839_negative_54c_badSink (in /home/loris/Desktop/TestRepositories/Forked/juliet-test-suite-c/Automatic/results/20260707_1536/CWE127/valgrind/bin/CWE127/bad/CWE127_Buffer_Underread__CWE839_negative_54-bad)
==2096009==    by 0x10931B: CWE127_Buffer_Underread__CWE839_negative_54b_badSink (in /home/loris/Desktop/TestRepositories/Forked/juliet-test-suite-c/Automatic/results/20260707_1536/CWE127/valgrind/bin/CWE127/bad/CWE127_Buffer_Underread__CWE839_negative_54-bad)
==2096009==    by 0x1092AC: CWE127_Buffer_Underread__CWE839_negative_54_bad (in /home/loris/Desktop/TestRepositories/Forked/juliet-test-suite-c/Automatic/results/20260707_1536/CWE127/valgrind/bin/CWE127/bad/CWE127_Buffer_Underread__CWE839_negative_54-bad)
==2096009==    by 0x1092EC: main (in /home/loris/Desktop/TestRepositories/Forked/juliet-test-suite-c/Automatic/results/20260707_1536/CWE127/valgrind/bin/CWE127/bad/CWE127_Buffer_Underread__CWE839_negative_54-bad)
==2096009== 
==2096009== Use of uninitialised value of size 8
==2096009==    at 0x48CE0BB: _itoa_word (_itoa.c:183)
==2096009==    by 0x48D8C9B: __printf_buffer (vfprintf-process-arg.c:155)
==2096009==    by 0x48DA73A: __vfprintf_internal (vfprintf-internal.c:1544)
==2096009==    by 0x48CF1B2: printf (printf.c:33)
==2096009==    by 0x109446: printIntLine (in /home/loris/Desktop/TestRepositories/Forked/juliet-test-suite-c/Automatic/results/20260707_1536/CWE127/valgrind/bin/CWE127/bad/CWE127_Buffer_Underread__CWE839_negative_54-bad)
==2096009==    by 0x10939B: CWE127_Buffer_Underread__CWE839_negative_54e_badSink (in /home/loris/Desktop/TestRepositories/Forked/juliet-test-suite-c/Automatic/results/20260707_1536/CWE127/valgrind/bin/CWE127/bad/CWE127_Buffer_Underread__CWE839_negative_54-bad)
==2096009==    by 0x109353: CWE127_Buffer_Underread__CWE839_negative_54d_badSink (in /home/loris/Desktop/TestRepositories/Forked/juliet-test-suite-c/Automatic/results/20260707_1536/CWE127/valgrind/bin/CWE127/bad/CWE127_Buffer_Underread__CWE839_negative_54-bad)
==2096009==    by 0x109337: CWE127_Buffer_Underread__CWE839_negative_54c_badSink (in /home/loris/Desktop/TestRepositories/Forked/juliet-test-suite-c/Automatic/results/20260707_1536/CWE127/valgrind/bin/CWE127/bad/CWE127_Buffer_Underread__CWE839_negative_54-bad)
==2096009==    by 0x10931B: CWE127_Buffer_Underread__CWE839_negative_54b_badSink (in /home/loris/Desktop/TestRepositories/Forked/juliet-test-suite-c/Automatic/results/20260707_1536/CWE127/valgrind/bin/CWE127/bad/CWE127_Buffer_Underread__CWE839_negative_54-bad)
==2096009==    by 0x1092AC: CWE127_Buffer_Underread__CWE839_negative_54_bad (in /home/loris/Desktop/TestRepositories/Forked/juliet-test-suite-c/Automatic/results/20260707_1536/CWE127/valgrind/bin/CWE127/bad/CWE127_Buffer_Underread__CWE839_negative_54-bad)
==2096009==    by 0x1092EC: main (in /home/loris/Desktop/TestRepositories/Forked/juliet-test-suite-c/Automatic/results/20260707_1536/CWE127/valgrind/bin/CWE127/bad/CWE127_Buffer_Underread__CWE839_negative_54-bad)
==2096009== 
==2096009== Conditional jump or move depends on uninitialised value(s)
==2096009==    at 0x48CE0CC: _itoa_word (_itoa.c:183)
==2096009==    by 0x48D8C9B: __printf_buffer (vfprintf-process-arg.c:155)
==2096009==    by 0x48DA73A: __vfprintf_internal (vfprintf-internal.c:1544)
==2096009==    by 0x48CF1B2: printf (printf.c:33)
==2096009==    by 0x109446: printIntLine (in /home/loris/Desktop/TestRepositories/Forked/juliet-test-suite-c/Automatic/results/20260707_1536/CWE127/valgrind/bin/CWE127/bad/CWE127_Buffer_Underread__CWE839_negative_54-bad)
==2096009==    by 0x10939B: CWE127_Buffer_Underread__CWE839_negative_54e_badSink (in /home/loris/Desktop/TestRepositories/Forked/juliet-test-suite-c/Automatic/results/20260707_1536/CWE127/valgrind/bin/CWE127/bad/CWE127_Buffer_Underread__CWE839_negative_54-bad)
==2096009==    by 0x109353: CWE127_Buffer_Underread__CWE839_negative_54d_badSink (in /home/loris/Desktop/TestRepositories/Forked/juliet-test-suite-c/Automatic/results/20260707_1536/CWE127/valgrind/bin/CWE127/bad/CWE127_Buffer_Underread__CWE839_negative_54-bad)
==2096009==    by 0x109337: CWE127_Buffer_Underread__CWE839_negative_54c_badSink (in /home/loris/Desktop/TestRepositories/Forked/juliet-test-suite-c/Automatic/results/20260707_1536/CWE127/valgrind/bin/CWE127/bad/CWE127_Buffer_Underread__CWE839_negative_54-bad)
==2096009==    by 0x10931B: CWE127_Buffer_Underread__CWE839_negative_54b_badSink (in /home/loris/Desktop/TestRepositories/Forked/juliet-test-suite-c/Automatic/results/20260707_1536/CWE127/valgrind/bin/CWE127/bad/CWE127_Buffer_Underread__CWE839_negative_54-bad)
==2096009==    by 0x1092AC: CWE127_Buffer_Underread__CWE839_negative_54_bad (in /home/loris/Desktop/TestRepositories/Forked/juliet-test-suite-c/Automatic/results/20260707_1536/CWE127/valgrind/bin/CWE127/bad/CWE127_Buffer_Underread__CWE839_negative_54-bad)
==2096009==    by 0x1092EC: main (in /home/loris/Desktop/TestRepositories/Forked/juliet-test-suite-c/Automatic/results/20260707_1536/CWE127/valgrind/bin/CWE127/bad/CWE127_Buffer_Underread__CWE839_negative_54-bad)
==2096009== 
==2096009== Conditional jump or move depends on uninitialised value(s)
==2096009==    at 0x48D8D85: __printf_buffer (vfprintf-process-arg.c:186)
==2096009==    by 0x48DA73A: __vfprintf_internal (vfprintf-internal.c:1544)
==2096009==    by 0x48CF1B2: printf (printf.c:33)
==2096009==    by 0x109446: printIntLine (in /home/loris/Desktop/TestRepositories/Forked/juliet-test-suite-c/Automatic/results/20260707_1536/CWE127/valgrind/bin/CWE127/bad/CWE127_Buffer_Underread__CWE839_negative_54-bad)
==2096009==    by 0x10939B: CWE127_Buffer_Underread__CWE839_negative_54e_badSink (in /home/loris/Desktop/TestRepositories/Forked/juliet-test-suite-c/Automatic/results/20260707_1536/CWE127/valgrind/bin/CWE127/bad/CWE127_Buffer_Underread__CWE839_negative_54-bad)
==2096009==    by 0x109353: CWE127_Buffer_Underread__CWE839_negative_54d_badSink (in /home/loris/Desktop/TestRepositories/Forked/juliet-test-suite-c/Automatic/results/20260707_1536/CWE127/valgrind/bin/CWE127/bad/CWE127_Buffer_Underread__CWE839_negative_54-bad)
==2096009==    by 0x109337: CWE127_Buffer_Underread__CWE839_negative_54c_badSink (in /home/loris/Desktop/TestRepositories/Forked/juliet-test-suite-c/Automatic/results/20260707_1536/CWE127/valgrind/bin/CWE127/bad/CWE127_Buffer_Underread__CWE839_negative_54-bad)
==2096009==    by 0x10931B: CWE127_Buffer_Underread__CWE839_negative_54b_badSink (in /home/loris/Desktop/TestRepositories/Forked/juliet-test-suite-c/Automatic/results/20260707_1536/CWE127/valgrind/bin/CWE127/bad/CWE127_Buffer_Underread__CWE839_negative_54-bad)
==2096009==    by 0x1092AC: CWE127_Buffer_Underread__CWE839_negative_54_bad (in /home/loris/Desktop/TestRepositories/Forked/juliet-test-suite-c/Automatic/results/20260707_1536/CWE127/valgrind/bin/CWE127/bad/CWE127_Buffer_Underread__CWE839_negative_54-bad)
==2096009==    by 0x1092EC: main (in /home/loris/Desktop/TestRepositories/Forked/juliet-test-suite-c/Automatic/results/20260707_1536/CWE127/valgrind/bin/CWE127/bad/CWE127_Buffer_Underread__CWE839_negative_54-bad)
==2096009== 
==2096009== 
==2096009== HEAP SUMMARY:
==2096009==     in use at exit: 0 bytes in 0 blocks
==2096009==   total heap usage: 1 allocs, 1 frees, 4,096 bytes allocated
==2096009== 
==2096009== All heap blocks were freed -- no leaks are possible
==2096009== 
==2096009== Use --track-origins=yes to see where uninitialised values come from
==2096009== For lists of detected and suppressed errors, rerun with: -s
==2096009== ERROR SUMMARY: 4 errors from 4 contexts (suppressed: 0 from 0)
