==2095500== Memcheck, a memory error detector
==2095500== Copyright (C) 2002-2022, and GNU GPL'd, by Julian Seward et al.
==2095500== Using Valgrind-3.22.0 and LibVEX; rerun with -h for copyright info
==2095500== Command: /home/loris/Desktop/TestRepositories/Forked/juliet-test-suite-c/Automatic/results/20260707_1536/CWE127/valgrind/bin/CWE127/good/CWE127_Buffer_Underread__malloc_char_memmove_07-good
==2095500== Parent PID: 2095499
==2095500== 
==2095500== 
==2095500== HEAP SUMMARY:
==2095500==     in use at exit: 200 bytes in 2 blocks
==2095500==   total heap usage: 3 allocs, 1 frees, 4,296 bytes allocated
==2095500== 
==2095500== LEAK SUMMARY:
==2095500==    definitely lost: 200 bytes in 2 blocks
==2095500==    indirectly lost: 0 bytes in 0 blocks
==2095500==      possibly lost: 0 bytes in 0 blocks
==2095500==    still reachable: 0 bytes in 0 blocks
==2095500==         suppressed: 0 bytes in 0 blocks
==2095500== Rerun with --leak-check=full to see details of leaked memory
==2095500== 
==2095500== For lists of detected and suppressed errors, rerun with: -s
==2095500== ERROR SUMMARY: 0 errors from 0 contexts (suppressed: 0 from 0)
