==2095546== Memcheck, a memory error detector
==2095546== Copyright (C) 2002-2022, and GNU GPL'd, by Julian Seward et al.
==2095546== Using Valgrind-3.22.0 and LibVEX; rerun with -h for copyright info
==2095546== Command: /home/loris/Desktop/TestRepositories/Forked/juliet-test-suite-c/Automatic/results/20260707_1536/CWE127/valgrind/bin/CWE127/good/CWE127_Buffer_Underread__malloc_char_memmove_53-good
==2095546== Parent PID: 2095545
==2095546== 
==2095546== 
==2095546== HEAP SUMMARY:
==2095546==     in use at exit: 100 bytes in 1 blocks
==2095546==   total heap usage: 2 allocs, 1 frees, 4,196 bytes allocated
==2095546== 
==2095546== LEAK SUMMARY:
==2095546==    definitely lost: 100 bytes in 1 blocks
==2095546==    indirectly lost: 0 bytes in 0 blocks
==2095546==      possibly lost: 0 bytes in 0 blocks
==2095546==    still reachable: 0 bytes in 0 blocks
==2095546==         suppressed: 0 bytes in 0 blocks
==2095546== Rerun with --leak-check=full to see details of leaked memory
==2095546== 
==2095546== For lists of detected and suppressed errors, rerun with: -s
==2095546== ERROR SUMMARY: 0 errors from 0 contexts (suppressed: 0 from 0)
