==2096936== Memcheck, a memory error detector
==2096936== Copyright (C) 2002-2022, and GNU GPL'd, by Julian Seward et al.
==2096936== Using Valgrind-3.22.0 and LibVEX; rerun with -h for copyright info
==2096936== Command: /home/loris/Desktop/TestRepositories/Forked/juliet-test-suite-c/Automatic/results/20260707_1536/CWE127/valgrind/bin/CWE127/bad/CWE127_Buffer_Underread__malloc_char_cpy_67-bad
==2096936== Parent PID: 2096935
==2096936== 
==2096936== Invalid read of size 1
==2096936==    at 0x484F374: strcpy (in /usr/libexec/valgrind/vgpreload_memcheck-amd64-linux.so)
==2096936==    by 0x10943B: CWE127_Buffer_Underread__malloc_char_cpy_67b_badSink (in /home/loris/Desktop/TestRepositories/Forked/juliet-test-suite-c/Automatic/results/20260707_1536/CWE127/valgrind/bin/CWE127/bad/CWE127_Buffer_Underread__malloc_char_cpy_67-bad)
==2096936==    by 0x10937C: CWE127_Buffer_Underread__malloc_char_cpy_67_bad (in /home/loris/Desktop/TestRepositories/Forked/juliet-test-suite-c/Automatic/results/20260707_1536/CWE127/valgrind/bin/CWE127/bad/CWE127_Buffer_Underread__malloc_char_cpy_67-bad)
==2096936==    by 0x1093BC: main (in /home/loris/Desktop/TestRepositories/Forked/juliet-test-suite-c/Automatic/results/20260707_1536/CWE127/valgrind/bin/CWE127/bad/CWE127_Buffer_Underread__malloc_char_cpy_67-bad)
==2096936==  Address 0x4a85078 is 8 bytes before a block of size 100 alloc'd
==2096936==    at 0x4846828: malloc (in /usr/libexec/valgrind/vgpreload_memcheck-amd64-linux.so)
==2096936==    by 0x109326: CWE127_Buffer_Underread__malloc_char_cpy_67_bad (in /home/loris/Desktop/TestRepositories/Forked/juliet-test-suite-c/Automatic/results/20260707_1536/CWE127/valgrind/bin/CWE127/bad/CWE127_Buffer_Underread__malloc_char_cpy_67-bad)
==2096936==    by 0x1093BC: main (in /home/loris/Desktop/TestRepositories/Forked/juliet-test-suite-c/Automatic/results/20260707_1536/CWE127/valgrind/bin/CWE127/bad/CWE127_Buffer_Underread__malloc_char_cpy_67-bad)
==2096936== 
==2096936== 
==2096936== HEAP SUMMARY:
==2096936==     in use at exit: 100 bytes in 1 blocks
==2096936==   total heap usage: 2 allocs, 1 frees, 4,196 bytes allocated
==2096936== 
==2096936== LEAK SUMMARY:
==2096936==    definitely lost: 100 bytes in 1 blocks
==2096936==    indirectly lost: 0 bytes in 0 blocks
==2096936==      possibly lost: 0 bytes in 0 blocks
==2096936==    still reachable: 0 bytes in 0 blocks
==2096936==         suppressed: 0 bytes in 0 blocks
==2096936== Rerun with --leak-check=full to see details of leaked memory
==2096936== 
==2096936== For lists of detected and suppressed errors, rerun with: -s
==2096936== ERROR SUMMARY: 1 errors from 1 contexts (suppressed: 0 from 0)
