==2097230== Memcheck, a memory error detector
==2097230== Copyright (C) 2002-2022, and GNU GPL'd, by Julian Seward et al.
==2097230== Using Valgrind-3.22.0 and LibVEX; rerun with -h for copyright info
==2097230== Command: /home/loris/Desktop/TestRepositories/Forked/juliet-test-suite-c/Automatic/results/20260707_1536/CWE127/valgrind/bin/CWE127/bad/CWE127_Buffer_Underread__malloc_char_ncpy_51-bad
==2097230== Parent PID: 2097229
==2097230== 
==2097230== Invalid read of size 1
==2097230==    at 0x484F525: strncpy (in /usr/libexec/valgrind/vgpreload_memcheck-amd64-linux.so)
==2097230==    by 0x109445: CWE127_Buffer_Underread__malloc_char_ncpy_51b_badSink (in /home/loris/Desktop/TestRepositories/Forked/juliet-test-suite-c/Automatic/results/20260707_1536/CWE127/valgrind/bin/CWE127/bad/CWE127_Buffer_Underread__malloc_char_ncpy_51-bad)
==2097230==    by 0x109394: CWE127_Buffer_Underread__malloc_char_ncpy_51_bad (in /home/loris/Desktop/TestRepositories/Forked/juliet-test-suite-c/Automatic/results/20260707_1536/CWE127/valgrind/bin/CWE127/bad/CWE127_Buffer_Underread__malloc_char_ncpy_51-bad)
==2097230==    by 0x1093D4: main (in /home/loris/Desktop/TestRepositories/Forked/juliet-test-suite-c/Automatic/results/20260707_1536/CWE127/valgrind/bin/CWE127/bad/CWE127_Buffer_Underread__malloc_char_ncpy_51-bad)
==2097230==  Address 0x4a85078 is 8 bytes before a block of size 100 alloc'd
==2097230==    at 0x4846828: malloc (in /usr/libexec/valgrind/vgpreload_memcheck-amd64-linux.so)
==2097230==    by 0x109346: CWE127_Buffer_Underread__malloc_char_ncpy_51_bad (in /home/loris/Desktop/TestRepositories/Forked/juliet-test-suite-c/Automatic/results/20260707_1536/CWE127/valgrind/bin/CWE127/bad/CWE127_Buffer_Underread__malloc_char_ncpy_51-bad)
==2097230==    by 0x1093D4: main (in /home/loris/Desktop/TestRepositories/Forked/juliet-test-suite-c/Automatic/results/20260707_1536/CWE127/valgrind/bin/CWE127/bad/CWE127_Buffer_Underread__malloc_char_ncpy_51-bad)
==2097230== 
==2097230== 
==2097230== HEAP SUMMARY:
==2097230==     in use at exit: 100 bytes in 1 blocks
==2097230==   total heap usage: 2 allocs, 1 frees, 4,196 bytes allocated
==2097230== 
==2097230== LEAK SUMMARY:
==2097230==    definitely lost: 100 bytes in 1 blocks
==2097230==    indirectly lost: 0 bytes in 0 blocks
==2097230==      possibly lost: 0 bytes in 0 blocks
==2097230==    still reachable: 0 bytes in 0 blocks
==2097230==         suppressed: 0 bytes in 0 blocks
==2097230== Rerun with --leak-check=full to see details of leaked memory
==2097230== 
==2097230== For lists of detected and suppressed errors, rerun with: -s
==2097230== ERROR SUMMARY: 1 errors from 1 contexts (suppressed: 0 from 0)
