==2096722== Memcheck, a memory error detector
==2096722== Copyright (C) 2002-2022, and GNU GPL'd, by Julian Seward et al.
==2096722== Using Valgrind-3.22.0 and LibVEX; rerun with -h for copyright info
==2096722== Command: /home/loris/Desktop/TestRepositories/Forked/juliet-test-suite-c/Automatic/results/20260707_1536/CWE127/valgrind/bin/CWE127/bad/CWE127_Buffer_Underread__char_declare_memcpy_66-bad
==2096722== Parent PID: 2096721
==2096722== 
==2096722== Conditional jump or move depends on uninitialised value(s)
==2096722==    at 0x484F229: strlen (in /usr/libexec/valgrind/vgpreload_memcheck-amd64-linux.so)
==2096722==    by 0x48F6BFC: puts (ioputs.c:35)
==2096722==    by 0x109482: printLine (in /home/loris/Desktop/TestRepositories/Forked/juliet-test-suite-c/Automatic/results/20260707_1536/CWE127/valgrind/bin/CWE127/bad/CWE127_Buffer_Underread__char_declare_memcpy_66-bad)
==2096722==    by 0x109444: CWE127_Buffer_Underread__char_declare_memcpy_66b_badSink (in /home/loris/Desktop/TestRepositories/Forked/juliet-test-suite-c/Automatic/results/20260707_1536/CWE127/valgrind/bin/CWE127/bad/CWE127_Buffer_Underread__char_declare_memcpy_66-bad)
==2096722==    by 0x10930C: CWE127_Buffer_Underread__char_declare_memcpy_66_bad (in /home/loris/Desktop/TestRepositories/Forked/juliet-test-suite-c/Automatic/results/20260707_1536/CWE127/valgrind/bin/CWE127/bad/CWE127_Buffer_Underread__char_declare_memcpy_66-bad)
==2096722==    by 0x109360: main (in /home/loris/Desktop/TestRepositories/Forked/juliet-test-suite-c/Automatic/results/20260707_1536/CWE127/valgrind/bin/CWE127/bad/CWE127_Buffer_Underread__char_declare_memcpy_66-bad)
==2096722== 
==2096722== Conditional jump or move depends on uninitialised value(s)
==2096722==    at 0x484F238: strlen (in /usr/libexec/valgrind/vgpreload_memcheck-amd64-linux.so)
==2096722==    by 0x48F6BFC: puts (ioputs.c:35)
==2096722==    by 0x109482: printLine (in /home/loris/Desktop/TestRepositories/Forked/juliet-test-suite-c/Automatic/results/20260707_1536/CWE127/valgrind/bin/CWE127/bad/CWE127_Buffer_Underread__char_declare_memcpy_66-bad)
==2096722==    by 0x109444: CWE127_Buffer_Underread__char_declare_memcpy_66b_badSink (in /home/loris/Desktop/TestRepositories/Forked/juliet-test-suite-c/Automatic/results/20260707_1536/CWE127/valgrind/bin/CWE127/bad/CWE127_Buffer_Underread__char_declare_memcpy_66-bad)
==2096722==    by 0x10930C: CWE127_Buffer_Underread__char_declare_memcpy_66_bad (in /home/loris/Desktop/TestRepositories/Forked/juliet-test-suite-c/Automatic/results/20260707_1536/CWE127/valgrind/bin/CWE127/bad/CWE127_Buffer_Underread__char_declare_memcpy_66-bad)
==2096722==    by 0x109360: main (in /home/loris/Desktop/TestRepositories/Forked/juliet-test-suite-c/Automatic/results/20260707_1536/CWE127/valgrind/bin/CWE127/bad/CWE127_Buffer_Underread__char_declare_memcpy_66-bad)
==2096722== 
==2096722== Syscall param write(buf) points to uninitialised byte(s)
==2096722==    at 0x498B5A4: write (write.c:26)
==2096722==    by 0x4902974: _IO_file_write@@GLIBC_2.2.5 (fileops.c:1181)
==2096722==    by 0x4901570: new_do_write (fileops.c:449)
==2096722==    by 0x4901570: _IO_do_write@@GLIBC_2.2.5 (fileops.c:426)
==2096722==    by 0x49051E5: _IO_flush_all (genops.c:705)
==2096722==    by 0x490580C: _IO_cleanup (genops.c:843)
==2096722==    by 0x48B6B73: __run_exit_handlers (exit.c:129)
==2096722==    by 0x48B6BBD: exit (exit.c:138)
==2096722==    by 0x48991D0: (below main) (libc_start_call_main.h:74)
==2096722==  Address 0x4a84051 is 17 bytes inside a block of size 4,096 alloc'd
==2096722==    at 0x4846828: malloc (in /usr/libexec/valgrind/vgpreload_memcheck-amd64-linux.so)
==2096722==    by 0x48F41B4: _IO_file_doallocate (filedoalloc.c:101)
==2096722==    by 0x4904523: _IO_doallocbuf (genops.c:347)
==2096722==    by 0x4901F8F: _IO_file_overflow@@GLIBC_2.2.5 (fileops.c:745)
==2096722==    by 0x4902AAE: _IO_new_file_xsputn (fileops.c:1244)
==2096722==    by 0x4902AAE: _IO_file_xsputn@@GLIBC_2.2.5 (fileops.c:1197)
==2096722==    by 0x48F6C5C: puts (ioputs.c:40)
==2096722==    by 0x109482: printLine (in /home/loris/Desktop/TestRepositories/Forked/juliet-test-suite-c/Automatic/results/20260707_1536/CWE127/valgrind/bin/CWE127/bad/CWE127_Buffer_Underread__char_declare_memcpy_66-bad)
==2096722==    by 0x109356: main (in /home/loris/Desktop/TestRepositories/Forked/juliet-test-suite-c/Automatic/results/20260707_1536/CWE127/valgrind/bin/CWE127/bad/CWE127_Buffer_Underread__char_declare_memcpy_66-bad)
==2096722== 
==2096722== 
==2096722== HEAP SUMMARY:
==2096722==     in use at exit: 0 bytes in 0 blocks
==2096722==   total heap usage: 1 allocs, 1 frees, 4,096 bytes allocated
==2096722== 
==2096722== All heap blocks were freed -- no leaks are possible
==2096722== 
==2096722== Use --track-origins=yes to see where uninitialised values come from
==2096722== For lists of detected and suppressed errors, rerun with: -s
==2096722== ERROR SUMMARY: 6 errors from 3 contexts (suppressed: 0 from 0)
