==2097153== Memcheck, a memory error detector
==2097153== Copyright (C) 2002-2022, and GNU GPL'd, by Julian Seward et al.
==2097153== Using Valgrind-3.22.0 and LibVEX; rerun with -h for copyright info
==2097153== Command: /home/loris/Desktop/TestRepositories/Forked/juliet-test-suite-c/Automatic/results/20260707_1536/CWE127/valgrind/bin/CWE127/bad/CWE127_Buffer_Underread__malloc_char_memmove_51-bad
==2097153== Parent PID: 2097152
==2097153== 
==2097153== Invalid read of size 8
==2097153==    at 0x4852DFD: memmove (in /usr/libexec/valgrind/vgpreload_memcheck-amd64-linux.so)
==2097153==    by 0x10941B: CWE127_Buffer_Underread__malloc_char_memmove_51b_badSink (in /home/loris/Desktop/TestRepositories/Forked/juliet-test-suite-c/Automatic/results/20260707_1536/CWE127/valgrind/bin/CWE127/bad/CWE127_Buffer_Underread__malloc_char_memmove_51-bad)
==2097153==    by 0x109374: CWE127_Buffer_Underread__malloc_char_memmove_51_bad (in /home/loris/Desktop/TestRepositories/Forked/juliet-test-suite-c/Automatic/results/20260707_1536/CWE127/valgrind/bin/CWE127/bad/CWE127_Buffer_Underread__malloc_char_memmove_51-bad)
==2097153==    by 0x1093B4: main (in /home/loris/Desktop/TestRepositories/Forked/juliet-test-suite-c/Automatic/results/20260707_1536/CWE127/valgrind/bin/CWE127/bad/CWE127_Buffer_Underread__malloc_char_memmove_51-bad)
==2097153==  Address 0x4a85078 is 8 bytes before a block of size 100 alloc'd
==2097153==    at 0x4846828: malloc (in /usr/libexec/valgrind/vgpreload_memcheck-amd64-linux.so)
==2097153==    by 0x109326: CWE127_Buffer_Underread__malloc_char_memmove_51_bad (in /home/loris/Desktop/TestRepositories/Forked/juliet-test-suite-c/Automatic/results/20260707_1536/CWE127/valgrind/bin/CWE127/bad/CWE127_Buffer_Underread__malloc_char_memmove_51-bad)
==2097153==    by 0x1093B4: main (in /home/loris/Desktop/TestRepositories/Forked/juliet-test-suite-c/Automatic/results/20260707_1536/CWE127/valgrind/bin/CWE127/bad/CWE127_Buffer_Underread__malloc_char_memmove_51-bad)
==2097153== 
==2097153== 
==2097153== HEAP SUMMARY:
==2097153==     in use at exit: 100 bytes in 1 blocks
==2097153==   total heap usage: 2 allocs, 1 frees, 4,196 bytes allocated
==2097153== 
==2097153== LEAK SUMMARY:
==2097153==    definitely lost: 100 bytes in 1 blocks
==2097153==    indirectly lost: 0 bytes in 0 blocks
==2097153==      possibly lost: 0 bytes in 0 blocks
==2097153==    still reachable: 0 bytes in 0 blocks
==2097153==         suppressed: 0 bytes in 0 blocks
==2097153== Rerun with --leak-check=full to see details of leaked memory
==2097153== 
==2097153== For lists of detected and suppressed errors, rerun with: -s
==2097153== ERROR SUMMARY: 1 errors from 1 contexts (suppressed: 0 from 0)
