==2097167== Memcheck, a memory error detector
==2097167== Copyright (C) 2002-2022, and GNU GPL'd, by Julian Seward et al.
==2097167== Using Valgrind-3.22.0 and LibVEX; rerun with -h for copyright info
==2097167== Command: /home/loris/Desktop/TestRepositories/Forked/juliet-test-suite-c/Automatic/results/20260707_1536/CWE127/valgrind/bin/CWE127/bad/CWE127_Buffer_Underread__malloc_char_memmove_65-bad
==2097167== Parent PID: 2097166
==2097167== 
==2097167== Invalid read of size 8
==2097167==    at 0x4852DFD: memmove (in /usr/libexec/valgrind/vgpreload_memcheck-amd64-linux.so)
==2097167==    by 0x109427: CWE127_Buffer_Underread__malloc_char_memmove_65b_badSink (in /home/loris/Desktop/TestRepositories/Forked/juliet-test-suite-c/Automatic/results/20260707_1536/CWE127/valgrind/bin/CWE127/bad/CWE127_Buffer_Underread__malloc_char_memmove_65-bad)
==2097167==    by 0x109380: CWE127_Buffer_Underread__malloc_char_memmove_65_bad (in /home/loris/Desktop/TestRepositories/Forked/juliet-test-suite-c/Automatic/results/20260707_1536/CWE127/valgrind/bin/CWE127/bad/CWE127_Buffer_Underread__malloc_char_memmove_65-bad)
==2097167==    by 0x1093C0: main (in /home/loris/Desktop/TestRepositories/Forked/juliet-test-suite-c/Automatic/results/20260707_1536/CWE127/valgrind/bin/CWE127/bad/CWE127_Buffer_Underread__malloc_char_memmove_65-bad)
==2097167==  Address 0x4a85078 is 8 bytes before a block of size 100 alloc'd
==2097167==    at 0x4846828: malloc (in /usr/libexec/valgrind/vgpreload_memcheck-amd64-linux.so)
==2097167==    by 0x109331: CWE127_Buffer_Underread__malloc_char_memmove_65_bad (in /home/loris/Desktop/TestRepositories/Forked/juliet-test-suite-c/Automatic/results/20260707_1536/CWE127/valgrind/bin/CWE127/bad/CWE127_Buffer_Underread__malloc_char_memmove_65-bad)
==2097167==    by 0x1093C0: main (in /home/loris/Desktop/TestRepositories/Forked/juliet-test-suite-c/Automatic/results/20260707_1536/CWE127/valgrind/bin/CWE127/bad/CWE127_Buffer_Underread__malloc_char_memmove_65-bad)
==2097167== 
==2097167== 
==2097167== HEAP SUMMARY:
==2097167==     in use at exit: 100 bytes in 1 blocks
==2097167==   total heap usage: 2 allocs, 1 frees, 4,196 bytes allocated
==2097167== 
==2097167== LEAK SUMMARY:
==2097167==    definitely lost: 100 bytes in 1 blocks
==2097167==    indirectly lost: 0 bytes in 0 blocks
==2097167==      possibly lost: 0 bytes in 0 blocks
==2097167==    still reachable: 0 bytes in 0 blocks
==2097167==         suppressed: 0 bytes in 0 blocks
==2097167== Rerun with --leak-check=full to see details of leaked memory
==2097167== 
==2097167== For lists of detected and suppressed errors, rerun with: -s
==2097167== ERROR SUMMARY: 1 errors from 1 contexts (suppressed: 0 from 0)
