==2095574== Memcheck, a memory error detector
==2095574== Copyright (C) 2002-2022, and GNU GPL'd, by Julian Seward et al.
==2095574== Using Valgrind-3.22.0 and LibVEX; rerun with -h for copyright info
==2095574== Command: /home/loris/Desktop/TestRepositories/Forked/juliet-test-suite-c/Automatic/results/20260707_1536/CWE127/valgrind/bin/CWE127/good/CWE127_Buffer_Underread__malloc_char_ncpy_06-good
==2095574== Parent PID: 2095573
==2095574== 
==2095574== 
==2095574== HEAP SUMMARY:
==2095574==     in use at exit: 200 bytes in 2 blocks
==2095574==   total heap usage: 3 allocs, 1 frees, 4,296 bytes allocated
==2095574== 
==2095574== LEAK SUMMARY:
==2095574==    definitely lost: 200 bytes in 2 blocks
==2095574==    indirectly lost: 0 bytes in 0 blocks
==2095574==      possibly lost: 0 bytes in 0 blocks
==2095574==    still reachable: 0 bytes in 0 blocks
==2095574==         suppressed: 0 bytes in 0 blocks
==2095574== Rerun with --leak-check=full to see details of leaked memory
==2095574== 
==2095574== For lists of detected and suppressed errors, rerun with: -s
==2095574== ERROR SUMMARY: 0 errors from 0 contexts (suppressed: 0 from 0)
