==2095634== Memcheck, a memory error detector
==2095634== Copyright (C) 2002-2022, and GNU GPL'd, by Julian Seward et al.
==2095634== Using Valgrind-3.22.0 and LibVEX; rerun with -h for copyright info
==2095634== Command: /home/loris/Desktop/TestRepositories/Forked/juliet-test-suite-c/Automatic/results/20260707_1536/CWE127/valgrind/bin/CWE127/good/CWE127_Buffer_Underread__malloc_char_ncpy_66-good
==2095634== Parent PID: 2095633
==2095634== 
==2095634== 
==2095634== HEAP SUMMARY:
==2095634==     in use at exit: 100 bytes in 1 blocks
==2095634==   total heap usage: 2 allocs, 1 frees, 4,196 bytes allocated
==2095634== 
==2095634== LEAK SUMMARY:
==2095634==    definitely lost: 100 bytes in 1 blocks
==2095634==    indirectly lost: 0 bytes in 0 blocks
==2095634==      possibly lost: 0 bytes in 0 blocks
==2095634==    still reachable: 0 bytes in 0 blocks
==2095634==         suppressed: 0 bytes in 0 blocks
==2095634== Rerun with --leak-check=full to see details of leaked memory
==2095634== 
==2095634== For lists of detected and suppressed errors, rerun with: -s
==2095634== ERROR SUMMARY: 0 errors from 0 contexts (suppressed: 0 from 0)
