==2094358== Memcheck, a memory error detector
==2094358== Copyright (C) 2002-2022, and GNU GPL'd, by Julian Seward et al.
==2094358== Using Valgrind-3.22.0 and LibVEX; rerun with -h for copyright info
==2094358== Command: /home/loris/Desktop/TestRepositories/Forked/juliet-test-suite-c/Automatic/results/20260707_1536/CWE127/valgrind/bin/CWE127/good/CWE127_Buffer_Underread__CWE839_listen_socket_07-good
==2094358== Parent PID: 2094357
==2094358== 
==2094358== 
==2094358== Process terminating with default action of signal 15 (SIGTERM)
==2094358==    at 0x499A834: accept (accept.c:26)
==2094358==    by 0x10947C: goodB2G1 (in /home/loris/Desktop/TestRepositories/Forked/juliet-test-suite-c/Automatic/results/20260707_1536/CWE127/valgrind/bin/CWE127/good/CWE127_Buffer_Underread__CWE839_listen_socket_07-good)
==2094358==    by 0x10984A: CWE127_Buffer_Underread__CWE839_listen_socket_07_good (in /home/loris/Desktop/TestRepositories/Forked/juliet-test-suite-c/Automatic/results/20260707_1536/CWE127/valgrind/bin/CWE127/good/CWE127_Buffer_Underread__CWE839_listen_socket_07-good)
==2094358==    by 0x1098A8: main (in /home/loris/Desktop/TestRepositories/Forked/juliet-test-suite-c/Automatic/results/20260707_1536/CWE127/valgrind/bin/CWE127/good/CWE127_Buffer_Underread__CWE839_listen_socket_07-good)
==2094358== 
==2094358== HEAP SUMMARY:
==2094358==     in use at exit: 4,096 bytes in 1 blocks
==2094358==   total heap usage: 1 allocs, 0 frees, 4,096 bytes allocated
==2094358== 
==2094358== LEAK SUMMARY:
==2094358==    definitely lost: 0 bytes in 0 blocks
==2094358==    indirectly lost: 0 bytes in 0 blocks
==2094358==      possibly lost: 0 bytes in 0 blocks
==2094358==    still reachable: 4,096 bytes in 1 blocks
==2094358==         suppressed: 0 bytes in 0 blocks
==2094358== Rerun with --leak-check=full to see details of leaked memory
==2094358== 
==2094358== For lists of detected and suppressed errors, rerun with: -s
==2094358== ERROR SUMMARY: 0 errors from 0 contexts (suppressed: 0 from 0)
