==2097143== Memcheck, a memory error detector
==2097143== Copyright (C) 2002-2022, and GNU GPL'd, by Julian Seward et al.
==2097143== Using Valgrind-3.22.0 and LibVEX; rerun with -h for copyright info
==2097143== Command: /home/loris/Desktop/TestRepositories/Forked/juliet-test-suite-c/Automatic/results/20260707_1536/CWE127/valgrind/bin/CWE127/bad/CWE127_Buffer_Underread__malloc_char_memmove_34-bad
==2097143== Parent PID: 2097142
==2097143== 
==2097143== Invalid read of size 8
==2097143==    at 0x4852DFD: memmove (in /usr/libexec/valgrind/vgpreload_memcheck-amd64-linux.so)
==2097143==    by 0x1093CB: CWE127_Buffer_Underread__malloc_char_memmove_34_bad (in /home/loris/Desktop/TestRepositories/Forked/juliet-test-suite-c/Automatic/results/20260707_1536/CWE127/valgrind/bin/CWE127/bad/CWE127_Buffer_Underread__malloc_char_memmove_34-bad)
==2097143==    by 0x10942F: main (in /home/loris/Desktop/TestRepositories/Forked/juliet-test-suite-c/Automatic/results/20260707_1536/CWE127/valgrind/bin/CWE127/bad/CWE127_Buffer_Underread__malloc_char_memmove_34-bad)
==2097143==  Address 0x4a85078 is 8 bytes before a block of size 100 alloc'd
==2097143==    at 0x4846828: malloc (in /usr/libexec/valgrind/vgpreload_memcheck-amd64-linux.so)
==2097143==    by 0x10933B: CWE127_Buffer_Underread__malloc_char_memmove_34_bad (in /home/loris/Desktop/TestRepositories/Forked/juliet-test-suite-c/Automatic/results/20260707_1536/CWE127/valgrind/bin/CWE127/bad/CWE127_Buffer_Underread__malloc_char_memmove_34-bad)
==2097143==    by 0x10942F: main (in /home/loris/Desktop/TestRepositories/Forked/juliet-test-suite-c/Automatic/results/20260707_1536/CWE127/valgrind/bin/CWE127/bad/CWE127_Buffer_Underread__malloc_char_memmove_34-bad)
==2097143== 
==2097143== 
==2097143== HEAP SUMMARY:
==2097143==     in use at exit: 100 bytes in 1 blocks
==2097143==   total heap usage: 2 allocs, 1 frees, 4,196 bytes allocated
==2097143== 
==2097143== LEAK SUMMARY:
==2097143==    definitely lost: 100 bytes in 1 blocks
==2097143==    indirectly lost: 0 bytes in 0 blocks
==2097143==      possibly lost: 0 bytes in 0 blocks
==2097143==    still reachable: 0 bytes in 0 blocks
==2097143==         suppressed: 0 bytes in 0 blocks
==2097143== Rerun with --leak-check=full to see details of leaked memory
==2097143== 
==2097143== For lists of detected and suppressed errors, rerun with: -s
==2097143== ERROR SUMMARY: 1 errors from 1 contexts (suppressed: 0 from 0)
