==2097079== Memcheck, a memory error detector
==2097079== Copyright (C) 2002-2022, and GNU GPL'd, by Julian Seward et al.
==2097079== Using Valgrind-3.22.0 and LibVEX; rerun with -h for copyright info
==2097079== Command: /home/loris/Desktop/TestRepositories/Forked/juliet-test-suite-c/Automatic/results/20260707_1536/CWE127/valgrind/bin/CWE127/bad/CWE127_Buffer_Underread__malloc_char_memcpy_52-bad
==2097079== Parent PID: 2097078
==2097079== 
==2097079== Invalid read of size 8
==2097079==    at 0x109411: CWE127_Buffer_Underread__malloc_char_memcpy_52c_badSink (in /home/loris/Desktop/TestRepositories/Forked/juliet-test-suite-c/Automatic/results/20260707_1536/CWE127/valgrind/bin/CWE127/bad/CWE127_Buffer_Underread__malloc_char_memcpy_52-bad)
==2097079==    by 0x1093C6: CWE127_Buffer_Underread__malloc_char_memcpy_52b_badSink (in /home/loris/Desktop/TestRepositories/Forked/juliet-test-suite-c/Automatic/results/20260707_1536/CWE127/valgrind/bin/CWE127/bad/CWE127_Buffer_Underread__malloc_char_memcpy_52-bad)
==2097079==    by 0x109354: CWE127_Buffer_Underread__malloc_char_memcpy_52_bad (in /home/loris/Desktop/TestRepositories/Forked/juliet-test-suite-c/Automatic/results/20260707_1536/CWE127/valgrind/bin/CWE127/bad/CWE127_Buffer_Underread__malloc_char_memcpy_52-bad)
==2097079==    by 0x109394: main (in /home/loris/Desktop/TestRepositories/Forked/juliet-test-suite-c/Automatic/results/20260707_1536/CWE127/valgrind/bin/CWE127/bad/CWE127_Buffer_Underread__malloc_char_memcpy_52-bad)
==2097079==  Address 0x4a85078 is 8 bytes before a block of size 100 alloc'd
==2097079==    at 0x4846828: malloc (in /usr/libexec/valgrind/vgpreload_memcheck-amd64-linux.so)
==2097079==    by 0x109306: CWE127_Buffer_Underread__malloc_char_memcpy_52_bad (in /home/loris/Desktop/TestRepositories/Forked/juliet-test-suite-c/Automatic/results/20260707_1536/CWE127/valgrind/bin/CWE127/bad/CWE127_Buffer_Underread__malloc_char_memcpy_52-bad)
==2097079==    by 0x109394: main (in /home/loris/Desktop/TestRepositories/Forked/juliet-test-suite-c/Automatic/results/20260707_1536/CWE127/valgrind/bin/CWE127/bad/CWE127_Buffer_Underread__malloc_char_memcpy_52-bad)
==2097079== 
==2097079== 
==2097079== HEAP SUMMARY:
==2097079==     in use at exit: 100 bytes in 1 blocks
==2097079==   total heap usage: 2 allocs, 1 frees, 4,196 bytes allocated
==2097079== 
==2097079== LEAK SUMMARY:
==2097079==    definitely lost: 100 bytes in 1 blocks
==2097079==    indirectly lost: 0 bytes in 0 blocks
==2097079==      possibly lost: 0 bytes in 0 blocks
==2097079==    still reachable: 0 bytes in 0 blocks
==2097079==         suppressed: 0 bytes in 0 blocks
==2097079== Rerun with --leak-check=full to see details of leaked memory
==2097079== 
==2097079== For lists of detected and suppressed errors, rerun with: -s
==2097079== ERROR SUMMARY: 1 errors from 1 contexts (suppressed: 0 from 0)
