==2095458== Memcheck, a memory error detector
==2095458== Copyright (C) 2002-2022, and GNU GPL'd, by Julian Seward et al.
==2095458== Using Valgrind-3.22.0 and LibVEX; rerun with -h for copyright info
==2095458== Command: /home/loris/Desktop/TestRepositories/Forked/juliet-test-suite-c/Automatic/results/20260707_1536/CWE127/valgrind/bin/CWE127/good/CWE127_Buffer_Underread__malloc_char_memcpy_41-good
==2095458== Parent PID: 2095457
==2095458== 
==2095458== 
==2095458== HEAP SUMMARY:
==2095458==     in use at exit: 100 bytes in 1 blocks
==2095458==   total heap usage: 2 allocs, 1 frees, 4,196 bytes allocated
==2095458== 
==2095458== LEAK SUMMARY:
==2095458==    definitely lost: 100 bytes in 1 blocks
==2095458==    indirectly lost: 0 bytes in 0 blocks
==2095458==      possibly lost: 0 bytes in 0 blocks
==2095458==    still reachable: 0 bytes in 0 blocks
==2095458==         suppressed: 0 bytes in 0 blocks
==2095458== Rerun with --leak-check=full to see details of leaked memory
==2095458== 
==2095458== For lists of detected and suppressed errors, rerun with: -s
==2095458== ERROR SUMMARY: 0 errors from 0 contexts (suppressed: 0 from 0)
