==2097194== Memcheck, a memory error detector
==2097194== Copyright (C) 2002-2022, and GNU GPL'd, by Julian Seward et al.
==2097194== Using Valgrind-3.22.0 and LibVEX; rerun with -h for copyright info
==2097194== Command: /home/loris/Desktop/TestRepositories/Forked/juliet-test-suite-c/Automatic/results/20260707_1536/CWE127/valgrind/bin/CWE127/bad/CWE127_Buffer_Underread__malloc_char_ncpy_10-bad
==2097194== Parent PID: 2097193
==2097194== 
==2097194== Invalid read of size 1
==2097194==    at 0x484F525: strncpy (in /usr/libexec/valgrind/vgpreload_memcheck-amd64-linux.so)
==2097194==    by 0x1093DD: CWE127_Buffer_Underread__malloc_char_ncpy_10_bad (in /home/loris/Desktop/TestRepositories/Forked/juliet-test-suite-c/Automatic/results/20260707_1536/CWE127/valgrind/bin/CWE127/bad/CWE127_Buffer_Underread__malloc_char_ncpy_10-bad)
==2097194==    by 0x109441: main (in /home/loris/Desktop/TestRepositories/Forked/juliet-test-suite-c/Automatic/results/20260707_1536/CWE127/valgrind/bin/CWE127/bad/CWE127_Buffer_Underread__malloc_char_ncpy_10-bad)
==2097194==  Address 0x4a85078 is 8 bytes before a block of size 100 alloc'd
==2097194==    at 0x4846828: malloc (in /usr/libexec/valgrind/vgpreload_memcheck-amd64-linux.so)
==2097194==    by 0x10935F: CWE127_Buffer_Underread__malloc_char_ncpy_10_bad (in /home/loris/Desktop/TestRepositories/Forked/juliet-test-suite-c/Automatic/results/20260707_1536/CWE127/valgrind/bin/CWE127/bad/CWE127_Buffer_Underread__malloc_char_ncpy_10-bad)
==2097194==    by 0x109441: main (in /home/loris/Desktop/TestRepositories/Forked/juliet-test-suite-c/Automatic/results/20260707_1536/CWE127/valgrind/bin/CWE127/bad/CWE127_Buffer_Underread__malloc_char_ncpy_10-bad)
==2097194== 
==2097194== 
==2097194== HEAP SUMMARY:
==2097194==     in use at exit: 100 bytes in 1 blocks
==2097194==   total heap usage: 2 allocs, 1 frees, 4,196 bytes allocated
==2097194== 
==2097194== LEAK SUMMARY:
==2097194==    definitely lost: 100 bytes in 1 blocks
==2097194==    indirectly lost: 0 bytes in 0 blocks
==2097194==      possibly lost: 0 bytes in 0 blocks
==2097194==    still reachable: 0 bytes in 0 blocks
==2097194==         suppressed: 0 bytes in 0 blocks
==2097194== Rerun with --leak-check=full to see details of leaked memory
==2097194== 
==2097194== For lists of detected and suppressed errors, rerun with: -s
==2097194== ERROR SUMMARY: 1 errors from 1 contexts (suppressed: 0 from 0)
