==2097093== Memcheck, a memory error detector
==2097093== Copyright (C) 2002-2022, and GNU GPL'd, by Julian Seward et al.
==2097093== Using Valgrind-3.22.0 and LibVEX; rerun with -h for copyright info
==2097093== Command: /home/loris/Desktop/TestRepositories/Forked/juliet-test-suite-c/Automatic/results/20260707_1536/CWE127/valgrind/bin/CWE127/bad/CWE127_Buffer_Underread__malloc_char_memcpy_66-bad
==2097093== Parent PID: 2097092
==2097093== 
==2097093== Invalid read of size 8
==2097093==    at 0x10942F: CWE127_Buffer_Underread__malloc_char_memcpy_66b_badSink (in /home/loris/Desktop/TestRepositories/Forked/juliet-test-suite-c/Automatic/results/20260707_1536/CWE127/valgrind/bin/CWE127/bad/CWE127_Buffer_Underread__malloc_char_memcpy_66-bad)
==2097093==    by 0x10936B: CWE127_Buffer_Underread__malloc_char_memcpy_66_bad (in /home/loris/Desktop/TestRepositories/Forked/juliet-test-suite-c/Automatic/results/20260707_1536/CWE127/valgrind/bin/CWE127/bad/CWE127_Buffer_Underread__malloc_char_memcpy_66-bad)
==2097093==    by 0x1093BF: main (in /home/loris/Desktop/TestRepositories/Forked/juliet-test-suite-c/Automatic/results/20260707_1536/CWE127/valgrind/bin/CWE127/bad/CWE127_Buffer_Underread__malloc_char_memcpy_66-bad)
==2097093==  Address 0x4a85078 is 8 bytes before a block of size 100 alloc'd
==2097093==    at 0x4846828: malloc (in /usr/libexec/valgrind/vgpreload_memcheck-amd64-linux.so)
==2097093==    by 0x109315: CWE127_Buffer_Underread__malloc_char_memcpy_66_bad (in /home/loris/Desktop/TestRepositories/Forked/juliet-test-suite-c/Automatic/results/20260707_1536/CWE127/valgrind/bin/CWE127/bad/CWE127_Buffer_Underread__malloc_char_memcpy_66-bad)
==2097093==    by 0x1093BF: main (in /home/loris/Desktop/TestRepositories/Forked/juliet-test-suite-c/Automatic/results/20260707_1536/CWE127/valgrind/bin/CWE127/bad/CWE127_Buffer_Underread__malloc_char_memcpy_66-bad)
==2097093== 
==2097093== 
==2097093== HEAP SUMMARY:
==2097093==     in use at exit: 100 bytes in 1 blocks
==2097093==   total heap usage: 2 allocs, 1 frees, 4,196 bytes allocated
==2097093== 
==2097093== LEAK SUMMARY:
==2097093==    definitely lost: 100 bytes in 1 blocks
==2097093==    indirectly lost: 0 bytes in 0 blocks
==2097093==      possibly lost: 0 bytes in 0 blocks
==2097093==    still reachable: 0 bytes in 0 blocks
==2097093==         suppressed: 0 bytes in 0 blocks
==2097093== Rerun with --leak-check=full to see details of leaked memory
==2097093== 
==2097093== For lists of detected and suppressed errors, rerun with: -s
==2097093== ERROR SUMMARY: 1 errors from 1 contexts (suppressed: 0 from 0)
