==2096084== Memcheck, a memory error detector
==2096084== Copyright (C) 2002-2022, and GNU GPL'd, by Julian Seward et al.
==2096084== Using Valgrind-3.22.0 and LibVEX; rerun with -h for copyright info
==2096084== Command: /home/loris/Desktop/TestRepositories/Forked/juliet-test-suite-c/Automatic/results/20260707_1536/CWE127/valgrind/bin/CWE127/bad/CWE127_Buffer_Underread__CWE839_rand_14-bad
==2096084== Parent PID: 2096083
==2096084== 
==2096084== Invalid read of size 4
==2096084==    at 0x109327: CWE127_Buffer_Underread__CWE839_rand_14_bad (in /home/loris/Desktop/TestRepositories/Forked/juliet-test-suite-c/Automatic/results/20260707_1536/CWE127/valgrind/bin/CWE127/bad/CWE127_Buffer_Underread__CWE839_rand_14-bad)
==2096084==    by 0x10939A: main (in /home/loris/Desktop/TestRepositories/Forked/juliet-test-suite-c/Automatic/results/20260707_1536/CWE127/valgrind/bin/CWE127/bad/CWE127_Buffer_Underread__CWE839_rand_14-bad)
==2096084==  Address 0x1fb8b63c44 is not stack'd, malloc'd or (recently) free'd
==2096084== 
==2096084== 
==2096084== Process terminating with default action of signal 11 (SIGSEGV)
==2096084==  Access not within mapped region at address 0x1FB8B63C44
==2096084==    at 0x109327: CWE127_Buffer_Underread__CWE839_rand_14_bad (in /home/loris/Desktop/TestRepositories/Forked/juliet-test-suite-c/Automatic/results/20260707_1536/CWE127/valgrind/bin/CWE127/bad/CWE127_Buffer_Underread__CWE839_rand_14-bad)
==2096084==    by 0x10939A: main (in /home/loris/Desktop/TestRepositories/Forked/juliet-test-suite-c/Automatic/results/20260707_1536/CWE127/valgrind/bin/CWE127/bad/CWE127_Buffer_Underread__CWE839_rand_14-bad)
==2096084==  If you believe this happened as a result of a stack
==2096084==  overflow in your program's main thread (unlikely but
==2096084==  possible), you can try to increase the size of the
==2096084==  main thread stack using the --main-stacksize= flag.
==2096084==  The main thread stack size used in this run was 8388608.
==2096084== 
==2096084== HEAP SUMMARY:
==2096084==     in use at exit: 4,096 bytes in 1 blocks
==2096084==   total heap usage: 1 allocs, 0 frees, 4,096 bytes allocated
==2096084== 
==2096084== LEAK SUMMARY:
==2096084==    definitely lost: 0 bytes in 0 blocks
==2096084==    indirectly lost: 0 bytes in 0 blocks
==2096084==      possibly lost: 0 bytes in 0 blocks
==2096084==    still reachable: 4,096 bytes in 1 blocks
==2096084==         suppressed: 0 bytes in 0 blocks
==2096084== Rerun with --leak-check=full to see details of leaked memory
==2096084== 
==2096084== For lists of detected and suppressed errors, rerun with: -s
==2096084== ERROR SUMMARY: 1 errors from 1 contexts (suppressed: 0 from 0)
