==2095588== Memcheck, a memory error detector
==2095588== Copyright (C) 2002-2022, and GNU GPL'd, by Julian Seward et al.
==2095588== Using Valgrind-3.22.0 and LibVEX; rerun with -h for copyright info
==2095588== Command: /home/loris/Desktop/TestRepositories/Forked/juliet-test-suite-c/Automatic/results/20260707_1536/CWE127/valgrind/bin/CWE127/good/CWE127_Buffer_Underread__malloc_char_ncpy_13-good
==2095588== Parent PID: 2095587
==2095588== 
==2095588== 
==2095588== HEAP SUMMARY:
==2095588==     in use at exit: 200 bytes in 2 blocks
==2095588==   total heap usage: 3 allocs, 1 frees, 4,296 bytes allocated
==2095588== 
==2095588== LEAK SUMMARY:
==2095588==    definitely lost: 200 bytes in 2 blocks
==2095588==    indirectly lost: 0 bytes in 0 blocks
==2095588==      possibly lost: 0 bytes in 0 blocks
==2095588==    still reachable: 0 bytes in 0 blocks
==2095588==         suppressed: 0 bytes in 0 blocks
==2095588== Rerun with --leak-check=full to see details of leaked memory
==2095588== 
==2095588== For lists of detected and suppressed errors, rerun with: -s
==2095588== ERROR SUMMARY: 0 errors from 0 contexts (suppressed: 0 from 0)
