==2095661== Memcheck, a memory error detector
==2095661== Copyright (C) 2002-2022, and GNU GPL'd, by Julian Seward et al.
==2095661== Using Valgrind-3.22.0 and LibVEX; rerun with -h for copyright info
==2095661== Command: /home/loris/Desktop/TestRepositories/Forked/juliet-test-suite-c/Automatic/results/20260707_1536/CWE127/valgrind/bin/CWE127/bad/CWE127_Buffer_Underread__CWE839_connect_socket_10-bad
==2095661== Parent PID: 2095660
==2095661== 
==2095661== Conditional jump or move depends on uninitialised value(s)
==2095661==    at 0x48D90CB: __printf_buffer (vfprintf-process-arg.c:58)
==2095661==    by 0x48DA73A: __vfprintf_internal (vfprintf-internal.c:1544)
==2095661==    by 0x48CF1B2: printf (printf.c:33)
==2095661==    by 0x1095BC: printIntLine (in /home/loris/Desktop/TestRepositories/Forked/juliet-test-suite-c/Automatic/results/20260707_1536/CWE127/valgrind/bin/CWE127/bad/CWE127_Buffer_Underread__CWE839_connect_socket_10-bad)
==2095661==    by 0x1094BE: CWE127_Buffer_Underread__CWE839_connect_socket_10_bad (in /home/loris/Desktop/TestRepositories/Forked/juliet-test-suite-c/Automatic/results/20260707_1536/CWE127/valgrind/bin/CWE127/bad/CWE127_Buffer_Underread__CWE839_connect_socket_10-bad)
==2095661==    by 0x109523: main (in /home/loris/Desktop/TestRepositories/Forked/juliet-test-suite-c/Automatic/results/20260707_1536/CWE127/valgrind/bin/CWE127/bad/CWE127_Buffer_Underread__CWE839_connect_socket_10-bad)
==2095661== 
==2095661== Use of uninitialised value of size 8
==2095661==    at 0x48CE0BB: _itoa_word (_itoa.c:183)
==2095661==    by 0x48D8C9B: __printf_buffer (vfprintf-process-arg.c:155)
==2095661==    by 0x48DA73A: __vfprintf_internal (vfprintf-internal.c:1544)
==2095661==    by 0x48CF1B2: printf (printf.c:33)
==2095661==    by 0x1095BC: printIntLine (in /home/loris/Desktop/TestRepositories/Forked/juliet-test-suite-c/Automatic/results/20260707_1536/CWE127/valgrind/bin/CWE127/bad/CWE127_Buffer_Underread__CWE839_connect_socket_10-bad)
==2095661==    by 0x1094BE: CWE127_Buffer_Underread__CWE839_connect_socket_10_bad (in /home/loris/Desktop/TestRepositories/Forked/juliet-test-suite-c/Automatic/results/20260707_1536/CWE127/valgrind/bin/CWE127/bad/CWE127_Buffer_Underread__CWE839_connect_socket_10-bad)
==2095661==    by 0x109523: main (in /home/loris/Desktop/TestRepositories/Forked/juliet-test-suite-c/Automatic/results/20260707_1536/CWE127/valgrind/bin/CWE127/bad/CWE127_Buffer_Underread__CWE839_connect_socket_10-bad)
==2095661== 
==2095661== Conditional jump or move depends on uninitialised value(s)
==2095661==    at 0x48CE0CC: _itoa_word (_itoa.c:183)
==2095661==    by 0x48D8C9B: __printf_buffer (vfprintf-process-arg.c:155)
==2095661==    by 0x48DA73A: __vfprintf_internal (vfprintf-internal.c:1544)
==2095661==    by 0x48CF1B2: printf (printf.c:33)
==2095661==    by 0x1095BC: printIntLine (in /home/loris/Desktop/TestRepositories/Forked/juliet-test-suite-c/Automatic/results/20260707_1536/CWE127/valgrind/bin/CWE127/bad/CWE127_Buffer_Underread__CWE839_connect_socket_10-bad)
==2095661==    by 0x1094BE: CWE127_Buffer_Underread__CWE839_connect_socket_10_bad (in /home/loris/Desktop/TestRepositories/Forked/juliet-test-suite-c/Automatic/results/20260707_1536/CWE127/valgrind/bin/CWE127/bad/CWE127_Buffer_Underread__CWE839_connect_socket_10-bad)
==2095661==    by 0x109523: main (in /home/loris/Desktop/TestRepositories/Forked/juliet-test-suite-c/Automatic/results/20260707_1536/CWE127/valgrind/bin/CWE127/bad/CWE127_Buffer_Underread__CWE839_connect_socket_10-bad)
==2095661== 
==2095661== Conditional jump or move depends on uninitialised value(s)
==2095661==    at 0x48D8D89: __printf_buffer (vfprintf-process-arg.c:186)
==2095661==    by 0x48DA73A: __vfprintf_internal (vfprintf-internal.c:1544)
==2095661==    by 0x48CF1B2: printf (printf.c:33)
==2095661==    by 0x1095BC: printIntLine (in /home/loris/Desktop/TestRepositories/Forked/juliet-test-suite-c/Automatic/results/20260707_1536/CWE127/valgrind/bin/CWE127/bad/CWE127_Buffer_Underread__CWE839_connect_socket_10-bad)
==2095661==    by 0x1094BE: CWE127_Buffer_Underread__CWE839_connect_socket_10_bad (in /home/loris/Desktop/TestRepositories/Forked/juliet-test-suite-c/Automatic/results/20260707_1536/CWE127/valgrind/bin/CWE127/bad/CWE127_Buffer_Underread__CWE839_connect_socket_10-bad)
==2095661==    by 0x109523: main (in /home/loris/Desktop/TestRepositories/Forked/juliet-test-suite-c/Automatic/results/20260707_1536/CWE127/valgrind/bin/CWE127/bad/CWE127_Buffer_Underread__CWE839_connect_socket_10-bad)
==2095661== 
==2095661== 
==2095661== HEAP SUMMARY:
==2095661==     in use at exit: 0 bytes in 0 blocks
==2095661==   total heap usage: 1 allocs, 1 frees, 4,096 bytes allocated
==2095661== 
==2095661== All heap blocks were freed -- no leaks are possible
==2095661== 
==2095661== Use --track-origins=yes to see where uninitialised values come from
==2095661== For lists of detected and suppressed errors, rerun with: -s
==2095661== ERROR SUMMARY: 6 errors from 4 contexts (suppressed: 0 from 0)
