==25611== Memcheck, a memory error detector
==25611== Copyright (C) 2002-2022, and GNU GPL'd, by Julian Seward et al.
==25611== Using Valgrind-3.22.0 and LibVEX; rerun with -h for copyright info
==25611== Command: /home/loris/Desktop/TestRepositories/Forked/juliet-test-suite-c/Automatic/results/20260630_2140/CWE121/valgrind/bin/CWE121/bad/CWE121_Stack_Based_Buffer_Overflow__src_char_declare_cpy_67-bad
==25611== Parent PID: 25610
==25611== 
==25611== Source and destination overlap in strcpy(0x1ffefff800, 0x1ffefff860)
==25611==    at 0x484F413: strcpy (in /usr/libexec/valgrind/vgpreload_memcheck-amd64-linux.so)
==25611==    by 0x1093FA: CWE121_Stack_Based_Buffer_Overflow__src_char_declare_cpy_67b_badSink (in /home/loris/Desktop/TestRepositories/Forked/juliet-test-suite-c/Automatic/results/20260630_2140/CWE121/valgrind/bin/CWE121/bad/CWE121_Stack_Based_Buffer_Overflow__src_char_declare_cpy_67-bad)
==25611==    by 0x4141414141414140: ???
==25611==    by 0x4141414141414140: ???
==25611==    by 0x4141414141414140: ???
==25611==    by 0x4141414100414140: ???
==25611==    by 0x4141414141414140: ???
==25611==    by 0x4141414141414140: ???
==25611==    by 0x4141414141414140: ???
==25611==    by 0x4141414141414140: ???
==25611==    by 0x4141414141414140: ???
==25611==    by 0x4141414141414140: ???
==25611== 
==25611== 
==25611== Process terminating with default action of signal 6 (SIGABRT)
==25611==    at 0x490DB2C: __pthread_kill_implementation (pthread_kill.c:44)
==25611==    by 0x490DB2C: __pthread_kill_internal (pthread_kill.c:78)
==25611==    by 0x490DB2C: pthread_kill@@GLIBC_2.34 (pthread_kill.c:89)
==25611==    by 0x48B427D: raise (raise.c:26)
==25611==    by 0x48978FE: abort (abort.c:79)
==25611==    by 0x48987B5: __libc_message_impl.cold (libc_fatal.c:134)
==25611==    by 0x49A5C48: __fortify_fail (fortify_fail.c:24)
==25611==    by 0x49A6ED3: __stack_chk_fail (stack_chk_fail.c:24)
==25611==    by 0x10941B: CWE121_Stack_Based_Buffer_Overflow__src_char_declare_cpy_67b_badSink (in /home/loris/Desktop/TestRepositories/Forked/juliet-test-suite-c/Automatic/results/20260630_2140/CWE121/valgrind/bin/CWE121/bad/CWE121_Stack_Based_Buffer_Overflow__src_char_declare_cpy_67-bad)
==25611==    by 0x4141414141414140: ???
==25611==    by 0x4141414141414140: ???
==25611==    by 0x4141414141414140: ???
==25611==    by 0x4141414100414140: ???
==25611==    by 0x4141414141414140: ???
==25611== 
==25611== HEAP SUMMARY:
==25611==     in use at exit: 4,096 bytes in 1 blocks
==25611==   total heap usage: 1 allocs, 0 frees, 4,096 bytes allocated
==25611== 
==25611== LEAK SUMMARY:
==25611==    definitely lost: 0 bytes in 0 blocks
==25611==    indirectly lost: 0 bytes in 0 blocks
==25611==      possibly lost: 0 bytes in 0 blocks
==25611==    still reachable: 4,096 bytes in 1 blocks
==25611==         suppressed: 0 bytes in 0 blocks
==25611== Rerun with --leak-check=full to see details of leaked memory
==25611== 
==25611== For lists of detected and suppressed errors, rerun with: -s
==25611== ERROR SUMMARY: 1 errors from 1 contexts (suppressed: 0 from 0)
