==143837== Memcheck, a memory error detector
==143837== Copyright (C) 2002-2022, and GNU GPL'd, by Julian Seward et al.
==143837== Using Valgrind-3.22.0 and LibVEX; rerun with -h for copyright info
==143837== Command: /home/loris/Desktop/TestRepositories/Forked/juliet-test-suite-c/Automatic/results/20260701_2257/CWE401/valgrind/bin/CWE401/bad/CWE401_Memory_Leak__char_calloc_14-bad
==143837== Parent PID: 143836
==143837== 
==143837== 
==143837== HEAP SUMMARY:
==143837==     in use at exit: 100 bytes in 1 blocks
==143837==   total heap usage: 2 allocs, 1 frees, 4,196 bytes allocated
==143837== 
==143837== LEAK SUMMARY:
==143837==    definitely lost: 100 bytes in 1 blocks
==143837==    indirectly lost: 0 bytes in 0 blocks
==143837==      possibly lost: 0 bytes in 0 blocks
==143837==    still reachable: 0 bytes in 0 blocks
==143837==         suppressed: 0 bytes in 0 blocks
==143837== Rerun with --leak-check=full to see details of leaked memory
==143837== 
==143837== For lists of detected and suppressed errors, rerun with: -s
==143837== ERROR SUMMARY: 0 errors from 0 contexts (suppressed: 0 from 0)
