==143984== Memcheck, a memory error detector
==143984== Copyright (C) 2002-2022, and GNU GPL'd, by Julian Seward et al.
==143984== Using Valgrind-3.22.0 and LibVEX; rerun with -h for copyright info
==143984== Command: /home/loris/Desktop/TestRepositories/Forked/juliet-test-suite-c/Automatic/results/20260701_2257/CWE401/valgrind/bin/CWE401/bad/CWE401_Memory_Leak__char_realloc_11-bad
==143984== Parent PID: 143983
==143984== 
==143984== 
==143984== HEAP SUMMARY:
==143984==     in use at exit: 100 bytes in 1 blocks
==143984==   total heap usage: 2 allocs, 1 frees, 4,196 bytes allocated
==143984== 
==143984== LEAK SUMMARY:
==143984==    definitely lost: 100 bytes in 1 blocks
==143984==    indirectly lost: 0 bytes in 0 blocks
==143984==      possibly lost: 0 bytes in 0 blocks
==143984==    still reachable: 0 bytes in 0 blocks
==143984==         suppressed: 0 bytes in 0 blocks
==143984== Rerun with --leak-check=full to see details of leaked memory
==143984== 
==143984== For lists of detected and suppressed errors, rerun with: -s
==143984== ERROR SUMMARY: 0 errors from 0 contexts (suppressed: 0 from 0)
