==144859== Memcheck, a memory error detector
==144859== Copyright (C) 2002-2022, and GNU GPL'd, by Julian Seward et al.
==144859== Using Valgrind-3.22.0 and LibVEX; rerun with -h for copyright info
==144859== Command: /home/loris/Desktop/TestRepositories/Forked/juliet-test-suite-c/Automatic/results/20260701_2257/CWE401/valgrind/bin/CWE401/bad/CWE401_Memory_Leak__struct_twoIntsStruct_malloc_05-bad
==144859== Parent PID: 144858
==144859== 
==144859== 
==144859== HEAP SUMMARY:
==144859==     in use at exit: 800 bytes in 1 blocks
==144859==   total heap usage: 2 allocs, 1 frees, 4,896 bytes allocated
==144859== 
==144859== LEAK SUMMARY:
==144859==    definitely lost: 800 bytes in 1 blocks
==144859==    indirectly lost: 0 bytes in 0 blocks
==144859==      possibly lost: 0 bytes in 0 blocks
==144859==    still reachable: 0 bytes in 0 blocks
==144859==         suppressed: 0 bytes in 0 blocks
==144859== Rerun with --leak-check=full to see details of leaked memory
==144859== 
==144859== For lists of detected and suppressed errors, rerun with: -s
==144859== ERROR SUMMARY: 0 errors from 0 contexts (suppressed: 0 from 0)
