==144201== Memcheck, a memory error detector
==144201== Copyright (C) 2002-2022, and GNU GPL'd, by Julian Seward et al.
==144201== Using Valgrind-3.22.0 and LibVEX; rerun with -h for copyright info
==144201== Command: /home/loris/Desktop/TestRepositories/Forked/juliet-test-suite-c/Automatic/results/20260701_2257/CWE401/valgrind/bin/CWE401/bad/CWE401_Memory_Leak__int64_t_realloc_03-bad
==144201== Parent PID: 144200
==144201== 
==144201== 
==144201== HEAP SUMMARY:
==144201==     in use at exit: 800 bytes in 1 blocks
==144201==   total heap usage: 2 allocs, 1 frees, 4,896 bytes allocated
==144201== 
==144201== LEAK SUMMARY:
==144201==    definitely lost: 800 bytes in 1 blocks
==144201==    indirectly lost: 0 bytes in 0 blocks
==144201==      possibly lost: 0 bytes in 0 blocks
==144201==    still reachable: 0 bytes in 0 blocks
==144201==         suppressed: 0 bytes in 0 blocks
==144201== Rerun with --leak-check=full to see details of leaked memory
==144201== 
==144201== For lists of detected and suppressed errors, rerun with: -s
==144201== ERROR SUMMARY: 0 errors from 0 contexts (suppressed: 0 from 0)
