==144468== Memcheck, a memory error detector
==144468== Copyright (C) 2002-2022, and GNU GPL'd, by Julian Seward et al.
==144468== Using Valgrind-3.22.0 and LibVEX; rerun with -h for copyright info
==144468== Command: /home/loris/Desktop/TestRepositories/Forked/juliet-test-suite-c/Automatic/results/20260701_2257/CWE401/valgrind/bin/CWE401/bad/CWE401_Memory_Leak__int_realloc_17-bad
==144468== Parent PID: 144467
==144468== 
==144468== 
==144468== HEAP SUMMARY:
==144468==     in use at exit: 400 bytes in 1 blocks
==144468==   total heap usage: 2 allocs, 1 frees, 4,496 bytes allocated
==144468== 
==144468== LEAK SUMMARY:
==144468==    definitely lost: 400 bytes in 1 blocks
==144468==    indirectly lost: 0 bytes in 0 blocks
==144468==      possibly lost: 0 bytes in 0 blocks
==144468==    still reachable: 0 bytes in 0 blocks
==144468==         suppressed: 0 bytes in 0 blocks
==144468== Rerun with --leak-check=full to see details of leaked memory
==144468== 
==144468== For lists of detected and suppressed errors, rerun with: -s
==144468== ERROR SUMMARY: 0 errors from 0 contexts (suppressed: 0 from 0)
