==144743== Memcheck, a memory error detector
==144743== Copyright (C) 2002-2022, and GNU GPL'd, by Julian Seward et al.
==144743== Using Valgrind-3.22.0 and LibVEX; rerun with -h for copyright info
==144743== Command: /home/loris/Desktop/TestRepositories/Forked/juliet-test-suite-c/Automatic/results/20260701_2257/CWE401/valgrind/bin/CWE401/bad/CWE401_Memory_Leak__strdup_char_41-bad
==144743== Parent PID: 144742
==144743== 
==144743== 
==144743== HEAP SUMMARY:
==144743==     in use at exit: 9 bytes in 1 blocks
==144743==   total heap usage: 2 allocs, 1 frees, 4,105 bytes allocated
==144743== 
==144743== LEAK SUMMARY:
==144743==    definitely lost: 9 bytes in 1 blocks
==144743==    indirectly lost: 0 bytes in 0 blocks
==144743==      possibly lost: 0 bytes in 0 blocks
==144743==    still reachable: 0 bytes in 0 blocks
==144743==         suppressed: 0 bytes in 0 blocks
==144743== Rerun with --leak-check=full to see details of leaked memory
==144743== 
==144743== For lists of detected and suppressed errors, rerun with: -s
==144743== ERROR SUMMARY: 0 errors from 0 contexts (suppressed: 0 from 0)
