==143885== Memcheck, a memory error detector
==143885== Copyright (C) 2002-2022, and GNU GPL'd, by Julian Seward et al.
==143885== Using Valgrind-3.22.0 and LibVEX; rerun with -h for copyright info
==143885== Command: /home/loris/Desktop/TestRepositories/Forked/juliet-test-suite-c/Automatic/results/20260701_2257/CWE401/valgrind/bin/CWE401/bad/CWE401_Memory_Leak__char_calloc_68-bad
==143885== Parent PID: 143884
==143885== 
==143885== 
==143885== HEAP SUMMARY:
==143885==     in use at exit: 100 bytes in 1 blocks
==143885==   total heap usage: 2 allocs, 1 frees, 4,196 bytes allocated
==143885== 
==143885== LEAK SUMMARY:
==143885==    definitely lost: 0 bytes in 0 blocks
==143885==    indirectly lost: 0 bytes in 0 blocks
==143885==      possibly lost: 0 bytes in 0 blocks
==143885==    still reachable: 100 bytes in 1 blocks
==143885==         suppressed: 0 bytes in 0 blocks
==143885== Rerun with --leak-check=full to see details of leaked memory
==143885== 
==143885== For lists of detected and suppressed errors, rerun with: -s
==143885== ERROR SUMMARY: 0 errors from 0 contexts (suppressed: 0 from 0)
