==144486== Memcheck, a memory error detector
==144486== Copyright (C) 2002-2022, and GNU GPL'd, by Julian Seward et al.
==144486== Using Valgrind-3.22.0 and LibVEX; rerun with -h for copyright info
==144486== Command: /home/loris/Desktop/TestRepositories/Forked/juliet-test-suite-c/Automatic/results/20260701_2257/CWE401/valgrind/bin/CWE401/bad/CWE401_Memory_Leak__int_realloc_44-bad
==144486== Parent PID: 144485
==144486== 
==144486== 
==144486== HEAP SUMMARY:
==144486==     in use at exit: 400 bytes in 1 blocks
==144486==   total heap usage: 2 allocs, 1 frees, 4,496 bytes allocated
==144486== 
==144486== LEAK SUMMARY:
==144486==    definitely lost: 400 bytes in 1 blocks
==144486==    indirectly lost: 0 bytes in 0 blocks
==144486==      possibly lost: 0 bytes in 0 blocks
==144486==    still reachable: 0 bytes in 0 blocks
==144486==         suppressed: 0 bytes in 0 blocks
==144486== Rerun with --leak-check=full to see details of leaked memory
==144486== 
==144486== For lists of detected and suppressed errors, rerun with: -s
==144486== ERROR SUMMARY: 0 errors from 0 contexts (suppressed: 0 from 0)
