==144367== Memcheck, a memory error detector
==144367== Copyright (C) 2002-2022, and GNU GPL'd, by Julian Seward et al.
==144367== Using Valgrind-3.22.0 and LibVEX; rerun with -h for copyright info
==144367== Command: /home/loris/Desktop/TestRepositories/Forked/juliet-test-suite-c/Automatic/results/20260701_2257/CWE401/valgrind/bin/CWE401/bad/CWE401_Memory_Leak__int_malloc_09-bad
==144367== Parent PID: 144366
==144367== 
==144367== 
==144367== HEAP SUMMARY:
==144367==     in use at exit: 400 bytes in 1 blocks
==144367==   total heap usage: 2 allocs, 1 frees, 4,496 bytes allocated
==144367== 
==144367== LEAK SUMMARY:
==144367==    definitely lost: 400 bytes in 1 blocks
==144367==    indirectly lost: 0 bytes in 0 blocks
==144367==      possibly lost: 0 bytes in 0 blocks
==144367==    still reachable: 0 bytes in 0 blocks
==144367==         suppressed: 0 bytes in 0 blocks
==144367== Rerun with --leak-check=full to see details of leaked memory
==144367== 
==144367== For lists of detected and suppressed errors, rerun with: -s
==144367== ERROR SUMMARY: 0 errors from 0 contexts (suppressed: 0 from 0)
