==144122== Memcheck, a memory error detector
==144122== Copyright (C) 2002-2022, and GNU GPL'd, by Julian Seward et al.
==144122== Using Valgrind-3.22.0 and LibVEX; rerun with -h for copyright info
==144122== Command: /home/loris/Desktop/TestRepositories/Forked/juliet-test-suite-c/Automatic/results/20260701_2257/CWE401/valgrind/bin/CWE401/bad/CWE401_Memory_Leak__int64_t_malloc_02-bad
==144122== Parent PID: 144121
==144122== 
==144122== 
==144122== HEAP SUMMARY:
==144122==     in use at exit: 800 bytes in 1 blocks
==144122==   total heap usage: 2 allocs, 1 frees, 4,896 bytes allocated
==144122== 
==144122== LEAK SUMMARY:
==144122==    definitely lost: 800 bytes in 1 blocks
==144122==    indirectly lost: 0 bytes in 0 blocks
==144122==      possibly lost: 0 bytes in 0 blocks
==144122==    still reachable: 0 bytes in 0 blocks
==144122==         suppressed: 0 bytes in 0 blocks
==144122== Rerun with --leak-check=full to see details of leaked memory
==144122== 
==144122== For lists of detected and suppressed errors, rerun with: -s
==144122== ERROR SUMMARY: 0 errors from 0 contexts (suppressed: 0 from 0)
