==144187== Memcheck, a memory error detector
==144187== Copyright (C) 2002-2022, and GNU GPL'd, by Julian Seward et al.
==144187== Using Valgrind-3.22.0 and LibVEX; rerun with -h for copyright info
==144187== Command: /home/loris/Desktop/TestRepositories/Forked/juliet-test-suite-c/Automatic/results/20260701_2257/CWE401/valgrind/bin/CWE401/bad/CWE401_Memory_Leak__int64_t_malloc_64-bad
==144187== Parent PID: 144186
==144187== 
==144187== 
==144187== HEAP SUMMARY:
==144187==     in use at exit: 800 bytes in 1 blocks
==144187==   total heap usage: 2 allocs, 1 frees, 4,896 bytes allocated
==144187== 
==144187== LEAK SUMMARY:
==144187==    definitely lost: 800 bytes in 1 blocks
==144187==    indirectly lost: 0 bytes in 0 blocks
==144187==      possibly lost: 0 bytes in 0 blocks
==144187==    still reachable: 0 bytes in 0 blocks
==144187==         suppressed: 0 bytes in 0 blocks
==144187== Rerun with --leak-check=full to see details of leaked memory
==144187== 
==144187== For lists of detected and suppressed errors, rerun with: -s
==144187== ERROR SUMMARY: 0 errors from 0 contexts (suppressed: 0 from 0)
