==143843== Memcheck, a memory error detector
==143843== Copyright (C) 2002-2022, and GNU GPL'd, by Julian Seward et al.
==143843== Using Valgrind-3.22.0 and LibVEX; rerun with -h for copyright info
==143843== Command: /home/loris/Desktop/TestRepositories/Forked/juliet-test-suite-c/Automatic/results/20260701_2257/CWE401/valgrind/bin/CWE401/bad/CWE401_Memory_Leak__char_calloc_17-bad
==143843== Parent PID: 143842
==143843== 
==143843== 
==143843== HEAP SUMMARY:
==143843==     in use at exit: 100 bytes in 1 blocks
==143843==   total heap usage: 2 allocs, 1 frees, 4,196 bytes allocated
==143843== 
==143843== LEAK SUMMARY:
==143843==    definitely lost: 100 bytes in 1 blocks
==143843==    indirectly lost: 0 bytes in 0 blocks
==143843==      possibly lost: 0 bytes in 0 blocks
==143843==    still reachable: 0 bytes in 0 blocks
==143843==         suppressed: 0 bytes in 0 blocks
==143843== Rerun with --leak-check=full to see details of leaked memory
==143843== 
==143843== For lists of detected and suppressed errors, rerun with: -s
==143843== ERROR SUMMARY: 0 errors from 0 contexts (suppressed: 0 from 0)
