==144484== Memcheck, a memory error detector
==144484== Copyright (C) 2002-2022, and GNU GPL'd, by Julian Seward et al.
==144484== Using Valgrind-3.22.0 and LibVEX; rerun with -h for copyright info
==144484== Command: /home/loris/Desktop/TestRepositories/Forked/juliet-test-suite-c/Automatic/results/20260701_2257/CWE401/valgrind/bin/CWE401/bad/CWE401_Memory_Leak__int_realloc_42-bad
==144484== Parent PID: 144483
==144484== 
==144484== 
==144484== HEAP SUMMARY:
==144484==     in use at exit: 400 bytes in 1 blocks
==144484==   total heap usage: 2 allocs, 1 frees, 4,496 bytes allocated
==144484== 
==144484== LEAK SUMMARY:
==144484==    definitely lost: 400 bytes in 1 blocks
==144484==    indirectly lost: 0 bytes in 0 blocks
==144484==      possibly lost: 0 bytes in 0 blocks
==144484==    still reachable: 0 bytes in 0 blocks
==144484==         suppressed: 0 bytes in 0 blocks
==144484== Rerun with --leak-check=full to see details of leaked memory
==144484== 
==144484== For lists of detected and suppressed errors, rerun with: -s
==144484== ERROR SUMMARY: 0 errors from 0 contexts (suppressed: 0 from 0)
