==143958== Memcheck, a memory error detector
==143958== Copyright (C) 2002-2022, and GNU GPL'd, by Julian Seward et al.
==143958== Using Valgrind-3.22.0 and LibVEX; rerun with -h for copyright info
==143958== Command: /home/loris/Desktop/TestRepositories/Forked/juliet-test-suite-c/Automatic/results/20260701_2257/CWE401/valgrind/bin/CWE401/bad/CWE401_Memory_Leak__char_malloc_66-bad
==143958== Parent PID: 143957
==143958== 
==143958== 
==143958== HEAP SUMMARY:
==143958==     in use at exit: 100 bytes in 1 blocks
==143958==   total heap usage: 2 allocs, 1 frees, 4,196 bytes allocated
==143958== 
==143958== LEAK SUMMARY:
==143958==    definitely lost: 100 bytes in 1 blocks
==143958==    indirectly lost: 0 bytes in 0 blocks
==143958==      possibly lost: 0 bytes in 0 blocks
==143958==    still reachable: 0 bytes in 0 blocks
==143958==         suppressed: 0 bytes in 0 blocks
==143958== Rerun with --leak-check=full to see details of leaked memory
==143958== 
==143958== For lists of detected and suppressed errors, rerun with: -s
==143958== ERROR SUMMARY: 0 errors from 0 contexts (suppressed: 0 from 0)
