==144749== Memcheck, a memory error detector
==144749== Copyright (C) 2002-2022, and GNU GPL'd, by Julian Seward et al.
==144749== Using Valgrind-3.22.0 and LibVEX; rerun with -h for copyright info
==144749== Command: /home/loris/Desktop/TestRepositories/Forked/juliet-test-suite-c/Automatic/results/20260701_2257/CWE401/valgrind/bin/CWE401/bad/CWE401_Memory_Leak__strdup_char_45-bad
==144749== Parent PID: 144748
==144749== 
==144749== 
==144749== HEAP SUMMARY:
==144749==     in use at exit: 9 bytes in 1 blocks
==144749==   total heap usage: 2 allocs, 1 frees, 4,105 bytes allocated
==144749== 
==144749== LEAK SUMMARY:
==144749==    definitely lost: 0 bytes in 0 blocks
==144749==    indirectly lost: 0 bytes in 0 blocks
==144749==      possibly lost: 0 bytes in 0 blocks
==144749==    still reachable: 9 bytes in 1 blocks
==144749==         suppressed: 0 bytes in 0 blocks
==144749== Rerun with --leak-check=full to see details of leaked memory
==144749== 
==144749== For lists of detected and suppressed errors, rerun with: -s
==144749== ERROR SUMMARY: 0 errors from 0 contexts (suppressed: 0 from 0)
