==144197== Memcheck, a memory error detector
==144197== Copyright (C) 2002-2022, and GNU GPL'd, by Julian Seward et al.
==144197== Using Valgrind-3.22.0 and LibVEX; rerun with -h for copyright info
==144197== Command: /home/loris/Desktop/TestRepositories/Forked/juliet-test-suite-c/Automatic/results/20260701_2257/CWE401/valgrind/bin/CWE401/bad/CWE401_Memory_Leak__int64_t_realloc_01-bad
==144197== Parent PID: 144196
==144197== 
==144197== 
==144197== HEAP SUMMARY:
==144197==     in use at exit: 800 bytes in 1 blocks
==144197==   total heap usage: 2 allocs, 1 frees, 4,896 bytes allocated
==144197== 
==144197== LEAK SUMMARY:
==144197==    definitely lost: 800 bytes in 1 blocks
==144197==    indirectly lost: 0 bytes in 0 blocks
==144197==      possibly lost: 0 bytes in 0 blocks
==144197==    still reachable: 0 bytes in 0 blocks
==144197==         suppressed: 0 bytes in 0 blocks
==144197== Rerun with --leak-check=full to see details of leaked memory
==144197== 
==144197== For lists of detected and suppressed errors, rerun with: -s
==144197== ERROR SUMMARY: 0 errors from 0 contexts (suppressed: 0 from 0)
