==144114== Memcheck, a memory error detector
==144114== Copyright (C) 2002-2022, and GNU GPL'd, by Julian Seward et al.
==144114== Using Valgrind-3.22.0 and LibVEX; rerun with -h for copyright info
==144114== Command: /home/loris/Desktop/TestRepositories/Forked/juliet-test-suite-c/Automatic/results/20260701_2257/CWE401/valgrind/bin/CWE401/bad/CWE401_Memory_Leak__int64_t_calloc_66-bad
==144114== Parent PID: 144113
==144114== 
==144114== 
==144114== HEAP SUMMARY:
==144114==     in use at exit: 800 bytes in 1 blocks
==144114==   total heap usage: 2 allocs, 1 frees, 4,896 bytes allocated
==144114== 
==144114== LEAK SUMMARY:
==144114==    definitely lost: 800 bytes in 1 blocks
==144114==    indirectly lost: 0 bytes in 0 blocks
==144114==      possibly lost: 0 bytes in 0 blocks
==144114==    still reachable: 0 bytes in 0 blocks
==144114==         suppressed: 0 bytes in 0 blocks
==144114== Rerun with --leak-check=full to see details of leaked memory
==144114== 
==144114== For lists of detected and suppressed errors, rerun with: -s
==144114== ERROR SUMMARY: 0 errors from 0 contexts (suppressed: 0 from 0)
