==144853== Memcheck, a memory error detector
==144853== Copyright (C) 2002-2022, and GNU GPL'd, by Julian Seward et al.
==144853== Using Valgrind-3.22.0 and LibVEX; rerun with -h for copyright info
==144853== Command: /home/loris/Desktop/TestRepositories/Forked/juliet-test-suite-c/Automatic/results/20260701_2257/CWE401/valgrind/bin/CWE401/bad/CWE401_Memory_Leak__struct_twoIntsStruct_malloc_02-bad
==144853== Parent PID: 144852
==144853== 
==144853== 
==144853== HEAP SUMMARY:
==144853==     in use at exit: 800 bytes in 1 blocks
==144853==   total heap usage: 2 allocs, 1 frees, 4,896 bytes allocated
==144853== 
==144853== LEAK SUMMARY:
==144853==    definitely lost: 800 bytes in 1 blocks
==144853==    indirectly lost: 0 bytes in 0 blocks
==144853==      possibly lost: 0 bytes in 0 blocks
==144853==    still reachable: 0 bytes in 0 blocks
==144853==         suppressed: 0 bytes in 0 blocks
==144853== Rerun with --leak-check=full to see details of leaked memory
==144853== 
==144853== For lists of detected and suppressed errors, rerun with: -s
==144853== ERROR SUMMARY: 0 errors from 0 contexts (suppressed: 0 from 0)
