==144837== Memcheck, a memory error detector
==144837== Copyright (C) 2002-2022, and GNU GPL'd, by Julian Seward et al.
==144837== Using Valgrind-3.22.0 and LibVEX; rerun with -h for copyright info
==144837== Command: /home/loris/Desktop/TestRepositories/Forked/juliet-test-suite-c/Automatic/results/20260701_2257/CWE401/valgrind/bin/CWE401/bad/CWE401_Memory_Leak__struct_twoIntsStruct_calloc_61-bad
==144837== Parent PID: 144836
==144837== 
==144837== 
==144837== HEAP SUMMARY:
==144837==     in use at exit: 800 bytes in 1 blocks
==144837==   total heap usage: 2 allocs, 1 frees, 4,896 bytes allocated
==144837== 
==144837== LEAK SUMMARY:
==144837==    definitely lost: 800 bytes in 1 blocks
==144837==    indirectly lost: 0 bytes in 0 blocks
==144837==      possibly lost: 0 bytes in 0 blocks
==144837==    still reachable: 0 bytes in 0 blocks
==144837==         suppressed: 0 bytes in 0 blocks
==144837== Rerun with --leak-check=full to see details of leaked memory
==144837== 
==144837== For lists of detected and suppressed errors, rerun with: -s
==144837== ERROR SUMMARY: 0 errors from 0 contexts (suppressed: 0 from 0)
