==144753== Memcheck, a memory error detector
==144753== Copyright (C) 2002-2022, and GNU GPL'd, by Julian Seward et al.
==144753== Using Valgrind-3.22.0 and LibVEX; rerun with -h for copyright info
==144753== Command: /home/loris/Desktop/TestRepositories/Forked/juliet-test-suite-c/Automatic/results/20260701_2257/CWE401/valgrind/bin/CWE401/bad/CWE401_Memory_Leak__strdup_char_52-bad
==144753== Parent PID: 144752
==144753== 
==144753== 
==144753== HEAP SUMMARY:
==144753==     in use at exit: 9 bytes in 1 blocks
==144753==   total heap usage: 2 allocs, 1 frees, 4,105 bytes allocated
==144753== 
==144753== LEAK SUMMARY:
==144753==    definitely lost: 9 bytes in 1 blocks
==144753==    indirectly lost: 0 bytes in 0 blocks
==144753==      possibly lost: 0 bytes in 0 blocks
==144753==    still reachable: 0 bytes in 0 blocks
==144753==         suppressed: 0 bytes in 0 blocks
==144753== Rerun with --leak-check=full to see details of leaked memory
==144753== 
==144753== For lists of detected and suppressed errors, rerun with: -s
==144753== ERROR SUMMARY: 0 errors from 0 contexts (suppressed: 0 from 0)
