==144297== Memcheck, a memory error detector
==144297== Copyright (C) 2002-2022, and GNU GPL'd, by Julian Seward et al.
==144297== Using Valgrind-3.22.0 and LibVEX; rerun with -h for copyright info
==144297== Command: /home/loris/Desktop/TestRepositories/Forked/juliet-test-suite-c/Automatic/results/20260701_2257/CWE401/valgrind/bin/CWE401/bad/CWE401_Memory_Leak__int_calloc_13-bad
==144297== Parent PID: 144296
==144297== 
==144297== 
==144297== HEAP SUMMARY:
==144297==     in use at exit: 400 bytes in 1 blocks
==144297==   total heap usage: 2 allocs, 1 frees, 4,496 bytes allocated
==144297== 
==144297== LEAK SUMMARY:
==144297==    definitely lost: 400 bytes in 1 blocks
==144297==    indirectly lost: 0 bytes in 0 blocks
==144297==      possibly lost: 0 bytes in 0 blocks
==144297==    still reachable: 0 bytes in 0 blocks
==144297==         suppressed: 0 bytes in 0 blocks
==144297== Rerun with --leak-check=full to see details of leaked memory
==144297== 
==144297== For lists of detected and suppressed errors, rerun with: -s
==144297== ERROR SUMMARY: 0 errors from 0 contexts (suppressed: 0 from 0)
