==144697== Memcheck, a memory error detector
==144697== Copyright (C) 2002-2022, and GNU GPL'd, by Julian Seward et al.
==144697== Using Valgrind-3.22.0 and LibVEX; rerun with -h for copyright info
==144697== Command: /home/loris/Desktop/TestRepositories/Forked/juliet-test-suite-c/Automatic/results/20260701_2257/CWE401/valgrind/bin/CWE401/bad/CWE401_Memory_Leak__strdup_char_01-bad
==144697== Parent PID: 144696
==144697== 
==144697== 
==144697== HEAP SUMMARY:
==144697==     in use at exit: 9 bytes in 1 blocks
==144697==   total heap usage: 2 allocs, 1 frees, 4,105 bytes allocated
==144697== 
==144697== LEAK SUMMARY:
==144697==    definitely lost: 9 bytes in 1 blocks
==144697==    indirectly lost: 0 bytes in 0 blocks
==144697==      possibly lost: 0 bytes in 0 blocks
==144697==    still reachable: 0 bytes in 0 blocks
==144697==         suppressed: 0 bytes in 0 blocks
==144697== Rerun with --leak-check=full to see details of leaked memory
==144697== 
==144697== For lists of detected and suppressed errors, rerun with: -s
==144697== ERROR SUMMARY: 0 errors from 0 contexts (suppressed: 0 from 0)
