==144835== Memcheck, a memory error detector
==144835== Copyright (C) 2002-2022, and GNU GPL'd, by Julian Seward et al.
==144835== Using Valgrind-3.22.0 and LibVEX; rerun with -h for copyright info
==144835== Command: /home/loris/Desktop/TestRepositories/Forked/juliet-test-suite-c/Automatic/results/20260701_2257/CWE401/valgrind/bin/CWE401/bad/CWE401_Memory_Leak__struct_twoIntsStruct_calloc_54-bad
==144835== Parent PID: 144834
==144835== 
==144835== 
==144835== HEAP SUMMARY:
==144835==     in use at exit: 800 bytes in 1 blocks
==144835==   total heap usage: 2 allocs, 1 frees, 4,896 bytes allocated
==144835== 
==144835== LEAK SUMMARY:
==144835==    definitely lost: 800 bytes in 1 blocks
==144835==    indirectly lost: 0 bytes in 0 blocks
==144835==      possibly lost: 0 bytes in 0 blocks
==144835==    still reachable: 0 bytes in 0 blocks
==144835==         suppressed: 0 bytes in 0 blocks
==144835== Rerun with --leak-check=full to see details of leaked memory
==144835== 
==144835== For lists of detected and suppressed errors, rerun with: -s
==144835== ERROR SUMMARY: 0 errors from 0 contexts (suppressed: 0 from 0)
