==143929== Memcheck, a memory error detector
==143929== Copyright (C) 2002-2022, and GNU GPL'd, by Julian Seward et al.
==143929== Using Valgrind-3.22.0 and LibVEX; rerun with -h for copyright info
==143929== Command: /home/loris/Desktop/TestRepositories/Forked/juliet-test-suite-c/Automatic/results/20260701_2257/CWE401/valgrind/bin/CWE401/bad/CWE401_Memory_Leak__char_malloc_32-bad
==143929== Parent PID: 143928
==143929== 
==143929== 
==143929== HEAP SUMMARY:
==143929==     in use at exit: 100 bytes in 1 blocks
==143929==   total heap usage: 2 allocs, 1 frees, 4,196 bytes allocated
==143929== 
==143929== LEAK SUMMARY:
==143929==    definitely lost: 100 bytes in 1 blocks
==143929==    indirectly lost: 0 bytes in 0 blocks
==143929==      possibly lost: 0 bytes in 0 blocks
==143929==    still reachable: 0 bytes in 0 blocks
==143929==         suppressed: 0 bytes in 0 blocks
==143929== Rerun with --leak-check=full to see details of leaked memory
==143929== 
==143929== For lists of detected and suppressed errors, rerun with: -s
==143929== ERROR SUMMARY: 0 errors from 0 contexts (suppressed: 0 from 0)
