==143992== Memcheck, a memory error detector
==143992== Copyright (C) 2002-2022, and GNU GPL'd, by Julian Seward et al.
==143992== Using Valgrind-3.22.0 and LibVEX; rerun with -h for copyright info
==143992== Command: /home/loris/Desktop/TestRepositories/Forked/juliet-test-suite-c/Automatic/results/20260701_2257/CWE401/valgrind/bin/CWE401/bad/CWE401_Memory_Leak__char_realloc_15-bad
==143992== Parent PID: 143991
==143992== 
==143992== 
==143992== HEAP SUMMARY:
==143992==     in use at exit: 100 bytes in 1 blocks
==143992==   total heap usage: 2 allocs, 1 frees, 4,196 bytes allocated
==143992== 
==143992== LEAK SUMMARY:
==143992==    definitely lost: 100 bytes in 1 blocks
==143992==    indirectly lost: 0 bytes in 0 blocks
==143992==      possibly lost: 0 bytes in 0 blocks
==143992==    still reachable: 0 bytes in 0 blocks
==143992==         suppressed: 0 bytes in 0 blocks
==143992== Rerun with --leak-check=full to see details of leaked memory
==143992== 
==143992== For lists of detected and suppressed errors, rerun with: -s
==143992== ERROR SUMMARY: 0 errors from 0 contexts (suppressed: 0 from 0)
