==144458== Memcheck, a memory error detector
==144458== Copyright (C) 2002-2022, and GNU GPL'd, by Julian Seward et al.
==144458== Using Valgrind-3.22.0 and LibVEX; rerun with -h for copyright info
==144458== Command: /home/loris/Desktop/TestRepositories/Forked/juliet-test-suite-c/Automatic/results/20260701_2257/CWE401/valgrind/bin/CWE401/bad/CWE401_Memory_Leak__int_realloc_12-bad
==144458== Parent PID: 144457
==144458== 
==144458== 
==144458== HEAP SUMMARY:
==144458==     in use at exit: 400 bytes in 1 blocks
==144458==   total heap usage: 2 allocs, 1 frees, 4,496 bytes allocated
==144458== 
==144458== LEAK SUMMARY:
==144458==    definitely lost: 400 bytes in 1 blocks
==144458==    indirectly lost: 0 bytes in 0 blocks
==144458==      possibly lost: 0 bytes in 0 blocks
==144458==    still reachable: 0 bytes in 0 blocks
==144458==         suppressed: 0 bytes in 0 blocks
==144458== Rerun with --leak-check=full to see details of leaked memory
==144458== 
==144458== For lists of detected and suppressed errors, rerun with: -s
==144458== ERROR SUMMARY: 0 errors from 0 contexts (suppressed: 0 from 0)
