==144703== Memcheck, a memory error detector
==144703== Copyright (C) 2002-2022, and GNU GPL'd, by Julian Seward et al.
==144703== Using Valgrind-3.22.0 and LibVEX; rerun with -h for copyright info
==144703== Command: /home/loris/Desktop/TestRepositories/Forked/juliet-test-suite-c/Automatic/results/20260701_2257/CWE401/valgrind/bin/CWE401/bad/CWE401_Memory_Leak__strdup_char_04-bad
==144703== Parent PID: 144702
==144703== 
==144703== 
==144703== HEAP SUMMARY:
==144703==     in use at exit: 9 bytes in 1 blocks
==144703==   total heap usage: 2 allocs, 1 frees, 4,105 bytes allocated
==144703== 
==144703== LEAK SUMMARY:
==144703==    definitely lost: 9 bytes in 1 blocks
==144703==    indirectly lost: 0 bytes in 0 blocks
==144703==      possibly lost: 0 bytes in 0 blocks
==144703==    still reachable: 0 bytes in 0 blocks
==144703==         suppressed: 0 bytes in 0 blocks
==144703== Rerun with --leak-check=full to see details of leaked memory
==144703== 
==144703== For lists of detected and suppressed errors, rerun with: -s
==144703== ERROR SUMMARY: 0 errors from 0 contexts (suppressed: 0 from 0)
