==144019== Memcheck, a memory error detector
==144019== Copyright (C) 2002-2022, and GNU GPL'd, by Julian Seward et al.
==144019== Using Valgrind-3.22.0 and LibVEX; rerun with -h for copyright info
==144019== Command: /home/loris/Desktop/TestRepositories/Forked/juliet-test-suite-c/Automatic/results/20260701_2257/CWE401/valgrind/bin/CWE401/bad/CWE401_Memory_Leak__char_realloc_51-bad
==144019== Parent PID: 144018
==144019== 
==144019== 
==144019== HEAP SUMMARY:
==144019==     in use at exit: 100 bytes in 1 blocks
==144019==   total heap usage: 2 allocs, 1 frees, 4,196 bytes allocated
==144019== 
==144019== LEAK SUMMARY:
==144019==    definitely lost: 100 bytes in 1 blocks
==144019==    indirectly lost: 0 bytes in 0 blocks
==144019==      possibly lost: 0 bytes in 0 blocks
==144019==    still reachable: 0 bytes in 0 blocks
==144019==         suppressed: 0 bytes in 0 blocks
==144019== Rerun with --leak-check=full to see details of leaked memory
==144019== 
==144019== For lists of detected and suppressed errors, rerun with: -s
==144019== ERROR SUMMARY: 0 errors from 0 contexts (suppressed: 0 from 0)
