==144385== Memcheck, a memory error detector
==144385== Copyright (C) 2002-2022, and GNU GPL'd, by Julian Seward et al.
==144385== Using Valgrind-3.22.0 and LibVEX; rerun with -h for copyright info
==144385== Command: /home/loris/Desktop/TestRepositories/Forked/juliet-test-suite-c/Automatic/results/20260701_2257/CWE401/valgrind/bin/CWE401/bad/CWE401_Memory_Leak__int_malloc_18-bad
==144385== Parent PID: 144384
==144385== 
==144385== 
==144385== HEAP SUMMARY:
==144385==     in use at exit: 400 bytes in 1 blocks
==144385==   total heap usage: 2 allocs, 1 frees, 4,496 bytes allocated
==144385== 
==144385== LEAK SUMMARY:
==144385==    definitely lost: 400 bytes in 1 blocks
==144385==    indirectly lost: 0 bytes in 0 blocks
==144385==      possibly lost: 0 bytes in 0 blocks
==144385==    still reachable: 0 bytes in 0 blocks
==144385==         suppressed: 0 bytes in 0 blocks
==144385== Rerun with --leak-check=full to see details of leaked memory
==144385== 
==144385== For lists of detected and suppressed errors, rerun with: -s
==144385== ERROR SUMMARY: 0 errors from 0 contexts (suppressed: 0 from 0)
