==143877== Memcheck, a memory error detector
==143877== Copyright (C) 2002-2022, and GNU GPL'd, by Julian Seward et al.
==143877== Using Valgrind-3.22.0 and LibVEX; rerun with -h for copyright info
==143877== Command: /home/loris/Desktop/TestRepositories/Forked/juliet-test-suite-c/Automatic/results/20260701_2257/CWE401/valgrind/bin/CWE401/bad/CWE401_Memory_Leak__char_calloc_64-bad
==143877== Parent PID: 143876
==143877== 
==143877== 
==143877== HEAP SUMMARY:
==143877==     in use at exit: 100 bytes in 1 blocks
==143877==   total heap usage: 2 allocs, 1 frees, 4,196 bytes allocated
==143877== 
==143877== LEAK SUMMARY:
==143877==    definitely lost: 100 bytes in 1 blocks
==143877==    indirectly lost: 0 bytes in 0 blocks
==143877==      possibly lost: 0 bytes in 0 blocks
==143877==    still reachable: 0 bytes in 0 blocks
==143877==         suppressed: 0 bytes in 0 blocks
==143877== Rerun with --leak-check=full to see details of leaked memory
==143877== 
==143877== For lists of detected and suppressed errors, rerun with: -s
==143877== ERROR SUMMARY: 0 errors from 0 contexts (suppressed: 0 from 0)
