==143855== Memcheck, a memory error detector
==143855== Copyright (C) 2002-2022, and GNU GPL'd, by Julian Seward et al.
==143855== Using Valgrind-3.22.0 and LibVEX; rerun with -h for copyright info
==143855== Command: /home/loris/Desktop/TestRepositories/Forked/juliet-test-suite-c/Automatic/results/20260701_2257/CWE401/valgrind/bin/CWE401/bad/CWE401_Memory_Leak__char_calloc_34-bad
==143855== Parent PID: 143854
==143855== 
==143855== 
==143855== HEAP SUMMARY:
==143855==     in use at exit: 100 bytes in 1 blocks
==143855==   total heap usage: 2 allocs, 1 frees, 4,196 bytes allocated
==143855== 
==143855== LEAK SUMMARY:
==143855==    definitely lost: 100 bytes in 1 blocks
==143855==    indirectly lost: 0 bytes in 0 blocks
==143855==      possibly lost: 0 bytes in 0 blocks
==143855==    still reachable: 0 bytes in 0 blocks
==143855==         suppressed: 0 bytes in 0 blocks
==143855== Rerun with --leak-check=full to see details of leaked memory
==143855== 
==143855== For lists of detected and suppressed errors, rerun with: -s
==143855== ERROR SUMMARY: 0 errors from 0 contexts (suppressed: 0 from 0)
