==144478== Memcheck, a memory error detector
==144478== Copyright (C) 2002-2022, and GNU GPL'd, by Julian Seward et al.
==144478== Using Valgrind-3.22.0 and LibVEX; rerun with -h for copyright info
==144478== Command: /home/loris/Desktop/TestRepositories/Forked/juliet-test-suite-c/Automatic/results/20260701_2257/CWE401/valgrind/bin/CWE401/bad/CWE401_Memory_Leak__int_realloc_32-bad
==144478== Parent PID: 144477
==144478== 
==144478== 
==144478== HEAP SUMMARY:
==144478==     in use at exit: 400 bytes in 1 blocks
==144478==   total heap usage: 2 allocs, 1 frees, 4,496 bytes allocated
==144478== 
==144478== LEAK SUMMARY:
==144478==    definitely lost: 400 bytes in 1 blocks
==144478==    indirectly lost: 0 bytes in 0 blocks
==144478==      possibly lost: 0 bytes in 0 blocks
==144478==    still reachable: 0 bytes in 0 blocks
==144478==         suppressed: 0 bytes in 0 blocks
==144478== Rerun with --leak-check=full to see details of leaked memory
==144478== 
==144478== For lists of detected and suppressed errors, rerun with: -s
==144478== ERROR SUMMARY: 0 errors from 0 contexts (suppressed: 0 from 0)
