==143954== Memcheck, a memory error detector
==143954== Copyright (C) 2002-2022, and GNU GPL'd, by Julian Seward et al.
==143954== Using Valgrind-3.22.0 and LibVEX; rerun with -h for copyright info
==143954== Command: /home/loris/Desktop/TestRepositories/Forked/juliet-test-suite-c/Automatic/results/20260701_2257/CWE401/valgrind/bin/CWE401/bad/CWE401_Memory_Leak__char_malloc_64-bad
==143954== Parent PID: 143953
==143954== 
==143954== 
==143954== HEAP SUMMARY:
==143954==     in use at exit: 100 bytes in 1 blocks
==143954==   total heap usage: 2 allocs, 1 frees, 4,196 bytes allocated
==143954== 
==143954== LEAK SUMMARY:
==143954==    definitely lost: 100 bytes in 1 blocks
==143954==    indirectly lost: 0 bytes in 0 blocks
==143954==      possibly lost: 0 bytes in 0 blocks
==143954==    still reachable: 0 bytes in 0 blocks
==143954==         suppressed: 0 bytes in 0 blocks
==143954== Rerun with --leak-check=full to see details of leaked memory
==143954== 
==143954== For lists of detected and suppressed errors, rerun with: -s
==143954== ERROR SUMMARY: 0 errors from 0 contexts (suppressed: 0 from 0)
