==144847== Memcheck, a memory error detector
==144847== Copyright (C) 2002-2022, and GNU GPL'd, by Julian Seward et al.
==144847== Using Valgrind-3.22.0 and LibVEX; rerun with -h for copyright info
==144847== Command: /home/loris/Desktop/TestRepositories/Forked/juliet-test-suite-c/Automatic/results/20260701_2257/CWE401/valgrind/bin/CWE401/bad/CWE401_Memory_Leak__struct_twoIntsStruct_calloc_67-bad
==144847== Parent PID: 144846
==144847== 
==144847== 
==144847== HEAP SUMMARY:
==144847==     in use at exit: 800 bytes in 1 blocks
==144847==   total heap usage: 2 allocs, 1 frees, 4,896 bytes allocated
==144847== 
==144847== LEAK SUMMARY:
==144847==    definitely lost: 800 bytes in 1 blocks
==144847==    indirectly lost: 0 bytes in 0 blocks
==144847==      possibly lost: 0 bytes in 0 blocks
==144847==    still reachable: 0 bytes in 0 blocks
==144847==         suppressed: 0 bytes in 0 blocks
==144847== Rerun with --leak-check=full to see details of leaked memory
==144847== 
==144847== For lists of detected and suppressed errors, rerun with: -s
==144847== ERROR SUMMARY: 0 errors from 0 contexts (suppressed: 0 from 0)
