==143879== Memcheck, a memory error detector
==143879== Copyright (C) 2002-2022, and GNU GPL'd, by Julian Seward et al.
==143879== Using Valgrind-3.22.0 and LibVEX; rerun with -h for copyright info
==143879== Command: /home/loris/Desktop/TestRepositories/Forked/juliet-test-suite-c/Automatic/results/20260701_2257/CWE401/valgrind/bin/CWE401/bad/CWE401_Memory_Leak__char_calloc_65-bad
==143879== Parent PID: 143878
==143879== 
==143879== 
==143879== HEAP SUMMARY:
==143879==     in use at exit: 100 bytes in 1 blocks
==143879==   total heap usage: 2 allocs, 1 frees, 4,196 bytes allocated
==143879== 
==143879== LEAK SUMMARY:
==143879==    definitely lost: 100 bytes in 1 blocks
==143879==    indirectly lost: 0 bytes in 0 blocks
==143879==      possibly lost: 0 bytes in 0 blocks
==143879==    still reachable: 0 bytes in 0 blocks
==143879==         suppressed: 0 bytes in 0 blocks
==143879== Rerun with --leak-check=full to see details of leaked memory
==143879== 
==143879== For lists of detected and suppressed errors, rerun with: -s
==143879== ERROR SUMMARY: 0 errors from 0 contexts (suppressed: 0 from 0)
