==144790== Memcheck, a memory error detector
==144790== Copyright (C) 2002-2022, and GNU GPL'd, by Julian Seward et al.
==144790== Using Valgrind-3.22.0 and LibVEX; rerun with -h for copyright info
==144790== Command: /home/loris/Desktop/TestRepositories/Forked/juliet-test-suite-c/Automatic/results/20260701_2257/CWE401/valgrind/bin/CWE401/bad/CWE401_Memory_Leak__struct_twoIntsStruct_calloc_09-bad
==144790== Parent PID: 144789
==144790== 
==144790== 
==144790== HEAP SUMMARY:
==144790==     in use at exit: 800 bytes in 1 blocks
==144790==   total heap usage: 2 allocs, 1 frees, 4,896 bytes allocated
==144790== 
==144790== LEAK SUMMARY:
==144790==    definitely lost: 800 bytes in 1 blocks
==144790==    indirectly lost: 0 bytes in 0 blocks
==144790==      possibly lost: 0 bytes in 0 blocks
==144790==    still reachable: 0 bytes in 0 blocks
==144790==         suppressed: 0 bytes in 0 blocks
==144790== Rerun with --leak-check=full to see details of leaked memory
==144790== 
==144790== For lists of detected and suppressed errors, rerun with: -s
==144790== ERROR SUMMARY: 0 errors from 0 contexts (suppressed: 0 from 0)
