==143940== Memcheck, a memory error detector
==143940== Copyright (C) 2002-2022, and GNU GPL'd, by Julian Seward et al.
==143940== Using Valgrind-3.22.0 and LibVEX; rerun with -h for copyright info
==143940== Command: /home/loris/Desktop/TestRepositories/Forked/juliet-test-suite-c/Automatic/results/20260701_2257/CWE401/valgrind/bin/CWE401/bad/CWE401_Memory_Leak__char_malloc_45-bad
==143940== Parent PID: 143939
==143940== 
==143940== 
==143940== HEAP SUMMARY:
==143940==     in use at exit: 100 bytes in 1 blocks
==143940==   total heap usage: 2 allocs, 1 frees, 4,196 bytes allocated
==143940== 
==143940== LEAK SUMMARY:
==143940==    definitely lost: 0 bytes in 0 blocks
==143940==    indirectly lost: 0 bytes in 0 blocks
==143940==      possibly lost: 0 bytes in 0 blocks
==143940==    still reachable: 100 bytes in 1 blocks
==143940==         suppressed: 0 bytes in 0 blocks
==143940== Rerun with --leak-check=full to see details of leaked memory
==143940== 
==143940== For lists of detected and suppressed errors, rerun with: -s
==143940== ERROR SUMMARY: 0 errors from 0 contexts (suppressed: 0 from 0)
