==144326== Memcheck, a memory error detector
==144326== Copyright (C) 2002-2022, and GNU GPL'd, by Julian Seward et al.
==144326== Using Valgrind-3.22.0 and LibVEX; rerun with -h for copyright info
==144326== Command: /home/loris/Desktop/TestRepositories/Forked/juliet-test-suite-c/Automatic/results/20260701_2257/CWE401/valgrind/bin/CWE401/bad/CWE401_Memory_Leak__int_calloc_45-bad
==144326== Parent PID: 144325
==144326== 
==144326== 
==144326== HEAP SUMMARY:
==144326==     in use at exit: 400 bytes in 1 blocks
==144326==   total heap usage: 2 allocs, 1 frees, 4,496 bytes allocated
==144326== 
==144326== LEAK SUMMARY:
==144326==    definitely lost: 0 bytes in 0 blocks
==144326==    indirectly lost: 0 bytes in 0 blocks
==144326==      possibly lost: 0 bytes in 0 blocks
==144326==    still reachable: 400 bytes in 1 blocks
==144326==         suppressed: 0 bytes in 0 blocks
==144326== Rerun with --leak-check=full to see details of leaked memory
==144326== 
==144326== For lists of detected and suppressed errors, rerun with: -s
==144326== ERROR SUMMARY: 0 errors from 0 contexts (suppressed: 0 from 0)
