==144317== Memcheck, a memory error detector
==144317== Copyright (C) 2002-2022, and GNU GPL'd, by Julian Seward et al.
==144317== Using Valgrind-3.22.0 and LibVEX; rerun with -h for copyright info
==144317== Command: /home/loris/Desktop/TestRepositories/Forked/juliet-test-suite-c/Automatic/results/20260701_2257/CWE401/valgrind/bin/CWE401/bad/CWE401_Memory_Leak__int_calloc_34-bad
==144317== Parent PID: 144316
==144317== 
==144317== 
==144317== HEAP SUMMARY:
==144317==     in use at exit: 400 bytes in 1 blocks
==144317==   total heap usage: 2 allocs, 1 frees, 4,496 bytes allocated
==144317== 
==144317== LEAK SUMMARY:
==144317==    definitely lost: 400 bytes in 1 blocks
==144317==    indirectly lost: 0 bytes in 0 blocks
==144317==      possibly lost: 0 bytes in 0 blocks
==144317==    still reachable: 0 bytes in 0 blocks
==144317==         suppressed: 0 bytes in 0 blocks
==144317== Rerun with --leak-check=full to see details of leaked memory
==144317== 
==144317== For lists of detected and suppressed errors, rerun with: -s
==144317== ERROR SUMMARY: 0 errors from 0 contexts (suppressed: 0 from 0)
