==144472== Memcheck, a memory error detector
==144472== Copyright (C) 2002-2022, and GNU GPL'd, by Julian Seward et al.
==144472== Using Valgrind-3.22.0 and LibVEX; rerun with -h for copyright info
==144472== Command: /home/loris/Desktop/TestRepositories/Forked/juliet-test-suite-c/Automatic/results/20260701_2257/CWE401/valgrind/bin/CWE401/bad/CWE401_Memory_Leak__int_realloc_21-bad
==144472== Parent PID: 144471
==144472== 
==144472== 
==144472== HEAP SUMMARY:
==144472==     in use at exit: 400 bytes in 1 blocks
==144472==   total heap usage: 2 allocs, 1 frees, 4,496 bytes allocated
==144472== 
==144472== LEAK SUMMARY:
==144472==    definitely lost: 400 bytes in 1 blocks
==144472==    indirectly lost: 0 bytes in 0 blocks
==144472==      possibly lost: 0 bytes in 0 blocks
==144472==    still reachable: 0 bytes in 0 blocks
==144472==         suppressed: 0 bytes in 0 blocks
==144472== Rerun with --leak-check=full to see details of leaked memory
==144472== 
==144472== For lists of detected and suppressed errors, rerun with: -s
==144472== ERROR SUMMARY: 0 errors from 0 contexts (suppressed: 0 from 0)
