==144283== Memcheck, a memory error detector
==144283== Copyright (C) 2002-2022, and GNU GPL'd, by Julian Seward et al.
==144283== Using Valgrind-3.22.0 and LibVEX; rerun with -h for copyright info
==144283== Command: /home/loris/Desktop/TestRepositories/Forked/juliet-test-suite-c/Automatic/results/20260701_2257/CWE401/valgrind/bin/CWE401/bad/CWE401_Memory_Leak__int_calloc_06-bad
==144283== Parent PID: 144282
==144283== 
==144283== 
==144283== HEAP SUMMARY:
==144283==     in use at exit: 400 bytes in 1 blocks
==144283==   total heap usage: 2 allocs, 1 frees, 4,496 bytes allocated
==144283== 
==144283== LEAK SUMMARY:
==144283==    definitely lost: 400 bytes in 1 blocks
==144283==    indirectly lost: 0 bytes in 0 blocks
==144283==      possibly lost: 0 bytes in 0 blocks
==144283==    still reachable: 0 bytes in 0 blocks
==144283==         suppressed: 0 bytes in 0 blocks
==144283== Rerun with --leak-check=full to see details of leaked memory
==144283== 
==144283== For lists of detected and suppressed errors, rerun with: -s
==144283== ERROR SUMMARY: 0 errors from 0 contexts (suppressed: 0 from 0)
