==144715== Memcheck, a memory error detector
==144715== Copyright (C) 2002-2022, and GNU GPL'd, by Julian Seward et al.
==144715== Using Valgrind-3.22.0 and LibVEX; rerun with -h for copyright info
==144715== Command: /home/loris/Desktop/TestRepositories/Forked/juliet-test-suite-c/Automatic/results/20260701_2257/CWE401/valgrind/bin/CWE401/bad/CWE401_Memory_Leak__strdup_char_10-bad
==144715== Parent PID: 144714
==144715== 
==144715== 
==144715== HEAP SUMMARY:
==144715==     in use at exit: 9 bytes in 1 blocks
==144715==   total heap usage: 2 allocs, 1 frees, 4,105 bytes allocated
==144715== 
==144715== LEAK SUMMARY:
==144715==    definitely lost: 9 bytes in 1 blocks
==144715==    indirectly lost: 0 bytes in 0 blocks
==144715==      possibly lost: 0 bytes in 0 blocks
==144715==    still reachable: 0 bytes in 0 blocks
==144715==         suppressed: 0 bytes in 0 blocks
==144715== Rerun with --leak-check=full to see details of leaked memory
==144715== 
==144715== For lists of detected and suppressed errors, rerun with: -s
==144715== ERROR SUMMARY: 0 errors from 0 contexts (suppressed: 0 from 0)
