==1050128== Memcheck, a memory error detector
==1050128== Copyright (C) 2002-2022, and GNU GPL'd, by Julian Seward et al.
==1050128== Using Valgrind-3.22.0 and LibVEX; rerun with -h for copyright info
==1050128== Command: /home/loris/Desktop/TestRepositories/Forked/juliet-test-suite-c/Automatic/results/20260706_1238/CWE401/valgrind/bin/CWE401/bad/CWE401_Memory_Leak__strdup_char_07-bad
==1050128== Parent PID: 1050127
==1050128== 
==1050128== 
==1050128== HEAP SUMMARY:
==1050128==     in use at exit: 9 bytes in 1 blocks
==1050128==   total heap usage: 2 allocs, 1 frees, 4,105 bytes allocated
==1050128== 
==1050128== LEAK SUMMARY:
==1050128==    definitely lost: 9 bytes in 1 blocks
==1050128==    indirectly lost: 0 bytes in 0 blocks
==1050128==      possibly lost: 0 bytes in 0 blocks
==1050128==    still reachable: 0 bytes in 0 blocks
==1050128==         suppressed: 0 bytes in 0 blocks
==1050128== Rerun with --leak-check=full to see details of leaked memory
==1050128== 
==1050128== For lists of detected and suppressed errors, rerun with: -s
==1050128== ERROR SUMMARY: 0 errors from 0 contexts (suppressed: 0 from 0)
