==1050328== Memcheck, a memory error detector
==1050328== Copyright (C) 2002-2022, and GNU GPL'd, by Julian Seward et al.
==1050328== Using Valgrind-3.22.0 and LibVEX; rerun with -h for copyright info
==1050328== Command: /home/loris/Desktop/TestRepositories/Forked/juliet-test-suite-c/Automatic/results/20260706_1238/CWE401/valgrind/bin/CWE401/bad/CWE401_Memory_Leak__struct_twoIntsStruct_malloc_54-bad
==1050328== Parent PID: 1050327
==1050328== 
==1050328== 
==1050328== HEAP SUMMARY:
==1050328==     in use at exit: 800 bytes in 1 blocks
==1050328==   total heap usage: 2 allocs, 1 frees, 4,896 bytes allocated
==1050328== 
==1050328== LEAK SUMMARY:
==1050328==    definitely lost: 800 bytes in 1 blocks
==1050328==    indirectly lost: 0 bytes in 0 blocks
==1050328==      possibly lost: 0 bytes in 0 blocks
==1050328==    still reachable: 0 bytes in 0 blocks
==1050328==         suppressed: 0 bytes in 0 blocks
==1050328== Rerun with --leak-check=full to see details of leaked memory
==1050328== 
==1050328== For lists of detected and suppressed errors, rerun with: -s
==1050328== ERROR SUMMARY: 0 errors from 0 contexts (suppressed: 0 from 0)
