==1049296== Memcheck, a memory error detector
==1049296== Copyright (C) 2002-2022, and GNU GPL'd, by Julian Seward et al.
==1049296== Using Valgrind-3.22.0 and LibVEX; rerun with -h for copyright info
==1049296== Command: /home/loris/Desktop/TestRepositories/Forked/juliet-test-suite-c/Automatic/results/20260706_1238/CWE401/valgrind/bin/CWE401/bad/CWE401_Memory_Leak__char_calloc_45-bad
==1049296== Parent PID: 1049295
==1049296== 
==1049296== 
==1049296== HEAP SUMMARY:
==1049296==     in use at exit: 100 bytes in 1 blocks
==1049296==   total heap usage: 2 allocs, 1 frees, 4,196 bytes allocated
==1049296== 
==1049296== LEAK SUMMARY:
==1049296==    definitely lost: 0 bytes in 0 blocks
==1049296==    indirectly lost: 0 bytes in 0 blocks
==1049296==      possibly lost: 0 bytes in 0 blocks
==1049296==    still reachable: 100 bytes in 1 blocks
==1049296==         suppressed: 0 bytes in 0 blocks
==1049296== Rerun with --leak-check=full to see details of leaked memory
==1049296== 
==1049296== For lists of detected and suppressed errors, rerun with: -s
==1049296== ERROR SUMMARY: 0 errors from 0 contexts (suppressed: 0 from 0)
