==1050190== Memcheck, a memory error detector
==1050190== Copyright (C) 2002-2022, and GNU GPL'd, by Julian Seward et al.
==1050190== Using Valgrind-3.22.0 and LibVEX; rerun with -h for copyright info
==1050190== Command: /home/loris/Desktop/TestRepositories/Forked/juliet-test-suite-c/Automatic/results/20260706_1238/CWE401/valgrind/bin/CWE401/bad/CWE401_Memory_Leak__strdup_char_68-bad
==1050190== Parent PID: 1050189
==1050190== 
==1050190== 
==1050190== HEAP SUMMARY:
==1050190==     in use at exit: 9 bytes in 1 blocks
==1050190==   total heap usage: 2 allocs, 1 frees, 4,105 bytes allocated
==1050190== 
==1050190== LEAK SUMMARY:
==1050190==    definitely lost: 0 bytes in 0 blocks
==1050190==    indirectly lost: 0 bytes in 0 blocks
==1050190==      possibly lost: 0 bytes in 0 blocks
==1050190==    still reachable: 9 bytes in 1 blocks
==1050190==         suppressed: 0 bytes in 0 blocks
==1050190== Rerun with --leak-check=full to see details of leaked memory
==1050190== 
==1050190== For lists of detected and suppressed errors, rerun with: -s
==1050190== ERROR SUMMARY: 0 errors from 0 contexts (suppressed: 0 from 0)
