==1049854== Memcheck, a memory error detector
==1049854== Copyright (C) 2002-2022, and GNU GPL'd, by Julian Seward et al.
==1049854== Using Valgrind-3.22.0 and LibVEX; rerun with -h for copyright info
==1049854== Command: /home/loris/Desktop/TestRepositories/Forked/juliet-test-suite-c/Automatic/results/20260706_1238/CWE401/valgrind/bin/CWE401/bad/CWE401_Memory_Leak__int_malloc_68-bad
==1049854== Parent PID: 1049853
==1049854== 
==1049854== 
==1049854== HEAP SUMMARY:
==1049854==     in use at exit: 400 bytes in 1 blocks
==1049854==   total heap usage: 2 allocs, 1 frees, 4,496 bytes allocated
==1049854== 
==1049854== LEAK SUMMARY:
==1049854==    definitely lost: 0 bytes in 0 blocks
==1049854==    indirectly lost: 0 bytes in 0 blocks
==1049854==      possibly lost: 0 bytes in 0 blocks
==1049854==    still reachable: 400 bytes in 1 blocks
==1049854==         suppressed: 0 bytes in 0 blocks
==1049854== Rerun with --leak-check=full to see details of leaked memory
==1049854== 
==1049854== For lists of detected and suppressed errors, rerun with: -s
==1049854== ERROR SUMMARY: 0 errors from 0 contexts (suppressed: 0 from 0)
