==1050616== Memcheck, a memory error detector
==1050616== Copyright (C) 2002-2022, and GNU GPL'd, by Julian Seward et al.
==1050616== Using Valgrind-3.22.0 and LibVEX; rerun with -h for copyright info
==1050616== Command: /home/loris/Desktop/TestRepositories/Forked/juliet-test-suite-c/Automatic/results/20260706_1238/CWE401/valgrind/bin/CWE401/bad/CWE401_Memory_Leak__twoIntsStruct_realloc_31-bad
==1050616== Parent PID: 1050615
==1050616== 
==1050616== 
==1050616== HEAP SUMMARY:
==1050616==     in use at exit: 800 bytes in 1 blocks
==1050616==   total heap usage: 2 allocs, 1 frees, 4,896 bytes allocated
==1050616== 
==1050616== LEAK SUMMARY:
==1050616==    definitely lost: 800 bytes in 1 blocks
==1050616==    indirectly lost: 0 bytes in 0 blocks
==1050616==      possibly lost: 0 bytes in 0 blocks
==1050616==    still reachable: 0 bytes in 0 blocks
==1050616==         suppressed: 0 bytes in 0 blocks
==1050616== Rerun with --leak-check=full to see details of leaked memory
==1050616== 
==1050616== For lists of detected and suppressed errors, rerun with: -s
==1050616== ERROR SUMMARY: 0 errors from 0 contexts (suppressed: 0 from 0)
