==1050473== Memcheck, a memory error detector
==1050473== Copyright (C) 2002-2022, and GNU GPL'd, by Julian Seward et al.
==1050473== Using Valgrind-3.22.0 and LibVEX; rerun with -h for copyright info
==1050473== Command: /home/loris/Desktop/TestRepositories/Forked/juliet-test-suite-c/Automatic/results/20260706_1238/CWE401/valgrind/bin/CWE401/bad/CWE401_Memory_Leak__twoIntsStruct_calloc_45-bad
==1050473== Parent PID: 1050472
==1050473== 
==1050473== 
==1050473== HEAP SUMMARY:
==1050473==     in use at exit: 800 bytes in 1 blocks
==1050473==   total heap usage: 2 allocs, 1 frees, 4,896 bytes allocated
==1050473== 
==1050473== LEAK SUMMARY:
==1050473==    definitely lost: 0 bytes in 0 blocks
==1050473==    indirectly lost: 0 bytes in 0 blocks
==1050473==      possibly lost: 0 bytes in 0 blocks
==1050473==    still reachable: 800 bytes in 1 blocks
==1050473==         suppressed: 0 bytes in 0 blocks
==1050473== Rerun with --leak-check=full to see details of leaked memory
==1050473== 
==1050473== For lists of detected and suppressed errors, rerun with: -s
==1050473== ERROR SUMMARY: 0 errors from 0 contexts (suppressed: 0 from 0)
