==1049470== Memcheck, a memory error detector
==1049470== Copyright (C) 2002-2022, and GNU GPL'd, by Julian Seward et al.
==1049470== Using Valgrind-3.22.0 and LibVEX; rerun with -h for copyright info
==1049470== Command: /home/loris/Desktop/TestRepositories/Forked/juliet-test-suite-c/Automatic/results/20260706_1238/CWE401/valgrind/bin/CWE401/bad/CWE401_Memory_Leak__char_realloc_68-bad
==1049470== Parent PID: 1049469
==1049470== 
==1049470== 
==1049470== HEAP SUMMARY:
==1049470==     in use at exit: 100 bytes in 1 blocks
==1049470==   total heap usage: 2 allocs, 1 frees, 4,196 bytes allocated
==1049470== 
==1049470== LEAK SUMMARY:
==1049470==    definitely lost: 0 bytes in 0 blocks
==1049470==    indirectly lost: 0 bytes in 0 blocks
==1049470==      possibly lost: 0 bytes in 0 blocks
==1049470==    still reachable: 100 bytes in 1 blocks
==1049470==         suppressed: 0 bytes in 0 blocks
==1049470== Rerun with --leak-check=full to see details of leaked memory
==1049470== 
==1049470== For lists of detected and suppressed errors, rerun with: -s
==1049470== ERROR SUMMARY: 0 errors from 0 contexts (suppressed: 0 from 0)
