==1049504== Memcheck, a memory error detector
==1049504== Copyright (C) 2002-2022, and GNU GPL'd, by Julian Seward et al.
==1049504== Using Valgrind-3.22.0 and LibVEX; rerun with -h for copyright info
==1049504== Command: /home/loris/Desktop/TestRepositories/Forked/juliet-test-suite-c/Automatic/results/20260706_1238/CWE401/valgrind/bin/CWE401/bad/CWE401_Memory_Leak__int64_t_calloc_17-bad
==1049504== Parent PID: 1049503
==1049504== 
==1049504== 
==1049504== HEAP SUMMARY:
==1049504==     in use at exit: 800 bytes in 1 blocks
==1049504==   total heap usage: 2 allocs, 1 frees, 4,896 bytes allocated
==1049504== 
==1049504== LEAK SUMMARY:
==1049504==    definitely lost: 800 bytes in 1 blocks
==1049504==    indirectly lost: 0 bytes in 0 blocks
==1049504==      possibly lost: 0 bytes in 0 blocks
==1049504==    still reachable: 0 bytes in 0 blocks
==1049504==         suppressed: 0 bytes in 0 blocks
==1049504== Rerun with --leak-check=full to see details of leaked memory
==1049504== 
==1049504== For lists of detected and suppressed errors, rerun with: -s
==1049504== ERROR SUMMARY: 0 errors from 0 contexts (suppressed: 0 from 0)
