==1049698== Memcheck, a memory error detector
==1049698== Copyright (C) 2002-2022, and GNU GPL'd, by Julian Seward et al.
==1049698== Using Valgrind-3.22.0 and LibVEX; rerun with -h for copyright info
==1049698== Command: /home/loris/Desktop/TestRepositories/Forked/juliet-test-suite-c/Automatic/results/20260706_1238/CWE401/valgrind/bin/CWE401/bad/CWE401_Memory_Leak__int64_t_realloc_66-bad
==1049698== Parent PID: 1049697
==1049698== 
==1049698== 
==1049698== HEAP SUMMARY:
==1049698==     in use at exit: 800 bytes in 1 blocks
==1049698==   total heap usage: 2 allocs, 1 frees, 4,896 bytes allocated
==1049698== 
==1049698== LEAK SUMMARY:
==1049698==    definitely lost: 800 bytes in 1 blocks
==1049698==    indirectly lost: 0 bytes in 0 blocks
==1049698==      possibly lost: 0 bytes in 0 blocks
==1049698==    still reachable: 0 bytes in 0 blocks
==1049698==         suppressed: 0 bytes in 0 blocks
==1049698== Rerun with --leak-check=full to see details of leaked memory
==1049698== 
==1049698== For lists of detected and suppressed errors, rerun with: -s
==1049698== ERROR SUMMARY: 0 errors from 0 contexts (suppressed: 0 from 0)
