==1049587== Memcheck, a memory error detector
==1049587== Copyright (C) 2002-2022, and GNU GPL'd, by Julian Seward et al.
==1049587== Using Valgrind-3.22.0 and LibVEX; rerun with -h for copyright info
==1049587== Command: /home/loris/Desktop/TestRepositories/Forked/juliet-test-suite-c/Automatic/results/20260706_1238/CWE401/valgrind/bin/CWE401/bad/CWE401_Memory_Leak__int64_t_malloc_22-bad
==1049587== Parent PID: 1049586
==1049587== 
==1049587== 
==1049587== HEAP SUMMARY:
==1049587==     in use at exit: 800 bytes in 1 blocks
==1049587==   total heap usage: 2 allocs, 1 frees, 4,896 bytes allocated
==1049587== 
==1049587== LEAK SUMMARY:
==1049587==    definitely lost: 800 bytes in 1 blocks
==1049587==    indirectly lost: 0 bytes in 0 blocks
==1049587==      possibly lost: 0 bytes in 0 blocks
==1049587==    still reachable: 0 bytes in 0 blocks
==1049587==         suppressed: 0 bytes in 0 blocks
==1049587== Rerun with --leak-check=full to see details of leaked memory
==1049587== 
==1049587== For lists of detected and suppressed errors, rerun with: -s
==1049587== ERROR SUMMARY: 0 errors from 0 contexts (suppressed: 0 from 0)
