==1049778== Memcheck, a memory error detector
==1049778== Copyright (C) 2002-2022, and GNU GPL'd, by Julian Seward et al.
==1049778== Using Valgrind-3.22.0 and LibVEX; rerun with -h for copyright info
==1049778== Command: /home/loris/Desktop/TestRepositories/Forked/juliet-test-suite-c/Automatic/results/20260706_1238/CWE401/valgrind/bin/CWE401/bad/CWE401_Memory_Leak__int_calloc_68-bad
==1049778== Parent PID: 1049777
==1049778== 
==1049778== 
==1049778== HEAP SUMMARY:
==1049778==     in use at exit: 400 bytes in 1 blocks
==1049778==   total heap usage: 2 allocs, 1 frees, 4,496 bytes allocated
==1049778== 
==1049778== LEAK SUMMARY:
==1049778==    definitely lost: 0 bytes in 0 blocks
==1049778==    indirectly lost: 0 bytes in 0 blocks
==1049778==      possibly lost: 0 bytes in 0 blocks
==1049778==    still reachable: 400 bytes in 1 blocks
==1049778==         suppressed: 0 bytes in 0 blocks
==1049778== Rerun with --leak-check=full to see details of leaked memory
==1049778== 
==1049778== For lists of detected and suppressed errors, rerun with: -s
==1049778== ERROR SUMMARY: 0 errors from 0 contexts (suppressed: 0 from 0)
