==1049378== Memcheck, a memory error detector
==1049378== Copyright (C) 2002-2022, and GNU GPL'd, by Julian Seward et al.
==1049378== Using Valgrind-3.22.0 and LibVEX; rerun with -h for copyright info
==1049378== Command: /home/loris/Desktop/TestRepositories/Forked/juliet-test-suite-c/Automatic/results/20260706_1238/CWE401/valgrind/bin/CWE401/bad/CWE401_Memory_Leak__char_malloc_53-bad
==1049378== Parent PID: 1049377
==1049378== 
==1049378== 
==1049378== HEAP SUMMARY:
==1049378==     in use at exit: 100 bytes in 1 blocks
==1049378==   total heap usage: 2 allocs, 1 frees, 4,196 bytes allocated
==1049378== 
==1049378== LEAK SUMMARY:
==1049378==    definitely lost: 100 bytes in 1 blocks
==1049378==    indirectly lost: 0 bytes in 0 blocks
==1049378==      possibly lost: 0 bytes in 0 blocks
==1049378==    still reachable: 0 bytes in 0 blocks
==1049378==         suppressed: 0 bytes in 0 blocks
==1049378== Rerun with --leak-check=full to see details of leaked memory
==1049378== 
==1049378== For lists of detected and suppressed errors, rerun with: -s
==1049378== ERROR SUMMARY: 0 errors from 0 contexts (suppressed: 0 from 0)
