==1049458== Memcheck, a memory error detector
==1049458== Copyright (C) 2002-2022, and GNU GPL'd, by Julian Seward et al.
==1049458== Using Valgrind-3.22.0 and LibVEX; rerun with -h for copyright info
==1049458== Command: /home/loris/Desktop/TestRepositories/Forked/juliet-test-suite-c/Automatic/results/20260706_1238/CWE401/valgrind/bin/CWE401/bad/CWE401_Memory_Leak__char_realloc_61-bad
==1049458== Parent PID: 1049457
==1049458== 
==1049458== 
==1049458== HEAP SUMMARY:
==1049458==     in use at exit: 100 bytes in 1 blocks
==1049458==   total heap usage: 2 allocs, 1 frees, 4,196 bytes allocated
==1049458== 
==1049458== LEAK SUMMARY:
==1049458==    definitely lost: 100 bytes in 1 blocks
==1049458==    indirectly lost: 0 bytes in 0 blocks
==1049458==      possibly lost: 0 bytes in 0 blocks
==1049458==    still reachable: 0 bytes in 0 blocks
==1049458==         suppressed: 0 bytes in 0 blocks
==1049458== Rerun with --leak-check=full to see details of leaked memory
==1049458== 
==1049458== For lists of detected and suppressed errors, rerun with: -s
==1049458== ERROR SUMMARY: 0 errors from 0 contexts (suppressed: 0 from 0)
