==1050586== Memcheck, a memory error detector
==1050586== Copyright (C) 2002-2022, and GNU GPL'd, by Julian Seward et al.
==1050586== Using Valgrind-3.22.0 and LibVEX; rerun with -h for copyright info
==1050586== Command: /home/loris/Desktop/TestRepositories/Forked/juliet-test-suite-c/Automatic/results/20260706_1238/CWE401/valgrind/bin/CWE401/bad/CWE401_Memory_Leak__twoIntsStruct_realloc_06-bad
==1050586== Parent PID: 1050585
==1050586== 
==1050586== 
==1050586== HEAP SUMMARY:
==1050586==     in use at exit: 800 bytes in 1 blocks
==1050586==   total heap usage: 2 allocs, 1 frees, 4,896 bytes allocated
==1050586== 
==1050586== LEAK SUMMARY:
==1050586==    definitely lost: 800 bytes in 1 blocks
==1050586==    indirectly lost: 0 bytes in 0 blocks
==1050586==      possibly lost: 0 bytes in 0 blocks
==1050586==    still reachable: 0 bytes in 0 blocks
==1050586==         suppressed: 0 bytes in 0 blocks
==1050586== Rerun with --leak-check=full to see details of leaked memory
==1050586== 
==1050586== For lists of detected and suppressed errors, rerun with: -s
==1050586== ERROR SUMMARY: 0 errors from 0 contexts (suppressed: 0 from 0)
