==1050360== Memcheck, a memory error detector
==1050360== Copyright (C) 2002-2022, and GNU GPL'd, by Julian Seward et al.
==1050360== Using Valgrind-3.22.0 and LibVEX; rerun with -h for copyright info
==1050360== Command: /home/loris/Desktop/TestRepositories/Forked/juliet-test-suite-c/Automatic/results/20260706_1238/CWE401/valgrind/bin/CWE401/bad/CWE401_Memory_Leak__struct_twoIntsStruct_realloc_09-bad
==1050360== Parent PID: 1050359
==1050360== 
==1050360== 
==1050360== HEAP SUMMARY:
==1050360==     in use at exit: 800 bytes in 1 blocks
==1050360==   total heap usage: 2 allocs, 1 frees, 4,896 bytes allocated
==1050360== 
==1050360== LEAK SUMMARY:
==1050360==    definitely lost: 800 bytes in 1 blocks
==1050360==    indirectly lost: 0 bytes in 0 blocks
==1050360==      possibly lost: 0 bytes in 0 blocks
==1050360==    still reachable: 0 bytes in 0 blocks
==1050360==         suppressed: 0 bytes in 0 blocks
==1050360== Rerun with --leak-check=full to see details of leaked memory
==1050360== 
==1050360== For lists of detected and suppressed errors, rerun with: -s
==1050360== ERROR SUMMARY: 0 errors from 0 contexts (suppressed: 0 from 0)
