==1050471== Memcheck, a memory error detector
==1050471== Copyright (C) 2002-2022, and GNU GPL'd, by Julian Seward et al.
==1050471== Using Valgrind-3.22.0 and LibVEX; rerun with -h for copyright info
==1050471== Command: /home/loris/Desktop/TestRepositories/Forked/juliet-test-suite-c/Automatic/results/20260706_1238/CWE401/valgrind/bin/CWE401/bad/CWE401_Memory_Leak__twoIntsStruct_calloc_44-bad
==1050471== Parent PID: 1050470
==1050471== 
==1050471== 
==1050471== HEAP SUMMARY:
==1050471==     in use at exit: 800 bytes in 1 blocks
==1050471==   total heap usage: 2 allocs, 1 frees, 4,896 bytes allocated
==1050471== 
==1050471== LEAK SUMMARY:
==1050471==    definitely lost: 800 bytes in 1 blocks
==1050471==    indirectly lost: 0 bytes in 0 blocks
==1050471==      possibly lost: 0 bytes in 0 blocks
==1050471==    still reachable: 0 bytes in 0 blocks
==1050471==         suppressed: 0 bytes in 0 blocks
==1050471== Rerun with --leak-check=full to see details of leaked memory
==1050471== 
==1050471== For lists of detected and suppressed errors, rerun with: -s
==1050471== ERROR SUMMARY: 0 errors from 0 contexts (suppressed: 0 from 0)
