==1049314== Memcheck, a memory error detector
==1049314== Copyright (C) 2002-2022, and GNU GPL'd, by Julian Seward et al.
==1049314== Using Valgrind-3.22.0 and LibVEX; rerun with -h for copyright info
==1049314== Command: /home/loris/Desktop/TestRepositories/Forked/juliet-test-suite-c/Automatic/results/20260706_1238/CWE401/valgrind/bin/CWE401/bad/CWE401_Memory_Leak__char_calloc_66-bad
==1049314== Parent PID: 1049313
==1049314== 
==1049314== 
==1049314== HEAP SUMMARY:
==1049314==     in use at exit: 100 bytes in 1 blocks
==1049314==   total heap usage: 2 allocs, 1 frees, 4,196 bytes allocated
==1049314== 
==1049314== LEAK SUMMARY:
==1049314==    definitely lost: 100 bytes in 1 blocks
==1049314==    indirectly lost: 0 bytes in 0 blocks
==1049314==      possibly lost: 0 bytes in 0 blocks
==1049314==    still reachable: 0 bytes in 0 blocks
==1049314==         suppressed: 0 bytes in 0 blocks
==1049314== Rerun with --leak-check=full to see details of leaked memory
==1049314== 
==1049314== For lists of detected and suppressed errors, rerun with: -s
==1049314== ERROR SUMMARY: 0 errors from 0 contexts (suppressed: 0 from 0)
