==1049738== Memcheck, a memory error detector
==1049738== Copyright (C) 2002-2022, and GNU GPL'd, by Julian Seward et al.
==1049738== Using Valgrind-3.22.0 and LibVEX; rerun with -h for copyright info
==1049738== Command: /home/loris/Desktop/TestRepositories/Forked/juliet-test-suite-c/Automatic/results/20260706_1238/CWE401/valgrind/bin/CWE401/bad/CWE401_Memory_Leak__int_calloc_18-bad
==1049738== Parent PID: 1049737
==1049738== 
==1049738== 
==1049738== HEAP SUMMARY:
==1049738==     in use at exit: 400 bytes in 1 blocks
==1049738==   total heap usage: 2 allocs, 1 frees, 4,496 bytes allocated
==1049738== 
==1049738== LEAK SUMMARY:
==1049738==    definitely lost: 400 bytes in 1 blocks
==1049738==    indirectly lost: 0 bytes in 0 blocks
==1049738==      possibly lost: 0 bytes in 0 blocks
==1049738==    still reachable: 0 bytes in 0 blocks
==1049738==         suppressed: 0 bytes in 0 blocks
==1049738== Rerun with --leak-check=full to see details of leaked memory
==1049738== 
==1049738== For lists of detected and suppressed errors, rerun with: -s
==1049738== ERROR SUMMARY: 0 errors from 0 contexts (suppressed: 0 from 0)
