==1049902== Memcheck, a memory error detector
==1049902== Copyright (C) 2002-2022, and GNU GPL'd, by Julian Seward et al.
==1049902== Using Valgrind-3.22.0 and LibVEX; rerun with -h for copyright info
==1049902== Command: /home/loris/Desktop/TestRepositories/Forked/juliet-test-suite-c/Automatic/results/20260706_1238/CWE401/valgrind/bin/CWE401/bad/CWE401_Memory_Leak__int_realloc_41-bad
==1049902== Parent PID: 1049901
==1049902== 
==1049902== 
==1049902== HEAP SUMMARY:
==1049902==     in use at exit: 400 bytes in 1 blocks
==1049902==   total heap usage: 2 allocs, 1 frees, 4,496 bytes allocated
==1049902== 
==1049902== LEAK SUMMARY:
==1049902==    definitely lost: 400 bytes in 1 blocks
==1049902==    indirectly lost: 0 bytes in 0 blocks
==1049902==      possibly lost: 0 bytes in 0 blocks
==1049902==    still reachable: 0 bytes in 0 blocks
==1049902==         suppressed: 0 bytes in 0 blocks
==1049902== Rerun with --leak-check=full to see details of leaked memory
==1049902== 
==1049902== For lists of detected and suppressed errors, rerun with: -s
==1049902== ERROR SUMMARY: 0 errors from 0 contexts (suppressed: 0 from 0)
