==1049852== Memcheck, a memory error detector
==1049852== Copyright (C) 2002-2022, and GNU GPL'd, by Julian Seward et al.
==1049852== Using Valgrind-3.22.0 and LibVEX; rerun with -h for copyright info
==1049852== Command: /home/loris/Desktop/TestRepositories/Forked/juliet-test-suite-c/Automatic/results/20260706_1238/CWE401/valgrind/bin/CWE401/bad/CWE401_Memory_Leak__int_malloc_67-bad
==1049852== Parent PID: 1049851
==1049852== 
==1049852== 
==1049852== HEAP SUMMARY:
==1049852==     in use at exit: 400 bytes in 1 blocks
==1049852==   total heap usage: 2 allocs, 1 frees, 4,496 bytes allocated
==1049852== 
==1049852== LEAK SUMMARY:
==1049852==    definitely lost: 400 bytes in 1 blocks
==1049852==    indirectly lost: 0 bytes in 0 blocks
==1049852==      possibly lost: 0 bytes in 0 blocks
==1049852==    still reachable: 0 bytes in 0 blocks
==1049852==         suppressed: 0 bytes in 0 blocks
==1049852== Rerun with --leak-check=full to see details of leaked memory
==1049852== 
==1049852== For lists of detected and suppressed errors, rerun with: -s
==1049852== ERROR SUMMARY: 0 errors from 0 contexts (suppressed: 0 from 0)
