==1049722== Memcheck, a memory error detector
==1049722== Copyright (C) 2002-2022, and GNU GPL'd, by Julian Seward et al.
==1049722== Using Valgrind-3.22.0 and LibVEX; rerun with -h for copyright info
==1049722== Command: /home/loris/Desktop/TestRepositories/Forked/juliet-test-suite-c/Automatic/results/20260706_1238/CWE401/valgrind/bin/CWE401/bad/CWE401_Memory_Leak__int_calloc_10-bad
==1049722== Parent PID: 1049721
==1049722== 
==1049722== 
==1049722== HEAP SUMMARY:
==1049722==     in use at exit: 400 bytes in 1 blocks
==1049722==   total heap usage: 2 allocs, 1 frees, 4,496 bytes allocated
==1049722== 
==1049722== LEAK SUMMARY:
==1049722==    definitely lost: 400 bytes in 1 blocks
==1049722==    indirectly lost: 0 bytes in 0 blocks
==1049722==      possibly lost: 0 bytes in 0 blocks
==1049722==    still reachable: 0 bytes in 0 blocks
==1049722==         suppressed: 0 bytes in 0 blocks
==1049722== Rerun with --leak-check=full to see details of leaked memory
==1049722== 
==1049722== For lists of detected and suppressed errors, rerun with: -s
==1049722== ERROR SUMMARY: 0 errors from 0 contexts (suppressed: 0 from 0)
