==1854320== Memcheck, a memory error detector
==1854320== Copyright (C) 2002-2022, and GNU GPL'd, by Julian Seward et al.
==1854320== Using Valgrind-3.22.0 and LibVEX; rerun with -h for copyright info
==1854320== Command: /home/loris/Desktop/TestRepositories/Forked/juliet-test-suite-c/Automatic/results/20260707_1536/CWE126/valgrind/bin/CWE126/good/CWE126_Buffer_Overread__CWE129_listen_socket_06-good
==1854320== Parent PID: 1854319
==1854320== 
==1854320== 
==1854320== Process terminating with default action of signal 15 (SIGTERM)
==1854320==    at 0x499A834: accept (accept.c:26)
==1854320==    by 0x10947B: goodB2G1 (in /home/loris/Desktop/TestRepositories/Forked/juliet-test-suite-c/Automatic/results/20260707_1536/CWE126/valgrind/bin/CWE126/good/CWE126_Buffer_Overread__CWE129_listen_socket_06-good)
==1854320==    by 0x109842: CWE126_Buffer_Overread__CWE129_listen_socket_06_good (in /home/loris/Desktop/TestRepositories/Forked/juliet-test-suite-c/Automatic/results/20260707_1536/CWE126/valgrind/bin/CWE126/good/CWE126_Buffer_Overread__CWE129_listen_socket_06-good)
==1854320==    by 0x1098A0: main (in /home/loris/Desktop/TestRepositories/Forked/juliet-test-suite-c/Automatic/results/20260707_1536/CWE126/valgrind/bin/CWE126/good/CWE126_Buffer_Overread__CWE129_listen_socket_06-good)
==1854320== 
==1854320== HEAP SUMMARY:
==1854320==     in use at exit: 4,096 bytes in 1 blocks
==1854320==   total heap usage: 1 allocs, 0 frees, 4,096 bytes allocated
==1854320== 
==1854320== LEAK SUMMARY:
==1854320==    definitely lost: 0 bytes in 0 blocks
==1854320==    indirectly lost: 0 bytes in 0 blocks
==1854320==      possibly lost: 0 bytes in 0 blocks
==1854320==    still reachable: 4,096 bytes in 1 blocks
==1854320==         suppressed: 0 bytes in 0 blocks
==1854320== Rerun with --leak-check=full to see details of leaked memory
==1854320== 
==1854320== For lists of detected and suppressed errors, rerun with: -s
==1854320== ERROR SUMMARY: 0 errors from 0 contexts (suppressed: 0 from 0)
