==1856357== Memcheck, a memory error detector
==1856357== Copyright (C) 2002-2022, and GNU GPL'd, by Julian Seward et al.
==1856357== Using Valgrind-3.22.0 and LibVEX; rerun with -h for copyright info
==1856357== Command: /home/loris/Desktop/TestRepositories/Forked/juliet-test-suite-c/Automatic/results/20260707_1536/CWE126/valgrind/bin/CWE126/bad/CWE126_Buffer_Overread__malloc_char_loop_52-bad
==1856357== Parent PID: 1856356
==1856357== 
==1856357== Invalid read of size 1
==1856357==    at 0x109465: CWE126_Buffer_Overread__malloc_char_loop_52c_badSink (in /home/loris/Desktop/TestRepositories/Forked/juliet-test-suite-c/Automatic/results/20260707_1536/CWE126/valgrind/bin/CWE126/bad/CWE126_Buffer_Overread__malloc_char_loop_52-bad)
==1856357==    by 0x1093FA: CWE126_Buffer_Overread__malloc_char_loop_52b_badSink (in /home/loris/Desktop/TestRepositories/Forked/juliet-test-suite-c/Automatic/results/20260707_1536/CWE126/valgrind/bin/CWE126/bad/CWE126_Buffer_Overread__malloc_char_loop_52-bad)
==1856357==    by 0x109388: CWE126_Buffer_Overread__malloc_char_loop_52_bad (in /home/loris/Desktop/TestRepositories/Forked/juliet-test-suite-c/Automatic/results/20260707_1536/CWE126/valgrind/bin/CWE126/bad/CWE126_Buffer_Overread__malloc_char_loop_52-bad)
==1856357==    by 0x1093C8: main (in /home/loris/Desktop/TestRepositories/Forked/juliet-test-suite-c/Automatic/results/20260707_1536/CWE126/valgrind/bin/CWE126/bad/CWE126_Buffer_Overread__malloc_char_loop_52-bad)
==1856357==  Address 0x4a850b2 is 0 bytes after a block of size 50 alloc'd
==1856357==    at 0x4846828: malloc (in /usr/libexec/valgrind/vgpreload_memcheck-amd64-linux.so)
==1856357==    by 0x109346: CWE126_Buffer_Overread__malloc_char_loop_52_bad (in /home/loris/Desktop/TestRepositories/Forked/juliet-test-suite-c/Automatic/results/20260707_1536/CWE126/valgrind/bin/CWE126/bad/CWE126_Buffer_Overread__malloc_char_loop_52-bad)
==1856357==    by 0x1093C8: main (in /home/loris/Desktop/TestRepositories/Forked/juliet-test-suite-c/Automatic/results/20260707_1536/CWE126/valgrind/bin/CWE126/bad/CWE126_Buffer_Overread__malloc_char_loop_52-bad)
==1856357== 
==1856357== 
==1856357== HEAP SUMMARY:
==1856357==     in use at exit: 0 bytes in 0 blocks
==1856357==   total heap usage: 2 allocs, 2 frees, 4,146 bytes allocated
==1856357== 
==1856357== All heap blocks were freed -- no leaks are possible
==1856357== 
==1856357== For lists of detected and suppressed errors, rerun with: -s
==1856357== ERROR SUMMARY: 49 errors from 1 contexts (suppressed: 0 from 0)
