==1855747== Memcheck, a memory error detector
==1855747== Copyright (C) 2002-2022, and GNU GPL'd, by Julian Seward et al.
==1855747== Using Valgrind-3.22.0 and LibVEX; rerun with -h for copyright info
==1855747== Command: /home/loris/Desktop/TestRepositories/Forked/juliet-test-suite-c/Automatic/results/20260707_1536/CWE126/valgrind/bin/CWE126/bad/CWE126_Buffer_Overread__CWE129_rand_61-bad
==1855747== Parent PID: 1855746
==1855747== 
==1855747== Invalid read of size 4
==1855747==    at 0x1092D4: CWE126_Buffer_Overread__CWE129_rand_61_bad (in /home/loris/Desktop/TestRepositories/Forked/juliet-test-suite-c/Automatic/results/20260707_1536/CWE126/valgrind/bin/CWE126/bad/CWE126_Buffer_Overread__CWE129_rand_61-bad)
==1855747==    by 0x109343: main (in /home/loris/Desktop/TestRepositories/Forked/juliet-test-suite-c/Automatic/results/20260707_1536/CWE126/valgrind/bin/CWE126/bad/CWE126_Buffer_Overread__CWE129_rand_61-bad)
==1855747==  Address 0x205b598908 is not stack'd, malloc'd or (recently) free'd
==1855747== 
==1855747== 
==1855747== Process terminating with default action of signal 11 (SIGSEGV)
==1855747==  Access not within mapped region at address 0x205B598908
==1855747==    at 0x1092D4: CWE126_Buffer_Overread__CWE129_rand_61_bad (in /home/loris/Desktop/TestRepositories/Forked/juliet-test-suite-c/Automatic/results/20260707_1536/CWE126/valgrind/bin/CWE126/bad/CWE126_Buffer_Overread__CWE129_rand_61-bad)
==1855747==    by 0x109343: main (in /home/loris/Desktop/TestRepositories/Forked/juliet-test-suite-c/Automatic/results/20260707_1536/CWE126/valgrind/bin/CWE126/bad/CWE126_Buffer_Overread__CWE129_rand_61-bad)
==1855747==  If you believe this happened as a result of a stack
==1855747==  overflow in your program's main thread (unlikely but
==1855747==  possible), you can try to increase the size of the
==1855747==  main thread stack using the --main-stacksize= flag.
==1855747==  The main thread stack size used in this run was 8388608.
==1855747== 
==1855747== HEAP SUMMARY:
==1855747==     in use at exit: 4,096 bytes in 1 blocks
==1855747==   total heap usage: 1 allocs, 0 frees, 4,096 bytes allocated
==1855747== 
==1855747== LEAK SUMMARY:
==1855747==    definitely lost: 0 bytes in 0 blocks
==1855747==    indirectly lost: 0 bytes in 0 blocks
==1855747==      possibly lost: 0 bytes in 0 blocks
==1855747==    still reachable: 4,096 bytes in 1 blocks
==1855747==         suppressed: 0 bytes in 0 blocks
==1855747== Rerun with --leak-check=full to see details of leaked memory
==1855747== 
==1855747== For lists of detected and suppressed errors, rerun with: -s
==1855747== ERROR SUMMARY: 1 errors from 1 contexts (suppressed: 0 from 0)
