==1854366== Memcheck, a memory error detector
==1854366== Copyright (C) 2002-2022, and GNU GPL'd, by Julian Seward et al.
==1854366== Using Valgrind-3.22.0 and LibVEX; rerun with -h for copyright info
==1854366== Command: /home/loris/Desktop/TestRepositories/Forked/juliet-test-suite-c/Automatic/results/20260707_1536/CWE126/valgrind/bin/CWE126/good/CWE126_Buffer_Overread__CWE129_listen_socket_52-good
==1854366== Parent PID: 1854365
==1854366== 
==1854366== 
==1854366== Process terminating with default action of signal 15 (SIGTERM)
==1854366==    at 0x499A834: accept (accept.c:26)
==1854366==    by 0x109494: goodB2G (in /home/loris/Desktop/TestRepositories/Forked/juliet-test-suite-c/Automatic/results/20260707_1536/CWE126/valgrind/bin/CWE126/good/CWE126_Buffer_Overread__CWE129_listen_socket_52-good)
==1854366==    by 0x109546: CWE126_Buffer_Overread__CWE129_listen_socket_52_good (in /home/loris/Desktop/TestRepositories/Forked/juliet-test-suite-c/Automatic/results/20260707_1536/CWE126/valgrind/bin/CWE126/good/CWE126_Buffer_Overread__CWE129_listen_socket_52-good)
==1854366==    by 0x109586: main (in /home/loris/Desktop/TestRepositories/Forked/juliet-test-suite-c/Automatic/results/20260707_1536/CWE126/valgrind/bin/CWE126/good/CWE126_Buffer_Overread__CWE129_listen_socket_52-good)
==1854366== 
==1854366== HEAP SUMMARY:
==1854366==     in use at exit: 4,096 bytes in 1 blocks
==1854366==   total heap usage: 1 allocs, 0 frees, 4,096 bytes allocated
==1854366== 
==1854366== LEAK SUMMARY:
==1854366==    definitely lost: 0 bytes in 0 blocks
==1854366==    indirectly lost: 0 bytes in 0 blocks
==1854366==      possibly lost: 0 bytes in 0 blocks
==1854366==    still reachable: 4,096 bytes in 1 blocks
==1854366==         suppressed: 0 bytes in 0 blocks
==1854366== Rerun with --leak-check=full to see details of leaked memory
==1854366== 
==1854366== For lists of detected and suppressed errors, rerun with: -s
==1854366== ERROR SUMMARY: 0 errors from 0 contexts (suppressed: 0 from 0)
