==1854378== Memcheck, a memory error detector
==1854378== Copyright (C) 2002-2022, and GNU GPL'd, by Julian Seward et al.
==1854378== Using Valgrind-3.22.0 and LibVEX; rerun with -h for copyright info
==1854378== Command: /home/loris/Desktop/TestRepositories/Forked/juliet-test-suite-c/Automatic/results/20260707_1536/CWE126/valgrind/bin/CWE126/good/CWE126_Buffer_Overread__CWE129_listen_socket_65-good
==1854378== Parent PID: 1854377
==1854378== 
==1854378== 
==1854378== Process terminating with default action of signal 15 (SIGTERM)
==1854378==    at 0x499A834: accept (accept.c:26)
==1854378==    by 0x1094AB: goodB2G (in /home/loris/Desktop/TestRepositories/Forked/juliet-test-suite-c/Automatic/results/20260707_1536/CWE126/valgrind/bin/CWE126/good/CWE126_Buffer_Overread__CWE129_listen_socket_65-good)
==1854378==    by 0x10955E: CWE126_Buffer_Overread__CWE129_listen_socket_65_good (in /home/loris/Desktop/TestRepositories/Forked/juliet-test-suite-c/Automatic/results/20260707_1536/CWE126/valgrind/bin/CWE126/good/CWE126_Buffer_Overread__CWE129_listen_socket_65-good)
==1854378==    by 0x10959E: main (in /home/loris/Desktop/TestRepositories/Forked/juliet-test-suite-c/Automatic/results/20260707_1536/CWE126/valgrind/bin/CWE126/good/CWE126_Buffer_Overread__CWE129_listen_socket_65-good)
==1854378== 
==1854378== HEAP SUMMARY:
==1854378==     in use at exit: 4,096 bytes in 1 blocks
==1854378==   total heap usage: 1 allocs, 0 frees, 4,096 bytes allocated
==1854378== 
==1854378== LEAK SUMMARY:
==1854378==    definitely lost: 0 bytes in 0 blocks
==1854378==    indirectly lost: 0 bytes in 0 blocks
==1854378==      possibly lost: 0 bytes in 0 blocks
==1854378==    still reachable: 4,096 bytes in 1 blocks
==1854378==         suppressed: 0 bytes in 0 blocks
==1854378== Rerun with --leak-check=full to see details of leaked memory
==1854378== 
==1854378== For lists of detected and suppressed errors, rerun with: -s
==1854378== ERROR SUMMARY: 0 errors from 0 contexts (suppressed: 0 from 0)
