==1855519== Memcheck, a memory error detector
==1855519== Copyright (C) 2002-2022, and GNU GPL'd, by Julian Seward et al.
==1855519== Using Valgrind-3.22.0 and LibVEX; rerun with -h for copyright info
==1855519== Command: /home/loris/Desktop/TestRepositories/Forked/juliet-test-suite-c/Automatic/results/20260707_1536/CWE126/valgrind/bin/CWE126/bad/CWE126_Buffer_Overread__CWE129_listen_socket_02-bad
==1855519== Parent PID: 1855518
==1855519== 
==1855519== 
==1855519== Process terminating with default action of signal 15 (SIGTERM)
==1855519==    at 0x499A834: accept (accept.c:26)
==1855519==    by 0x10946D: CWE126_Buffer_Overread__CWE129_listen_socket_02_bad (in /home/loris/Desktop/TestRepositories/Forked/juliet-test-suite-c/Automatic/results/20260707_1536/CWE126/valgrind/bin/CWE126/bad/CWE126_Buffer_Overread__CWE129_listen_socket_02-bad)
==1855519==    by 0x10956E: main (in /home/loris/Desktop/TestRepositories/Forked/juliet-test-suite-c/Automatic/results/20260707_1536/CWE126/valgrind/bin/CWE126/bad/CWE126_Buffer_Overread__CWE129_listen_socket_02-bad)
==1855519== 
==1855519== HEAP SUMMARY:
==1855519==     in use at exit: 4,096 bytes in 1 blocks
==1855519==   total heap usage: 1 allocs, 0 frees, 4,096 bytes allocated
==1855519== 
==1855519== LEAK SUMMARY:
==1855519==    definitely lost: 0 bytes in 0 blocks
==1855519==    indirectly lost: 0 bytes in 0 blocks
==1855519==      possibly lost: 0 bytes in 0 blocks
==1855519==    still reachable: 4,096 bytes in 1 blocks
==1855519==         suppressed: 0 bytes in 0 blocks
==1855519== Rerun with --leak-check=full to see details of leaked memory
==1855519== 
==1855519== For lists of detected and suppressed errors, rerun with: -s
==1855519== ERROR SUMMARY: 0 errors from 0 contexts (suppressed: 0 from 0)
