==1854324== Memcheck, a memory error detector
==1854324== Copyright (C) 2002-2022, and GNU GPL'd, by Julian Seward et al.
==1854324== Using Valgrind-3.22.0 and LibVEX; rerun with -h for copyright info
==1854324== Command: /home/loris/Desktop/TestRepositories/Forked/juliet-test-suite-c/Automatic/results/20260707_1536/CWE126/valgrind/bin/CWE126/good/CWE126_Buffer_Overread__CWE129_listen_socket_08-good
==1854324== Parent PID: 1854323
==1854324== 
==1854324== 
==1854324== Process terminating with default action of signal 15 (SIGTERM)
==1854324==    at 0x499A834: accept (accept.c:26)
==1854324==    by 0x10949D: goodB2G1 (in /home/loris/Desktop/TestRepositories/Forked/juliet-test-suite-c/Automatic/results/20260707_1536/CWE126/valgrind/bin/CWE126/good/CWE126_Buffer_Overread__CWE129_listen_socket_08-good)
==1854324==    by 0x109880: CWE126_Buffer_Overread__CWE129_listen_socket_08_good (in /home/loris/Desktop/TestRepositories/Forked/juliet-test-suite-c/Automatic/results/20260707_1536/CWE126/valgrind/bin/CWE126/good/CWE126_Buffer_Overread__CWE129_listen_socket_08-good)
==1854324==    by 0x1098DE: main (in /home/loris/Desktop/TestRepositories/Forked/juliet-test-suite-c/Automatic/results/20260707_1536/CWE126/valgrind/bin/CWE126/good/CWE126_Buffer_Overread__CWE129_listen_socket_08-good)
==1854324== 
==1854324== HEAP SUMMARY:
==1854324==     in use at exit: 4,096 bytes in 1 blocks
==1854324==   total heap usage: 1 allocs, 0 frees, 4,096 bytes allocated
==1854324== 
==1854324== LEAK SUMMARY:
==1854324==    definitely lost: 0 bytes in 0 blocks
==1854324==    indirectly lost: 0 bytes in 0 blocks
==1854324==      possibly lost: 0 bytes in 0 blocks
==1854324==    still reachable: 4,096 bytes in 1 blocks
==1854324==         suppressed: 0 bytes in 0 blocks
==1854324== Rerun with --leak-check=full to see details of leaked memory
==1854324== 
==1854324== For lists of detected and suppressed errors, rerun with: -s
==1854324== ERROR SUMMARY: 0 errors from 0 contexts (suppressed: 0 from 0)
