==1854330== Memcheck, a memory error detector
==1854330== Copyright (C) 2002-2022, and GNU GPL'd, by Julian Seward et al.
==1854330== Using Valgrind-3.22.0 and LibVEX; rerun with -h for copyright info
==1854330== Command: /home/loris/Desktop/TestRepositories/Forked/juliet-test-suite-c/Automatic/results/20260707_1536/CWE126/valgrind/bin/CWE126/good/CWE126_Buffer_Overread__CWE129_listen_socket_11-good
==1854330== Parent PID: 1854329
==1854330== 
==1854330== 
==1854330== Process terminating with default action of signal 15 (SIGTERM)
==1854330==    at 0x499A834: accept (accept.c:26)
==1854330==    by 0x10947F: goodB2G1 (in /home/loris/Desktop/TestRepositories/Forked/juliet-test-suite-c/Automatic/results/20260707_1536/CWE126/valgrind/bin/CWE126/good/CWE126_Buffer_Overread__CWE129_listen_socket_11-good)
==1854330==    by 0x109862: CWE126_Buffer_Overread__CWE129_listen_socket_11_good (in /home/loris/Desktop/TestRepositories/Forked/juliet-test-suite-c/Automatic/results/20260707_1536/CWE126/valgrind/bin/CWE126/good/CWE126_Buffer_Overread__CWE129_listen_socket_11-good)
==1854330==    by 0x1098C0: main (in /home/loris/Desktop/TestRepositories/Forked/juliet-test-suite-c/Automatic/results/20260707_1536/CWE126/valgrind/bin/CWE126/good/CWE126_Buffer_Overread__CWE129_listen_socket_11-good)
==1854330== 
==1854330== HEAP SUMMARY:
==1854330==     in use at exit: 4,096 bytes in 1 blocks
==1854330==   total heap usage: 1 allocs, 0 frees, 4,096 bytes allocated
==1854330== 
==1854330== LEAK SUMMARY:
==1854330==    definitely lost: 0 bytes in 0 blocks
==1854330==    indirectly lost: 0 bytes in 0 blocks
==1854330==      possibly lost: 0 bytes in 0 blocks
==1854330==    still reachable: 4,096 bytes in 1 blocks
==1854330==         suppressed: 0 bytes in 0 blocks
==1854330== Rerun with --leak-check=full to see details of leaked memory
==1854330== 
==1854330== For lists of detected and suppressed errors, rerun with: -s
==1854330== ERROR SUMMARY: 0 errors from 0 contexts (suppressed: 0 from 0)
