==1855887== Memcheck, a memory error detector
==1855887== Copyright (C) 2002-2022, and GNU GPL'd, by Julian Seward et al.
==1855887== Using Valgrind-3.22.0 and LibVEX; rerun with -h for copyright info
==1855887== Command: /home/loris/Desktop/TestRepositories/Forked/juliet-test-suite-c/Automatic/results/20260707_1536/CWE126/valgrind/bin/CWE126/bad/CWE126_Buffer_Overread__CWE170_char_strncpy_17-bad
==1855887== Parent PID: 1855886
==1855887== 
==1855887== Conditional jump or move depends on uninitialised value(s)
==1855887==    at 0x484F238: strlen (in /usr/libexec/valgrind/vgpreload_memcheck-amd64-linux.so)
==1855887==    by 0x48F6BFC: puts (ioputs.c:35)
==1855887==    by 0x1093D9: printLine (in /home/loris/Desktop/TestRepositories/Forked/juliet-test-suite-c/Automatic/results/20260707_1536/CWE126/valgrind/bin/CWE126/bad/CWE126_Buffer_Overread__CWE170_char_strncpy_17-bad)
==1855887==    by 0x10933C: CWE126_Buffer_Overread__CWE170_char_strncpy_17_bad (in /home/loris/Desktop/TestRepositories/Forked/juliet-test-suite-c/Automatic/results/20260707_1536/CWE126/valgrind/bin/CWE126/bad/CWE126_Buffer_Overread__CWE170_char_strncpy_17-bad)
==1855887==    by 0x1093A0: main (in /home/loris/Desktop/TestRepositories/Forked/juliet-test-suite-c/Automatic/results/20260707_1536/CWE126/valgrind/bin/CWE126/bad/CWE126_Buffer_Overread__CWE170_char_strncpy_17-bad)
==1855887== 
==1855887== 
==1855887== HEAP SUMMARY:
==1855887==     in use at exit: 0 bytes in 0 blocks
==1855887==   total heap usage: 1 allocs, 1 frees, 4,096 bytes allocated
==1855887== 
==1855887== All heap blocks were freed -- no leaks are possible
==1855887== 
==1855887== Use --track-origins=yes to see where uninitialised values come from
==1855887== For lists of detected and suppressed errors, rerun with: -s
==1855887== ERROR SUMMARY: 1 errors from 1 contexts (suppressed: 0 from 0)
