==1855541== Memcheck, a memory error detector
==1855541== Copyright (C) 2002-2022, and GNU GPL'd, by Julian Seward et al.
==1855541== Using Valgrind-3.22.0 and LibVEX; rerun with -h for copyright info
==1855541== Command: /home/loris/Desktop/TestRepositories/Forked/juliet-test-suite-c/Automatic/results/20260707_1536/CWE126/valgrind/bin/CWE126/bad/CWE126_Buffer_Overread__CWE129_listen_socket_13-bad
==1855541== Parent PID: 1855540
==1855541== 
==1855541== 
==1855541== Process terminating with default action of signal 15 (SIGTERM)
==1855541==    at 0x499A834: accept (accept.c:26)
==1855541==    by 0x10947C: CWE126_Buffer_Overread__CWE129_listen_socket_13_bad (in /home/loris/Desktop/TestRepositories/Forked/juliet-test-suite-c/Automatic/results/20260707_1536/CWE126/valgrind/bin/CWE126/bad/CWE126_Buffer_Overread__CWE129_listen_socket_13-bad)
==1855541==    by 0x109588: main (in /home/loris/Desktop/TestRepositories/Forked/juliet-test-suite-c/Automatic/results/20260707_1536/CWE126/valgrind/bin/CWE126/bad/CWE126_Buffer_Overread__CWE129_listen_socket_13-bad)
==1855541== 
==1855541== HEAP SUMMARY:
==1855541==     in use at exit: 4,096 bytes in 1 blocks
==1855541==   total heap usage: 1 allocs, 0 frees, 4,096 bytes allocated
==1855541== 
==1855541== LEAK SUMMARY:
==1855541==    definitely lost: 0 bytes in 0 blocks
==1855541==    indirectly lost: 0 bytes in 0 blocks
==1855541==      possibly lost: 0 bytes in 0 blocks
==1855541==    still reachable: 4,096 bytes in 1 blocks
==1855541==         suppressed: 0 bytes in 0 blocks
==1855541== Rerun with --leak-check=full to see details of leaked memory
==1855541== 
==1855541== For lists of detected and suppressed errors, rerun with: -s
==1855541== ERROR SUMMARY: 0 errors from 0 contexts (suppressed: 0 from 0)
