==1856351== Memcheck, a memory error detector
==1856351== Copyright (C) 2002-2022, and GNU GPL'd, by Julian Seward et al.
==1856351== Using Valgrind-3.22.0 and LibVEX; rerun with -h for copyright info
==1856351== Command: /home/loris/Desktop/TestRepositories/Forked/juliet-test-suite-c/Automatic/results/20260707_1536/CWE126/valgrind/bin/CWE126/bad/CWE126_Buffer_Overread__malloc_char_loop_44-bad
==1856351== Parent PID: 1856350
==1856351== 
==1856351== Invalid read of size 1
==1856351==    at 0x109390: badSink (in /home/loris/Desktop/TestRepositories/Forked/juliet-test-suite-c/Automatic/results/20260707_1536/CWE126/valgrind/bin/CWE126/bad/CWE126_Buffer_Overread__malloc_char_loop_44-bad)
==1856351==    by 0x109450: CWE126_Buffer_Overread__malloc_char_loop_44_bad (in /home/loris/Desktop/TestRepositories/Forked/juliet-test-suite-c/Automatic/results/20260707_1536/CWE126/valgrind/bin/CWE126/bad/CWE126_Buffer_Overread__malloc_char_loop_44-bad)
==1856351==    by 0x109490: main (in /home/loris/Desktop/TestRepositories/Forked/juliet-test-suite-c/Automatic/results/20260707_1536/CWE126/valgrind/bin/CWE126/bad/CWE126_Buffer_Overread__malloc_char_loop_44-bad)
==1856351==  Address 0x4a850b2 is 0 bytes after a block of size 50 alloc'd
==1856351==    at 0x4846828: malloc (in /usr/libexec/valgrind/vgpreload_memcheck-amd64-linux.so)
==1856351==    by 0x10940D: CWE126_Buffer_Overread__malloc_char_loop_44_bad (in /home/loris/Desktop/TestRepositories/Forked/juliet-test-suite-c/Automatic/results/20260707_1536/CWE126/valgrind/bin/CWE126/bad/CWE126_Buffer_Overread__malloc_char_loop_44-bad)
==1856351==    by 0x109490: main (in /home/loris/Desktop/TestRepositories/Forked/juliet-test-suite-c/Automatic/results/20260707_1536/CWE126/valgrind/bin/CWE126/bad/CWE126_Buffer_Overread__malloc_char_loop_44-bad)
==1856351== 
==1856351== 
==1856351== HEAP SUMMARY:
==1856351==     in use at exit: 0 bytes in 0 blocks
==1856351==   total heap usage: 2 allocs, 2 frees, 4,146 bytes allocated
==1856351== 
==1856351== All heap blocks were freed -- no leaks are possible
==1856351== 
==1856351== For lists of detected and suppressed errors, rerun with: -s
==1856351== ERROR SUMMARY: 49 errors from 1 contexts (suppressed: 0 from 0)
