==61659== Memcheck, a memory error detector
==61659== Copyright (C) 2002-2022, and GNU GPL'd, by Julian Seward et al.
==61659== Using Valgrind-3.22.0 and LibVEX; rerun with -h for copyright info
==61659== Command: /home/loris/Desktop/TestRepositories/Forked/juliet-test-suite-c/Automatic/results/20260703_1454/CWE401/valgrind/bin/CWE401/bad/CWE401_Memory_Leak__int_calloc_68-bad
==61659== Parent PID: 61658
==61659== 
==61659== 
==61659== HEAP SUMMARY:
==61659==     in use at exit: 400 bytes in 1 blocks
==61659==   total heap usage: 2 allocs, 1 frees, 4,496 bytes allocated
==61659== 
==61659== LEAK SUMMARY:
==61659==    definitely lost: 0 bytes in 0 blocks
==61659==    indirectly lost: 0 bytes in 0 blocks
==61659==      possibly lost: 0 bytes in 0 blocks
==61659==    still reachable: 400 bytes in 1 blocks
==61659==         suppressed: 0 bytes in 0 blocks
==61659== Rerun with --leak-check=full to see details of leaked memory
==61659== 
==61659== For lists of detected and suppressed errors, rerun with: -s
==61659== ERROR SUMMARY: 0 errors from 0 contexts (suppressed: 0 from 0)
