==61375== Memcheck, a memory error detector
==61375== Copyright (C) 2002-2022, and GNU GPL'd, by Julian Seward et al.
==61375== Using Valgrind-3.22.0 and LibVEX; rerun with -h for copyright info
==61375== Command: /home/loris/Desktop/TestRepositories/Forked/juliet-test-suite-c/Automatic/results/20260703_1454/CWE401/valgrind/bin/CWE401/bad/CWE401_Memory_Leak__int64_t_calloc_10-bad
==61375== Parent PID: 61374
==61375== 
==61375== 
==61375== HEAP SUMMARY:
==61375==     in use at exit: 800 bytes in 1 blocks
==61375==   total heap usage: 2 allocs, 1 frees, 4,896 bytes allocated
==61375== 
==61375== LEAK SUMMARY:
==61375==    definitely lost: 800 bytes in 1 blocks
==61375==    indirectly lost: 0 bytes in 0 blocks
==61375==      possibly lost: 0 bytes in 0 blocks
==61375==    still reachable: 0 bytes in 0 blocks
==61375==         suppressed: 0 bytes in 0 blocks
==61375== Rerun with --leak-check=full to see details of leaked memory
==61375== 
==61375== For lists of detected and suppressed errors, rerun with: -s
==61375== ERROR SUMMARY: 0 errors from 0 contexts (suppressed: 0 from 0)
