==61615== Memcheck, a memory error detector
==61615== Copyright (C) 2002-2022, and GNU GPL'd, by Julian Seward et al.
==61615== Using Valgrind-3.22.0 and LibVEX; rerun with -h for copyright info
==61615== Command: /home/loris/Desktop/TestRepositories/Forked/juliet-test-suite-c/Automatic/results/20260703_1454/CWE401/valgrind/bin/CWE401/bad/CWE401_Memory_Leak__int_calloc_16-bad
==61615== Parent PID: 61614
==61615== 
==61615== 
==61615== HEAP SUMMARY:
==61615==     in use at exit: 400 bytes in 1 blocks
==61615==   total heap usage: 2 allocs, 1 frees, 4,496 bytes allocated
==61615== 
==61615== LEAK SUMMARY:
==61615==    definitely lost: 400 bytes in 1 blocks
==61615==    indirectly lost: 0 bytes in 0 blocks
==61615==      possibly lost: 0 bytes in 0 blocks
==61615==    still reachable: 0 bytes in 0 blocks
==61615==         suppressed: 0 bytes in 0 blocks
==61615== Rerun with --leak-check=full to see details of leaked memory
==61615== 
==61615== For lists of detected and suppressed errors, rerun with: -s
==61615== ERROR SUMMARY: 0 errors from 0 contexts (suppressed: 0 from 0)
