==61449== Memcheck, a memory error detector
==61449== Copyright (C) 2002-2022, and GNU GPL'd, by Julian Seward et al.
==61449== Using Valgrind-3.22.0 and LibVEX; rerun with -h for copyright info
==61449== Command: /home/loris/Desktop/TestRepositories/Forked/juliet-test-suite-c/Automatic/results/20260703_1454/CWE401/valgrind/bin/CWE401/bad/CWE401_Memory_Leak__int64_t_malloc_09-bad
==61449== Parent PID: 61448
==61449== 
==61449== 
==61449== HEAP SUMMARY:
==61449==     in use at exit: 800 bytes in 1 blocks
==61449==   total heap usage: 2 allocs, 1 frees, 4,896 bytes allocated
==61449== 
==61449== LEAK SUMMARY:
==61449==    definitely lost: 800 bytes in 1 blocks
==61449==    indirectly lost: 0 bytes in 0 blocks
==61449==      possibly lost: 0 bytes in 0 blocks
==61449==    still reachable: 0 bytes in 0 blocks
==61449==         suppressed: 0 bytes in 0 blocks
==61449== Rerun with --leak-check=full to see details of leaked memory
==61449== 
==61449== For lists of detected and suppressed errors, rerun with: -s
==61449== ERROR SUMMARY: 0 errors from 0 contexts (suppressed: 0 from 0)
