==62389== Memcheck, a memory error detector
==62389== Copyright (C) 2002-2022, and GNU GPL'd, by Julian Seward et al.
==62389== Using Valgrind-3.22.0 and LibVEX; rerun with -h for copyright info
==62389== Command: /home/loris/Desktop/TestRepositories/Forked/juliet-test-suite-c/Automatic/results/20260703_1454/CWE401/valgrind/bin/CWE401/bad/CWE401_Memory_Leak__twoIntsStruct_malloc_09-bad
==62389== Parent PID: 62388
==62389== 
==62389== 
==62389== HEAP SUMMARY:
==62389==     in use at exit: 800 bytes in 1 blocks
==62389==   total heap usage: 2 allocs, 1 frees, 4,896 bytes allocated
==62389== 
==62389== LEAK SUMMARY:
==62389==    definitely lost: 800 bytes in 1 blocks
==62389==    indirectly lost: 0 bytes in 0 blocks
==62389==      possibly lost: 0 bytes in 0 blocks
==62389==    still reachable: 0 bytes in 0 blocks
==62389==         suppressed: 0 bytes in 0 blocks
==62389== Rerun with --leak-check=full to see details of leaked memory
==62389== 
==62389== For lists of detected and suppressed errors, rerun with: -s
==62389== ERROR SUMMARY: 0 errors from 0 contexts (suppressed: 0 from 0)
