==62003== Memcheck, a memory error detector
==62003== Copyright (C) 2002-2022, and GNU GPL'd, by Julian Seward et al.
==62003== Using Valgrind-3.22.0 and LibVEX; rerun with -h for copyright info
==62003== Command: /home/loris/Desktop/TestRepositories/Forked/juliet-test-suite-c/Automatic/results/20260703_1454/CWE401/valgrind/bin/CWE401/bad/CWE401_Memory_Leak__strdup_char_06-bad
==62003== Parent PID: 62002
==62003== 
==62003== 
==62003== HEAP SUMMARY:
==62003==     in use at exit: 9 bytes in 1 blocks
==62003==   total heap usage: 2 allocs, 1 frees, 4,105 bytes allocated
==62003== 
==62003== LEAK SUMMARY:
==62003==    definitely lost: 9 bytes in 1 blocks
==62003==    indirectly lost: 0 bytes in 0 blocks
==62003==      possibly lost: 0 bytes in 0 blocks
==62003==    still reachable: 0 bytes in 0 blocks
==62003==         suppressed: 0 bytes in 0 blocks
==62003== Rerun with --leak-check=full to see details of leaked memory
==62003== 
==62003== For lists of detected and suppressed errors, rerun with: -s
==62003== ERROR SUMMARY: 0 errors from 0 contexts (suppressed: 0 from 0)
