==62223== Memcheck, a memory error detector
==62223== Copyright (C) 2002-2022, and GNU GPL'd, by Julian Seward et al.
==62223== Using Valgrind-3.22.0 and LibVEX; rerun with -h for copyright info
==62223== Command: /home/loris/Desktop/TestRepositories/Forked/juliet-test-suite-c/Automatic/results/20260703_1454/CWE401/valgrind/bin/CWE401/bad/CWE401_Memory_Leak__struct_twoIntsStruct_realloc_02-bad
==62223== Parent PID: 62222
==62223== 
==62223== 
==62223== HEAP SUMMARY:
==62223==     in use at exit: 800 bytes in 1 blocks
==62223==   total heap usage: 2 allocs, 1 frees, 4,896 bytes allocated
==62223== 
==62223== LEAK SUMMARY:
==62223==    definitely lost: 800 bytes in 1 blocks
==62223==    indirectly lost: 0 bytes in 0 blocks
==62223==      possibly lost: 0 bytes in 0 blocks
==62223==    still reachable: 0 bytes in 0 blocks
==62223==         suppressed: 0 bytes in 0 blocks
==62223== Rerun with --leak-check=full to see details of leaked memory
==62223== 
==62223== For lists of detected and suppressed errors, rerun with: -s
==62223== ERROR SUMMARY: 0 errors from 0 contexts (suppressed: 0 from 0)
