==61260== Memcheck, a memory error detector
==61260== Copyright (C) 2002-2022, and GNU GPL'd, by Julian Seward et al.
==61260== Using Valgrind-3.22.0 and LibVEX; rerun with -h for copyright info
==61260== Command: /home/loris/Desktop/TestRepositories/Forked/juliet-test-suite-c/Automatic/results/20260703_1454/CWE401/valgrind/bin/CWE401/bad/CWE401_Memory_Leak__char_malloc_52-bad
==61260== Parent PID: 61259
==61260== 
==61260== 
==61260== HEAP SUMMARY:
==61260==     in use at exit: 100 bytes in 1 blocks
==61260==   total heap usage: 2 allocs, 1 frees, 4,196 bytes allocated
==61260== 
==61260== LEAK SUMMARY:
==61260==    definitely lost: 100 bytes in 1 blocks
==61260==    indirectly lost: 0 bytes in 0 blocks
==61260==      possibly lost: 0 bytes in 0 blocks
==61260==    still reachable: 0 bytes in 0 blocks
==61260==         suppressed: 0 bytes in 0 blocks
==61260== Rerun with --leak-check=full to see details of leaked memory
==61260== 
==61260== For lists of detected and suppressed errors, rerun with: -s
==61260== ERROR SUMMARY: 0 errors from 0 contexts (suppressed: 0 from 0)
