==61531== Memcheck, a memory error detector
==61531== Copyright (C) 2002-2022, and GNU GPL'd, by Julian Seward et al.
==61531== Using Valgrind-3.22.0 and LibVEX; rerun with -h for copyright info
==61531== Command: /home/loris/Desktop/TestRepositories/Forked/juliet-test-suite-c/Automatic/results/20260703_1454/CWE401/valgrind/bin/CWE401/bad/CWE401_Memory_Leak__int64_t_realloc_12-bad
==61531== Parent PID: 61530
==61531== 
==61531== Invalid free() / delete / delete[] / realloc()
==61531==    at 0x484988F: free (in /usr/libexec/valgrind/vgpreload_memcheck-amd64-linux.so)
==61531==    by 0x109416: CWE401_Memory_Leak__int64_t_realloc_12_bad (in /home/loris/Desktop/TestRepositories/Forked/juliet-test-suite-c/Automatic/results/20260703_1454/CWE401/valgrind/bin/CWE401/bad/CWE401_Memory_Leak__int64_t_realloc_12-bad)
==61531==    by 0x10946A: main (in /home/loris/Desktop/TestRepositories/Forked/juliet-test-suite-c/Automatic/results/20260703_1454/CWE401/valgrind/bin/CWE401/bad/CWE401_Memory_Leak__int64_t_realloc_12-bad)
==61531==  Address 0x1ffefffb80 is on thread 1's stack
==61531==  in frame #1, created by CWE401_Memory_Leak__int64_t_realloc_12_bad (???:)
==61531== 
==61531== 
==61531== HEAP SUMMARY:
==61531==     in use at exit: 0 bytes in 0 blocks
==61531==   total heap usage: 1 allocs, 2 frees, 4,096 bytes allocated
==61531== 
==61531== All heap blocks were freed -- no leaks are possible
==61531== 
==61531== For lists of detected and suppressed errors, rerun with: -s
==61531== ERROR SUMMARY: 1 errors from 1 contexts (suppressed: 0 from 0)
