==61717== Memcheck, a memory error detector
==61717== Copyright (C) 2002-2022, and GNU GPL'd, by Julian Seward et al.
==61717== Using Valgrind-3.22.0 and LibVEX; rerun with -h for copyright info
==61717== Command: /home/loris/Desktop/TestRepositories/Forked/juliet-test-suite-c/Automatic/results/20260703_1454/CWE401/valgrind/bin/CWE401/bad/CWE401_Memory_Leak__int_malloc_52-bad
==61717== Parent PID: 61716
==61717== 
==61717== 
==61717== HEAP SUMMARY:
==61717==     in use at exit: 400 bytes in 1 blocks
==61717==   total heap usage: 2 allocs, 1 frees, 4,496 bytes allocated
==61717== 
==61717== LEAK SUMMARY:
==61717==    definitely lost: 400 bytes in 1 blocks
==61717==    indirectly lost: 0 bytes in 0 blocks
==61717==      possibly lost: 0 bytes in 0 blocks
==61717==    still reachable: 0 bytes in 0 blocks
==61717==         suppressed: 0 bytes in 0 blocks
==61717== Rerun with --leak-check=full to see details of leaked memory
==61717== 
==61717== For lists of detected and suppressed errors, rerun with: -s
==61717== ERROR SUMMARY: 0 errors from 0 contexts (suppressed: 0 from 0)
