==62163== Memcheck, a memory error detector
==62163== Copyright (C) 2002-2022, and GNU GPL'd, by Julian Seward et al.
==62163== Using Valgrind-3.22.0 and LibVEX; rerun with -h for copyright info
==62163== Command: /home/loris/Desktop/TestRepositories/Forked/juliet-test-suite-c/Automatic/results/20260703_1454/CWE401/valgrind/bin/CWE401/bad/CWE401_Memory_Leak__struct_twoIntsStruct_malloc_10-bad
==62163== Parent PID: 62162
==62163== 
==62163== 
==62163== HEAP SUMMARY:
==62163==     in use at exit: 800 bytes in 1 blocks
==62163==   total heap usage: 2 allocs, 1 frees, 4,896 bytes allocated
==62163== 
==62163== LEAK SUMMARY:
==62163==    definitely lost: 800 bytes in 1 blocks
==62163==    indirectly lost: 0 bytes in 0 blocks
==62163==      possibly lost: 0 bytes in 0 blocks
==62163==    still reachable: 0 bytes in 0 blocks
==62163==         suppressed: 0 bytes in 0 blocks
==62163== Rerun with --leak-check=full to see details of leaked memory
==62163== 
==62163== For lists of detected and suppressed errors, rerun with: -s
==62163== ERROR SUMMARY: 0 errors from 0 contexts (suppressed: 0 from 0)
