==62283== Memcheck, a memory error detector
==62283== Copyright (C) 2002-2022, and GNU GPL'd, by Julian Seward et al.
==62283== Using Valgrind-3.22.0 and LibVEX; rerun with -h for copyright info
==62283== Command: /home/loris/Desktop/TestRepositories/Forked/juliet-test-suite-c/Automatic/results/20260703_1454/CWE401/valgrind/bin/CWE401/bad/CWE401_Memory_Leak__struct_twoIntsStruct_realloc_61-bad
==62283== Parent PID: 62282
==62283== 
==62283== 
==62283== HEAP SUMMARY:
==62283==     in use at exit: 800 bytes in 1 blocks
==62283==   total heap usage: 2 allocs, 1 frees, 4,896 bytes allocated
==62283== 
==62283== LEAK SUMMARY:
==62283==    definitely lost: 800 bytes in 1 blocks
==62283==    indirectly lost: 0 bytes in 0 blocks
==62283==      possibly lost: 0 bytes in 0 blocks
==62283==    still reachable: 0 bytes in 0 blocks
==62283==         suppressed: 0 bytes in 0 blocks
==62283== Rerun with --leak-check=full to see details of leaked memory
==62283== 
==62283== For lists of detected and suppressed errors, rerun with: -s
==62283== ERROR SUMMARY: 0 errors from 0 contexts (suppressed: 0 from 0)
