==62021== Memcheck, a memory error detector
==62021== Copyright (C) 2002-2022, and GNU GPL'd, by Julian Seward et al.
==62021== Using Valgrind-3.22.0 and LibVEX; rerun with -h for copyright info
==62021== Command: /home/loris/Desktop/TestRepositories/Forked/juliet-test-suite-c/Automatic/results/20260703_1454/CWE401/valgrind/bin/CWE401/bad/CWE401_Memory_Leak__strdup_char_15-bad
==62021== Parent PID: 62020
==62021== 
==62021== 
==62021== HEAP SUMMARY:
==62021==     in use at exit: 9 bytes in 1 blocks
==62021==   total heap usage: 2 allocs, 1 frees, 4,105 bytes allocated
==62021== 
==62021== LEAK SUMMARY:
==62021==    definitely lost: 9 bytes in 1 blocks
==62021==    indirectly lost: 0 bytes in 0 blocks
==62021==      possibly lost: 0 bytes in 0 blocks
==62021==    still reachable: 0 bytes in 0 blocks
==62021==         suppressed: 0 bytes in 0 blocks
==62021== Rerun with --leak-check=full to see details of leaked memory
==62021== 
==62021== For lists of detected and suppressed errors, rerun with: -s
==62021== ERROR SUMMARY: 0 errors from 0 contexts (suppressed: 0 from 0)
