==62399== Memcheck, a memory error detector
==62399== Copyright (C) 2002-2022, and GNU GPL'd, by Julian Seward et al.
==62399== Using Valgrind-3.22.0 and LibVEX; rerun with -h for copyright info
==62399== Command: /home/loris/Desktop/TestRepositories/Forked/juliet-test-suite-c/Automatic/results/20260703_1454/CWE401/valgrind/bin/CWE401/bad/CWE401_Memory_Leak__twoIntsStruct_malloc_14-bad
==62399== Parent PID: 62398
==62399== 
==62399== 
==62399== HEAP SUMMARY:
==62399==     in use at exit: 800 bytes in 1 blocks
==62399==   total heap usage: 2 allocs, 1 frees, 4,896 bytes allocated
==62399== 
==62399== LEAK SUMMARY:
==62399==    definitely lost: 800 bytes in 1 blocks
==62399==    indirectly lost: 0 bytes in 0 blocks
==62399==      possibly lost: 0 bytes in 0 blocks
==62399==    still reachable: 0 bytes in 0 blocks
==62399==         suppressed: 0 bytes in 0 blocks
==62399== Rerun with --leak-check=full to see details of leaked memory
==62399== 
==62399== For lists of detected and suppressed errors, rerun with: -s
==62399== ERROR SUMMARY: 0 errors from 0 contexts (suppressed: 0 from 0)
