==61431== Memcheck, a memory error detector
==61431== Copyright (C) 2002-2022, and GNU GPL'd, by Julian Seward et al.
==61431== Using Valgrind-3.22.0 and LibVEX; rerun with -h for copyright info
==61431== Command: /home/loris/Desktop/TestRepositories/Forked/juliet-test-suite-c/Automatic/results/20260703_1454/CWE401/valgrind/bin/CWE401/bad/CWE401_Memory_Leak__int64_t_calloc_68-bad
==61431== Parent PID: 61430
==61431== 
==61431== 
==61431== HEAP SUMMARY:
==61431==     in use at exit: 800 bytes in 1 blocks
==61431==   total heap usage: 2 allocs, 1 frees, 4,896 bytes allocated
==61431== 
==61431== LEAK SUMMARY:
==61431==    definitely lost: 0 bytes in 0 blocks
==61431==    indirectly lost: 0 bytes in 0 blocks
==61431==      possibly lost: 0 bytes in 0 blocks
==61431==    still reachable: 800 bytes in 1 blocks
==61431==         suppressed: 0 bytes in 0 blocks
==61431== Rerun with --leak-check=full to see details of leaked memory
==61431== 
==61431== For lists of detected and suppressed errors, rerun with: -s
==61431== ERROR SUMMARY: 0 errors from 0 contexts (suppressed: 0 from 0)
