==62319== Memcheck, a memory error detector
==62319== Copyright (C) 2002-2022, and GNU GPL'd, by Julian Seward et al.
==62319== Using Valgrind-3.22.0 and LibVEX; rerun with -h for copyright info
==62319== Command: /home/loris/Desktop/TestRepositories/Forked/juliet-test-suite-c/Automatic/results/20260703_1454/CWE401/valgrind/bin/CWE401/bad/CWE401_Memory_Leak__twoIntsStruct_calloc_12-bad
==62319== Parent PID: 62318
==62319== 
==62319== Invalid free() / delete / delete[] / realloc()
==62319==    at 0x484988F: free (in /usr/libexec/valgrind/vgpreload_memcheck-amd64-linux.so)
==62319==    by 0x109422: CWE401_Memory_Leak__twoIntsStruct_calloc_12_bad (in /home/loris/Desktop/TestRepositories/Forked/juliet-test-suite-c/Automatic/results/20260703_1454/CWE401/valgrind/bin/CWE401/bad/CWE401_Memory_Leak__twoIntsStruct_calloc_12-bad)
==62319==    by 0x109476: main (in /home/loris/Desktop/TestRepositories/Forked/juliet-test-suite-c/Automatic/results/20260703_1454/CWE401/valgrind/bin/CWE401/bad/CWE401_Memory_Leak__twoIntsStruct_calloc_12-bad)
==62319==  Address 0x1ffefffb80 is on thread 1's stack
==62319==  in frame #1, created by CWE401_Memory_Leak__twoIntsStruct_calloc_12_bad (???:)
==62319== 
==62319== 
==62319== HEAP SUMMARY:
==62319==     in use at exit: 0 bytes in 0 blocks
==62319==   total heap usage: 1 allocs, 2 frees, 4,096 bytes allocated
==62319== 
==62319== All heap blocks were freed -- no leaks are possible
==62319== 
==62319== For lists of detected and suppressed errors, rerun with: -s
==62319== ERROR SUMMARY: 1 errors from 1 contexts (suppressed: 0 from 0)
