==61527== Memcheck, a memory error detector
==61527== Copyright (C) 2002-2022, and GNU GPL'd, by Julian Seward et al.
==61527== Using Valgrind-3.22.0 and LibVEX; rerun with -h for copyright info
==61527== Command: /home/loris/Desktop/TestRepositories/Forked/juliet-test-suite-c/Automatic/results/20260703_1454/CWE401/valgrind/bin/CWE401/bad/CWE401_Memory_Leak__int64_t_realloc_10-bad
==61527== Parent PID: 61526
==61527== 
==61527== 
==61527== HEAP SUMMARY:
==61527==     in use at exit: 800 bytes in 1 blocks
==61527==   total heap usage: 2 allocs, 1 frees, 4,896 bytes allocated
==61527== 
==61527== LEAK SUMMARY:
==61527==    definitely lost: 800 bytes in 1 blocks
==61527==    indirectly lost: 0 bytes in 0 blocks
==61527==      possibly lost: 0 bytes in 0 blocks
==61527==    still reachable: 0 bytes in 0 blocks
==61527==         suppressed: 0 bytes in 0 blocks
==61527== Rerun with --leak-check=full to see details of leaked memory
==61527== 
==61527== For lists of detected and suppressed errors, rerun with: -s
==61527== ERROR SUMMARY: 0 errors from 0 contexts (suppressed: 0 from 0)
