==61421== Memcheck, a memory error detector
==61421== Copyright (C) 2002-2022, and GNU GPL'd, by Julian Seward et al.
==61421== Using Valgrind-3.22.0 and LibVEX; rerun with -h for copyright info
==61421== Command: /home/loris/Desktop/TestRepositories/Forked/juliet-test-suite-c/Automatic/results/20260703_1454/CWE401/valgrind/bin/CWE401/bad/CWE401_Memory_Leak__int64_t_calloc_63-bad
==61421== Parent PID: 61420
==61421== 
==61421== 
==61421== HEAP SUMMARY:
==61421==     in use at exit: 800 bytes in 1 blocks
==61421==   total heap usage: 2 allocs, 1 frees, 4,896 bytes allocated
==61421== 
==61421== LEAK SUMMARY:
==61421==    definitely lost: 800 bytes in 1 blocks
==61421==    indirectly lost: 0 bytes in 0 blocks
==61421==      possibly lost: 0 bytes in 0 blocks
==61421==    still reachable: 0 bytes in 0 blocks
==61421==         suppressed: 0 bytes in 0 blocks
==61421== Rerun with --leak-check=full to see details of leaked memory
==61421== 
==61421== For lists of detected and suppressed errors, rerun with: -s
==61421== ERROR SUMMARY: 0 errors from 0 contexts (suppressed: 0 from 0)
