==61373== Memcheck, a memory error detector
==61373== Copyright (C) 2002-2022, and GNU GPL'd, by Julian Seward et al.
==61373== Using Valgrind-3.22.0 and LibVEX; rerun with -h for copyright info
==61373== Command: /home/loris/Desktop/TestRepositories/Forked/juliet-test-suite-c/Automatic/results/20260703_1454/CWE401/valgrind/bin/CWE401/bad/CWE401_Memory_Leak__int64_t_calloc_09-bad
==61373== Parent PID: 61372
==61373== 
==61373== 
==61373== HEAP SUMMARY:
==61373==     in use at exit: 800 bytes in 1 blocks
==61373==   total heap usage: 2 allocs, 1 frees, 4,896 bytes allocated
==61373== 
==61373== LEAK SUMMARY:
==61373==    definitely lost: 800 bytes in 1 blocks
==61373==    indirectly lost: 0 bytes in 0 blocks
==61373==      possibly lost: 0 bytes in 0 blocks
==61373==    still reachable: 0 bytes in 0 blocks
==61373==         suppressed: 0 bytes in 0 blocks
==61373== Rerun with --leak-check=full to see details of leaked memory
==61373== 
==61373== For lists of detected and suppressed errors, rerun with: -s
==61373== ERROR SUMMARY: 0 errors from 0 contexts (suppressed: 0 from 0)
