==61999== Memcheck, a memory error detector
==61999== Copyright (C) 2002-2022, and GNU GPL'd, by Julian Seward et al.
==61999== Using Valgrind-3.22.0 and LibVEX; rerun with -h for copyright info
==61999== Command: /home/loris/Desktop/TestRepositories/Forked/juliet-test-suite-c/Automatic/results/20260703_1454/CWE401/valgrind/bin/CWE401/bad/CWE401_Memory_Leak__strdup_char_04-bad
==61999== Parent PID: 61998
==61999== 
==61999== 
==61999== HEAP SUMMARY:
==61999==     in use at exit: 9 bytes in 1 blocks
==61999==   total heap usage: 2 allocs, 1 frees, 4,105 bytes allocated
==61999== 
==61999== LEAK SUMMARY:
==61999==    definitely lost: 9 bytes in 1 blocks
==61999==    indirectly lost: 0 bytes in 0 blocks
==61999==      possibly lost: 0 bytes in 0 blocks
==61999==    still reachable: 0 bytes in 0 blocks
==61999==         suppressed: 0 bytes in 0 blocks
==61999== Rerun with --leak-check=full to see details of leaked memory
==61999== 
==61999== For lists of detected and suppressed errors, rerun with: -s
==61999== ERROR SUMMARY: 0 errors from 0 contexts (suppressed: 0 from 0)
