==62369== Memcheck, a memory error detector
==62369== Copyright (C) 2002-2022, and GNU GPL'd, by Julian Seward et al.
==62369== Using Valgrind-3.22.0 and LibVEX; rerun with -h for copyright info
==62369== Command: /home/loris/Desktop/TestRepositories/Forked/juliet-test-suite-c/Automatic/results/20260703_1454/CWE401/valgrind/bin/CWE401/bad/CWE401_Memory_Leak__twoIntsStruct_calloc_67-bad
==62369== Parent PID: 62368
==62369== 
==62369== 
==62369== HEAP SUMMARY:
==62369==     in use at exit: 800 bytes in 1 blocks
==62369==   total heap usage: 2 allocs, 1 frees, 4,896 bytes allocated
==62369== 
==62369== LEAK SUMMARY:
==62369==    definitely lost: 800 bytes in 1 blocks
==62369==    indirectly lost: 0 bytes in 0 blocks
==62369==      possibly lost: 0 bytes in 0 blocks
==62369==    still reachable: 0 bytes in 0 blocks
==62369==         suppressed: 0 bytes in 0 blocks
==62369== Rerun with --leak-check=full to see details of leaked memory
==62369== 
==62369== For lists of detected and suppressed errors, rerun with: -s
==62369== ERROR SUMMARY: 0 errors from 0 contexts (suppressed: 0 from 0)
