==62287== Memcheck, a memory error detector
==62287== Copyright (C) 2002-2022, and GNU GPL'd, by Julian Seward et al.
==62287== Using Valgrind-3.22.0 and LibVEX; rerun with -h for copyright info
==62287== Command: /home/loris/Desktop/TestRepositories/Forked/juliet-test-suite-c/Automatic/results/20260703_1454/CWE401/valgrind/bin/CWE401/bad/CWE401_Memory_Leak__struct_twoIntsStruct_realloc_64-bad
==62287== Parent PID: 62286
==62287== 
==62287== 
==62287== HEAP SUMMARY:
==62287==     in use at exit: 800 bytes in 1 blocks
==62287==   total heap usage: 2 allocs, 1 frees, 4,896 bytes allocated
==62287== 
==62287== LEAK SUMMARY:
==62287==    definitely lost: 800 bytes in 1 blocks
==62287==    indirectly lost: 0 bytes in 0 blocks
==62287==      possibly lost: 0 bytes in 0 blocks
==62287==    still reachable: 0 bytes in 0 blocks
==62287==         suppressed: 0 bytes in 0 blocks
==62287== Rerun with --leak-check=full to see details of leaked memory
==62287== 
==62287== For lists of detected and suppressed errors, rerun with: -s
==62287== ERROR SUMMARY: 0 errors from 0 contexts (suppressed: 0 from 0)
