==61553== Memcheck, a memory error detector
==61553== Copyright (C) 2002-2022, and GNU GPL'd, by Julian Seward et al.
==61553== Using Valgrind-3.22.0 and LibVEX; rerun with -h for copyright info
==61553== Command: /home/loris/Desktop/TestRepositories/Forked/juliet-test-suite-c/Automatic/results/20260703_1454/CWE401/valgrind/bin/CWE401/bad/CWE401_Memory_Leak__int64_t_realloc_34-bad
==61553== Parent PID: 61552
==61553== 
==61553== 
==61553== HEAP SUMMARY:
==61553==     in use at exit: 800 bytes in 1 blocks
==61553==   total heap usage: 2 allocs, 1 frees, 4,896 bytes allocated
==61553== 
==61553== LEAK SUMMARY:
==61553==    definitely lost: 800 bytes in 1 blocks
==61553==    indirectly lost: 0 bytes in 0 blocks
==61553==      possibly lost: 0 bytes in 0 blocks
==61553==    still reachable: 0 bytes in 0 blocks
==61553==         suppressed: 0 bytes in 0 blocks
==61553== Rerun with --leak-check=full to see details of leaked memory
==61553== 
==61553== For lists of detected and suppressed errors, rerun with: -s
==61553== ERROR SUMMARY: 0 errors from 0 contexts (suppressed: 0 from 0)
