==62299== Memcheck, a memory error detector
==62299== Copyright (C) 2002-2022, and GNU GPL'd, by Julian Seward et al.
==62299== Using Valgrind-3.22.0 and LibVEX; rerun with -h for copyright info
==62299== Command: /home/loris/Desktop/TestRepositories/Forked/juliet-test-suite-c/Automatic/results/20260703_1454/CWE401/valgrind/bin/CWE401/bad/CWE401_Memory_Leak__twoIntsStruct_calloc_02-bad
==62299== Parent PID: 62298
==62299== 
==62299== 
==62299== HEAP SUMMARY:
==62299==     in use at exit: 800 bytes in 1 blocks
==62299==   total heap usage: 2 allocs, 1 frees, 4,896 bytes allocated
==62299== 
==62299== LEAK SUMMARY:
==62299==    definitely lost: 800 bytes in 1 blocks
==62299==    indirectly lost: 0 bytes in 0 blocks
==62299==      possibly lost: 0 bytes in 0 blocks
==62299==    still reachable: 0 bytes in 0 blocks
==62299==         suppressed: 0 bytes in 0 blocks
==62299== Rerun with --leak-check=full to see details of leaked memory
==62299== 
==62299== For lists of detected and suppressed errors, rerun with: -s
==62299== ERROR SUMMARY: 0 errors from 0 contexts (suppressed: 0 from 0)
