==62081== Memcheck, a memory error detector
==62081== Copyright (C) 2002-2022, and GNU GPL'd, by Julian Seward et al.
==62081== Using Valgrind-3.22.0 and LibVEX; rerun with -h for copyright info
==62081== Command: /home/loris/Desktop/TestRepositories/Forked/juliet-test-suite-c/Automatic/results/20260703_1454/CWE401/valgrind/bin/CWE401/bad/CWE401_Memory_Leak__struct_twoIntsStruct_calloc_07-bad
==62081== Parent PID: 62080
==62081== 
==62081== 
==62081== HEAP SUMMARY:
==62081==     in use at exit: 800 bytes in 1 blocks
==62081==   total heap usage: 2 allocs, 1 frees, 4,896 bytes allocated
==62081== 
==62081== LEAK SUMMARY:
==62081==    definitely lost: 800 bytes in 1 blocks
==62081==    indirectly lost: 0 bytes in 0 blocks
==62081==      possibly lost: 0 bytes in 0 blocks
==62081==    still reachable: 0 bytes in 0 blocks
==62081==         suppressed: 0 bytes in 0 blocks
==62081== Rerun with --leak-check=full to see details of leaked memory
==62081== 
==62081== For lists of detected and suppressed errors, rerun with: -s
==62081== ERROR SUMMARY: 0 errors from 0 contexts (suppressed: 0 from 0)
