==62115== Memcheck, a memory error detector
==62115== Copyright (C) 2002-2022, and GNU GPL'd, by Julian Seward et al.
==62115== Using Valgrind-3.22.0 and LibVEX; rerun with -h for copyright info
==62115== Command: /home/loris/Desktop/TestRepositories/Forked/juliet-test-suite-c/Automatic/results/20260703_1454/CWE401/valgrind/bin/CWE401/bad/CWE401_Memory_Leak__struct_twoIntsStruct_calloc_41-bad
==62115== Parent PID: 62114
==62115== 
==62115== 
==62115== HEAP SUMMARY:
==62115==     in use at exit: 800 bytes in 1 blocks
==62115==   total heap usage: 2 allocs, 1 frees, 4,896 bytes allocated
==62115== 
==62115== LEAK SUMMARY:
==62115==    definitely lost: 800 bytes in 1 blocks
==62115==    indirectly lost: 0 bytes in 0 blocks
==62115==      possibly lost: 0 bytes in 0 blocks
==62115==    still reachable: 0 bytes in 0 blocks
==62115==         suppressed: 0 bytes in 0 blocks
==62115== Rerun with --leak-check=full to see details of leaked memory
==62115== 
==62115== For lists of detected and suppressed errors, rerun with: -s
==62115== ERROR SUMMARY: 0 errors from 0 contexts (suppressed: 0 from 0)
