==62417== Memcheck, a memory error detector
==62417== Copyright (C) 2002-2022, and GNU GPL'd, by Julian Seward et al.
==62417== Using Valgrind-3.22.0 and LibVEX; rerun with -h for copyright info
==62417== Command: /home/loris/Desktop/TestRepositories/Forked/juliet-test-suite-c/Automatic/results/20260703_1454/CWE401/valgrind/bin/CWE401/bad/CWE401_Memory_Leak__twoIntsStruct_malloc_34-bad
==62417== Parent PID: 62416
==62417== 
==62417== 
==62417== HEAP SUMMARY:
==62417==     in use at exit: 800 bytes in 1 blocks
==62417==   total heap usage: 2 allocs, 1 frees, 4,896 bytes allocated
==62417== 
==62417== LEAK SUMMARY:
==62417==    definitely lost: 800 bytes in 1 blocks
==62417==    indirectly lost: 0 bytes in 0 blocks
==62417==      possibly lost: 0 bytes in 0 blocks
==62417==    still reachable: 0 bytes in 0 blocks
==62417==         suppressed: 0 bytes in 0 blocks
==62417== Rerun with --leak-check=full to see details of leaked memory
==62417== 
==62417== For lists of detected and suppressed errors, rerun with: -s
==62417== ERROR SUMMARY: 0 errors from 0 contexts (suppressed: 0 from 0)
