==61507== Memcheck, a memory error detector
==61507== Copyright (C) 2002-2022, and GNU GPL'd, by Julian Seward et al.
==61507== Using Valgrind-3.22.0 and LibVEX; rerun with -h for copyright info
==61507== Command: /home/loris/Desktop/TestRepositories/Forked/juliet-test-suite-c/Automatic/results/20260703_1454/CWE401/valgrind/bin/CWE401/bad/CWE401_Memory_Leak__int64_t_malloc_68-bad
==61507== Parent PID: 61506
==61507== 
==61507== 
==61507== HEAP SUMMARY:
==61507==     in use at exit: 800 bytes in 1 blocks
==61507==   total heap usage: 2 allocs, 1 frees, 4,896 bytes allocated
==61507== 
==61507== LEAK SUMMARY:
==61507==    definitely lost: 0 bytes in 0 blocks
==61507==    indirectly lost: 0 bytes in 0 blocks
==61507==      possibly lost: 0 bytes in 0 blocks
==61507==    still reachable: 800 bytes in 1 blocks
==61507==         suppressed: 0 bytes in 0 blocks
==61507== Rerun with --leak-check=full to see details of leaked memory
==61507== 
==61507== For lists of detected and suppressed errors, rerun with: -s
==61507== ERROR SUMMARY: 0 errors from 0 contexts (suppressed: 0 from 0)
