==61711== Memcheck, a memory error detector
==61711== Copyright (C) 2002-2022, and GNU GPL'd, by Julian Seward et al.
==61711== Using Valgrind-3.22.0 and LibVEX; rerun with -h for copyright info
==61711== Command: /home/loris/Desktop/TestRepositories/Forked/juliet-test-suite-c/Automatic/results/20260703_1454/CWE401/valgrind/bin/CWE401/bad/CWE401_Memory_Leak__int_malloc_44-bad
==61711== Parent PID: 61710
==61711== 
==61711== 
==61711== HEAP SUMMARY:
==61711==     in use at exit: 400 bytes in 1 blocks
==61711==   total heap usage: 2 allocs, 1 frees, 4,496 bytes allocated
==61711== 
==61711== LEAK SUMMARY:
==61711==    definitely lost: 400 bytes in 1 blocks
==61711==    indirectly lost: 0 bytes in 0 blocks
==61711==      possibly lost: 0 bytes in 0 blocks
==61711==    still reachable: 0 bytes in 0 blocks
==61711==         suppressed: 0 bytes in 0 blocks
==61711== Rerun with --leak-check=full to see details of leaked memory
==61711== 
==61711== For lists of detected and suppressed errors, rerun with: -s
==61711== ERROR SUMMARY: 0 errors from 0 contexts (suppressed: 0 from 0)
