==62201== Memcheck, a memory error detector
==62201== Copyright (C) 2002-2022, and GNU GPL'd, by Julian Seward et al.
==62201== Using Valgrind-3.22.0 and LibVEX; rerun with -h for copyright info
==62201== Command: /home/loris/Desktop/TestRepositories/Forked/juliet-test-suite-c/Automatic/results/20260703_1454/CWE401/valgrind/bin/CWE401/bad/CWE401_Memory_Leak__struct_twoIntsStruct_malloc_52-bad
==62201== Parent PID: 62200
==62201== 
==62201== 
==62201== HEAP SUMMARY:
==62201==     in use at exit: 800 bytes in 1 blocks
==62201==   total heap usage: 2 allocs, 1 frees, 4,896 bytes allocated
==62201== 
==62201== LEAK SUMMARY:
==62201==    definitely lost: 800 bytes in 1 blocks
==62201==    indirectly lost: 0 bytes in 0 blocks
==62201==      possibly lost: 0 bytes in 0 blocks
==62201==    still reachable: 0 bytes in 0 blocks
==62201==         suppressed: 0 bytes in 0 blocks
==62201== Rerun with --leak-check=full to see details of leaked memory
==62201== 
==62201== For lists of detected and suppressed errors, rerun with: -s
==62201== ERROR SUMMARY: 0 errors from 0 contexts (suppressed: 0 from 0)
