==61767== Memcheck, a memory error detector
==61767== Copyright (C) 2002-2022, and GNU GPL'd, by Julian Seward et al.
==61767== Using Valgrind-3.22.0 and LibVEX; rerun with -h for copyright info
==61767== Command: /home/loris/Desktop/TestRepositories/Forked/juliet-test-suite-c/Automatic/results/20260703_1454/CWE401/valgrind/bin/CWE401/bad/CWE401_Memory_Leak__int_realloc_16-bad
==61767== Parent PID: 61766
==61767== 
==61767== 
==61767== HEAP SUMMARY:
==61767==     in use at exit: 400 bytes in 1 blocks
==61767==   total heap usage: 2 allocs, 1 frees, 4,496 bytes allocated
==61767== 
==61767== LEAK SUMMARY:
==61767==    definitely lost: 400 bytes in 1 blocks
==61767==    indirectly lost: 0 bytes in 0 blocks
==61767==      possibly lost: 0 bytes in 0 blocks
==61767==    still reachable: 0 bytes in 0 blocks
==61767==         suppressed: 0 bytes in 0 blocks
==61767== Rerun with --leak-check=full to see details of leaked memory
==61767== 
==61767== For lists of detected and suppressed errors, rerun with: -s
==61767== ERROR SUMMARY: 0 errors from 0 contexts (suppressed: 0 from 0)
