==62237== Memcheck, a memory error detector
==62237== Copyright (C) 2002-2022, and GNU GPL'd, by Julian Seward et al.
==62237== Using Valgrind-3.22.0 and LibVEX; rerun with -h for copyright info
==62237== Command: /home/loris/Desktop/TestRepositories/Forked/juliet-test-suite-c/Automatic/results/20260703_1454/CWE401/valgrind/bin/CWE401/bad/CWE401_Memory_Leak__struct_twoIntsStruct_realloc_09-bad
==62237== Parent PID: 62236
==62237== 
==62237== 
==62237== HEAP SUMMARY:
==62237==     in use at exit: 800 bytes in 1 blocks
==62237==   total heap usage: 2 allocs, 1 frees, 4,896 bytes allocated
==62237== 
==62237== LEAK SUMMARY:
==62237==    definitely lost: 800 bytes in 1 blocks
==62237==    indirectly lost: 0 bytes in 0 blocks
==62237==      possibly lost: 0 bytes in 0 blocks
==62237==    still reachable: 0 bytes in 0 blocks
==62237==         suppressed: 0 bytes in 0 blocks
==62237== Rerun with --leak-check=full to see details of leaked memory
==62237== 
==62237== For lists of detected and suppressed errors, rerun with: -s
==62237== ERROR SUMMARY: 0 errors from 0 contexts (suppressed: 0 from 0)
