==62435== Memcheck, a memory error detector
==62435== Copyright (C) 2002-2022, and GNU GPL'd, by Julian Seward et al.
==62435== Using Valgrind-3.22.0 and LibVEX; rerun with -h for copyright info
==62435== Command: /home/loris/Desktop/TestRepositories/Forked/juliet-test-suite-c/Automatic/results/20260703_1454/CWE401/valgrind/bin/CWE401/bad/CWE401_Memory_Leak__twoIntsStruct_malloc_61-bad
==62435== Parent PID: 62434
==62435== 
==62435== 
==62435== HEAP SUMMARY:
==62435==     in use at exit: 800 bytes in 1 blocks
==62435==   total heap usage: 2 allocs, 1 frees, 4,896 bytes allocated
==62435== 
==62435== LEAK SUMMARY:
==62435==    definitely lost: 800 bytes in 1 blocks
==62435==    indirectly lost: 0 bytes in 0 blocks
==62435==      possibly lost: 0 bytes in 0 blocks
==62435==    still reachable: 0 bytes in 0 blocks
==62435==         suppressed: 0 bytes in 0 blocks
==62435== Rerun with --leak-check=full to see details of leaked memory
==62435== 
==62435== For lists of detected and suppressed errors, rerun with: -s
==62435== ERROR SUMMARY: 0 errors from 0 contexts (suppressed: 0 from 0)
