==62077== Memcheck, a memory error detector
==62077== Copyright (C) 2002-2022, and GNU GPL'd, by Julian Seward et al.
==62077== Using Valgrind-3.22.0 and LibVEX; rerun with -h for copyright info
==62077== Command: /home/loris/Desktop/TestRepositories/Forked/juliet-test-suite-c/Automatic/results/20260703_1454/CWE401/valgrind/bin/CWE401/bad/CWE401_Memory_Leak__struct_twoIntsStruct_calloc_05-bad
==62077== Parent PID: 62076
==62077== 
==62077== 
==62077== HEAP SUMMARY:
==62077==     in use at exit: 800 bytes in 1 blocks
==62077==   total heap usage: 2 allocs, 1 frees, 4,896 bytes allocated
==62077== 
==62077== LEAK SUMMARY:
==62077==    definitely lost: 800 bytes in 1 blocks
==62077==    indirectly lost: 0 bytes in 0 blocks
==62077==      possibly lost: 0 bytes in 0 blocks
==62077==    still reachable: 0 bytes in 0 blocks
==62077==         suppressed: 0 bytes in 0 blocks
==62077== Rerun with --leak-check=full to see details of leaked memory
==62077== 
==62077== For lists of detected and suppressed errors, rerun with: -s
==62077== ERROR SUMMARY: 0 errors from 0 contexts (suppressed: 0 from 0)
