==62343== Memcheck, a memory error detector
==62343== Copyright (C) 2002-2022, and GNU GPL'd, by Julian Seward et al.
==62343== Using Valgrind-3.22.0 and LibVEX; rerun with -h for copyright info
==62343== Command: /home/loris/Desktop/TestRepositories/Forked/juliet-test-suite-c/Automatic/results/20260703_1454/CWE401/valgrind/bin/CWE401/bad/CWE401_Memory_Leak__twoIntsStruct_calloc_41-bad
==62343== Parent PID: 62342
==62343== 
==62343== 
==62343== HEAP SUMMARY:
==62343==     in use at exit: 800 bytes in 1 blocks
==62343==   total heap usage: 2 allocs, 1 frees, 4,896 bytes allocated
==62343== 
==62343== LEAK SUMMARY:
==62343==    definitely lost: 800 bytes in 1 blocks
==62343==    indirectly lost: 0 bytes in 0 blocks
==62343==      possibly lost: 0 bytes in 0 blocks
==62343==    still reachable: 0 bytes in 0 blocks
==62343==         suppressed: 0 bytes in 0 blocks
==62343== Rerun with --leak-check=full to see details of leaked memory
==62343== 
==62343== For lists of detected and suppressed errors, rerun with: -s
==62343== ERROR SUMMARY: 0 errors from 0 contexts (suppressed: 0 from 0)
