==61579== Memcheck, a memory error detector
==61579== Copyright (C) 2002-2022, and GNU GPL'd, by Julian Seward et al.
==61579== Using Valgrind-3.22.0 and LibVEX; rerun with -h for copyright info
==61579== Command: /home/loris/Desktop/TestRepositories/Forked/juliet-test-suite-c/Automatic/results/20260703_1454/CWE401/valgrind/bin/CWE401/bad/CWE401_Memory_Leak__int64_t_realloc_66-bad
==61579== Parent PID: 61578
==61579== 
==61579== 
==61579== HEAP SUMMARY:
==61579==     in use at exit: 800 bytes in 1 blocks
==61579==   total heap usage: 2 allocs, 1 frees, 4,896 bytes allocated
==61579== 
==61579== LEAK SUMMARY:
==61579==    definitely lost: 800 bytes in 1 blocks
==61579==    indirectly lost: 0 bytes in 0 blocks
==61579==      possibly lost: 0 bytes in 0 blocks
==61579==    still reachable: 0 bytes in 0 blocks
==61579==         suppressed: 0 bytes in 0 blocks
==61579== Rerun with --leak-check=full to see details of leaked memory
==61579== 
==61579== For lists of detected and suppressed errors, rerun with: -s
==61579== ERROR SUMMARY: 0 errors from 0 contexts (suppressed: 0 from 0)
