==61663== Memcheck, a memory error detector
==61663== Copyright (C) 2002-2022, and GNU GPL'd, by Julian Seward et al.
==61663== Using Valgrind-3.22.0 and LibVEX; rerun with -h for copyright info
==61663== Command: /home/loris/Desktop/TestRepositories/Forked/juliet-test-suite-c/Automatic/results/20260703_1454/CWE401/valgrind/bin/CWE401/bad/CWE401_Memory_Leak__int_malloc_02-bad
==61663== Parent PID: 61662
==61663== 
==61663== 
==61663== HEAP SUMMARY:
==61663==     in use at exit: 400 bytes in 1 blocks
==61663==   total heap usage: 2 allocs, 1 frees, 4,496 bytes allocated
==61663== 
==61663== LEAK SUMMARY:
==61663==    definitely lost: 400 bytes in 1 blocks
==61663==    indirectly lost: 0 bytes in 0 blocks
==61663==      possibly lost: 0 bytes in 0 blocks
==61663==    still reachable: 0 bytes in 0 blocks
==61663==         suppressed: 0 bytes in 0 blocks
==61663== Rerun with --leak-check=full to see details of leaked memory
==61663== 
==61663== For lists of detected and suppressed errors, rerun with: -s
==61663== ERROR SUMMARY: 0 errors from 0 contexts (suppressed: 0 from 0)
