==61745== Memcheck, a memory error detector
==61745== Copyright (C) 2002-2022, and GNU GPL'd, by Julian Seward et al.
==61745== Using Valgrind-3.22.0 and LibVEX; rerun with -h for copyright info
==61745== Command: /home/loris/Desktop/TestRepositories/Forked/juliet-test-suite-c/Automatic/results/20260703_1454/CWE401/valgrind/bin/CWE401/bad/CWE401_Memory_Leak__int_realloc_05-bad
==61745== Parent PID: 61744
==61745== 
==61745== 
==61745== HEAP SUMMARY:
==61745==     in use at exit: 400 bytes in 1 blocks
==61745==   total heap usage: 2 allocs, 1 frees, 4,496 bytes allocated
==61745== 
==61745== LEAK SUMMARY:
==61745==    definitely lost: 400 bytes in 1 blocks
==61745==    indirectly lost: 0 bytes in 0 blocks
==61745==      possibly lost: 0 bytes in 0 blocks
==61745==    still reachable: 0 bytes in 0 blocks
==61745==         suppressed: 0 bytes in 0 blocks
==61745== Rerun with --leak-check=full to see details of leaked memory
==61745== 
==61745== For lists of detected and suppressed errors, rerun with: -s
==61745== ERROR SUMMARY: 0 errors from 0 contexts (suppressed: 0 from 0)
