==61175== Memcheck, a memory error detector
==61175== Copyright (C) 2002-2022, and GNU GPL'd, by Julian Seward et al.
==61175== Using Valgrind-3.22.0 and LibVEX; rerun with -h for copyright info
==61175== Command: /home/loris/Desktop/TestRepositories/Forked/juliet-test-suite-c/Automatic/results/20260703_1454/CWE401/valgrind/bin/CWE401/bad/CWE401_Memory_Leak__char_calloc_42-bad
==61175== Parent PID: 61174
==61175== 
==61175== 
==61175== HEAP SUMMARY:
==61175==     in use at exit: 100 bytes in 1 blocks
==61175==   total heap usage: 2 allocs, 1 frees, 4,196 bytes allocated
==61175== 
==61175== LEAK SUMMARY:
==61175==    definitely lost: 100 bytes in 1 blocks
==61175==    indirectly lost: 0 bytes in 0 blocks
==61175==      possibly lost: 0 bytes in 0 blocks
==61175==    still reachable: 0 bytes in 0 blocks
==61175==         suppressed: 0 bytes in 0 blocks
==61175== Rerun with --leak-check=full to see details of leaked memory
==61175== 
==61175== For lists of detected and suppressed errors, rerun with: -s
==61175== ERROR SUMMARY: 0 errors from 0 contexts (suppressed: 0 from 0)
