==62067== Memcheck, a memory error detector
==62067== Copyright (C) 2002-2022, and GNU GPL'd, by Julian Seward et al.
==62067== Using Valgrind-3.22.0 and LibVEX; rerun with -h for copyright info
==62067== Command: /home/loris/Desktop/TestRepositories/Forked/juliet-test-suite-c/Automatic/results/20260703_1454/CWE401/valgrind/bin/CWE401/bad/CWE401_Memory_Leak__strdup_char_68-bad
==62067== Parent PID: 62066
==62067== 
==62067== 
==62067== HEAP SUMMARY:
==62067==     in use at exit: 9 bytes in 1 blocks
==62067==   total heap usage: 2 allocs, 1 frees, 4,105 bytes allocated
==62067== 
==62067== LEAK SUMMARY:
==62067==    definitely lost: 0 bytes in 0 blocks
==62067==    indirectly lost: 0 bytes in 0 blocks
==62067==      possibly lost: 0 bytes in 0 blocks
==62067==    still reachable: 9 bytes in 1 blocks
==62067==         suppressed: 0 bytes in 0 blocks
==62067== Rerun with --leak-check=full to see details of leaked memory
==62067== 
==62067== For lists of detected and suppressed errors, rerun with: -s
==62067== ERROR SUMMARY: 0 errors from 0 contexts (suppressed: 0 from 0)
