==61163== Memcheck, a memory error detector
==61163== Copyright (C) 2002-2022, and GNU GPL'd, by Julian Seward et al.
==61163== Using Valgrind-3.22.0 and LibVEX; rerun with -h for copyright info
==61163== Command: /home/loris/Desktop/TestRepositories/Forked/juliet-test-suite-c/Automatic/results/20260703_1454/CWE401/valgrind/bin/CWE401/bad/CWE401_Memory_Leak__char_calloc_21-bad
==61163== Parent PID: 61162
==61163== 
==61163== 
==61163== HEAP SUMMARY:
==61163==     in use at exit: 100 bytes in 1 blocks
==61163==   total heap usage: 2 allocs, 1 frees, 4,196 bytes allocated
==61163== 
==61163== LEAK SUMMARY:
==61163==    definitely lost: 100 bytes in 1 blocks
==61163==    indirectly lost: 0 bytes in 0 blocks
==61163==      possibly lost: 0 bytes in 0 blocks
==61163==    still reachable: 0 bytes in 0 blocks
==61163==         suppressed: 0 bytes in 0 blocks
==61163== Rerun with --leak-check=full to see details of leaked memory
==61163== 
==61163== For lists of detected and suppressed errors, rerun with: -s
==61163== ERROR SUMMARY: 0 errors from 0 contexts (suppressed: 0 from 0)
