==61697== Memcheck, a memory error detector
==61697== Copyright (C) 2002-2022, and GNU GPL'd, by Julian Seward et al.
==61697== Using Valgrind-3.22.0 and LibVEX; rerun with -h for copyright info
==61697== Command: /home/loris/Desktop/TestRepositories/Forked/juliet-test-suite-c/Automatic/results/20260703_1454/CWE401/valgrind/bin/CWE401/bad/CWE401_Memory_Leak__int_malloc_21-bad
==61697== Parent PID: 61696
==61697== 
==61697== 
==61697== HEAP SUMMARY:
==61697==     in use at exit: 400 bytes in 1 blocks
==61697==   total heap usage: 2 allocs, 1 frees, 4,496 bytes allocated
==61697== 
==61697== LEAK SUMMARY:
==61697==    definitely lost: 400 bytes in 1 blocks
==61697==    indirectly lost: 0 bytes in 0 blocks
==61697==      possibly lost: 0 bytes in 0 blocks
==61697==    still reachable: 0 bytes in 0 blocks
==61697==         suppressed: 0 bytes in 0 blocks
==61697== Rerun with --leak-check=full to see details of leaked memory
==61697== 
==61697== For lists of detected and suppressed errors, rerun with: -s
==61697== ERROR SUMMARY: 0 errors from 0 contexts (suppressed: 0 from 0)
