==61305== Memcheck, a memory error detector
==61305== Copyright (C) 2002-2022, and GNU GPL'd, by Julian Seward et al.
==61305== Using Valgrind-3.22.0 and LibVEX; rerun with -h for copyright info
==61305== Command: /home/loris/Desktop/TestRepositories/Forked/juliet-test-suite-c/Automatic/results/20260703_1454/CWE401/valgrind/bin/CWE401/bad/CWE401_Memory_Leak__char_realloc_13-bad
==61305== Parent PID: 61304
==61305== 
==61305== 
==61305== HEAP SUMMARY:
==61305==     in use at exit: 100 bytes in 1 blocks
==61305==   total heap usage: 2 allocs, 1 frees, 4,196 bytes allocated
==61305== 
==61305== LEAK SUMMARY:
==61305==    definitely lost: 100 bytes in 1 blocks
==61305==    indirectly lost: 0 bytes in 0 blocks
==61305==      possibly lost: 0 bytes in 0 blocks
==61305==    still reachable: 0 bytes in 0 blocks
==61305==         suppressed: 0 bytes in 0 blocks
==61305== Rerun with --leak-check=full to see details of leaked memory
==61305== 
==61305== For lists of detected and suppressed errors, rerun with: -s
==61305== ERROR SUMMARY: 0 errors from 0 contexts (suppressed: 0 from 0)
