==62035== Memcheck, a memory error detector
==62035== Copyright (C) 2002-2022, and GNU GPL'd, by Julian Seward et al.
==62035== Using Valgrind-3.22.0 and LibVEX; rerun with -h for copyright info
==62035== Command: /home/loris/Desktop/TestRepositories/Forked/juliet-test-suite-c/Automatic/results/20260703_1454/CWE401/valgrind/bin/CWE401/bad/CWE401_Memory_Leak__strdup_char_32-bad
==62035== Parent PID: 62034
==62035== 
==62035== 
==62035== HEAP SUMMARY:
==62035==     in use at exit: 9 bytes in 1 blocks
==62035==   total heap usage: 2 allocs, 1 frees, 4,105 bytes allocated
==62035== 
==62035== LEAK SUMMARY:
==62035==    definitely lost: 9 bytes in 1 blocks
==62035==    indirectly lost: 0 bytes in 0 blocks
==62035==      possibly lost: 0 bytes in 0 blocks
==62035==    still reachable: 0 bytes in 0 blocks
==62035==         suppressed: 0 bytes in 0 blocks
==62035== Rerun with --leak-check=full to see details of leaked memory
==62035== 
==62035== For lists of detected and suppressed errors, rerun with: -s
==62035== ERROR SUMMARY: 0 errors from 0 contexts (suppressed: 0 from 0)
