==61252== Memcheck, a memory error detector
==61252== Copyright (C) 2002-2022, and GNU GPL'd, by Julian Seward et al.
==61252== Using Valgrind-3.22.0 and LibVEX; rerun with -h for copyright info
==61252== Command: /home/loris/Desktop/TestRepositories/Forked/juliet-test-suite-c/Automatic/results/20260703_1454/CWE401/valgrind/bin/CWE401/bad/CWE401_Memory_Leak__char_malloc_42-bad
==61252== Parent PID: 61251
==61252== 
==61252== 
==61252== HEAP SUMMARY:
==61252==     in use at exit: 100 bytes in 1 blocks
==61252==   total heap usage: 2 allocs, 1 frees, 4,196 bytes allocated
==61252== 
==61252== LEAK SUMMARY:
==61252==    definitely lost: 100 bytes in 1 blocks
==61252==    indirectly lost: 0 bytes in 0 blocks
==61252==      possibly lost: 0 bytes in 0 blocks
==61252==    still reachable: 0 bytes in 0 blocks
==61252==         suppressed: 0 bytes in 0 blocks
==61252== Rerun with --leak-check=full to see details of leaked memory
==61252== 
==61252== For lists of detected and suppressed errors, rerun with: -s
==61252== ERROR SUMMARY: 0 errors from 0 contexts (suppressed: 0 from 0)
