==61298== Memcheck, a memory error detector
==61298== Copyright (C) 2002-2022, and GNU GPL'd, by Julian Seward et al.
==61298== Using Valgrind-3.22.0 and LibVEX; rerun with -h for copyright info
==61298== Command: /home/loris/Desktop/TestRepositories/Forked/juliet-test-suite-c/Automatic/results/20260703_1454/CWE401/valgrind/bin/CWE401/bad/CWE401_Memory_Leak__char_realloc_10-bad
==61298== Parent PID: 61297
==61298== 
==61298== 
==61298== HEAP SUMMARY:
==61298==     in use at exit: 100 bytes in 1 blocks
==61298==   total heap usage: 2 allocs, 1 frees, 4,196 bytes allocated
==61298== 
==61298== LEAK SUMMARY:
==61298==    definitely lost: 100 bytes in 1 blocks
==61298==    indirectly lost: 0 bytes in 0 blocks
==61298==      possibly lost: 0 bytes in 0 blocks
==61298==    still reachable: 0 bytes in 0 blocks
==61298==         suppressed: 0 bytes in 0 blocks
==61298== Rerun with --leak-check=full to see details of leaked memory
==61298== 
==61298== For lists of detected and suppressed errors, rerun with: -s
==61298== ERROR SUMMARY: 0 errors from 0 contexts (suppressed: 0 from 0)
