==62199== Memcheck, a memory error detector
==62199== Copyright (C) 2002-2022, and GNU GPL'd, by Julian Seward et al.
==62199== Using Valgrind-3.22.0 and LibVEX; rerun with -h for copyright info
==62199== Command: /home/loris/Desktop/TestRepositories/Forked/juliet-test-suite-c/Automatic/results/20260703_1454/CWE401/valgrind/bin/CWE401/bad/CWE401_Memory_Leak__struct_twoIntsStruct_malloc_51-bad
==62199== Parent PID: 62198
==62199== 
==62199== 
==62199== HEAP SUMMARY:
==62199==     in use at exit: 800 bytes in 1 blocks
==62199==   total heap usage: 2 allocs, 1 frees, 4,896 bytes allocated
==62199== 
==62199== LEAK SUMMARY:
==62199==    definitely lost: 800 bytes in 1 blocks
==62199==    indirectly lost: 0 bytes in 0 blocks
==62199==      possibly lost: 0 bytes in 0 blocks
==62199==    still reachable: 0 bytes in 0 blocks
==62199==         suppressed: 0 bytes in 0 blocks
==62199== Rerun with --leak-check=full to see details of leaked memory
==62199== 
==62199== For lists of detected and suppressed errors, rerun with: -s
==62199== ERROR SUMMARY: 0 errors from 0 contexts (suppressed: 0 from 0)
