==62195== Memcheck, a memory error detector
==62195== Copyright (C) 2002-2022, and GNU GPL'd, by Julian Seward et al.
==62195== Using Valgrind-3.22.0 and LibVEX; rerun with -h for copyright info
==62195== Command: /home/loris/Desktop/TestRepositories/Forked/juliet-test-suite-c/Automatic/results/20260703_1454/CWE401/valgrind/bin/CWE401/bad/CWE401_Memory_Leak__struct_twoIntsStruct_malloc_44-bad
==62195== Parent PID: 62194
==62195== 
==62195== 
==62195== HEAP SUMMARY:
==62195==     in use at exit: 800 bytes in 1 blocks
==62195==   total heap usage: 2 allocs, 1 frees, 4,896 bytes allocated
==62195== 
==62195== LEAK SUMMARY:
==62195==    definitely lost: 800 bytes in 1 blocks
==62195==    indirectly lost: 0 bytes in 0 blocks
==62195==      possibly lost: 0 bytes in 0 blocks
==62195==    still reachable: 0 bytes in 0 blocks
==62195==         suppressed: 0 bytes in 0 blocks
==62195== Rerun with --leak-check=full to see details of leaked memory
==62195== 
==62195== For lists of detected and suppressed errors, rerun with: -s
==62195== ERROR SUMMARY: 0 errors from 0 contexts (suppressed: 0 from 0)
