==62429== Memcheck, a memory error detector
==62429== Copyright (C) 2002-2022, and GNU GPL'd, by Julian Seward et al.
==62429== Using Valgrind-3.22.0 and LibVEX; rerun with -h for copyright info
==62429== Command: /home/loris/Desktop/TestRepositories/Forked/juliet-test-suite-c/Automatic/results/20260703_1454/CWE401/valgrind/bin/CWE401/bad/CWE401_Memory_Leak__twoIntsStruct_malloc_52-bad
==62429== Parent PID: 62428
==62429== 
==62429== 
==62429== HEAP SUMMARY:
==62429==     in use at exit: 800 bytes in 1 blocks
==62429==   total heap usage: 2 allocs, 1 frees, 4,896 bytes allocated
==62429== 
==62429== LEAK SUMMARY:
==62429==    definitely lost: 800 bytes in 1 blocks
==62429==    indirectly lost: 0 bytes in 0 blocks
==62429==      possibly lost: 0 bytes in 0 blocks
==62429==    still reachable: 0 bytes in 0 blocks
==62429==         suppressed: 0 bytes in 0 blocks
==62429== Rerun with --leak-check=full to see details of leaked memory
==62429== 
==62429== For lists of detected and suppressed errors, rerun with: -s
==62429== ERROR SUMMARY: 0 errors from 0 contexts (suppressed: 0 from 0)
