==62407== Memcheck, a memory error detector
==62407== Copyright (C) 2002-2022, and GNU GPL'd, by Julian Seward et al.
==62407== Using Valgrind-3.22.0 and LibVEX; rerun with -h for copyright info
==62407== Command: /home/loris/Desktop/TestRepositories/Forked/juliet-test-suite-c/Automatic/results/20260703_1454/CWE401/valgrind/bin/CWE401/bad/CWE401_Memory_Leak__twoIntsStruct_malloc_18-bad
==62407== Parent PID: 62406
==62407== 
==62407== 
==62407== HEAP SUMMARY:
==62407==     in use at exit: 800 bytes in 1 blocks
==62407==   total heap usage: 2 allocs, 1 frees, 4,896 bytes allocated
==62407== 
==62407== LEAK SUMMARY:
==62407==    definitely lost: 800 bytes in 1 blocks
==62407==    indirectly lost: 0 bytes in 0 blocks
==62407==      possibly lost: 0 bytes in 0 blocks
==62407==    still reachable: 0 bytes in 0 blocks
==62407==         suppressed: 0 bytes in 0 blocks
==62407== Rerun with --leak-check=full to see details of leaked memory
==62407== 
==62407== For lists of detected and suppressed errors, rerun with: -s
==62407== ERROR SUMMARY: 0 errors from 0 contexts (suppressed: 0 from 0)
