==61242== Memcheck, a memory error detector
==61242== Copyright (C) 2002-2022, and GNU GPL'd, by Julian Seward et al.
==61242== Using Valgrind-3.22.0 and LibVEX; rerun with -h for copyright info
==61242== Command: /home/loris/Desktop/TestRepositories/Forked/juliet-test-suite-c/Automatic/results/20260703_1454/CWE401/valgrind/bin/CWE401/bad/CWE401_Memory_Leak__char_malloc_22-bad
==61242== Parent PID: 61241
==61242== 
==61242== 
==61242== HEAP SUMMARY:
==61242==     in use at exit: 100 bytes in 1 blocks
==61242==   total heap usage: 2 allocs, 1 frees, 4,196 bytes allocated
==61242== 
==61242== LEAK SUMMARY:
==61242==    definitely lost: 100 bytes in 1 blocks
==61242==    indirectly lost: 0 bytes in 0 blocks
==61242==      possibly lost: 0 bytes in 0 blocks
==61242==    still reachable: 0 bytes in 0 blocks
==61242==         suppressed: 0 bytes in 0 blocks
==61242== Rerun with --leak-check=full to see details of leaked memory
==61242== 
==61242== For lists of detected and suppressed errors, rerun with: -s
==61242== ERROR SUMMARY: 0 errors from 0 contexts (suppressed: 0 from 0)
