==61669== Memcheck, a memory error detector
==61669== Copyright (C) 2002-2022, and GNU GPL'd, by Julian Seward et al.
==61669== Using Valgrind-3.22.0 and LibVEX; rerun with -h for copyright info
==61669== Command: /home/loris/Desktop/TestRepositories/Forked/juliet-test-suite-c/Automatic/results/20260703_1454/CWE401/valgrind/bin/CWE401/bad/CWE401_Memory_Leak__int_malloc_05-bad
==61669== Parent PID: 61668
==61669== 
==61669== 
==61669== HEAP SUMMARY:
==61669==     in use at exit: 400 bytes in 1 blocks
==61669==   total heap usage: 2 allocs, 1 frees, 4,496 bytes allocated
==61669== 
==61669== LEAK SUMMARY:
==61669==    definitely lost: 400 bytes in 1 blocks
==61669==    indirectly lost: 0 bytes in 0 blocks
==61669==      possibly lost: 0 bytes in 0 blocks
==61669==    still reachable: 0 bytes in 0 blocks
==61669==         suppressed: 0 bytes in 0 blocks
==61669== Rerun with --leak-check=full to see details of leaked memory
==61669== 
==61669== For lists of detected and suppressed errors, rerun with: -s
==61669== ERROR SUMMARY: 0 errors from 0 contexts (suppressed: 0 from 0)
