==61519== Memcheck, a memory error detector
==61519== Copyright (C) 2002-2022, and GNU GPL'd, by Julian Seward et al.
==61519== Using Valgrind-3.22.0 and LibVEX; rerun with -h for copyright info
==61519== Command: /home/loris/Desktop/TestRepositories/Forked/juliet-test-suite-c/Automatic/results/20260703_1454/CWE401/valgrind/bin/CWE401/bad/CWE401_Memory_Leak__int64_t_realloc_06-bad
==61519== Parent PID: 61518
==61519== 
==61519== 
==61519== HEAP SUMMARY:
==61519==     in use at exit: 800 bytes in 1 blocks
==61519==   total heap usage: 2 allocs, 1 frees, 4,896 bytes allocated
==61519== 
==61519== LEAK SUMMARY:
==61519==    definitely lost: 800 bytes in 1 blocks
==61519==    indirectly lost: 0 bytes in 0 blocks
==61519==      possibly lost: 0 bytes in 0 blocks
==61519==    still reachable: 0 bytes in 0 blocks
==61519==         suppressed: 0 bytes in 0 blocks
==61519== Rerun with --leak-check=full to see details of leaked memory
==61519== 
==61519== For lists of detected and suppressed errors, rerun with: -s
==61519== ERROR SUMMARY: 0 errors from 0 contexts (suppressed: 0 from 0)
