==61771== Memcheck, a memory error detector
==61771== Copyright (C) 2002-2022, and GNU GPL'd, by Julian Seward et al.
==61771== Using Valgrind-3.22.0 and LibVEX; rerun with -h for copyright info
==61771== Command: /home/loris/Desktop/TestRepositories/Forked/juliet-test-suite-c/Automatic/results/20260703_1454/CWE401/valgrind/bin/CWE401/bad/CWE401_Memory_Leak__int_realloc_18-bad
==61771== Parent PID: 61770
==61771== 
==61771== 
==61771== HEAP SUMMARY:
==61771==     in use at exit: 400 bytes in 1 blocks
==61771==   total heap usage: 2 allocs, 1 frees, 4,496 bytes allocated
==61771== 
==61771== LEAK SUMMARY:
==61771==    definitely lost: 400 bytes in 1 blocks
==61771==    indirectly lost: 0 bytes in 0 blocks
==61771==      possibly lost: 0 bytes in 0 blocks
==61771==    still reachable: 0 bytes in 0 blocks
==61771==         suppressed: 0 bytes in 0 blocks
==61771== Rerun with --leak-check=full to see details of leaked memory
==61771== 
==61771== For lists of detected and suppressed errors, rerun with: -s
==61771== ERROR SUMMARY: 0 errors from 0 contexts (suppressed: 0 from 0)
