==61371== Memcheck, a memory error detector
==61371== Copyright (C) 2002-2022, and GNU GPL'd, by Julian Seward et al.
==61371== Using Valgrind-3.22.0 and LibVEX; rerun with -h for copyright info
==61371== Command: /home/loris/Desktop/TestRepositories/Forked/juliet-test-suite-c/Automatic/results/20260703_1454/CWE401/valgrind/bin/CWE401/bad/CWE401_Memory_Leak__int64_t_calloc_08-bad
==61371== Parent PID: 61370
==61371== 
==61371== 
==61371== HEAP SUMMARY:
==61371==     in use at exit: 800 bytes in 1 blocks
==61371==   total heap usage: 2 allocs, 1 frees, 4,896 bytes allocated
==61371== 
==61371== LEAK SUMMARY:
==61371==    definitely lost: 800 bytes in 1 blocks
==61371==    indirectly lost: 0 bytes in 0 blocks
==61371==      possibly lost: 0 bytes in 0 blocks
==61371==    still reachable: 0 bytes in 0 blocks
==61371==         suppressed: 0 bytes in 0 blocks
==61371== Rerun with --leak-check=full to see details of leaked memory
==61371== 
==61371== For lists of detected and suppressed errors, rerun with: -s
==61371== ERROR SUMMARY: 0 errors from 0 contexts (suppressed: 0 from 0)
