==61673== Memcheck, a memory error detector
==61673== Copyright (C) 2002-2022, and GNU GPL'd, by Julian Seward et al.
==61673== Using Valgrind-3.22.0 and LibVEX; rerun with -h for copyright info
==61673== Command: /home/loris/Desktop/TestRepositories/Forked/juliet-test-suite-c/Automatic/results/20260703_1454/CWE401/valgrind/bin/CWE401/bad/CWE401_Memory_Leak__int_malloc_07-bad
==61673== Parent PID: 61672
==61673== 
==61673== 
==61673== HEAP SUMMARY:
==61673==     in use at exit: 400 bytes in 1 blocks
==61673==   total heap usage: 2 allocs, 1 frees, 4,496 bytes allocated
==61673== 
==61673== LEAK SUMMARY:
==61673==    definitely lost: 400 bytes in 1 blocks
==61673==    indirectly lost: 0 bytes in 0 blocks
==61673==      possibly lost: 0 bytes in 0 blocks
==61673==    still reachable: 0 bytes in 0 blocks
==61673==         suppressed: 0 bytes in 0 blocks
==61673== Rerun with --leak-check=full to see details of leaked memory
==61673== 
==61673== For lists of detected and suppressed errors, rerun with: -s
==61673== ERROR SUMMARY: 0 errors from 0 contexts (suppressed: 0 from 0)
