==62139== Memcheck, a memory error detector
==62139== Copyright (C) 2002-2022, and GNU GPL'd, by Julian Seward et al.
==62139== Using Valgrind-3.22.0 and LibVEX; rerun with -h for copyright info
==62139== Command: /home/loris/Desktop/TestRepositories/Forked/juliet-test-suite-c/Automatic/results/20260703_1454/CWE401/valgrind/bin/CWE401/bad/CWE401_Memory_Leak__struct_twoIntsStruct_calloc_66-bad
==62139== Parent PID: 62138
==62139== 
==62139== 
==62139== HEAP SUMMARY:
==62139==     in use at exit: 800 bytes in 1 blocks
==62139==   total heap usage: 2 allocs, 1 frees, 4,896 bytes allocated
==62139== 
==62139== LEAK SUMMARY:
==62139==    definitely lost: 800 bytes in 1 blocks
==62139==    indirectly lost: 0 bytes in 0 blocks
==62139==      possibly lost: 0 bytes in 0 blocks
==62139==    still reachable: 0 bytes in 0 blocks
==62139==         suppressed: 0 bytes in 0 blocks
==62139== Rerun with --leak-check=full to see details of leaked memory
==62139== 
==62139== For lists of detected and suppressed errors, rerun with: -s
==62139== ERROR SUMMARY: 0 errors from 0 contexts (suppressed: 0 from 0)
