==61151== Memcheck, a memory error detector
==61151== Copyright (C) 2002-2022, and GNU GPL'd, by Julian Seward et al.
==61151== Using Valgrind-3.22.0 and LibVEX; rerun with -h for copyright info
==61151== Command: /home/loris/Desktop/TestRepositories/Forked/juliet-test-suite-c/Automatic/results/20260703_1454/CWE401/valgrind/bin/CWE401/bad/CWE401_Memory_Leak__char_calloc_13-bad
==61151== Parent PID: 61150
==61151== 
==61151== 
==61151== HEAP SUMMARY:
==61151==     in use at exit: 100 bytes in 1 blocks
==61151==   total heap usage: 2 allocs, 1 frees, 4,196 bytes allocated
==61151== 
==61151== LEAK SUMMARY:
==61151==    definitely lost: 100 bytes in 1 blocks
==61151==    indirectly lost: 0 bytes in 0 blocks
==61151==      possibly lost: 0 bytes in 0 blocks
==61151==    still reachable: 0 bytes in 0 blocks
==61151==         suppressed: 0 bytes in 0 blocks
==61151== Rerun with --leak-check=full to see details of leaked memory
==61151== 
==61151== For lists of detected and suppressed errors, rerun with: -s
==61151== ERROR SUMMARY: 0 errors from 0 contexts (suppressed: 0 from 0)
