==61323== Memcheck, a memory error detector
==61323== Copyright (C) 2002-2022, and GNU GPL'd, by Julian Seward et al.
==61323== Using Valgrind-3.22.0 and LibVEX; rerun with -h for copyright info
==61323== Command: /home/loris/Desktop/TestRepositories/Forked/juliet-test-suite-c/Automatic/results/20260703_1454/CWE401/valgrind/bin/CWE401/bad/CWE401_Memory_Leak__char_realloc_32-bad
==61323== Parent PID: 61322
==61323== 
==61323== 
==61323== HEAP SUMMARY:
==61323==     in use at exit: 100 bytes in 1 blocks
==61323==   total heap usage: 2 allocs, 1 frees, 4,196 bytes allocated
==61323== 
==61323== LEAK SUMMARY:
==61323==    definitely lost: 100 bytes in 1 blocks
==61323==    indirectly lost: 0 bytes in 0 blocks
==61323==      possibly lost: 0 bytes in 0 blocks
==61323==    still reachable: 0 bytes in 0 blocks
==61323==         suppressed: 0 bytes in 0 blocks
==61323== Rerun with --leak-check=full to see details of leaked memory
==61323== 
==61323== For lists of detected and suppressed errors, rerun with: -s
==61323== ERROR SUMMARY: 0 errors from 0 contexts (suppressed: 0 from 0)
