==62095== Memcheck, a memory error detector
==62095== Copyright (C) 2002-2022, and GNU GPL'd, by Julian Seward et al.
==62095== Using Valgrind-3.22.0 and LibVEX; rerun with -h for copyright info
==62095== Command: /home/loris/Desktop/TestRepositories/Forked/juliet-test-suite-c/Automatic/results/20260703_1454/CWE401/valgrind/bin/CWE401/bad/CWE401_Memory_Leak__struct_twoIntsStruct_calloc_14-bad
==62095== Parent PID: 62094
==62095== 
==62095== 
==62095== HEAP SUMMARY:
==62095==     in use at exit: 800 bytes in 1 blocks
==62095==   total heap usage: 2 allocs, 1 frees, 4,896 bytes allocated
==62095== 
==62095== LEAK SUMMARY:
==62095==    definitely lost: 800 bytes in 1 blocks
==62095==    indirectly lost: 0 bytes in 0 blocks
==62095==      possibly lost: 0 bytes in 0 blocks
==62095==    still reachable: 0 bytes in 0 blocks
==62095==         suppressed: 0 bytes in 0 blocks
==62095== Rerun with --leak-check=full to see details of leaked memory
==62095== 
==62095== For lists of detected and suppressed errors, rerun with: -s
==62095== ERROR SUMMARY: 0 errors from 0 contexts (suppressed: 0 from 0)
