==62215== Memcheck, a memory error detector
==62215== Copyright (C) 2002-2022, and GNU GPL'd, by Julian Seward et al.
==62215== Using Valgrind-3.22.0 and LibVEX; rerun with -h for copyright info
==62215== Command: /home/loris/Desktop/TestRepositories/Forked/juliet-test-suite-c/Automatic/results/20260703_1454/CWE401/valgrind/bin/CWE401/bad/CWE401_Memory_Leak__struct_twoIntsStruct_malloc_66-bad
==62215== Parent PID: 62214
==62215== 
==62215== 
==62215== HEAP SUMMARY:
==62215==     in use at exit: 800 bytes in 1 blocks
==62215==   total heap usage: 2 allocs, 1 frees, 4,896 bytes allocated
==62215== 
==62215== LEAK SUMMARY:
==62215==    definitely lost: 800 bytes in 1 blocks
==62215==    indirectly lost: 0 bytes in 0 blocks
==62215==      possibly lost: 0 bytes in 0 blocks
==62215==    still reachable: 0 bytes in 0 blocks
==62215==         suppressed: 0 bytes in 0 blocks
==62215== Rerun with --leak-check=full to see details of leaked memory
==62215== 
==62215== For lists of detected and suppressed errors, rerun with: -s
==62215== ERROR SUMMARY: 0 errors from 0 contexts (suppressed: 0 from 0)
