==62117== Memcheck, a memory error detector
==62117== Copyright (C) 2002-2022, and GNU GPL'd, by Julian Seward et al.
==62117== Using Valgrind-3.22.0 and LibVEX; rerun with -h for copyright info
==62117== Command: /home/loris/Desktop/TestRepositories/Forked/juliet-test-suite-c/Automatic/results/20260703_1454/CWE401/valgrind/bin/CWE401/bad/CWE401_Memory_Leak__struct_twoIntsStruct_calloc_42-bad
==62117== Parent PID: 62116
==62117== 
==62117== 
==62117== HEAP SUMMARY:
==62117==     in use at exit: 800 bytes in 1 blocks
==62117==   total heap usage: 2 allocs, 1 frees, 4,896 bytes allocated
==62117== 
==62117== LEAK SUMMARY:
==62117==    definitely lost: 800 bytes in 1 blocks
==62117==    indirectly lost: 0 bytes in 0 blocks
==62117==      possibly lost: 0 bytes in 0 blocks
==62117==    still reachable: 0 bytes in 0 blocks
==62117==         suppressed: 0 bytes in 0 blocks
==62117== Rerun with --leak-check=full to see details of leaked memory
==62117== 
==62117== For lists of detected and suppressed errors, rerun with: -s
==62117== ERROR SUMMARY: 0 errors from 0 contexts (suppressed: 0 from 0)
