==62507== Memcheck, a memory error detector
==62507== Copyright (C) 2002-2022, and GNU GPL'd, by Julian Seward et al.
==62507== Using Valgrind-3.22.0 and LibVEX; rerun with -h for copyright info
==62507== Command: /home/loris/Desktop/TestRepositories/Forked/juliet-test-suite-c/Automatic/results/20260703_1454/CWE401/valgrind/bin/CWE401/bad/CWE401_Memory_Leak__twoIntsStruct_realloc_53-bad
==62507== Parent PID: 62506
==62507== 
==62507== 
==62507== HEAP SUMMARY:
==62507==     in use at exit: 800 bytes in 1 blocks
==62507==   total heap usage: 2 allocs, 1 frees, 4,896 bytes allocated
==62507== 
==62507== LEAK SUMMARY:
==62507==    definitely lost: 800 bytes in 1 blocks
==62507==    indirectly lost: 0 bytes in 0 blocks
==62507==      possibly lost: 0 bytes in 0 blocks
==62507==    still reachable: 0 bytes in 0 blocks
==62507==         suppressed: 0 bytes in 0 blocks
==62507== Rerun with --leak-check=full to see details of leaked memory
==62507== 
==62507== For lists of detected and suppressed errors, rerun with: -s
==62507== ERROR SUMMARY: 0 errors from 0 contexts (suppressed: 0 from 0)
