==61457== Memcheck, a memory error detector
==61457== Copyright (C) 2002-2022, and GNU GPL'd, by Julian Seward et al.
==61457== Using Valgrind-3.22.0 and LibVEX; rerun with -h for copyright info
==61457== Command: /home/loris/Desktop/TestRepositories/Forked/juliet-test-suite-c/Automatic/results/20260703_1454/CWE401/valgrind/bin/CWE401/bad/CWE401_Memory_Leak__int64_t_malloc_13-bad
==61457== Parent PID: 61456
==61457== 
==61457== 
==61457== HEAP SUMMARY:
==61457==     in use at exit: 800 bytes in 1 blocks
==61457==   total heap usage: 2 allocs, 1 frees, 4,896 bytes allocated
==61457== 
==61457== LEAK SUMMARY:
==61457==    definitely lost: 800 bytes in 1 blocks
==61457==    indirectly lost: 0 bytes in 0 blocks
==61457==      possibly lost: 0 bytes in 0 blocks
==61457==    still reachable: 0 bytes in 0 blocks
==61457==         suppressed: 0 bytes in 0 blocks
==61457== Rerun with --leak-check=full to see details of leaked memory
==61457== 
==61457== For lists of detected and suppressed errors, rerun with: -s
==61457== ERROR SUMMARY: 0 errors from 0 contexts (suppressed: 0 from 0)
