==62483== Memcheck, a memory error detector
==62483== Copyright (C) 2002-2022, and GNU GPL'd, by Julian Seward et al.
==62483== Using Valgrind-3.22.0 and LibVEX; rerun with -h for copyright info
==62483== Command: /home/loris/Desktop/TestRepositories/Forked/juliet-test-suite-c/Automatic/results/20260703_1454/CWE401/valgrind/bin/CWE401/bad/CWE401_Memory_Leak__twoIntsStruct_realloc_18-bad
==62483== Parent PID: 62482
==62483== 
==62483== 
==62483== HEAP SUMMARY:
==62483==     in use at exit: 800 bytes in 1 blocks
==62483==   total heap usage: 2 allocs, 1 frees, 4,896 bytes allocated
==62483== 
==62483== LEAK SUMMARY:
==62483==    definitely lost: 800 bytes in 1 blocks
==62483==    indirectly lost: 0 bytes in 0 blocks
==62483==      possibly lost: 0 bytes in 0 blocks
==62483==    still reachable: 0 bytes in 0 blocks
==62483==         suppressed: 0 bytes in 0 blocks
==62483== Rerun with --leak-check=full to see details of leaked memory
==62483== 
==62483== For lists of detected and suppressed errors, rerun with: -s
==62483== ERROR SUMMARY: 0 errors from 0 contexts (suppressed: 0 from 0)
