==61425== Memcheck, a memory error detector
==61425== Copyright (C) 2002-2022, and GNU GPL'd, by Julian Seward et al.
==61425== Using Valgrind-3.22.0 and LibVEX; rerun with -h for copyright info
==61425== Command: /home/loris/Desktop/TestRepositories/Forked/juliet-test-suite-c/Automatic/results/20260703_1454/CWE401/valgrind/bin/CWE401/bad/CWE401_Memory_Leak__int64_t_calloc_65-bad
==61425== Parent PID: 61424
==61425== 
==61425== 
==61425== HEAP SUMMARY:
==61425==     in use at exit: 800 bytes in 1 blocks
==61425==   total heap usage: 2 allocs, 1 frees, 4,896 bytes allocated
==61425== 
==61425== LEAK SUMMARY:
==61425==    definitely lost: 800 bytes in 1 blocks
==61425==    indirectly lost: 0 bytes in 0 blocks
==61425==      possibly lost: 0 bytes in 0 blocks
==61425==    still reachable: 0 bytes in 0 blocks
==61425==         suppressed: 0 bytes in 0 blocks
==61425== Rerun with --leak-check=full to see details of leaked memory
==61425== 
==61425== For lists of detected and suppressed errors, rerun with: -s
==61425== ERROR SUMMARY: 0 errors from 0 contexts (suppressed: 0 from 0)
