==2224601== Memcheck, a memory error detector
==2224601== Copyright (C) 2002-2022, and GNU GPL'd, by Julian Seward et al.
==2224601== Using Valgrind-3.22.0 and LibVEX; rerun with -h for copyright info
==2224601== Command: /home/loris/Desktop/TestRepositories/Forked/juliet-test-suite-c/Automatic/results/20260707_1536/CWE415/valgrind/bin/CWE415/bad/CWE415_Double_Free__malloc_free_long_03-bad
==2224601== Parent PID: 2224600
==2224601== 
==2224601== Invalid free() / delete / delete[] / realloc()
==2224601==    at 0x484988F: free (in /usr/libexec/valgrind/vgpreload_memcheck-amd64-linux.so)
==2224601==    by 0x109333: CWE415_Double_Free__malloc_free_long_03_bad (in /home/loris/Desktop/TestRepositories/Forked/juliet-test-suite-c/Automatic/results/20260707_1536/CWE415/valgrind/bin/CWE415/bad/CWE415_Double_Free__malloc_free_long_03-bad)
==2224601==    by 0x109373: main (in /home/loris/Desktop/TestRepositories/Forked/juliet-test-suite-c/Automatic/results/20260707_1536/CWE415/valgrind/bin/CWE415/bad/CWE415_Double_Free__malloc_free_long_03-bad)
==2224601==  Address 0x4a85080 is 0 bytes inside a block of size 800 free'd
==2224601==    at 0x484988F: free (in /usr/libexec/valgrind/vgpreload_memcheck-amd64-linux.so)
==2224601==    by 0x109327: CWE415_Double_Free__malloc_free_long_03_bad (in /home/loris/Desktop/TestRepositories/Forked/juliet-test-suite-c/Automatic/results/20260707_1536/CWE415/valgrind/bin/CWE415/bad/CWE415_Double_Free__malloc_free_long_03-bad)
==2224601==    by 0x109373: main (in /home/loris/Desktop/TestRepositories/Forked/juliet-test-suite-c/Automatic/results/20260707_1536/CWE415/valgrind/bin/CWE415/bad/CWE415_Double_Free__malloc_free_long_03-bad)
==2224601==  Block was alloc'd at
==2224601==    at 0x4846828: malloc (in /usr/libexec/valgrind/vgpreload_memcheck-amd64-linux.so)
==2224601==    by 0x109306: CWE415_Double_Free__malloc_free_long_03_bad (in /home/loris/Desktop/TestRepositories/Forked/juliet-test-suite-c/Automatic/results/20260707_1536/CWE415/valgrind/bin/CWE415/bad/CWE415_Double_Free__malloc_free_long_03-bad)
==2224601==    by 0x109373: main (in /home/loris/Desktop/TestRepositories/Forked/juliet-test-suite-c/Automatic/results/20260707_1536/CWE415/valgrind/bin/CWE415/bad/CWE415_Double_Free__malloc_free_long_03-bad)
==2224601== 
==2224601== 
==2224601== HEAP SUMMARY:
==2224601==     in use at exit: 0 bytes in 0 blocks
==2224601==   total heap usage: 2 allocs, 3 frees, 4,896 bytes allocated
==2224601== 
==2224601== All heap blocks were freed -- no leaks are possible
==2224601== 
==2224601== For lists of detected and suppressed errors, rerun with: -s
==2224601== ERROR SUMMARY: 1 errors from 1 contexts (suppressed: 0 from 0)
