==2224475== Memcheck, a memory error detector
==2224475== Copyright (C) 2002-2022, and GNU GPL'd, by Julian Seward et al.
==2224475== Using Valgrind-3.22.0 and LibVEX; rerun with -h for copyright info
==2224475== Command: /home/loris/Desktop/TestRepositories/Forked/juliet-test-suite-c/Automatic/results/20260707_1536/CWE415/valgrind/bin/CWE415/bad/CWE415_Double_Free__malloc_free_int64_t_16-bad
==2224475== Parent PID: 2224474
==2224475== 
==2224475== Invalid free() / delete / delete[] / realloc()
==2224475==    at 0x484988F: free (in /usr/libexec/valgrind/vgpreload_memcheck-amd64-linux.so)
==2224475==    by 0x109334: CWE415_Double_Free__malloc_free_int64_t_16_bad (in /home/loris/Desktop/TestRepositories/Forked/juliet-test-suite-c/Automatic/results/20260707_1536/CWE415/valgrind/bin/CWE415/bad/CWE415_Double_Free__malloc_free_int64_t_16-bad)
==2224475==    by 0x109375: main (in /home/loris/Desktop/TestRepositories/Forked/juliet-test-suite-c/Automatic/results/20260707_1536/CWE415/valgrind/bin/CWE415/bad/CWE415_Double_Free__malloc_free_int64_t_16-bad)
==2224475==  Address 0x4a85080 is 0 bytes inside a block of size 800 free'd
==2224475==    at 0x484988F: free (in /usr/libexec/valgrind/vgpreload_memcheck-amd64-linux.so)
==2224475==    by 0x109327: CWE415_Double_Free__malloc_free_int64_t_16_bad (in /home/loris/Desktop/TestRepositories/Forked/juliet-test-suite-c/Automatic/results/20260707_1536/CWE415/valgrind/bin/CWE415/bad/CWE415_Double_Free__malloc_free_int64_t_16-bad)
==2224475==    by 0x109375: main (in /home/loris/Desktop/TestRepositories/Forked/juliet-test-suite-c/Automatic/results/20260707_1536/CWE415/valgrind/bin/CWE415/bad/CWE415_Double_Free__malloc_free_int64_t_16-bad)
==2224475==  Block was alloc'd at
==2224475==    at 0x4846828: malloc (in /usr/libexec/valgrind/vgpreload_memcheck-amd64-linux.so)
==2224475==    by 0x109306: CWE415_Double_Free__malloc_free_int64_t_16_bad (in /home/loris/Desktop/TestRepositories/Forked/juliet-test-suite-c/Automatic/results/20260707_1536/CWE415/valgrind/bin/CWE415/bad/CWE415_Double_Free__malloc_free_int64_t_16-bad)
==2224475==    by 0x109375: main (in /home/loris/Desktop/TestRepositories/Forked/juliet-test-suite-c/Automatic/results/20260707_1536/CWE415/valgrind/bin/CWE415/bad/CWE415_Double_Free__malloc_free_int64_t_16-bad)
==2224475== 
==2224475== 
==2224475== HEAP SUMMARY:
==2224475==     in use at exit: 0 bytes in 0 blocks
==2224475==   total heap usage: 2 allocs, 3 frees, 4,896 bytes allocated
==2224475== 
==2224475== All heap blocks were freed -- no leaks are possible
==2224475== 
==2224475== For lists of detected and suppressed errors, rerun with: -s
==2224475== ERROR SUMMARY: 1 errors from 1 contexts (suppressed: 0 from 0)
