==2224589== Memcheck, a memory error detector
==2224589== Copyright (C) 2002-2022, and GNU GPL'd, by Julian Seward et al.
==2224589== Using Valgrind-3.22.0 and LibVEX; rerun with -h for copyright info
==2224589== Command: /home/loris/Desktop/TestRepositories/Forked/juliet-test-suite-c/Automatic/results/20260707_1536/CWE415/valgrind/bin/CWE415/bad/CWE415_Double_Free__malloc_free_int_65-bad
==2224589== Parent PID: 2224588
==2224589== 
==2224589== Invalid free() / delete / delete[] / realloc()
==2224589==    at 0x484988F: free (in /usr/libexec/valgrind/vgpreload_memcheck-amd64-linux.so)
==2224589==    by 0x1093B1: CWE415_Double_Free__malloc_free_int_65b_badSink (in /home/loris/Desktop/TestRepositories/Forked/juliet-test-suite-c/Automatic/results/20260707_1536/CWE415/valgrind/bin/CWE415/bad/CWE415_Double_Free__malloc_free_int_65-bad)
==2224589==    by 0x10933F: CWE415_Double_Free__malloc_free_int_65_bad (in /home/loris/Desktop/TestRepositories/Forked/juliet-test-suite-c/Automatic/results/20260707_1536/CWE415/valgrind/bin/CWE415/bad/CWE415_Double_Free__malloc_free_int_65-bad)
==2224589==    by 0x10937F: main (in /home/loris/Desktop/TestRepositories/Forked/juliet-test-suite-c/Automatic/results/20260707_1536/CWE415/valgrind/bin/CWE415/bad/CWE415_Double_Free__malloc_free_int_65-bad)
==2224589==  Address 0x4a85080 is 0 bytes inside a block of size 400 free'd
==2224589==    at 0x484988F: free (in /usr/libexec/valgrind/vgpreload_memcheck-amd64-linux.so)
==2224589==    by 0x109332: CWE415_Double_Free__malloc_free_int_65_bad (in /home/loris/Desktop/TestRepositories/Forked/juliet-test-suite-c/Automatic/results/20260707_1536/CWE415/valgrind/bin/CWE415/bad/CWE415_Double_Free__malloc_free_int_65-bad)
==2224589==    by 0x10937F: main (in /home/loris/Desktop/TestRepositories/Forked/juliet-test-suite-c/Automatic/results/20260707_1536/CWE415/valgrind/bin/CWE415/bad/CWE415_Double_Free__malloc_free_int_65-bad)
==2224589==  Block was alloc'd at
==2224589==    at 0x4846828: malloc (in /usr/libexec/valgrind/vgpreload_memcheck-amd64-linux.so)
==2224589==    by 0x109311: CWE415_Double_Free__malloc_free_int_65_bad (in /home/loris/Desktop/TestRepositories/Forked/juliet-test-suite-c/Automatic/results/20260707_1536/CWE415/valgrind/bin/CWE415/bad/CWE415_Double_Free__malloc_free_int_65-bad)
==2224589==    by 0x10937F: main (in /home/loris/Desktop/TestRepositories/Forked/juliet-test-suite-c/Automatic/results/20260707_1536/CWE415/valgrind/bin/CWE415/bad/CWE415_Double_Free__malloc_free_int_65-bad)
==2224589== 
==2224589== 
==2224589== HEAP SUMMARY:
==2224589==     in use at exit: 0 bytes in 0 blocks
==2224589==   total heap usage: 2 allocs, 3 frees, 4,496 bytes allocated
==2224589== 
==2224589== All heap blocks were freed -- no leaks are possible
==2224589== 
==2224589== For lists of detected and suppressed errors, rerun with: -s
==2224589== ERROR SUMMARY: 1 errors from 1 contexts (suppressed: 0 from 0)
