==2224707== Memcheck, a memory error detector
==2224707== Copyright (C) 2002-2022, and GNU GPL'd, by Julian Seward et al.
==2224707== Using Valgrind-3.22.0 and LibVEX; rerun with -h for copyright info
==2224707== Command: /home/loris/Desktop/TestRepositories/Forked/juliet-test-suite-c/Automatic/results/20260707_1536/CWE415/valgrind/bin/CWE415/bad/CWE415_Double_Free__malloc_free_struct_18-bad
==2224707== Parent PID: 2224706
==2224707== 
==2224707== Invalid free() / delete / delete[] / realloc()
==2224707==    at 0x484988F: free (in /usr/libexec/valgrind/vgpreload_memcheck-amd64-linux.so)
==2224707==    by 0x109335: CWE415_Double_Free__malloc_free_struct_18_bad (in /home/loris/Desktop/TestRepositories/Forked/juliet-test-suite-c/Automatic/results/20260707_1536/CWE415/valgrind/bin/CWE415/bad/CWE415_Double_Free__malloc_free_struct_18-bad)
==2224707==    by 0x109375: main (in /home/loris/Desktop/TestRepositories/Forked/juliet-test-suite-c/Automatic/results/20260707_1536/CWE415/valgrind/bin/CWE415/bad/CWE415_Double_Free__malloc_free_struct_18-bad)
==2224707==  Address 0x4a85080 is 0 bytes inside a block of size 800 free'd
==2224707==    at 0x484988F: free (in /usr/libexec/valgrind/vgpreload_memcheck-amd64-linux.so)
==2224707==    by 0x109328: CWE415_Double_Free__malloc_free_struct_18_bad (in /home/loris/Desktop/TestRepositories/Forked/juliet-test-suite-c/Automatic/results/20260707_1536/CWE415/valgrind/bin/CWE415/bad/CWE415_Double_Free__malloc_free_struct_18-bad)
==2224707==    by 0x109375: main (in /home/loris/Desktop/TestRepositories/Forked/juliet-test-suite-c/Automatic/results/20260707_1536/CWE415/valgrind/bin/CWE415/bad/CWE415_Double_Free__malloc_free_struct_18-bad)
==2224707==  Block was alloc'd at
==2224707==    at 0x4846828: malloc (in /usr/libexec/valgrind/vgpreload_memcheck-amd64-linux.so)
==2224707==    by 0x109307: CWE415_Double_Free__malloc_free_struct_18_bad (in /home/loris/Desktop/TestRepositories/Forked/juliet-test-suite-c/Automatic/results/20260707_1536/CWE415/valgrind/bin/CWE415/bad/CWE415_Double_Free__malloc_free_struct_18-bad)
==2224707==    by 0x109375: main (in /home/loris/Desktop/TestRepositories/Forked/juliet-test-suite-c/Automatic/results/20260707_1536/CWE415/valgrind/bin/CWE415/bad/CWE415_Double_Free__malloc_free_struct_18-bad)
==2224707== 
==2224707== 
==2224707== HEAP SUMMARY:
==2224707==     in use at exit: 0 bytes in 0 blocks
==2224707==   total heap usage: 2 allocs, 3 frees, 4,896 bytes allocated
==2224707== 
==2224707== All heap blocks were freed -- no leaks are possible
==2224707== 
==2224707== For lists of detected and suppressed errors, rerun with: -s
==2224707== ERROR SUMMARY: 1 errors from 1 contexts (suppressed: 0 from 0)
