==2224441== Memcheck, a memory error detector
==2224441== Copyright (C) 2002-2022, and GNU GPL'd, by Julian Seward et al.
==2224441== Using Valgrind-3.22.0 and LibVEX; rerun with -h for copyright info
==2224441== Command: /home/loris/Desktop/TestRepositories/Forked/juliet-test-suite-c/Automatic/results/20260707_1536/CWE415/valgrind/bin/CWE415/bad/CWE415_Double_Free__malloc_free_char_67-bad
==2224441== Parent PID: 2224440
==2224441== 
==2224441== Invalid free() / delete / delete[] / realloc()
==2224441==    at 0x484988F: free (in /usr/libexec/valgrind/vgpreload_memcheck-amd64-linux.so)
==2224441==    by 0x1093B5: CWE415_Double_Free__malloc_free_char_67b_badSink (in /home/loris/Desktop/TestRepositories/Forked/juliet-test-suite-c/Automatic/results/20260707_1536/CWE415/valgrind/bin/CWE415/bad/CWE415_Double_Free__malloc_free_char_67-bad)
==2224441==    by 0x10933B: CWE415_Double_Free__malloc_free_char_67_bad (in /home/loris/Desktop/TestRepositories/Forked/juliet-test-suite-c/Automatic/results/20260707_1536/CWE415/valgrind/bin/CWE415/bad/CWE415_Double_Free__malloc_free_char_67-bad)
==2224441==    by 0x10937B: main (in /home/loris/Desktop/TestRepositories/Forked/juliet-test-suite-c/Automatic/results/20260707_1536/CWE415/valgrind/bin/CWE415/bad/CWE415_Double_Free__malloc_free_char_67-bad)
==2224441==  Address 0x4a85080 is 0 bytes inside a block of size 100 free'd
==2224441==    at 0x484988F: free (in /usr/libexec/valgrind/vgpreload_memcheck-amd64-linux.so)
==2224441==    by 0x109327: CWE415_Double_Free__malloc_free_char_67_bad (in /home/loris/Desktop/TestRepositories/Forked/juliet-test-suite-c/Automatic/results/20260707_1536/CWE415/valgrind/bin/CWE415/bad/CWE415_Double_Free__malloc_free_char_67-bad)
==2224441==    by 0x10937B: main (in /home/loris/Desktop/TestRepositories/Forked/juliet-test-suite-c/Automatic/results/20260707_1536/CWE415/valgrind/bin/CWE415/bad/CWE415_Double_Free__malloc_free_char_67-bad)
==2224441==  Block was alloc'd at
==2224441==    at 0x4846828: malloc (in /usr/libexec/valgrind/vgpreload_memcheck-amd64-linux.so)
==2224441==    by 0x109306: CWE415_Double_Free__malloc_free_char_67_bad (in /home/loris/Desktop/TestRepositories/Forked/juliet-test-suite-c/Automatic/results/20260707_1536/CWE415/valgrind/bin/CWE415/bad/CWE415_Double_Free__malloc_free_char_67-bad)
==2224441==    by 0x10937B: main (in /home/loris/Desktop/TestRepositories/Forked/juliet-test-suite-c/Automatic/results/20260707_1536/CWE415/valgrind/bin/CWE415/bad/CWE415_Double_Free__malloc_free_char_67-bad)
==2224441== 
==2224441== 
==2224441== HEAP SUMMARY:
==2224441==     in use at exit: 0 bytes in 0 blocks
==2224441==   total heap usage: 2 allocs, 3 frees, 4,196 bytes allocated
==2224441== 
==2224441== All heap blocks were freed -- no leaks are possible
==2224441== 
==2224441== For lists of detected and suppressed errors, rerun with: -s
==2224441== ERROR SUMMARY: 1 errors from 1 contexts (suppressed: 0 from 0)
