==2224443== Memcheck, a memory error detector
==2224443== Copyright (C) 2002-2022, and GNU GPL'd, by Julian Seward et al.
==2224443== Using Valgrind-3.22.0 and LibVEX; rerun with -h for copyright info
==2224443== Command: /home/loris/Desktop/TestRepositories/Forked/juliet-test-suite-c/Automatic/results/20260707_1536/CWE415/valgrind/bin/CWE415/bad/CWE415_Double_Free__malloc_free_char_68-bad
==2224443== Parent PID: 2224442
==2224443== 
==2224443== Invalid free() / delete / delete[] / realloc()
==2224443==    at 0x484988F: free (in /usr/libexec/valgrind/vgpreload_memcheck-amd64-linux.so)
==2224443==    by 0x1093B5: CWE415_Double_Free__malloc_free_char_68b_badSink (in /home/loris/Desktop/TestRepositories/Forked/juliet-test-suite-c/Automatic/results/20260707_1536/CWE415/valgrind/bin/CWE415/bad/CWE415_Double_Free__malloc_free_char_68-bad)
==2224443==    by 0x10933C: CWE415_Double_Free__malloc_free_char_68_bad (in /home/loris/Desktop/TestRepositories/Forked/juliet-test-suite-c/Automatic/results/20260707_1536/CWE415/valgrind/bin/CWE415/bad/CWE415_Double_Free__malloc_free_char_68-bad)
==2224443==    by 0x10937C: main (in /home/loris/Desktop/TestRepositories/Forked/juliet-test-suite-c/Automatic/results/20260707_1536/CWE415/valgrind/bin/CWE415/bad/CWE415_Double_Free__malloc_free_char_68-bad)
==2224443==  Address 0x4a85080 is 0 bytes inside a block of size 100 free'd
==2224443==    at 0x484988F: free (in /usr/libexec/valgrind/vgpreload_memcheck-amd64-linux.so)
==2224443==    by 0x109327: CWE415_Double_Free__malloc_free_char_68_bad (in /home/loris/Desktop/TestRepositories/Forked/juliet-test-suite-c/Automatic/results/20260707_1536/CWE415/valgrind/bin/CWE415/bad/CWE415_Double_Free__malloc_free_char_68-bad)
==2224443==    by 0x10937C: main (in /home/loris/Desktop/TestRepositories/Forked/juliet-test-suite-c/Automatic/results/20260707_1536/CWE415/valgrind/bin/CWE415/bad/CWE415_Double_Free__malloc_free_char_68-bad)
==2224443==  Block was alloc'd at
==2224443==    at 0x4846828: malloc (in /usr/libexec/valgrind/vgpreload_memcheck-amd64-linux.so)
==2224443==    by 0x109306: CWE415_Double_Free__malloc_free_char_68_bad (in /home/loris/Desktop/TestRepositories/Forked/juliet-test-suite-c/Automatic/results/20260707_1536/CWE415/valgrind/bin/CWE415/bad/CWE415_Double_Free__malloc_free_char_68-bad)
==2224443==    by 0x10937C: main (in /home/loris/Desktop/TestRepositories/Forked/juliet-test-suite-c/Automatic/results/20260707_1536/CWE415/valgrind/bin/CWE415/bad/CWE415_Double_Free__malloc_free_char_68-bad)
==2224443== 
==2224443== 
==2224443== HEAP SUMMARY:
==2224443==     in use at exit: 0 bytes in 0 blocks
==2224443==   total heap usage: 2 allocs, 3 frees, 4,196 bytes allocated
==2224443== 
==2224443== All heap blocks were freed -- no leaks are possible
==2224443== 
==2224443== For lists of detected and suppressed errors, rerun with: -s
==2224443== ERROR SUMMARY: 1 errors from 1 contexts (suppressed: 0 from 0)
