==2224459== Memcheck, a memory error detector
==2224459== Copyright (C) 2002-2022, and GNU GPL'd, by Julian Seward et al.
==2224459== Using Valgrind-3.22.0 and LibVEX; rerun with -h for copyright info
==2224459== Command: /home/loris/Desktop/TestRepositories/Forked/juliet-test-suite-c/Automatic/results/20260707_1536/CWE415/valgrind/bin/CWE415/bad/CWE415_Double_Free__malloc_free_int64_t_08-bad
==2224459== Parent PID: 2224458
==2224459== 
==2224459== Invalid free() / delete / delete[] / realloc()
==2224459==    at 0x484988F: free (in /usr/libexec/valgrind/vgpreload_memcheck-amd64-linux.so)
==2224459==    by 0x10936D: CWE415_Double_Free__malloc_free_int64_t_08_bad (in /home/loris/Desktop/TestRepositories/Forked/juliet-test-suite-c/Automatic/results/20260707_1536/CWE415/valgrind/bin/CWE415/bad/CWE415_Double_Free__malloc_free_int64_t_08-bad)
==2224459==    by 0x1093AD: main (in /home/loris/Desktop/TestRepositories/Forked/juliet-test-suite-c/Automatic/results/20260707_1536/CWE415/valgrind/bin/CWE415/bad/CWE415_Double_Free__malloc_free_int64_t_08-bad)
==2224459==  Address 0x4a85080 is 0 bytes inside a block of size 800 free'd
==2224459==    at 0x484988F: free (in /usr/libexec/valgrind/vgpreload_memcheck-amd64-linux.so)
==2224459==    by 0x109353: CWE415_Double_Free__malloc_free_int64_t_08_bad (in /home/loris/Desktop/TestRepositories/Forked/juliet-test-suite-c/Automatic/results/20260707_1536/CWE415/valgrind/bin/CWE415/bad/CWE415_Double_Free__malloc_free_int64_t_08-bad)
==2224459==    by 0x1093AD: main (in /home/loris/Desktop/TestRepositories/Forked/juliet-test-suite-c/Automatic/results/20260707_1536/CWE415/valgrind/bin/CWE415/bad/CWE415_Double_Free__malloc_free_int64_t_08-bad)
==2224459==  Block was alloc'd at
==2224459==    at 0x4846828: malloc (in /usr/libexec/valgrind/vgpreload_memcheck-amd64-linux.so)
==2224459==    by 0x109332: CWE415_Double_Free__malloc_free_int64_t_08_bad (in /home/loris/Desktop/TestRepositories/Forked/juliet-test-suite-c/Automatic/results/20260707_1536/CWE415/valgrind/bin/CWE415/bad/CWE415_Double_Free__malloc_free_int64_t_08-bad)
==2224459==    by 0x1093AD: main (in /home/loris/Desktop/TestRepositories/Forked/juliet-test-suite-c/Automatic/results/20260707_1536/CWE415/valgrind/bin/CWE415/bad/CWE415_Double_Free__malloc_free_int64_t_08-bad)
==2224459== 
==2224459== 
==2224459== HEAP SUMMARY:
==2224459==     in use at exit: 0 bytes in 0 blocks
==2224459==   total heap usage: 2 allocs, 3 frees, 4,896 bytes allocated
==2224459== 
==2224459== All heap blocks were freed -- no leaks are possible
==2224459== 
==2224459== For lists of detected and suppressed errors, rerun with: -s
==2224459== ERROR SUMMARY: 1 errors from 1 contexts (suppressed: 0 from 0)
