==2224719== Memcheck, a memory error detector
==2224719== Copyright (C) 2002-2022, and GNU GPL'd, by Julian Seward et al.
==2224719== Using Valgrind-3.22.0 and LibVEX; rerun with -h for copyright info
==2224719== Command: /home/loris/Desktop/TestRepositories/Forked/juliet-test-suite-c/Automatic/results/20260707_1536/CWE415/valgrind/bin/CWE415/bad/CWE415_Double_Free__malloc_free_struct_41-bad
==2224719== Parent PID: 2224718
==2224719== 
==2224719== Invalid free() / delete / delete[] / realloc()
==2224719==    at 0x484988F: free (in /usr/libexec/valgrind/vgpreload_memcheck-amd64-linux.so)
==2224719==    by 0x109304: badSink (in /home/loris/Desktop/TestRepositories/Forked/juliet-test-suite-c/Automatic/results/20260707_1536/CWE415/valgrind/bin/CWE415/bad/CWE415_Double_Free__malloc_free_struct_41-bad)
==2224719==    by 0x109352: CWE415_Double_Free__malloc_free_struct_41_bad (in /home/loris/Desktop/TestRepositories/Forked/juliet-test-suite-c/Automatic/results/20260707_1536/CWE415/valgrind/bin/CWE415/bad/CWE415_Double_Free__malloc_free_struct_41-bad)
==2224719==    by 0x109392: main (in /home/loris/Desktop/TestRepositories/Forked/juliet-test-suite-c/Automatic/results/20260707_1536/CWE415/valgrind/bin/CWE415/bad/CWE415_Double_Free__malloc_free_struct_41-bad)
==2224719==  Address 0x4a85080 is 0 bytes inside a block of size 800 free'd
==2224719==    at 0x484988F: free (in /usr/libexec/valgrind/vgpreload_memcheck-amd64-linux.so)
==2224719==    by 0x109346: CWE415_Double_Free__malloc_free_struct_41_bad (in /home/loris/Desktop/TestRepositories/Forked/juliet-test-suite-c/Automatic/results/20260707_1536/CWE415/valgrind/bin/CWE415/bad/CWE415_Double_Free__malloc_free_struct_41-bad)
==2224719==    by 0x109392: main (in /home/loris/Desktop/TestRepositories/Forked/juliet-test-suite-c/Automatic/results/20260707_1536/CWE415/valgrind/bin/CWE415/bad/CWE415_Double_Free__malloc_free_struct_41-bad)
==2224719==  Block was alloc'd at
==2224719==    at 0x4846828: malloc (in /usr/libexec/valgrind/vgpreload_memcheck-amd64-linux.so)
==2224719==    by 0x109325: CWE415_Double_Free__malloc_free_struct_41_bad (in /home/loris/Desktop/TestRepositories/Forked/juliet-test-suite-c/Automatic/results/20260707_1536/CWE415/valgrind/bin/CWE415/bad/CWE415_Double_Free__malloc_free_struct_41-bad)
==2224719==    by 0x109392: main (in /home/loris/Desktop/TestRepositories/Forked/juliet-test-suite-c/Automatic/results/20260707_1536/CWE415/valgrind/bin/CWE415/bad/CWE415_Double_Free__malloc_free_struct_41-bad)
==2224719== 
==2224719== 
==2224719== HEAP SUMMARY:
==2224719==     in use at exit: 0 bytes in 0 blocks
==2224719==   total heap usage: 2 allocs, 3 frees, 4,896 bytes allocated
==2224719== 
==2224719== All heap blocks were freed -- no leaks are possible
==2224719== 
==2224719== For lists of detected and suppressed errors, rerun with: -s
==2224719== ERROR SUMMARY: 1 errors from 1 contexts (suppressed: 0 from 0)
