==1652083== Memcheck, a memory error detector
==1652083== Copyright (C) 2002-2022, and GNU GPL'd, by Julian Seward et al.
==1652083== Using Valgrind-3.22.0 and LibVEX; rerun with -h for copyright info
==1652083== Command: /home/loris/Desktop/TestRepositories/Forked/juliet-test-suite-c/Automatic/results/20260707_1536/CWE124/valgrind/bin/CWE124/good/CWE124_Buffer_Underwrite__malloc_char_ncpy_11-good
==1652083== Parent PID: 1652082
==1652083== 
==1652083== 
==1652083== HEAP SUMMARY:
==1652083==     in use at exit: 200 bytes in 2 blocks
==1652083==   total heap usage: 3 allocs, 1 frees, 4,296 bytes allocated
==1652083== 
==1652083== LEAK SUMMARY:
==1652083==    definitely lost: 200 bytes in 2 blocks
==1652083==    indirectly lost: 0 bytes in 0 blocks
==1652083==      possibly lost: 0 bytes in 0 blocks
==1652083==    still reachable: 0 bytes in 0 blocks
==1652083==         suppressed: 0 bytes in 0 blocks
==1652083== Rerun with --leak-check=full to see details of leaked memory
==1652083== 
==1652083== For lists of detected and suppressed errors, rerun with: -s
==1652083== ERROR SUMMARY: 0 errors from 0 contexts (suppressed: 0 from 0)
