==1652095== Memcheck, a memory error detector
==1652095== Copyright (C) 2002-2022, and GNU GPL'd, by Julian Seward et al.
==1652095== Using Valgrind-3.22.0 and LibVEX; rerun with -h for copyright info
==1652095== Command: /home/loris/Desktop/TestRepositories/Forked/juliet-test-suite-c/Automatic/results/20260707_1536/CWE124/valgrind/bin/CWE124/good/CWE124_Buffer_Underwrite__malloc_char_ncpy_17-good
==1652095== Parent PID: 1652094
==1652095== 
==1652095== 
==1652095== HEAP SUMMARY:
==1652095==     in use at exit: 100 bytes in 1 blocks
==1652095==   total heap usage: 2 allocs, 1 frees, 4,196 bytes allocated
==1652095== 
==1652095== LEAK SUMMARY:
==1652095==    definitely lost: 100 bytes in 1 blocks
==1652095==    indirectly lost: 0 bytes in 0 blocks
==1652095==      possibly lost: 0 bytes in 0 blocks
==1652095==    still reachable: 0 bytes in 0 blocks
==1652095==         suppressed: 0 bytes in 0 blocks
==1652095== Rerun with --leak-check=full to see details of leaked memory
==1652095== 
==1652095== For lists of detected and suppressed errors, rerun with: -s
==1652095== ERROR SUMMARY: 0 errors from 0 contexts (suppressed: 0 from 0)
