==1650885== Memcheck, a memory error detector
==1650885== Copyright (C) 2002-2022, and GNU GPL'd, by Julian Seward et al.
==1650885== Using Valgrind-3.22.0 and LibVEX; rerun with -h for copyright info
==1650885== Command: /home/loris/Desktop/TestRepositories/Forked/juliet-test-suite-c/Automatic/results/20260707_1536/CWE124/valgrind/bin/CWE124/good/CWE124_Buffer_Underwrite__CWE839_listen_socket_34-good
==1650885== Parent PID: 1650884
==1650885== 
==1650885== 
==1650885== Process terminating with default action of signal 15 (SIGTERM)
==1650885==    at 0x499A834: accept (accept.c:26)
==1650885==    by 0x109511: goodB2G (in /home/loris/Desktop/TestRepositories/Forked/juliet-test-suite-c/Automatic/results/20260707_1536/CWE124/valgrind/bin/CWE124/good/CWE124_Buffer_Underwrite__CWE839_listen_socket_34-good)
==1650885==    by 0x109623: CWE124_Buffer_Underwrite__CWE839_listen_socket_34_good (in /home/loris/Desktop/TestRepositories/Forked/juliet-test-suite-c/Automatic/results/20260707_1536/CWE124/valgrind/bin/CWE124/good/CWE124_Buffer_Underwrite__CWE839_listen_socket_34-good)
==1650885==    by 0x109663: main (in /home/loris/Desktop/TestRepositories/Forked/juliet-test-suite-c/Automatic/results/20260707_1536/CWE124/valgrind/bin/CWE124/good/CWE124_Buffer_Underwrite__CWE839_listen_socket_34-good)
==1650885== 
==1650885== HEAP SUMMARY:
==1650885==     in use at exit: 4,096 bytes in 1 blocks
==1650885==   total heap usage: 1 allocs, 0 frees, 4,096 bytes allocated
==1650885== 
==1650885== LEAK SUMMARY:
==1650885==    definitely lost: 0 bytes in 0 blocks
==1650885==    indirectly lost: 0 bytes in 0 blocks
==1650885==      possibly lost: 0 bytes in 0 blocks
==1650885==    still reachable: 4,096 bytes in 1 blocks
==1650885==         suppressed: 0 bytes in 0 blocks
==1650885== Rerun with --leak-check=full to see details of leaked memory
==1650885== 
==1650885== For lists of detected and suppressed errors, rerun with: -s
==1650885== ERROR SUMMARY: 0 errors from 0 contexts (suppressed: 0 from 0)
