==1654974== Memcheck, a memory error detector
==1654974== Copyright (C) 2002-2022, and GNU GPL'd, by Julian Seward et al.
==1654974== Using Valgrind-3.22.0 and LibVEX; rerun with -h for copyright info
==1654974== Command: /home/loris/Desktop/TestRepositories/Forked/juliet-test-suite-c/Automatic/results/20260707_1536/CWE124/valgrind/bin/CWE124/bad/CWE124_Buffer_Underwrite__char_declare_ncpy_01-bad
==1654974== Parent PID: 1654973
==1654974== 
==1654974== Invalid write of size 1
==1654974==    at 0x109356: CWE124_Buffer_Underwrite__char_declare_ncpy_01_bad (in /home/loris/Desktop/TestRepositories/Forked/juliet-test-suite-c/Automatic/results/20260707_1536/CWE124/valgrind/bin/CWE124/bad/CWE124_Buffer_Underwrite__char_declare_ncpy_01-bad)
==1654974==    by 0x1093BB: main (in /home/loris/Desktop/TestRepositories/Forked/juliet-test-suite-c/Automatic/results/20260707_1536/CWE124/valgrind/bin/CWE124/bad/CWE124_Buffer_Underwrite__char_declare_ncpy_01-bad)
==1654974==  Address 0x43434343434343a6 is not stack'd, malloc'd or (recently) free'd
==1654974== 
==1654974== 
==1654974== Process terminating with default action of signal 11 (SIGSEGV)
==1654974==  General Protection Fault
==1654974==    at 0x109356: CWE124_Buffer_Underwrite__char_declare_ncpy_01_bad (in /home/loris/Desktop/TestRepositories/Forked/juliet-test-suite-c/Automatic/results/20260707_1536/CWE124/valgrind/bin/CWE124/bad/CWE124_Buffer_Underwrite__char_declare_ncpy_01-bad)
==1654974==    by 0x1093BB: main (in /home/loris/Desktop/TestRepositories/Forked/juliet-test-suite-c/Automatic/results/20260707_1536/CWE124/valgrind/bin/CWE124/bad/CWE124_Buffer_Underwrite__char_declare_ncpy_01-bad)
==1654974== 
==1654974== HEAP SUMMARY:
==1654974==     in use at exit: 4,096 bytes in 1 blocks
==1654974==   total heap usage: 1 allocs, 0 frees, 4,096 bytes allocated
==1654974== 
==1654974== LEAK SUMMARY:
==1654974==    definitely lost: 0 bytes in 0 blocks
==1654974==    indirectly lost: 0 bytes in 0 blocks
==1654974==      possibly lost: 0 bytes in 0 blocks
==1654974==    still reachable: 4,096 bytes in 1 blocks
==1654974==         suppressed: 0 bytes in 0 blocks
==1654974== Rerun with --leak-check=full to see details of leaked memory
==1654974== 
==1654974== For lists of detected and suppressed errors, rerun with: -s
==1654974== ERROR SUMMARY: 1 errors from 1 contexts (suppressed: 0 from 0)
