==1652408== Memcheck, a memory error detector
==1652408== Copyright (C) 2002-2022, and GNU GPL'd, by Julian Seward et al.
==1652408== Using Valgrind-3.22.0 and LibVEX; rerun with -h for copyright info
==1652408== Command: /home/loris/Desktop/TestRepositories/Forked/juliet-test-suite-c/Automatic/results/20260707_1536/CWE124/valgrind/bin/CWE124/bad/CWE124_Buffer_Underwrite__CWE839_listen_socket_22-bad
==1652408== Parent PID: 1652407
==1652408== 
==1652408== 
==1652408== Process terminating with default action of signal 15 (SIGTERM)
==1652408==    at 0x499A834: accept (accept.c:26)
==1652408==    by 0x10946D: CWE124_Buffer_Underwrite__CWE839_listen_socket_22_bad (in /home/loris/Desktop/TestRepositories/Forked/juliet-test-suite-c/Automatic/results/20260707_1536/CWE124/valgrind/bin/CWE124/bad/CWE124_Buffer_Underwrite__CWE839_listen_socket_22-bad)
==1652408==    by 0x10954A: main (in /home/loris/Desktop/TestRepositories/Forked/juliet-test-suite-c/Automatic/results/20260707_1536/CWE124/valgrind/bin/CWE124/bad/CWE124_Buffer_Underwrite__CWE839_listen_socket_22-bad)
==1652408== 
==1652408== HEAP SUMMARY:
==1652408==     in use at exit: 4,096 bytes in 1 blocks
==1652408==   total heap usage: 1 allocs, 0 frees, 4,096 bytes allocated
==1652408== 
==1652408== LEAK SUMMARY:
==1652408==    definitely lost: 0 bytes in 0 blocks
==1652408==    indirectly lost: 0 bytes in 0 blocks
==1652408==      possibly lost: 0 bytes in 0 blocks
==1652408==    still reachable: 4,096 bytes in 1 blocks
==1652408==         suppressed: 0 bytes in 0 blocks
==1652408== Rerun with --leak-check=full to see details of leaked memory
==1652408== 
==1652408== For lists of detected and suppressed errors, rerun with: -s
==1652408== ERROR SUMMARY: 0 errors from 0 contexts (suppressed: 0 from 0)
