==1650873== Memcheck, a memory error detector
==1650873== Copyright (C) 2002-2022, and GNU GPL'd, by Julian Seward et al.
==1650873== Using Valgrind-3.22.0 and LibVEX; rerun with -h for copyright info
==1650873== Command: /home/loris/Desktop/TestRepositories/Forked/juliet-test-suite-c/Automatic/results/20260707_1536/CWE124/valgrind/bin/CWE124/good/CWE124_Buffer_Underwrite__CWE839_listen_socket_17-good
==1650873== Parent PID: 1650872
==1650873== 
==1650873== 
==1650873== Process terminating with default action of signal 15 (SIGTERM)
==1650873==    at 0x499A834: accept (accept.c:26)
==1650873==    by 0x109479: goodB2G (in /home/loris/Desktop/TestRepositories/Forked/juliet-test-suite-c/Automatic/results/20260707_1536/CWE124/valgrind/bin/CWE124/good/CWE124_Buffer_Underwrite__CWE839_listen_socket_17-good)
==1650873==    by 0x109654: CWE124_Buffer_Underwrite__CWE839_listen_socket_17_good (in /home/loris/Desktop/TestRepositories/Forked/juliet-test-suite-c/Automatic/results/20260707_1536/CWE124/valgrind/bin/CWE124/good/CWE124_Buffer_Underwrite__CWE839_listen_socket_17-good)
==1650873==    by 0x10969E: main (in /home/loris/Desktop/TestRepositories/Forked/juliet-test-suite-c/Automatic/results/20260707_1536/CWE124/valgrind/bin/CWE124/good/CWE124_Buffer_Underwrite__CWE839_listen_socket_17-good)
==1650873== 
==1650873== HEAP SUMMARY:
==1650873==     in use at exit: 4,096 bytes in 1 blocks
==1650873==   total heap usage: 1 allocs, 0 frees, 4,096 bytes allocated
==1650873== 
==1650873== LEAK SUMMARY:
==1650873==    definitely lost: 0 bytes in 0 blocks
==1650873==    indirectly lost: 0 bytes in 0 blocks
==1650873==      possibly lost: 0 bytes in 0 blocks
==1650873==    still reachable: 4,096 bytes in 1 blocks
==1650873==         suppressed: 0 bytes in 0 blocks
==1650873== Rerun with --leak-check=full to see details of leaked memory
==1650873== 
==1650873== For lists of detected and suppressed errors, rerun with: -s
==1650873== ERROR SUMMARY: 0 errors from 0 contexts (suppressed: 0 from 0)
