==1650912== Memcheck, a memory error detector
==1650912== Copyright (C) 2002-2022, and GNU GPL'd, by Julian Seward et al.
==1650912== Using Valgrind-3.22.0 and LibVEX; rerun with -h for copyright info
==1650912== Command: /home/loris/Desktop/TestRepositories/Forked/juliet-test-suite-c/Automatic/results/20260707_1536/CWE124/valgrind/bin/CWE124/good/CWE124_Buffer_Underwrite__CWE839_listen_socket_66-good
==1650912== Parent PID: 1650911
==1650912== 
==1650912== 
==1650912== Process terminating with default action of signal 15 (SIGTERM)
==1650912==    at 0x499A834: accept (accept.c:26)
==1650912==    by 0x1094BF: goodB2G (in /home/loris/Desktop/TestRepositories/Forked/juliet-test-suite-c/Automatic/results/20260707_1536/CWE124/valgrind/bin/CWE124/good/CWE124_Buffer_Underwrite__CWE839_listen_socket_66-good)
==1650912==    by 0x109579: CWE124_Buffer_Underwrite__CWE839_listen_socket_66_good (in /home/loris/Desktop/TestRepositories/Forked/juliet-test-suite-c/Automatic/results/20260707_1536/CWE124/valgrind/bin/CWE124/good/CWE124_Buffer_Underwrite__CWE839_listen_socket_66-good)
==1650912==    by 0x1095B9: main (in /home/loris/Desktop/TestRepositories/Forked/juliet-test-suite-c/Automatic/results/20260707_1536/CWE124/valgrind/bin/CWE124/good/CWE124_Buffer_Underwrite__CWE839_listen_socket_66-good)
==1650912== 
==1650912== HEAP SUMMARY:
==1650912==     in use at exit: 4,096 bytes in 1 blocks
==1650912==   total heap usage: 1 allocs, 0 frees, 4,096 bytes allocated
==1650912== 
==1650912== LEAK SUMMARY:
==1650912==    definitely lost: 0 bytes in 0 blocks
==1650912==    indirectly lost: 0 bytes in 0 blocks
==1650912==      possibly lost: 0 bytes in 0 blocks
==1650912==    still reachable: 4,096 bytes in 1 blocks
==1650912==         suppressed: 0 bytes in 0 blocks
==1650912== Rerun with --leak-check=full to see details of leaked memory
==1650912== 
==1650912== For lists of detected and suppressed errors, rerun with: -s
==1650912== ERROR SUMMARY: 0 errors from 0 contexts (suppressed: 0 from 0)
