==1651813== Memcheck, a memory error detector
==1651813== Copyright (C) 2002-2022, and GNU GPL'd, by Julian Seward et al.
==1651813== Using Valgrind-3.22.0 and LibVEX; rerun with -h for copyright info
==1651813== Command: /home/loris/Desktop/TestRepositories/Forked/juliet-test-suite-c/Automatic/results/20260707_1536/CWE124/valgrind/bin/CWE124/good/CWE124_Buffer_Underwrite__malloc_char_cpy_61-good
==1651813== Parent PID: 1651812
==1651813== 
==1651813== 
==1651813== HEAP SUMMARY:
==1651813==     in use at exit: 100 bytes in 1 blocks
==1651813==   total heap usage: 2 allocs, 1 frees, 4,196 bytes allocated
==1651813== 
==1651813== LEAK SUMMARY:
==1651813==    definitely lost: 100 bytes in 1 blocks
==1651813==    indirectly lost: 0 bytes in 0 blocks
==1651813==      possibly lost: 0 bytes in 0 blocks
==1651813==    still reachable: 0 bytes in 0 blocks
==1651813==         suppressed: 0 bytes in 0 blocks
==1651813== Rerun with --leak-check=full to see details of leaked memory
==1651813== 
==1651813== For lists of detected and suppressed errors, rerun with: -s
==1651813== ERROR SUMMARY: 0 errors from 0 contexts (suppressed: 0 from 0)
