==1653174== Memcheck, a memory error detector
==1653174== Copyright (C) 2002-2022, and GNU GPL'd, by Julian Seward et al.
==1653174== Using Valgrind-3.22.0 and LibVEX; rerun with -h for copyright info
==1653174== Command: /home/loris/Desktop/TestRepositories/Forked/juliet-test-suite-c/Automatic/results/20260707_1536/CWE124/valgrind/bin/CWE124/bad/CWE124_Buffer_Underwrite__char_alloca_loop_63-bad
==1653174== Parent PID: 1653173
==1653174== 
==1653174== Jump to the invalid address stated on the next line
==1653174==    at 0x4343434343434343: ???
==1653174==    by 0x1093D2: main (in /home/loris/Desktop/TestRepositories/Forked/juliet-test-suite-c/Automatic/results/20260707_1536/CWE124/valgrind/bin/CWE124/bad/CWE124_Buffer_Underwrite__char_alloca_loop_63-bad)
==1653174==  Address 0x4343434343434343 is not stack'd, malloc'd or (recently) free'd
==1653174== 
==1653174== 
==1653174== Process terminating with default action of signal 11 (SIGSEGV)
==1653174==  Bad permissions for mapped region at address 0x4343434343434343
==1653174==    at 0x4343434343434343: ???
==1653174==    by 0x1093D2: main (in /home/loris/Desktop/TestRepositories/Forked/juliet-test-suite-c/Automatic/results/20260707_1536/CWE124/valgrind/bin/CWE124/bad/CWE124_Buffer_Underwrite__char_alloca_loop_63-bad)
==1653174== 
==1653174== HEAP SUMMARY:
==1653174==     in use at exit: 4,096 bytes in 1 blocks
==1653174==   total heap usage: 1 allocs, 0 frees, 4,096 bytes allocated
==1653174== 
==1653174== LEAK SUMMARY:
==1653174==    definitely lost: 0 bytes in 0 blocks
==1653174==    indirectly lost: 0 bytes in 0 blocks
==1653174==      possibly lost: 0 bytes in 0 blocks
==1653174==    still reachable: 4,096 bytes in 1 blocks
==1653174==         suppressed: 0 bytes in 0 blocks
==1653174== Rerun with --leak-check=full to see details of leaked memory
==1653174== 
==1653174== For lists of detected and suppressed errors, rerun with: -s
==1653174== ERROR SUMMARY: 1 errors from 1 contexts (suppressed: 0 from 0)
