==1655067== Memcheck, a memory error detector
==1655067== Copyright (C) 2002-2022, and GNU GPL'd, by Julian Seward et al.
==1655067== Using Valgrind-3.22.0 and LibVEX; rerun with -h for copyright info
==1655067== Command: /home/loris/Desktop/TestRepositories/Forked/juliet-test-suite-c/Automatic/results/20260707_1536/CWE124/valgrind/bin/CWE124/bad/CWE124_Buffer_Underwrite__char_declare_ncpy_10-bad
==1655067== Parent PID: 1655066
==1655067== 
==1655067== Invalid write of size 1
==1655067==    at 0x109360: CWE124_Buffer_Underwrite__char_declare_ncpy_10_bad (in /home/loris/Desktop/TestRepositories/Forked/juliet-test-suite-c/Automatic/results/20260707_1536/CWE124/valgrind/bin/CWE124/bad/CWE124_Buffer_Underwrite__char_declare_ncpy_10-bad)
==1655067==    by 0x1093C5: main (in /home/loris/Desktop/TestRepositories/Forked/juliet-test-suite-c/Automatic/results/20260707_1536/CWE124/valgrind/bin/CWE124/bad/CWE124_Buffer_Underwrite__char_declare_ncpy_10-bad)
==1655067==  Address 0x43434343434343a6 is not stack'd, malloc'd or (recently) free'd
==1655067== 
==1655067== 
==1655067== Process terminating with default action of signal 11 (SIGSEGV)
==1655067==  General Protection Fault
==1655067==    at 0x109360: CWE124_Buffer_Underwrite__char_declare_ncpy_10_bad (in /home/loris/Desktop/TestRepositories/Forked/juliet-test-suite-c/Automatic/results/20260707_1536/CWE124/valgrind/bin/CWE124/bad/CWE124_Buffer_Underwrite__char_declare_ncpy_10-bad)
==1655067==    by 0x1093C5: main (in /home/loris/Desktop/TestRepositories/Forked/juliet-test-suite-c/Automatic/results/20260707_1536/CWE124/valgrind/bin/CWE124/bad/CWE124_Buffer_Underwrite__char_declare_ncpy_10-bad)
==1655067== 
==1655067== HEAP SUMMARY:
==1655067==     in use at exit: 4,096 bytes in 1 blocks
==1655067==   total heap usage: 1 allocs, 0 frees, 4,096 bytes allocated
==1655067== 
==1655067== LEAK SUMMARY:
==1655067==    definitely lost: 0 bytes in 0 blocks
==1655067==    indirectly lost: 0 bytes in 0 blocks
==1655067==      possibly lost: 0 bytes in 0 blocks
==1655067==    still reachable: 4,096 bytes in 1 blocks
==1655067==         suppressed: 0 bytes in 0 blocks
==1655067== Rerun with --leak-check=full to see details of leaked memory
==1655067== 
==1655067== For lists of detected and suppressed errors, rerun with: -s
==1655067== ERROR SUMMARY: 1 errors from 1 contexts (suppressed: 0 from 0)
