==1653384== Memcheck, a memory error detector
==1653384== Copyright (C) 2002-2022, and GNU GPL'd, by Julian Seward et al.
==1653384== Using Valgrind-3.22.0 and LibVEX; rerun with -h for copyright info
==1653384== Command: /home/loris/Desktop/TestRepositories/Forked/juliet-test-suite-c/Automatic/results/20260707_1536/CWE124/valgrind/bin/CWE124/bad/CWE124_Buffer_Underwrite__char_alloca_memcpy_65-bad
==1653384== Parent PID: 1653383
==1653384== 
==1653384== Jump to the invalid address stated on the next line
==1653384==    at 0x4343434343434343: ???
==1653384==    by 0x1093DE: main (in /home/loris/Desktop/TestRepositories/Forked/juliet-test-suite-c/Automatic/results/20260707_1536/CWE124/valgrind/bin/CWE124/bad/CWE124_Buffer_Underwrite__char_alloca_memcpy_65-bad)
==1653384==  Address 0x4343434343434343 is not stack'd, malloc'd or (recently) free'd
==1653384== 
==1653384== 
==1653384== Process terminating with default action of signal 11 (SIGSEGV)
==1653384==  Bad permissions for mapped region at address 0x4343434343434343
==1653384==    at 0x4343434343434343: ???
==1653384==    by 0x1093DE: main (in /home/loris/Desktop/TestRepositories/Forked/juliet-test-suite-c/Automatic/results/20260707_1536/CWE124/valgrind/bin/CWE124/bad/CWE124_Buffer_Underwrite__char_alloca_memcpy_65-bad)
==1653384== 
==1653384== HEAP SUMMARY:
==1653384==     in use at exit: 4,096 bytes in 1 blocks
==1653384==   total heap usage: 1 allocs, 0 frees, 4,096 bytes allocated
==1653384== 
==1653384== LEAK SUMMARY:
==1653384==    definitely lost: 0 bytes in 0 blocks
==1653384==    indirectly lost: 0 bytes in 0 blocks
==1653384==      possibly lost: 0 bytes in 0 blocks
==1653384==    still reachable: 4,096 bytes in 1 blocks
==1653384==         suppressed: 0 bytes in 0 blocks
==1653384== Rerun with --leak-check=full to see details of leaked memory
==1653384== 
==1653384== For lists of detected and suppressed errors, rerun with: -s
==1653384== ERROR SUMMARY: 1 errors from 1 contexts (suppressed: 0 from 0)
