==1654004== Memcheck, a memory error detector
==1654004== Copyright (C) 2002-2022, and GNU GPL'd, by Julian Seward et al.
==1654004== Using Valgrind-3.22.0 and LibVEX; rerun with -h for copyright info
==1654004== Command: /home/loris/Desktop/TestRepositories/Forked/juliet-test-suite-c/Automatic/results/20260707_1536/CWE124/valgrind/bin/CWE124/bad/CWE124_Buffer_Underwrite__char_alloca_ncpy_34-bad
==1654004== Parent PID: 1654003
==1654004== 
==1654004== Jump to the invalid address stated on the next line
==1654004==    at 0x4343434343434343: ???
==1654004==    by 0x109454: main (in /home/loris/Desktop/TestRepositories/Forked/juliet-test-suite-c/Automatic/results/20260707_1536/CWE124/valgrind/bin/CWE124/bad/CWE124_Buffer_Underwrite__char_alloca_ncpy_34-bad)
==1654004==  Address 0x4343434343434343 is not stack'd, malloc'd or (recently) free'd
==1654004== 
==1654004== 
==1654004== Process terminating with default action of signal 11 (SIGSEGV)
==1654004==  Bad permissions for mapped region at address 0x4343434343434343
==1654004==    at 0x4343434343434343: ???
==1654004==    by 0x109454: main (in /home/loris/Desktop/TestRepositories/Forked/juliet-test-suite-c/Automatic/results/20260707_1536/CWE124/valgrind/bin/CWE124/bad/CWE124_Buffer_Underwrite__char_alloca_ncpy_34-bad)
==1654004== 
==1654004== HEAP SUMMARY:
==1654004==     in use at exit: 4,096 bytes in 1 blocks
==1654004==   total heap usage: 1 allocs, 0 frees, 4,096 bytes allocated
==1654004== 
==1654004== LEAK SUMMARY:
==1654004==    definitely lost: 0 bytes in 0 blocks
==1654004==    indirectly lost: 0 bytes in 0 blocks
==1654004==      possibly lost: 0 bytes in 0 blocks
==1654004==    still reachable: 4,096 bytes in 1 blocks
==1654004==         suppressed: 0 bytes in 0 blocks
==1654004== Rerun with --leak-check=full to see details of leaked memory
==1654004== 
==1654004== For lists of detected and suppressed errors, rerun with: -s
==1654004== ERROR SUMMARY: 1 errors from 1 contexts (suppressed: 0 from 0)
