==1650883== Memcheck, a memory error detector
==1650883== Copyright (C) 2002-2022, and GNU GPL'd, by Julian Seward et al.
==1650883== Using Valgrind-3.22.0 and LibVEX; rerun with -h for copyright info
==1650883== Command: /home/loris/Desktop/TestRepositories/Forked/juliet-test-suite-c/Automatic/results/20260707_1536/CWE124/valgrind/bin/CWE124/good/CWE124_Buffer_Underwrite__CWE839_listen_socket_32-good
==1650883== Parent PID: 1650882
==1650883== 
==1650883== 
==1650883== Process terminating with default action of signal 15 (SIGTERM)
==1650883==    at 0x499A834: accept (accept.c:26)
==1650883==    by 0x109549: goodB2G (in /home/loris/Desktop/TestRepositories/Forked/juliet-test-suite-c/Automatic/results/20260707_1536/CWE124/valgrind/bin/CWE124/good/CWE124_Buffer_Underwrite__CWE839_listen_socket_32-good)
==1650883==    by 0x109661: CWE124_Buffer_Underwrite__CWE839_listen_socket_32_good (in /home/loris/Desktop/TestRepositories/Forked/juliet-test-suite-c/Automatic/results/20260707_1536/CWE124/valgrind/bin/CWE124/good/CWE124_Buffer_Underwrite__CWE839_listen_socket_32-good)
==1650883==    by 0x1096A1: main (in /home/loris/Desktop/TestRepositories/Forked/juliet-test-suite-c/Automatic/results/20260707_1536/CWE124/valgrind/bin/CWE124/good/CWE124_Buffer_Underwrite__CWE839_listen_socket_32-good)
==1650883== 
==1650883== HEAP SUMMARY:
==1650883==     in use at exit: 4,096 bytes in 1 blocks
==1650883==   total heap usage: 1 allocs, 0 frees, 4,096 bytes allocated
==1650883== 
==1650883== LEAK SUMMARY:
==1650883==    definitely lost: 0 bytes in 0 blocks
==1650883==    indirectly lost: 0 bytes in 0 blocks
==1650883==      possibly lost: 0 bytes in 0 blocks
==1650883==    still reachable: 4,096 bytes in 1 blocks
==1650883==         suppressed: 0 bytes in 0 blocks
==1650883== Rerun with --leak-check=full to see details of leaked memory
==1650883== 
==1650883== For lists of detected and suppressed errors, rerun with: -s
==1650883== ERROR SUMMARY: 0 errors from 0 contexts (suppressed: 0 from 0)
