==1650855== Memcheck, a memory error detector
==1650855== Copyright (C) 2002-2022, and GNU GPL'd, by Julian Seward et al.
==1650855== Using Valgrind-3.22.0 and LibVEX; rerun with -h for copyright info
==1650855== Command: /home/loris/Desktop/TestRepositories/Forked/juliet-test-suite-c/Automatic/results/20260707_1536/CWE124/valgrind/bin/CWE124/good/CWE124_Buffer_Underwrite__CWE839_listen_socket_08-good
==1650855== Parent PID: 1650854
==1650855== 
==1650855== 
==1650855== Process terminating with default action of signal 15 (SIGTERM)
==1650855==    at 0x499A834: accept (accept.c:26)
==1650855==    by 0x10949D: goodB2G1 (in /home/loris/Desktop/TestRepositories/Forked/juliet-test-suite-c/Automatic/results/20260707_1536/CWE124/valgrind/bin/CWE124/good/CWE124_Buffer_Underwrite__CWE839_listen_socket_08-good)
==1650855==    by 0x109904: CWE124_Buffer_Underwrite__CWE839_listen_socket_08_good (in /home/loris/Desktop/TestRepositories/Forked/juliet-test-suite-c/Automatic/results/20260707_1536/CWE124/valgrind/bin/CWE124/good/CWE124_Buffer_Underwrite__CWE839_listen_socket_08-good)
==1650855==    by 0x109962: main (in /home/loris/Desktop/TestRepositories/Forked/juliet-test-suite-c/Automatic/results/20260707_1536/CWE124/valgrind/bin/CWE124/good/CWE124_Buffer_Underwrite__CWE839_listen_socket_08-good)
==1650855== 
==1650855== HEAP SUMMARY:
==1650855==     in use at exit: 4,096 bytes in 1 blocks
==1650855==   total heap usage: 1 allocs, 0 frees, 4,096 bytes allocated
==1650855== 
==1650855== LEAK SUMMARY:
==1650855==    definitely lost: 0 bytes in 0 blocks
==1650855==    indirectly lost: 0 bytes in 0 blocks
==1650855==      possibly lost: 0 bytes in 0 blocks
==1650855==    still reachable: 4,096 bytes in 1 blocks
==1650855==         suppressed: 0 bytes in 0 blocks
==1650855== Rerun with --leak-check=full to see details of leaked memory
==1650855== 
==1650855== For lists of detected and suppressed errors, rerun with: -s
==1650855== ERROR SUMMARY: 0 errors from 0 contexts (suppressed: 0 from 0)
