==1652009== Memcheck, a memory error detector
==1652009== Copyright (C) 2002-2022, and GNU GPL'd, by Julian Seward et al.
==1652009== Using Valgrind-3.22.0 and LibVEX; rerun with -h for copyright info
==1652009== Command: /home/loris/Desktop/TestRepositories/Forked/juliet-test-suite-c/Automatic/results/20260707_1536/CWE124/valgrind/bin/CWE124/good/CWE124_Buffer_Underwrite__malloc_char_memmove_12-good
==1652009== Parent PID: 1652008
==1652009== 
==1652009== 
==1652009== HEAP SUMMARY:
==1652009==     in use at exit: 100 bytes in 1 blocks
==1652009==   total heap usage: 2 allocs, 1 frees, 4,196 bytes allocated
==1652009== 
==1652009== LEAK SUMMARY:
==1652009==    definitely lost: 100 bytes in 1 blocks
==1652009==    indirectly lost: 0 bytes in 0 blocks
==1652009==      possibly lost: 0 bytes in 0 blocks
==1652009==    still reachable: 0 bytes in 0 blocks
==1652009==         suppressed: 0 bytes in 0 blocks
==1652009== Rerun with --leak-check=full to see details of leaked memory
==1652009== 
==1652009== For lists of detected and suppressed errors, rerun with: -s
==1652009== ERROR SUMMARY: 0 errors from 0 contexts (suppressed: 0 from 0)
