==1654015== Memcheck, a memory error detector
==1654015== Copyright (C) 2002-2022, and GNU GPL'd, by Julian Seward et al.
==1654015== Using Valgrind-3.22.0 and LibVEX; rerun with -h for copyright info
==1654015== Command: /home/loris/Desktop/TestRepositories/Forked/juliet-test-suite-c/Automatic/results/20260707_1536/CWE124/valgrind/bin/CWE124/bad/CWE124_Buffer_Underwrite__char_alloca_ncpy_41-bad
==1654015== Parent PID: 1654014
==1654015== 
==1654015== Jump to the invalid address stated on the next line
==1654015==    at 0x4343434343434343: ???
==1654015==    by 0x109471: main (in /home/loris/Desktop/TestRepositories/Forked/juliet-test-suite-c/Automatic/results/20260707_1536/CWE124/valgrind/bin/CWE124/bad/CWE124_Buffer_Underwrite__char_alloca_ncpy_41-bad)
==1654015==  Address 0x4343434343434343 is not stack'd, malloc'd or (recently) free'd
==1654015== 
==1654015== 
==1654015== Process terminating with default action of signal 11 (SIGSEGV)
==1654015==  Bad permissions for mapped region at address 0x4343434343434343
==1654015==    at 0x4343434343434343: ???
==1654015==    by 0x109471: main (in /home/loris/Desktop/TestRepositories/Forked/juliet-test-suite-c/Automatic/results/20260707_1536/CWE124/valgrind/bin/CWE124/bad/CWE124_Buffer_Underwrite__char_alloca_ncpy_41-bad)
==1654015== 
==1654015== HEAP SUMMARY:
==1654015==     in use at exit: 4,096 bytes in 1 blocks
==1654015==   total heap usage: 1 allocs, 0 frees, 4,096 bytes allocated
==1654015== 
==1654015== LEAK SUMMARY:
==1654015==    definitely lost: 0 bytes in 0 blocks
==1654015==    indirectly lost: 0 bytes in 0 blocks
==1654015==      possibly lost: 0 bytes in 0 blocks
==1654015==    still reachable: 4,096 bytes in 1 blocks
==1654015==         suppressed: 0 bytes in 0 blocks
==1654015== Rerun with --leak-check=full to see details of leaked memory
==1654015== 
==1654015== For lists of detected and suppressed errors, rerun with: -s
==1654015== ERROR SUMMARY: 1 errors from 1 contexts (suppressed: 0 from 0)
