==1650869== Memcheck, a memory error detector
==1650869== Copyright (C) 2002-2022, and GNU GPL'd, by Julian Seward et al.
==1650869== Using Valgrind-3.22.0 and LibVEX; rerun with -h for copyright info
==1650869== Command: /home/loris/Desktop/TestRepositories/Forked/juliet-test-suite-c/Automatic/results/20260707_1536/CWE124/valgrind/bin/CWE124/good/CWE124_Buffer_Underwrite__CWE839_listen_socket_15-good
==1650869== Parent PID: 1650868
==1650869== 
==1650869== 
==1650869== Process terminating with default action of signal 15 (SIGTERM)
==1650869==    at 0x499A834: accept (accept.c:26)
==1650869==    by 0x10946D: goodB2G1 (in /home/loris/Desktop/TestRepositories/Forked/juliet-test-suite-c/Automatic/results/20260707_1536/CWE124/valgrind/bin/CWE124/good/CWE124_Buffer_Underwrite__CWE839_listen_socket_15-good)
==1650869==    by 0x109850: CWE124_Buffer_Underwrite__CWE839_listen_socket_15_good (in /home/loris/Desktop/TestRepositories/Forked/juliet-test-suite-c/Automatic/results/20260707_1536/CWE124/valgrind/bin/CWE124/good/CWE124_Buffer_Underwrite__CWE839_listen_socket_15-good)
==1650869==    by 0x1098AE: main (in /home/loris/Desktop/TestRepositories/Forked/juliet-test-suite-c/Automatic/results/20260707_1536/CWE124/valgrind/bin/CWE124/good/CWE124_Buffer_Underwrite__CWE839_listen_socket_15-good)
==1650869== 
==1650869== HEAP SUMMARY:
==1650869==     in use at exit: 4,096 bytes in 1 blocks
==1650869==   total heap usage: 1 allocs, 0 frees, 4,096 bytes allocated
==1650869== 
==1650869== LEAK SUMMARY:
==1650869==    definitely lost: 0 bytes in 0 blocks
==1650869==    indirectly lost: 0 bytes in 0 blocks
==1650869==      possibly lost: 0 bytes in 0 blocks
==1650869==    still reachable: 4,096 bytes in 1 blocks
==1650869==         suppressed: 0 bytes in 0 blocks
==1650869== Rerun with --leak-check=full to see details of leaked memory
==1650869== 
==1650869== For lists of detected and suppressed errors, rerun with: -s
==1650869== ERROR SUMMARY: 0 errors from 0 contexts (suppressed: 0 from 0)
