==1652071== Memcheck, a memory error detector
==1652071== Copyright (C) 2002-2022, and GNU GPL'd, by Julian Seward et al.
==1652071== Using Valgrind-3.22.0 and LibVEX; rerun with -h for copyright info
==1652071== Command: /home/loris/Desktop/TestRepositories/Forked/juliet-test-suite-c/Automatic/results/20260707_1536/CWE124/valgrind/bin/CWE124/good/CWE124_Buffer_Underwrite__malloc_char_ncpy_05-good
==1652071== Parent PID: 1652070
==1652071== 
==1652071== 
==1652071== HEAP SUMMARY:
==1652071==     in use at exit: 200 bytes in 2 blocks
==1652071==   total heap usage: 3 allocs, 1 frees, 4,296 bytes allocated
==1652071== 
==1652071== LEAK SUMMARY:
==1652071==    definitely lost: 200 bytes in 2 blocks
==1652071==    indirectly lost: 0 bytes in 0 blocks
==1652071==      possibly lost: 0 bytes in 0 blocks
==1652071==    still reachable: 0 bytes in 0 blocks
==1652071==         suppressed: 0 bytes in 0 blocks
==1652071== Rerun with --leak-check=full to see details of leaked memory
==1652071== 
==1652071== For lists of detected and suppressed errors, rerun with: -s
==1652071== ERROR SUMMARY: 0 errors from 0 contexts (suppressed: 0 from 0)
