==1653650== Memcheck, a memory error detector
==1653650== Copyright (C) 2002-2022, and GNU GPL'd, by Julian Seward et al.
==1653650== Using Valgrind-3.22.0 and LibVEX; rerun with -h for copyright info
==1653650== Command: /home/loris/Desktop/TestRepositories/Forked/juliet-test-suite-c/Automatic/results/20260707_1536/CWE124/valgrind/bin/CWE124/bad/CWE124_Buffer_Underwrite__char_alloca_memmove_41-bad
==1653650== Parent PID: 1653649
==1653650== 
==1653650== Jump to the invalid address stated on the next line
==1653650==    at 0x4343434343434343: ???
==1653650==    by 0x109471: main (in /home/loris/Desktop/TestRepositories/Forked/juliet-test-suite-c/Automatic/results/20260707_1536/CWE124/valgrind/bin/CWE124/bad/CWE124_Buffer_Underwrite__char_alloca_memmove_41-bad)
==1653650==  Address 0x4343434343434343 is not stack'd, malloc'd or (recently) free'd
==1653650== 
==1653650== 
==1653650== Process terminating with default action of signal 11 (SIGSEGV)
==1653650==  Bad permissions for mapped region at address 0x4343434343434343
==1653650==    at 0x4343434343434343: ???
==1653650==    by 0x109471: main (in /home/loris/Desktop/TestRepositories/Forked/juliet-test-suite-c/Automatic/results/20260707_1536/CWE124/valgrind/bin/CWE124/bad/CWE124_Buffer_Underwrite__char_alloca_memmove_41-bad)
==1653650== 
==1653650== HEAP SUMMARY:
==1653650==     in use at exit: 4,096 bytes in 1 blocks
==1653650==   total heap usage: 1 allocs, 0 frees, 4,096 bytes allocated
==1653650== 
==1653650== LEAK SUMMARY:
==1653650==    definitely lost: 0 bytes in 0 blocks
==1653650==    indirectly lost: 0 bytes in 0 blocks
==1653650==      possibly lost: 0 bytes in 0 blocks
==1653650==    still reachable: 4,096 bytes in 1 blocks
==1653650==         suppressed: 0 bytes in 0 blocks
==1653650== Rerun with --leak-check=full to see details of leaked memory
==1653650== 
==1653650== For lists of detected and suppressed errors, rerun with: -s
==1653650== ERROR SUMMARY: 1 errors from 1 contexts (suppressed: 0 from 0)
