==1652878== Memcheck, a memory error detector
==1652878== Copyright (C) 2002-2022, and GNU GPL'd, by Julian Seward et al.
==1652878== Using Valgrind-3.22.0 and LibVEX; rerun with -h for copyright info
==1652878== Command: /home/loris/Desktop/TestRepositories/Forked/juliet-test-suite-c/Automatic/results/20260707_1536/CWE124/valgrind/bin/CWE124/bad/CWE124_Buffer_Underwrite__char_alloca_cpy_31-bad
==1652878== Parent PID: 1652877
==1652878== 
==1652878== Jump to the invalid address stated on the next line
==1652878==    at 0x4343434343434343: ???
==1652878==    by 0x109444: main (in /home/loris/Desktop/TestRepositories/Forked/juliet-test-suite-c/Automatic/results/20260707_1536/CWE124/valgrind/bin/CWE124/bad/CWE124_Buffer_Underwrite__char_alloca_cpy_31-bad)
==1652878==  Address 0x4343434343434343 is not stack'd, malloc'd or (recently) free'd
==1652878== 
==1652878== 
==1652878== Process terminating with default action of signal 11 (SIGSEGV)
==1652878==  Bad permissions for mapped region at address 0x4343434343434343
==1652878==    at 0x4343434343434343: ???
==1652878==    by 0x109444: main (in /home/loris/Desktop/TestRepositories/Forked/juliet-test-suite-c/Automatic/results/20260707_1536/CWE124/valgrind/bin/CWE124/bad/CWE124_Buffer_Underwrite__char_alloca_cpy_31-bad)
==1652878== 
==1652878== HEAP SUMMARY:
==1652878==     in use at exit: 4,096 bytes in 1 blocks
==1652878==   total heap usage: 1 allocs, 0 frees, 4,096 bytes allocated
==1652878== 
==1652878== LEAK SUMMARY:
==1652878==    definitely lost: 0 bytes in 0 blocks
==1652878==    indirectly lost: 0 bytes in 0 blocks
==1652878==      possibly lost: 0 bytes in 0 blocks
==1652878==    still reachable: 4,096 bytes in 1 blocks
==1652878==         suppressed: 0 bytes in 0 blocks
==1652878== Rerun with --leak-check=full to see details of leaked memory
==1652878== 
==1652878== For lists of detected and suppressed errors, rerun with: -s
==1652878== ERROR SUMMARY: 1 errors from 1 contexts (suppressed: 0 from 0)
