==1653936== Memcheck, a memory error detector
==1653936== Copyright (C) 2002-2022, and GNU GPL'd, by Julian Seward et al.
==1653936== Using Valgrind-3.22.0 and LibVEX; rerun with -h for copyright info
==1653936== Command: /home/loris/Desktop/TestRepositories/Forked/juliet-test-suite-c/Automatic/results/20260707_1536/CWE124/valgrind/bin/CWE124/bad/CWE124_Buffer_Underwrite__char_alloca_ncpy_15-bad
==1653936== Parent PID: 1653935
==1653936== 
==1653936== Jump to the invalid address stated on the next line
==1653936==    at 0x4343434343434343: ???
==1653936==    by 0x109430: main (in /home/loris/Desktop/TestRepositories/Forked/juliet-test-suite-c/Automatic/results/20260707_1536/CWE124/valgrind/bin/CWE124/bad/CWE124_Buffer_Underwrite__char_alloca_ncpy_15-bad)
==1653936==  Address 0x4343434343434343 is not stack'd, malloc'd or (recently) free'd
==1653936== 
==1653936== 
==1653936== Process terminating with default action of signal 11 (SIGSEGV)
==1653936==  Bad permissions for mapped region at address 0x4343434343434343
==1653936==    at 0x4343434343434343: ???
==1653936==    by 0x109430: main (in /home/loris/Desktop/TestRepositories/Forked/juliet-test-suite-c/Automatic/results/20260707_1536/CWE124/valgrind/bin/CWE124/bad/CWE124_Buffer_Underwrite__char_alloca_ncpy_15-bad)
==1653936== 
==1653936== HEAP SUMMARY:
==1653936==     in use at exit: 4,096 bytes in 1 blocks
==1653936==   total heap usage: 1 allocs, 0 frees, 4,096 bytes allocated
==1653936== 
==1653936== LEAK SUMMARY:
==1653936==    definitely lost: 0 bytes in 0 blocks
==1653936==    indirectly lost: 0 bytes in 0 blocks
==1653936==      possibly lost: 0 bytes in 0 blocks
==1653936==    still reachable: 4,096 bytes in 1 blocks
==1653936==         suppressed: 0 bytes in 0 blocks
==1653936== Rerun with --leak-check=full to see details of leaked memory
==1653936== 
==1653936== For lists of detected and suppressed errors, rerun with: -s
==1653936== ERROR SUMMARY: 1 errors from 1 contexts (suppressed: 0 from 0)
