==1654444== Memcheck, a memory error detector
==1654444== Copyright (C) 2002-2022, and GNU GPL'd, by Julian Seward et al.
==1654444== Using Valgrind-3.22.0 and LibVEX; rerun with -h for copyright info
==1654444== Command: /home/loris/Desktop/TestRepositories/Forked/juliet-test-suite-c/Automatic/results/20260707_1536/CWE124/valgrind/bin/CWE124/bad/CWE124_Buffer_Underwrite__char_declare_loop_18-bad
==1654444== Parent PID: 1654443
==1654444== 
==1654444== Conditional jump or move depends on uninitialised value(s)
==1654444==    at 0x484F229: strlen (in /usr/libexec/valgrind/vgpreload_memcheck-amd64-linux.so)
==1654444==    by 0x48F6BFC: puts (ioputs.c:35)
==1654444==    by 0x1093FD: printLine (in /home/loris/Desktop/TestRepositories/Forked/juliet-test-suite-c/Automatic/results/20260707_1536/CWE124/valgrind/bin/CWE124/bad/CWE124_Buffer_Underwrite__char_declare_loop_18-bad)
==1654444==    by 0x109370: CWE124_Buffer_Underwrite__char_declare_loop_18_bad (in /home/loris/Desktop/TestRepositories/Forked/juliet-test-suite-c/Automatic/results/20260707_1536/CWE124/valgrind/bin/CWE124/bad/CWE124_Buffer_Underwrite__char_declare_loop_18-bad)
==1654444==    by 0x1093C4: main (in /home/loris/Desktop/TestRepositories/Forked/juliet-test-suite-c/Automatic/results/20260707_1536/CWE124/valgrind/bin/CWE124/bad/CWE124_Buffer_Underwrite__char_declare_loop_18-bad)
==1654444== 
==1654444== Conditional jump or move depends on uninitialised value(s)
==1654444==    at 0x484F238: strlen (in /usr/libexec/valgrind/vgpreload_memcheck-amd64-linux.so)
==1654444==    by 0x48F6BFC: puts (ioputs.c:35)
==1654444==    by 0x1093FD: printLine (in /home/loris/Desktop/TestRepositories/Forked/juliet-test-suite-c/Automatic/results/20260707_1536/CWE124/valgrind/bin/CWE124/bad/CWE124_Buffer_Underwrite__char_declare_loop_18-bad)
==1654444==    by 0x109370: CWE124_Buffer_Underwrite__char_declare_loop_18_bad (in /home/loris/Desktop/TestRepositories/Forked/juliet-test-suite-c/Automatic/results/20260707_1536/CWE124/valgrind/bin/CWE124/bad/CWE124_Buffer_Underwrite__char_declare_loop_18-bad)
==1654444==    by 0x1093C4: main (in /home/loris/Desktop/TestRepositories/Forked/juliet-test-suite-c/Automatic/results/20260707_1536/CWE124/valgrind/bin/CWE124/bad/CWE124_Buffer_Underwrite__char_declare_loop_18-bad)
==1654444== 
==1654444== 
==1654444== HEAP SUMMARY:
==1654444==     in use at exit: 0 bytes in 0 blocks
==1654444==   total heap usage: 1 allocs, 1 frees, 4,096 bytes allocated
==1654444== 
==1654444== All heap blocks were freed -- no leaks are possible
==1654444== 
==1654444== Use --track-origins=yes to see where uninitialised values come from
==1654444== For lists of detected and suppressed errors, rerun with: -s
==1654444== ERROR SUMMARY: 5 errors from 2 contexts (suppressed: 0 from 0)
