==1652033== Memcheck, a memory error detector
==1652033== Copyright (C) 2002-2022, and GNU GPL'd, by Julian Seward et al.
==1652033== Using Valgrind-3.22.0 and LibVEX; rerun with -h for copyright info
==1652033== Command: /home/loris/Desktop/TestRepositories/Forked/juliet-test-suite-c/Automatic/results/20260707_1536/CWE124/valgrind/bin/CWE124/good/CWE124_Buffer_Underwrite__malloc_char_memmove_41-good
==1652033== Parent PID: 1652032
==1652033== 
==1652033== 
==1652033== HEAP SUMMARY:
==1652033==     in use at exit: 100 bytes in 1 blocks
==1652033==   total heap usage: 2 allocs, 1 frees, 4,196 bytes allocated
==1652033== 
==1652033== LEAK SUMMARY:
==1652033==    definitely lost: 100 bytes in 1 blocks
==1652033==    indirectly lost: 0 bytes in 0 blocks
==1652033==      possibly lost: 0 bytes in 0 blocks
==1652033==    still reachable: 0 bytes in 0 blocks
==1652033==         suppressed: 0 bytes in 0 blocks
==1652033== Rerun with --leak-check=full to see details of leaked memory
==1652033== 
==1652033== For lists of detected and suppressed errors, rerun with: -s
==1652033== ERROR SUMMARY: 0 errors from 0 contexts (suppressed: 0 from 0)
