==1654290== Memcheck, a memory error detector
==1654290== Copyright (C) 2002-2022, and GNU GPL'd, by Julian Seward et al.
==1654290== Using Valgrind-3.22.0 and LibVEX; rerun with -h for copyright info
==1654290== Command: /home/loris/Desktop/TestRepositories/Forked/juliet-test-suite-c/Automatic/results/20260707_1536/CWE124/valgrind/bin/CWE124/bad/CWE124_Buffer_Underwrite__char_declare_cpy_14-bad
==1654290== Parent PID: 1654289
==1654290== 
==1654290== Invalid read of size 1
==1654290==    at 0x484F226: strlen (in /usr/libexec/valgrind/vgpreload_memcheck-amd64-linux.so)
==1654290==    by 0x48F6BFC: puts (ioputs.c:35)
==1654290==    by 0x1093EC: printLine (in /home/loris/Desktop/TestRepositories/Forked/juliet-test-suite-c/Automatic/results/20260707_1536/CWE124/valgrind/bin/CWE124/bad/CWE124_Buffer_Underwrite__char_declare_cpy_14-bad)
==1654290==    by 0x10935F: CWE124_Buffer_Underwrite__char_declare_cpy_14_bad (in /home/loris/Desktop/TestRepositories/Forked/juliet-test-suite-c/Automatic/results/20260707_1536/CWE124/valgrind/bin/CWE124/bad/CWE124_Buffer_Underwrite__char_declare_cpy_14-bad)
==1654290==    by 0x1093B3: main (in /home/loris/Desktop/TestRepositories/Forked/juliet-test-suite-c/Automatic/results/20260707_1536/CWE124/valgrind/bin/CWE124/bad/CWE124_Buffer_Underwrite__char_declare_cpy_14-bad)
==1654290==  Address 0x4343434343434343 is not stack'd, malloc'd or (recently) free'd
==1654290== 
==1654290== 
==1654290== Process terminating with default action of signal 11 (SIGSEGV)
==1654290==  General Protection Fault
==1654290==    at 0x484F226: strlen (in /usr/libexec/valgrind/vgpreload_memcheck-amd64-linux.so)
==1654290==    by 0x48F6BFC: puts (ioputs.c:35)
==1654290==    by 0x1093EC: printLine (in /home/loris/Desktop/TestRepositories/Forked/juliet-test-suite-c/Automatic/results/20260707_1536/CWE124/valgrind/bin/CWE124/bad/CWE124_Buffer_Underwrite__char_declare_cpy_14-bad)
==1654290==    by 0x10935F: CWE124_Buffer_Underwrite__char_declare_cpy_14_bad (in /home/loris/Desktop/TestRepositories/Forked/juliet-test-suite-c/Automatic/results/20260707_1536/CWE124/valgrind/bin/CWE124/bad/CWE124_Buffer_Underwrite__char_declare_cpy_14-bad)
==1654290==    by 0x1093B3: main (in /home/loris/Desktop/TestRepositories/Forked/juliet-test-suite-c/Automatic/results/20260707_1536/CWE124/valgrind/bin/CWE124/bad/CWE124_Buffer_Underwrite__char_declare_cpy_14-bad)
==1654290== 
==1654290== HEAP SUMMARY:
==1654290==     in use at exit: 4,096 bytes in 1 blocks
==1654290==   total heap usage: 1 allocs, 0 frees, 4,096 bytes allocated
==1654290== 
==1654290== LEAK SUMMARY:
==1654290==    definitely lost: 0 bytes in 0 blocks
==1654290==    indirectly lost: 0 bytes in 0 blocks
==1654290==      possibly lost: 0 bytes in 0 blocks
==1654290==    still reachable: 4,096 bytes in 1 blocks
==1654290==         suppressed: 0 bytes in 0 blocks
==1654290== Rerun with --leak-check=full to see details of leaked memory
==1654290== 
==1654290== For lists of detected and suppressed errors, rerun with: -s
==1654290== ERROR SUMMARY: 1 errors from 1 contexts (suppressed: 0 from 0)
