==1655511== Memcheck, a memory error detector
==1655511== Copyright (C) 2002-2022, and GNU GPL'd, by Julian Seward et al.
==1655511== Using Valgrind-3.22.0 and LibVEX; rerun with -h for copyright info
==1655511== Command: /home/loris/Desktop/TestRepositories/Forked/juliet-test-suite-c/Automatic/results/20260707_1536/CWE124/valgrind/bin/CWE124/bad/CWE124_Buffer_Underwrite__malloc_char_memmove_45-bad
==1655511== Parent PID: 1655510
==1655511== 
==1655511== Invalid write of size 8
==1655511==    at 0x4852E0B: memmove (in /usr/libexec/valgrind/vgpreload_memcheck-amd64-linux.so)
==1655511==    by 0x109360: badSink (in /home/loris/Desktop/TestRepositories/Forked/juliet-test-suite-c/Automatic/results/20260707_1536/CWE124/valgrind/bin/CWE124/bad/CWE124_Buffer_Underwrite__malloc_char_memmove_45-bad)
==1655511==    by 0x109403: CWE124_Buffer_Underwrite__malloc_char_memmove_45_bad (in /home/loris/Desktop/TestRepositories/Forked/juliet-test-suite-c/Automatic/results/20260707_1536/CWE124/valgrind/bin/CWE124/bad/CWE124_Buffer_Underwrite__malloc_char_memmove_45-bad)
==1655511==    by 0x109443: main (in /home/loris/Desktop/TestRepositories/Forked/juliet-test-suite-c/Automatic/results/20260707_1536/CWE124/valgrind/bin/CWE124/bad/CWE124_Buffer_Underwrite__malloc_char_memmove_45-bad)
==1655511==  Address 0x4a85078 is 8 bytes before a block of size 100 alloc'd
==1655511==    at 0x4846828: malloc (in /usr/libexec/valgrind/vgpreload_memcheck-amd64-linux.so)
==1655511==    by 0x1093AC: CWE124_Buffer_Underwrite__malloc_char_memmove_45_bad (in /home/loris/Desktop/TestRepositories/Forked/juliet-test-suite-c/Automatic/results/20260707_1536/CWE124/valgrind/bin/CWE124/bad/CWE124_Buffer_Underwrite__malloc_char_memmove_45-bad)
==1655511==    by 0x109443: main (in /home/loris/Desktop/TestRepositories/Forked/juliet-test-suite-c/Automatic/results/20260707_1536/CWE124/valgrind/bin/CWE124/bad/CWE124_Buffer_Underwrite__malloc_char_memmove_45-bad)
==1655511== 
==1655511== Invalid read of size 1
==1655511==    at 0x484F226: strlen (in /usr/libexec/valgrind/vgpreload_memcheck-amd64-linux.so)
==1655511==    by 0x48F6BFC: puts (ioputs.c:35)
==1655511==    by 0x10947C: printLine (in /home/loris/Desktop/TestRepositories/Forked/juliet-test-suite-c/Automatic/results/20260707_1536/CWE124/valgrind/bin/CWE124/bad/CWE124_Buffer_Underwrite__malloc_char_memmove_45-bad)
==1655511==    by 0x109377: badSink (in /home/loris/Desktop/TestRepositories/Forked/juliet-test-suite-c/Automatic/results/20260707_1536/CWE124/valgrind/bin/CWE124/bad/CWE124_Buffer_Underwrite__malloc_char_memmove_45-bad)
==1655511==    by 0x109403: CWE124_Buffer_Underwrite__malloc_char_memmove_45_bad (in /home/loris/Desktop/TestRepositories/Forked/juliet-test-suite-c/Automatic/results/20260707_1536/CWE124/valgrind/bin/CWE124/bad/CWE124_Buffer_Underwrite__malloc_char_memmove_45-bad)
==1655511==    by 0x109443: main (in /home/loris/Desktop/TestRepositories/Forked/juliet-test-suite-c/Automatic/results/20260707_1536/CWE124/valgrind/bin/CWE124/bad/CWE124_Buffer_Underwrite__malloc_char_memmove_45-bad)
==1655511==  Address 0x4a85078 is 8 bytes before a block of size 100 alloc'd
==1655511==    at 0x4846828: malloc (in /usr/libexec/valgrind/vgpreload_memcheck-amd64-linux.so)
==1655511==    by 0x1093AC: CWE124_Buffer_Underwrite__malloc_char_memmove_45_bad (in /home/loris/Desktop/TestRepositories/Forked/juliet-test-suite-c/Automatic/results/20260707_1536/CWE124/valgrind/bin/CWE124/bad/CWE124_Buffer_Underwrite__malloc_char_memmove_45-bad)
==1655511==    by 0x109443: main (in /home/loris/Desktop/TestRepositories/Forked/juliet-test-suite-c/Automatic/results/20260707_1536/CWE124/valgrind/bin/CWE124/bad/CWE124_Buffer_Underwrite__malloc_char_memmove_45-bad)
==1655511== 
==1655511== Invalid read of size 1
==1655511==    at 0x484F234: strlen (in /usr/libexec/valgrind/vgpreload_memcheck-amd64-linux.so)
==1655511==    by 0x48F6BFC: puts (ioputs.c:35)
==1655511==    by 0x10947C: printLine (in /home/loris/Desktop/TestRepositories/Forked/juliet-test-suite-c/Automatic/results/20260707_1536/CWE124/valgrind/bin/CWE124/bad/CWE124_Buffer_Underwrite__malloc_char_memmove_45-bad)
==1655511==    by 0x109377: badSink (in /home/loris/Desktop/TestRepositories/Forked/juliet-test-suite-c/Automatic/results/20260707_1536/CWE124/valgrind/bin/CWE124/bad/CWE124_Buffer_Underwrite__malloc_char_memmove_45-bad)
==1655511==    by 0x109403: CWE124_Buffer_Underwrite__malloc_char_memmove_45_bad (in /home/loris/Desktop/TestRepositories/Forked/juliet-test-suite-c/Automatic/results/20260707_1536/CWE124/valgrind/bin/CWE124/bad/CWE124_Buffer_Underwrite__malloc_char_memmove_45-bad)
==1655511==    by 0x109443: main (in /home/loris/Desktop/TestRepositories/Forked/juliet-test-suite-c/Automatic/results/20260707_1536/CWE124/valgrind/bin/CWE124/bad/CWE124_Buffer_Underwrite__malloc_char_memmove_45-bad)
==1655511==  Address 0x4a85079 is 7 bytes before a block of size 100 alloc'd
==1655511==    at 0x4846828: malloc (in /usr/libexec/valgrind/vgpreload_memcheck-amd64-linux.so)
==1655511==    by 0x1093AC: CWE124_Buffer_Underwrite__malloc_char_memmove_45_bad (in /home/loris/Desktop/TestRepositories/Forked/juliet-test-suite-c/Automatic/results/20260707_1536/CWE124/valgrind/bin/CWE124/bad/CWE124_Buffer_Underwrite__malloc_char_memmove_45-bad)
==1655511==    by 0x109443: main (in /home/loris/Desktop/TestRepositories/Forked/juliet-test-suite-c/Automatic/results/20260707_1536/CWE124/valgrind/bin/CWE124/bad/CWE124_Buffer_Underwrite__malloc_char_memmove_45-bad)
==1655511== 
==1655511== Invalid read of size 1
==1655511==    at 0x4853980: mempcpy (in /usr/libexec/valgrind/vgpreload_memcheck-amd64-linux.so)
==1655511==    by 0x4902A3F: _IO_new_file_xsputn (fileops.c:1236)
==1655511==    by 0x4902A3F: _IO_file_xsputn@@GLIBC_2.2.5 (fileops.c:1197)
==1655511==    by 0x48F6C5C: puts (ioputs.c:40)
==1655511==    by 0x10947C: printLine (in /home/loris/Desktop/TestRepositories/Forked/juliet-test-suite-c/Automatic/results/20260707_1536/CWE124/valgrind/bin/CWE124/bad/CWE124_Buffer_Underwrite__malloc_char_memmove_45-bad)
==1655511==    by 0x109377: badSink (in /home/loris/Desktop/TestRepositories/Forked/juliet-test-suite-c/Automatic/results/20260707_1536/CWE124/valgrind/bin/CWE124/bad/CWE124_Buffer_Underwrite__malloc_char_memmove_45-bad)
==1655511==    by 0x109403: CWE124_Buffer_Underwrite__malloc_char_memmove_45_bad (in /home/loris/Desktop/TestRepositories/Forked/juliet-test-suite-c/Automatic/results/20260707_1536/CWE124/valgrind/bin/CWE124/bad/CWE124_Buffer_Underwrite__malloc_char_memmove_45-bad)
==1655511==    by 0x109443: main (in /home/loris/Desktop/TestRepositories/Forked/juliet-test-suite-c/Automatic/results/20260707_1536/CWE124/valgrind/bin/CWE124/bad/CWE124_Buffer_Underwrite__malloc_char_memmove_45-bad)
==1655511==  Address 0x4a85078 is 8 bytes before a block of size 100 alloc'd
==1655511==    at 0x4846828: malloc (in /usr/libexec/valgrind/vgpreload_memcheck-amd64-linux.so)
==1655511==    by 0x1093AC: CWE124_Buffer_Underwrite__malloc_char_memmove_45_bad (in /home/loris/Desktop/TestRepositories/Forked/juliet-test-suite-c/Automatic/results/20260707_1536/CWE124/valgrind/bin/CWE124/bad/CWE124_Buffer_Underwrite__malloc_char_memmove_45-bad)
==1655511==    by 0x109443: main (in /home/loris/Desktop/TestRepositories/Forked/juliet-test-suite-c/Automatic/results/20260707_1536/CWE124/valgrind/bin/CWE124/bad/CWE124_Buffer_Underwrite__malloc_char_memmove_45-bad)
==1655511== 
==1655511== Invalid read of size 1
==1655511==    at 0x485398E: mempcpy (in /usr/libexec/valgrind/vgpreload_memcheck-amd64-linux.so)
==1655511==    by 0x4902A3F: _IO_new_file_xsputn (fileops.c:1236)
==1655511==    by 0x4902A3F: _IO_file_xsputn@@GLIBC_2.2.5 (fileops.c:1197)
==1655511==    by 0x48F6C5C: puts (ioputs.c:40)
==1655511==    by 0x10947C: printLine (in /home/loris/Desktop/TestRepositories/Forked/juliet-test-suite-c/Automatic/results/20260707_1536/CWE124/valgrind/bin/CWE124/bad/CWE124_Buffer_Underwrite__malloc_char_memmove_45-bad)
==1655511==    by 0x109377: badSink (in /home/loris/Desktop/TestRepositories/Forked/juliet-test-suite-c/Automatic/results/20260707_1536/CWE124/valgrind/bin/CWE124/bad/CWE124_Buffer_Underwrite__malloc_char_memmove_45-bad)
==1655511==    by 0x109403: CWE124_Buffer_Underwrite__malloc_char_memmove_45_bad (in /home/loris/Desktop/TestRepositories/Forked/juliet-test-suite-c/Automatic/results/20260707_1536/CWE124/valgrind/bin/CWE124/bad/CWE124_Buffer_Underwrite__malloc_char_memmove_45-bad)
==1655511==    by 0x109443: main (in /home/loris/Desktop/TestRepositories/Forked/juliet-test-suite-c/Automatic/results/20260707_1536/CWE124/valgrind/bin/CWE124/bad/CWE124_Buffer_Underwrite__malloc_char_memmove_45-bad)
==1655511==  Address 0x4a8507a is 6 bytes before a block of size 100 alloc'd
==1655511==    at 0x4846828: malloc (in /usr/libexec/valgrind/vgpreload_memcheck-amd64-linux.so)
==1655511==    by 0x1093AC: CWE124_Buffer_Underwrite__malloc_char_memmove_45_bad (in /home/loris/Desktop/TestRepositories/Forked/juliet-test-suite-c/Automatic/results/20260707_1536/CWE124/valgrind/bin/CWE124/bad/CWE124_Buffer_Underwrite__malloc_char_memmove_45-bad)
==1655511==    by 0x109443: main (in /home/loris/Desktop/TestRepositories/Forked/juliet-test-suite-c/Automatic/results/20260707_1536/CWE124/valgrind/bin/CWE124/bad/CWE124_Buffer_Underwrite__malloc_char_memmove_45-bad)
==1655511== 
==1655511== 
==1655511== HEAP SUMMARY:
==1655511==     in use at exit: 100 bytes in 1 blocks
==1655511==   total heap usage: 2 allocs, 1 frees, 4,196 bytes allocated
==1655511== 
==1655511== LEAK SUMMARY:
==1655511==    definitely lost: 100 bytes in 1 blocks
==1655511==    indirectly lost: 0 bytes in 0 blocks
==1655511==      possibly lost: 0 bytes in 0 blocks
==1655511==    still reachable: 0 bytes in 0 blocks
==1655511==         suppressed: 0 bytes in 0 blocks
==1655511== Rerun with --leak-check=full to see details of leaked memory
==1655511== 
==1655511== For lists of detected and suppressed errors, rerun with: -s
==1655511== ERROR SUMMARY: 17 errors from 5 contexts (suppressed: 0 from 0)
