==1652667== Memcheck, a memory error detector
==1652667== Copyright (C) 2002-2022, and GNU GPL'd, by Julian Seward et al.
==1652667== Using Valgrind-3.22.0 and LibVEX; rerun with -h for copyright info
==1652667== Command: /home/loris/Desktop/TestRepositories/Forked/juliet-test-suite-c/Automatic/results/20260707_1536/CWE124/valgrind/bin/CWE124/bad/CWE124_Buffer_Underwrite__CWE839_rand_67-bad
==1652667== Parent PID: 1652666
==1652667== 
==1652667== Invalid write of size 4
==1652667==    at 0x109390: CWE124_Buffer_Underwrite__CWE839_rand_67b_badSink (in /home/loris/Desktop/TestRepositories/Forked/juliet-test-suite-c/Automatic/results/20260707_1536/CWE124/valgrind/bin/CWE124/bad/CWE124_Buffer_Underwrite__CWE839_rand_67-bad)
==1652667==    by 0x1092F5: CWE124_Buffer_Underwrite__CWE839_rand_67_bad (in /home/loris/Desktop/TestRepositories/Forked/juliet-test-suite-c/Automatic/results/20260707_1536/CWE124/valgrind/bin/CWE124/bad/CWE124_Buffer_Underwrite__CWE839_rand_67-bad)
==1652667==    by 0x109339: main (in /home/loris/Desktop/TestRepositories/Forked/juliet-test-suite-c/Automatic/results/20260707_1536/CWE124/valgrind/bin/CWE124/bad/CWE124_Buffer_Underwrite__CWE839_rand_67-bad)
==1652667==  Address 0x1f0dd1ba64 is not stack'd, malloc'd or (recently) free'd
==1652667== 
==1652667== 
==1652667== Process terminating with default action of signal 11 (SIGSEGV)
==1652667==  Access not within mapped region at address 0x1F0DD1BA64
==1652667==    at 0x109390: CWE124_Buffer_Underwrite__CWE839_rand_67b_badSink (in /home/loris/Desktop/TestRepositories/Forked/juliet-test-suite-c/Automatic/results/20260707_1536/CWE124/valgrind/bin/CWE124/bad/CWE124_Buffer_Underwrite__CWE839_rand_67-bad)
==1652667==    by 0x1092F5: CWE124_Buffer_Underwrite__CWE839_rand_67_bad (in /home/loris/Desktop/TestRepositories/Forked/juliet-test-suite-c/Automatic/results/20260707_1536/CWE124/valgrind/bin/CWE124/bad/CWE124_Buffer_Underwrite__CWE839_rand_67-bad)
==1652667==    by 0x109339: main (in /home/loris/Desktop/TestRepositories/Forked/juliet-test-suite-c/Automatic/results/20260707_1536/CWE124/valgrind/bin/CWE124/bad/CWE124_Buffer_Underwrite__CWE839_rand_67-bad)
==1652667==  If you believe this happened as a result of a stack
==1652667==  overflow in your program's main thread (unlikely but
==1652667==  possible), you can try to increase the size of the
==1652667==  main thread stack using the --main-stacksize= flag.
==1652667==  The main thread stack size used in this run was 8388608.
==1652667== 
==1652667== HEAP SUMMARY:
==1652667==     in use at exit: 4,096 bytes in 1 blocks
==1652667==   total heap usage: 1 allocs, 0 frees, 4,096 bytes allocated
==1652667== 
==1652667== LEAK SUMMARY:
==1652667==    definitely lost: 0 bytes in 0 blocks
==1652667==    indirectly lost: 0 bytes in 0 blocks
==1652667==      possibly lost: 0 bytes in 0 blocks
==1652667==    still reachable: 4,096 bytes in 1 blocks
==1652667==         suppressed: 0 bytes in 0 blocks
==1652667== Rerun with --leak-check=full to see details of leaked memory
==1652667== 
==1652667== For lists of detected and suppressed errors, rerun with: -s
==1652667== ERROR SUMMARY: 1 errors from 1 contexts (suppressed: 0 from 0)
