==1653231== Memcheck, a memory error detector
==1653231== Copyright (C) 2002-2022, and GNU GPL'd, by Julian Seward et al.
==1653231== Using Valgrind-3.22.0 and LibVEX; rerun with -h for copyright info
==1653231== Command: /home/loris/Desktop/TestRepositories/Forked/juliet-test-suite-c/Automatic/results/20260707_1536/CWE124/valgrind/bin/CWE124/bad/CWE124_Buffer_Underwrite__char_alloca_loop_68-bad
==1653231== Parent PID: 1653230
==1653231== 
==1653231== Jump to the invalid address stated on the next line
==1653231==    at 0x4343434343434343: ???
==1653231==    by 0x1093DB: main (in /home/loris/Desktop/TestRepositories/Forked/juliet-test-suite-c/Automatic/results/20260707_1536/CWE124/valgrind/bin/CWE124/bad/CWE124_Buffer_Underwrite__char_alloca_loop_68-bad)
==1653231==  Address 0x4343434343434343 is not stack'd, malloc'd or (recently) free'd
==1653231== 
==1653231== 
==1653231== Process terminating with default action of signal 11 (SIGSEGV)
==1653231==  Bad permissions for mapped region at address 0x4343434343434343
==1653231==    at 0x4343434343434343: ???
==1653231==    by 0x1093DB: main (in /home/loris/Desktop/TestRepositories/Forked/juliet-test-suite-c/Automatic/results/20260707_1536/CWE124/valgrind/bin/CWE124/bad/CWE124_Buffer_Underwrite__char_alloca_loop_68-bad)
==1653231== 
==1653231== HEAP SUMMARY:
==1653231==     in use at exit: 4,096 bytes in 1 blocks
==1653231==   total heap usage: 1 allocs, 0 frees, 4,096 bytes allocated
==1653231== 
==1653231== LEAK SUMMARY:
==1653231==    definitely lost: 0 bytes in 0 blocks
==1653231==    indirectly lost: 0 bytes in 0 blocks
==1653231==      possibly lost: 0 bytes in 0 blocks
==1653231==    still reachable: 4,096 bytes in 1 blocks
==1653231==         suppressed: 0 bytes in 0 blocks
==1653231== Rerun with --leak-check=full to see details of leaked memory
==1653231== 
==1653231== For lists of detected and suppressed errors, rerun with: -s
==1653231== ERROR SUMMARY: 1 errors from 1 contexts (suppressed: 0 from 0)
