==1651979== Memcheck, a memory error detector
==1651979== Copyright (C) 2002-2022, and GNU GPL'd, by Julian Seward et al.
==1651979== Using Valgrind-3.22.0 and LibVEX; rerun with -h for copyright info
==1651979== Command: /home/loris/Desktop/TestRepositories/Forked/juliet-test-suite-c/Automatic/results/20260707_1536/CWE124/valgrind/bin/CWE124/good/CWE124_Buffer_Underwrite__malloc_char_memcpy_65-good
==1651979== Parent PID: 1651978
==1651979== 
==1651979== 
==1651979== HEAP SUMMARY:
==1651979==     in use at exit: 100 bytes in 1 blocks
==1651979==   total heap usage: 2 allocs, 1 frees, 4,196 bytes allocated
==1651979== 
==1651979== LEAK SUMMARY:
==1651979==    definitely lost: 100 bytes in 1 blocks
==1651979==    indirectly lost: 0 bytes in 0 blocks
==1651979==      possibly lost: 0 bytes in 0 blocks
==1651979==    still reachable: 0 bytes in 0 blocks
==1651979==         suppressed: 0 bytes in 0 blocks
==1651979== Rerun with --leak-check=full to see details of leaked memory
==1651979== 
==1651979== For lists of detected and suppressed errors, rerun with: -s
==1651979== ERROR SUMMARY: 0 errors from 0 contexts (suppressed: 0 from 0)
