==1653505== Memcheck, a memory error detector
==1653505== Copyright (C) 2002-2022, and GNU GPL'd, by Julian Seward et al.
==1653505== Using Valgrind-3.22.0 and LibVEX; rerun with -h for copyright info
==1653505== Command: /home/loris/Desktop/TestRepositories/Forked/juliet-test-suite-c/Automatic/results/20260707_1536/CWE124/valgrind/bin/CWE124/bad/CWE124_Buffer_Underwrite__char_alloca_memmove_08-bad
==1653505== Parent PID: 1653504
==1653505== 
==1653505== Jump to the invalid address stated on the next line
==1653505==    at 0x4343434343434343: ???
==1653505==    by 0x10945B: main (in /home/loris/Desktop/TestRepositories/Forked/juliet-test-suite-c/Automatic/results/20260707_1536/CWE124/valgrind/bin/CWE124/bad/CWE124_Buffer_Underwrite__char_alloca_memmove_08-bad)
==1653505==  Address 0x4343434343434343 is not stack'd, malloc'd or (recently) free'd
==1653505== 
==1653505== 
==1653505== Process terminating with default action of signal 11 (SIGSEGV)
==1653505==  Bad permissions for mapped region at address 0x4343434343434343
==1653505==    at 0x4343434343434343: ???
==1653505==    by 0x10945B: main (in /home/loris/Desktop/TestRepositories/Forked/juliet-test-suite-c/Automatic/results/20260707_1536/CWE124/valgrind/bin/CWE124/bad/CWE124_Buffer_Underwrite__char_alloca_memmove_08-bad)
==1653505== 
==1653505== HEAP SUMMARY:
==1653505==     in use at exit: 4,096 bytes in 1 blocks
==1653505==   total heap usage: 1 allocs, 0 frees, 4,096 bytes allocated
==1653505== 
==1653505== LEAK SUMMARY:
==1653505==    definitely lost: 0 bytes in 0 blocks
==1653505==    indirectly lost: 0 bytes in 0 blocks
==1653505==      possibly lost: 0 bytes in 0 blocks
==1653505==    still reachable: 4,096 bytes in 1 blocks
==1653505==         suppressed: 0 bytes in 0 blocks
==1653505== Rerun with --leak-check=full to see details of leaked memory
==1653505== 
==1653505== For lists of detected and suppressed errors, rerun with: -s
==1653505== ERROR SUMMARY: 1 errors from 1 contexts (suppressed: 0 from 0)
