==1655155== Memcheck, a memory error detector
==1655155== Copyright (C) 2002-2022, and GNU GPL'd, by Julian Seward et al.
==1655155== Using Valgrind-3.22.0 and LibVEX; rerun with -h for copyright info
==1655155== Command: /home/loris/Desktop/TestRepositories/Forked/juliet-test-suite-c/Automatic/results/20260707_1536/CWE124/valgrind/bin/CWE124/bad/CWE124_Buffer_Underwrite__char_declare_ncpy_18-bad
==1655155== Parent PID: 1655154
==1655155== 
==1655155== Invalid write of size 1
==1655155==    at 0x109357: CWE124_Buffer_Underwrite__char_declare_ncpy_18_bad (in /home/loris/Desktop/TestRepositories/Forked/juliet-test-suite-c/Automatic/results/20260707_1536/CWE124/valgrind/bin/CWE124/bad/CWE124_Buffer_Underwrite__char_declare_ncpy_18-bad)
==1655155==    by 0x1093BC: main (in /home/loris/Desktop/TestRepositories/Forked/juliet-test-suite-c/Automatic/results/20260707_1536/CWE124/valgrind/bin/CWE124/bad/CWE124_Buffer_Underwrite__char_declare_ncpy_18-bad)
==1655155==  Address 0x43434343434343a6 is not stack'd, malloc'd or (recently) free'd
==1655155== 
==1655155== 
==1655155== Process terminating with default action of signal 11 (SIGSEGV)
==1655155==  General Protection Fault
==1655155==    at 0x109357: CWE124_Buffer_Underwrite__char_declare_ncpy_18_bad (in /home/loris/Desktop/TestRepositories/Forked/juliet-test-suite-c/Automatic/results/20260707_1536/CWE124/valgrind/bin/CWE124/bad/CWE124_Buffer_Underwrite__char_declare_ncpy_18-bad)
==1655155==    by 0x1093BC: main (in /home/loris/Desktop/TestRepositories/Forked/juliet-test-suite-c/Automatic/results/20260707_1536/CWE124/valgrind/bin/CWE124/bad/CWE124_Buffer_Underwrite__char_declare_ncpy_18-bad)
==1655155== 
==1655155== HEAP SUMMARY:
==1655155==     in use at exit: 4,096 bytes in 1 blocks
==1655155==   total heap usage: 1 allocs, 0 frees, 4,096 bytes allocated
==1655155== 
==1655155== LEAK SUMMARY:
==1655155==    definitely lost: 0 bytes in 0 blocks
==1655155==    indirectly lost: 0 bytes in 0 blocks
==1655155==      possibly lost: 0 bytes in 0 blocks
==1655155==    still reachable: 4,096 bytes in 1 blocks
==1655155==         suppressed: 0 bytes in 0 blocks
==1655155== Rerun with --leak-check=full to see details of leaked memory
==1655155== 
==1655155== For lists of detected and suppressed errors, rerun with: -s
==1655155== ERROR SUMMARY: 1 errors from 1 contexts (suppressed: 0 from 0)
