==1655003== Memcheck, a memory error detector
==1655003== Copyright (C) 2002-2022, and GNU GPL'd, by Julian Seward et al.
==1655003== Using Valgrind-3.22.0 and LibVEX; rerun with -h for copyright info
==1655003== Command: /home/loris/Desktop/TestRepositories/Forked/juliet-test-suite-c/Automatic/results/20260707_1536/CWE124/valgrind/bin/CWE124/bad/CWE124_Buffer_Underwrite__char_declare_ncpy_04-bad
==1655003== Parent PID: 1655002
==1655003== 
==1655003== Invalid write of size 1
==1655003==    at 0x10935F: CWE124_Buffer_Underwrite__char_declare_ncpy_04_bad (in /home/loris/Desktop/TestRepositories/Forked/juliet-test-suite-c/Automatic/results/20260707_1536/CWE124/valgrind/bin/CWE124/bad/CWE124_Buffer_Underwrite__char_declare_ncpy_04-bad)
==1655003==    by 0x1093C4: main (in /home/loris/Desktop/TestRepositories/Forked/juliet-test-suite-c/Automatic/results/20260707_1536/CWE124/valgrind/bin/CWE124/bad/CWE124_Buffer_Underwrite__char_declare_ncpy_04-bad)
==1655003==  Address 0x43434343434343a6 is not stack'd, malloc'd or (recently) free'd
==1655003== 
==1655003== 
==1655003== Process terminating with default action of signal 11 (SIGSEGV)
==1655003==  General Protection Fault
==1655003==    at 0x10935F: CWE124_Buffer_Underwrite__char_declare_ncpy_04_bad (in /home/loris/Desktop/TestRepositories/Forked/juliet-test-suite-c/Automatic/results/20260707_1536/CWE124/valgrind/bin/CWE124/bad/CWE124_Buffer_Underwrite__char_declare_ncpy_04-bad)
==1655003==    by 0x1093C4: main (in /home/loris/Desktop/TestRepositories/Forked/juliet-test-suite-c/Automatic/results/20260707_1536/CWE124/valgrind/bin/CWE124/bad/CWE124_Buffer_Underwrite__char_declare_ncpy_04-bad)
==1655003== 
==1655003== HEAP SUMMARY:
==1655003==     in use at exit: 4,096 bytes in 1 blocks
==1655003==   total heap usage: 1 allocs, 0 frees, 4,096 bytes allocated
==1655003== 
==1655003== LEAK SUMMARY:
==1655003==    definitely lost: 0 bytes in 0 blocks
==1655003==    indirectly lost: 0 bytes in 0 blocks
==1655003==      possibly lost: 0 bytes in 0 blocks
==1655003==    still reachable: 4,096 bytes in 1 blocks
==1655003==         suppressed: 0 bytes in 0 blocks
==1655003== Rerun with --leak-check=full to see details of leaked memory
==1655003== 
==1655003== For lists of detected and suppressed errors, rerun with: -s
==1655003== ERROR SUMMARY: 1 errors from 1 contexts (suppressed: 0 from 0)
