==1651993== Memcheck, a memory error detector
==1651993== Copyright (C) 2002-2022, and GNU GPL'd, by Julian Seward et al.
==1651993== Using Valgrind-3.22.0 and LibVEX; rerun with -h for copyright info
==1651993== Command: /home/loris/Desktop/TestRepositories/Forked/juliet-test-suite-c/Automatic/results/20260707_1536/CWE124/valgrind/bin/CWE124/good/CWE124_Buffer_Underwrite__malloc_char_memmove_04-good
==1651993== Parent PID: 1651992
==1651993== 
==1651993== 
==1651993== HEAP SUMMARY:
==1651993==     in use at exit: 200 bytes in 2 blocks
==1651993==   total heap usage: 3 allocs, 1 frees, 4,296 bytes allocated
==1651993== 
==1651993== LEAK SUMMARY:
==1651993==    definitely lost: 200 bytes in 2 blocks
==1651993==    indirectly lost: 0 bytes in 0 blocks
==1651993==      possibly lost: 0 bytes in 0 blocks
==1651993==    still reachable: 0 bytes in 0 blocks
==1651993==         suppressed: 0 bytes in 0 blocks
==1651993== Rerun with --leak-check=full to see details of leaked memory
==1651993== 
==1651993== For lists of detected and suppressed errors, rerun with: -s
==1651993== ERROR SUMMARY: 0 errors from 0 contexts (suppressed: 0 from 0)
