==1655391== Memcheck, a memory error detector
==1655391== Copyright (C) 2002-2022, and GNU GPL'd, by Julian Seward et al.
==1655391== Using Valgrind-3.22.0 and LibVEX; rerun with -h for copyright info
==1655391== Command: /home/loris/Desktop/TestRepositories/Forked/juliet-test-suite-c/Automatic/results/20260707_1536/CWE124/valgrind/bin/CWE124/bad/CWE124_Buffer_Underwrite__malloc_char_memcpy_05-bad
==1655391== Parent PID: 1655390
==1655391== 
==1655391== Invalid write of size 8
==1655391==    at 0x1093A4: CWE124_Buffer_Underwrite__malloc_char_memcpy_05_bad (in /home/loris/Desktop/TestRepositories/Forked/juliet-test-suite-c/Automatic/results/20260707_1536/CWE124/valgrind/bin/CWE124/bad/CWE124_Buffer_Underwrite__malloc_char_memcpy_05-bad)
==1655391==    by 0x109475: main (in /home/loris/Desktop/TestRepositories/Forked/juliet-test-suite-c/Automatic/results/20260707_1536/CWE124/valgrind/bin/CWE124/bad/CWE124_Buffer_Underwrite__malloc_char_memcpy_05-bad)
==1655391==  Address 0x4a85078 is 8 bytes before a block of size 100 alloc'd
==1655391==    at 0x4846828: malloc (in /usr/libexec/valgrind/vgpreload_memcheck-amd64-linux.so)
==1655391==    by 0x109326: CWE124_Buffer_Underwrite__malloc_char_memcpy_05_bad (in /home/loris/Desktop/TestRepositories/Forked/juliet-test-suite-c/Automatic/results/20260707_1536/CWE124/valgrind/bin/CWE124/bad/CWE124_Buffer_Underwrite__malloc_char_memcpy_05-bad)
==1655391==    by 0x109475: main (in /home/loris/Desktop/TestRepositories/Forked/juliet-test-suite-c/Automatic/results/20260707_1536/CWE124/valgrind/bin/CWE124/bad/CWE124_Buffer_Underwrite__malloc_char_memcpy_05-bad)
==1655391== 
==1655391== Invalid read of size 1
==1655391==    at 0x484F226: strlen (in /usr/libexec/valgrind/vgpreload_memcheck-amd64-linux.so)
==1655391==    by 0x48F6BFC: puts (ioputs.c:35)
==1655391==    by 0x1094AE: printLine (in /home/loris/Desktop/TestRepositories/Forked/juliet-test-suite-c/Automatic/results/20260707_1536/CWE124/valgrind/bin/CWE124/bad/CWE124_Buffer_Underwrite__malloc_char_memcpy_05-bad)
==1655391==    by 0x10941D: CWE124_Buffer_Underwrite__malloc_char_memcpy_05_bad (in /home/loris/Desktop/TestRepositories/Forked/juliet-test-suite-c/Automatic/results/20260707_1536/CWE124/valgrind/bin/CWE124/bad/CWE124_Buffer_Underwrite__malloc_char_memcpy_05-bad)
==1655391==    by 0x109475: main (in /home/loris/Desktop/TestRepositories/Forked/juliet-test-suite-c/Automatic/results/20260707_1536/CWE124/valgrind/bin/CWE124/bad/CWE124_Buffer_Underwrite__malloc_char_memcpy_05-bad)
==1655391==  Address 0x4a85078 is 8 bytes before a block of size 100 alloc'd
==1655391==    at 0x4846828: malloc (in /usr/libexec/valgrind/vgpreload_memcheck-amd64-linux.so)
==1655391==    by 0x109326: CWE124_Buffer_Underwrite__malloc_char_memcpy_05_bad (in /home/loris/Desktop/TestRepositories/Forked/juliet-test-suite-c/Automatic/results/20260707_1536/CWE124/valgrind/bin/CWE124/bad/CWE124_Buffer_Underwrite__malloc_char_memcpy_05-bad)
==1655391==    by 0x109475: main (in /home/loris/Desktop/TestRepositories/Forked/juliet-test-suite-c/Automatic/results/20260707_1536/CWE124/valgrind/bin/CWE124/bad/CWE124_Buffer_Underwrite__malloc_char_memcpy_05-bad)
==1655391== 
==1655391== Invalid read of size 1
==1655391==    at 0x484F234: strlen (in /usr/libexec/valgrind/vgpreload_memcheck-amd64-linux.so)
==1655391==    by 0x48F6BFC: puts (ioputs.c:35)
==1655391==    by 0x1094AE: printLine (in /home/loris/Desktop/TestRepositories/Forked/juliet-test-suite-c/Automatic/results/20260707_1536/CWE124/valgrind/bin/CWE124/bad/CWE124_Buffer_Underwrite__malloc_char_memcpy_05-bad)
==1655391==    by 0x10941D: CWE124_Buffer_Underwrite__malloc_char_memcpy_05_bad (in /home/loris/Desktop/TestRepositories/Forked/juliet-test-suite-c/Automatic/results/20260707_1536/CWE124/valgrind/bin/CWE124/bad/CWE124_Buffer_Underwrite__malloc_char_memcpy_05-bad)
==1655391==    by 0x109475: main (in /home/loris/Desktop/TestRepositories/Forked/juliet-test-suite-c/Automatic/results/20260707_1536/CWE124/valgrind/bin/CWE124/bad/CWE124_Buffer_Underwrite__malloc_char_memcpy_05-bad)
==1655391==  Address 0x4a85079 is 7 bytes before a block of size 100 alloc'd
==1655391==    at 0x4846828: malloc (in /usr/libexec/valgrind/vgpreload_memcheck-amd64-linux.so)
==1655391==    by 0x109326: CWE124_Buffer_Underwrite__malloc_char_memcpy_05_bad (in /home/loris/Desktop/TestRepositories/Forked/juliet-test-suite-c/Automatic/results/20260707_1536/CWE124/valgrind/bin/CWE124/bad/CWE124_Buffer_Underwrite__malloc_char_memcpy_05-bad)
==1655391==    by 0x109475: main (in /home/loris/Desktop/TestRepositories/Forked/juliet-test-suite-c/Automatic/results/20260707_1536/CWE124/valgrind/bin/CWE124/bad/CWE124_Buffer_Underwrite__malloc_char_memcpy_05-bad)
==1655391== 
==1655391== Invalid read of size 1
==1655391==    at 0x4853980: mempcpy (in /usr/libexec/valgrind/vgpreload_memcheck-amd64-linux.so)
==1655391==    by 0x4902A3F: _IO_new_file_xsputn (fileops.c:1236)
==1655391==    by 0x4902A3F: _IO_file_xsputn@@GLIBC_2.2.5 (fileops.c:1197)
==1655391==    by 0x48F6C5C: puts (ioputs.c:40)
==1655391==    by 0x1094AE: printLine (in /home/loris/Desktop/TestRepositories/Forked/juliet-test-suite-c/Automatic/results/20260707_1536/CWE124/valgrind/bin/CWE124/bad/CWE124_Buffer_Underwrite__malloc_char_memcpy_05-bad)
==1655391==    by 0x10941D: CWE124_Buffer_Underwrite__malloc_char_memcpy_05_bad (in /home/loris/Desktop/TestRepositories/Forked/juliet-test-suite-c/Automatic/results/20260707_1536/CWE124/valgrind/bin/CWE124/bad/CWE124_Buffer_Underwrite__malloc_char_memcpy_05-bad)
==1655391==    by 0x109475: main (in /home/loris/Desktop/TestRepositories/Forked/juliet-test-suite-c/Automatic/results/20260707_1536/CWE124/valgrind/bin/CWE124/bad/CWE124_Buffer_Underwrite__malloc_char_memcpy_05-bad)
==1655391==  Address 0x4a85078 is 8 bytes before a block of size 100 alloc'd
==1655391==    at 0x4846828: malloc (in /usr/libexec/valgrind/vgpreload_memcheck-amd64-linux.so)
==1655391==    by 0x109326: CWE124_Buffer_Underwrite__malloc_char_memcpy_05_bad (in /home/loris/Desktop/TestRepositories/Forked/juliet-test-suite-c/Automatic/results/20260707_1536/CWE124/valgrind/bin/CWE124/bad/CWE124_Buffer_Underwrite__malloc_char_memcpy_05-bad)
==1655391==    by 0x109475: main (in /home/loris/Desktop/TestRepositories/Forked/juliet-test-suite-c/Automatic/results/20260707_1536/CWE124/valgrind/bin/CWE124/bad/CWE124_Buffer_Underwrite__malloc_char_memcpy_05-bad)
==1655391== 
==1655391== Invalid read of size 1
==1655391==    at 0x485398E: mempcpy (in /usr/libexec/valgrind/vgpreload_memcheck-amd64-linux.so)
==1655391==    by 0x4902A3F: _IO_new_file_xsputn (fileops.c:1236)
==1655391==    by 0x4902A3F: _IO_file_xsputn@@GLIBC_2.2.5 (fileops.c:1197)
==1655391==    by 0x48F6C5C: puts (ioputs.c:40)
==1655391==    by 0x1094AE: printLine (in /home/loris/Desktop/TestRepositories/Forked/juliet-test-suite-c/Automatic/results/20260707_1536/CWE124/valgrind/bin/CWE124/bad/CWE124_Buffer_Underwrite__malloc_char_memcpy_05-bad)
==1655391==    by 0x10941D: CWE124_Buffer_Underwrite__malloc_char_memcpy_05_bad (in /home/loris/Desktop/TestRepositories/Forked/juliet-test-suite-c/Automatic/results/20260707_1536/CWE124/valgrind/bin/CWE124/bad/CWE124_Buffer_Underwrite__malloc_char_memcpy_05-bad)
==1655391==    by 0x109475: main (in /home/loris/Desktop/TestRepositories/Forked/juliet-test-suite-c/Automatic/results/20260707_1536/CWE124/valgrind/bin/CWE124/bad/CWE124_Buffer_Underwrite__malloc_char_memcpy_05-bad)
==1655391==  Address 0x4a8507a is 6 bytes before a block of size 100 alloc'd
==1655391==    at 0x4846828: malloc (in /usr/libexec/valgrind/vgpreload_memcheck-amd64-linux.so)
==1655391==    by 0x109326: CWE124_Buffer_Underwrite__malloc_char_memcpy_05_bad (in /home/loris/Desktop/TestRepositories/Forked/juliet-test-suite-c/Automatic/results/20260707_1536/CWE124/valgrind/bin/CWE124/bad/CWE124_Buffer_Underwrite__malloc_char_memcpy_05-bad)
==1655391==    by 0x109475: main (in /home/loris/Desktop/TestRepositories/Forked/juliet-test-suite-c/Automatic/results/20260707_1536/CWE124/valgrind/bin/CWE124/bad/CWE124_Buffer_Underwrite__malloc_char_memcpy_05-bad)
==1655391== 
==1655391== 
==1655391== HEAP SUMMARY:
==1655391==     in use at exit: 100 bytes in 1 blocks
==1655391==   total heap usage: 2 allocs, 1 frees, 4,196 bytes allocated
==1655391== 
==1655391== LEAK SUMMARY:
==1655391==    definitely lost: 100 bytes in 1 blocks
==1655391==    indirectly lost: 0 bytes in 0 blocks
==1655391==      possibly lost: 0 bytes in 0 blocks
==1655391==    still reachable: 0 bytes in 0 blocks
==1655391==         suppressed: 0 bytes in 0 blocks
==1655391== Rerun with --leak-check=full to see details of leaked memory
==1655391== 
==1655391== For lists of detected and suppressed errors, rerun with: -s
==1655391== ERROR SUMMARY: 17 errors from 5 contexts (suppressed: 0 from 0)
