==1652432== Memcheck, a memory error detector
==1652432== Copyright (C) 2002-2022, and GNU GPL'd, by Julian Seward et al.
==1652432== Using Valgrind-3.22.0 and LibVEX; rerun with -h for copyright info
==1652432== Command: /home/loris/Desktop/TestRepositories/Forked/juliet-test-suite-c/Automatic/results/20260707_1536/CWE124/valgrind/bin/CWE124/bad/CWE124_Buffer_Underwrite__CWE839_listen_socket_53-bad
==1652432== Parent PID: 1652431
==1652432== 
==1652432== 
==1652432== Process terminating with default action of signal 15 (SIGTERM)
==1652432==    at 0x499A834: accept (accept.c:26)
==1652432==    by 0x10946D: CWE124_Buffer_Underwrite__CWE839_listen_socket_53_bad (in /home/loris/Desktop/TestRepositories/Forked/juliet-test-suite-c/Automatic/results/20260707_1536/CWE124/valgrind/bin/CWE124/bad/CWE124_Buffer_Underwrite__CWE839_listen_socket_53-bad)
==1652432==    by 0x109540: main (in /home/loris/Desktop/TestRepositories/Forked/juliet-test-suite-c/Automatic/results/20260707_1536/CWE124/valgrind/bin/CWE124/bad/CWE124_Buffer_Underwrite__CWE839_listen_socket_53-bad)
==1652432== 
==1652432== HEAP SUMMARY:
==1652432==     in use at exit: 4,096 bytes in 1 blocks
==1652432==   total heap usage: 1 allocs, 0 frees, 4,096 bytes allocated
==1652432== 
==1652432== LEAK SUMMARY:
==1652432==    definitely lost: 0 bytes in 0 blocks
==1652432==    indirectly lost: 0 bytes in 0 blocks
==1652432==      possibly lost: 0 bytes in 0 blocks
==1652432==    still reachable: 4,096 bytes in 1 blocks
==1652432==         suppressed: 0 bytes in 0 blocks
==1652432== Rerun with --leak-check=full to see details of leaked memory
==1652432== 
==1652432== For lists of detected and suppressed errors, rerun with: -s
==1652432== ERROR SUMMARY: 0 errors from 0 contexts (suppressed: 0 from 0)
