==1654325== Memcheck, a memory error detector
==1654325== Copyright (C) 2002-2022, and GNU GPL'd, by Julian Seward et al.
==1654325== Using Valgrind-3.22.0 and LibVEX; rerun with -h for copyright info
==1654325== Command: /home/loris/Desktop/TestRepositories/Forked/juliet-test-suite-c/Automatic/results/20260707_1536/CWE124/valgrind/bin/CWE124/bad/CWE124_Buffer_Underwrite__char_declare_cpy_17-bad
==1654325== Parent PID: 1654324
==1654325== 
==1654325== Invalid read of size 1
==1654325==    at 0x484F226: strlen (in /usr/libexec/valgrind/vgpreload_memcheck-amd64-linux.so)
==1654325==    by 0x48F6BFC: puts (ioputs.c:35)
==1654325==    by 0x1093FD: printLine (in /home/loris/Desktop/TestRepositories/Forked/juliet-test-suite-c/Automatic/results/20260707_1536/CWE124/valgrind/bin/CWE124/bad/CWE124_Buffer_Underwrite__char_declare_cpy_17-bad)
==1654325==    by 0x109370: CWE124_Buffer_Underwrite__char_declare_cpy_17_bad (in /home/loris/Desktop/TestRepositories/Forked/juliet-test-suite-c/Automatic/results/20260707_1536/CWE124/valgrind/bin/CWE124/bad/CWE124_Buffer_Underwrite__char_declare_cpy_17-bad)
==1654325==    by 0x1093C4: main (in /home/loris/Desktop/TestRepositories/Forked/juliet-test-suite-c/Automatic/results/20260707_1536/CWE124/valgrind/bin/CWE124/bad/CWE124_Buffer_Underwrite__char_declare_cpy_17-bad)
==1654325==  Address 0x4343434343434343 is not stack'd, malloc'd or (recently) free'd
==1654325== 
==1654325== 
==1654325== Process terminating with default action of signal 11 (SIGSEGV)
==1654325==  General Protection Fault
==1654325==    at 0x484F226: strlen (in /usr/libexec/valgrind/vgpreload_memcheck-amd64-linux.so)
==1654325==    by 0x48F6BFC: puts (ioputs.c:35)
==1654325==    by 0x1093FD: printLine (in /home/loris/Desktop/TestRepositories/Forked/juliet-test-suite-c/Automatic/results/20260707_1536/CWE124/valgrind/bin/CWE124/bad/CWE124_Buffer_Underwrite__char_declare_cpy_17-bad)
==1654325==    by 0x109370: CWE124_Buffer_Underwrite__char_declare_cpy_17_bad (in /home/loris/Desktop/TestRepositories/Forked/juliet-test-suite-c/Automatic/results/20260707_1536/CWE124/valgrind/bin/CWE124/bad/CWE124_Buffer_Underwrite__char_declare_cpy_17-bad)
==1654325==    by 0x1093C4: main (in /home/loris/Desktop/TestRepositories/Forked/juliet-test-suite-c/Automatic/results/20260707_1536/CWE124/valgrind/bin/CWE124/bad/CWE124_Buffer_Underwrite__char_declare_cpy_17-bad)
==1654325== 
==1654325== HEAP SUMMARY:
==1654325==     in use at exit: 4,096 bytes in 1 blocks
==1654325==   total heap usage: 1 allocs, 0 frees, 4,096 bytes allocated
==1654325== 
==1654325== LEAK SUMMARY:
==1654325==    definitely lost: 0 bytes in 0 blocks
==1654325==    indirectly lost: 0 bytes in 0 blocks
==1654325==      possibly lost: 0 bytes in 0 blocks
==1654325==    still reachable: 4,096 bytes in 1 blocks
==1654325==         suppressed: 0 bytes in 0 blocks
==1654325== Rerun with --leak-check=full to see details of leaked memory
==1654325== 
==1654325== For lists of detected and suppressed errors, rerun with: -s
==1654325== ERROR SUMMARY: 1 errors from 1 contexts (suppressed: 0 from 0)
