==1654202== Memcheck, a memory error detector
==1654202== Copyright (C) 2002-2022, and GNU GPL'd, by Julian Seward et al.
==1654202== Using Valgrind-3.22.0 and LibVEX; rerun with -h for copyright info
==1654202== Command: /home/loris/Desktop/TestRepositories/Forked/juliet-test-suite-c/Automatic/results/20260707_1536/CWE124/valgrind/bin/CWE124/bad/CWE124_Buffer_Underwrite__char_declare_cpy_05-bad
==1654202== Parent PID: 1654201
==1654202== 
==1654202== Invalid read of size 1
==1654202==    at 0x484F226: strlen (in /usr/libexec/valgrind/vgpreload_memcheck-amd64-linux.so)
==1654202==    by 0x48F6BFC: puts (ioputs.c:35)
==1654202==    by 0x1093EB: printLine (in /home/loris/Desktop/TestRepositories/Forked/juliet-test-suite-c/Automatic/results/20260707_1536/CWE124/valgrind/bin/CWE124/bad/CWE124_Buffer_Underwrite__char_declare_cpy_05-bad)
==1654202==    by 0x10935E: CWE124_Buffer_Underwrite__char_declare_cpy_05_bad (in /home/loris/Desktop/TestRepositories/Forked/juliet-test-suite-c/Automatic/results/20260707_1536/CWE124/valgrind/bin/CWE124/bad/CWE124_Buffer_Underwrite__char_declare_cpy_05-bad)
==1654202==    by 0x1093B2: main (in /home/loris/Desktop/TestRepositories/Forked/juliet-test-suite-c/Automatic/results/20260707_1536/CWE124/valgrind/bin/CWE124/bad/CWE124_Buffer_Underwrite__char_declare_cpy_05-bad)
==1654202==  Address 0x4343434343434343 is not stack'd, malloc'd or (recently) free'd
==1654202== 
==1654202== 
==1654202== Process terminating with default action of signal 11 (SIGSEGV)
==1654202==  General Protection Fault
==1654202==    at 0x484F226: strlen (in /usr/libexec/valgrind/vgpreload_memcheck-amd64-linux.so)
==1654202==    by 0x48F6BFC: puts (ioputs.c:35)
==1654202==    by 0x1093EB: printLine (in /home/loris/Desktop/TestRepositories/Forked/juliet-test-suite-c/Automatic/results/20260707_1536/CWE124/valgrind/bin/CWE124/bad/CWE124_Buffer_Underwrite__char_declare_cpy_05-bad)
==1654202==    by 0x10935E: CWE124_Buffer_Underwrite__char_declare_cpy_05_bad (in /home/loris/Desktop/TestRepositories/Forked/juliet-test-suite-c/Automatic/results/20260707_1536/CWE124/valgrind/bin/CWE124/bad/CWE124_Buffer_Underwrite__char_declare_cpy_05-bad)
==1654202==    by 0x1093B2: main (in /home/loris/Desktop/TestRepositories/Forked/juliet-test-suite-c/Automatic/results/20260707_1536/CWE124/valgrind/bin/CWE124/bad/CWE124_Buffer_Underwrite__char_declare_cpy_05-bad)
==1654202== 
==1654202== HEAP SUMMARY:
==1654202==     in use at exit: 4,096 bytes in 1 blocks
==1654202==   total heap usage: 1 allocs, 0 frees, 4,096 bytes allocated
==1654202== 
==1654202== LEAK SUMMARY:
==1654202==    definitely lost: 0 bytes in 0 blocks
==1654202==    indirectly lost: 0 bytes in 0 blocks
==1654202==      possibly lost: 0 bytes in 0 blocks
==1654202==    still reachable: 4,096 bytes in 1 blocks
==1654202==         suppressed: 0 bytes in 0 blocks
==1654202== Rerun with --leak-check=full to see details of leaked memory
==1654202== 
==1654202== For lists of detected and suppressed errors, rerun with: -s
==1654202== ERROR SUMMARY: 1 errors from 1 contexts (suppressed: 0 from 0)
