==1652023== Memcheck, a memory error detector
==1652023== Copyright (C) 2002-2022, and GNU GPL'd, by Julian Seward et al.
==1652023== Using Valgrind-3.22.0 and LibVEX; rerun with -h for copyright info
==1652023== Command: /home/loris/Desktop/TestRepositories/Forked/juliet-test-suite-c/Automatic/results/20260707_1536/CWE124/valgrind/bin/CWE124/good/CWE124_Buffer_Underwrite__malloc_char_memmove_21-good
==1652023== Parent PID: 1652022
==1652023== 
==1652023== 
==1652023== HEAP SUMMARY:
==1652023==     in use at exit: 200 bytes in 2 blocks
==1652023==   total heap usage: 3 allocs, 1 frees, 4,296 bytes allocated
==1652023== 
==1652023== LEAK SUMMARY:
==1652023==    definitely lost: 200 bytes in 2 blocks
==1652023==    indirectly lost: 0 bytes in 0 blocks
==1652023==      possibly lost: 0 bytes in 0 blocks
==1652023==    still reachable: 0 bytes in 0 blocks
==1652023==         suppressed: 0 bytes in 0 blocks
==1652023== Rerun with --leak-check=full to see details of leaked memory
==1652023== 
==1652023== For lists of detected and suppressed errors, rerun with: -s
==1652023== ERROR SUMMARY: 0 errors from 0 contexts (suppressed: 0 from 0)
