==1650889== Memcheck, a memory error detector
==1650889== Copyright (C) 2002-2022, and GNU GPL'd, by Julian Seward et al.
==1650889== Using Valgrind-3.22.0 and LibVEX; rerun with -h for copyright info
==1650889== Command: /home/loris/Desktop/TestRepositories/Forked/juliet-test-suite-c/Automatic/results/20260707_1536/CWE124/valgrind/bin/CWE124/good/CWE124_Buffer_Underwrite__CWE839_listen_socket_42-good
==1650889== Parent PID: 1650888
==1650889== 
==1650889== 
==1650889== Process terminating with default action of signal 15 (SIGTERM)
==1650889==    at 0x499A834: accept (accept.c:26)
==1650889==    by 0x10951E: goodB2GSource (in /home/loris/Desktop/TestRepositories/Forked/juliet-test-suite-c/Automatic/results/20260707_1536/CWE124/valgrind/bin/CWE124/good/CWE124_Buffer_Underwrite__CWE839_listen_socket_42-good)
==1650889==    by 0x1095D8: goodB2G (in /home/loris/Desktop/TestRepositories/Forked/juliet-test-suite-c/Automatic/results/20260707_1536/CWE124/valgrind/bin/CWE124/good/CWE124_Buffer_Underwrite__CWE839_listen_socket_42-good)
==1650889==    by 0x109662: CWE124_Buffer_Underwrite__CWE839_listen_socket_42_good (in /home/loris/Desktop/TestRepositories/Forked/juliet-test-suite-c/Automatic/results/20260707_1536/CWE124/valgrind/bin/CWE124/good/CWE124_Buffer_Underwrite__CWE839_listen_socket_42-good)
==1650889==    by 0x1096AC: main (in /home/loris/Desktop/TestRepositories/Forked/juliet-test-suite-c/Automatic/results/20260707_1536/CWE124/valgrind/bin/CWE124/good/CWE124_Buffer_Underwrite__CWE839_listen_socket_42-good)
==1650889== 
==1650889== HEAP SUMMARY:
==1650889==     in use at exit: 4,096 bytes in 1 blocks
==1650889==   total heap usage: 1 allocs, 0 frees, 4,096 bytes allocated
==1650889== 
==1650889== LEAK SUMMARY:
==1650889==    definitely lost: 0 bytes in 0 blocks
==1650889==    indirectly lost: 0 bytes in 0 blocks
==1650889==      possibly lost: 0 bytes in 0 blocks
==1650889==    still reachable: 4,096 bytes in 1 blocks
==1650889==         suppressed: 0 bytes in 0 blocks
==1650889== Rerun with --leak-check=full to see details of leaked memory
==1650889== 
==1650889== For lists of detected and suppressed errors, rerun with: -s
==1650889== ERROR SUMMARY: 0 errors from 0 contexts (suppressed: 0 from 0)
