==1653165== Memcheck, a memory error detector
==1653165== Copyright (C) 2002-2022, and GNU GPL'd, by Julian Seward et al.
==1653165== Using Valgrind-3.22.0 and LibVEX; rerun with -h for copyright info
==1653165== Command: /home/loris/Desktop/TestRepositories/Forked/juliet-test-suite-c/Automatic/results/20260707_1536/CWE124/valgrind/bin/CWE124/bad/CWE124_Buffer_Underwrite__char_alloca_loop_54-bad
==1653165== Parent PID: 1653164
==1653165== 
==1653165== Jump to the invalid address stated on the next line
==1653165==    at 0x4343434343434343: ???
==1653165==    by 0x1093D2: main (in /home/loris/Desktop/TestRepositories/Forked/juliet-test-suite-c/Automatic/results/20260707_1536/CWE124/valgrind/bin/CWE124/bad/CWE124_Buffer_Underwrite__char_alloca_loop_54-bad)
==1653165==  Address 0x4343434343434343 is not stack'd, malloc'd or (recently) free'd
==1653165== 
==1653165== 
==1653165== Process terminating with default action of signal 11 (SIGSEGV)
==1653165==  Bad permissions for mapped region at address 0x4343434343434343
==1653165==    at 0x4343434343434343: ???
==1653165==    by 0x1093D2: main (in /home/loris/Desktop/TestRepositories/Forked/juliet-test-suite-c/Automatic/results/20260707_1536/CWE124/valgrind/bin/CWE124/bad/CWE124_Buffer_Underwrite__char_alloca_loop_54-bad)
==1653165== 
==1653165== HEAP SUMMARY:
==1653165==     in use at exit: 4,096 bytes in 1 blocks
==1653165==   total heap usage: 1 allocs, 0 frees, 4,096 bytes allocated
==1653165== 
==1653165== LEAK SUMMARY:
==1653165==    definitely lost: 0 bytes in 0 blocks
==1653165==    indirectly lost: 0 bytes in 0 blocks
==1653165==      possibly lost: 0 bytes in 0 blocks
==1653165==    still reachable: 4,096 bytes in 1 blocks
==1653165==         suppressed: 0 bytes in 0 blocks
==1653165== Rerun with --leak-check=full to see details of leaked memory
==1653165== 
==1653165== For lists of detected and suppressed errors, rerun with: -s
==1653165== ERROR SUMMARY: 1 errors from 1 contexts (suppressed: 0 from 0)
