==1652003== Memcheck, a memory error detector
==1652003== Copyright (C) 2002-2022, and GNU GPL'd, by Julian Seward et al.
==1652003== Using Valgrind-3.22.0 and LibVEX; rerun with -h for copyright info
==1652003== Command: /home/loris/Desktop/TestRepositories/Forked/juliet-test-suite-c/Automatic/results/20260707_1536/CWE124/valgrind/bin/CWE124/good/CWE124_Buffer_Underwrite__malloc_char_memmove_09-good
==1652003== Parent PID: 1652002
==1652003== 
==1652003== 
==1652003== HEAP SUMMARY:
==1652003==     in use at exit: 200 bytes in 2 blocks
==1652003==   total heap usage: 3 allocs, 1 frees, 4,296 bytes allocated
==1652003== 
==1652003== LEAK SUMMARY:
==1652003==    definitely lost: 200 bytes in 2 blocks
==1652003==    indirectly lost: 0 bytes in 0 blocks
==1652003==      possibly lost: 0 bytes in 0 blocks
==1652003==    still reachable: 0 bytes in 0 blocks
==1652003==         suppressed: 0 bytes in 0 blocks
==1652003== Rerun with --leak-check=full to see details of leaked memory
==1652003== 
==1652003== For lists of detected and suppressed errors, rerun with: -s
==1652003== ERROR SUMMARY: 0 errors from 0 contexts (suppressed: 0 from 0)
