==1652654== Memcheck, a memory error detector
==1652654== Copyright (C) 2002-2022, and GNU GPL'd, by Julian Seward et al.
==1652654== Using Valgrind-3.22.0 and LibVEX; rerun with -h for copyright info
==1652654== Command: /home/loris/Desktop/TestRepositories/Forked/juliet-test-suite-c/Automatic/results/20260707_1536/CWE124/valgrind/bin/CWE124/bad/CWE124_Buffer_Underwrite__CWE839_rand_66-bad
==1652654== Parent PID: 1652653
==1652654== 
==1652654== Invalid write of size 4
==1652654==    at 0x1093BA: CWE124_Buffer_Underwrite__CWE839_rand_66b_badSink (in /home/loris/Desktop/TestRepositories/Forked/juliet-test-suite-c/Automatic/results/20260707_1536/CWE124/valgrind/bin/CWE124/bad/CWE124_Buffer_Underwrite__CWE839_rand_66-bad)
==1652654==    by 0x109306: CWE124_Buffer_Underwrite__CWE839_rand_66_bad (in /home/loris/Desktop/TestRepositories/Forked/juliet-test-suite-c/Automatic/results/20260707_1536/CWE124/valgrind/bin/CWE124/bad/CWE124_Buffer_Underwrite__CWE839_rand_66-bad)
==1652654==    by 0x10935E: main (in /home/loris/Desktop/TestRepositories/Forked/juliet-test-suite-c/Automatic/results/20260707_1536/CWE124/valgrind/bin/CWE124/bad/CWE124_Buffer_Underwrite__CWE839_rand_66-bad)
==1652654==  Address 0x1f0dd1ba44 is not stack'd, malloc'd or (recently) free'd
==1652654== 
==1652654== 
==1652654== Process terminating with default action of signal 11 (SIGSEGV)
==1652654==  Access not within mapped region at address 0x1F0DD1BA44
==1652654==    at 0x1093BA: CWE124_Buffer_Underwrite__CWE839_rand_66b_badSink (in /home/loris/Desktop/TestRepositories/Forked/juliet-test-suite-c/Automatic/results/20260707_1536/CWE124/valgrind/bin/CWE124/bad/CWE124_Buffer_Underwrite__CWE839_rand_66-bad)
==1652654==    by 0x109306: CWE124_Buffer_Underwrite__CWE839_rand_66_bad (in /home/loris/Desktop/TestRepositories/Forked/juliet-test-suite-c/Automatic/results/20260707_1536/CWE124/valgrind/bin/CWE124/bad/CWE124_Buffer_Underwrite__CWE839_rand_66-bad)
==1652654==    by 0x10935E: main (in /home/loris/Desktop/TestRepositories/Forked/juliet-test-suite-c/Automatic/results/20260707_1536/CWE124/valgrind/bin/CWE124/bad/CWE124_Buffer_Underwrite__CWE839_rand_66-bad)
==1652654==  If you believe this happened as a result of a stack
==1652654==  overflow in your program's main thread (unlikely but
==1652654==  possible), you can try to increase the size of the
==1652654==  main thread stack using the --main-stacksize= flag.
==1652654==  The main thread stack size used in this run was 8388608.
==1652654== 
==1652654== HEAP SUMMARY:
==1652654==     in use at exit: 4,096 bytes in 1 blocks
==1652654==   total heap usage: 1 allocs, 0 frees, 4,096 bytes allocated
==1652654== 
==1652654== LEAK SUMMARY:
==1652654==    definitely lost: 0 bytes in 0 blocks
==1652654==    indirectly lost: 0 bytes in 0 blocks
==1652654==      possibly lost: 0 bytes in 0 blocks
==1652654==    still reachable: 4,096 bytes in 1 blocks
==1652654==         suppressed: 0 bytes in 0 blocks
==1652654== Rerun with --leak-check=full to see details of leaked memory
==1652654== 
==1652654== For lists of detected and suppressed errors, rerun with: -s
==1652654== ERROR SUMMARY: 1 errors from 1 contexts (suppressed: 0 from 0)
