==1654748== Memcheck, a memory error detector
==1654748== Copyright (C) 2002-2022, and GNU GPL'd, by Julian Seward et al.
==1654748== Using Valgrind-3.22.0 and LibVEX; rerun with -h for copyright info
==1654748== Command: /home/loris/Desktop/TestRepositories/Forked/juliet-test-suite-c/Automatic/results/20260707_1536/CWE124/valgrind/bin/CWE124/bad/CWE124_Buffer_Underwrite__char_declare_memmove_03-bad
==1654748== Parent PID: 1654747
==1654748== 
==1654748== Invalid write of size 1
==1654748==    at 0x109356: CWE124_Buffer_Underwrite__char_declare_memmove_03_bad (in /home/loris/Desktop/TestRepositories/Forked/juliet-test-suite-c/Automatic/results/20260707_1536/CWE124/valgrind/bin/CWE124/bad/CWE124_Buffer_Underwrite__char_declare_memmove_03-bad)
==1654748==    by 0x1093BB: main (in /home/loris/Desktop/TestRepositories/Forked/juliet-test-suite-c/Automatic/results/20260707_1536/CWE124/valgrind/bin/CWE124/bad/CWE124_Buffer_Underwrite__char_declare_memmove_03-bad)
==1654748==  Address 0x43434343434343a6 is not stack'd, malloc'd or (recently) free'd
==1654748== 
==1654748== 
==1654748== Process terminating with default action of signal 11 (SIGSEGV)
==1654748==  General Protection Fault
==1654748==    at 0x109356: CWE124_Buffer_Underwrite__char_declare_memmove_03_bad (in /home/loris/Desktop/TestRepositories/Forked/juliet-test-suite-c/Automatic/results/20260707_1536/CWE124/valgrind/bin/CWE124/bad/CWE124_Buffer_Underwrite__char_declare_memmove_03-bad)
==1654748==    by 0x1093BB: main (in /home/loris/Desktop/TestRepositories/Forked/juliet-test-suite-c/Automatic/results/20260707_1536/CWE124/valgrind/bin/CWE124/bad/CWE124_Buffer_Underwrite__char_declare_memmove_03-bad)
==1654748== 
==1654748== HEAP SUMMARY:
==1654748==     in use at exit: 4,096 bytes in 1 blocks
==1654748==   total heap usage: 1 allocs, 0 frees, 4,096 bytes allocated
==1654748== 
==1654748== LEAK SUMMARY:
==1654748==    definitely lost: 0 bytes in 0 blocks
==1654748==    indirectly lost: 0 bytes in 0 blocks
==1654748==      possibly lost: 0 bytes in 0 blocks
==1654748==    still reachable: 4,096 bytes in 1 blocks
==1654748==         suppressed: 0 bytes in 0 blocks
==1654748== Rerun with --leak-check=full to see details of leaked memory
==1654748== 
==1654748== For lists of detected and suppressed errors, rerun with: -s
==1654748== ERROR SUMMARY: 1 errors from 1 contexts (suppressed: 0 from 0)
