==1654566== Memcheck, a memory error detector
==1654566== Copyright (C) 2002-2022, and GNU GPL'd, by Julian Seward et al.
==1654566== Using Valgrind-3.22.0 and LibVEX; rerun with -h for copyright info
==1654566== Command: /home/loris/Desktop/TestRepositories/Forked/juliet-test-suite-c/Automatic/results/20260707_1536/CWE124/valgrind/bin/CWE124/bad/CWE124_Buffer_Underwrite__char_declare_memcpy_09-bad
==1654566== Parent PID: 1654565
==1654566== 
==1654566== Invalid write of size 1
==1654566==    at 0x109395: CWE124_Buffer_Underwrite__char_declare_memcpy_09_bad (in /home/loris/Desktop/TestRepositories/Forked/juliet-test-suite-c/Automatic/results/20260707_1536/CWE124/valgrind/bin/CWE124/bad/CWE124_Buffer_Underwrite__char_declare_memcpy_09-bad)
==1654566==    by 0x1093FE: main (in /home/loris/Desktop/TestRepositories/Forked/juliet-test-suite-c/Automatic/results/20260707_1536/CWE124/valgrind/bin/CWE124/bad/CWE124_Buffer_Underwrite__char_declare_memcpy_09-bad)
==1654566==  Address 0x43434343434343a6 is not stack'd, malloc'd or (recently) free'd
==1654566== 
==1654566== 
==1654566== Process terminating with default action of signal 11 (SIGSEGV)
==1654566==  General Protection Fault
==1654566==    at 0x109395: CWE124_Buffer_Underwrite__char_declare_memcpy_09_bad (in /home/loris/Desktop/TestRepositories/Forked/juliet-test-suite-c/Automatic/results/20260707_1536/CWE124/valgrind/bin/CWE124/bad/CWE124_Buffer_Underwrite__char_declare_memcpy_09-bad)
==1654566==    by 0x1093FE: main (in /home/loris/Desktop/TestRepositories/Forked/juliet-test-suite-c/Automatic/results/20260707_1536/CWE124/valgrind/bin/CWE124/bad/CWE124_Buffer_Underwrite__char_declare_memcpy_09-bad)
==1654566== 
==1654566== HEAP SUMMARY:
==1654566==     in use at exit: 4,096 bytes in 1 blocks
==1654566==   total heap usage: 1 allocs, 0 frees, 4,096 bytes allocated
==1654566== 
==1654566== LEAK SUMMARY:
==1654566==    definitely lost: 0 bytes in 0 blocks
==1654566==    indirectly lost: 0 bytes in 0 blocks
==1654566==      possibly lost: 0 bytes in 0 blocks
==1654566==    still reachable: 4,096 bytes in 1 blocks
==1654566==         suppressed: 0 bytes in 0 blocks
==1654566== Rerun with --leak-check=full to see details of leaked memory
==1654566== 
==1654566== For lists of detected and suppressed errors, rerun with: -s
==1654566== ERROR SUMMARY: 1 errors from 1 contexts (suppressed: 0 from 0)
