==1652057== Memcheck, a memory error detector
==1652057== Copyright (C) 2002-2022, and GNU GPL'd, by Julian Seward et al.
==1652057== Using Valgrind-3.22.0 and LibVEX; rerun with -h for copyright info
==1652057== Command: /home/loris/Desktop/TestRepositories/Forked/juliet-test-suite-c/Automatic/results/20260707_1536/CWE124/valgrind/bin/CWE124/good/CWE124_Buffer_Underwrite__malloc_char_memmove_66-good
==1652057== Parent PID: 1652056
==1652057== 
==1652057== 
==1652057== HEAP SUMMARY:
==1652057==     in use at exit: 100 bytes in 1 blocks
==1652057==   total heap usage: 2 allocs, 1 frees, 4,196 bytes allocated
==1652057== 
==1652057== LEAK SUMMARY:
==1652057==    definitely lost: 100 bytes in 1 blocks
==1652057==    indirectly lost: 0 bytes in 0 blocks
==1652057==      possibly lost: 0 bytes in 0 blocks
==1652057==    still reachable: 0 bytes in 0 blocks
==1652057==         suppressed: 0 bytes in 0 blocks
==1652057== Rerun with --leak-check=full to see details of leaked memory
==1652057== 
==1652057== For lists of detected and suppressed errors, rerun with: -s
==1652057== ERROR SUMMARY: 0 errors from 0 contexts (suppressed: 0 from 0)
