==728679== Memcheck, a memory error detector
==728679== Copyright (C) 2002-2022, and GNU GPL'd, by Julian Seward et al.
==728679== Using Valgrind-3.22.0 and LibVEX; rerun with -h for copyright info
==728679== Command: /home/loris/Desktop/TestRepositories/Forked/juliet-test-suite-c/Automatic/results/20260707_1536/CWE121/valgrind/bin/CWE121/bad/CWE121_Stack_Based_Buffer_Overflow__CWE805_int_alloca_loop_66-bad
==728679== Parent PID: 728678
==728679== 
==728679== 
==728679== Process terminating with default action of signal 6 (SIGABRT)
==728679==    at 0x490DB2C: __pthread_kill_implementation (pthread_kill.c:44)
==728679==    by 0x490DB2C: __pthread_kill_internal (pthread_kill.c:78)
==728679==    by 0x490DB2C: pthread_kill@@GLIBC_2.34 (pthread_kill.c:89)
==728679==    by 0x48B427D: raise (raise.c:26)
==728679==    by 0x48978FE: abort (abort.c:79)
==728679==    by 0x48987B5: __libc_message_impl.cold (libc_fatal.c:134)
==728679==    by 0x49A5C48: __fortify_fail (fortify_fail.c:24)
==728679==    by 0x49A6ED3: __stack_chk_fail (stack_chk_fail.c:24)
==728679==    by 0x1093DC: CWE121_Stack_Based_Buffer_Overflow__CWE805_int_alloca_loop_66_bad (in /home/loris/Desktop/TestRepositories/Forked/juliet-test-suite-c/Automatic/results/20260707_1536/CWE121/valgrind/bin/CWE121/bad/CWE121_Stack_Based_Buffer_Overflow__CWE805_int_alloca_loop_66-bad)
==728679== 
==728679== HEAP SUMMARY:
==728679==     in use at exit: 4,096 bytes in 1 blocks
==728679==   total heap usage: 1 allocs, 0 frees, 4,096 bytes allocated
==728679== 
==728679== LEAK SUMMARY:
==728679==    definitely lost: 0 bytes in 0 blocks
==728679==    indirectly lost: 0 bytes in 0 blocks
==728679==      possibly lost: 0 bytes in 0 blocks
==728679==    still reachable: 4,096 bytes in 1 blocks
==728679==         suppressed: 0 bytes in 0 blocks
==728679== Rerun with --leak-check=full to see details of leaked memory
==728679== 
==728679== For lists of detected and suppressed errors, rerun with: -s
==728679== ERROR SUMMARY: 0 errors from 0 contexts (suppressed: 0 from 0)
