==728900== Memcheck, a memory error detector
==728900== Copyright (C) 2002-2022, and GNU GPL'd, by Julian Seward et al.
==728900== Using Valgrind-3.22.0 and LibVEX; rerun with -h for copyright info
==728900== Command: /home/loris/Desktop/TestRepositories/Forked/juliet-test-suite-c/Automatic/results/20260707_1536/CWE121/valgrind/bin/CWE121/bad/CWE121_Stack_Based_Buffer_Overflow__CWE805_int_alloca_memcpy_31-bad
==728900== Parent PID: 728899
==728900== 
==728900== Invalid read of size 4
==728900==    at 0x10943B: CWE121_Stack_Based_Buffer_Overflow__CWE805_int_alloca_memcpy_31_bad (in /home/loris/Desktop/TestRepositories/Forked/juliet-test-suite-c/Automatic/results/20260707_1536/CWE121/valgrind/bin/CWE121/bad/CWE121_Stack_Based_Buffer_Overflow__CWE805_int_alloca_memcpy_31-bad)
==728900==    by 0x109497: main (in /home/loris/Desktop/TestRepositories/Forked/juliet-test-suite-c/Automatic/results/20260707_1536/CWE121/valgrind/bin/CWE121/bad/CWE121_Stack_Based_Buffer_Overflow__CWE805_int_alloca_memcpy_31-bad)
==728900==  Address 0x0 is not stack'd, malloc'd or (recently) free'd
==728900== 
==728900== 
==728900== Process terminating with default action of signal 11 (SIGSEGV)
==728900==  Access not within mapped region at address 0x0
==728900==    at 0x10943B: CWE121_Stack_Based_Buffer_Overflow__CWE805_int_alloca_memcpy_31_bad (in /home/loris/Desktop/TestRepositories/Forked/juliet-test-suite-c/Automatic/results/20260707_1536/CWE121/valgrind/bin/CWE121/bad/CWE121_Stack_Based_Buffer_Overflow__CWE805_int_alloca_memcpy_31-bad)
==728900==    by 0x109497: main (in /home/loris/Desktop/TestRepositories/Forked/juliet-test-suite-c/Automatic/results/20260707_1536/CWE121/valgrind/bin/CWE121/bad/CWE121_Stack_Based_Buffer_Overflow__CWE805_int_alloca_memcpy_31-bad)
==728900==  If you believe this happened as a result of a stack
==728900==  overflow in your program's main thread (unlikely but
==728900==  possible), you can try to increase the size of the
==728900==  main thread stack using the --main-stacksize= flag.
==728900==  The main thread stack size used in this run was 8388608.
==728900== 
==728900== HEAP SUMMARY:
==728900==     in use at exit: 4,096 bytes in 1 blocks
==728900==   total heap usage: 1 allocs, 0 frees, 4,096 bytes allocated
==728900== 
==728900== LEAK SUMMARY:
==728900==    definitely lost: 0 bytes in 0 blocks
==728900==    indirectly lost: 0 bytes in 0 blocks
==728900==      possibly lost: 0 bytes in 0 blocks
==728900==    still reachable: 4,096 bytes in 1 blocks
==728900==         suppressed: 0 bytes in 0 blocks
==728900== Rerun with --leak-check=full to see details of leaked memory
==728900== 
==728900== For lists of detected and suppressed errors, rerun with: -s
==728900== ERROR SUMMARY: 1 errors from 1 contexts (suppressed: 0 from 0)
