==730271== Memcheck, a memory error detector
==730271== Copyright (C) 2002-2022, and GNU GPL'd, by Julian Seward et al.
==730271== Using Valgrind-3.22.0 and LibVEX; rerun with -h for copyright info
==730271== Command: /home/loris/Desktop/TestRepositories/Forked/juliet-test-suite-c/Automatic/results/20260707_1536/CWE121/valgrind/bin/CWE121/bad/CWE121_Stack_Based_Buffer_Overflow__CWE805_struct_alloca_memcpy_64-bad
==730271== Parent PID: 730268
==730271== 
==730271== 
==730271== Process terminating with default action of signal 6 (SIGABRT)
==730271==    at 0x490DB2C: __pthread_kill_implementation (pthread_kill.c:44)
==730271==    by 0x490DB2C: __pthread_kill_internal (pthread_kill.c:78)
==730271==    by 0x490DB2C: pthread_kill@@GLIBC_2.34 (pthread_kill.c:89)
==730271==    by 0x48B427D: raise (raise.c:26)
==730271==    by 0x48978FE: abort (abort.c:79)
==730271==    by 0x48987B5: __libc_message_impl.cold (libc_fatal.c:134)
==730271==    by 0x49A5C48: __fortify_fail (fortify_fail.c:24)
==730271==    by 0x49A6ED3: __stack_chk_fail (stack_chk_fail.c:24)
==730271==    by 0x1093F4: CWE121_Stack_Based_Buffer_Overflow__CWE805_struct_alloca_memcpy_64_bad (in /home/loris/Desktop/TestRepositories/Forked/juliet-test-suite-c/Automatic/results/20260707_1536/CWE121/valgrind/bin/CWE121/bad/CWE121_Stack_Based_Buffer_Overflow__CWE805_struct_alloca_memcpy_64-bad)
==730271== 
==730271== HEAP SUMMARY:
==730271==     in use at exit: 4,096 bytes in 1 blocks
==730271==   total heap usage: 1 allocs, 0 frees, 4,096 bytes allocated
==730271== 
==730271== LEAK SUMMARY:
==730271==    definitely lost: 0 bytes in 0 blocks
==730271==    indirectly lost: 0 bytes in 0 blocks
==730271==      possibly lost: 0 bytes in 0 blocks
==730271==    still reachable: 4,096 bytes in 1 blocks
==730271==         suppressed: 0 bytes in 0 blocks
==730271== Rerun with --leak-check=full to see details of leaked memory
==730271== 
==730271== For lists of detected and suppressed errors, rerun with: -s
==730271== ERROR SUMMARY: 0 errors from 0 contexts (suppressed: 0 from 0)
