==733983== Memcheck, a memory error detector
==733983== Copyright (C) 2002-2022, and GNU GPL'd, by Julian Seward et al.
==733983== Using Valgrind-3.22.0 and LibVEX; rerun with -h for copyright info
==733983== Command: /home/loris/Desktop/TestRepositories/Forked/juliet-test-suite-c/Automatic/results/20260707_1536/CWE121/valgrind/bin/CWE121/bad/CWE121_Stack_Based_Buffer_Overflow__CWE806_char_declare_ncat_05-bad
==733983== Parent PID: 733982
==733983== 
==733983== Source and destination overlap in strncat(0x1ffefffde0, 0x1ffefffe20, 99)
==733983==    at 0x484F197: strncat (in /usr/libexec/valgrind/vgpreload_memcheck-amd64-linux.so)
==733983==    by 0x1093B5: CWE121_Stack_Based_Buffer_Overflow__CWE806_char_declare_ncat_05_bad (in /home/loris/Desktop/TestRepositories/Forked/juliet-test-suite-c/Automatic/results/20260707_1536/CWE121/valgrind/bin/CWE121/bad/CWE121_Stack_Based_Buffer_Overflow__CWE806_char_declare_ncat_05-bad)
==733983==    by 0x10941C: main (in /home/loris/Desktop/TestRepositories/Forked/juliet-test-suite-c/Automatic/results/20260707_1536/CWE121/valgrind/bin/CWE121/bad/CWE121_Stack_Based_Buffer_Overflow__CWE806_char_declare_ncat_05-bad)
==733983== 
==733983== 
==733983== HEAP SUMMARY:
==733983==     in use at exit: 0 bytes in 0 blocks
==733983==   total heap usage: 1 allocs, 1 frees, 4,096 bytes allocated
==733983== 
==733983== All heap blocks were freed -- no leaks are possible
==733983== 
==733983== For lists of detected and suppressed errors, rerun with: -s
==733983== ERROR SUMMARY: 1 errors from 1 contexts (suppressed: 0 from 0)
