==734961== Memcheck, a memory error detector
==734961== Copyright (C) 2002-2022, and GNU GPL'd, by Julian Seward et al.
==734961== Using Valgrind-3.22.0 and LibVEX; rerun with -h for copyright info
==734961== Command: /home/loris/Desktop/TestRepositories/Forked/juliet-test-suite-c/Automatic/results/20260707_1536/CWE121/valgrind/bin/CWE121/bad/CWE121_Stack_Based_Buffer_Overflow__dest_char_alloca_cat_04-bad
==734961== Parent PID: 734960
==734961== 
==734961== Source and destination overlap in strcat(0x1ffefffdd0, 0x1ffefffe30)
==734961==    at 0x484EFE3: strcat (in /usr/libexec/valgrind/vgpreload_memcheck-amd64-linux.so)
==734961==    by 0x109438: CWE121_Stack_Based_Buffer_Overflow__dest_char_alloca_cat_04_bad (in /home/loris/Desktop/TestRepositories/Forked/juliet-test-suite-c/Automatic/results/20260707_1536/CWE121/valgrind/bin/CWE121/bad/CWE121_Stack_Based_Buffer_Overflow__dest_char_alloca_cat_04-bad)
==734961==    by 0x10949B: main (in /home/loris/Desktop/TestRepositories/Forked/juliet-test-suite-c/Automatic/results/20260707_1536/CWE121/valgrind/bin/CWE121/bad/CWE121_Stack_Based_Buffer_Overflow__dest_char_alloca_cat_04-bad)
==734961== 
==734961== Invalid read of size 1
==734961==    at 0x484F226: strlen (in /usr/libexec/valgrind/vgpreload_memcheck-amd64-linux.so)
==734961==    by 0x48F6BFC: puts (ioputs.c:35)
==734961==    by 0x1094D4: printLine (in /home/loris/Desktop/TestRepositories/Forked/juliet-test-suite-c/Automatic/results/20260707_1536/CWE121/valgrind/bin/CWE121/bad/CWE121_Stack_Based_Buffer_Overflow__dest_char_alloca_cat_04-bad)
==734961==    by 0x109447: CWE121_Stack_Based_Buffer_Overflow__dest_char_alloca_cat_04_bad (in /home/loris/Desktop/TestRepositories/Forked/juliet-test-suite-c/Automatic/results/20260707_1536/CWE121/valgrind/bin/CWE121/bad/CWE121_Stack_Based_Buffer_Overflow__dest_char_alloca_cat_04-bad)
==734961==    by 0x10949B: main (in /home/loris/Desktop/TestRepositories/Forked/juliet-test-suite-c/Automatic/results/20260707_1536/CWE121/valgrind/bin/CWE121/bad/CWE121_Stack_Based_Buffer_Overflow__dest_char_alloca_cat_04-bad)
==734961==  Address 0x4343434343434343 is not stack'd, malloc'd or (recently) free'd
==734961== 
==734961== 
==734961== Process terminating with default action of signal 11 (SIGSEGV)
==734961==  General Protection Fault
==734961==    at 0x484F226: strlen (in /usr/libexec/valgrind/vgpreload_memcheck-amd64-linux.so)
==734961==    by 0x48F6BFC: puts (ioputs.c:35)
==734961==    by 0x1094D4: printLine (in /home/loris/Desktop/TestRepositories/Forked/juliet-test-suite-c/Automatic/results/20260707_1536/CWE121/valgrind/bin/CWE121/bad/CWE121_Stack_Based_Buffer_Overflow__dest_char_alloca_cat_04-bad)
==734961==    by 0x109447: CWE121_Stack_Based_Buffer_Overflow__dest_char_alloca_cat_04_bad (in /home/loris/Desktop/TestRepositories/Forked/juliet-test-suite-c/Automatic/results/20260707_1536/CWE121/valgrind/bin/CWE121/bad/CWE121_Stack_Based_Buffer_Overflow__dest_char_alloca_cat_04-bad)
==734961==    by 0x10949B: main (in /home/loris/Desktop/TestRepositories/Forked/juliet-test-suite-c/Automatic/results/20260707_1536/CWE121/valgrind/bin/CWE121/bad/CWE121_Stack_Based_Buffer_Overflow__dest_char_alloca_cat_04-bad)
==734961== 
==734961== HEAP SUMMARY:
==734961==     in use at exit: 4,096 bytes in 1 blocks
==734961==   total heap usage: 1 allocs, 0 frees, 4,096 bytes allocated
==734961== 
==734961== LEAK SUMMARY:
==734961==    definitely lost: 0 bytes in 0 blocks
==734961==    indirectly lost: 0 bytes in 0 blocks
==734961==      possibly lost: 0 bytes in 0 blocks
==734961==    still reachable: 4,096 bytes in 1 blocks
==734961==         suppressed: 0 bytes in 0 blocks
==734961== Rerun with --leak-check=full to see details of leaked memory
==734961== 
==734961== For lists of detected and suppressed errors, rerun with: -s
==734961== ERROR SUMMARY: 2 errors from 2 contexts (suppressed: 0 from 0)
