==725540== Memcheck, a memory error detector
==725540== Copyright (C) 2002-2022, and GNU GPL'd, by Julian Seward et al.
==725540== Using Valgrind-3.22.0 and LibVEX; rerun with -h for copyright info
==725540== Command: /home/loris/Desktop/TestRepositories/Forked/juliet-test-suite-c/Automatic/results/20260707_1536/CWE121/valgrind/bin/CWE121/bad/CWE121_Stack_Based_Buffer_Overflow__CWE805_char_alloca_memcpy_64-bad
==725540== Parent PID: 725539
==725540== 
==725540== 
==725540== Process terminating with default action of signal 6 (SIGABRT)
==725540==    at 0x490DB2C: __pthread_kill_implementation (pthread_kill.c:44)
==725540==    by 0x490DB2C: __pthread_kill_internal (pthread_kill.c:78)
==725540==    by 0x490DB2C: pthread_kill@@GLIBC_2.34 (pthread_kill.c:89)
==725540==    by 0x48B427D: raise (raise.c:26)
==725540==    by 0x48978FE: abort (abort.c:79)
==725540==    by 0x48987B5: __libc_message_impl.cold (libc_fatal.c:134)
==725540==    by 0x49A5C48: __fortify_fail (fortify_fail.c:24)
==725540==    by 0x49A6ED3: __stack_chk_fail (stack_chk_fail.c:24)
==725540==    by 0x1093F7: CWE121_Stack_Based_Buffer_Overflow__CWE805_char_alloca_memcpy_64_bad (in /home/loris/Desktop/TestRepositories/Forked/juliet-test-suite-c/Automatic/results/20260707_1536/CWE121/valgrind/bin/CWE121/bad/CWE121_Stack_Based_Buffer_Overflow__CWE805_char_alloca_memcpy_64-bad)
==725540==    by 0x109436: main (in /home/loris/Desktop/TestRepositories/Forked/juliet-test-suite-c/Automatic/results/20260707_1536/CWE121/valgrind/bin/CWE121/bad/CWE121_Stack_Based_Buffer_Overflow__CWE805_char_alloca_memcpy_64-bad)
==725540== 
==725540== HEAP SUMMARY:
==725540==     in use at exit: 4,096 bytes in 1 blocks
==725540==   total heap usage: 1 allocs, 0 frees, 4,096 bytes allocated
==725540== 
==725540== LEAK SUMMARY:
==725540==    definitely lost: 0 bytes in 0 blocks
==725540==    indirectly lost: 0 bytes in 0 blocks
==725540==      possibly lost: 0 bytes in 0 blocks
==725540==    still reachable: 4,096 bytes in 1 blocks
==725540==         suppressed: 0 bytes in 0 blocks
==725540== Rerun with --leak-check=full to see details of leaked memory
==725540== 
==725540== For lists of detected and suppressed errors, rerun with: -s
==725540== ERROR SUMMARY: 0 errors from 0 contexts (suppressed: 0 from 0)
