==731385== Memcheck, a memory error detector
==731385== Copyright (C) 2002-2022, and GNU GPL'd, by Julian Seward et al.
==731385== Using Valgrind-3.22.0 and LibVEX; rerun with -h for copyright info
==731385== Command: /home/loris/Desktop/TestRepositories/Forked/juliet-test-suite-c/Automatic/results/20260707_1536/CWE121/valgrind/bin/CWE121/bad/CWE121_Stack_Based_Buffer_Overflow__CWE806_char_alloca_memcpy_07-bad
==731385== Parent PID: 731384
==731385== 
==731385== 
==731385== Process terminating with default action of signal 6 (SIGABRT)
==731385==    at 0x490DB2C: __pthread_kill_implementation (pthread_kill.c:44)
==731385==    by 0x490DB2C: __pthread_kill_internal (pthread_kill.c:78)
==731385==    by 0x490DB2C: pthread_kill@@GLIBC_2.34 (pthread_kill.c:89)
==731385==    by 0x48B427D: raise (raise.c:26)
==731385==    by 0x48978FE: abort (abort.c:79)
==731385==    by 0x48987B5: __libc_message_impl.cold (libc_fatal.c:134)
==731385==    by 0x49A5C48: __fortify_fail (fortify_fail.c:24)
==731385==    by 0x49A6ED3: __stack_chk_fail (stack_chk_fail.c:24)
==731385==    by 0x109436: CWE121_Stack_Based_Buffer_Overflow__CWE806_char_alloca_memcpy_07_bad (in /home/loris/Desktop/TestRepositories/Forked/juliet-test-suite-c/Automatic/results/20260707_1536/CWE121/valgrind/bin/CWE121/bad/CWE121_Stack_Based_Buffer_Overflow__CWE806_char_alloca_memcpy_07-bad)
==731385==    by 0x4141414141414140: ???
==731385==    by 0x4141414141414140: ???
==731385==    by 0x4141414141414140: ???
==731385==    by 0x1FFE414140: ???
==731385==    by 0x48991C9: (below main) (libc_start_call_main.h:58)
==731385== 
==731385== HEAP SUMMARY:
==731385==     in use at exit: 4,096 bytes in 1 blocks
==731385==   total heap usage: 1 allocs, 0 frees, 4,096 bytes allocated
==731385== 
==731385== LEAK SUMMARY:
==731385==    definitely lost: 0 bytes in 0 blocks
==731385==    indirectly lost: 0 bytes in 0 blocks
==731385==      possibly lost: 0 bytes in 0 blocks
==731385==    still reachable: 4,096 bytes in 1 blocks
==731385==         suppressed: 0 bytes in 0 blocks
==731385== Rerun with --leak-check=full to see details of leaked memory
==731385== 
==731385== For lists of detected and suppressed errors, rerun with: -s
==731385== ERROR SUMMARY: 0 errors from 0 contexts (suppressed: 0 from 0)
