==729795== Memcheck, a memory error detector
==729795== Copyright (C) 2002-2022, and GNU GPL'd, by Julian Seward et al.
==729795== Using Valgrind-3.22.0 and LibVEX; rerun with -h for copyright info
==729795== Command: /home/loris/Desktop/TestRepositories/Forked/juliet-test-suite-c/Automatic/results/20260707_1536/CWE121/valgrind/bin/CWE121/bad/CWE121_Stack_Based_Buffer_Overflow__CWE805_struct_alloca_loop_18-bad
==729795== Parent PID: 729794
==729795== 
==729795== 
==729795== Process terminating with default action of signal 15 (SIGTERM)
==729795==    at 0x109414: CWE121_Stack_Based_Buffer_Overflow__CWE805_struct_alloca_loop_18_bad (in /home/loris/Desktop/TestRepositories/Forked/juliet-test-suite-c/Automatic/results/20260707_1536/CWE121/valgrind/bin/CWE121/bad/CWE121_Stack_Based_Buffer_Overflow__CWE805_struct_alloca_loop_18-bad)
==729795==    by 0x1094B3: main (in /home/loris/Desktop/TestRepositories/Forked/juliet-test-suite-c/Automatic/results/20260707_1536/CWE121/valgrind/bin/CWE121/bad/CWE121_Stack_Based_Buffer_Overflow__CWE805_struct_alloca_loop_18-bad)
==729795== 
==729795== HEAP SUMMARY:
==729795==     in use at exit: 4,096 bytes in 1 blocks
==729795==   total heap usage: 1 allocs, 0 frees, 4,096 bytes allocated
==729795== 
==729795== LEAK SUMMARY:
==729795==    definitely lost: 0 bytes in 0 blocks
==729795==    indirectly lost: 0 bytes in 0 blocks
==729795==      possibly lost: 0 bytes in 0 blocks
==729795==    still reachable: 4,096 bytes in 1 blocks
==729795==         suppressed: 0 bytes in 0 blocks
==729795== Rerun with --leak-check=full to see details of leaked memory
==729795== 
==729795== For lists of detected and suppressed errors, rerun with: -s
==729795== ERROR SUMMARY: 0 errors from 0 contexts (suppressed: 0 from 0)
