==730092== Memcheck, a memory error detector
==730092== Copyright (C) 2002-2022, and GNU GPL'd, by Julian Seward et al.
==730092== Using Valgrind-3.22.0 and LibVEX; rerun with -h for copyright info
==730092== Command: /home/loris/Desktop/TestRepositories/Forked/juliet-test-suite-c/Automatic/results/20260707_1536/CWE121/valgrind/bin/CWE121/bad/CWE121_Stack_Based_Buffer_Overflow__CWE805_struct_alloca_memcpy_14-bad
==730092== Parent PID: 730091
==730092== 
==730092== Invalid read of size 4
==730092==    at 0x10976B: printStructLine (in /home/loris/Desktop/TestRepositories/Forked/juliet-test-suite-c/Automatic/results/20260707_1536/CWE121/valgrind/bin/CWE121/bad/CWE121_Stack_Based_Buffer_Overflow__CWE805_struct_alloca_memcpy_14-bad)
==730092==    by 0x10945D: CWE121_Stack_Based_Buffer_Overflow__CWE805_struct_alloca_memcpy_14_bad (in /home/loris/Desktop/TestRepositories/Forked/juliet-test-suite-c/Automatic/results/20260707_1536/CWE121/valgrind/bin/CWE121/bad/CWE121_Stack_Based_Buffer_Overflow__CWE805_struct_alloca_memcpy_14-bad)
==730092==    by 0x1094B1: main (in /home/loris/Desktop/TestRepositories/Forked/juliet-test-suite-c/Automatic/results/20260707_1536/CWE121/valgrind/bin/CWE121/bad/CWE121_Stack_Based_Buffer_Overflow__CWE805_struct_alloca_memcpy_14-bad)
==730092==  Address 0x4 is not stack'd, malloc'd or (recently) free'd
==730092== 
==730092== 
==730092== Process terminating with default action of signal 11 (SIGSEGV)
==730092==  Access not within mapped region at address 0x4
==730092==    at 0x10976B: printStructLine (in /home/loris/Desktop/TestRepositories/Forked/juliet-test-suite-c/Automatic/results/20260707_1536/CWE121/valgrind/bin/CWE121/bad/CWE121_Stack_Based_Buffer_Overflow__CWE805_struct_alloca_memcpy_14-bad)
==730092==    by 0x10945D: CWE121_Stack_Based_Buffer_Overflow__CWE805_struct_alloca_memcpy_14_bad (in /home/loris/Desktop/TestRepositories/Forked/juliet-test-suite-c/Automatic/results/20260707_1536/CWE121/valgrind/bin/CWE121/bad/CWE121_Stack_Based_Buffer_Overflow__CWE805_struct_alloca_memcpy_14-bad)
==730092==    by 0x1094B1: main (in /home/loris/Desktop/TestRepositories/Forked/juliet-test-suite-c/Automatic/results/20260707_1536/CWE121/valgrind/bin/CWE121/bad/CWE121_Stack_Based_Buffer_Overflow__CWE805_struct_alloca_memcpy_14-bad)
==730092==  If you believe this happened as a result of a stack
==730092==  overflow in your program's main thread (unlikely but
==730092==  possible), you can try to increase the size of the
==730092==  main thread stack using the --main-stacksize= flag.
==730092==  The main thread stack size used in this run was 8388608.
==730092== 
==730092== HEAP SUMMARY:
==730092==     in use at exit: 4,096 bytes in 1 blocks
==730092==   total heap usage: 1 allocs, 0 frees, 4,096 bytes allocated
==730092== 
==730092== LEAK SUMMARY:
==730092==    definitely lost: 0 bytes in 0 blocks
==730092==    indirectly lost: 0 bytes in 0 blocks
==730092==      possibly lost: 0 bytes in 0 blocks
==730092==    still reachable: 4,096 bytes in 1 blocks
==730092==         suppressed: 0 bytes in 0 blocks
==730092== Rerun with --leak-check=full to see details of leaked memory
==730092== 
==730092== For lists of detected and suppressed errors, rerun with: -s
==730092== ERROR SUMMARY: 1 errors from 1 contexts (suppressed: 0 from 0)
