==725284== Memcheck, a memory error detector
==725284== Copyright (C) 2002-2022, and GNU GPL'd, by Julian Seward et al.
==725284== Using Valgrind-3.22.0 and LibVEX; rerun with -h for copyright info
==725284== Command: /home/loris/Desktop/TestRepositories/Forked/juliet-test-suite-c/Automatic/results/20260707_1536/CWE121/valgrind/bin/CWE121/bad/CWE121_Stack_Based_Buffer_Overflow__CWE805_char_alloca_memcpy_03-bad
==725284== Parent PID: 725283
==725284== 
==725284== Invalid write of size 1
==725284==    at 0x10947B: CWE121_Stack_Based_Buffer_Overflow__CWE805_char_alloca_memcpy_03_bad (in /home/loris/Desktop/TestRepositories/Forked/juliet-test-suite-c/Automatic/results/20260707_1536/CWE121/valgrind/bin/CWE121/bad/CWE121_Stack_Based_Buffer_Overflow__CWE805_char_alloca_memcpy_03-bad)
==725284==    by 0x1094E4: main (in /home/loris/Desktop/TestRepositories/Forked/juliet-test-suite-c/Automatic/results/20260707_1536/CWE121/valgrind/bin/CWE121/bad/CWE121_Stack_Based_Buffer_Overflow__CWE805_char_alloca_memcpy_03-bad)
==725284==  Address 0x43434343434343a6 is not stack'd, malloc'd or (recently) free'd
==725284== 
==725284== 
==725284== Process terminating with default action of signal 11 (SIGSEGV)
==725284==  General Protection Fault
==725284==    at 0x10947B: CWE121_Stack_Based_Buffer_Overflow__CWE805_char_alloca_memcpy_03_bad (in /home/loris/Desktop/TestRepositories/Forked/juliet-test-suite-c/Automatic/results/20260707_1536/CWE121/valgrind/bin/CWE121/bad/CWE121_Stack_Based_Buffer_Overflow__CWE805_char_alloca_memcpy_03-bad)
==725284==    by 0x1094E4: main (in /home/loris/Desktop/TestRepositories/Forked/juliet-test-suite-c/Automatic/results/20260707_1536/CWE121/valgrind/bin/CWE121/bad/CWE121_Stack_Based_Buffer_Overflow__CWE805_char_alloca_memcpy_03-bad)
==725284== 
==725284== HEAP SUMMARY:
==725284==     in use at exit: 4,096 bytes in 1 blocks
==725284==   total heap usage: 1 allocs, 0 frees, 4,096 bytes allocated
==725284== 
==725284== LEAK SUMMARY:
==725284==    definitely lost: 0 bytes in 0 blocks
==725284==    indirectly lost: 0 bytes in 0 blocks
==725284==      possibly lost: 0 bytes in 0 blocks
==725284==    still reachable: 4,096 bytes in 1 blocks
==725284==         suppressed: 0 bytes in 0 blocks
==725284== Rerun with --leak-check=full to see details of leaked memory
==725284== 
==725284== For lists of detected and suppressed errors, rerun with: -s
==725284== ERROR SUMMARY: 1 errors from 1 contexts (suppressed: 0 from 0)
