==722343== Memcheck, a memory error detector
==722343== Copyright (C) 2002-2022, and GNU GPL'd, by Julian Seward et al.
==722343== Using Valgrind-3.22.0 and LibVEX; rerun with -h for copyright info
==722343== Command: /home/loris/Desktop/TestRepositories/Forked/juliet-test-suite-c/Automatic/results/20260707_1536/CWE121/valgrind/bin/CWE121/bad/CWE121_Stack_Based_Buffer_Overflow__CWE129_large_08-bad
==722343== Parent PID: 722342
==722343== 
==722343== 
==722343== Process terminating with default action of signal 6 (SIGABRT)
==722343==    at 0x490DB2C: __pthread_kill_implementation (pthread_kill.c:44)
==722343==    by 0x490DB2C: __pthread_kill_internal (pthread_kill.c:78)
==722343==    by 0x490DB2C: pthread_kill@@GLIBC_2.34 (pthread_kill.c:89)
==722343==    by 0x48B427D: raise (raise.c:26)
==722343==    by 0x48978FE: abort (abort.c:79)
==722343==    by 0x48987B5: __libc_message_impl.cold (libc_fatal.c:134)
==722343==    by 0x49A5C48: __fortify_fail (fortify_fail.c:24)
==722343==    by 0x49A6ED3: __stack_chk_fail (stack_chk_fail.c:24)
==722343==    by 0x109358: CWE121_Stack_Based_Buffer_Overflow__CWE129_large_08_bad (in /home/loris/Desktop/TestRepositories/Forked/juliet-test-suite-c/Automatic/results/20260707_1536/CWE121/valgrind/bin/CWE121/bad/CWE121_Stack_Based_Buffer_Overflow__CWE129_large_08-bad)
==722343==    by 0x109397: main (in /home/loris/Desktop/TestRepositories/Forked/juliet-test-suite-c/Automatic/results/20260707_1536/CWE121/valgrind/bin/CWE121/bad/CWE121_Stack_Based_Buffer_Overflow__CWE129_large_08-bad)
==722343== 
==722343== HEAP SUMMARY:
==722343==     in use at exit: 4,096 bytes in 1 blocks
==722343==   total heap usage: 1 allocs, 0 frees, 4,096 bytes allocated
==722343== 
==722343== LEAK SUMMARY:
==722343==    definitely lost: 0 bytes in 0 blocks
==722343==    indirectly lost: 0 bytes in 0 blocks
==722343==      possibly lost: 0 bytes in 0 blocks
==722343==    still reachable: 4,096 bytes in 1 blocks
==722343==         suppressed: 0 bytes in 0 blocks
==722343== Rerun with --leak-check=full to see details of leaked memory
==722343== 
==722343== For lists of detected and suppressed errors, rerun with: -s
==722343== ERROR SUMMARY: 0 errors from 0 contexts (suppressed: 0 from 0)
