==730618== Memcheck, a memory error detector
==730618== Copyright (C) 2002-2022, and GNU GPL'd, by Julian Seward et al.
==730618== Using Valgrind-3.22.0 and LibVEX; rerun with -h for copyright info
==730618== Command: /home/loris/Desktop/TestRepositories/Forked/juliet-test-suite-c/Automatic/results/20260707_1536/CWE121/valgrind/bin/CWE121/bad/CWE121_Stack_Based_Buffer_Overflow__CWE805_struct_alloca_memmove_54-bad
==730618== Parent PID: 730617
==730618== 
==730618== 
==730618== Process terminating with default action of signal 6 (SIGABRT)
==730618==    at 0x490DB2C: __pthread_kill_implementation (pthread_kill.c:44)
==730618==    by 0x490DB2C: __pthread_kill_internal (pthread_kill.c:78)
==730618==    by 0x490DB2C: pthread_kill@@GLIBC_2.34 (pthread_kill.c:89)
==730618==    by 0x48B427D: raise (raise.c:26)
==730618==    by 0x48978FE: abort (abort.c:79)
==730618==    by 0x48987B5: __libc_message_impl.cold (libc_fatal.c:134)
==730618==    by 0x49A5C48: __fortify_fail (fortify_fail.c:24)
==730618==    by 0x49A6ED3: __stack_chk_fail (stack_chk_fail.c:24)
==730618==    by 0x1093F4: CWE121_Stack_Based_Buffer_Overflow__CWE805_struct_alloca_memmove_54_bad (in /home/loris/Desktop/TestRepositories/Forked/juliet-test-suite-c/Automatic/results/20260707_1536/CWE121/valgrind/bin/CWE121/bad/CWE121_Stack_Based_Buffer_Overflow__CWE805_struct_alloca_memmove_54-bad)
==730618== 
==730618== HEAP SUMMARY:
==730618==     in use at exit: 4,096 bytes in 1 blocks
==730618==   total heap usage: 1 allocs, 0 frees, 4,096 bytes allocated
==730618== 
==730618== LEAK SUMMARY:
==730618==    definitely lost: 0 bytes in 0 blocks
==730618==    indirectly lost: 0 bytes in 0 blocks
==730618==      possibly lost: 0 bytes in 0 blocks
==730618==    still reachable: 4,096 bytes in 1 blocks
==730618==         suppressed: 0 bytes in 0 blocks
==730618== Rerun with --leak-check=full to see details of leaked memory
==730618== 
==730618== For lists of detected and suppressed errors, rerun with: -s
==730618== ERROR SUMMARY: 0 errors from 0 contexts (suppressed: 0 from 0)
