==722706== Memcheck, a memory error detector
==722706== Copyright (C) 2002-2022, and GNU GPL'd, by Julian Seward et al.
==722706== Using Valgrind-3.22.0 and LibVEX; rerun with -h for copyright info
==722706== Command: /home/loris/Desktop/TestRepositories/Forked/juliet-test-suite-c/Automatic/results/20260707_1536/CWE121/valgrind/bin/CWE121/bad/CWE121_Stack_Based_Buffer_Overflow__CWE129_listen_socket_12-bad
==722706== Parent PID: 722705
==722706== 
==722706== 
==722706== Process terminating with default action of signal 15 (SIGTERM)
==722706==    at 0x499A834: accept (accept.c:26)
==722706==    by 0x10947F: CWE121_Stack_Based_Buffer_Overflow__CWE129_listen_socket_12_bad (in /home/loris/Desktop/TestRepositories/Forked/juliet-test-suite-c/Automatic/results/20260707_1536/CWE121/valgrind/bin/CWE121/bad/CWE121_Stack_Based_Buffer_Overflow__CWE129_listen_socket_12-bad)
==722706==    by 0x109619: main (in /home/loris/Desktop/TestRepositories/Forked/juliet-test-suite-c/Automatic/results/20260707_1536/CWE121/valgrind/bin/CWE121/bad/CWE121_Stack_Based_Buffer_Overflow__CWE129_listen_socket_12-bad)
==722706== 
==722706== HEAP SUMMARY:
==722706==     in use at exit: 4,096 bytes in 1 blocks
==722706==   total heap usage: 1 allocs, 0 frees, 4,096 bytes allocated
==722706== 
==722706== LEAK SUMMARY:
==722706==    definitely lost: 0 bytes in 0 blocks
==722706==    indirectly lost: 0 bytes in 0 blocks
==722706==      possibly lost: 0 bytes in 0 blocks
==722706==    still reachable: 4,096 bytes in 1 blocks
==722706==         suppressed: 0 bytes in 0 blocks
==722706== Rerun with --leak-check=full to see details of leaked memory
==722706== 
==722706== For lists of detected and suppressed errors, rerun with: -s
==722706== ERROR SUMMARY: 0 errors from 0 contexts (suppressed: 0 from 0)
