==725595== Memcheck, a memory error detector
==725595== Copyright (C) 2002-2022, and GNU GPL'd, by Julian Seward et al.
==725595== Using Valgrind-3.22.0 and LibVEX; rerun with -h for copyright info
==725595== Command: /home/loris/Desktop/TestRepositories/Forked/juliet-test-suite-c/Automatic/results/20260707_1536/CWE121/valgrind/bin/CWE121/bad/CWE121_Stack_Based_Buffer_Overflow__CWE805_char_alloca_memmove_04-bad
==725595== Parent PID: 725594
==725595== 
==725595== Invalid write of size 1
==725595==    at 0x109449: CWE121_Stack_Based_Buffer_Overflow__CWE805_char_alloca_memmove_04_bad (in /home/loris/Desktop/TestRepositories/Forked/juliet-test-suite-c/Automatic/results/20260707_1536/CWE121/valgrind/bin/CWE121/bad/CWE121_Stack_Based_Buffer_Overflow__CWE805_char_alloca_memmove_04-bad)
==725595==    by 0x1094AE: main (in /home/loris/Desktop/TestRepositories/Forked/juliet-test-suite-c/Automatic/results/20260707_1536/CWE121/valgrind/bin/CWE121/bad/CWE121_Stack_Based_Buffer_Overflow__CWE805_char_alloca_memmove_04-bad)
==725595==  Address 0x43434343434343a6 is not stack'd, malloc'd or (recently) free'd
==725595== 
==725595== 
==725595== Process terminating with default action of signal 11 (SIGSEGV)
==725595==  General Protection Fault
==725595==    at 0x109449: CWE121_Stack_Based_Buffer_Overflow__CWE805_char_alloca_memmove_04_bad (in /home/loris/Desktop/TestRepositories/Forked/juliet-test-suite-c/Automatic/results/20260707_1536/CWE121/valgrind/bin/CWE121/bad/CWE121_Stack_Based_Buffer_Overflow__CWE805_char_alloca_memmove_04-bad)
==725595==    by 0x1094AE: main (in /home/loris/Desktop/TestRepositories/Forked/juliet-test-suite-c/Automatic/results/20260707_1536/CWE121/valgrind/bin/CWE121/bad/CWE121_Stack_Based_Buffer_Overflow__CWE805_char_alloca_memmove_04-bad)
==725595== 
==725595== HEAP SUMMARY:
==725595==     in use at exit: 4,096 bytes in 1 blocks
==725595==   total heap usage: 1 allocs, 0 frees, 4,096 bytes allocated
==725595== 
==725595== LEAK SUMMARY:
==725595==    definitely lost: 0 bytes in 0 blocks
==725595==    indirectly lost: 0 bytes in 0 blocks
==725595==      possibly lost: 0 bytes in 0 blocks
==725595==    still reachable: 4,096 bytes in 1 blocks
==725595==         suppressed: 0 bytes in 0 blocks
==725595== Rerun with --leak-check=full to see details of leaked memory
==725595== 
==725595== For lists of detected and suppressed errors, rerun with: -s
==725595== ERROR SUMMARY: 1 errors from 1 contexts (suppressed: 0 from 0)
