==734649== Memcheck, a memory error detector
==734649== Copyright (C) 2002-2022, and GNU GPL'd, by Julian Seward et al.
==734649== Using Valgrind-3.22.0 and LibVEX; rerun with -h for copyright info
==734649== Command: /home/loris/Desktop/TestRepositories/Forked/juliet-test-suite-c/Automatic/results/20260707_1536/CWE121/valgrind/bin/CWE121/bad/CWE121_Stack_Based_Buffer_Overflow__char_type_overrun_memcpy_10-bad
==734649== Parent PID: 734648
==734649== 
==734649== Invalid read of size 1
==734649==    at 0x484F226: strlen (in /usr/libexec/valgrind/vgpreload_memcheck-amd64-linux.so)
==734649==    by 0x48F6BFC: puts (ioputs.c:35)
==734649==    by 0x1093A8: printLine (in /home/loris/Desktop/TestRepositories/Forked/juliet-test-suite-c/Automatic/results/20260707_1536/CWE121/valgrind/bin/CWE121/bad/CWE121_Stack_Based_Buffer_Overflow__char_type_overrun_memcpy_10-bad)
==734649==    by 0x10931B: CWE121_Stack_Based_Buffer_Overflow__char_type_overrun_memcpy_10_bad (in /home/loris/Desktop/TestRepositories/Forked/juliet-test-suite-c/Automatic/results/20260707_1536/CWE121/valgrind/bin/CWE121/bad/CWE121_Stack_Based_Buffer_Overflow__char_type_overrun_memcpy_10-bad)
==734649==    by 0x10936F: main (in /home/loris/Desktop/TestRepositories/Forked/juliet-test-suite-c/Automatic/results/20260707_1536/CWE121/valgrind/bin/CWE121/bad/CWE121_Stack_Based_Buffer_Overflow__char_type_overrun_memcpy_10-bad)
==734649==  Address 0x3736353433323130 is not stack'd, malloc'd or (recently) free'd
==734649== 
==734649== 
==734649== Process terminating with default action of signal 11 (SIGSEGV)
==734649==  General Protection Fault
==734649==    at 0x484F226: strlen (in /usr/libexec/valgrind/vgpreload_memcheck-amd64-linux.so)
==734649==    by 0x48F6BFC: puts (ioputs.c:35)
==734649==    by 0x1093A8: printLine (in /home/loris/Desktop/TestRepositories/Forked/juliet-test-suite-c/Automatic/results/20260707_1536/CWE121/valgrind/bin/CWE121/bad/CWE121_Stack_Based_Buffer_Overflow__char_type_overrun_memcpy_10-bad)
==734649==    by 0x10931B: CWE121_Stack_Based_Buffer_Overflow__char_type_overrun_memcpy_10_bad (in /home/loris/Desktop/TestRepositories/Forked/juliet-test-suite-c/Automatic/results/20260707_1536/CWE121/valgrind/bin/CWE121/bad/CWE121_Stack_Based_Buffer_Overflow__char_type_overrun_memcpy_10-bad)
==734649==    by 0x10936F: main (in /home/loris/Desktop/TestRepositories/Forked/juliet-test-suite-c/Automatic/results/20260707_1536/CWE121/valgrind/bin/CWE121/bad/CWE121_Stack_Based_Buffer_Overflow__char_type_overrun_memcpy_10-bad)
==734649== 
==734649== HEAP SUMMARY:
==734649==     in use at exit: 4,096 bytes in 1 blocks
==734649==   total heap usage: 1 allocs, 0 frees, 4,096 bytes allocated
==734649== 
==734649== LEAK SUMMARY:
==734649==    definitely lost: 0 bytes in 0 blocks
==734649==    indirectly lost: 0 bytes in 0 blocks
==734649==      possibly lost: 0 bytes in 0 blocks
==734649==    still reachable: 4,096 bytes in 1 blocks
==734649==         suppressed: 0 bytes in 0 blocks
==734649== Rerun with --leak-check=full to see details of leaked memory
==734649== 
==734649== For lists of detected and suppressed errors, rerun with: -s
==734649== ERROR SUMMARY: 1 errors from 1 contexts (suppressed: 0 from 0)
