==726593== Memcheck, a memory error detector
==726593== Copyright (C) 2002-2022, and GNU GPL'd, by Julian Seward et al.
==726593== Using Valgrind-3.22.0 and LibVEX; rerun with -h for copyright info
==726593== Command: /home/loris/Desktop/TestRepositories/Forked/juliet-test-suite-c/Automatic/results/20260707_1536/CWE121/valgrind/bin/CWE121/bad/CWE121_Stack_Based_Buffer_Overflow__CWE805_char_alloca_snprintf_11-bad
==726593== Parent PID: 726592
==726593== 
==726593== Invalid read of size 1
==726593==    at 0x484F226: strlen (in /usr/libexec/valgrind/vgpreload_memcheck-amd64-linux.so)
==726593==    by 0x48F6BFC: puts (ioputs.c:35)
==726593==    by 0x1094EA: printLine (in /home/loris/Desktop/TestRepositories/Forked/juliet-test-suite-c/Automatic/results/20260707_1536/CWE121/valgrind/bin/CWE121/bad/CWE121_Stack_Based_Buffer_Overflow__CWE805_char_alloca_snprintf_11-bad)
==726593==    by 0x10945D: CWE121_Stack_Based_Buffer_Overflow__CWE805_char_alloca_snprintf_11_bad (in /home/loris/Desktop/TestRepositories/Forked/juliet-test-suite-c/Automatic/results/20260707_1536/CWE121/valgrind/bin/CWE121/bad/CWE121_Stack_Based_Buffer_Overflow__CWE805_char_alloca_snprintf_11-bad)
==726593==    by 0x1094B1: main (in /home/loris/Desktop/TestRepositories/Forked/juliet-test-suite-c/Automatic/results/20260707_1536/CWE121/valgrind/bin/CWE121/bad/CWE121_Stack_Based_Buffer_Overflow__CWE805_char_alloca_snprintf_11-bad)
==726593==  Address 0x4343434343434343 is not stack'd, malloc'd or (recently) free'd
==726593== 
==726593== 
==726593== Process terminating with default action of signal 11 (SIGSEGV)
==726593==  General Protection Fault
==726593==    at 0x484F226: strlen (in /usr/libexec/valgrind/vgpreload_memcheck-amd64-linux.so)
==726593==    by 0x48F6BFC: puts (ioputs.c:35)
==726593==    by 0x1094EA: printLine (in /home/loris/Desktop/TestRepositories/Forked/juliet-test-suite-c/Automatic/results/20260707_1536/CWE121/valgrind/bin/CWE121/bad/CWE121_Stack_Based_Buffer_Overflow__CWE805_char_alloca_snprintf_11-bad)
==726593==    by 0x10945D: CWE121_Stack_Based_Buffer_Overflow__CWE805_char_alloca_snprintf_11_bad (in /home/loris/Desktop/TestRepositories/Forked/juliet-test-suite-c/Automatic/results/20260707_1536/CWE121/valgrind/bin/CWE121/bad/CWE121_Stack_Based_Buffer_Overflow__CWE805_char_alloca_snprintf_11-bad)
==726593==    by 0x1094B1: main (in /home/loris/Desktop/TestRepositories/Forked/juliet-test-suite-c/Automatic/results/20260707_1536/CWE121/valgrind/bin/CWE121/bad/CWE121_Stack_Based_Buffer_Overflow__CWE805_char_alloca_snprintf_11-bad)
==726593== 
==726593== HEAP SUMMARY:
==726593==     in use at exit: 4,096 bytes in 1 blocks
==726593==   total heap usage: 1 allocs, 0 frees, 4,096 bytes allocated
==726593== 
==726593== LEAK SUMMARY:
==726593==    definitely lost: 0 bytes in 0 blocks
==726593==    indirectly lost: 0 bytes in 0 blocks
==726593==      possibly lost: 0 bytes in 0 blocks
==726593==    still reachable: 4,096 bytes in 1 blocks
==726593==         suppressed: 0 bytes in 0 blocks
==726593== Rerun with --leak-check=full to see details of leaked memory
==726593== 
==726593== For lists of detected and suppressed errors, rerun with: -s
==726593== ERROR SUMMARY: 1 errors from 1 contexts (suppressed: 0 from 0)
