==736802== Memcheck, a memory error detector
==736802== Copyright (C) 2002-2022, and GNU GPL'd, by Julian Seward et al.
==736802== Using Valgrind-3.22.0 and LibVEX; rerun with -h for copyright info
==736802== Command: /home/loris/Desktop/TestRepositories/Forked/juliet-test-suite-c/Automatic/results/20260707_1536/CWE121/valgrind/bin/CWE121/bad/CWE121_Stack_Based_Buffer_Overflow__src_char_declare_cpy_54-bad
==736802== Parent PID: 736801
==736802== 
==736802== 
==736802== Process terminating with default action of signal 6 (SIGABRT)
==736802==    at 0x490DB2C: __pthread_kill_implementation (pthread_kill.c:44)
==736802==    by 0x490DB2C: __pthread_kill_internal (pthread_kill.c:78)
==736802==    by 0x490DB2C: pthread_kill@@GLIBC_2.34 (pthread_kill.c:89)
==736802==    by 0x48B427D: raise (raise.c:26)
==736802==    by 0x48978FE: abort (abort.c:79)
==736802==    by 0x48987B5: __libc_message_impl.cold (libc_fatal.c:134)
==736802==    by 0x49A5C48: __fortify_fail (fortify_fail.c:24)
==736802==    by 0x49A6ED3: __stack_chk_fail (stack_chk_fail.c:24)
==736802==    by 0x109468: CWE121_Stack_Based_Buffer_Overflow__src_char_declare_cpy_54e_badSink (in /home/loris/Desktop/TestRepositories/Forked/juliet-test-suite-c/Automatic/results/20260707_1536/CWE121/valgrind/bin/CWE121/bad/CWE121_Stack_Based_Buffer_Overflow__src_char_declare_cpy_54-bad)
==736802==    by 0x4141414141414140: ???
==736802==    by 0x4141414141414140: ???
==736802==    by 0x4141414141414140: ???
==736802==    by 0x1F00414140: ???
==736802==    by 0x1093BD: CWE121_Stack_Based_Buffer_Overflow__src_char_declare_cpy_54c_badSink (in /home/loris/Desktop/TestRepositories/Forked/juliet-test-suite-c/Automatic/results/20260707_1536/CWE121/valgrind/bin/CWE121/bad/CWE121_Stack_Based_Buffer_Overflow__src_char_declare_cpy_54-bad)
==736802== 
==736802== HEAP SUMMARY:
==736802==     in use at exit: 4,096 bytes in 1 blocks
==736802==   total heap usage: 1 allocs, 0 frees, 4,096 bytes allocated
==736802== 
==736802== LEAK SUMMARY:
==736802==    definitely lost: 0 bytes in 0 blocks
==736802==    indirectly lost: 0 bytes in 0 blocks
==736802==      possibly lost: 0 bytes in 0 blocks
==736802==    still reachable: 4,096 bytes in 1 blocks
==736802==         suppressed: 0 bytes in 0 blocks
==736802== Rerun with --leak-check=full to see details of leaked memory
==736802== 
==736802== For lists of detected and suppressed errors, rerun with: -s
==736802== ERROR SUMMARY: 0 errors from 0 contexts (suppressed: 0 from 0)
