==730365== Memcheck, a memory error detector
==730365== Copyright (C) 2002-2022, and GNU GPL'd, by Julian Seward et al.
==730365== Using Valgrind-3.22.0 and LibVEX; rerun with -h for copyright info
==730365== Command: /home/loris/Desktop/TestRepositories/Forked/juliet-test-suite-c/Automatic/results/20260707_1536/CWE121/valgrind/bin/CWE121/bad/CWE121_Stack_Based_Buffer_Overflow__CWE805_struct_alloca_memmove_05-bad
==730365== Parent PID: 730364
==730365== 
==730365== Invalid read of size 4
==730365==    at 0x10976A: printStructLine (in /home/loris/Desktop/TestRepositories/Forked/juliet-test-suite-c/Automatic/results/20260707_1536/CWE121/valgrind/bin/CWE121/bad/CWE121_Stack_Based_Buffer_Overflow__CWE805_struct_alloca_memmove_05-bad)
==730365==    by 0x10945C: CWE121_Stack_Based_Buffer_Overflow__CWE805_struct_alloca_memmove_05_bad (in /home/loris/Desktop/TestRepositories/Forked/juliet-test-suite-c/Automatic/results/20260707_1536/CWE121/valgrind/bin/CWE121/bad/CWE121_Stack_Based_Buffer_Overflow__CWE805_struct_alloca_memmove_05-bad)
==730365==    by 0x1094B0: main (in /home/loris/Desktop/TestRepositories/Forked/juliet-test-suite-c/Automatic/results/20260707_1536/CWE121/valgrind/bin/CWE121/bad/CWE121_Stack_Based_Buffer_Overflow__CWE805_struct_alloca_memmove_05-bad)
==730365==  Address 0x4 is not stack'd, malloc'd or (recently) free'd
==730365== 
==730365== 
==730365== Process terminating with default action of signal 11 (SIGSEGV)
==730365==  Access not within mapped region at address 0x4
==730365==    at 0x10976A: printStructLine (in /home/loris/Desktop/TestRepositories/Forked/juliet-test-suite-c/Automatic/results/20260707_1536/CWE121/valgrind/bin/CWE121/bad/CWE121_Stack_Based_Buffer_Overflow__CWE805_struct_alloca_memmove_05-bad)
==730365==    by 0x10945C: CWE121_Stack_Based_Buffer_Overflow__CWE805_struct_alloca_memmove_05_bad (in /home/loris/Desktop/TestRepositories/Forked/juliet-test-suite-c/Automatic/results/20260707_1536/CWE121/valgrind/bin/CWE121/bad/CWE121_Stack_Based_Buffer_Overflow__CWE805_struct_alloca_memmove_05-bad)
==730365==    by 0x1094B0: main (in /home/loris/Desktop/TestRepositories/Forked/juliet-test-suite-c/Automatic/results/20260707_1536/CWE121/valgrind/bin/CWE121/bad/CWE121_Stack_Based_Buffer_Overflow__CWE805_struct_alloca_memmove_05-bad)
==730365==  If you believe this happened as a result of a stack
==730365==  overflow in your program's main thread (unlikely but
==730365==  possible), you can try to increase the size of the
==730365==  main thread stack using the --main-stacksize= flag.
==730365==  The main thread stack size used in this run was 8388608.
==730365== 
==730365== HEAP SUMMARY:
==730365==     in use at exit: 4,096 bytes in 1 blocks
==730365==   total heap usage: 1 allocs, 0 frees, 4,096 bytes allocated
==730365== 
==730365== LEAK SUMMARY:
==730365==    definitely lost: 0 bytes in 0 blocks
==730365==    indirectly lost: 0 bytes in 0 blocks
==730365==      possibly lost: 0 bytes in 0 blocks
==730365==    still reachable: 4,096 bytes in 1 blocks
==730365==         suppressed: 0 bytes in 0 blocks
==730365== Rerun with --leak-check=full to see details of leaked memory
==730365== 
==730365== For lists of detected and suppressed errors, rerun with: -s
==730365== ERROR SUMMARY: 1 errors from 1 contexts (suppressed: 0 from 0)
