==735631== Memcheck, a memory error detector
==735631== Copyright (C) 2002-2022, and GNU GPL'd, by Julian Seward et al.
==735631== Using Valgrind-3.22.0 and LibVEX; rerun with -h for copyright info
==735631== Command: /home/loris/Desktop/TestRepositories/Forked/juliet-test-suite-c/Automatic/results/20260707_1536/CWE121/valgrind/bin/CWE121/bad/CWE121_Stack_Based_Buffer_Overflow__dest_char_declare_cpy_10-bad
==735631== Parent PID: 735630
==735631== 
==735631== Source and destination overlap in strcpy(0x1ffefffde0, 0x1ffefffe20)
==735631==    at 0x484F413: strcpy (in /usr/libexec/valgrind/vgpreload_memcheck-amd64-linux.so)
==735631==    by 0x109338: CWE121_Stack_Based_Buffer_Overflow__dest_char_declare_cpy_10_bad (in /home/loris/Desktop/TestRepositories/Forked/juliet-test-suite-c/Automatic/results/20260707_1536/CWE121/valgrind/bin/CWE121/bad/CWE121_Stack_Based_Buffer_Overflow__dest_char_declare_cpy_10-bad)
==735631==    by 0x10939B: main (in /home/loris/Desktop/TestRepositories/Forked/juliet-test-suite-c/Automatic/results/20260707_1536/CWE121/valgrind/bin/CWE121/bad/CWE121_Stack_Based_Buffer_Overflow__dest_char_declare_cpy_10-bad)
==735631== 
==735631== 
==735631== HEAP SUMMARY:
==735631==     in use at exit: 0 bytes in 0 blocks
==735631==   total heap usage: 1 allocs, 1 frees, 4,096 bytes allocated
==735631== 
==735631== All heap blocks were freed -- no leaks are possible
==735631== 
==735631== For lists of detected and suppressed errors, rerun with: -s
==735631== ERROR SUMMARY: 1 errors from 1 contexts (suppressed: 0 from 0)
