==717387== Memcheck, a memory error detector
==717387== Copyright (C) 2002-2022, and GNU GPL'd, by Julian Seward et al.
==717387== Using Valgrind-3.22.0 and LibVEX; rerun with -h for copyright info
==717387== Command: /home/loris/Desktop/TestRepositories/Forked/juliet-test-suite-c/Automatic/results/20260707_1536/CWE121/valgrind/bin/CWE121/good/CWE121_Stack_Based_Buffer_Overflow__CWE129_listen_socket_66-good
==717387== Parent PID: 717386
==717387== 
==717387== 
==717387== Process terminating with default action of signal 15 (SIGTERM)
==717387==    at 0x499A834: accept (accept.c:26)
==717387==    by 0x1094BF: goodB2G (in /home/loris/Desktop/TestRepositories/Forked/juliet-test-suite-c/Automatic/results/20260707_1536/CWE121/valgrind/bin/CWE121/good/CWE121_Stack_Based_Buffer_Overflow__CWE129_listen_socket_66-good)
==717387==    by 0x109579: CWE121_Stack_Based_Buffer_Overflow__CWE129_listen_socket_66_good (in /home/loris/Desktop/TestRepositories/Forked/juliet-test-suite-c/Automatic/results/20260707_1536/CWE121/valgrind/bin/CWE121/good/CWE121_Stack_Based_Buffer_Overflow__CWE129_listen_socket_66-good)
==717387==    by 0x1095B9: main (in /home/loris/Desktop/TestRepositories/Forked/juliet-test-suite-c/Automatic/results/20260707_1536/CWE121/valgrind/bin/CWE121/good/CWE121_Stack_Based_Buffer_Overflow__CWE129_listen_socket_66-good)
==717387== 
==717387== HEAP SUMMARY:
==717387==     in use at exit: 4,096 bytes in 1 blocks
==717387==   total heap usage: 1 allocs, 0 frees, 4,096 bytes allocated
==717387== 
==717387== LEAK SUMMARY:
==717387==    definitely lost: 0 bytes in 0 blocks
==717387==    indirectly lost: 0 bytes in 0 blocks
==717387==      possibly lost: 0 bytes in 0 blocks
==717387==    still reachable: 4,096 bytes in 1 blocks
==717387==         suppressed: 0 bytes in 0 blocks
==717387== Rerun with --leak-check=full to see details of leaked memory
==717387== 
==717387== For lists of detected and suppressed errors, rerun with: -s
==717387== ERROR SUMMARY: 0 errors from 0 contexts (suppressed: 0 from 0)
