==726107== Memcheck, a memory error detector
==726107== Copyright (C) 2002-2022, and GNU GPL'd, by Julian Seward et al.
==726107== Using Valgrind-3.22.0 and LibVEX; rerun with -h for copyright info
==726107== Command: /home/loris/Desktop/TestRepositories/Forked/juliet-test-suite-c/Automatic/results/20260707_1536/CWE121/valgrind/bin/CWE121/bad/CWE121_Stack_Based_Buffer_Overflow__CWE805_char_alloca_ncat_53-bad
==726107== Parent PID: 726106
==726107== 
==726107== 
==726107== Process terminating with default action of signal 6 (SIGABRT)
==726107==    at 0x490DB2C: __pthread_kill_implementation (pthread_kill.c:44)
==726107==    by 0x490DB2C: __pthread_kill_internal (pthread_kill.c:78)
==726107==    by 0x490DB2C: pthread_kill@@GLIBC_2.34 (pthread_kill.c:89)
==726107==    by 0x48B427D: raise (raise.c:26)
==726107==    by 0x48978FE: abort (abort.c:79)
==726107==    by 0x48987B5: __libc_message_impl.cold (libc_fatal.c:134)
==726107==    by 0x49A5C48: __fortify_fail (fortify_fail.c:24)
==726107==    by 0x49A6ED3: __stack_chk_fail (stack_chk_fail.c:24)
==726107==    by 0x109417: CWE121_Stack_Based_Buffer_Overflow__CWE805_char_alloca_ncat_53_bad (in /home/loris/Desktop/TestRepositories/Forked/juliet-test-suite-c/Automatic/results/20260707_1536/CWE121/valgrind/bin/CWE121/bad/CWE121_Stack_Based_Buffer_Overflow__CWE805_char_alloca_ncat_53-bad)
==726107==    by 0x109456: main (in /home/loris/Desktop/TestRepositories/Forked/juliet-test-suite-c/Automatic/results/20260707_1536/CWE121/valgrind/bin/CWE121/bad/CWE121_Stack_Based_Buffer_Overflow__CWE805_char_alloca_ncat_53-bad)
==726107== 
==726107== HEAP SUMMARY:
==726107==     in use at exit: 4,096 bytes in 1 blocks
==726107==   total heap usage: 1 allocs, 0 frees, 4,096 bytes allocated
==726107== 
==726107== LEAK SUMMARY:
==726107==    definitely lost: 0 bytes in 0 blocks
==726107==    indirectly lost: 0 bytes in 0 blocks
==726107==      possibly lost: 0 bytes in 0 blocks
==726107==    still reachable: 4,096 bytes in 1 blocks
==726107==         suppressed: 0 bytes in 0 blocks
==726107== Rerun with --leak-check=full to see details of leaked memory
==726107== 
==726107== For lists of detected and suppressed errors, rerun with: -s
==726107== ERROR SUMMARY: 0 errors from 0 contexts (suppressed: 0 from 0)
