==726265== Memcheck, a memory error detector
==726265== Copyright (C) 2002-2022, and GNU GPL'd, by Julian Seward et al.
==726265== Using Valgrind-3.22.0 and LibVEX; rerun with -h for copyright info
==726265== Command: /home/loris/Desktop/TestRepositories/Forked/juliet-test-suite-c/Automatic/results/20260707_1536/CWE121/valgrind/bin/CWE121/bad/CWE121_Stack_Based_Buffer_Overflow__CWE805_char_alloca_ncpy_10-bad
==726265== Parent PID: 726264
==726265== 
==726265== Source and destination overlap in strncpy(0x1ffefffe23, 0x1ffefffe83, 99)
==726265==    at 0x484F5A0: strncpy (in /usr/libexec/valgrind/vgpreload_memcheck-amd64-linux.so)
==726265==    by 0x10943E: CWE121_Stack_Based_Buffer_Overflow__CWE805_char_alloca_ncpy_10_bad (in /home/loris/Desktop/TestRepositories/Forked/juliet-test-suite-c/Automatic/results/20260707_1536/CWE121/valgrind/bin/CWE121/bad/CWE121_Stack_Based_Buffer_Overflow__CWE805_char_alloca_ncpy_10-bad)
==726265==    by 0x1094AF: main (in /home/loris/Desktop/TestRepositories/Forked/juliet-test-suite-c/Automatic/results/20260707_1536/CWE121/valgrind/bin/CWE121/bad/CWE121_Stack_Based_Buffer_Overflow__CWE805_char_alloca_ncpy_10-bad)
==726265== 
==726265== Invalid write of size 1
==726265==    at 0x10944A: CWE121_Stack_Based_Buffer_Overflow__CWE805_char_alloca_ncpy_10_bad (in /home/loris/Desktop/TestRepositories/Forked/juliet-test-suite-c/Automatic/results/20260707_1536/CWE121/valgrind/bin/CWE121/bad/CWE121_Stack_Based_Buffer_Overflow__CWE805_char_alloca_ncpy_10-bad)
==726265==    by 0x1094AF: main (in /home/loris/Desktop/TestRepositories/Forked/juliet-test-suite-c/Automatic/results/20260707_1536/CWE121/valgrind/bin/CWE121/bad/CWE121_Stack_Based_Buffer_Overflow__CWE805_char_alloca_ncpy_10-bad)
==726265==  Address 0x43434343434343a6 is not stack'd, malloc'd or (recently) free'd
==726265== 
==726265== 
==726265== Process terminating with default action of signal 11 (SIGSEGV)
==726265==  General Protection Fault
==726265==    at 0x10944A: CWE121_Stack_Based_Buffer_Overflow__CWE805_char_alloca_ncpy_10_bad (in /home/loris/Desktop/TestRepositories/Forked/juliet-test-suite-c/Automatic/results/20260707_1536/CWE121/valgrind/bin/CWE121/bad/CWE121_Stack_Based_Buffer_Overflow__CWE805_char_alloca_ncpy_10-bad)
==726265==    by 0x1094AF: main (in /home/loris/Desktop/TestRepositories/Forked/juliet-test-suite-c/Automatic/results/20260707_1536/CWE121/valgrind/bin/CWE121/bad/CWE121_Stack_Based_Buffer_Overflow__CWE805_char_alloca_ncpy_10-bad)
==726265== 
==726265== HEAP SUMMARY:
==726265==     in use at exit: 4,096 bytes in 1 blocks
==726265==   total heap usage: 1 allocs, 0 frees, 4,096 bytes allocated
==726265== 
==726265== LEAK SUMMARY:
==726265==    definitely lost: 0 bytes in 0 blocks
==726265==    indirectly lost: 0 bytes in 0 blocks
==726265==      possibly lost: 0 bytes in 0 blocks
==726265==    still reachable: 4,096 bytes in 1 blocks
==726265==         suppressed: 0 bytes in 0 blocks
==726265== Rerun with --leak-check=full to see details of leaked memory
==726265== 
==726265== For lists of detected and suppressed errors, rerun with: -s
==726265== ERROR SUMMARY: 2 errors from 2 contexts (suppressed: 0 from 0)
