==730543== Memcheck, a memory error detector
==730543== Copyright (C) 2002-2022, and GNU GPL'd, by Julian Seward et al.
==730543== Using Valgrind-3.22.0 and LibVEX; rerun with -h for copyright info
==730543== Command: /home/loris/Desktop/TestRepositories/Forked/juliet-test-suite-c/Automatic/results/20260707_1536/CWE121/valgrind/bin/CWE121/bad/CWE121_Stack_Based_Buffer_Overflow__CWE805_struct_alloca_memmove_34-bad
==730543== Parent PID: 730542
==730543== 
==730543== Invalid read of size 4
==730543==    at 0x10977C: printStructLine (in /home/loris/Desktop/TestRepositories/Forked/juliet-test-suite-c/Automatic/results/20260707_1536/CWE121/valgrind/bin/CWE121/bad/CWE121_Stack_Based_Buffer_Overflow__CWE805_struct_alloca_memmove_34-bad)
==730543==    by 0x10946E: CWE121_Stack_Based_Buffer_Overflow__CWE805_struct_alloca_memmove_34_bad (in /home/loris/Desktop/TestRepositories/Forked/juliet-test-suite-c/Automatic/results/20260707_1536/CWE121/valgrind/bin/CWE121/bad/CWE121_Stack_Based_Buffer_Overflow__CWE805_struct_alloca_memmove_34-bad)
==730543==    by 0x1094C2: main (in /home/loris/Desktop/TestRepositories/Forked/juliet-test-suite-c/Automatic/results/20260707_1536/CWE121/valgrind/bin/CWE121/bad/CWE121_Stack_Based_Buffer_Overflow__CWE805_struct_alloca_memmove_34-bad)
==730543==  Address 0x4 is not stack'd, malloc'd or (recently) free'd
==730543== 
==730543== 
==730543== Process terminating with default action of signal 11 (SIGSEGV)
==730543==  Access not within mapped region at address 0x4
==730543==    at 0x10977C: printStructLine (in /home/loris/Desktop/TestRepositories/Forked/juliet-test-suite-c/Automatic/results/20260707_1536/CWE121/valgrind/bin/CWE121/bad/CWE121_Stack_Based_Buffer_Overflow__CWE805_struct_alloca_memmove_34-bad)
==730543==    by 0x10946E: CWE121_Stack_Based_Buffer_Overflow__CWE805_struct_alloca_memmove_34_bad (in /home/loris/Desktop/TestRepositories/Forked/juliet-test-suite-c/Automatic/results/20260707_1536/CWE121/valgrind/bin/CWE121/bad/CWE121_Stack_Based_Buffer_Overflow__CWE805_struct_alloca_memmove_34-bad)
==730543==    by 0x1094C2: main (in /home/loris/Desktop/TestRepositories/Forked/juliet-test-suite-c/Automatic/results/20260707_1536/CWE121/valgrind/bin/CWE121/bad/CWE121_Stack_Based_Buffer_Overflow__CWE805_struct_alloca_memmove_34-bad)
==730543==  If you believe this happened as a result of a stack
==730543==  overflow in your program's main thread (unlikely but
==730543==  possible), you can try to increase the size of the
==730543==  main thread stack using the --main-stacksize= flag.
==730543==  The main thread stack size used in this run was 8388608.
==730543== 
==730543== HEAP SUMMARY:
==730543==     in use at exit: 4,096 bytes in 1 blocks
==730543==   total heap usage: 1 allocs, 0 frees, 4,096 bytes allocated
==730543== 
==730543== LEAK SUMMARY:
==730543==    definitely lost: 0 bytes in 0 blocks
==730543==    indirectly lost: 0 bytes in 0 blocks
==730543==      possibly lost: 0 bytes in 0 blocks
==730543==    still reachable: 4,096 bytes in 1 blocks
==730543==         suppressed: 0 bytes in 0 blocks
==730543== Rerun with --leak-check=full to see details of leaked memory
==730543== 
==730543== For lists of detected and suppressed errors, rerun with: -s
==730543== ERROR SUMMARY: 1 errors from 1 contexts (suppressed: 0 from 0)
