==724813== Memcheck, a memory error detector
==724813== Copyright (C) 2002-2022, and GNU GPL'd, by Julian Seward et al.
==724813== Using Valgrind-3.22.0 and LibVEX; rerun with -h for copyright info
==724813== Command: /home/loris/Desktop/TestRepositories/Forked/juliet-test-suite-c/Automatic/results/20260707_1536/CWE121/valgrind/bin/CWE121/bad/CWE121_Stack_Based_Buffer_Overflow__CWE193_char_declare_cpy_32-bad
==724813== Parent PID: 724812
==724813== 
==724813== Source and destination overlap in strcpy(0x1ffefffe73, 0x1ffefffe7d)
==724813==    at 0x484F413: strcpy (in /usr/libexec/valgrind/vgpreload_memcheck-amd64-linux.so)
==724813==    by 0x10932B: CWE121_Stack_Based_Buffer_Overflow__CWE193_char_declare_cpy_32_bad (in /home/loris/Desktop/TestRepositories/Forked/juliet-test-suite-c/Automatic/results/20260707_1536/CWE121/valgrind/bin/CWE121/bad/CWE121_Stack_Based_Buffer_Overflow__CWE193_char_declare_cpy_32-bad)
==724813==    by 0x10938B: main (in /home/loris/Desktop/TestRepositories/Forked/juliet-test-suite-c/Automatic/results/20260707_1536/CWE121/valgrind/bin/CWE121/bad/CWE121_Stack_Based_Buffer_Overflow__CWE193_char_declare_cpy_32-bad)
==724813== 
==724813== 
==724813== HEAP SUMMARY:
==724813==     in use at exit: 0 bytes in 0 blocks
==724813==   total heap usage: 1 allocs, 1 frees, 4,096 bytes allocated
==724813== 
==724813== All heap blocks were freed -- no leaks are possible
==724813== 
==724813== For lists of detected and suppressed errors, rerun with: -s
==724813== ERROR SUMMARY: 1 errors from 1 contexts (suppressed: 0 from 0)
