==730652== Memcheck, a memory error detector
==730652== Copyright (C) 2002-2022, and GNU GPL'd, by Julian Seward et al.
==730652== Using Valgrind-3.22.0 and LibVEX; rerun with -h for copyright info
==730652== Command: /home/loris/Desktop/TestRepositories/Forked/juliet-test-suite-c/Automatic/results/20260707_1536/CWE121/valgrind/bin/CWE121/bad/CWE121_Stack_Based_Buffer_Overflow__CWE805_struct_alloca_memmove_65-bad
==730652== Parent PID: 730651
==730652== 
==730652== 
==730652== Process terminating with default action of signal 6 (SIGABRT)
==730652==    at 0x490DB2C: __pthread_kill_implementation (pthread_kill.c:44)
==730652==    by 0x490DB2C: __pthread_kill_internal (pthread_kill.c:78)
==730652==    by 0x490DB2C: pthread_kill@@GLIBC_2.34 (pthread_kill.c:89)
==730652==    by 0x48B427D: raise (raise.c:26)
==730652==    by 0x48978FE: abort (abort.c:79)
==730652==    by 0x48987B5: __libc_message_impl.cold (libc_fatal.c:134)
==730652==    by 0x49A5C48: __fortify_fail (fortify_fail.c:24)
==730652==    by 0x49A6ED3: __stack_chk_fail (stack_chk_fail.c:24)
==730652==    by 0x109400: CWE121_Stack_Based_Buffer_Overflow__CWE805_struct_alloca_memmove_65_bad (in /home/loris/Desktop/TestRepositories/Forked/juliet-test-suite-c/Automatic/results/20260707_1536/CWE121/valgrind/bin/CWE121/bad/CWE121_Stack_Based_Buffer_Overflow__CWE805_struct_alloca_memmove_65-bad)
==730652== 
==730652== HEAP SUMMARY:
==730652==     in use at exit: 4,096 bytes in 1 blocks
==730652==   total heap usage: 1 allocs, 0 frees, 4,096 bytes allocated
==730652== 
==730652== LEAK SUMMARY:
==730652==    definitely lost: 0 bytes in 0 blocks
==730652==    indirectly lost: 0 bytes in 0 blocks
==730652==      possibly lost: 0 bytes in 0 blocks
==730652==    still reachable: 4,096 bytes in 1 blocks
==730652==         suppressed: 0 bytes in 0 blocks
==730652== Rerun with --leak-check=full to see details of leaked memory
==730652== 
==730652== For lists of detected and suppressed errors, rerun with: -s
==730652== ERROR SUMMARY: 0 errors from 0 contexts (suppressed: 0 from 0)
