==736339== Memcheck, a memory error detector
==736339== Copyright (C) 2002-2022, and GNU GPL'd, by Julian Seward et al.
==736339== Using Valgrind-3.22.0 and LibVEX; rerun with -h for copyright info
==736339== Command: /home/loris/Desktop/TestRepositories/Forked/juliet-test-suite-c/Automatic/results/20260707_1536/CWE121/valgrind/bin/CWE121/bad/CWE121_Stack_Based_Buffer_Overflow__src_char_alloca_cpy_42-bad
==736339== Parent PID: 736338
==736339== 
==736339== 
==736339== Process terminating with default action of signal 6 (SIGABRT)
==736339==    at 0x490DB2C: __pthread_kill_implementation (pthread_kill.c:44)
==736339==    by 0x490DB2C: __pthread_kill_internal (pthread_kill.c:78)
==736339==    by 0x490DB2C: pthread_kill@@GLIBC_2.34 (pthread_kill.c:89)
==736339==    by 0x48B427D: raise (raise.c:26)
==736339==    by 0x48978FE: abort (abort.c:79)
==736339==    by 0x48987B5: __libc_message_impl.cold (libc_fatal.c:134)
==736339==    by 0x49A5C48: __fortify_fail (fortify_fail.c:24)
==736339==    by 0x49A6ED3: __stack_chk_fail (stack_chk_fail.c:24)
==736339==    by 0x10941E: CWE121_Stack_Based_Buffer_Overflow__src_char_alloca_cpy_42_bad (in /home/loris/Desktop/TestRepositories/Forked/juliet-test-suite-c/Automatic/results/20260707_1536/CWE121/valgrind/bin/CWE121/bad/CWE121_Stack_Based_Buffer_Overflow__src_char_alloca_cpy_42-bad)
==736339==    by 0x4141414141414140: ???
==736339==    by 0x4141414141414140: ???
==736339==    by 0x4141414141414140: ???
==736339==    by 0x1F00414140: ???
==736339==    by 0x48991C9: (below main) (libc_start_call_main.h:58)
==736339== 
==736339== HEAP SUMMARY:
==736339==     in use at exit: 4,096 bytes in 1 blocks
==736339==   total heap usage: 1 allocs, 0 frees, 4,096 bytes allocated
==736339== 
==736339== LEAK SUMMARY:
==736339==    definitely lost: 0 bytes in 0 blocks
==736339==    indirectly lost: 0 bytes in 0 blocks
==736339==      possibly lost: 0 bytes in 0 blocks
==736339==    still reachable: 4,096 bytes in 1 blocks
==736339==         suppressed: 0 bytes in 0 blocks
==736339== Rerun with --leak-check=full to see details of leaked memory
==736339== 
==736339== For lists of detected and suppressed errors, rerun with: -s
==736339== ERROR SUMMARY: 0 errors from 0 contexts (suppressed: 0 from 0)
