==726201== Memcheck, a memory error detector
==726201== Copyright (C) 2002-2022, and GNU GPL'd, by Julian Seward et al.
==726201== Using Valgrind-3.22.0 and LibVEX; rerun with -h for copyright info
==726201== Command: /home/loris/Desktop/TestRepositories/Forked/juliet-test-suite-c/Automatic/results/20260707_1536/CWE121/valgrind/bin/CWE121/bad/CWE121_Stack_Based_Buffer_Overflow__CWE805_char_alloca_ncpy_04-bad
==726201== Parent PID: 726200
==726201== 
==726201== Source and destination overlap in strncpy(0x1ffefffe23, 0x1ffefffe83, 99)
==726201==    at 0x484F5A0: strncpy (in /usr/libexec/valgrind/vgpreload_memcheck-amd64-linux.so)
==726201==    by 0x10943D: CWE121_Stack_Based_Buffer_Overflow__CWE805_char_alloca_ncpy_04_bad (in /home/loris/Desktop/TestRepositories/Forked/juliet-test-suite-c/Automatic/results/20260707_1536/CWE121/valgrind/bin/CWE121/bad/CWE121_Stack_Based_Buffer_Overflow__CWE805_char_alloca_ncpy_04-bad)
==726201==    by 0x1094AE: main (in /home/loris/Desktop/TestRepositories/Forked/juliet-test-suite-c/Automatic/results/20260707_1536/CWE121/valgrind/bin/CWE121/bad/CWE121_Stack_Based_Buffer_Overflow__CWE805_char_alloca_ncpy_04-bad)
==726201== 
==726201== Invalid write of size 1
==726201==    at 0x109449: CWE121_Stack_Based_Buffer_Overflow__CWE805_char_alloca_ncpy_04_bad (in /home/loris/Desktop/TestRepositories/Forked/juliet-test-suite-c/Automatic/results/20260707_1536/CWE121/valgrind/bin/CWE121/bad/CWE121_Stack_Based_Buffer_Overflow__CWE805_char_alloca_ncpy_04-bad)
==726201==    by 0x1094AE: main (in /home/loris/Desktop/TestRepositories/Forked/juliet-test-suite-c/Automatic/results/20260707_1536/CWE121/valgrind/bin/CWE121/bad/CWE121_Stack_Based_Buffer_Overflow__CWE805_char_alloca_ncpy_04-bad)
==726201==  Address 0x43434343434343a6 is not stack'd, malloc'd or (recently) free'd
==726201== 
==726201== 
==726201== Process terminating with default action of signal 11 (SIGSEGV)
==726201==  General Protection Fault
==726201==    at 0x109449: CWE121_Stack_Based_Buffer_Overflow__CWE805_char_alloca_ncpy_04_bad (in /home/loris/Desktop/TestRepositories/Forked/juliet-test-suite-c/Automatic/results/20260707_1536/CWE121/valgrind/bin/CWE121/bad/CWE121_Stack_Based_Buffer_Overflow__CWE805_char_alloca_ncpy_04-bad)
==726201==    by 0x1094AE: main (in /home/loris/Desktop/TestRepositories/Forked/juliet-test-suite-c/Automatic/results/20260707_1536/CWE121/valgrind/bin/CWE121/bad/CWE121_Stack_Based_Buffer_Overflow__CWE805_char_alloca_ncpy_04-bad)
==726201== 
==726201== HEAP SUMMARY:
==726201==     in use at exit: 4,096 bytes in 1 blocks
==726201==   total heap usage: 1 allocs, 0 frees, 4,096 bytes allocated
==726201== 
==726201== LEAK SUMMARY:
==726201==    definitely lost: 0 bytes in 0 blocks
==726201==    indirectly lost: 0 bytes in 0 blocks
==726201==      possibly lost: 0 bytes in 0 blocks
==726201==    still reachable: 4,096 bytes in 1 blocks
==726201==         suppressed: 0 bytes in 0 blocks
==726201== Rerun with --leak-check=full to see details of leaked memory
==726201== 
==726201== For lists of detected and suppressed errors, rerun with: -s
==726201== ERROR SUMMARY: 2 errors from 2 contexts (suppressed: 0 from 0)
