==728944== Memcheck, a memory error detector
==728944== Copyright (C) 2002-2022, and GNU GPL'd, by Julian Seward et al.
==728944== Using Valgrind-3.22.0 and LibVEX; rerun with -h for copyright info
==728944== Command: /home/loris/Desktop/TestRepositories/Forked/juliet-test-suite-c/Automatic/results/20260707_1536/CWE121/valgrind/bin/CWE121/bad/CWE121_Stack_Based_Buffer_Overflow__CWE805_int_alloca_memcpy_44-bad
==728944== Parent PID: 728943
==728944== 
==728944== 
==728944== Process terminating with default action of signal 6 (SIGABRT)
==728944==    at 0x490DB2C: __pthread_kill_implementation (pthread_kill.c:44)
==728944==    by 0x490DB2C: __pthread_kill_internal (pthread_kill.c:78)
==728944==    by 0x490DB2C: pthread_kill@@GLIBC_2.34 (pthread_kill.c:89)
==728944==    by 0x48B427D: raise (raise.c:26)
==728944==    by 0x48978FE: abort (abort.c:79)
==728944==    by 0x48987B5: __libc_message_impl.cold (libc_fatal.c:134)
==728944==    by 0x49A5C48: __fortify_fail (fortify_fail.c:24)
==728944==    by 0x49A6ED3: __stack_chk_fail (stack_chk_fail.c:24)
==728944==    by 0x109481: CWE121_Stack_Based_Buffer_Overflow__CWE805_int_alloca_memcpy_44_bad (in /home/loris/Desktop/TestRepositories/Forked/juliet-test-suite-c/Automatic/results/20260707_1536/CWE121/valgrind/bin/CWE121/bad/CWE121_Stack_Based_Buffer_Overflow__CWE805_int_alloca_memcpy_44-bad)
==728944== 
==728944== HEAP SUMMARY:
==728944==     in use at exit: 4,096 bytes in 1 blocks
==728944==   total heap usage: 1 allocs, 0 frees, 4,096 bytes allocated
==728944== 
==728944== LEAK SUMMARY:
==728944==    definitely lost: 0 bytes in 0 blocks
==728944==    indirectly lost: 0 bytes in 0 blocks
==728944==      possibly lost: 0 bytes in 0 blocks
==728944==    still reachable: 4,096 bytes in 1 blocks
==728944==         suppressed: 0 bytes in 0 blocks
==728944== Rerun with --leak-check=full to see details of leaked memory
==728944== 
==728944== For lists of detected and suppressed errors, rerun with: -s
==728944== ERROR SUMMARY: 0 errors from 0 contexts (suppressed: 0 from 0)
