==734333== Memcheck, a memory error detector
==734333== Copyright (C) 2002-2022, and GNU GPL'd, by Julian Seward et al.
==734333== Using Valgrind-3.22.0 and LibVEX; rerun with -h for copyright info
==734333== Command: /home/loris/Desktop/TestRepositories/Forked/juliet-test-suite-c/Automatic/results/20260707_1536/CWE121/valgrind/bin/CWE121/bad/CWE121_Stack_Based_Buffer_Overflow__CWE806_char_declare_ncpy_67-bad
==734333== Parent PID: 734332
==734333== 
==734333== Source and destination overlap in strncpy(0x1ffefffe23, 0x1ffefffe83, 99)
==734333==    at 0x484F5A0: strncpy (in /usr/libexec/valgrind/vgpreload_memcheck-amd64-linux.so)
==734333==    by 0x109429: CWE121_Stack_Based_Buffer_Overflow__CWE806_char_declare_ncpy_67b_badSink (in /home/loris/Desktop/TestRepositories/Forked/juliet-test-suite-c/Automatic/results/20260707_1536/CWE121/valgrind/bin/CWE121/bad/CWE121_Stack_Based_Buffer_Overflow__CWE806_char_declare_ncpy_67-bad)
==734333==    by 0x4141414141414140: ???
==734333==    by 0x4141414141414140: ???
==734333==    by 0x4141414141414140: ???
==734333==    by 0x4141414141414140: ???
==734333==    by 0x4141414141414140: ???
==734333==    by 0x4141414141414140: ???
==734333==    by 0x4141414141414140: ???
==734333==    by 0x4141414141414140: ???
==734333==    by 0x4141414141414140: ???
==734333==    by 0x4141414141414140: ???
==734333== 
==734333== 
==734333== Process terminating with default action of signal 6 (SIGABRT)
==734333==    at 0x490DB2C: __pthread_kill_implementation (pthread_kill.c:44)
==734333==    by 0x490DB2C: __pthread_kill_internal (pthread_kill.c:78)
==734333==    by 0x490DB2C: pthread_kill@@GLIBC_2.34 (pthread_kill.c:89)
==734333==    by 0x48B427D: raise (raise.c:26)
==734333==    by 0x48978FE: abort (abort.c:79)
==734333==    by 0x48987B5: __libc_message_impl.cold (libc_fatal.c:134)
==734333==    by 0x49A5C48: __fortify_fail (fortify_fail.c:24)
==734333==    by 0x49A6ED3: __stack_chk_fail (stack_chk_fail.c:24)
==734333==    by 0x10944E: CWE121_Stack_Based_Buffer_Overflow__CWE806_char_declare_ncpy_67b_badSink (in /home/loris/Desktop/TestRepositories/Forked/juliet-test-suite-c/Automatic/results/20260707_1536/CWE121/valgrind/bin/CWE121/bad/CWE121_Stack_Based_Buffer_Overflow__CWE806_char_declare_ncpy_67-bad)
==734333==    by 0x4141414141414140: ???
==734333==    by 0x4141414141414140: ???
==734333==    by 0x4141414141414140: ???
==734333==    by 0x4141414141414140: ???
==734333==    by 0x4141414141414140: ???
==734333== 
==734333== HEAP SUMMARY:
==734333==     in use at exit: 4,096 bytes in 1 blocks
==734333==   total heap usage: 1 allocs, 0 frees, 4,096 bytes allocated
==734333== 
==734333== LEAK SUMMARY:
==734333==    definitely lost: 0 bytes in 0 blocks
==734333==    indirectly lost: 0 bytes in 0 blocks
==734333==      possibly lost: 0 bytes in 0 blocks
==734333==    still reachable: 4,096 bytes in 1 blocks
==734333==         suppressed: 0 bytes in 0 blocks
==734333== Rerun with --leak-check=full to see details of leaked memory
==734333== 
==734333== For lists of detected and suppressed errors, rerun with: -s
==734333== ERROR SUMMARY: 1 errors from 1 contexts (suppressed: 0 from 0)
