==735743== Memcheck, a memory error detector
==735743== Copyright (C) 2002-2022, and GNU GPL'd, by Julian Seward et al.
==735743== Using Valgrind-3.22.0 and LibVEX; rerun with -h for copyright info
==735743== Command: /home/loris/Desktop/TestRepositories/Forked/juliet-test-suite-c/Automatic/results/20260707_1536/CWE121/valgrind/bin/CWE121/bad/CWE121_Stack_Based_Buffer_Overflow__src_char_alloca_cat_07-bad
==735743== Parent PID: 735742
==735743== 
==735743== 
==735743== Process terminating with default action of signal 6 (SIGABRT)
==735743==    at 0x490DB2C: __pthread_kill_implementation (pthread_kill.c:44)
==735743==    by 0x490DB2C: __pthread_kill_internal (pthread_kill.c:78)
==735743==    by 0x490DB2C: pthread_kill@@GLIBC_2.34 (pthread_kill.c:89)
==735743==    by 0x48B427D: raise (raise.c:26)
==735743==    by 0x48978FE: abort (abort.c:79)
==735743==    by 0x48987B5: __libc_message_impl.cold (libc_fatal.c:134)
==735743==    by 0x49A5C48: __fortify_fail (fortify_fail.c:24)
==735743==    by 0x49A6ED3: __stack_chk_fail (stack_chk_fail.c:24)
==735743==    by 0x109403: CWE121_Stack_Based_Buffer_Overflow__src_char_alloca_cat_07_bad (in /home/loris/Desktop/TestRepositories/Forked/juliet-test-suite-c/Automatic/results/20260707_1536/CWE121/valgrind/bin/CWE121/bad/CWE121_Stack_Based_Buffer_Overflow__src_char_alloca_cat_07-bad)
==735743==    by 0x4141414141414140: ???
==735743==    by 0x4141414141414140: ???
==735743==    by 0x4141414141414140: ???
==735743==    by 0x1F00414140: ???
==735743==    by 0x48991C9: (below main) (libc_start_call_main.h:58)
==735743== 
==735743== HEAP SUMMARY:
==735743==     in use at exit: 4,096 bytes in 1 blocks
==735743==   total heap usage: 1 allocs, 0 frees, 4,096 bytes allocated
==735743== 
==735743== LEAK SUMMARY:
==735743==    definitely lost: 0 bytes in 0 blocks
==735743==    indirectly lost: 0 bytes in 0 blocks
==735743==      possibly lost: 0 bytes in 0 blocks
==735743==    still reachable: 4,096 bytes in 1 blocks
==735743==         suppressed: 0 bytes in 0 blocks
==735743== Rerun with --leak-check=full to see details of leaked memory
==735743== 
==735743== For lists of detected and suppressed errors, rerun with: -s
==735743== ERROR SUMMARY: 0 errors from 0 contexts (suppressed: 0 from 0)
