==727471== Memcheck, a memory error detector
==727471== Copyright (C) 2002-2022, and GNU GPL'd, by Julian Seward et al.
==727471== Using Valgrind-3.22.0 and LibVEX; rerun with -h for copyright info
==727471== Command: /home/loris/Desktop/TestRepositories/Forked/juliet-test-suite-c/Automatic/results/20260707_1536/CWE121/valgrind/bin/CWE121/bad/CWE121_Stack_Based_Buffer_Overflow__CWE805_int64_t_alloca_loop_68-bad
==727471== Parent PID: 727470
==727471== 
==727471== 
==727471== Process terminating with default action of signal 6 (SIGABRT)
==727471==    at 0x490DB2C: __pthread_kill_implementation (pthread_kill.c:44)
==727471==    by 0x490DB2C: __pthread_kill_internal (pthread_kill.c:78)
==727471==    by 0x490DB2C: pthread_kill@@GLIBC_2.34 (pthread_kill.c:89)
==727471==    by 0x48B427D: raise (raise.c:26)
==727471==    by 0x48978FE: abort (abort.c:79)
==727471==    by 0x48987B5: __libc_message_impl.cold (libc_fatal.c:134)
==727471==    by 0x49A5C48: __fortify_fail (fortify_fail.c:24)
==727471==    by 0x49A6ED3: __stack_chk_fail (stack_chk_fail.c:24)
==727471==    by 0x1093DD: CWE121_Stack_Based_Buffer_Overflow__CWE805_int64_t_alloca_loop_68_bad (in /home/loris/Desktop/TestRepositories/Forked/juliet-test-suite-c/Automatic/results/20260707_1536/CWE121/valgrind/bin/CWE121/bad/CWE121_Stack_Based_Buffer_Overflow__CWE805_int64_t_alloca_loop_68-bad)
==727471== 
==727471== HEAP SUMMARY:
==727471==     in use at exit: 4,096 bytes in 1 blocks
==727471==   total heap usage: 1 allocs, 0 frees, 4,096 bytes allocated
==727471== 
==727471== LEAK SUMMARY:
==727471==    definitely lost: 0 bytes in 0 blocks
==727471==    indirectly lost: 0 bytes in 0 blocks
==727471==      possibly lost: 0 bytes in 0 blocks
==727471==    still reachable: 4,096 bytes in 1 blocks
==727471==         suppressed: 0 bytes in 0 blocks
==727471== Rerun with --leak-check=full to see details of leaked memory
==727471== 
==727471== For lists of detected and suppressed errors, rerun with: -s
==727471== ERROR SUMMARY: 0 errors from 0 contexts (suppressed: 0 from 0)
