==717375== Memcheck, a memory error detector
==717375== Copyright (C) 2002-2022, and GNU GPL'd, by Julian Seward et al.
==717375== Using Valgrind-3.22.0 and LibVEX; rerun with -h for copyright info
==717375== Command: /home/loris/Desktop/TestRepositories/Forked/juliet-test-suite-c/Automatic/results/20260707_1536/CWE121/valgrind/bin/CWE121/good/CWE121_Stack_Based_Buffer_Overflow__CWE129_listen_socket_53-good
==717375== Parent PID: 717374
==717375== 
==717375== 
==717375== Process terminating with default action of signal 15 (SIGTERM)
==717375==    at 0x499A834: accept (accept.c:26)
==717375==    by 0x109494: goodB2G (in /home/loris/Desktop/TestRepositories/Forked/juliet-test-suite-c/Automatic/results/20260707_1536/CWE121/valgrind/bin/CWE121/good/CWE121_Stack_Based_Buffer_Overflow__CWE129_listen_socket_53-good)
==717375==    by 0x109546: CWE121_Stack_Based_Buffer_Overflow__CWE129_listen_socket_53_good (in /home/loris/Desktop/TestRepositories/Forked/juliet-test-suite-c/Automatic/results/20260707_1536/CWE121/valgrind/bin/CWE121/good/CWE121_Stack_Based_Buffer_Overflow__CWE129_listen_socket_53-good)
==717375==    by 0x109586: main (in /home/loris/Desktop/TestRepositories/Forked/juliet-test-suite-c/Automatic/results/20260707_1536/CWE121/valgrind/bin/CWE121/good/CWE121_Stack_Based_Buffer_Overflow__CWE129_listen_socket_53-good)
==717375== 
==717375== HEAP SUMMARY:
==717375==     in use at exit: 4,096 bytes in 1 blocks
==717375==   total heap usage: 1 allocs, 0 frees, 4,096 bytes allocated
==717375== 
==717375== LEAK SUMMARY:
==717375==    definitely lost: 0 bytes in 0 blocks
==717375==    indirectly lost: 0 bytes in 0 blocks
==717375==      possibly lost: 0 bytes in 0 blocks
==717375==    still reachable: 4,096 bytes in 1 blocks
==717375==         suppressed: 0 bytes in 0 blocks
==717375== Rerun with --leak-check=full to see details of leaked memory
==717375== 
==717375== For lists of detected and suppressed errors, rerun with: -s
==717375== ERROR SUMMARY: 0 errors from 0 contexts (suppressed: 0 from 0)
