==732520== Memcheck, a memory error detector
==732520== Copyright (C) 2002-2022, and GNU GPL'd, by Julian Seward et al.
==732520== Using Valgrind-3.22.0 and LibVEX; rerun with -h for copyright info
==732520== Command: /home/loris/Desktop/TestRepositories/Forked/juliet-test-suite-c/Automatic/results/20260707_1536/CWE121/valgrind/bin/CWE121/bad/CWE121_Stack_Based_Buffer_Overflow__CWE806_char_alloca_ncat_66-bad
==732520== Parent PID: 732519
==732520== 
==732520== Source and destination overlap in strncat(0x1ffefffd90, 0x1ffefffde0, 99)
==732520==    at 0x484F197: strncat (in /usr/libexec/valgrind/vgpreload_memcheck-amd64-linux.so)
==732520==    by 0x1094AF: CWE121_Stack_Based_Buffer_Overflow__CWE806_char_alloca_ncat_66b_badSink (in /home/loris/Desktop/TestRepositories/Forked/juliet-test-suite-c/Automatic/results/20260707_1536/CWE121/valgrind/bin/CWE121/bad/CWE121_Stack_Based_Buffer_Overflow__CWE806_char_alloca_ncat_66-bad)
==732520==    by 0x4141414141414140: ???
==732520==    by 0x4141414141414140: ???
==732520==    by 0x4141414141414140: ???
==732520==    by 0x4141414100414140: ???
==732520==    by 0x4141414141414140: ???
==732520==    by 0x4141414141414140: ???
==732520==    by 0x4141414141414140: ???
==732520==    by 0x4141414141414140: ???
==732520==    by 0x4141414141414140: ???
==732520==    by 0x4141414141414140: ???
==732520== 
==732520== 
==732520== Process terminating with default action of signal 6 (SIGABRT)
==732520==    at 0x490DB2C: __pthread_kill_implementation (pthread_kill.c:44)
==732520==    by 0x490DB2C: __pthread_kill_internal (pthread_kill.c:78)
==732520==    by 0x490DB2C: pthread_kill@@GLIBC_2.34 (pthread_kill.c:89)
==732520==    by 0x48B427D: raise (raise.c:26)
==732520==    by 0x48978FE: abort (abort.c:79)
==732520==    by 0x48987B5: __libc_message_impl.cold (libc_fatal.c:134)
==732520==    by 0x49A5C48: __fortify_fail (fortify_fail.c:24)
==732520==    by 0x49A6ED3: __stack_chk_fail (stack_chk_fail.c:24)
==732520==    by 0x1094D4: CWE121_Stack_Based_Buffer_Overflow__CWE806_char_alloca_ncat_66b_badSink (in /home/loris/Desktop/TestRepositories/Forked/juliet-test-suite-c/Automatic/results/20260707_1536/CWE121/valgrind/bin/CWE121/bad/CWE121_Stack_Based_Buffer_Overflow__CWE806_char_alloca_ncat_66-bad)
==732520==    by 0x4141414141414140: ???
==732520==    by 0x4141414141414140: ???
==732520==    by 0x4141414141414140: ???
==732520==    by 0x4141414100414140: ???
==732520==    by 0x4141414141414140: ???
==732520== 
==732520== HEAP SUMMARY:
==732520==     in use at exit: 4,096 bytes in 1 blocks
==732520==   total heap usage: 1 allocs, 0 frees, 4,096 bytes allocated
==732520== 
==732520== LEAK SUMMARY:
==732520==    definitely lost: 0 bytes in 0 blocks
==732520==    indirectly lost: 0 bytes in 0 blocks
==732520==      possibly lost: 0 bytes in 0 blocks
==732520==    still reachable: 4,096 bytes in 1 blocks
==732520==         suppressed: 0 bytes in 0 blocks
==732520== Rerun with --leak-check=full to see details of leaked memory
==732520== 
==732520== For lists of detected and suppressed errors, rerun with: -s
==732520== ERROR SUMMARY: 1 errors from 1 contexts (suppressed: 0 from 0)
