==736726== Memcheck, a memory error detector
==736726== Copyright (C) 2002-2022, and GNU GPL'd, by Julian Seward et al.
==736726== Using Valgrind-3.22.0 and LibVEX; rerun with -h for copyright info
==736726== Command: /home/loris/Desktop/TestRepositories/Forked/juliet-test-suite-c/Automatic/results/20260707_1536/CWE121/valgrind/bin/CWE121/bad/CWE121_Stack_Based_Buffer_Overflow__src_char_declare_cpy_18-bad
==736726== Parent PID: 736725
==736726== 
==736726== Source and destination overlap in strcpy(0x1ffefffdf0, 0x1ffefffe30)
==736726==    at 0x484F413: strcpy (in /usr/libexec/valgrind/vgpreload_memcheck-amd64-linux.so)
==736726==    by 0x10937A: CWE121_Stack_Based_Buffer_Overflow__src_char_declare_cpy_18_bad (in /home/loris/Desktop/TestRepositories/Forked/juliet-test-suite-c/Automatic/results/20260707_1536/CWE121/valgrind/bin/CWE121/bad/CWE121_Stack_Based_Buffer_Overflow__src_char_declare_cpy_18-bad)
==736726==    by 0x1093DD: main (in /home/loris/Desktop/TestRepositories/Forked/juliet-test-suite-c/Automatic/results/20260707_1536/CWE121/valgrind/bin/CWE121/bad/CWE121_Stack_Based_Buffer_Overflow__src_char_declare_cpy_18-bad)
==736726== 
==736726== 
==736726== HEAP SUMMARY:
==736726==     in use at exit: 0 bytes in 0 blocks
==736726==   total heap usage: 1 allocs, 1 frees, 4,096 bytes allocated
==736726== 
==736726== All heap blocks were freed -- no leaks are possible
==736726== 
==736726== For lists of detected and suppressed errors, rerun with: -s
==736726== ERROR SUMMARY: 1 errors from 1 contexts (suppressed: 0 from 0)
