==732885== Memcheck, a memory error detector
==732885== Copyright (C) 2002-2022, and GNU GPL'd, by Julian Seward et al.
==732885== Using Valgrind-3.22.0 and LibVEX; rerun with -h for copyright info
==732885== Command: /home/loris/Desktop/TestRepositories/Forked/juliet-test-suite-c/Automatic/results/20260707_1536/CWE121/valgrind/bin/CWE121/bad/CWE121_Stack_Based_Buffer_Overflow__CWE806_char_alloca_ncpy_54-bad
==732885== Parent PID: 732884
==732885== 
==732885== 
==732885== Process terminating with default action of signal 6 (SIGABRT)
==732885==    at 0x490DB2C: __pthread_kill_implementation (pthread_kill.c:44)
==732885==    by 0x490DB2C: __pthread_kill_internal (pthread_kill.c:78)
==732885==    by 0x490DB2C: pthread_kill@@GLIBC_2.34 (pthread_kill.c:89)
==732885==    by 0x48B427D: raise (raise.c:26)
==732885==    by 0x48978FE: abort (abort.c:79)
==732885==    by 0x48987B5: __libc_message_impl.cold (libc_fatal.c:134)
==732885==    by 0x49A5C48: __fortify_fail (fortify_fail.c:24)
==732885==    by 0x49A6ED3: __stack_chk_fail (stack_chk_fail.c:24)
==732885==    by 0x10951D: CWE121_Stack_Based_Buffer_Overflow__CWE806_char_alloca_ncpy_54e_badSink (in /home/loris/Desktop/TestRepositories/Forked/juliet-test-suite-c/Automatic/results/20260707_1536/CWE121/valgrind/bin/CWE121/bad/CWE121_Stack_Based_Buffer_Overflow__CWE806_char_alloca_ncpy_54-bad)
==732885==    by 0x4141414141414140: ???
==732885==    by 0x4141414141414140: ???
==732885==    by 0x4141414141414140: ???
==732885==    by 0x1FFE414140: ???
==732885==    by 0x10945F: CWE121_Stack_Based_Buffer_Overflow__CWE806_char_alloca_ncpy_54c_badSink (in /home/loris/Desktop/TestRepositories/Forked/juliet-test-suite-c/Automatic/results/20260707_1536/CWE121/valgrind/bin/CWE121/bad/CWE121_Stack_Based_Buffer_Overflow__CWE806_char_alloca_ncpy_54-bad)
==732885== 
==732885== HEAP SUMMARY:
==732885==     in use at exit: 4,096 bytes in 1 blocks
==732885==   total heap usage: 1 allocs, 0 frees, 4,096 bytes allocated
==732885== 
==732885== LEAK SUMMARY:
==732885==    definitely lost: 0 bytes in 0 blocks
==732885==    indirectly lost: 0 bytes in 0 blocks
==732885==      possibly lost: 0 bytes in 0 blocks
==732885==    still reachable: 4,096 bytes in 1 blocks
==732885==         suppressed: 0 bytes in 0 blocks
==732885== Rerun with --leak-check=full to see details of leaked memory
==732885== 
==732885== For lists of detected and suppressed errors, rerun with: -s
==732885== ERROR SUMMARY: 0 errors from 0 contexts (suppressed: 0 from 0)
