==732078== Memcheck, a memory error detector
==732078== Copyright (C) 2002-2022, and GNU GPL'd, by Julian Seward et al.
==732078== Using Valgrind-3.22.0 and LibVEX; rerun with -h for copyright info
==732078== Command: /home/loris/Desktop/TestRepositories/Forked/juliet-test-suite-c/Automatic/results/20260707_1536/CWE121/valgrind/bin/CWE121/bad/CWE121_Stack_Based_Buffer_Overflow__CWE806_char_alloca_memmove_63-bad
==732078== Parent PID: 732077
==732078== 
==732078== 
==732078== Process terminating with default action of signal 6 (SIGABRT)
==732078==    at 0x490DB2C: __pthread_kill_implementation (pthread_kill.c:44)
==732078==    by 0x490DB2C: __pthread_kill_internal (pthread_kill.c:78)
==732078==    by 0x490DB2C: pthread_kill@@GLIBC_2.34 (pthread_kill.c:89)
==732078==    by 0x48B427D: raise (raise.c:26)
==732078==    by 0x48978FE: abort (abort.c:79)
==732078==    by 0x48987B5: __libc_message_impl.cold (libc_fatal.c:134)
==732078==    by 0x49A5C48: __fortify_fail (fortify_fail.c:24)
==732078==    by 0x49A6ED3: __stack_chk_fail (stack_chk_fail.c:24)
==732078==    by 0x1094CB: CWE121_Stack_Based_Buffer_Overflow__CWE806_char_alloca_memmove_63b_badSink (in /home/loris/Desktop/TestRepositories/Forked/juliet-test-suite-c/Automatic/results/20260707_1536/CWE121/valgrind/bin/CWE121/bad/CWE121_Stack_Based_Buffer_Overflow__CWE806_char_alloca_memmove_63-bad)
==732078==    by 0x4141414141414140: ???
==732078==    by 0x4141414141414140: ???
==732078==    by 0x4141414141414140: ???
==732078==    by 0x4141414141414140: ???
==732078==    by 0x4141414141414140: ???
==732078== 
==732078== HEAP SUMMARY:
==732078==     in use at exit: 4,096 bytes in 1 blocks
==732078==   total heap usage: 1 allocs, 0 frees, 4,096 bytes allocated
==732078== 
==732078== LEAK SUMMARY:
==732078==    definitely lost: 0 bytes in 0 blocks
==732078==    indirectly lost: 0 bytes in 0 blocks
==732078==      possibly lost: 0 bytes in 0 blocks
==732078==    still reachable: 4,096 bytes in 1 blocks
==732078==         suppressed: 0 bytes in 0 blocks
==732078== Rerun with --leak-check=full to see details of leaked memory
==732078== 
==732078== For lists of detected and suppressed errors, rerun with: -s
==732078== ERROR SUMMARY: 0 errors from 0 contexts (suppressed: 0 from 0)
