==733879== Memcheck, a memory error detector
==733879== Copyright (C) 2002-2022, and GNU GPL'd, by Julian Seward et al.
==733879== Using Valgrind-3.22.0 and LibVEX; rerun with -h for copyright info
==733879== Command: /home/loris/Desktop/TestRepositories/Forked/juliet-test-suite-c/Automatic/results/20260707_1536/CWE121/valgrind/bin/CWE121/bad/CWE121_Stack_Based_Buffer_Overflow__CWE806_char_declare_memmove_53-bad
==733879== Parent PID: 733878
==733879== 
==733879== 
==733879== Process terminating with default action of signal 6 (SIGABRT)
==733879==    at 0x490DB2C: __pthread_kill_implementation (pthread_kill.c:44)
==733879==    by 0x490DB2C: __pthread_kill_internal (pthread_kill.c:78)
==733879==    by 0x490DB2C: pthread_kill@@GLIBC_2.34 (pthread_kill.c:89)
==733879==    by 0x48B427D: raise (raise.c:26)
==733879==    by 0x48978FE: abort (abort.c:79)
==733879==    by 0x48987B5: __libc_message_impl.cold (libc_fatal.c:134)
==733879==    by 0x49A5C48: __fortify_fail (fortify_fail.c:24)
==733879==    by 0x49A6ED3: __stack_chk_fail (stack_chk_fail.c:24)
==733879==    by 0x10947C: CWE121_Stack_Based_Buffer_Overflow__CWE806_char_declare_memmove_53d_badSink (in /home/loris/Desktop/TestRepositories/Forked/juliet-test-suite-c/Automatic/results/20260707_1536/CWE121/valgrind/bin/CWE121/bad/CWE121_Stack_Based_Buffer_Overflow__CWE806_char_declare_memmove_53-bad)
==733879==    by 0x4141414141414140: ???
==733879==    by 0x4141414141414140: ???
==733879==    by 0x4141414141414140: ???
==733879==    by 0x1FFE414140: ???
==733879==    by 0x1093BE: CWE121_Stack_Based_Buffer_Overflow__CWE806_char_declare_memmove_53b_badSink (in /home/loris/Desktop/TestRepositories/Forked/juliet-test-suite-c/Automatic/results/20260707_1536/CWE121/valgrind/bin/CWE121/bad/CWE121_Stack_Based_Buffer_Overflow__CWE806_char_declare_memmove_53-bad)
==733879== 
==733879== HEAP SUMMARY:
==733879==     in use at exit: 4,096 bytes in 1 blocks
==733879==   total heap usage: 1 allocs, 0 frees, 4,096 bytes allocated
==733879== 
==733879== LEAK SUMMARY:
==733879==    definitely lost: 0 bytes in 0 blocks
==733879==    indirectly lost: 0 bytes in 0 blocks
==733879==      possibly lost: 0 bytes in 0 blocks
==733879==    still reachable: 4,096 bytes in 1 blocks
==733879==         suppressed: 0 bytes in 0 blocks
==733879== Rerun with --leak-check=full to see details of leaked memory
==733879== 
==733879== For lists of detected and suppressed errors, rerun with: -s
==733879== ERROR SUMMARY: 0 errors from 0 contexts (suppressed: 0 from 0)
