==730157== Memcheck, a memory error detector
==730157== Copyright (C) 2002-2022, and GNU GPL'd, by Julian Seward et al.
==730157== Using Valgrind-3.22.0 and LibVEX; rerun with -h for copyright info
==730157== Command: /home/loris/Desktop/TestRepositories/Forked/juliet-test-suite-c/Automatic/results/20260707_1536/CWE121/valgrind/bin/CWE121/bad/CWE121_Stack_Based_Buffer_Overflow__CWE805_struct_alloca_memcpy_32-bad
==730157== Parent PID: 730156
==730157== 
==730157== Invalid read of size 4
==730157==    at 0x1097AF: printStructLine (in /home/loris/Desktop/TestRepositories/Forked/juliet-test-suite-c/Automatic/results/20260707_1536/CWE121/valgrind/bin/CWE121/bad/CWE121_Stack_Based_Buffer_Overflow__CWE805_struct_alloca_memcpy_32-bad)
==730157==    by 0x1094A1: CWE121_Stack_Based_Buffer_Overflow__CWE805_struct_alloca_memcpy_32_bad (in /home/loris/Desktop/TestRepositories/Forked/juliet-test-suite-c/Automatic/results/20260707_1536/CWE121/valgrind/bin/CWE121/bad/CWE121_Stack_Based_Buffer_Overflow__CWE805_struct_alloca_memcpy_32-bad)
==730157==    by 0x1094F5: main (in /home/loris/Desktop/TestRepositories/Forked/juliet-test-suite-c/Automatic/results/20260707_1536/CWE121/valgrind/bin/CWE121/bad/CWE121_Stack_Based_Buffer_Overflow__CWE805_struct_alloca_memcpy_32-bad)
==730157==  Address 0x4 is not stack'd, malloc'd or (recently) free'd
==730157== 
==730157== 
==730157== Process terminating with default action of signal 11 (SIGSEGV)
==730157==  Access not within mapped region at address 0x4
==730157==    at 0x1097AF: printStructLine (in /home/loris/Desktop/TestRepositories/Forked/juliet-test-suite-c/Automatic/results/20260707_1536/CWE121/valgrind/bin/CWE121/bad/CWE121_Stack_Based_Buffer_Overflow__CWE805_struct_alloca_memcpy_32-bad)
==730157==    by 0x1094A1: CWE121_Stack_Based_Buffer_Overflow__CWE805_struct_alloca_memcpy_32_bad (in /home/loris/Desktop/TestRepositories/Forked/juliet-test-suite-c/Automatic/results/20260707_1536/CWE121/valgrind/bin/CWE121/bad/CWE121_Stack_Based_Buffer_Overflow__CWE805_struct_alloca_memcpy_32-bad)
==730157==    by 0x1094F5: main (in /home/loris/Desktop/TestRepositories/Forked/juliet-test-suite-c/Automatic/results/20260707_1536/CWE121/valgrind/bin/CWE121/bad/CWE121_Stack_Based_Buffer_Overflow__CWE805_struct_alloca_memcpy_32-bad)
==730157==  If you believe this happened as a result of a stack
==730157==  overflow in your program's main thread (unlikely but
==730157==  possible), you can try to increase the size of the
==730157==  main thread stack using the --main-stacksize= flag.
==730157==  The main thread stack size used in this run was 8388608.
==730157== 
==730157== HEAP SUMMARY:
==730157==     in use at exit: 4,096 bytes in 1 blocks
==730157==   total heap usage: 1 allocs, 0 frees, 4,096 bytes allocated
==730157== 
==730157== LEAK SUMMARY:
==730157==    definitely lost: 0 bytes in 0 blocks
==730157==    indirectly lost: 0 bytes in 0 blocks
==730157==      possibly lost: 0 bytes in 0 blocks
==730157==    still reachable: 4,096 bytes in 1 blocks
==730157==         suppressed: 0 bytes in 0 blocks
==730157== Rerun with --leak-check=full to see details of leaked memory
==730157== 
==730157== For lists of detected and suppressed errors, rerun with: -s
==730157== ERROR SUMMARY: 1 errors from 1 contexts (suppressed: 0 from 0)
