==725494== Memcheck, a memory error detector
==725494== Copyright (C) 2002-2022, and GNU GPL'd, by Julian Seward et al.
==725494== Using Valgrind-3.22.0 and LibVEX; rerun with -h for copyright info
==725494== Command: /home/loris/Desktop/TestRepositories/Forked/juliet-test-suite-c/Automatic/results/20260707_1536/CWE121/valgrind/bin/CWE121/bad/CWE121_Stack_Based_Buffer_Overflow__CWE805_char_alloca_memcpy_52-bad
==725494== Parent PID: 725490
==725494== 
==725494== 
==725494== Process terminating with default action of signal 6 (SIGABRT)
==725494==    at 0x490DB2C: __pthread_kill_implementation (pthread_kill.c:44)
==725494==    by 0x490DB2C: __pthread_kill_internal (pthread_kill.c:78)
==725494==    by 0x490DB2C: pthread_kill@@GLIBC_2.34 (pthread_kill.c:89)
==725494==    by 0x48B427D: raise (raise.c:26)
==725494==    by 0x48978FE: abort (abort.c:79)
==725494==    by 0x48987B5: __libc_message_impl.cold (libc_fatal.c:134)
==725494==    by 0x49A5C48: __fortify_fail (fortify_fail.c:24)
==725494==    by 0x49A6ED3: __stack_chk_fail (stack_chk_fail.c:24)
==725494==    by 0x1093F7: CWE121_Stack_Based_Buffer_Overflow__CWE805_char_alloca_memcpy_52_bad (in /home/loris/Desktop/TestRepositories/Forked/juliet-test-suite-c/Automatic/results/20260707_1536/CWE121/valgrind/bin/CWE121/bad/CWE121_Stack_Based_Buffer_Overflow__CWE805_char_alloca_memcpy_52-bad)
==725494==    by 0x109436: main (in /home/loris/Desktop/TestRepositories/Forked/juliet-test-suite-c/Automatic/results/20260707_1536/CWE121/valgrind/bin/CWE121/bad/CWE121_Stack_Based_Buffer_Overflow__CWE805_char_alloca_memcpy_52-bad)
==725494== 
==725494== HEAP SUMMARY:
==725494==     in use at exit: 4,096 bytes in 1 blocks
==725494==   total heap usage: 1 allocs, 0 frees, 4,096 bytes allocated
==725494== 
==725494== LEAK SUMMARY:
==725494==    definitely lost: 0 bytes in 0 blocks
==725494==    indirectly lost: 0 bytes in 0 blocks
==725494==      possibly lost: 0 bytes in 0 blocks
==725494==    still reachable: 4,096 bytes in 1 blocks
==725494==         suppressed: 0 bytes in 0 blocks
==725494== Rerun with --leak-check=full to see details of leaked memory
==725494== 
==725494== For lists of detected and suppressed errors, rerun with: -s
==725494== ERROR SUMMARY: 0 errors from 0 contexts (suppressed: 0 from 0)
