==732533== Memcheck, a memory error detector
==732533== Copyright (C) 2002-2022, and GNU GPL'd, by Julian Seward et al.
==732533== Using Valgrind-3.22.0 and LibVEX; rerun with -h for copyright info
==732533== Command: /home/loris/Desktop/TestRepositories/Forked/juliet-test-suite-c/Automatic/results/20260707_1536/CWE121/valgrind/bin/CWE121/bad/CWE121_Stack_Based_Buffer_Overflow__CWE806_char_alloca_ncat_67-bad
==732533== Parent PID: 732532
==732533== 
==732533== Source and destination overlap in strncat(0x1ffefffdb0, 0x1ffefffe00, 99)
==732533==    at 0x484F197: strncat (in /usr/libexec/valgrind/vgpreload_memcheck-amd64-linux.so)
==732533==    by 0x1094AB: CWE121_Stack_Based_Buffer_Overflow__CWE806_char_alloca_ncat_67b_badSink (in /home/loris/Desktop/TestRepositories/Forked/juliet-test-suite-c/Automatic/results/20260707_1536/CWE121/valgrind/bin/CWE121/bad/CWE121_Stack_Based_Buffer_Overflow__CWE806_char_alloca_ncat_67-bad)
==732533==    by 0x4141414141414140: ???
==732533==    by 0x4141414141414140: ???
==732533==    by 0x4141414141414140: ???
==732533==    by 0x4141414100414140: ???
==732533==    by 0x4141414141414140: ???
==732533==    by 0x4141414141414140: ???
==732533==    by 0x4141414141414140: ???
==732533==    by 0x4141414141414140: ???
==732533==    by 0x4141414141414140: ???
==732533==    by 0x4141414141414140: ???
==732533== 
==732533== 
==732533== Process terminating with default action of signal 6 (SIGABRT)
==732533==    at 0x490DB2C: __pthread_kill_implementation (pthread_kill.c:44)
==732533==    by 0x490DB2C: __pthread_kill_internal (pthread_kill.c:78)
==732533==    by 0x490DB2C: pthread_kill@@GLIBC_2.34 (pthread_kill.c:89)
==732533==    by 0x48B427D: raise (raise.c:26)
==732533==    by 0x48978FE: abort (abort.c:79)
==732533==    by 0x48987B5: __libc_message_impl.cold (libc_fatal.c:134)
==732533==    by 0x49A5C48: __fortify_fail (fortify_fail.c:24)
==732533==    by 0x49A6ED3: __stack_chk_fail (stack_chk_fail.c:24)
==732533==    by 0x1094D0: CWE121_Stack_Based_Buffer_Overflow__CWE806_char_alloca_ncat_67b_badSink (in /home/loris/Desktop/TestRepositories/Forked/juliet-test-suite-c/Automatic/results/20260707_1536/CWE121/valgrind/bin/CWE121/bad/CWE121_Stack_Based_Buffer_Overflow__CWE806_char_alloca_ncat_67-bad)
==732533==    by 0x4141414141414140: ???
==732533==    by 0x4141414141414140: ???
==732533==    by 0x4141414141414140: ???
==732533==    by 0x4141414100414140: ???
==732533==    by 0x4141414141414140: ???
==732533== 
==732533== HEAP SUMMARY:
==732533==     in use at exit: 4,096 bytes in 1 blocks
==732533==   total heap usage: 1 allocs, 0 frees, 4,096 bytes allocated
==732533== 
==732533== LEAK SUMMARY:
==732533==    definitely lost: 0 bytes in 0 blocks
==732533==    indirectly lost: 0 bytes in 0 blocks
==732533==      possibly lost: 0 bytes in 0 blocks
==732533==    still reachable: 4,096 bytes in 1 blocks
==732533==         suppressed: 0 bytes in 0 blocks
==732533== Rerun with --leak-check=full to see details of leaked memory
==732533== 
==732533== For lists of detected and suppressed errors, rerun with: -s
==732533== ERROR SUMMARY: 1 errors from 1 contexts (suppressed: 0 from 0)
