==730466== Memcheck, a memory error detector
==730466== Copyright (C) 2002-2022, and GNU GPL'd, by Julian Seward et al.
==730466== Using Valgrind-3.22.0 and LibVEX; rerun with -h for copyright info
==730466== Command: /home/loris/Desktop/TestRepositories/Forked/juliet-test-suite-c/Automatic/results/20260707_1536/CWE121/valgrind/bin/CWE121/bad/CWE121_Stack_Based_Buffer_Overflow__CWE805_struct_alloca_memmove_14-bad
==730466== Parent PID: 730465
==730466== 
==730466== Invalid read of size 4
==730466==    at 0x10976B: printStructLine (in /home/loris/Desktop/TestRepositories/Forked/juliet-test-suite-c/Automatic/results/20260707_1536/CWE121/valgrind/bin/CWE121/bad/CWE121_Stack_Based_Buffer_Overflow__CWE805_struct_alloca_memmove_14-bad)
==730466==    by 0x10945D: CWE121_Stack_Based_Buffer_Overflow__CWE805_struct_alloca_memmove_14_bad (in /home/loris/Desktop/TestRepositories/Forked/juliet-test-suite-c/Automatic/results/20260707_1536/CWE121/valgrind/bin/CWE121/bad/CWE121_Stack_Based_Buffer_Overflow__CWE805_struct_alloca_memmove_14-bad)
==730466==    by 0x1094B1: main (in /home/loris/Desktop/TestRepositories/Forked/juliet-test-suite-c/Automatic/results/20260707_1536/CWE121/valgrind/bin/CWE121/bad/CWE121_Stack_Based_Buffer_Overflow__CWE805_struct_alloca_memmove_14-bad)
==730466==  Address 0x4 is not stack'd, malloc'd or (recently) free'd
==730466== 
==730466== 
==730466== Process terminating with default action of signal 11 (SIGSEGV)
==730466==  Access not within mapped region at address 0x4
==730466==    at 0x10976B: printStructLine (in /home/loris/Desktop/TestRepositories/Forked/juliet-test-suite-c/Automatic/results/20260707_1536/CWE121/valgrind/bin/CWE121/bad/CWE121_Stack_Based_Buffer_Overflow__CWE805_struct_alloca_memmove_14-bad)
==730466==    by 0x10945D: CWE121_Stack_Based_Buffer_Overflow__CWE805_struct_alloca_memmove_14_bad (in /home/loris/Desktop/TestRepositories/Forked/juliet-test-suite-c/Automatic/results/20260707_1536/CWE121/valgrind/bin/CWE121/bad/CWE121_Stack_Based_Buffer_Overflow__CWE805_struct_alloca_memmove_14-bad)
==730466==    by 0x1094B1: main (in /home/loris/Desktop/TestRepositories/Forked/juliet-test-suite-c/Automatic/results/20260707_1536/CWE121/valgrind/bin/CWE121/bad/CWE121_Stack_Based_Buffer_Overflow__CWE805_struct_alloca_memmove_14-bad)
==730466==  If you believe this happened as a result of a stack
==730466==  overflow in your program's main thread (unlikely but
==730466==  possible), you can try to increase the size of the
==730466==  main thread stack using the --main-stacksize= flag.
==730466==  The main thread stack size used in this run was 8388608.
==730466== 
==730466== HEAP SUMMARY:
==730466==     in use at exit: 4,096 bytes in 1 blocks
==730466==   total heap usage: 1 allocs, 0 frees, 4,096 bytes allocated
==730466== 
==730466== LEAK SUMMARY:
==730466==    definitely lost: 0 bytes in 0 blocks
==730466==    indirectly lost: 0 bytes in 0 blocks
==730466==      possibly lost: 0 bytes in 0 blocks
==730466==    still reachable: 4,096 bytes in 1 blocks
==730466==         suppressed: 0 bytes in 0 blocks
==730466== Rerun with --leak-check=full to see details of leaked memory
==730466== 
==730466== For lists of detected and suppressed errors, rerun with: -s
==730466== ERROR SUMMARY: 1 errors from 1 contexts (suppressed: 0 from 0)
