==725329== Memcheck, a memory error detector
==725329== Copyright (C) 2002-2022, and GNU GPL'd, by Julian Seward et al.
==725329== Using Valgrind-3.22.0 and LibVEX; rerun with -h for copyright info
==725329== Command: /home/loris/Desktop/TestRepositories/Forked/juliet-test-suite-c/Automatic/results/20260707_1536/CWE121/valgrind/bin/CWE121/bad/CWE121_Stack_Based_Buffer_Overflow__CWE805_char_alloca_memcpy_07-bad
==725329== Parent PID: 725328
==725329== 
==725329== Invalid write of size 1
==725329==    at 0x109486: CWE121_Stack_Based_Buffer_Overflow__CWE805_char_alloca_memcpy_07_bad (in /home/loris/Desktop/TestRepositories/Forked/juliet-test-suite-c/Automatic/results/20260707_1536/CWE121/valgrind/bin/CWE121/bad/CWE121_Stack_Based_Buffer_Overflow__CWE805_char_alloca_memcpy_07-bad)
==725329==    by 0x1094EF: main (in /home/loris/Desktop/TestRepositories/Forked/juliet-test-suite-c/Automatic/results/20260707_1536/CWE121/valgrind/bin/CWE121/bad/CWE121_Stack_Based_Buffer_Overflow__CWE805_char_alloca_memcpy_07-bad)
==725329==  Address 0x43434343434343a6 is not stack'd, malloc'd or (recently) free'd
==725329== 
==725329== 
==725329== Process terminating with default action of signal 11 (SIGSEGV)
==725329==  General Protection Fault
==725329==    at 0x109486: CWE121_Stack_Based_Buffer_Overflow__CWE805_char_alloca_memcpy_07_bad (in /home/loris/Desktop/TestRepositories/Forked/juliet-test-suite-c/Automatic/results/20260707_1536/CWE121/valgrind/bin/CWE121/bad/CWE121_Stack_Based_Buffer_Overflow__CWE805_char_alloca_memcpy_07-bad)
==725329==    by 0x1094EF: main (in /home/loris/Desktop/TestRepositories/Forked/juliet-test-suite-c/Automatic/results/20260707_1536/CWE121/valgrind/bin/CWE121/bad/CWE121_Stack_Based_Buffer_Overflow__CWE805_char_alloca_memcpy_07-bad)
==725329== 
==725329== HEAP SUMMARY:
==725329==     in use at exit: 4,096 bytes in 1 blocks
==725329==   total heap usage: 1 allocs, 0 frees, 4,096 bytes allocated
==725329== 
==725329== LEAK SUMMARY:
==725329==    definitely lost: 0 bytes in 0 blocks
==725329==    indirectly lost: 0 bytes in 0 blocks
==725329==      possibly lost: 0 bytes in 0 blocks
==725329==    still reachable: 4,096 bytes in 1 blocks
==725329==         suppressed: 0 bytes in 0 blocks
==725329== Rerun with --leak-check=full to see details of leaked memory
==725329== 
==725329== For lists of detected and suppressed errors, rerun with: -s
==725329== ERROR SUMMARY: 1 errors from 1 contexts (suppressed: 0 from 0)
