==734849== Memcheck, a memory error detector
==734849== Copyright (C) 2002-2022, and GNU GPL'd, by Julian Seward et al.
==734849== Using Valgrind-3.22.0 and LibVEX; rerun with -h for copyright info
==734849== Command: /home/loris/Desktop/TestRepositories/Forked/juliet-test-suite-c/Automatic/results/20260707_1536/CWE121/valgrind/bin/CWE121/bad/CWE121_Stack_Based_Buffer_Overflow__char_type_overrun_memmove_11-bad
==734849== Parent PID: 734848
==734849== 
==734849== Invalid read of size 1
==734849==    at 0x484F226: strlen (in /usr/libexec/valgrind/vgpreload_memcheck-amd64-linux.so)
==734849==    by 0x48F6BFC: puts (ioputs.c:35)
==734849==    by 0x1093AC: printLine (in /home/loris/Desktop/TestRepositories/Forked/juliet-test-suite-c/Automatic/results/20260707_1536/CWE121/valgrind/bin/CWE121/bad/CWE121_Stack_Based_Buffer_Overflow__char_type_overrun_memmove_11-bad)
==734849==    by 0x10931F: CWE121_Stack_Based_Buffer_Overflow__char_type_overrun_memmove_11_bad (in /home/loris/Desktop/TestRepositories/Forked/juliet-test-suite-c/Automatic/results/20260707_1536/CWE121/valgrind/bin/CWE121/bad/CWE121_Stack_Based_Buffer_Overflow__char_type_overrun_memmove_11-bad)
==734849==    by 0x109373: main (in /home/loris/Desktop/TestRepositories/Forked/juliet-test-suite-c/Automatic/results/20260707_1536/CWE121/valgrind/bin/CWE121/bad/CWE121_Stack_Based_Buffer_Overflow__char_type_overrun_memmove_11-bad)
==734849==  Address 0x3736353433323130 is not stack'd, malloc'd or (recently) free'd
==734849== 
==734849== 
==734849== Process terminating with default action of signal 11 (SIGSEGV)
==734849==  General Protection Fault
==734849==    at 0x484F226: strlen (in /usr/libexec/valgrind/vgpreload_memcheck-amd64-linux.so)
==734849==    by 0x48F6BFC: puts (ioputs.c:35)
==734849==    by 0x1093AC: printLine (in /home/loris/Desktop/TestRepositories/Forked/juliet-test-suite-c/Automatic/results/20260707_1536/CWE121/valgrind/bin/CWE121/bad/CWE121_Stack_Based_Buffer_Overflow__char_type_overrun_memmove_11-bad)
==734849==    by 0x10931F: CWE121_Stack_Based_Buffer_Overflow__char_type_overrun_memmove_11_bad (in /home/loris/Desktop/TestRepositories/Forked/juliet-test-suite-c/Automatic/results/20260707_1536/CWE121/valgrind/bin/CWE121/bad/CWE121_Stack_Based_Buffer_Overflow__char_type_overrun_memmove_11-bad)
==734849==    by 0x109373: main (in /home/loris/Desktop/TestRepositories/Forked/juliet-test-suite-c/Automatic/results/20260707_1536/CWE121/valgrind/bin/CWE121/bad/CWE121_Stack_Based_Buffer_Overflow__char_type_overrun_memmove_11-bad)
==734849== 
==734849== HEAP SUMMARY:
==734849==     in use at exit: 4,096 bytes in 1 blocks
==734849==   total heap usage: 1 allocs, 0 frees, 4,096 bytes allocated
==734849== 
==734849== LEAK SUMMARY:
==734849==    definitely lost: 0 bytes in 0 blocks
==734849==    indirectly lost: 0 bytes in 0 blocks
==734849==      possibly lost: 0 bytes in 0 blocks
==734849==    still reachable: 4,096 bytes in 1 blocks
==734849==         suppressed: 0 bytes in 0 blocks
==734849== Rerun with --leak-check=full to see details of leaked memory
==734849== 
==734849== For lists of detected and suppressed errors, rerun with: -s
==734849== ERROR SUMMARY: 1 errors from 1 contexts (suppressed: 0 from 0)
