==730052== Memcheck, a memory error detector
==730052== Copyright (C) 2002-2022, and GNU GPL'd, by Julian Seward et al.
==730052== Using Valgrind-3.22.0 and LibVEX; rerun with -h for copyright info
==730052== Command: /home/loris/Desktop/TestRepositories/Forked/juliet-test-suite-c/Automatic/results/20260707_1536/CWE121/valgrind/bin/CWE121/bad/CWE121_Stack_Based_Buffer_Overflow__CWE805_struct_alloca_memcpy_10-bad
==730052== Parent PID: 730051
==730052== 
==730052== Invalid read of size 4
==730052==    at 0x10976A: printStructLine (in /home/loris/Desktop/TestRepositories/Forked/juliet-test-suite-c/Automatic/results/20260707_1536/CWE121/valgrind/bin/CWE121/bad/CWE121_Stack_Based_Buffer_Overflow__CWE805_struct_alloca_memcpy_10-bad)
==730052==    by 0x10945C: CWE121_Stack_Based_Buffer_Overflow__CWE805_struct_alloca_memcpy_10_bad (in /home/loris/Desktop/TestRepositories/Forked/juliet-test-suite-c/Automatic/results/20260707_1536/CWE121/valgrind/bin/CWE121/bad/CWE121_Stack_Based_Buffer_Overflow__CWE805_struct_alloca_memcpy_10-bad)
==730052==    by 0x1094B0: main (in /home/loris/Desktop/TestRepositories/Forked/juliet-test-suite-c/Automatic/results/20260707_1536/CWE121/valgrind/bin/CWE121/bad/CWE121_Stack_Based_Buffer_Overflow__CWE805_struct_alloca_memcpy_10-bad)
==730052==  Address 0x4 is not stack'd, malloc'd or (recently) free'd
==730052== 
==730052== 
==730052== Process terminating with default action of signal 11 (SIGSEGV)
==730052==  Access not within mapped region at address 0x4
==730052==    at 0x10976A: printStructLine (in /home/loris/Desktop/TestRepositories/Forked/juliet-test-suite-c/Automatic/results/20260707_1536/CWE121/valgrind/bin/CWE121/bad/CWE121_Stack_Based_Buffer_Overflow__CWE805_struct_alloca_memcpy_10-bad)
==730052==    by 0x10945C: CWE121_Stack_Based_Buffer_Overflow__CWE805_struct_alloca_memcpy_10_bad (in /home/loris/Desktop/TestRepositories/Forked/juliet-test-suite-c/Automatic/results/20260707_1536/CWE121/valgrind/bin/CWE121/bad/CWE121_Stack_Based_Buffer_Overflow__CWE805_struct_alloca_memcpy_10-bad)
==730052==    by 0x1094B0: main (in /home/loris/Desktop/TestRepositories/Forked/juliet-test-suite-c/Automatic/results/20260707_1536/CWE121/valgrind/bin/CWE121/bad/CWE121_Stack_Based_Buffer_Overflow__CWE805_struct_alloca_memcpy_10-bad)
==730052==  If you believe this happened as a result of a stack
==730052==  overflow in your program's main thread (unlikely but
==730052==  possible), you can try to increase the size of the
==730052==  main thread stack using the --main-stacksize= flag.
==730052==  The main thread stack size used in this run was 8388608.
==730052== 
==730052== HEAP SUMMARY:
==730052==     in use at exit: 4,096 bytes in 1 blocks
==730052==   total heap usage: 1 allocs, 0 frees, 4,096 bytes allocated
==730052== 
==730052== LEAK SUMMARY:
==730052==    definitely lost: 0 bytes in 0 blocks
==730052==    indirectly lost: 0 bytes in 0 blocks
==730052==      possibly lost: 0 bytes in 0 blocks
==730052==    still reachable: 4,096 bytes in 1 blocks
==730052==         suppressed: 0 bytes in 0 blocks
==730052== Rerun with --leak-check=full to see details of leaked memory
==730052== 
==730052== For lists of detected and suppressed errors, rerun with: -s
==730052== ERROR SUMMARY: 1 errors from 1 contexts (suppressed: 0 from 0)
