==735908== Memcheck, a memory error detector
==735908== Copyright (C) 2002-2022, and GNU GPL'd, by Julian Seward et al.
==735908== Using Valgrind-3.22.0 and LibVEX; rerun with -h for copyright info
==735908== Command: /home/loris/Desktop/TestRepositories/Forked/juliet-test-suite-c/Automatic/results/20260707_1536/CWE121/valgrind/bin/CWE121/bad/CWE121_Stack_Based_Buffer_Overflow__src_char_alloca_cat_34-bad
==735908== Parent PID: 735907
==735908== 
==735908== 
==735908== Process terminating with default action of signal 6 (SIGABRT)
==735908==    at 0x490DB2C: __pthread_kill_implementation (pthread_kill.c:44)
==735908==    by 0x490DB2C: __pthread_kill_internal (pthread_kill.c:78)
==735908==    by 0x490DB2C: pthread_kill@@GLIBC_2.34 (pthread_kill.c:89)
==735908==    by 0x48B427D: raise (raise.c:26)
==735908==    by 0x48978FE: abort (abort.c:79)
==735908==    by 0x48987B5: __libc_message_impl.cold (libc_fatal.c:134)
==735908==    by 0x49A5C48: __fortify_fail (fortify_fail.c:24)
==735908==    by 0x49A6ED3: __stack_chk_fail (stack_chk_fail.c:24)
==735908==    by 0x109408: CWE121_Stack_Based_Buffer_Overflow__src_char_alloca_cat_34_bad (in /home/loris/Desktop/TestRepositories/Forked/juliet-test-suite-c/Automatic/results/20260707_1536/CWE121/valgrind/bin/CWE121/bad/CWE121_Stack_Based_Buffer_Overflow__src_char_alloca_cat_34-bad)
==735908==    by 0x4141414141414140: ???
==735908==    by 0x4141414141414140: ???
==735908==    by 0x4141414141414140: ???
==735908==    by 0x1F00414140: ???
==735908==    by 0x48991C9: (below main) (libc_start_call_main.h:58)
==735908== 
==735908== HEAP SUMMARY:
==735908==     in use at exit: 4,096 bytes in 1 blocks
==735908==   total heap usage: 1 allocs, 0 frees, 4,096 bytes allocated
==735908== 
==735908== LEAK SUMMARY:
==735908==    definitely lost: 0 bytes in 0 blocks
==735908==    indirectly lost: 0 bytes in 0 blocks
==735908==      possibly lost: 0 bytes in 0 blocks
==735908==    still reachable: 4,096 bytes in 1 blocks
==735908==         suppressed: 0 bytes in 0 blocks
==735908== Rerun with --leak-check=full to see details of leaked memory
==735908== 
==735908== For lists of detected and suppressed errors, rerun with: -s
==735908== ERROR SUMMARY: 0 errors from 0 contexts (suppressed: 0 from 0)
