==727507== Memcheck, a memory error detector
==727507== Copyright (C) 2002-2022, and GNU GPL'd, by Julian Seward et al.
==727507== Using Valgrind-3.22.0 and LibVEX; rerun with -h for copyright info
==727507== Command: /home/loris/Desktop/TestRepositories/Forked/juliet-test-suite-c/Automatic/results/20260707_1536/CWE121/valgrind/bin/CWE121/bad/CWE121_Stack_Based_Buffer_Overflow__CWE805_int64_t_alloca_memcpy_03-bad
==727507== Parent PID: 727506
==727507== 
==727507== Invalid read of size 8
==727507==    at 0x10941F: CWE121_Stack_Based_Buffer_Overflow__CWE805_int64_t_alloca_memcpy_03_bad (in /home/loris/Desktop/TestRepositories/Forked/juliet-test-suite-c/Automatic/results/20260707_1536/CWE121/valgrind/bin/CWE121/bad/CWE121_Stack_Based_Buffer_Overflow__CWE805_int64_t_alloca_memcpy_03-bad)
==727507==    by 0x10947D: main (in /home/loris/Desktop/TestRepositories/Forked/juliet-test-suite-c/Automatic/results/20260707_1536/CWE121/valgrind/bin/CWE121/bad/CWE121_Stack_Based_Buffer_Overflow__CWE805_int64_t_alloca_memcpy_03-bad)
==727507==  Address 0x0 is not stack'd, malloc'd or (recently) free'd
==727507== 
==727507== 
==727507== Process terminating with default action of signal 11 (SIGSEGV)
==727507==  Access not within mapped region at address 0x0
==727507==    at 0x10941F: CWE121_Stack_Based_Buffer_Overflow__CWE805_int64_t_alloca_memcpy_03_bad (in /home/loris/Desktop/TestRepositories/Forked/juliet-test-suite-c/Automatic/results/20260707_1536/CWE121/valgrind/bin/CWE121/bad/CWE121_Stack_Based_Buffer_Overflow__CWE805_int64_t_alloca_memcpy_03-bad)
==727507==    by 0x10947D: main (in /home/loris/Desktop/TestRepositories/Forked/juliet-test-suite-c/Automatic/results/20260707_1536/CWE121/valgrind/bin/CWE121/bad/CWE121_Stack_Based_Buffer_Overflow__CWE805_int64_t_alloca_memcpy_03-bad)
==727507==  If you believe this happened as a result of a stack
==727507==  overflow in your program's main thread (unlikely but
==727507==  possible), you can try to increase the size of the
==727507==  main thread stack using the --main-stacksize= flag.
==727507==  The main thread stack size used in this run was 8388608.
==727507== 
==727507== HEAP SUMMARY:
==727507==     in use at exit: 4,096 bytes in 1 blocks
==727507==   total heap usage: 1 allocs, 0 frees, 4,096 bytes allocated
==727507== 
==727507== LEAK SUMMARY:
==727507==    definitely lost: 0 bytes in 0 blocks
==727507==    indirectly lost: 0 bytes in 0 blocks
==727507==      possibly lost: 0 bytes in 0 blocks
==727507==    still reachable: 4,096 bytes in 1 blocks
==727507==         suppressed: 0 bytes in 0 blocks
==727507== Rerun with --leak-check=full to see details of leaked memory
==727507== 
==727507== For lists of detected and suppressed errors, rerun with: -s
==727507== ERROR SUMMARY: 1 errors from 1 contexts (suppressed: 0 from 0)
