==722724== Memcheck, a memory error detector
==722724== Copyright (C) 2002-2022, and GNU GPL'd, by Julian Seward et al.
==722724== Using Valgrind-3.22.0 and LibVEX; rerun with -h for copyright info
==722724== Command: /home/loris/Desktop/TestRepositories/Forked/juliet-test-suite-c/Automatic/results/20260707_1536/CWE121/valgrind/bin/CWE121/bad/CWE121_Stack_Based_Buffer_Overflow__CWE129_listen_socket_31-bad
==722724== Parent PID: 722723
==722724== 
==722724== 
==722724== Process terminating with default action of signal 15 (SIGTERM)
==722724==    at 0x499A834: accept (accept.c:26)
==722724==    by 0x10946D: CWE121_Stack_Based_Buffer_Overflow__CWE129_listen_socket_31_bad (in /home/loris/Desktop/TestRepositories/Forked/juliet-test-suite-c/Automatic/results/20260707_1536/CWE121/valgrind/bin/CWE121/bad/CWE121_Stack_Based_Buffer_Overflow__CWE129_listen_socket_31-bad)
==722724==    by 0x10959A: main (in /home/loris/Desktop/TestRepositories/Forked/juliet-test-suite-c/Automatic/results/20260707_1536/CWE121/valgrind/bin/CWE121/bad/CWE121_Stack_Based_Buffer_Overflow__CWE129_listen_socket_31-bad)
==722724== 
==722724== HEAP SUMMARY:
==722724==     in use at exit: 4,096 bytes in 1 blocks
==722724==   total heap usage: 1 allocs, 0 frees, 4,096 bytes allocated
==722724== 
==722724== LEAK SUMMARY:
==722724==    definitely lost: 0 bytes in 0 blocks
==722724==    indirectly lost: 0 bytes in 0 blocks
==722724==      possibly lost: 0 bytes in 0 blocks
==722724==    still reachable: 4,096 bytes in 1 blocks
==722724==         suppressed: 0 bytes in 0 blocks
==722724== Rerun with --leak-check=full to see details of leaked memory
==722724== 
==722724== For lists of detected and suppressed errors, rerun with: -s
==722724== ERROR SUMMARY: 0 errors from 0 contexts (suppressed: 0 from 0)
