==734052== Memcheck, a memory error detector
==734052== Copyright (C) 2002-2022, and GNU GPL'd, by Julian Seward et al.
==734052== Using Valgrind-3.22.0 and LibVEX; rerun with -h for copyright info
==734052== Command: /home/loris/Desktop/TestRepositories/Forked/juliet-test-suite-c/Automatic/results/20260707_1536/CWE121/valgrind/bin/CWE121/bad/CWE121_Stack_Based_Buffer_Overflow__CWE806_char_declare_ncat_51-bad
==734052== Parent PID: 734051
==734052== 
==734052== Source and destination overlap in strncat(0x1ffefffdc0, 0x1ffefffe20, 99)
==734052==    at 0x484F197: strncat (in /usr/libexec/valgrind/vgpreload_memcheck-amd64-linux.so)
==734052==    by 0x109419: CWE121_Stack_Based_Buffer_Overflow__CWE806_char_declare_ncat_51b_badSink (in /home/loris/Desktop/TestRepositories/Forked/juliet-test-suite-c/Automatic/results/20260707_1536/CWE121/valgrind/bin/CWE121/bad/CWE121_Stack_Based_Buffer_Overflow__CWE806_char_declare_ncat_51-bad)
==734052==    by 0x4141414141414140: ???
==734052==    by 0x4141414141414140: ???
==734052==    by 0x4141414141414140: ???
==734052==    by 0x4141414100414140: ???
==734052==    by 0x4141414141414140: ???
==734052==    by 0x4141414141414140: ???
==734052==    by 0x4141414141414140: ???
==734052==    by 0x4141414141414140: ???
==734052==    by 0x4141414141414140: ???
==734052==    by 0x4141414141414140: ???
==734052== 
==734052== 
==734052== Process terminating with default action of signal 6 (SIGABRT)
==734052==    at 0x490DB2C: __pthread_kill_implementation (pthread_kill.c:44)
==734052==    by 0x490DB2C: __pthread_kill_internal (pthread_kill.c:78)
==734052==    by 0x490DB2C: pthread_kill@@GLIBC_2.34 (pthread_kill.c:89)
==734052==    by 0x48B427D: raise (raise.c:26)
==734052==    by 0x48978FE: abort (abort.c:79)
==734052==    by 0x48987B5: __libc_message_impl.cold (libc_fatal.c:134)
==734052==    by 0x49A5C48: __fortify_fail (fortify_fail.c:24)
==734052==    by 0x49A6ED3: __stack_chk_fail (stack_chk_fail.c:24)
==734052==    by 0x10943E: CWE121_Stack_Based_Buffer_Overflow__CWE806_char_declare_ncat_51b_badSink (in /home/loris/Desktop/TestRepositories/Forked/juliet-test-suite-c/Automatic/results/20260707_1536/CWE121/valgrind/bin/CWE121/bad/CWE121_Stack_Based_Buffer_Overflow__CWE806_char_declare_ncat_51-bad)
==734052==    by 0x4141414141414140: ???
==734052==    by 0x4141414141414140: ???
==734052==    by 0x4141414141414140: ???
==734052==    by 0x4141414100414140: ???
==734052==    by 0x4141414141414140: ???
==734052== 
==734052== HEAP SUMMARY:
==734052==     in use at exit: 4,096 bytes in 1 blocks
==734052==   total heap usage: 1 allocs, 0 frees, 4,096 bytes allocated
==734052== 
==734052== LEAK SUMMARY:
==734052==    definitely lost: 0 bytes in 0 blocks
==734052==    indirectly lost: 0 bytes in 0 blocks
==734052==      possibly lost: 0 bytes in 0 blocks
==734052==    still reachable: 4,096 bytes in 1 blocks
==734052==         suppressed: 0 bytes in 0 blocks
==734052== Rerun with --leak-check=full to see details of leaked memory
==734052== 
==734052== For lists of detected and suppressed errors, rerun with: -s
==734052== ERROR SUMMARY: 1 errors from 1 contexts (suppressed: 0 from 0)
