==733550== Memcheck, a memory error detector
==733550== Copyright (C) 2002-2022, and GNU GPL'd, by Julian Seward et al.
==733550== Using Valgrind-3.22.0 and LibVEX; rerun with -h for copyright info
==733550== Command: /home/loris/Desktop/TestRepositories/Forked/juliet-test-suite-c/Automatic/results/20260707_1536/CWE121/valgrind/bin/CWE121/bad/CWE121_Stack_Based_Buffer_Overflow__CWE806_char_declare_loop_66-bad
==733550== Parent PID: 733549
==733550== 
==733550== 
==733550== Process terminating with default action of signal 6 (SIGABRT)
==733550==    at 0x490DB2C: __pthread_kill_implementation (pthread_kill.c:44)
==733550==    by 0x490DB2C: __pthread_kill_internal (pthread_kill.c:78)
==733550==    by 0x490DB2C: pthread_kill@@GLIBC_2.34 (pthread_kill.c:89)
==733550==    by 0x48B427D: raise (raise.c:26)
==733550==    by 0x48978FE: abort (abort.c:79)
==733550==    by 0x48987B5: __libc_message_impl.cold (libc_fatal.c:134)
==733550==    by 0x49A5C48: __fortify_fail (fortify_fail.c:24)
==733550==    by 0x49A6ED3: __stack_chk_fail (stack_chk_fail.c:24)
==733550==    by 0x109469: CWE121_Stack_Based_Buffer_Overflow__CWE806_char_declare_loop_66b_badSink (in /home/loris/Desktop/TestRepositories/Forked/juliet-test-suite-c/Automatic/results/20260707_1536/CWE121/valgrind/bin/CWE121/bad/CWE121_Stack_Based_Buffer_Overflow__CWE806_char_declare_loop_66-bad)
==733550==    by 0x4141414141414140: ???
==733550==    by 0x4141414141414140: ???
==733550==    by 0x4141414141414140: ???
==733550==    by 0xFFFFFFFFFF414140: ???
==733550==    by 0xF: ???
==733550== 
==733550== HEAP SUMMARY:
==733550==     in use at exit: 4,096 bytes in 1 blocks
==733550==   total heap usage: 1 allocs, 0 frees, 4,096 bytes allocated
==733550== 
==733550== LEAK SUMMARY:
==733550==    definitely lost: 0 bytes in 0 blocks
==733550==    indirectly lost: 0 bytes in 0 blocks
==733550==      possibly lost: 0 bytes in 0 blocks
==733550==    still reachable: 4,096 bytes in 1 blocks
==733550==         suppressed: 0 bytes in 0 blocks
==733550== Rerun with --leak-check=full to see details of leaked memory
==733550== 
==733550== For lists of detected and suppressed errors, rerun with: -s
==733550== ERROR SUMMARY: 0 errors from 0 contexts (suppressed: 0 from 0)
