==729035== Memcheck, a memory error detector
==729035== Copyright (C) 2002-2022, and GNU GPL'd, by Julian Seward et al.
==729035== Using Valgrind-3.22.0 and LibVEX; rerun with -h for copyright info
==729035== Command: /home/loris/Desktop/TestRepositories/Forked/juliet-test-suite-c/Automatic/results/20260707_1536/CWE121/valgrind/bin/CWE121/bad/CWE121_Stack_Based_Buffer_Overflow__CWE805_int_alloca_memcpy_65-bad
==729035== Parent PID: 729034
==729035== 
==729035== 
==729035== Process terminating with default action of signal 6 (SIGABRT)
==729035==    at 0x490DB2C: __pthread_kill_implementation (pthread_kill.c:44)
==729035==    by 0x490DB2C: __pthread_kill_internal (pthread_kill.c:78)
==729035==    by 0x490DB2C: pthread_kill@@GLIBC_2.34 (pthread_kill.c:89)
==729035==    by 0x48B427D: raise (raise.c:26)
==729035==    by 0x48978FE: abort (abort.c:79)
==729035==    by 0x48987B5: __libc_message_impl.cold (libc_fatal.c:134)
==729035==    by 0x49A5C48: __fortify_fail (fortify_fail.c:24)
==729035==    by 0x49A6ED3: __stack_chk_fail (stack_chk_fail.c:24)
==729035==    by 0x109400: CWE121_Stack_Based_Buffer_Overflow__CWE805_int_alloca_memcpy_65_bad (in /home/loris/Desktop/TestRepositories/Forked/juliet-test-suite-c/Automatic/results/20260707_1536/CWE121/valgrind/bin/CWE121/bad/CWE121_Stack_Based_Buffer_Overflow__CWE805_int_alloca_memcpy_65-bad)
==729035== 
==729035== HEAP SUMMARY:
==729035==     in use at exit: 4,096 bytes in 1 blocks
==729035==   total heap usage: 1 allocs, 0 frees, 4,096 bytes allocated
==729035== 
==729035== LEAK SUMMARY:
==729035==    definitely lost: 0 bytes in 0 blocks
==729035==    indirectly lost: 0 bytes in 0 blocks
==729035==      possibly lost: 0 bytes in 0 blocks
==729035==    still reachable: 4,096 bytes in 1 blocks
==729035==         suppressed: 0 bytes in 0 blocks
==729035== Rerun with --leak-check=full to see details of leaked memory
==729035== 
==729035== For lists of detected and suppressed errors, rerun with: -s
==729035== ERROR SUMMARY: 0 errors from 0 contexts (suppressed: 0 from 0)
