==722332== Memcheck, a memory error detector
==722332== Copyright (C) 2002-2022, and GNU GPL'd, by Julian Seward et al.
==722332== Using Valgrind-3.22.0 and LibVEX; rerun with -h for copyright info
==722332== Command: /home/loris/Desktop/TestRepositories/Forked/juliet-test-suite-c/Automatic/results/20260707_1536/CWE121/valgrind/bin/CWE121/bad/CWE121_Stack_Based_Buffer_Overflow__CWE129_large_07-bad
==722332== Parent PID: 722331
==722332== 
==722332== 
==722332== Process terminating with default action of signal 6 (SIGABRT)
==722332==    at 0x490DB2C: __pthread_kill_implementation (pthread_kill.c:44)
==722332==    by 0x490DB2C: __pthread_kill_internal (pthread_kill.c:78)
==722332==    by 0x490DB2C: pthread_kill@@GLIBC_2.34 (pthread_kill.c:89)
==722332==    by 0x48B427D: raise (raise.c:26)
==722332==    by 0x48978FE: abort (abort.c:79)
==722332==    by 0x48987B5: __libc_message_impl.cold (libc_fatal.c:134)
==722332==    by 0x49A5C48: __fortify_fail (fortify_fail.c:24)
==722332==    by 0x49A6ED3: __stack_chk_fail (stack_chk_fail.c:24)
==722332==    by 0x109334: CWE121_Stack_Based_Buffer_Overflow__CWE129_large_07_bad (in /home/loris/Desktop/TestRepositories/Forked/juliet-test-suite-c/Automatic/results/20260707_1536/CWE121/valgrind/bin/CWE121/bad/CWE121_Stack_Based_Buffer_Overflow__CWE129_large_07-bad)
==722332==    by 0x109373: main (in /home/loris/Desktop/TestRepositories/Forked/juliet-test-suite-c/Automatic/results/20260707_1536/CWE121/valgrind/bin/CWE121/bad/CWE121_Stack_Based_Buffer_Overflow__CWE129_large_07-bad)
==722332== 
==722332== HEAP SUMMARY:
==722332==     in use at exit: 4,096 bytes in 1 blocks
==722332==   total heap usage: 1 allocs, 0 frees, 4,096 bytes allocated
==722332== 
==722332== LEAK SUMMARY:
==722332==    definitely lost: 0 bytes in 0 blocks
==722332==    indirectly lost: 0 bytes in 0 blocks
==722332==      possibly lost: 0 bytes in 0 blocks
==722332==    still reachable: 4,096 bytes in 1 blocks
==722332==         suppressed: 0 bytes in 0 blocks
==722332== Rerun with --leak-check=full to see details of leaked memory
==722332== 
==722332== For lists of detected and suppressed errors, rerun with: -s
==722332== ERROR SUMMARY: 0 errors from 0 contexts (suppressed: 0 from 0)
