==733999== Memcheck, a memory error detector
==733999== Copyright (C) 2002-2022, and GNU GPL'd, by Julian Seward et al.
==733999== Using Valgrind-3.22.0 and LibVEX; rerun with -h for copyright info
==733999== Command: /home/loris/Desktop/TestRepositories/Forked/juliet-test-suite-c/Automatic/results/20260707_1536/CWE121/valgrind/bin/CWE121/bad/CWE121_Stack_Based_Buffer_Overflow__CWE806_char_declare_ncat_13-bad
==733999== Parent PID: 733998
==733999== 
==733999== Source and destination overlap in strncat(0x1ffefffde0, 0x1ffefffe20, 99)
==733999==    at 0x484F197: strncat (in /usr/libexec/valgrind/vgpreload_memcheck-amd64-linux.so)
==733999==    by 0x1093B6: CWE121_Stack_Based_Buffer_Overflow__CWE806_char_declare_ncat_13_bad (in /home/loris/Desktop/TestRepositories/Forked/juliet-test-suite-c/Automatic/results/20260707_1536/CWE121/valgrind/bin/CWE121/bad/CWE121_Stack_Based_Buffer_Overflow__CWE806_char_declare_ncat_13-bad)
==733999==    by 0x10941D: main (in /home/loris/Desktop/TestRepositories/Forked/juliet-test-suite-c/Automatic/results/20260707_1536/CWE121/valgrind/bin/CWE121/bad/CWE121_Stack_Based_Buffer_Overflow__CWE806_char_declare_ncat_13-bad)
==733999== 
==733999== 
==733999== HEAP SUMMARY:
==733999==     in use at exit: 0 bytes in 0 blocks
==733999==   total heap usage: 1 allocs, 1 frees, 4,096 bytes allocated
==733999== 
==733999== All heap blocks were freed -- no leaks are possible
==733999== 
==733999== For lists of detected and suppressed errors, rerun with: -s
==733999== ERROR SUMMARY: 1 errors from 1 contexts (suppressed: 0 from 0)
