==734083== Memcheck, a memory error detector
==734083== Copyright (C) 2002-2022, and GNU GPL'd, by Julian Seward et al.
==734083== Using Valgrind-3.22.0 and LibVEX; rerun with -h for copyright info
==734083== Command: /home/loris/Desktop/TestRepositories/Forked/juliet-test-suite-c/Automatic/results/20260707_1536/CWE121/valgrind/bin/CWE121/bad/CWE121_Stack_Based_Buffer_Overflow__CWE806_char_declare_ncat_54-bad
==734083== Parent PID: 734082
==734083== 
==734083== 
==734083== Process terminating with default action of signal 6 (SIGABRT)
==734083==    at 0x490DB2C: __pthread_kill_implementation (pthread_kill.c:44)
==734083==    by 0x490DB2C: __pthread_kill_internal (pthread_kill.c:78)
==734083==    by 0x490DB2C: pthread_kill@@GLIBC_2.34 (pthread_kill.c:89)
==734083==    by 0x48B427D: raise (raise.c:26)
==734083==    by 0x48978FE: abort (abort.c:79)
==734083==    by 0x48987B5: __libc_message_impl.cold (libc_fatal.c:134)
==734083==    by 0x49A5C48: __fortify_fail (fortify_fail.c:24)
==734083==    by 0x49A6ED3: __stack_chk_fail (stack_chk_fail.c:24)
==734083==    by 0x10949B: CWE121_Stack_Based_Buffer_Overflow__CWE806_char_declare_ncat_54e_badSink (in /home/loris/Desktop/TestRepositories/Forked/juliet-test-suite-c/Automatic/results/20260707_1536/CWE121/valgrind/bin/CWE121/bad/CWE121_Stack_Based_Buffer_Overflow__CWE806_char_declare_ncat_54-bad)
==734083==    by 0x4141414141414140: ???
==734083==    by 0x4141414141414140: ???
==734083==    by 0x4141414141414140: ???
==734083==    by 0x1F00414140: ???
==734083==    by 0x1093DD: CWE121_Stack_Based_Buffer_Overflow__CWE806_char_declare_ncat_54c_badSink (in /home/loris/Desktop/TestRepositories/Forked/juliet-test-suite-c/Automatic/results/20260707_1536/CWE121/valgrind/bin/CWE121/bad/CWE121_Stack_Based_Buffer_Overflow__CWE806_char_declare_ncat_54-bad)
==734083== 
==734083== HEAP SUMMARY:
==734083==     in use at exit: 4,096 bytes in 1 blocks
==734083==   total heap usage: 1 allocs, 0 frees, 4,096 bytes allocated
==734083== 
==734083== LEAK SUMMARY:
==734083==    definitely lost: 0 bytes in 0 blocks
==734083==    indirectly lost: 0 bytes in 0 blocks
==734083==      possibly lost: 0 bytes in 0 blocks
==734083==    still reachable: 4,096 bytes in 1 blocks
==734083==         suppressed: 0 bytes in 0 blocks
==734083== Rerun with --leak-check=full to see details of leaked memory
==734083== 
==734083== For lists of detected and suppressed errors, rerun with: -s
==734083== ERROR SUMMARY: 0 errors from 0 contexts (suppressed: 0 from 0)
