==736418== Memcheck, a memory error detector
==736418== Copyright (C) 2002-2022, and GNU GPL'd, by Julian Seward et al.
==736418== Using Valgrind-3.22.0 and LibVEX; rerun with -h for copyright info
==736418== Command: /home/loris/Desktop/TestRepositories/Forked/juliet-test-suite-c/Automatic/results/20260707_1536/CWE121/valgrind/bin/CWE121/bad/CWE121_Stack_Based_Buffer_Overflow__src_char_alloca_cpy_61-bad
==736418== Parent PID: 736417
==736418== 
==736418== 
==736418== Process terminating with default action of signal 6 (SIGABRT)
==736418==    at 0x490DB2C: __pthread_kill_implementation (pthread_kill.c:44)
==736418==    by 0x490DB2C: __pthread_kill_internal (pthread_kill.c:78)
==736418==    by 0x490DB2C: pthread_kill@@GLIBC_2.34 (pthread_kill.c:89)
==736418==    by 0x48B427D: raise (raise.c:26)
==736418==    by 0x48978FE: abort (abort.c:79)
==736418==    by 0x48987B5: __libc_message_impl.cold (libc_fatal.c:134)
==736418==    by 0x49A5C48: __fortify_fail (fortify_fail.c:24)
==736418==    by 0x49A6ED3: __stack_chk_fail (stack_chk_fail.c:24)
==736418==    by 0x1093E7: CWE121_Stack_Based_Buffer_Overflow__src_char_alloca_cpy_61_bad (in /home/loris/Desktop/TestRepositories/Forked/juliet-test-suite-c/Automatic/results/20260707_1536/CWE121/valgrind/bin/CWE121/bad/CWE121_Stack_Based_Buffer_Overflow__src_char_alloca_cpy_61-bad)
==736418==    by 0x4141414141414140: ???
==736418==    by 0x4141414141414140: ???
==736418==    by 0x4141414141414140: ???
==736418==    by 0x1F00414140: ???
==736418==    by 0x48991C9: (below main) (libc_start_call_main.h:58)
==736418== 
==736418== HEAP SUMMARY:
==736418==     in use at exit: 4,096 bytes in 1 blocks
==736418==   total heap usage: 1 allocs, 0 frees, 4,096 bytes allocated
==736418== 
==736418== LEAK SUMMARY:
==736418==    definitely lost: 0 bytes in 0 blocks
==736418==    indirectly lost: 0 bytes in 0 blocks
==736418==      possibly lost: 0 bytes in 0 blocks
==736418==    still reachable: 4,096 bytes in 1 blocks
==736418==         suppressed: 0 bytes in 0 blocks
==736418== Rerun with --leak-check=full to see details of leaked memory
==736418== 
==736418== For lists of detected and suppressed errors, rerun with: -s
==736418== ERROR SUMMARY: 0 errors from 0 contexts (suppressed: 0 from 0)
