==731561== Memcheck, a memory error detector
==731561== Copyright (C) 2002-2022, and GNU GPL'd, by Julian Seward et al.
==731561== Using Valgrind-3.22.0 and LibVEX; rerun with -h for copyright info
==731561== Command: /home/loris/Desktop/TestRepositories/Forked/juliet-test-suite-c/Automatic/results/20260707_1536/CWE121/valgrind/bin/CWE121/bad/CWE121_Stack_Based_Buffer_Overflow__CWE806_char_alloca_memcpy_41-bad
==731561== Parent PID: 731560
==731561== 
==731561== 
==731561== Process terminating with default action of signal 6 (SIGABRT)
==731561==    at 0x490DB2C: __pthread_kill_implementation (pthread_kill.c:44)
==731561==    by 0x490DB2C: __pthread_kill_internal (pthread_kill.c:78)
==731561==    by 0x490DB2C: pthread_kill@@GLIBC_2.34 (pthread_kill.c:89)
==731561==    by 0x48B427D: raise (raise.c:26)
==731561==    by 0x48978FE: abort (abort.c:79)
==731561==    by 0x48987B5: __libc_message_impl.cold (libc_fatal.c:134)
==731561==    by 0x49A5C48: __fortify_fail (fortify_fail.c:24)
==731561==    by 0x49A6ED3: __stack_chk_fail (stack_chk_fail.c:24)
==731561==    by 0x109384: CWE121_Stack_Based_Buffer_Overflow__CWE806_char_alloca_memcpy_41_badSink (in /home/loris/Desktop/TestRepositories/Forked/juliet-test-suite-c/Automatic/results/20260707_1536/CWE121/valgrind/bin/CWE121/bad/CWE121_Stack_Based_Buffer_Overflow__CWE806_char_alloca_memcpy_41-bad)
==731561==    by 0x4141414141414140: ???
==731561==    by 0x4141414141414140: ???
==731561==    by 0x4141414141414140: ???
==731561==    by 0x4141414141414140: ???
==731561==    by 0x4141414141414140: ???
==731561== 
==731561== HEAP SUMMARY:
==731561==     in use at exit: 4,096 bytes in 1 blocks
==731561==   total heap usage: 1 allocs, 0 frees, 4,096 bytes allocated
==731561== 
==731561== LEAK SUMMARY:
==731561==    definitely lost: 0 bytes in 0 blocks
==731561==    indirectly lost: 0 bytes in 0 blocks
==731561==      possibly lost: 0 bytes in 0 blocks
==731561==    still reachable: 4,096 bytes in 1 blocks
==731561==         suppressed: 0 bytes in 0 blocks
==731561== Rerun with --leak-check=full to see details of leaked memory
==731561== 
==731561== For lists of detected and suppressed errors, rerun with: -s
==731561== ERROR SUMMARY: 0 errors from 0 contexts (suppressed: 0 from 0)
