==727061== Memcheck, a memory error detector
==727061== Copyright (C) 2002-2022, and GNU GPL'd, by Julian Seward et al.
==727061== Using Valgrind-3.22.0 and LibVEX; rerun with -h for copyright info
==727061== Command: /home/loris/Desktop/TestRepositories/Forked/juliet-test-suite-c/Automatic/results/20260707_1536/CWE121/valgrind/bin/CWE121/bad/CWE121_Stack_Based_Buffer_Overflow__CWE805_char_declare_ncpy_03-bad
==727061== Parent PID: 727060
==727061== 
==727061== Source and destination overlap in strncpy(0x1ffefffe43, 0x1ffefffe83, 99)
==727061==    at 0x484F5A0: strncpy (in /usr/libexec/valgrind/vgpreload_memcheck-amd64-linux.so)
==727061==    by 0x109333: CWE121_Stack_Based_Buffer_Overflow__CWE805_char_declare_ncpy_03_bad (in /home/loris/Desktop/TestRepositories/Forked/juliet-test-suite-c/Automatic/results/20260707_1536/CWE121/valgrind/bin/CWE121/bad/CWE121_Stack_Based_Buffer_Overflow__CWE805_char_declare_ncpy_03-bad)
==727061==    by 0x1093A4: main (in /home/loris/Desktop/TestRepositories/Forked/juliet-test-suite-c/Automatic/results/20260707_1536/CWE121/valgrind/bin/CWE121/bad/CWE121_Stack_Based_Buffer_Overflow__CWE805_char_declare_ncpy_03-bad)
==727061== 
==727061== 
==727061== HEAP SUMMARY:
==727061==     in use at exit: 0 bytes in 0 blocks
==727061==   total heap usage: 1 allocs, 1 frees, 4,096 bytes allocated
==727061== 
==727061== All heap blocks were freed -- no leaks are possible
==727061== 
==727061== For lists of detected and suppressed errors, rerun with: -s
==727061== ERROR SUMMARY: 1 errors from 1 contexts (suppressed: 0 from 0)
