==736620== Memcheck, a memory error detector
==736620== Copyright (C) 2002-2022, and GNU GPL'd, by Julian Seward et al.
==736620== Using Valgrind-3.22.0 and LibVEX; rerun with -h for copyright info
==736620== Command: /home/loris/Desktop/TestRepositories/Forked/juliet-test-suite-c/Automatic/results/20260707_1536/CWE121/valgrind/bin/CWE121/bad/CWE121_Stack_Based_Buffer_Overflow__src_char_declare_cat_61-bad
==736620== Parent PID: 736619
==736620== 
==736620== Source and destination overlap in strcat(0x1ffefffdf0, 0x1ffefffe30)
==736620==    at 0x484EFE3: strcat (in /usr/libexec/valgrind/vgpreload_memcheck-amd64-linux.so)
==736620==    by 0x109368: CWE121_Stack_Based_Buffer_Overflow__src_char_declare_cat_61_bad (in /home/loris/Desktop/TestRepositories/Forked/juliet-test-suite-c/Automatic/results/20260707_1536/CWE121/valgrind/bin/CWE121/bad/CWE121_Stack_Based_Buffer_Overflow__src_char_declare_cat_61-bad)
==736620==    by 0x1093CB: main (in /home/loris/Desktop/TestRepositories/Forked/juliet-test-suite-c/Automatic/results/20260707_1536/CWE121/valgrind/bin/CWE121/bad/CWE121_Stack_Based_Buffer_Overflow__src_char_declare_cat_61-bad)
==736620== 
==736620== 
==736620== HEAP SUMMARY:
==736620==     in use at exit: 0 bytes in 0 blocks
==736620==   total heap usage: 1 allocs, 1 frees, 4,096 bytes allocated
==736620== 
==736620== All heap blocks were freed -- no leaks are possible
==736620== 
==736620== For lists of detected and suppressed errors, rerun with: -s
==736620== ERROR SUMMARY: 1 errors from 1 contexts (suppressed: 0 from 0)
