==733993== Memcheck, a memory error detector
==733993== Copyright (C) 2002-2022, and GNU GPL'd, by Julian Seward et al.
==733993== Using Valgrind-3.22.0 and LibVEX; rerun with -h for copyright info
==733993== Command: /home/loris/Desktop/TestRepositories/Forked/juliet-test-suite-c/Automatic/results/20260707_1536/CWE121/valgrind/bin/CWE121/bad/CWE121_Stack_Based_Buffer_Overflow__CWE806_char_declare_ncat_10-bad
==733993== Parent PID: 733992
==733993== 
==733993== Source and destination overlap in strncat(0x1ffefffde0, 0x1ffefffe20, 99)
==733993==    at 0x484F197: strncat (in /usr/libexec/valgrind/vgpreload_memcheck-amd64-linux.so)
==733993==    by 0x1093B5: CWE121_Stack_Based_Buffer_Overflow__CWE806_char_declare_ncat_10_bad (in /home/loris/Desktop/TestRepositories/Forked/juliet-test-suite-c/Automatic/results/20260707_1536/CWE121/valgrind/bin/CWE121/bad/CWE121_Stack_Based_Buffer_Overflow__CWE806_char_declare_ncat_10-bad)
==733993==    by 0x10941C: main (in /home/loris/Desktop/TestRepositories/Forked/juliet-test-suite-c/Automatic/results/20260707_1536/CWE121/valgrind/bin/CWE121/bad/CWE121_Stack_Based_Buffer_Overflow__CWE806_char_declare_ncat_10-bad)
==733993== 
==733993== 
==733993== HEAP SUMMARY:
==733993==     in use at exit: 0 bytes in 0 blocks
==733993==   total heap usage: 1 allocs, 1 frees, 4,096 bytes allocated
==733993== 
==733993== All heap blocks were freed -- no leaks are possible
==733993== 
==733993== For lists of detected and suppressed errors, rerun with: -s
==733993== ERROR SUMMARY: 1 errors from 1 contexts (suppressed: 0 from 0)
