==733848== Memcheck, a memory error detector
==733848== Copyright (C) 2002-2022, and GNU GPL'd, by Julian Seward et al.
==733848== Using Valgrind-3.22.0 and LibVEX; rerun with -h for copyright info
==733848== Command: /home/loris/Desktop/TestRepositories/Forked/juliet-test-suite-c/Automatic/results/20260707_1536/CWE121/valgrind/bin/CWE121/bad/CWE121_Stack_Based_Buffer_Overflow__CWE806_char_declare_memmove_45-bad
==733848== Parent PID: 733847
==733848== 
==733848== 
==733848== Process terminating with default action of signal 6 (SIGABRT)
==733848==    at 0x490DB2C: __pthread_kill_implementation (pthread_kill.c:44)
==733848==    by 0x490DB2C: __pthread_kill_internal (pthread_kill.c:78)
==733848==    by 0x490DB2C: pthread_kill@@GLIBC_2.34 (pthread_kill.c:89)
==733848==    by 0x48B427D: raise (raise.c:26)
==733848==    by 0x48978FE: abort (abort.c:79)
==733848==    by 0x48987B5: __libc_message_impl.cold (libc_fatal.c:134)
==733848==    by 0x49A5C48: __fortify_fail (fortify_fail.c:24)
==733848==    by 0x49A6ED3: __stack_chk_fail (stack_chk_fail.c:24)
==733848==    by 0x10938B: badSink (in /home/loris/Desktop/TestRepositories/Forked/juliet-test-suite-c/Automatic/results/20260707_1536/CWE121/valgrind/bin/CWE121/bad/CWE121_Stack_Based_Buffer_Overflow__CWE806_char_declare_memmove_45-bad)
==733848==    by 0x4141414141414140: ???
==733848==    by 0x4141414141414140: ???
==733848==    by 0x4141414141414140: ???
==733848==    by 0x4141414141414140: ???
==733848==    by 0x4141414141414140: ???
==733848== 
==733848== HEAP SUMMARY:
==733848==     in use at exit: 4,096 bytes in 1 blocks
==733848==   total heap usage: 1 allocs, 0 frees, 4,096 bytes allocated
==733848== 
==733848== LEAK SUMMARY:
==733848==    definitely lost: 0 bytes in 0 blocks
==733848==    indirectly lost: 0 bytes in 0 blocks
==733848==      possibly lost: 0 bytes in 0 blocks
==733848==    still reachable: 4,096 bytes in 1 blocks
==733848==         suppressed: 0 bytes in 0 blocks
==733848== Rerun with --leak-check=full to see details of leaked memory
==733848== 
==733848== For lists of detected and suppressed errors, rerun with: -s
==733848== ERROR SUMMARY: 0 errors from 0 contexts (suppressed: 0 from 0)
