==727994== Memcheck, a memory error detector
==727994== Copyright (C) 2002-2022, and GNU GPL'd, by Julian Seward et al.
==727994== Using Valgrind-3.22.0 and LibVEX; rerun with -h for copyright info
==727994== Command: /home/loris/Desktop/TestRepositories/Forked/juliet-test-suite-c/Automatic/results/20260707_1536/CWE121/valgrind/bin/CWE121/bad/CWE121_Stack_Based_Buffer_Overflow__CWE805_int64_t_alloca_memmove_14-bad
==727994== Parent PID: 727993
==727994== 
==727994== Invalid read of size 8
==727994==    at 0x10942A: CWE121_Stack_Based_Buffer_Overflow__CWE805_int64_t_alloca_memmove_14_bad (in /home/loris/Desktop/TestRepositories/Forked/juliet-test-suite-c/Automatic/results/20260707_1536/CWE121/valgrind/bin/CWE121/bad/CWE121_Stack_Based_Buffer_Overflow__CWE805_int64_t_alloca_memmove_14-bad)
==727994==    by 0x109488: main (in /home/loris/Desktop/TestRepositories/Forked/juliet-test-suite-c/Automatic/results/20260707_1536/CWE121/valgrind/bin/CWE121/bad/CWE121_Stack_Based_Buffer_Overflow__CWE805_int64_t_alloca_memmove_14-bad)
==727994==  Address 0x0 is not stack'd, malloc'd or (recently) free'd
==727994== 
==727994== 
==727994== Process terminating with default action of signal 11 (SIGSEGV)
==727994==  Access not within mapped region at address 0x0
==727994==    at 0x10942A: CWE121_Stack_Based_Buffer_Overflow__CWE805_int64_t_alloca_memmove_14_bad (in /home/loris/Desktop/TestRepositories/Forked/juliet-test-suite-c/Automatic/results/20260707_1536/CWE121/valgrind/bin/CWE121/bad/CWE121_Stack_Based_Buffer_Overflow__CWE805_int64_t_alloca_memmove_14-bad)
==727994==    by 0x109488: main (in /home/loris/Desktop/TestRepositories/Forked/juliet-test-suite-c/Automatic/results/20260707_1536/CWE121/valgrind/bin/CWE121/bad/CWE121_Stack_Based_Buffer_Overflow__CWE805_int64_t_alloca_memmove_14-bad)
==727994==  If you believe this happened as a result of a stack
==727994==  overflow in your program's main thread (unlikely but
==727994==  possible), you can try to increase the size of the
==727994==  main thread stack using the --main-stacksize= flag.
==727994==  The main thread stack size used in this run was 8388608.
==727994== 
==727994== HEAP SUMMARY:
==727994==     in use at exit: 4,096 bytes in 1 blocks
==727994==   total heap usage: 1 allocs, 0 frees, 4,096 bytes allocated
==727994== 
==727994== LEAK SUMMARY:
==727994==    definitely lost: 0 bytes in 0 blocks
==727994==    indirectly lost: 0 bytes in 0 blocks
==727994==      possibly lost: 0 bytes in 0 blocks
==727994==    still reachable: 4,096 bytes in 1 blocks
==727994==         suppressed: 0 bytes in 0 blocks
==727994== Rerun with --leak-check=full to see details of leaked memory
==727994== 
==727994== For lists of detected and suppressed errors, rerun with: -s
==727994== ERROR SUMMARY: 1 errors from 1 contexts (suppressed: 0 from 0)
