==735651== Memcheck, a memory error detector
==735651== Copyright (C) 2002-2022, and GNU GPL'd, by Julian Seward et al.
==735651== Using Valgrind-3.22.0 and LibVEX; rerun with -h for copyright info
==735651== Command: /home/loris/Desktop/TestRepositories/Forked/juliet-test-suite-c/Automatic/results/20260707_1536/CWE121/valgrind/bin/CWE121/bad/CWE121_Stack_Based_Buffer_Overflow__dest_char_declare_cpy_32-bad
==735651== Parent PID: 735650
==735651== 
==735651== Source and destination overlap in strcpy(0x1ffefffde0, 0x1ffefffe20)
==735651==    at 0x484F413: strcpy (in /usr/libexec/valgrind/vgpreload_memcheck-amd64-linux.so)
==735651==    by 0x10937D: CWE121_Stack_Based_Buffer_Overflow__dest_char_declare_cpy_32_bad (in /home/loris/Desktop/TestRepositories/Forked/juliet-test-suite-c/Automatic/results/20260707_1536/CWE121/valgrind/bin/CWE121/bad/CWE121_Stack_Based_Buffer_Overflow__dest_char_declare_cpy_32-bad)
==735651==    by 0x1093E0: main (in /home/loris/Desktop/TestRepositories/Forked/juliet-test-suite-c/Automatic/results/20260707_1536/CWE121/valgrind/bin/CWE121/bad/CWE121_Stack_Based_Buffer_Overflow__dest_char_declare_cpy_32-bad)
==735651== 
==735651== 
==735651== HEAP SUMMARY:
==735651==     in use at exit: 0 bytes in 0 blocks
==735651==   total heap usage: 1 allocs, 1 frees, 4,096 bytes allocated
==735651== 
==735651== All heap blocks were freed -- no leaks are possible
==735651== 
==735651== For lists of detected and suppressed errors, rerun with: -s
==735651== ERROR SUMMARY: 1 errors from 1 contexts (suppressed: 0 from 0)
