==734948== Memcheck, a memory error detector
==734948== Copyright (C) 2002-2022, and GNU GPL'd, by Julian Seward et al.
==734948== Using Valgrind-3.22.0 and LibVEX; rerun with -h for copyright info
==734948== Command: /home/loris/Desktop/TestRepositories/Forked/juliet-test-suite-c/Automatic/results/20260707_1536/CWE121/valgrind/bin/CWE121/bad/CWE121_Stack_Based_Buffer_Overflow__dest_char_alloca_cat_03-bad
==734948== Parent PID: 734947
==734948== 
==734948== Source and destination overlap in strcat(0x1ffefffdd0, 0x1ffefffe30)
==734948==    at 0x484EFE3: strcat (in /usr/libexec/valgrind/vgpreload_memcheck-amd64-linux.so)
==734948==    by 0x10942C: CWE121_Stack_Based_Buffer_Overflow__dest_char_alloca_cat_03_bad (in /home/loris/Desktop/TestRepositories/Forked/juliet-test-suite-c/Automatic/results/20260707_1536/CWE121/valgrind/bin/CWE121/bad/CWE121_Stack_Based_Buffer_Overflow__dest_char_alloca_cat_03-bad)
==734948==    by 0x10948C: main (in /home/loris/Desktop/TestRepositories/Forked/juliet-test-suite-c/Automatic/results/20260707_1536/CWE121/valgrind/bin/CWE121/bad/CWE121_Stack_Based_Buffer_Overflow__dest_char_alloca_cat_03-bad)
==734948== 
==734948== Invalid read of size 1
==734948==    at 0x484F226: strlen (in /usr/libexec/valgrind/vgpreload_memcheck-amd64-linux.so)
==734948==    by 0x48F6BFC: puts (ioputs.c:35)
==734948==    by 0x1094C5: printLine (in /home/loris/Desktop/TestRepositories/Forked/juliet-test-suite-c/Automatic/results/20260707_1536/CWE121/valgrind/bin/CWE121/bad/CWE121_Stack_Based_Buffer_Overflow__dest_char_alloca_cat_03-bad)
==734948==    by 0x109438: CWE121_Stack_Based_Buffer_Overflow__dest_char_alloca_cat_03_bad (in /home/loris/Desktop/TestRepositories/Forked/juliet-test-suite-c/Automatic/results/20260707_1536/CWE121/valgrind/bin/CWE121/bad/CWE121_Stack_Based_Buffer_Overflow__dest_char_alloca_cat_03-bad)
==734948==    by 0x10948C: main (in /home/loris/Desktop/TestRepositories/Forked/juliet-test-suite-c/Automatic/results/20260707_1536/CWE121/valgrind/bin/CWE121/bad/CWE121_Stack_Based_Buffer_Overflow__dest_char_alloca_cat_03-bad)
==734948==  Address 0x4343434343434343 is not stack'd, malloc'd or (recently) free'd
==734948== 
==734948== 
==734948== Process terminating with default action of signal 11 (SIGSEGV)
==734948==  General Protection Fault
==734948==    at 0x484F226: strlen (in /usr/libexec/valgrind/vgpreload_memcheck-amd64-linux.so)
==734948==    by 0x48F6BFC: puts (ioputs.c:35)
==734948==    by 0x1094C5: printLine (in /home/loris/Desktop/TestRepositories/Forked/juliet-test-suite-c/Automatic/results/20260707_1536/CWE121/valgrind/bin/CWE121/bad/CWE121_Stack_Based_Buffer_Overflow__dest_char_alloca_cat_03-bad)
==734948==    by 0x109438: CWE121_Stack_Based_Buffer_Overflow__dest_char_alloca_cat_03_bad (in /home/loris/Desktop/TestRepositories/Forked/juliet-test-suite-c/Automatic/results/20260707_1536/CWE121/valgrind/bin/CWE121/bad/CWE121_Stack_Based_Buffer_Overflow__dest_char_alloca_cat_03-bad)
==734948==    by 0x10948C: main (in /home/loris/Desktop/TestRepositories/Forked/juliet-test-suite-c/Automatic/results/20260707_1536/CWE121/valgrind/bin/CWE121/bad/CWE121_Stack_Based_Buffer_Overflow__dest_char_alloca_cat_03-bad)
==734948== 
==734948== HEAP SUMMARY:
==734948==     in use at exit: 4,096 bytes in 1 blocks
==734948==   total heap usage: 1 allocs, 0 frees, 4,096 bytes allocated
==734948== 
==734948== LEAK SUMMARY:
==734948==    definitely lost: 0 bytes in 0 blocks
==734948==    indirectly lost: 0 bytes in 0 blocks
==734948==      possibly lost: 0 bytes in 0 blocks
==734948==    still reachable: 4,096 bytes in 1 blocks
==734948==         suppressed: 0 bytes in 0 blocks
==734948== Rerun with --leak-check=full to see details of leaked memory
==734948== 
==734948== For lists of detected and suppressed errors, rerun with: -s
==734948== ERROR SUMMARY: 2 errors from 2 contexts (suppressed: 0 from 0)
