==726480== Memcheck, a memory error detector
==726480== Copyright (C) 2002-2022, and GNU GPL'd, by Julian Seward et al.
==726480== Using Valgrind-3.22.0 and LibVEX; rerun with -h for copyright info
==726480== Command: /home/loris/Desktop/TestRepositories/Forked/juliet-test-suite-c/Automatic/results/20260707_1536/CWE121/valgrind/bin/CWE121/bad/CWE121_Stack_Based_Buffer_Overflow__CWE805_char_alloca_snprintf_01-bad
==726480== Parent PID: 726479
==726480== 
==726480== Invalid read of size 1
==726480==    at 0x484F226: strlen (in /usr/libexec/valgrind/vgpreload_memcheck-amd64-linux.so)
==726480==    by 0x48F6BFC: puts (ioputs.c:35)
==726480==    by 0x1094D6: printLine (in /home/loris/Desktop/TestRepositories/Forked/juliet-test-suite-c/Automatic/results/20260707_1536/CWE121/valgrind/bin/CWE121/bad/CWE121_Stack_Based_Buffer_Overflow__CWE805_char_alloca_snprintf_01-bad)
==726480==    by 0x109449: CWE121_Stack_Based_Buffer_Overflow__CWE805_char_alloca_snprintf_01_bad (in /home/loris/Desktop/TestRepositories/Forked/juliet-test-suite-c/Automatic/results/20260707_1536/CWE121/valgrind/bin/CWE121/bad/CWE121_Stack_Based_Buffer_Overflow__CWE805_char_alloca_snprintf_01-bad)
==726480==    by 0x10949D: main (in /home/loris/Desktop/TestRepositories/Forked/juliet-test-suite-c/Automatic/results/20260707_1536/CWE121/valgrind/bin/CWE121/bad/CWE121_Stack_Based_Buffer_Overflow__CWE805_char_alloca_snprintf_01-bad)
==726480==  Address 0x4343434343434343 is not stack'd, malloc'd or (recently) free'd
==726480== 
==726480== 
==726480== Process terminating with default action of signal 11 (SIGSEGV)
==726480==  General Protection Fault
==726480==    at 0x484F226: strlen (in /usr/libexec/valgrind/vgpreload_memcheck-amd64-linux.so)
==726480==    by 0x48F6BFC: puts (ioputs.c:35)
==726480==    by 0x1094D6: printLine (in /home/loris/Desktop/TestRepositories/Forked/juliet-test-suite-c/Automatic/results/20260707_1536/CWE121/valgrind/bin/CWE121/bad/CWE121_Stack_Based_Buffer_Overflow__CWE805_char_alloca_snprintf_01-bad)
==726480==    by 0x109449: CWE121_Stack_Based_Buffer_Overflow__CWE805_char_alloca_snprintf_01_bad (in /home/loris/Desktop/TestRepositories/Forked/juliet-test-suite-c/Automatic/results/20260707_1536/CWE121/valgrind/bin/CWE121/bad/CWE121_Stack_Based_Buffer_Overflow__CWE805_char_alloca_snprintf_01-bad)
==726480==    by 0x10949D: main (in /home/loris/Desktop/TestRepositories/Forked/juliet-test-suite-c/Automatic/results/20260707_1536/CWE121/valgrind/bin/CWE121/bad/CWE121_Stack_Based_Buffer_Overflow__CWE805_char_alloca_snprintf_01-bad)
==726480== 
==726480== HEAP SUMMARY:
==726480==     in use at exit: 4,096 bytes in 1 blocks
==726480==   total heap usage: 1 allocs, 0 frees, 4,096 bytes allocated
==726480== 
==726480== LEAK SUMMARY:
==726480==    definitely lost: 0 bytes in 0 blocks
==726480==    indirectly lost: 0 bytes in 0 blocks
==726480==      possibly lost: 0 bytes in 0 blocks
==726480==    still reachable: 4,096 bytes in 1 blocks
==726480==         suppressed: 0 bytes in 0 blocks
==726480== Rerun with --leak-check=full to see details of leaked memory
==726480== 
==726480== For lists of detected and suppressed errors, rerun with: -s
==726480== ERROR SUMMARY: 1 errors from 1 contexts (suppressed: 0 from 0)
