==729895== Memcheck, a memory error detector
==729895== Copyright (C) 2002-2022, and GNU GPL'd, by Julian Seward et al.
==729895== Using Valgrind-3.22.0 and LibVEX; rerun with -h for copyright info
==729895== Command: /home/loris/Desktop/TestRepositories/Forked/juliet-test-suite-c/Automatic/results/20260707_1536/CWE121/valgrind/bin/CWE121/bad/CWE121_Stack_Based_Buffer_Overflow__CWE805_struct_alloca_loop_64-bad
==729895== Parent PID: 729892
==729895== 
==729895== 
==729895== Process terminating with default action of signal 6 (SIGABRT)
==729895==    at 0x490DB2C: __pthread_kill_implementation (pthread_kill.c:44)
==729895==    by 0x490DB2C: __pthread_kill_internal (pthread_kill.c:78)
==729895==    by 0x490DB2C: pthread_kill@@GLIBC_2.34 (pthread_kill.c:89)
==729895==    by 0x48B427D: raise (raise.c:26)
==729895==    by 0x48978FE: abort (abort.c:79)
==729895==    by 0x48987B5: __libc_message_impl.cold (libc_fatal.c:134)
==729895==    by 0x49A5C48: __fortify_fail (fortify_fail.c:24)
==729895==    by 0x49A6ED3: __stack_chk_fail (stack_chk_fail.c:24)
==729895==    by 0x1093D4: CWE121_Stack_Based_Buffer_Overflow__CWE805_struct_alloca_loop_64_bad (in /home/loris/Desktop/TestRepositories/Forked/juliet-test-suite-c/Automatic/results/20260707_1536/CWE121/valgrind/bin/CWE121/bad/CWE121_Stack_Based_Buffer_Overflow__CWE805_struct_alloca_loop_64-bad)
==729895== 
==729895== HEAP SUMMARY:
==729895==     in use at exit: 4,096 bytes in 1 blocks
==729895==   total heap usage: 1 allocs, 0 frees, 4,096 bytes allocated
==729895== 
==729895== LEAK SUMMARY:
==729895==    definitely lost: 0 bytes in 0 blocks
==729895==    indirectly lost: 0 bytes in 0 blocks
==729895==      possibly lost: 0 bytes in 0 blocks
==729895==    still reachable: 4,096 bytes in 1 blocks
==729895==         suppressed: 0 bytes in 0 blocks
==729895== Rerun with --leak-check=full to see details of leaked memory
==729895== 
==729895== For lists of detected and suppressed errors, rerun with: -s
==729895== ERROR SUMMARY: 0 errors from 0 contexts (suppressed: 0 from 0)
