==722989== Memcheck, a memory error detector
==722989== Copyright (C) 2002-2022, and GNU GPL'd, by Julian Seward et al.
==722989== Using Valgrind-3.22.0 and LibVEX; rerun with -h for copyright info
==722989== Command: /home/loris/Desktop/TestRepositories/Forked/juliet-test-suite-c/Automatic/results/20260707_1536/CWE121/valgrind/bin/CWE121/bad/CWE121_Stack_Based_Buffer_Overflow__CWE131_loop_07-bad
==722989== Parent PID: 722986
==722989== 
==722989== Invalid write of size 4
==722989==    at 0x109373: CWE121_Stack_Based_Buffer_Overflow__CWE131_loop_07_bad (in /home/loris/Desktop/TestRepositories/Forked/juliet-test-suite-c/Automatic/results/20260707_1536/CWE121/valgrind/bin/CWE121/bad/CWE121_Stack_Based_Buffer_Overflow__CWE131_loop_07-bad)
==722989==    by 0x1093E1: main (in /home/loris/Desktop/TestRepositories/Forked/juliet-test-suite-c/Automatic/results/20260707_1536/CWE121/valgrind/bin/CWE121/bad/CWE121_Stack_Based_Buffer_Overflow__CWE131_loop_07-bad)
==722989==  Address 0x1f00000024 is not stack'd, malloc'd or (recently) free'd
==722989== 
==722989== 
==722989== Process terminating with default action of signal 11 (SIGSEGV)
==722989==  Access not within mapped region at address 0x1F00000024
==722989==    at 0x109373: CWE121_Stack_Based_Buffer_Overflow__CWE131_loop_07_bad (in /home/loris/Desktop/TestRepositories/Forked/juliet-test-suite-c/Automatic/results/20260707_1536/CWE121/valgrind/bin/CWE121/bad/CWE121_Stack_Based_Buffer_Overflow__CWE131_loop_07-bad)
==722989==    by 0x1093E1: main (in /home/loris/Desktop/TestRepositories/Forked/juliet-test-suite-c/Automatic/results/20260707_1536/CWE121/valgrind/bin/CWE121/bad/CWE121_Stack_Based_Buffer_Overflow__CWE131_loop_07-bad)
==722989==  If you believe this happened as a result of a stack
==722989==  overflow in your program's main thread (unlikely but
==722989==  possible), you can try to increase the size of the
==722989==  main thread stack using the --main-stacksize= flag.
==722989==  The main thread stack size used in this run was 8388608.
==722989== 
==722989== HEAP SUMMARY:
==722989==     in use at exit: 4,096 bytes in 1 blocks
==722989==   total heap usage: 1 allocs, 0 frees, 4,096 bytes allocated
==722989== 
==722989== LEAK SUMMARY:
==722989==    definitely lost: 0 bytes in 0 blocks
==722989==    indirectly lost: 0 bytes in 0 blocks
==722989==      possibly lost: 0 bytes in 0 blocks
==722989==    still reachable: 4,096 bytes in 1 blocks
==722989==         suppressed: 0 bytes in 0 blocks
==722989== Rerun with --leak-check=full to see details of leaked memory
==722989== 
==722989== For lists of detected and suppressed errors, rerun with: -s
==722989== ERROR SUMMARY: 1 errors from 1 contexts (suppressed: 0 from 0)
