==717383== Memcheck, a memory error detector
==717383== Copyright (C) 2002-2022, and GNU GPL'd, by Julian Seward et al.
==717383== Using Valgrind-3.22.0 and LibVEX; rerun with -h for copyright info
==717383== Command: /home/loris/Desktop/TestRepositories/Forked/juliet-test-suite-c/Automatic/results/20260707_1536/CWE121/valgrind/bin/CWE121/good/CWE121_Stack_Based_Buffer_Overflow__CWE129_listen_socket_64-good
==717383== Parent PID: 717382
==717383== 
==717383== 
==717383== Process terminating with default action of signal 15 (SIGTERM)
==717383==    at 0x499A834: accept (accept.c:26)
==717383==    by 0x1094B9: goodB2G (in /home/loris/Desktop/TestRepositories/Forked/juliet-test-suite-c/Automatic/results/20260707_1536/CWE121/valgrind/bin/CWE121/good/CWE121_Stack_Based_Buffer_Overflow__CWE129_listen_socket_64-good)
==717383==    by 0x10956D: CWE121_Stack_Based_Buffer_Overflow__CWE129_listen_socket_64_good (in /home/loris/Desktop/TestRepositories/Forked/juliet-test-suite-c/Automatic/results/20260707_1536/CWE121/valgrind/bin/CWE121/good/CWE121_Stack_Based_Buffer_Overflow__CWE129_listen_socket_64-good)
==717383==    by 0x1095AD: main (in /home/loris/Desktop/TestRepositories/Forked/juliet-test-suite-c/Automatic/results/20260707_1536/CWE121/valgrind/bin/CWE121/good/CWE121_Stack_Based_Buffer_Overflow__CWE129_listen_socket_64-good)
==717383== 
==717383== HEAP SUMMARY:
==717383==     in use at exit: 4,096 bytes in 1 blocks
==717383==   total heap usage: 1 allocs, 0 frees, 4,096 bytes allocated
==717383== 
==717383== LEAK SUMMARY:
==717383==    definitely lost: 0 bytes in 0 blocks
==717383==    indirectly lost: 0 bytes in 0 blocks
==717383==      possibly lost: 0 bytes in 0 blocks
==717383==    still reachable: 4,096 bytes in 1 blocks
==717383==         suppressed: 0 bytes in 0 blocks
==717383== Rerun with --leak-check=full to see details of leaked memory
==717383== 
==717383== For lists of detected and suppressed errors, rerun with: -s
==717383== ERROR SUMMARY: 0 errors from 0 contexts (suppressed: 0 from 0)
