==725806== Memcheck, a memory error detector
==725806== Copyright (C) 2002-2022, and GNU GPL'd, by Julian Seward et al.
==725806== Using Valgrind-3.22.0 and LibVEX; rerun with -h for copyright info
==725806== Command: /home/loris/Desktop/TestRepositories/Forked/juliet-test-suite-c/Automatic/results/20260707_1536/CWE121/valgrind/bin/CWE121/bad/CWE121_Stack_Based_Buffer_Overflow__CWE805_char_alloca_memmove_53-bad
==725806== Parent PID: 725805
==725806== 
==725806== 
==725806== Process terminating with default action of signal 6 (SIGABRT)
==725806==    at 0x490DB2C: __pthread_kill_implementation (pthread_kill.c:44)
==725806==    by 0x490DB2C: __pthread_kill_internal (pthread_kill.c:78)
==725806==    by 0x490DB2C: pthread_kill@@GLIBC_2.34 (pthread_kill.c:89)
==725806==    by 0x48B427D: raise (raise.c:26)
==725806==    by 0x48978FE: abort (abort.c:79)
==725806==    by 0x48987B5: __libc_message_impl.cold (libc_fatal.c:134)
==725806==    by 0x49A5C48: __fortify_fail (fortify_fail.c:24)
==725806==    by 0x49A6ED3: __stack_chk_fail (stack_chk_fail.c:24)
==725806==    by 0x109417: CWE121_Stack_Based_Buffer_Overflow__CWE805_char_alloca_memmove_53_bad (in /home/loris/Desktop/TestRepositories/Forked/juliet-test-suite-c/Automatic/results/20260707_1536/CWE121/valgrind/bin/CWE121/bad/CWE121_Stack_Based_Buffer_Overflow__CWE805_char_alloca_memmove_53-bad)
==725806==    by 0x109456: main (in /home/loris/Desktop/TestRepositories/Forked/juliet-test-suite-c/Automatic/results/20260707_1536/CWE121/valgrind/bin/CWE121/bad/CWE121_Stack_Based_Buffer_Overflow__CWE805_char_alloca_memmove_53-bad)
==725806== 
==725806== HEAP SUMMARY:
==725806==     in use at exit: 4,096 bytes in 1 blocks
==725806==   total heap usage: 1 allocs, 0 frees, 4,096 bytes allocated
==725806== 
==725806== LEAK SUMMARY:
==725806==    definitely lost: 0 bytes in 0 blocks
==725806==    indirectly lost: 0 bytes in 0 blocks
==725806==      possibly lost: 0 bytes in 0 blocks
==725806==    still reachable: 4,096 bytes in 1 blocks
==725806==         suppressed: 0 bytes in 0 blocks
==725806== Rerun with --leak-check=full to see details of leaked memory
==725806== 
==725806== For lists of detected and suppressed errors, rerun with: -s
==725806== ERROR SUMMARY: 0 errors from 0 contexts (suppressed: 0 from 0)
