==727023== Memcheck, a memory error detector
==727023== Copyright (C) 2002-2022, and GNU GPL'd, by Julian Seward et al.
==727023== Using Valgrind-3.22.0 and LibVEX; rerun with -h for copyright info
==727023== Command: /home/loris/Desktop/TestRepositories/Forked/juliet-test-suite-c/Automatic/results/20260707_1536/CWE121/valgrind/bin/CWE121/bad/CWE121_Stack_Based_Buffer_Overflow__CWE805_char_declare_ncat_18-bad
==727023== Parent PID: 727022
==727023== 
==727023== Source and destination overlap in strncat(0x1ffefffde0, 0x1ffefffe20, 100)
==727023==    at 0x484F197: strncat (in /usr/libexec/valgrind/vgpreload_memcheck-amd64-linux.so)
==727023==    by 0x109334: CWE121_Stack_Based_Buffer_Overflow__CWE805_char_declare_ncat_18_bad (in /home/loris/Desktop/TestRepositories/Forked/juliet-test-suite-c/Automatic/results/20260707_1536/CWE121/valgrind/bin/CWE121/bad/CWE121_Stack_Based_Buffer_Overflow__CWE805_char_declare_ncat_18-bad)
==727023==    by 0x109397: main (in /home/loris/Desktop/TestRepositories/Forked/juliet-test-suite-c/Automatic/results/20260707_1536/CWE121/valgrind/bin/CWE121/bad/CWE121_Stack_Based_Buffer_Overflow__CWE805_char_declare_ncat_18-bad)
==727023== 
==727023== 
==727023== HEAP SUMMARY:
==727023==     in use at exit: 0 bytes in 0 blocks
==727023==   total heap usage: 1 allocs, 1 frees, 4,096 bytes allocated
==727023== 
==727023== All heap blocks were freed -- no leaks are possible
==727023== 
==727023== For lists of detected and suppressed errors, rerun with: -s
==727023== ERROR SUMMARY: 1 errors from 1 contexts (suppressed: 0 from 0)
