==722540== Memcheck, a memory error detector
==722540== Copyright (C) 2002-2022, and GNU GPL'd, by Julian Seward et al.
==722540== Using Valgrind-3.22.0 and LibVEX; rerun with -h for copyright info
==722540== Command: /home/loris/Desktop/TestRepositories/Forked/juliet-test-suite-c/Automatic/results/20260707_1536/CWE121/valgrind/bin/CWE121/bad/CWE121_Stack_Based_Buffer_Overflow__CWE129_large_44-bad
==722540== Parent PID: 722539
==722540== 
==722540== 
==722540== Process terminating with default action of signal 6 (SIGABRT)
==722540==    at 0x490DB2C: __pthread_kill_implementation (pthread_kill.c:44)
==722540==    by 0x490DB2C: __pthread_kill_internal (pthread_kill.c:78)
==722540==    by 0x490DB2C: pthread_kill@@GLIBC_2.34 (pthread_kill.c:89)
==722540==    by 0x48B427D: raise (raise.c:26)
==722540==    by 0x48978FE: abort (abort.c:79)
==722540==    by 0x48987B5: __libc_message_impl.cold (libc_fatal.c:134)
==722540==    by 0x49A5C48: __fortify_fail (fortify_fail.c:24)
==722540==    by 0x49A6ED3: __stack_chk_fail (stack_chk_fail.c:24)
==722540==    by 0x109313: badSink (in /home/loris/Desktop/TestRepositories/Forked/juliet-test-suite-c/Automatic/results/20260707_1536/CWE121/valgrind/bin/CWE121/bad/CWE121_Stack_Based_Buffer_Overflow__CWE129_large_44-bad)
==722540==    by 0x109345: CWE121_Stack_Based_Buffer_Overflow__CWE129_large_44_bad (in /home/loris/Desktop/TestRepositories/Forked/juliet-test-suite-c/Automatic/results/20260707_1536/CWE121/valgrind/bin/CWE121/bad/CWE121_Stack_Based_Buffer_Overflow__CWE129_large_44-bad)
==722540==    by 0x109385: main (in /home/loris/Desktop/TestRepositories/Forked/juliet-test-suite-c/Automatic/results/20260707_1536/CWE121/valgrind/bin/CWE121/bad/CWE121_Stack_Based_Buffer_Overflow__CWE129_large_44-bad)
==722540== 
==722540== HEAP SUMMARY:
==722540==     in use at exit: 4,096 bytes in 1 blocks
==722540==   total heap usage: 1 allocs, 0 frees, 4,096 bytes allocated
==722540== 
==722540== LEAK SUMMARY:
==722540==    definitely lost: 0 bytes in 0 blocks
==722540==    indirectly lost: 0 bytes in 0 blocks
==722540==      possibly lost: 0 bytes in 0 blocks
==722540==    still reachable: 4,096 bytes in 1 blocks
==722540==         suppressed: 0 bytes in 0 blocks
==722540== Rerun with --leak-check=full to see details of leaked memory
==722540== 
==722540== For lists of detected and suppressed errors, rerun with: -s
==722540== ERROR SUMMARY: 0 errors from 0 contexts (suppressed: 0 from 0)
