==722712== Memcheck, a memory error detector
==722712== Copyright (C) 2002-2022, and GNU GPL'd, by Julian Seward et al.
==722712== Using Valgrind-3.22.0 and LibVEX; rerun with -h for copyright info
==722712== Command: /home/loris/Desktop/TestRepositories/Forked/juliet-test-suite-c/Automatic/results/20260707_1536/CWE121/valgrind/bin/CWE121/bad/CWE121_Stack_Based_Buffer_Overflow__CWE129_listen_socket_15-bad
==722712== Parent PID: 722711
==722712== 
==722712== 
==722712== Process terminating with default action of signal 15 (SIGTERM)
==722712==    at 0x499A834: accept (accept.c:26)
==722712==    by 0x10946D: CWE121_Stack_Based_Buffer_Overflow__CWE129_listen_socket_15_bad (in /home/loris/Desktop/TestRepositories/Forked/juliet-test-suite-c/Automatic/results/20260707_1536/CWE121/valgrind/bin/CWE121/bad/CWE121_Stack_Based_Buffer_Overflow__CWE129_listen_socket_15-bad)
==722712==    by 0x109590: main (in /home/loris/Desktop/TestRepositories/Forked/juliet-test-suite-c/Automatic/results/20260707_1536/CWE121/valgrind/bin/CWE121/bad/CWE121_Stack_Based_Buffer_Overflow__CWE129_listen_socket_15-bad)
==722712== 
==722712== HEAP SUMMARY:
==722712==     in use at exit: 4,096 bytes in 1 blocks
==722712==   total heap usage: 1 allocs, 0 frees, 4,096 bytes allocated
==722712== 
==722712== LEAK SUMMARY:
==722712==    definitely lost: 0 bytes in 0 blocks
==722712==    indirectly lost: 0 bytes in 0 blocks
==722712==      possibly lost: 0 bytes in 0 blocks
==722712==    still reachable: 4,096 bytes in 1 blocks
==722712==         suppressed: 0 bytes in 0 blocks
==722712== Rerun with --leak-check=full to see details of leaked memory
==722712== 
==722712== For lists of detected and suppressed errors, rerun with: -s
==722712== ERROR SUMMARY: 0 errors from 0 contexts (suppressed: 0 from 0)
