==734176== Memcheck, a memory error detector
==734176== Copyright (C) 2002-2022, and GNU GPL'd, by Julian Seward et al.
==734176== Using Valgrind-3.22.0 and LibVEX; rerun with -h for copyright info
==734176== Command: /home/loris/Desktop/TestRepositories/Forked/juliet-test-suite-c/Automatic/results/20260707_1536/CWE121/valgrind/bin/CWE121/bad/CWE121_Stack_Based_Buffer_Overflow__CWE806_char_declare_ncpy_05-bad
==734176== Parent PID: 734175
==734176== 
==734176== Source and destination overlap in strncpy(0x1ffefffe43, 0x1ffefffe83, 99)
==734176==    at 0x484F5A0: strncpy (in /usr/libexec/valgrind/vgpreload_memcheck-amd64-linux.so)
==734176==    by 0x1093B5: CWE121_Stack_Based_Buffer_Overflow__CWE806_char_declare_ncpy_05_bad (in /home/loris/Desktop/TestRepositories/Forked/juliet-test-suite-c/Automatic/results/20260707_1536/CWE121/valgrind/bin/CWE121/bad/CWE121_Stack_Based_Buffer_Overflow__CWE806_char_declare_ncpy_05-bad)
==734176==    by 0x10941C: main (in /home/loris/Desktop/TestRepositories/Forked/juliet-test-suite-c/Automatic/results/20260707_1536/CWE121/valgrind/bin/CWE121/bad/CWE121_Stack_Based_Buffer_Overflow__CWE806_char_declare_ncpy_05-bad)
==734176== 
==734176== 
==734176== HEAP SUMMARY:
==734176==     in use at exit: 0 bytes in 0 blocks
==734176==   total heap usage: 1 allocs, 1 frees, 4,096 bytes allocated
==734176== 
==734176== All heap blocks were freed -- no leaks are possible
==734176== 
==734176== For lists of detected and suppressed errors, rerun with: -s
==734176== ERROR SUMMARY: 1 errors from 1 contexts (suppressed: 0 from 0)
