==725314== Memcheck, a memory error detector
==725314== Copyright (C) 2002-2022, and GNU GPL'd, by Julian Seward et al.
==725314== Using Valgrind-3.22.0 and LibVEX; rerun with -h for copyright info
==725314== Command: /home/loris/Desktop/TestRepositories/Forked/juliet-test-suite-c/Automatic/results/20260707_1536/CWE121/valgrind/bin/CWE121/bad/CWE121_Stack_Based_Buffer_Overflow__CWE805_char_alloca_memcpy_06-bad
==725314== Parent PID: 725313
==725314== 
==725314== Invalid write of size 1
==725314==    at 0x109485: CWE121_Stack_Based_Buffer_Overflow__CWE805_char_alloca_memcpy_06_bad (in /home/loris/Desktop/TestRepositories/Forked/juliet-test-suite-c/Automatic/results/20260707_1536/CWE121/valgrind/bin/CWE121/bad/CWE121_Stack_Based_Buffer_Overflow__CWE805_char_alloca_memcpy_06-bad)
==725314==    by 0x1094EE: main (in /home/loris/Desktop/TestRepositories/Forked/juliet-test-suite-c/Automatic/results/20260707_1536/CWE121/valgrind/bin/CWE121/bad/CWE121_Stack_Based_Buffer_Overflow__CWE805_char_alloca_memcpy_06-bad)
==725314==  Address 0x43434343434343a6 is not stack'd, malloc'd or (recently) free'd
==725314== 
==725314== 
==725314== Process terminating with default action of signal 11 (SIGSEGV)
==725314==  General Protection Fault
==725314==    at 0x109485: CWE121_Stack_Based_Buffer_Overflow__CWE805_char_alloca_memcpy_06_bad (in /home/loris/Desktop/TestRepositories/Forked/juliet-test-suite-c/Automatic/results/20260707_1536/CWE121/valgrind/bin/CWE121/bad/CWE121_Stack_Based_Buffer_Overflow__CWE805_char_alloca_memcpy_06-bad)
==725314==    by 0x1094EE: main (in /home/loris/Desktop/TestRepositories/Forked/juliet-test-suite-c/Automatic/results/20260707_1536/CWE121/valgrind/bin/CWE121/bad/CWE121_Stack_Based_Buffer_Overflow__CWE805_char_alloca_memcpy_06-bad)
==725314== 
==725314== HEAP SUMMARY:
==725314==     in use at exit: 4,096 bytes in 1 blocks
==725314==   total heap usage: 1 allocs, 0 frees, 4,096 bytes allocated
==725314== 
==725314== LEAK SUMMARY:
==725314==    definitely lost: 0 bytes in 0 blocks
==725314==    indirectly lost: 0 bytes in 0 blocks
==725314==      possibly lost: 0 bytes in 0 blocks
==725314==    still reachable: 4,096 bytes in 1 blocks
==725314==         suppressed: 0 bytes in 0 blocks
==725314== Rerun with --leak-check=full to see details of leaked memory
==725314== 
==725314== For lists of detected and suppressed errors, rerun with: -s
==725314== ERROR SUMMARY: 1 errors from 1 contexts (suppressed: 0 from 0)
