==722700== Memcheck, a memory error detector
==722700== Copyright (C) 2002-2022, and GNU GPL'd, by Julian Seward et al.
==722700== Using Valgrind-3.22.0 and LibVEX; rerun with -h for copyright info
==722700== Command: /home/loris/Desktop/TestRepositories/Forked/juliet-test-suite-c/Automatic/results/20260707_1536/CWE121/valgrind/bin/CWE121/bad/CWE121_Stack_Based_Buffer_Overflow__CWE129_listen_socket_09-bad
==722700== Parent PID: 722699
==722700== 
==722700== 
==722700== Process terminating with default action of signal 15 (SIGTERM)
==722700==    at 0x499A834: accept (accept.c:26)
==722700==    by 0x10947B: CWE121_Stack_Based_Buffer_Overflow__CWE129_listen_socket_09_bad (in /home/loris/Desktop/TestRepositories/Forked/juliet-test-suite-c/Automatic/results/20260707_1536/CWE121/valgrind/bin/CWE121/bad/CWE121_Stack_Based_Buffer_Overflow__CWE129_listen_socket_09-bad)
==722700==    by 0x1095A6: main (in /home/loris/Desktop/TestRepositories/Forked/juliet-test-suite-c/Automatic/results/20260707_1536/CWE121/valgrind/bin/CWE121/bad/CWE121_Stack_Based_Buffer_Overflow__CWE129_listen_socket_09-bad)
==722700== 
==722700== HEAP SUMMARY:
==722700==     in use at exit: 4,096 bytes in 1 blocks
==722700==   total heap usage: 1 allocs, 0 frees, 4,096 bytes allocated
==722700== 
==722700== LEAK SUMMARY:
==722700==    definitely lost: 0 bytes in 0 blocks
==722700==    indirectly lost: 0 bytes in 0 blocks
==722700==      possibly lost: 0 bytes in 0 blocks
==722700==    still reachable: 4,096 bytes in 1 blocks
==722700==         suppressed: 0 bytes in 0 blocks
==722700== Rerun with --leak-check=full to see details of leaked memory
==722700== 
==722700== For lists of detected and suppressed errors, rerun with: -s
==722700== ERROR SUMMARY: 0 errors from 0 contexts (suppressed: 0 from 0)
