==733743== Memcheck, a memory error detector
==733743== Copyright (C) 2002-2022, and GNU GPL'd, by Julian Seward et al.
==733743== Using Valgrind-3.22.0 and LibVEX; rerun with -h for copyright info
==733743== Command: /home/loris/Desktop/TestRepositories/Forked/juliet-test-suite-c/Automatic/results/20260707_1536/CWE121/valgrind/bin/CWE121/bad/CWE121_Stack_Based_Buffer_Overflow__CWE806_char_declare_memcpy_66-bad
==733743== Parent PID: 733742
==733743== 
==733743== 
==733743== Process terminating with default action of signal 6 (SIGABRT)
==733743==    at 0x490DB2C: __pthread_kill_implementation (pthread_kill.c:44)
==733743==    by 0x490DB2C: __pthread_kill_internal (pthread_kill.c:78)
==733743==    by 0x490DB2C: pthread_kill@@GLIBC_2.34 (pthread_kill.c:89)
==733743==    by 0x48B427D: raise (raise.c:26)
==733743==    by 0x48978FE: abort (abort.c:79)
==733743==    by 0x48987B5: __libc_message_impl.cold (libc_fatal.c:134)
==733743==    by 0x49A5C48: __fortify_fail (fortify_fail.c:24)
==733743==    by 0x49A6ED3: __stack_chk_fail (stack_chk_fail.c:24)
==733743==    by 0x109467: CWE121_Stack_Based_Buffer_Overflow__CWE806_char_declare_memcpy_66b_badSink (in /home/loris/Desktop/TestRepositories/Forked/juliet-test-suite-c/Automatic/results/20260707_1536/CWE121/valgrind/bin/CWE121/bad/CWE121_Stack_Based_Buffer_Overflow__CWE806_char_declare_memcpy_66-bad)
==733743==    by 0x4141414141414140: ???
==733743==    by 0x4141414141414140: ???
==733743==    by 0x4141414141414140: ???
==733743==    by 0xFFFFFFFFFF414140: ???
==733743==    by 0xF: ???
==733743== 
==733743== HEAP SUMMARY:
==733743==     in use at exit: 4,096 bytes in 1 blocks
==733743==   total heap usage: 1 allocs, 0 frees, 4,096 bytes allocated
==733743== 
==733743== LEAK SUMMARY:
==733743==    definitely lost: 0 bytes in 0 blocks
==733743==    indirectly lost: 0 bytes in 0 blocks
==733743==      possibly lost: 0 bytes in 0 blocks
==733743==    still reachable: 4,096 bytes in 1 blocks
==733743==         suppressed: 0 bytes in 0 blocks
==733743== Rerun with --leak-check=full to see details of leaked memory
==733743== 
==733743== For lists of detected and suppressed errors, rerun with: -s
==733743== ERROR SUMMARY: 0 errors from 0 contexts (suppressed: 0 from 0)
