==725576== Memcheck, a memory error detector
==725576== Copyright (C) 2002-2022, and GNU GPL'd, by Julian Seward et al.
==725576== Using Valgrind-3.22.0 and LibVEX; rerun with -h for copyright info
==725576== Command: /home/loris/Desktop/TestRepositories/Forked/juliet-test-suite-c/Automatic/results/20260707_1536/CWE121/valgrind/bin/CWE121/bad/CWE121_Stack_Based_Buffer_Overflow__CWE805_char_alloca_memmove_02-bad
==725576== Parent PID: 725575
==725576== 
==725576== Invalid write of size 1
==725576==    at 0x10943A: CWE121_Stack_Based_Buffer_Overflow__CWE805_char_alloca_memmove_02_bad (in /home/loris/Desktop/TestRepositories/Forked/juliet-test-suite-c/Automatic/results/20260707_1536/CWE121/valgrind/bin/CWE121/bad/CWE121_Stack_Based_Buffer_Overflow__CWE805_char_alloca_memmove_02-bad)
==725576==    by 0x10949C: main (in /home/loris/Desktop/TestRepositories/Forked/juliet-test-suite-c/Automatic/results/20260707_1536/CWE121/valgrind/bin/CWE121/bad/CWE121_Stack_Based_Buffer_Overflow__CWE805_char_alloca_memmove_02-bad)
==725576==  Address 0x43434343434343a6 is not stack'd, malloc'd or (recently) free'd
==725576== 
==725576== 
==725576== Process terminating with default action of signal 11 (SIGSEGV)
==725576==  General Protection Fault
==725576==    at 0x10943A: CWE121_Stack_Based_Buffer_Overflow__CWE805_char_alloca_memmove_02_bad (in /home/loris/Desktop/TestRepositories/Forked/juliet-test-suite-c/Automatic/results/20260707_1536/CWE121/valgrind/bin/CWE121/bad/CWE121_Stack_Based_Buffer_Overflow__CWE805_char_alloca_memmove_02-bad)
==725576==    by 0x10949C: main (in /home/loris/Desktop/TestRepositories/Forked/juliet-test-suite-c/Automatic/results/20260707_1536/CWE121/valgrind/bin/CWE121/bad/CWE121_Stack_Based_Buffer_Overflow__CWE805_char_alloca_memmove_02-bad)
==725576== 
==725576== HEAP SUMMARY:
==725576==     in use at exit: 4,096 bytes in 1 blocks
==725576==   total heap usage: 1 allocs, 0 frees, 4,096 bytes allocated
==725576== 
==725576== LEAK SUMMARY:
==725576==    definitely lost: 0 bytes in 0 blocks
==725576==    indirectly lost: 0 bytes in 0 blocks
==725576==      possibly lost: 0 bytes in 0 blocks
==725576==    still reachable: 4,096 bytes in 1 blocks
==725576==         suppressed: 0 bytes in 0 blocks
==725576== Rerun with --leak-check=full to see details of leaked memory
==725576== 
==725576== For lists of detected and suppressed errors, rerun with: -s
==725576== ERROR SUMMARY: 1 errors from 1 contexts (suppressed: 0 from 0)
