==735864== Memcheck, a memory error detector
==735864== Copyright (C) 2002-2022, and GNU GPL'd, by Julian Seward et al.
==735864== Using Valgrind-3.22.0 and LibVEX; rerun with -h for copyright info
==735864== Command: /home/loris/Desktop/TestRepositories/Forked/juliet-test-suite-c/Automatic/results/20260707_1536/CWE121/valgrind/bin/CWE121/bad/CWE121_Stack_Based_Buffer_Overflow__src_char_alloca_cat_21-bad
==735864== Parent PID: 735863
==735864== 
==735864== 
==735864== Process terminating with default action of signal 6 (SIGABRT)
==735864==    at 0x490DB2C: __pthread_kill_implementation (pthread_kill.c:44)
==735864==    by 0x490DB2C: __pthread_kill_internal (pthread_kill.c:78)
==735864==    by 0x490DB2C: pthread_kill@@GLIBC_2.34 (pthread_kill.c:89)
==735864==    by 0x48B427D: raise (raise.c:26)
==735864==    by 0x48978FE: abort (abort.c:79)
==735864==    by 0x48987B5: __libc_message_impl.cold (libc_fatal.c:134)
==735864==    by 0x49A5C48: __fortify_fail (fortify_fail.c:24)
==735864==    by 0x49A6ED3: __stack_chk_fail (stack_chk_fail.c:24)
==735864==    by 0x109432: CWE121_Stack_Based_Buffer_Overflow__src_char_alloca_cat_21_bad (in /home/loris/Desktop/TestRepositories/Forked/juliet-test-suite-c/Automatic/results/20260707_1536/CWE121/valgrind/bin/CWE121/bad/CWE121_Stack_Based_Buffer_Overflow__src_char_alloca_cat_21-bad)
==735864==    by 0x4141414141414140: ???
==735864==    by 0x4141414141414140: ???
==735864==    by 0x4141414141414140: ???
==735864==    by 0x1F00414140: ???
==735864==    by 0x48991C9: (below main) (libc_start_call_main.h:58)
==735864== 
==735864== HEAP SUMMARY:
==735864==     in use at exit: 4,096 bytes in 1 blocks
==735864==   total heap usage: 1 allocs, 0 frees, 4,096 bytes allocated
==735864== 
==735864== LEAK SUMMARY:
==735864==    definitely lost: 0 bytes in 0 blocks
==735864==    indirectly lost: 0 bytes in 0 blocks
==735864==      possibly lost: 0 bytes in 0 blocks
==735864==    still reachable: 4,096 bytes in 1 blocks
==735864==         suppressed: 0 bytes in 0 blocks
==735864== Rerun with --leak-check=full to see details of leaked memory
==735864== 
==735864== For lists of detected and suppressed errors, rerun with: -s
==735864== ERROR SUMMARY: 0 errors from 0 contexts (suppressed: 0 from 0)
