==731251== Memcheck, a memory error detector
==731251== Copyright (C) 2002-2022, and GNU GPL'd, by Julian Seward et al.
==731251== Using Valgrind-3.22.0 and LibVEX; rerun with -h for copyright info
==731251== Command: /home/loris/Desktop/TestRepositories/Forked/juliet-test-suite-c/Automatic/results/20260707_1536/CWE121/valgrind/bin/CWE121/bad/CWE121_Stack_Based_Buffer_Overflow__CWE806_char_alloca_loop_63-bad
==731251== Parent PID: 731250
==731251== 
==731251== 
==731251== Process terminating with default action of signal 6 (SIGABRT)
==731251==    at 0x490DB2C: __pthread_kill_implementation (pthread_kill.c:44)
==731251==    by 0x490DB2C: __pthread_kill_internal (pthread_kill.c:78)
==731251==    by 0x490DB2C: pthread_kill@@GLIBC_2.34 (pthread_kill.c:89)
==731251==    by 0x48B427D: raise (raise.c:26)
==731251==    by 0x48978FE: abort (abort.c:79)
==731251==    by 0x48987B5: __libc_message_impl.cold (libc_fatal.c:134)
==731251==    by 0x49A5C48: __fortify_fail (fortify_fail.c:24)
==731251==    by 0x49A6ED3: __stack_chk_fail (stack_chk_fail.c:24)
==731251==    by 0x1094CD: CWE121_Stack_Based_Buffer_Overflow__CWE806_char_alloca_loop_63b_badSink (in /home/loris/Desktop/TestRepositories/Forked/juliet-test-suite-c/Automatic/results/20260707_1536/CWE121/valgrind/bin/CWE121/bad/CWE121_Stack_Based_Buffer_Overflow__CWE806_char_alloca_loop_63-bad)
==731251==    by 0x4141414141414140: ???
==731251==    by 0x4141414141414140: ???
==731251==    by 0x4141414141414140: ???
==731251==    by 0x4141414141414140: ???
==731251==    by 0x4141414141414140: ???
==731251== 
==731251== HEAP SUMMARY:
==731251==     in use at exit: 4,096 bytes in 1 blocks
==731251==   total heap usage: 1 allocs, 0 frees, 4,096 bytes allocated
==731251== 
==731251== LEAK SUMMARY:
==731251==    definitely lost: 0 bytes in 0 blocks
==731251==    indirectly lost: 0 bytes in 0 blocks
==731251==      possibly lost: 0 bytes in 0 blocks
==731251==    still reachable: 4,096 bytes in 1 blocks
==731251==         suppressed: 0 bytes in 0 blocks
==731251== Rerun with --leak-check=full to see details of leaked memory
==731251== 
==731251== For lists of detected and suppressed errors, rerun with: -s
==731251== ERROR SUMMARY: 0 errors from 0 contexts (suppressed: 0 from 0)
