==728933== Memcheck, a memory error detector
==728933== Copyright (C) 2002-2022, and GNU GPL'd, by Julian Seward et al.
==728933== Using Valgrind-3.22.0 and LibVEX; rerun with -h for copyright info
==728933== Command: /home/loris/Desktop/TestRepositories/Forked/juliet-test-suite-c/Automatic/results/20260707_1536/CWE121/valgrind/bin/CWE121/bad/CWE121_Stack_Based_Buffer_Overflow__CWE805_int_alloca_memcpy_41-bad
==728933== Parent PID: 728932
==728933== 
==728933== 
==728933== Process terminating with default action of signal 6 (SIGABRT)
==728933==    at 0x490DB2C: __pthread_kill_implementation (pthread_kill.c:44)
==728933==    by 0x490DB2C: __pthread_kill_internal (pthread_kill.c:78)
==728933==    by 0x490DB2C: pthread_kill@@GLIBC_2.34 (pthread_kill.c:89)
==728933==    by 0x48B427D: raise (raise.c:26)
==728933==    by 0x48978FE: abort (abort.c:79)
==728933==    by 0x48987B5: __libc_message_impl.cold (libc_fatal.c:134)
==728933==    by 0x49A5C48: __fortify_fail (fortify_fail.c:24)
==728933==    by 0x49A6ED3: __stack_chk_fail (stack_chk_fail.c:24)
==728933==    by 0x109475: CWE121_Stack_Based_Buffer_Overflow__CWE805_int_alloca_memcpy_41_bad (in /home/loris/Desktop/TestRepositories/Forked/juliet-test-suite-c/Automatic/results/20260707_1536/CWE121/valgrind/bin/CWE121/bad/CWE121_Stack_Based_Buffer_Overflow__CWE805_int_alloca_memcpy_41-bad)
==728933== 
==728933== HEAP SUMMARY:
==728933==     in use at exit: 4,096 bytes in 1 blocks
==728933==   total heap usage: 1 allocs, 0 frees, 4,096 bytes allocated
==728933== 
==728933== LEAK SUMMARY:
==728933==    definitely lost: 0 bytes in 0 blocks
==728933==    indirectly lost: 0 bytes in 0 blocks
==728933==      possibly lost: 0 bytes in 0 blocks
==728933==    still reachable: 4,096 bytes in 1 blocks
==728933==         suppressed: 0 bytes in 0 blocks
==728933== Rerun with --leak-check=full to see details of leaked memory
==728933== 
==728933== For lists of detected and suppressed errors, rerun with: -s
==728933== ERROR SUMMARY: 0 errors from 0 contexts (suppressed: 0 from 0)
