==725607== Memcheck, a memory error detector
==725607== Copyright (C) 2002-2022, and GNU GPL'd, by Julian Seward et al.
==725607== Using Valgrind-3.22.0 and LibVEX; rerun with -h for copyright info
==725607== Command: /home/loris/Desktop/TestRepositories/Forked/juliet-test-suite-c/Automatic/results/20260707_1536/CWE121/valgrind/bin/CWE121/bad/CWE121_Stack_Based_Buffer_Overflow__CWE805_char_alloca_memmove_05-bad
==725607== Parent PID: 725606
==725607== 
==725607== Invalid write of size 1
==725607==    at 0x10944A: CWE121_Stack_Based_Buffer_Overflow__CWE805_char_alloca_memmove_05_bad (in /home/loris/Desktop/TestRepositories/Forked/juliet-test-suite-c/Automatic/results/20260707_1536/CWE121/valgrind/bin/CWE121/bad/CWE121_Stack_Based_Buffer_Overflow__CWE805_char_alloca_memmove_05-bad)
==725607==    by 0x1094AF: main (in /home/loris/Desktop/TestRepositories/Forked/juliet-test-suite-c/Automatic/results/20260707_1536/CWE121/valgrind/bin/CWE121/bad/CWE121_Stack_Based_Buffer_Overflow__CWE805_char_alloca_memmove_05-bad)
==725607==  Address 0x43434343434343a6 is not stack'd, malloc'd or (recently) free'd
==725607== 
==725607== 
==725607== Process terminating with default action of signal 11 (SIGSEGV)
==725607==  General Protection Fault
==725607==    at 0x10944A: CWE121_Stack_Based_Buffer_Overflow__CWE805_char_alloca_memmove_05_bad (in /home/loris/Desktop/TestRepositories/Forked/juliet-test-suite-c/Automatic/results/20260707_1536/CWE121/valgrind/bin/CWE121/bad/CWE121_Stack_Based_Buffer_Overflow__CWE805_char_alloca_memmove_05-bad)
==725607==    by 0x1094AF: main (in /home/loris/Desktop/TestRepositories/Forked/juliet-test-suite-c/Automatic/results/20260707_1536/CWE121/valgrind/bin/CWE121/bad/CWE121_Stack_Based_Buffer_Overflow__CWE805_char_alloca_memmove_05-bad)
==725607== 
==725607== HEAP SUMMARY:
==725607==     in use at exit: 4,096 bytes in 1 blocks
==725607==   total heap usage: 1 allocs, 0 frees, 4,096 bytes allocated
==725607== 
==725607== LEAK SUMMARY:
==725607==    definitely lost: 0 bytes in 0 blocks
==725607==    indirectly lost: 0 bytes in 0 blocks
==725607==      possibly lost: 0 bytes in 0 blocks
==725607==    still reachable: 4,096 bytes in 1 blocks
==725607==         suppressed: 0 bytes in 0 blocks
==725607== Rerun with --leak-check=full to see details of leaked memory
==725607== 
==725607== For lists of detected and suppressed errors, rerun with: -s
==725607== ERROR SUMMARY: 1 errors from 1 contexts (suppressed: 0 from 0)
