==723928== Memcheck, a memory error detector
==723928== Copyright (C) 2002-2022, and GNU GPL'd, by Julian Seward et al.
==723928== Using Valgrind-3.22.0 and LibVEX; rerun with -h for copyright info
==723928== Command: /home/loris/Desktop/TestRepositories/Forked/juliet-test-suite-c/Automatic/results/20260707_1536/CWE121/valgrind/bin/CWE121/bad/CWE121_Stack_Based_Buffer_Overflow__CWE135_51-bad
==723928== Parent PID: 723927
==723928== 
==723928== Invalid read of size 1
==723928==    at 0x484F226: strlen (in /usr/libexec/valgrind/vgpreload_memcheck-amd64-linux.so)
==723928==    by 0x48F6BFC: puts (ioputs.c:35)
==723928==    by 0x109462: printLine (in /home/loris/Desktop/TestRepositories/Forked/juliet-test-suite-c/Automatic/results/20260707_1536/CWE121/valgrind/bin/CWE121/bad/CWE121_Stack_Based_Buffer_Overflow__CWE135_51-bad)
==723928==    by 0x109428: CWE121_Stack_Based_Buffer_Overflow__CWE135_51b_badSink (in /home/loris/Desktop/TestRepositories/Forked/juliet-test-suite-c/Automatic/results/20260707_1536/CWE121/valgrind/bin/CWE121/bad/CWE121_Stack_Based_Buffer_Overflow__CWE135_51-bad)
==723928==    by 0x4100000040: ???
==723928==    by 0x4100000040: ???
==723928==    by 0x4100000040: ???
==723928==    by 0x4100000040: ???
==723928==    by 0x4100000040: ???
==723928==    by 0x4100000040: ???
==723928==    by 0x4100000040: ???
==723928==    by 0x4100000040: ???
==723928==  Address 0x4100000041 is not stack'd, malloc'd or (recently) free'd
==723928== 
==723928== 
==723928== Process terminating with default action of signal 11 (SIGSEGV)
==723928==  Access not within mapped region at address 0x4100000041
==723928==    at 0x484F226: strlen (in /usr/libexec/valgrind/vgpreload_memcheck-amd64-linux.so)
==723928==    by 0x48F6BFC: puts (ioputs.c:35)
==723928==    by 0x109462: printLine (in /home/loris/Desktop/TestRepositories/Forked/juliet-test-suite-c/Automatic/results/20260707_1536/CWE121/valgrind/bin/CWE121/bad/CWE121_Stack_Based_Buffer_Overflow__CWE135_51-bad)
==723928==    by 0x109428: CWE121_Stack_Based_Buffer_Overflow__CWE135_51b_badSink (in /home/loris/Desktop/TestRepositories/Forked/juliet-test-suite-c/Automatic/results/20260707_1536/CWE121/valgrind/bin/CWE121/bad/CWE121_Stack_Based_Buffer_Overflow__CWE135_51-bad)
==723928==    by 0x4100000040: ???
==723928==    by 0x4100000040: ???
==723928==    by 0x4100000040: ???
==723928==    by 0x4100000040: ???
==723928==    by 0x4100000040: ???
==723928==    by 0x4100000040: ???
==723928==    by 0x4100000040: ???
==723928==    by 0x4100000040: ???
==723928==  If you believe this happened as a result of a stack
==723928==  overflow in your program's main thread (unlikely but
==723928==  possible), you can try to increase the size of the
==723928==  main thread stack using the --main-stacksize= flag.
==723928==  The main thread stack size used in this run was 8388608.
==723928== 
==723928== HEAP SUMMARY:
==723928==     in use at exit: 4,096 bytes in 1 blocks
==723928==   total heap usage: 1 allocs, 0 frees, 4,096 bytes allocated
==723928== 
==723928== LEAK SUMMARY:
==723928==    definitely lost: 0 bytes in 0 blocks
==723928==    indirectly lost: 0 bytes in 0 blocks
==723928==      possibly lost: 0 bytes in 0 blocks
==723928==    still reachable: 4,096 bytes in 1 blocks
==723928==         suppressed: 0 bytes in 0 blocks
==723928== Rerun with --leak-check=full to see details of leaked memory
==723928== 
==723928== For lists of detected and suppressed errors, rerun with: -s
==723928== ERROR SUMMARY: 1 errors from 1 contexts (suppressed: 0 from 0)
