==732273== Memcheck, a memory error detector
==732273== Copyright (C) 2002-2022, and GNU GPL'd, by Julian Seward et al.
==732273== Using Valgrind-3.22.0 and LibVEX; rerun with -h for copyright info
==732273== Command: /home/loris/Desktop/TestRepositories/Forked/juliet-test-suite-c/Automatic/results/20260707_1536/CWE121/valgrind/bin/CWE121/bad/CWE121_Stack_Based_Buffer_Overflow__CWE806_char_alloca_ncat_13-bad
==732273== Parent PID: 732272
==732273== 
==732273== 
==732273== Process terminating with default action of signal 6 (SIGABRT)
==732273==    at 0x490DB2C: __pthread_kill_implementation (pthread_kill.c:44)
==732273==    by 0x490DB2C: __pthread_kill_internal (pthread_kill.c:78)
==732273==    by 0x490DB2C: pthread_kill@@GLIBC_2.34 (pthread_kill.c:89)
==732273==    by 0x48B427D: raise (raise.c:26)
==732273==    by 0x48978FE: abort (abort.c:79)
==732273==    by 0x48987B5: __libc_message_impl.cold (libc_fatal.c:134)
==732273==    by 0x49A5C48: __fortify_fail (fortify_fail.c:24)
==732273==    by 0x49A6ED3: __stack_chk_fail (stack_chk_fail.c:24)
==732273==    by 0x109436: CWE121_Stack_Based_Buffer_Overflow__CWE806_char_alloca_ncat_13_bad (in /home/loris/Desktop/TestRepositories/Forked/juliet-test-suite-c/Automatic/results/20260707_1536/CWE121/valgrind/bin/CWE121/bad/CWE121_Stack_Based_Buffer_Overflow__CWE806_char_alloca_ncat_13-bad)
==732273==    by 0x4141414141414140: ???
==732273==    by 0x4141414141414140: ???
==732273==    by 0x4141414141414140: ???
==732273==    by 0x1F00414140: ???
==732273==    by 0x48991C9: (below main) (libc_start_call_main.h:58)
==732273== 
==732273== HEAP SUMMARY:
==732273==     in use at exit: 4,096 bytes in 1 blocks
==732273==   total heap usage: 1 allocs, 0 frees, 4,096 bytes allocated
==732273== 
==732273== LEAK SUMMARY:
==732273==    definitely lost: 0 bytes in 0 blocks
==732273==    indirectly lost: 0 bytes in 0 blocks
==732273==      possibly lost: 0 bytes in 0 blocks
==732273==    still reachable: 4,096 bytes in 1 blocks
==732273==         suppressed: 0 bytes in 0 blocks
==732273== Rerun with --leak-check=full to see details of leaked memory
==732273== 
==732273== For lists of detected and suppressed errors, rerun with: -s
==732273== ERROR SUMMARY: 0 errors from 0 contexts (suppressed: 0 from 0)
