==736527== Memcheck, a memory error detector
==736527== Copyright (C) 2002-2022, and GNU GPL'd, by Julian Seward et al.
==736527== Using Valgrind-3.22.0 and LibVEX; rerun with -h for copyright info
==736527== Command: /home/loris/Desktop/TestRepositories/Forked/juliet-test-suite-c/Automatic/results/20260707_1536/CWE121/valgrind/bin/CWE121/bad/CWE121_Stack_Based_Buffer_Overflow__src_char_declare_cat_15-bad
==736527== Parent PID: 736526
==736527== 
==736527== Source and destination overlap in strcat(0x1ffefffdf0, 0x1ffefffe30)
==736527==    at 0x484EFE3: strcat (in /usr/libexec/valgrind/vgpreload_memcheck-amd64-linux.so)
==736527==    by 0x10937A: CWE121_Stack_Based_Buffer_Overflow__src_char_declare_cat_15_bad (in /home/loris/Desktop/TestRepositories/Forked/juliet-test-suite-c/Automatic/results/20260707_1536/CWE121/valgrind/bin/CWE121/bad/CWE121_Stack_Based_Buffer_Overflow__src_char_declare_cat_15-bad)
==736527==    by 0x1093DD: main (in /home/loris/Desktop/TestRepositories/Forked/juliet-test-suite-c/Automatic/results/20260707_1536/CWE121/valgrind/bin/CWE121/bad/CWE121_Stack_Based_Buffer_Overflow__src_char_declare_cat_15-bad)
==736527== 
==736527== 
==736527== HEAP SUMMARY:
==736527==     in use at exit: 0 bytes in 0 blocks
==736527==   total heap usage: 1 allocs, 1 frees, 4,096 bytes allocated
==736527== 
==736527== All heap blocks were freed -- no leaks are possible
==736527== 
==736527== For lists of detected and suppressed errors, rerun with: -s
==736527== ERROR SUMMARY: 1 errors from 1 contexts (suppressed: 0 from 0)
