==735541== Memcheck, a memory error detector
==735541== Copyright (C) 2002-2022, and GNU GPL'd, by Julian Seward et al.
==735541== Using Valgrind-3.22.0 and LibVEX; rerun with -h for copyright info
==735541== Command: /home/loris/Desktop/TestRepositories/Forked/juliet-test-suite-c/Automatic/results/20260707_1536/CWE121/valgrind/bin/CWE121/bad/CWE121_Stack_Based_Buffer_Overflow__dest_char_declare_cat_01-bad
==735541== Parent PID: 735538
==735541== 
==735541== Source and destination overlap in strcat(0x1ffefffde0, 0x1ffefffe20)
==735541==    at 0x484EFE3: strcat (in /usr/libexec/valgrind/vgpreload_memcheck-amd64-linux.so)
==735541==    by 0x10932E: CWE121_Stack_Based_Buffer_Overflow__dest_char_declare_cat_01_bad (in /home/loris/Desktop/TestRepositories/Forked/juliet-test-suite-c/Automatic/results/20260707_1536/CWE121/valgrind/bin/CWE121/bad/CWE121_Stack_Based_Buffer_Overflow__dest_char_declare_cat_01-bad)
==735541==    by 0x109391: main (in /home/loris/Desktop/TestRepositories/Forked/juliet-test-suite-c/Automatic/results/20260707_1536/CWE121/valgrind/bin/CWE121/bad/CWE121_Stack_Based_Buffer_Overflow__dest_char_declare_cat_01-bad)
==735541== 
==735541== 
==735541== HEAP SUMMARY:
==735541==     in use at exit: 0 bytes in 0 blocks
==735541==   total heap usage: 1 allocs, 1 frees, 4,096 bytes allocated
==735541== 
==735541== All heap blocks were freed -- no leaks are possible
==735541== 
==735541== For lists of detected and suppressed errors, rerun with: -s
==735541== ERROR SUMMARY: 1 errors from 1 contexts (suppressed: 0 from 0)
