==722462== Memcheck, a memory error detector
==722462== Copyright (C) 2002-2022, and GNU GPL'd, by Julian Seward et al.
==722462== Using Valgrind-3.22.0 and LibVEX; rerun with -h for copyright info
==722462== Command: /home/loris/Desktop/TestRepositories/Forked/juliet-test-suite-c/Automatic/results/20260707_1536/CWE121/valgrind/bin/CWE121/bad/CWE121_Stack_Based_Buffer_Overflow__CWE129_large_21-bad
==722462== Parent PID: 722461
==722462== 
==722462== 
==722462== Process terminating with default action of signal 6 (SIGABRT)
==722462==    at 0x490DB2C: __pthread_kill_implementation (pthread_kill.c:44)
==722462==    by 0x490DB2C: __pthread_kill_internal (pthread_kill.c:78)
==722462==    by 0x490DB2C: pthread_kill@@GLIBC_2.34 (pthread_kill.c:89)
==722462==    by 0x48B427D: raise (raise.c:26)
==722462==    by 0x48978FE: abort (abort.c:79)
==722462==    by 0x48987B5: __libc_message_impl.cold (libc_fatal.c:134)
==722462==    by 0x49A5C48: __fortify_fail (fortify_fail.c:24)
==722462==    by 0x49A6ED3: __stack_chk_fail (stack_chk_fail.c:24)
==722462==    by 0x10931D: badSink (in /home/loris/Desktop/TestRepositories/Forked/juliet-test-suite-c/Automatic/results/20260707_1536/CWE121/valgrind/bin/CWE121/bad/CWE121_Stack_Based_Buffer_Overflow__CWE129_large_21-bad)
==722462==    by 0x10934D: CWE121_Stack_Based_Buffer_Overflow__CWE129_large_21_bad (in /home/loris/Desktop/TestRepositories/Forked/juliet-test-suite-c/Automatic/results/20260707_1536/CWE121/valgrind/bin/CWE121/bad/CWE121_Stack_Based_Buffer_Overflow__CWE129_large_21-bad)
==722462==    by 0x10938D: main (in /home/loris/Desktop/TestRepositories/Forked/juliet-test-suite-c/Automatic/results/20260707_1536/CWE121/valgrind/bin/CWE121/bad/CWE121_Stack_Based_Buffer_Overflow__CWE129_large_21-bad)
==722462== 
==722462== HEAP SUMMARY:
==722462==     in use at exit: 4,096 bytes in 1 blocks
==722462==   total heap usage: 1 allocs, 0 frees, 4,096 bytes allocated
==722462== 
==722462== LEAK SUMMARY:
==722462==    definitely lost: 0 bytes in 0 blocks
==722462==    indirectly lost: 0 bytes in 0 blocks
==722462==      possibly lost: 0 bytes in 0 blocks
==722462==    still reachable: 4,096 bytes in 1 blocks
==722462==         suppressed: 0 bytes in 0 blocks
==722462== Rerun with --leak-check=full to see details of leaked memory
==722462== 
==722462== For lists of detected and suppressed errors, rerun with: -s
==722462== ERROR SUMMARY: 0 errors from 0 contexts (suppressed: 0 from 0)
