==727219== Memcheck, a memory error detector
==727219== Copyright (C) 2002-2022, and GNU GPL'd, by Julian Seward et al.
==727219== Using Valgrind-3.22.0 and LibVEX; rerun with -h for copyright info
==727219== Command: /home/loris/Desktop/TestRepositories/Forked/juliet-test-suite-c/Automatic/results/20260707_1536/CWE121/valgrind/bin/CWE121/bad/CWE121_Stack_Based_Buffer_Overflow__CWE805_int64_t_alloca_loop_06-bad
==727219== Parent PID: 727218
==727219== 
==727219== Invalid write of size 8
==727219==    at 0x109419: CWE121_Stack_Based_Buffer_Overflow__CWE805_int64_t_alloca_loop_06_bad (in /home/loris/Desktop/TestRepositories/Forked/juliet-test-suite-c/Automatic/results/20260707_1536/CWE121/valgrind/bin/CWE121/bad/CWE121_Stack_Based_Buffer_Overflow__CWE805_int64_t_alloca_loop_06-bad)
==727219==    by 0x109493: main (in /home/loris/Desktop/TestRepositories/Forked/juliet-test-suite-c/Automatic/results/20260707_1536/CWE121/valgrind/bin/CWE121/bad/CWE121_Stack_Based_Buffer_Overflow__CWE805_int64_t_alloca_loop_06-bad)
==727219==  Address 0x1a8 is not stack'd, malloc'd or (recently) free'd
==727219== 
==727219== 
==727219== Process terminating with default action of signal 11 (SIGSEGV)
==727219==  Access not within mapped region at address 0x1A8
==727219==    at 0x109419: CWE121_Stack_Based_Buffer_Overflow__CWE805_int64_t_alloca_loop_06_bad (in /home/loris/Desktop/TestRepositories/Forked/juliet-test-suite-c/Automatic/results/20260707_1536/CWE121/valgrind/bin/CWE121/bad/CWE121_Stack_Based_Buffer_Overflow__CWE805_int64_t_alloca_loop_06-bad)
==727219==    by 0x109493: main (in /home/loris/Desktop/TestRepositories/Forked/juliet-test-suite-c/Automatic/results/20260707_1536/CWE121/valgrind/bin/CWE121/bad/CWE121_Stack_Based_Buffer_Overflow__CWE805_int64_t_alloca_loop_06-bad)
==727219==  If you believe this happened as a result of a stack
==727219==  overflow in your program's main thread (unlikely but
==727219==  possible), you can try to increase the size of the
==727219==  main thread stack using the --main-stacksize= flag.
==727219==  The main thread stack size used in this run was 8388608.
==727219== 
==727219== HEAP SUMMARY:
==727219==     in use at exit: 4,096 bytes in 1 blocks
==727219==   total heap usage: 1 allocs, 0 frees, 4,096 bytes allocated
==727219== 
==727219== LEAK SUMMARY:
==727219==    definitely lost: 0 bytes in 0 blocks
==727219==    indirectly lost: 0 bytes in 0 blocks
==727219==      possibly lost: 0 bytes in 0 blocks
==727219==    still reachable: 4,096 bytes in 1 blocks
==727219==         suppressed: 0 bytes in 0 blocks
==727219== Rerun with --leak-check=full to see details of leaked memory
==727219== 
==727219== For lists of detected and suppressed errors, rerun with: -s
==727219== ERROR SUMMARY: 1 errors from 1 contexts (suppressed: 0 from 0)
