==722468== Memcheck, a memory error detector
==722468== Copyright (C) 2002-2022, and GNU GPL'd, by Julian Seward et al.
==722468== Using Valgrind-3.22.0 and LibVEX; rerun with -h for copyright info
==722468== Command: /home/loris/Desktop/TestRepositories/Forked/juliet-test-suite-c/Automatic/results/20260707_1536/CWE121/valgrind/bin/CWE121/bad/CWE121_Stack_Based_Buffer_Overflow__CWE129_large_22-bad
==722468== Parent PID: 722467
==722468== 
==722468== 
==722468== Process terminating with default action of signal 6 (SIGABRT)
==722468==    at 0x490DB2C: __pthread_kill_implementation (pthread_kill.c:44)
==722468==    by 0x490DB2C: __pthread_kill_internal (pthread_kill.c:78)
==722468==    by 0x490DB2C: pthread_kill@@GLIBC_2.34 (pthread_kill.c:89)
==722468==    by 0x48B427D: raise (raise.c:26)
==722468==    by 0x48978FE: abort (abort.c:79)
==722468==    by 0x48987B5: __libc_message_impl.cold (libc_fatal.c:134)
==722468==    by 0x49A5C48: __fortify_fail (fortify_fail.c:24)
==722468==    by 0x49A6ED3: __stack_chk_fail (stack_chk_fail.c:24)
==722468==    by 0x1093A1: CWE121_Stack_Based_Buffer_Overflow__CWE129_large_22_badSink (in /home/loris/Desktop/TestRepositories/Forked/juliet-test-suite-c/Automatic/results/20260707_1536/CWE121/valgrind/bin/CWE121/bad/CWE121_Stack_Based_Buffer_Overflow__CWE129_large_22-bad)
==722468==    by 0x1092B6: CWE121_Stack_Based_Buffer_Overflow__CWE129_large_22_bad (in /home/loris/Desktop/TestRepositories/Forked/juliet-test-suite-c/Automatic/results/20260707_1536/CWE121/valgrind/bin/CWE121/bad/CWE121_Stack_Based_Buffer_Overflow__CWE129_large_22-bad)
==722468==    by 0x1092F6: main (in /home/loris/Desktop/TestRepositories/Forked/juliet-test-suite-c/Automatic/results/20260707_1536/CWE121/valgrind/bin/CWE121/bad/CWE121_Stack_Based_Buffer_Overflow__CWE129_large_22-bad)
==722468== 
==722468== HEAP SUMMARY:
==722468==     in use at exit: 4,096 bytes in 1 blocks
==722468==   total heap usage: 1 allocs, 0 frees, 4,096 bytes allocated
==722468== 
==722468== LEAK SUMMARY:
==722468==    definitely lost: 0 bytes in 0 blocks
==722468==    indirectly lost: 0 bytes in 0 blocks
==722468==      possibly lost: 0 bytes in 0 blocks
==722468==    still reachable: 4,096 bytes in 1 blocks
==722468==         suppressed: 0 bytes in 0 blocks
==722468== Rerun with --leak-check=full to see details of leaked memory
==722468== 
==722468== For lists of detected and suppressed errors, rerun with: -s
==722468== ERROR SUMMARY: 0 errors from 0 contexts (suppressed: 0 from 0)
