==732982== Memcheck, a memory error detector
==732982== Copyright (C) 2002-2022, and GNU GPL'd, by Julian Seward et al.
==732982== Using Valgrind-3.22.0 and LibVEX; rerun with -h for copyright info
==732982== Command: /home/loris/Desktop/TestRepositories/Forked/juliet-test-suite-c/Automatic/results/20260707_1536/CWE121/valgrind/bin/CWE121/bad/CWE121_Stack_Based_Buffer_Overflow__CWE806_char_alloca_snprintf_02-bad
==732982== Parent PID: 732981
==732982== 
==732982== 
==732982== Process terminating with default action of signal 6 (SIGABRT)
==732982==    at 0x490DB2C: __pthread_kill_implementation (pthread_kill.c:44)
==732982==    by 0x490DB2C: __pthread_kill_internal (pthread_kill.c:78)
==732982==    by 0x490DB2C: pthread_kill@@GLIBC_2.34 (pthread_kill.c:89)
==732982==    by 0x48B427D: raise (raise.c:26)
==732982==    by 0x48978FE: abort (abort.c:79)
==732982==    by 0x48987B5: __libc_message_impl.cold (libc_fatal.c:134)
==732982==    by 0x49A5C48: __fortify_fail (fortify_fail.c:24)
==732982==    by 0x49A6ED3: __stack_chk_fail (stack_chk_fail.c:24)
==732982==    by 0x109433: CWE121_Stack_Based_Buffer_Overflow__CWE806_char_alloca_snprintf_02_bad (in /home/loris/Desktop/TestRepositories/Forked/juliet-test-suite-c/Automatic/results/20260707_1536/CWE121/valgrind/bin/CWE121/bad/CWE121_Stack_Based_Buffer_Overflow__CWE806_char_alloca_snprintf_02-bad)
==732982==    by 0x4141414141414140: ???
==732982==    by 0x4141414141414140: ???
==732982==    by 0x4141414141414140: ???
==732982==    by 0x1FFE004140: ???
==732982==    by 0x48991C9: (below main) (libc_start_call_main.h:58)
==732982== 
==732982== HEAP SUMMARY:
==732982==     in use at exit: 4,096 bytes in 1 blocks
==732982==   total heap usage: 1 allocs, 0 frees, 4,096 bytes allocated
==732982== 
==732982== LEAK SUMMARY:
==732982==    definitely lost: 0 bytes in 0 blocks
==732982==    indirectly lost: 0 bytes in 0 blocks
==732982==      possibly lost: 0 bytes in 0 blocks
==732982==    still reachable: 4,096 bytes in 1 blocks
==732982==         suppressed: 0 bytes in 0 blocks
==732982== Rerun with --leak-check=full to see details of leaked memory
==732982== 
==732982== For lists of detected and suppressed errors, rerun with: -s
==732982== ERROR SUMMARY: 0 errors from 0 contexts (suppressed: 0 from 0)
