==722874== Memcheck, a memory error detector
==722874== Copyright (C) 2002-2022, and GNU GPL'd, by Julian Seward et al.
==722874== Using Valgrind-3.22.0 and LibVEX; rerun with -h for copyright info
==722874== Command: /home/loris/Desktop/TestRepositories/Forked/juliet-test-suite-c/Automatic/results/20260707_1536/CWE121/valgrind/bin/CWE121/bad/CWE121_Stack_Based_Buffer_Overflow__CWE129_rand_41-bad
==722874== Parent PID: 722873
==722874== 
==722874== Invalid write of size 4
==722874==    at 0x1092C3: badSink (in /home/loris/Desktop/TestRepositories/Forked/juliet-test-suite-c/Automatic/results/20260707_1536/CWE121/valgrind/bin/CWE121/bad/CWE121_Stack_Based_Buffer_Overflow__CWE129_rand_41-bad)
==722874==    by 0x10937C: CWE121_Stack_Based_Buffer_Overflow__CWE129_rand_41_bad (in /home/loris/Desktop/TestRepositories/Forked/juliet-test-suite-c/Automatic/results/20260707_1536/CWE121/valgrind/bin/CWE121/bad/CWE121_Stack_Based_Buffer_Overflow__CWE129_rand_41-bad)
==722874==    by 0x1093C0: main (in /home/loris/Desktop/TestRepositories/Forked/juliet-test-suite-c/Automatic/results/20260707_1536/CWE121/valgrind/bin/CWE121/bad/CWE121_Stack_Based_Buffer_Overflow__CWE129_rand_41-bad)
==722874==  Address 0x21ad4cf868 is not stack'd, malloc'd or (recently) free'd
==722874== 
==722874== 
==722874== Process terminating with default action of signal 11 (SIGSEGV)
==722874==  Access not within mapped region at address 0x21AD4CF868
==722874==    at 0x1092C3: badSink (in /home/loris/Desktop/TestRepositories/Forked/juliet-test-suite-c/Automatic/results/20260707_1536/CWE121/valgrind/bin/CWE121/bad/CWE121_Stack_Based_Buffer_Overflow__CWE129_rand_41-bad)
==722874==    by 0x10937C: CWE121_Stack_Based_Buffer_Overflow__CWE129_rand_41_bad (in /home/loris/Desktop/TestRepositories/Forked/juliet-test-suite-c/Automatic/results/20260707_1536/CWE121/valgrind/bin/CWE121/bad/CWE121_Stack_Based_Buffer_Overflow__CWE129_rand_41-bad)
==722874==    by 0x1093C0: main (in /home/loris/Desktop/TestRepositories/Forked/juliet-test-suite-c/Automatic/results/20260707_1536/CWE121/valgrind/bin/CWE121/bad/CWE121_Stack_Based_Buffer_Overflow__CWE129_rand_41-bad)
==722874==  If you believe this happened as a result of a stack
==722874==  overflow in your program's main thread (unlikely but
==722874==  possible), you can try to increase the size of the
==722874==  main thread stack using the --main-stacksize= flag.
==722874==  The main thread stack size used in this run was 8388608.
==722874== 
==722874== HEAP SUMMARY:
==722874==     in use at exit: 4,096 bytes in 1 blocks
==722874==   total heap usage: 1 allocs, 0 frees, 4,096 bytes allocated
==722874== 
==722874== LEAK SUMMARY:
==722874==    definitely lost: 0 bytes in 0 blocks
==722874==    indirectly lost: 0 bytes in 0 blocks
==722874==      possibly lost: 0 bytes in 0 blocks
==722874==    still reachable: 4,096 bytes in 1 blocks
==722874==         suppressed: 0 bytes in 0 blocks
==722874== Rerun with --leak-check=full to see details of leaked memory
==722874== 
==722874== For lists of detected and suppressed errors, rerun with: -s
==722874== ERROR SUMMARY: 1 errors from 1 contexts (suppressed: 0 from 0)
