==736196== Memcheck, a memory error detector
==736196== Copyright (C) 2002-2022, and GNU GPL'd, by Julian Seward et al.
==736196== Using Valgrind-3.22.0 and LibVEX; rerun with -h for copyright info
==736196== Command: /home/loris/Desktop/TestRepositories/Forked/juliet-test-suite-c/Automatic/results/20260707_1536/CWE121/valgrind/bin/CWE121/bad/CWE121_Stack_Based_Buffer_Overflow__src_char_alloca_cpy_11-bad
==736196== Parent PID: 736195
==736196== 
==736196== 
==736196== Process terminating with default action of signal 6 (SIGABRT)
==736196==    at 0x490DB2C: __pthread_kill_implementation (pthread_kill.c:44)
==736196==    by 0x490DB2C: __pthread_kill_internal (pthread_kill.c:78)
==736196==    by 0x490DB2C: pthread_kill@@GLIBC_2.34 (pthread_kill.c:89)
==736196==    by 0x48B427D: raise (raise.c:26)
==736196==    by 0x48978FE: abort (abort.c:79)
==736196==    by 0x48987B5: __libc_message_impl.cold (libc_fatal.c:134)
==736196==    by 0x49A5C48: __fortify_fail (fortify_fail.c:24)
==736196==    by 0x49A6ED3: __stack_chk_fail (stack_chk_fail.c:24)
==736196==    by 0x109406: CWE121_Stack_Based_Buffer_Overflow__src_char_alloca_cpy_11_bad (in /home/loris/Desktop/TestRepositories/Forked/juliet-test-suite-c/Automatic/results/20260707_1536/CWE121/valgrind/bin/CWE121/bad/CWE121_Stack_Based_Buffer_Overflow__src_char_alloca_cpy_11-bad)
==736196==    by 0x4141414141414140: ???
==736196==    by 0x4141414141414140: ???
==736196==    by 0x4141414141414140: ???
==736196==    by 0x1F00414140: ???
==736196==    by 0x48991C9: (below main) (libc_start_call_main.h:58)
==736196== 
==736196== HEAP SUMMARY:
==736196==     in use at exit: 4,096 bytes in 1 blocks
==736196==   total heap usage: 1 allocs, 0 frees, 4,096 bytes allocated
==736196== 
==736196== LEAK SUMMARY:
==736196==    definitely lost: 0 bytes in 0 blocks
==736196==    indirectly lost: 0 bytes in 0 blocks
==736196==      possibly lost: 0 bytes in 0 blocks
==736196==    still reachable: 4,096 bytes in 1 blocks
==736196==         suppressed: 0 bytes in 0 blocks
==736196== Rerun with --leak-check=full to see details of leaked memory
==736196== 
==736196== For lists of detected and suppressed errors, rerun with: -s
==736196== ERROR SUMMARY: 0 errors from 0 contexts (suppressed: 0 from 0)
