==717371== Memcheck, a memory error detector
==717371== Copyright (C) 2002-2022, and GNU GPL'd, by Julian Seward et al.
==717371== Using Valgrind-3.22.0 and LibVEX; rerun with -h for copyright info
==717371== Command: /home/loris/Desktop/TestRepositories/Forked/juliet-test-suite-c/Automatic/results/20260707_1536/CWE121/valgrind/bin/CWE121/good/CWE121_Stack_Based_Buffer_Overflow__CWE129_listen_socket_51-good
==717371== Parent PID: 717370
==717371== 
==717371== 
==717371== Process terminating with default action of signal 15 (SIGTERM)
==717371==    at 0x499A834: accept (accept.c:26)
==717371==    by 0x109494: goodB2G (in /home/loris/Desktop/TestRepositories/Forked/juliet-test-suite-c/Automatic/results/20260707_1536/CWE121/valgrind/bin/CWE121/good/CWE121_Stack_Based_Buffer_Overflow__CWE129_listen_socket_51-good)
==717371==    by 0x109546: CWE121_Stack_Based_Buffer_Overflow__CWE129_listen_socket_51_good (in /home/loris/Desktop/TestRepositories/Forked/juliet-test-suite-c/Automatic/results/20260707_1536/CWE121/valgrind/bin/CWE121/good/CWE121_Stack_Based_Buffer_Overflow__CWE129_listen_socket_51-good)
==717371==    by 0x109586: main (in /home/loris/Desktop/TestRepositories/Forked/juliet-test-suite-c/Automatic/results/20260707_1536/CWE121/valgrind/bin/CWE121/good/CWE121_Stack_Based_Buffer_Overflow__CWE129_listen_socket_51-good)
==717371== 
==717371== HEAP SUMMARY:
==717371==     in use at exit: 4,096 bytes in 1 blocks
==717371==   total heap usage: 1 allocs, 0 frees, 4,096 bytes allocated
==717371== 
==717371== LEAK SUMMARY:
==717371==    definitely lost: 0 bytes in 0 blocks
==717371==    indirectly lost: 0 bytes in 0 blocks
==717371==      possibly lost: 0 bytes in 0 blocks
==717371==    still reachable: 4,096 bytes in 1 blocks
==717371==         suppressed: 0 bytes in 0 blocks
==717371== Rerun with --leak-check=full to see details of leaked memory
==717371== 
==717371== For lists of detected and suppressed errors, rerun with: -s
==717371== ERROR SUMMARY: 0 errors from 0 contexts (suppressed: 0 from 0)
