==727337== Memcheck, a memory error detector
==727337== Copyright (C) 2002-2022, and GNU GPL'd, by Julian Seward et al.
==727337== Using Valgrind-3.22.0 and LibVEX; rerun with -h for copyright info
==727337== Command: /home/loris/Desktop/TestRepositories/Forked/juliet-test-suite-c/Automatic/results/20260707_1536/CWE121/valgrind/bin/CWE121/bad/CWE121_Stack_Based_Buffer_Overflow__CWE805_int64_t_alloca_loop_18-bad
==727337== Parent PID: 727336
==727337== 
==727337== 
==727337== Process terminating with default action of signal 15 (SIGTERM)
==727337==    at 0x1093E8: CWE121_Stack_Based_Buffer_Overflow__CWE805_int64_t_alloca_loop_18_bad (in /home/loris/Desktop/TestRepositories/Forked/juliet-test-suite-c/Automatic/results/20260707_1536/CWE121/valgrind/bin/CWE121/bad/CWE121_Stack_Based_Buffer_Overflow__CWE805_int64_t_alloca_loop_18-bad)
==727337==    by 0x10948A: main (in /home/loris/Desktop/TestRepositories/Forked/juliet-test-suite-c/Automatic/results/20260707_1536/CWE121/valgrind/bin/CWE121/bad/CWE121_Stack_Based_Buffer_Overflow__CWE805_int64_t_alloca_loop_18-bad)
==727337== 
==727337== HEAP SUMMARY:
==727337==     in use at exit: 4,096 bytes in 1 blocks
==727337==   total heap usage: 1 allocs, 0 frees, 4,096 bytes allocated
==727337== 
==727337== LEAK SUMMARY:
==727337==    definitely lost: 0 bytes in 0 blocks
==727337==    indirectly lost: 0 bytes in 0 blocks
==727337==      possibly lost: 0 bytes in 0 blocks
==727337==    still reachable: 4,096 bytes in 1 blocks
==727337==         suppressed: 0 bytes in 0 blocks
==727337== Rerun with --leak-check=full to see details of leaked memory
==727337== 
==727337== For lists of detected and suppressed errors, rerun with: -s
==727337== ERROR SUMMARY: 0 errors from 0 contexts (suppressed: 0 from 0)
