==727013== Memcheck, a memory error detector
==727013== Copyright (C) 2002-2022, and GNU GPL'd, by Julian Seward et al.
==727013== Using Valgrind-3.22.0 and LibVEX; rerun with -h for copyright info
==727013== Command: /home/loris/Desktop/TestRepositories/Forked/juliet-test-suite-c/Automatic/results/20260707_1536/CWE121/valgrind/bin/CWE121/bad/CWE121_Stack_Based_Buffer_Overflow__CWE805_char_declare_ncat_13-bad
==727013== Parent PID: 727012
==727013== 
==727013== Source and destination overlap in strncat(0x1ffefffde0, 0x1ffefffe20, 100)
==727013==    at 0x484F197: strncat (in /usr/libexec/valgrind/vgpreload_memcheck-amd64-linux.so)
==727013==    by 0x10933E: CWE121_Stack_Based_Buffer_Overflow__CWE805_char_declare_ncat_13_bad (in /home/loris/Desktop/TestRepositories/Forked/juliet-test-suite-c/Automatic/results/20260707_1536/CWE121/valgrind/bin/CWE121/bad/CWE121_Stack_Based_Buffer_Overflow__CWE805_char_declare_ncat_13-bad)
==727013==    by 0x1093A1: main (in /home/loris/Desktop/TestRepositories/Forked/juliet-test-suite-c/Automatic/results/20260707_1536/CWE121/valgrind/bin/CWE121/bad/CWE121_Stack_Based_Buffer_Overflow__CWE805_char_declare_ncat_13-bad)
==727013== 
==727013== 
==727013== HEAP SUMMARY:
==727013==     in use at exit: 0 bytes in 0 blocks
==727013==   total heap usage: 1 allocs, 1 frees, 4,096 bytes allocated
==727013== 
==727013== All heap blocks were freed -- no leaks are possible
==727013== 
==727013== For lists of detected and suppressed errors, rerun with: -s
==727013== ERROR SUMMARY: 1 errors from 1 contexts (suppressed: 0 from 0)
