==723990== Memcheck, a memory error detector
==723990== Copyright (C) 2002-2022, and GNU GPL'd, by Julian Seward et al.
==723990== Using Valgrind-3.22.0 and LibVEX; rerun with -h for copyright info
==723990== Command: /home/loris/Desktop/TestRepositories/Forked/juliet-test-suite-c/Automatic/results/20260707_1536/CWE121/valgrind/bin/CWE121/bad/CWE121_Stack_Based_Buffer_Overflow__CWE135_64-bad
==723990== Parent PID: 723989
==723990== 
==723990== Invalid read of size 1
==723990==    at 0x484F226: strlen (in /usr/libexec/valgrind/vgpreload_memcheck-amd64-linux.so)
==723990==    by 0x48F6BFC: puts (ioputs.c:35)
==723990==    by 0x109498: printLine (in /home/loris/Desktop/TestRepositories/Forked/juliet-test-suite-c/Automatic/results/20260707_1536/CWE121/valgrind/bin/CWE121/bad/CWE121_Stack_Based_Buffer_Overflow__CWE135_64-bad)
==723990==    by 0x10945E: CWE121_Stack_Based_Buffer_Overflow__CWE135_64b_badSink (in /home/loris/Desktop/TestRepositories/Forked/juliet-test-suite-c/Automatic/results/20260707_1536/CWE121/valgrind/bin/CWE121/bad/CWE121_Stack_Based_Buffer_Overflow__CWE135_64-bad)
==723990==    by 0x4100000040: ???
==723990==    by 0x4100000040: ???
==723990==    by 0x4100000040: ???
==723990==    by 0x4100000040: ???
==723990==    by 0x4100000040: ???
==723990==    by 0x4100000040: ???
==723990==    by 0x4100000040: ???
==723990==    by 0x4100000040: ???
==723990==  Address 0x4100000041 is not stack'd, malloc'd or (recently) free'd
==723990== 
==723990== 
==723990== Process terminating with default action of signal 11 (SIGSEGV)
==723990==  Access not within mapped region at address 0x4100000041
==723990==    at 0x484F226: strlen (in /usr/libexec/valgrind/vgpreload_memcheck-amd64-linux.so)
==723990==    by 0x48F6BFC: puts (ioputs.c:35)
==723990==    by 0x109498: printLine (in /home/loris/Desktop/TestRepositories/Forked/juliet-test-suite-c/Automatic/results/20260707_1536/CWE121/valgrind/bin/CWE121/bad/CWE121_Stack_Based_Buffer_Overflow__CWE135_64-bad)
==723990==    by 0x10945E: CWE121_Stack_Based_Buffer_Overflow__CWE135_64b_badSink (in /home/loris/Desktop/TestRepositories/Forked/juliet-test-suite-c/Automatic/results/20260707_1536/CWE121/valgrind/bin/CWE121/bad/CWE121_Stack_Based_Buffer_Overflow__CWE135_64-bad)
==723990==    by 0x4100000040: ???
==723990==    by 0x4100000040: ???
==723990==    by 0x4100000040: ???
==723990==    by 0x4100000040: ???
==723990==    by 0x4100000040: ???
==723990==    by 0x4100000040: ???
==723990==    by 0x4100000040: ???
==723990==    by 0x4100000040: ???
==723990==  If you believe this happened as a result of a stack
==723990==  overflow in your program's main thread (unlikely but
==723990==  possible), you can try to increase the size of the
==723990==  main thread stack using the --main-stacksize= flag.
==723990==  The main thread stack size used in this run was 8388608.
==723990== 
==723990== HEAP SUMMARY:
==723990==     in use at exit: 4,096 bytes in 1 blocks
==723990==   total heap usage: 1 allocs, 0 frees, 4,096 bytes allocated
==723990== 
==723990== LEAK SUMMARY:
==723990==    definitely lost: 0 bytes in 0 blocks
==723990==    indirectly lost: 0 bytes in 0 blocks
==723990==      possibly lost: 0 bytes in 0 blocks
==723990==    still reachable: 4,096 bytes in 1 blocks
==723990==         suppressed: 0 bytes in 0 blocks
==723990== Rerun with --leak-check=full to see details of leaked memory
==723990== 
==723990== For lists of detected and suppressed errors, rerun with: -s
==723990== ERROR SUMMARY: 1 errors from 1 contexts (suppressed: 0 from 0)
