==728777== Memcheck, a memory error detector
==728777== Copyright (C) 2002-2022, and GNU GPL'd, by Julian Seward et al.
==728777== Using Valgrind-3.22.0 and LibVEX; rerun with -h for copyright info
==728777== Command: /home/loris/Desktop/TestRepositories/Forked/juliet-test-suite-c/Automatic/results/20260707_1536/CWE121/valgrind/bin/CWE121/bad/CWE121_Stack_Based_Buffer_Overflow__CWE805_int_alloca_memcpy_07-bad
==728777== Parent PID: 728776
==728777== 
==728777== Invalid read of size 4
==728777==    at 0x10942A: CWE121_Stack_Based_Buffer_Overflow__CWE805_int_alloca_memcpy_07_bad (in /home/loris/Desktop/TestRepositories/Forked/juliet-test-suite-c/Automatic/results/20260707_1536/CWE121/valgrind/bin/CWE121/bad/CWE121_Stack_Based_Buffer_Overflow__CWE805_int_alloca_memcpy_07-bad)
==728777==    by 0x109486: main (in /home/loris/Desktop/TestRepositories/Forked/juliet-test-suite-c/Automatic/results/20260707_1536/CWE121/valgrind/bin/CWE121/bad/CWE121_Stack_Based_Buffer_Overflow__CWE805_int_alloca_memcpy_07-bad)
==728777==  Address 0x0 is not stack'd, malloc'd or (recently) free'd
==728777== 
==728777== 
==728777== Process terminating with default action of signal 11 (SIGSEGV)
==728777==  Access not within mapped region at address 0x0
==728777==    at 0x10942A: CWE121_Stack_Based_Buffer_Overflow__CWE805_int_alloca_memcpy_07_bad (in /home/loris/Desktop/TestRepositories/Forked/juliet-test-suite-c/Automatic/results/20260707_1536/CWE121/valgrind/bin/CWE121/bad/CWE121_Stack_Based_Buffer_Overflow__CWE805_int_alloca_memcpy_07-bad)
==728777==    by 0x109486: main (in /home/loris/Desktop/TestRepositories/Forked/juliet-test-suite-c/Automatic/results/20260707_1536/CWE121/valgrind/bin/CWE121/bad/CWE121_Stack_Based_Buffer_Overflow__CWE805_int_alloca_memcpy_07-bad)
==728777==  If you believe this happened as a result of a stack
==728777==  overflow in your program's main thread (unlikely but
==728777==  possible), you can try to increase the size of the
==728777==  main thread stack using the --main-stacksize= flag.
==728777==  The main thread stack size used in this run was 8388608.
==728777== 
==728777== HEAP SUMMARY:
==728777==     in use at exit: 4,096 bytes in 1 blocks
==728777==   total heap usage: 1 allocs, 0 frees, 4,096 bytes allocated
==728777== 
==728777== LEAK SUMMARY:
==728777==    definitely lost: 0 bytes in 0 blocks
==728777==    indirectly lost: 0 bytes in 0 blocks
==728777==      possibly lost: 0 bytes in 0 blocks
==728777==    still reachable: 4,096 bytes in 1 blocks
==728777==         suppressed: 0 bytes in 0 blocks
==728777== Rerun with --leak-check=full to see details of leaked memory
==728777== 
==728777== For lists of detected and suppressed errors, rerun with: -s
==728777== ERROR SUMMARY: 1 errors from 1 contexts (suppressed: 0 from 0)
