==722726== Memcheck, a memory error detector
==722726== Copyright (C) 2002-2022, and GNU GPL'd, by Julian Seward et al.
==722726== Using Valgrind-3.22.0 and LibVEX; rerun with -h for copyright info
==722726== Command: /home/loris/Desktop/TestRepositories/Forked/juliet-test-suite-c/Automatic/results/20260707_1536/CWE121/valgrind/bin/CWE121/bad/CWE121_Stack_Based_Buffer_Overflow__CWE129_listen_socket_32-bad
==722726== Parent PID: 722725
==722726== 
==722726== 
==722726== Process terminating with default action of signal 15 (SIGTERM)
==722726==    at 0x499A834: accept (accept.c:26)
==722726==    by 0x109486: CWE121_Stack_Based_Buffer_Overflow__CWE129_listen_socket_32_bad (in /home/loris/Desktop/TestRepositories/Forked/juliet-test-suite-c/Automatic/results/20260707_1536/CWE121/valgrind/bin/CWE121/bad/CWE121_Stack_Based_Buffer_Overflow__CWE129_listen_socket_32-bad)
==722726==    by 0x1095B9: main (in /home/loris/Desktop/TestRepositories/Forked/juliet-test-suite-c/Automatic/results/20260707_1536/CWE121/valgrind/bin/CWE121/bad/CWE121_Stack_Based_Buffer_Overflow__CWE129_listen_socket_32-bad)
==722726== 
==722726== HEAP SUMMARY:
==722726==     in use at exit: 4,096 bytes in 1 blocks
==722726==   total heap usage: 1 allocs, 0 frees, 4,096 bytes allocated
==722726== 
==722726== LEAK SUMMARY:
==722726==    definitely lost: 0 bytes in 0 blocks
==722726==    indirectly lost: 0 bytes in 0 blocks
==722726==      possibly lost: 0 bytes in 0 blocks
==722726==    still reachable: 4,096 bytes in 1 blocks
==722726==         suppressed: 0 bytes in 0 blocks
==722726== Rerun with --leak-check=full to see details of leaked memory
==722726== 
==722726== For lists of detected and suppressed errors, rerun with: -s
==722726== ERROR SUMMARY: 0 errors from 0 contexts (suppressed: 0 from 0)
