==725644== Memcheck, a memory error detector
==725644== Copyright (C) 2002-2022, and GNU GPL'd, by Julian Seward et al.
==725644== Using Valgrind-3.22.0 and LibVEX; rerun with -h for copyright info
==725644== Command: /home/loris/Desktop/TestRepositories/Forked/juliet-test-suite-c/Automatic/results/20260707_1536/CWE121/valgrind/bin/CWE121/bad/CWE121_Stack_Based_Buffer_Overflow__CWE805_char_alloca_memmove_08-bad
==725644== Parent PID: 725638
==725644== 
==725644== Invalid write of size 1
==725644==    at 0x10946C: CWE121_Stack_Based_Buffer_Overflow__CWE805_char_alloca_memmove_08_bad (in /home/loris/Desktop/TestRepositories/Forked/juliet-test-suite-c/Automatic/results/20260707_1536/CWE121/valgrind/bin/CWE121/bad/CWE121_Stack_Based_Buffer_Overflow__CWE805_char_alloca_memmove_08-bad)
==725644==    by 0x1094D1: main (in /home/loris/Desktop/TestRepositories/Forked/juliet-test-suite-c/Automatic/results/20260707_1536/CWE121/valgrind/bin/CWE121/bad/CWE121_Stack_Based_Buffer_Overflow__CWE805_char_alloca_memmove_08-bad)
==725644==  Address 0x43434343434343a6 is not stack'd, malloc'd or (recently) free'd
==725644== 
==725644== 
==725644== Process terminating with default action of signal 11 (SIGSEGV)
==725644==  General Protection Fault
==725644==    at 0x10946C: CWE121_Stack_Based_Buffer_Overflow__CWE805_char_alloca_memmove_08_bad (in /home/loris/Desktop/TestRepositories/Forked/juliet-test-suite-c/Automatic/results/20260707_1536/CWE121/valgrind/bin/CWE121/bad/CWE121_Stack_Based_Buffer_Overflow__CWE805_char_alloca_memmove_08-bad)
==725644==    by 0x1094D1: main (in /home/loris/Desktop/TestRepositories/Forked/juliet-test-suite-c/Automatic/results/20260707_1536/CWE121/valgrind/bin/CWE121/bad/CWE121_Stack_Based_Buffer_Overflow__CWE805_char_alloca_memmove_08-bad)
==725644== 
==725644== HEAP SUMMARY:
==725644==     in use at exit: 4,096 bytes in 1 blocks
==725644==   total heap usage: 1 allocs, 0 frees, 4,096 bytes allocated
==725644== 
==725644== LEAK SUMMARY:
==725644==    definitely lost: 0 bytes in 0 blocks
==725644==    indirectly lost: 0 bytes in 0 blocks
==725644==      possibly lost: 0 bytes in 0 blocks
==725644==    still reachable: 4,096 bytes in 1 blocks
==725644==         suppressed: 0 bytes in 0 blocks
==725644== Rerun with --leak-check=full to see details of leaked memory
==725644== 
==725644== For lists of detected and suppressed errors, rerun with: -s
==725644== ERROR SUMMARY: 1 errors from 1 contexts (suppressed: 0 from 0)
