==732610== Memcheck, a memory error detector
==732610== Copyright (C) 2002-2022, and GNU GPL'd, by Julian Seward et al.
==732610== Using Valgrind-3.22.0 and LibVEX; rerun with -h for copyright info
==732610== Command: /home/loris/Desktop/TestRepositories/Forked/juliet-test-suite-c/Automatic/results/20260707_1536/CWE121/valgrind/bin/CWE121/bad/CWE121_Stack_Based_Buffer_Overflow__CWE806_char_alloca_ncpy_06-bad
==732610== Parent PID: 732609
==732610== 
==732610== 
==732610== Process terminating with default action of signal 6 (SIGABRT)
==732610==    at 0x490DB2C: __pthread_kill_implementation (pthread_kill.c:44)
==732610==    by 0x490DB2C: __pthread_kill_internal (pthread_kill.c:78)
==732610==    by 0x490DB2C: pthread_kill@@GLIBC_2.34 (pthread_kill.c:89)
==732610==    by 0x48B427D: raise (raise.c:26)
==732610==    by 0x48978FE: abort (abort.c:79)
==732610==    by 0x48987B5: __libc_message_impl.cold (libc_fatal.c:134)
==732610==    by 0x49A5C48: __fortify_fail (fortify_fail.c:24)
==732610==    by 0x49A6ED3: __stack_chk_fail (stack_chk_fail.c:24)
==732610==    by 0x109435: CWE121_Stack_Based_Buffer_Overflow__CWE806_char_alloca_ncpy_06_bad (in /home/loris/Desktop/TestRepositories/Forked/juliet-test-suite-c/Automatic/results/20260707_1536/CWE121/valgrind/bin/CWE121/bad/CWE121_Stack_Based_Buffer_Overflow__CWE806_char_alloca_ncpy_06-bad)
==732610==    by 0x4141414141414140: ???
==732610==    by 0x4141414141414140: ???
==732610==    by 0x4141414141414140: ???
==732610==    by 0x1FFE414140: ???
==732610==    by 0x48991C9: (below main) (libc_start_call_main.h:58)
==732610== 
==732610== HEAP SUMMARY:
==732610==     in use at exit: 4,096 bytes in 1 blocks
==732610==   total heap usage: 1 allocs, 0 frees, 4,096 bytes allocated
==732610== 
==732610== LEAK SUMMARY:
==732610==    definitely lost: 0 bytes in 0 blocks
==732610==    indirectly lost: 0 bytes in 0 blocks
==732610==      possibly lost: 0 bytes in 0 blocks
==732610==    still reachable: 4,096 bytes in 1 blocks
==732610==         suppressed: 0 bytes in 0 blocks
==732610== Rerun with --leak-check=full to see details of leaked memory
==732610== 
==732610== For lists of detected and suppressed errors, rerun with: -s
==732610== ERROR SUMMARY: 0 errors from 0 contexts (suppressed: 0 from 0)
