==733325== Memcheck, a memory error detector
==733325== Copyright (C) 2002-2022, and GNU GPL'd, by Julian Seward et al.
==733325== Using Valgrind-3.22.0 and LibVEX; rerun with -h for copyright info
==733325== Command: /home/loris/Desktop/TestRepositories/Forked/juliet-test-suite-c/Automatic/results/20260707_1536/CWE121/valgrind/bin/CWE121/bad/CWE121_Stack_Based_Buffer_Overflow__CWE806_char_alloca_snprintf_63-bad
==733325== Parent PID: 733324
==733325== 
==733325== 
==733325== Process terminating with default action of signal 6 (SIGABRT)
==733325==    at 0x490DB2C: __pthread_kill_implementation (pthread_kill.c:44)
==733325==    by 0x490DB2C: __pthread_kill_internal (pthread_kill.c:78)
==733325==    by 0x490DB2C: pthread_kill@@GLIBC_2.34 (pthread_kill.c:89)
==733325==    by 0x48B427D: raise (raise.c:26)
==733325==    by 0x48978FE: abort (abort.c:79)
==733325==    by 0x48987B5: __libc_message_impl.cold (libc_fatal.c:134)
==733325==    by 0x49A5C48: __fortify_fail (fortify_fail.c:24)
==733325==    by 0x49A6ED3: __stack_chk_fail (stack_chk_fail.c:24)
==733325==    by 0x1094D3: CWE121_Stack_Based_Buffer_Overflow__CWE806_char_alloca_snprintf_63b_badSink (in /home/loris/Desktop/TestRepositories/Forked/juliet-test-suite-c/Automatic/results/20260707_1536/CWE121/valgrind/bin/CWE121/bad/CWE121_Stack_Based_Buffer_Overflow__CWE806_char_alloca_snprintf_63-bad)
==733325==    by 0x4141414141414140: ???
==733325==    by 0x4141414141414140: ???
==733325==    by 0x4141414141414140: ???
==733325==    by 0x4141414141004140: ???
==733325==    by 0x4141414141414140: ???
==733325== 
==733325== HEAP SUMMARY:
==733325==     in use at exit: 4,096 bytes in 1 blocks
==733325==   total heap usage: 1 allocs, 0 frees, 4,096 bytes allocated
==733325== 
==733325== LEAK SUMMARY:
==733325==    definitely lost: 0 bytes in 0 blocks
==733325==    indirectly lost: 0 bytes in 0 blocks
==733325==      possibly lost: 0 bytes in 0 blocks
==733325==    still reachable: 4,096 bytes in 1 blocks
==733325==         suppressed: 0 bytes in 0 blocks
==733325== Rerun with --leak-check=full to see details of leaked memory
==733325== 
==733325== For lists of detected and suppressed errors, rerun with: -s
==733325== ERROR SUMMARY: 0 errors from 0 contexts (suppressed: 0 from 0)
