==733191== Memcheck, a memory error detector
==733191== Copyright (C) 2002-2022, and GNU GPL'd, by Julian Seward et al.
==733191== Using Valgrind-3.22.0 and LibVEX; rerun with -h for copyright info
==733191== Command: /home/loris/Desktop/TestRepositories/Forked/juliet-test-suite-c/Automatic/results/20260707_1536/CWE121/valgrind/bin/CWE121/bad/CWE121_Stack_Based_Buffer_Overflow__CWE806_char_alloca_snprintf_31-bad
==733191== Parent PID: 733190
==733191== 
==733191== 
==733191== Process terminating with default action of signal 6 (SIGABRT)
==733191==    at 0x490DB2C: __pthread_kill_implementation (pthread_kill.c:44)
==733191==    by 0x490DB2C: __pthread_kill_internal (pthread_kill.c:78)
==733191==    by 0x490DB2C: pthread_kill@@GLIBC_2.34 (pthread_kill.c:89)
==733191==    by 0x48B427D: raise (raise.c:26)
==733191==    by 0x48978FE: abort (abort.c:79)
==733191==    by 0x48987B5: __libc_message_impl.cold (libc_fatal.c:134)
==733191==    by 0x49A5C48: __fortify_fail (fortify_fail.c:24)
==733191==    by 0x49A6ED3: __stack_chk_fail (stack_chk_fail.c:24)
==733191==    by 0x109443: CWE121_Stack_Based_Buffer_Overflow__CWE806_char_alloca_snprintf_31_bad (in /home/loris/Desktop/TestRepositories/Forked/juliet-test-suite-c/Automatic/results/20260707_1536/CWE121/valgrind/bin/CWE121/bad/CWE121_Stack_Based_Buffer_Overflow__CWE806_char_alloca_snprintf_31-bad)
==733191==    by 0x4141414141414140: ???
==733191==    by 0x4141414141414140: ???
==733191==    by 0x4141414141414140: ???
==733191==    by 0x1FFE004140: ???
==733191==    by 0x48991C9: (below main) (libc_start_call_main.h:58)
==733191== 
==733191== HEAP SUMMARY:
==733191==     in use at exit: 4,096 bytes in 1 blocks
==733191==   total heap usage: 1 allocs, 0 frees, 4,096 bytes allocated
==733191== 
==733191== LEAK SUMMARY:
==733191==    definitely lost: 0 bytes in 0 blocks
==733191==    indirectly lost: 0 bytes in 0 blocks
==733191==      possibly lost: 0 bytes in 0 blocks
==733191==    still reachable: 4,096 bytes in 1 blocks
==733191==         suppressed: 0 bytes in 0 blocks
==733191== Rerun with --leak-check=full to see details of leaked memory
==733191== 
==733191== For lists of detected and suppressed errors, rerun with: -s
==733191== ERROR SUMMARY: 0 errors from 0 contexts (suppressed: 0 from 0)
