==729928== Memcheck, a memory error detector
==729928== Copyright (C) 2002-2022, and GNU GPL'd, by Julian Seward et al.
==729928== Using Valgrind-3.22.0 and LibVEX; rerun with -h for copyright info
==729928== Command: /home/loris/Desktop/TestRepositories/Forked/juliet-test-suite-c/Automatic/results/20260707_1536/CWE121/valgrind/bin/CWE121/bad/CWE121_Stack_Based_Buffer_Overflow__CWE805_struct_alloca_loop_67-bad
==729928== Parent PID: 729925
==729928== 
==729928== 
==729928== Process terminating with default action of signal 6 (SIGABRT)
==729928==    at 0x490DB2C: __pthread_kill_implementation (pthread_kill.c:44)
==729928==    by 0x490DB2C: __pthread_kill_internal (pthread_kill.c:78)
==729928==    by 0x490DB2C: pthread_kill@@GLIBC_2.34 (pthread_kill.c:89)
==729928==    by 0x48B427D: raise (raise.c:26)
==729928==    by 0x48978FE: abort (abort.c:79)
==729928==    by 0x48987B5: __libc_message_impl.cold (libc_fatal.c:134)
==729928==    by 0x49A5C48: __fortify_fail (fortify_fail.c:24)
==729928==    by 0x49A6ED3: __stack_chk_fail (stack_chk_fail.c:24)
==729928==    by 0x1093DC: CWE121_Stack_Based_Buffer_Overflow__CWE805_struct_alloca_loop_67_bad (in /home/loris/Desktop/TestRepositories/Forked/juliet-test-suite-c/Automatic/results/20260707_1536/CWE121/valgrind/bin/CWE121/bad/CWE121_Stack_Based_Buffer_Overflow__CWE805_struct_alloca_loop_67-bad)
==729928== 
==729928== HEAP SUMMARY:
==729928==     in use at exit: 4,096 bytes in 1 blocks
==729928==   total heap usage: 1 allocs, 0 frees, 4,096 bytes allocated
==729928== 
==729928== LEAK SUMMARY:
==729928==    definitely lost: 0 bytes in 0 blocks
==729928==    indirectly lost: 0 bytes in 0 blocks
==729928==      possibly lost: 0 bytes in 0 blocks
==729928==    still reachable: 4,096 bytes in 1 blocks
==729928==         suppressed: 0 bytes in 0 blocks
==729928== Rerun with --leak-check=full to see details of leaked memory
==729928== 
==729928== For lists of detected and suppressed errors, rerun with: -s
==729928== ERROR SUMMARY: 0 errors from 0 contexts (suppressed: 0 from 0)
