==723881== Memcheck, a memory error detector
==723881== Copyright (C) 2002-2022, and GNU GPL'd, by Julian Seward et al.
==723881== Using Valgrind-3.22.0 and LibVEX; rerun with -h for copyright info
==723881== Command: /home/loris/Desktop/TestRepositories/Forked/juliet-test-suite-c/Automatic/results/20260707_1536/CWE121/valgrind/bin/CWE121/bad/CWE121_Stack_Based_Buffer_Overflow__CWE135_41-bad
==723881== Parent PID: 723880
==723881== 
==723881== Invalid read of size 1
==723881==    at 0x484F226: strlen (in /usr/libexec/valgrind/vgpreload_memcheck-amd64-linux.so)
==723881==    by 0x48F6BFC: puts (ioputs.c:35)
==723881==    by 0x109462: printLine (in /home/loris/Desktop/TestRepositories/Forked/juliet-test-suite-c/Automatic/results/20260707_1536/CWE121/valgrind/bin/CWE121/bad/CWE121_Stack_Based_Buffer_Overflow__CWE135_41-bad)
==723881==    by 0x1093A7: badSink (in /home/loris/Desktop/TestRepositories/Forked/juliet-test-suite-c/Automatic/results/20260707_1536/CWE121/valgrind/bin/CWE121/bad/CWE121_Stack_Based_Buffer_Overflow__CWE135_41-bad)
==723881==    by 0x4100000040: ???
==723881==    by 0x4100000040: ???
==723881==    by 0x4100000040: ???
==723881==    by 0x4100000040: ???
==723881==    by 0x4100000040: ???
==723881==    by 0x4100000040: ???
==723881==    by 0x4100000040: ???
==723881==    by 0x4100000040: ???
==723881==  Address 0x4100000041 is not stack'd, malloc'd or (recently) free'd
==723881== 
==723881== 
==723881== Process terminating with default action of signal 11 (SIGSEGV)
==723881==  Access not within mapped region at address 0x4100000041
==723881==    at 0x484F226: strlen (in /usr/libexec/valgrind/vgpreload_memcheck-amd64-linux.so)
==723881==    by 0x48F6BFC: puts (ioputs.c:35)
==723881==    by 0x109462: printLine (in /home/loris/Desktop/TestRepositories/Forked/juliet-test-suite-c/Automatic/results/20260707_1536/CWE121/valgrind/bin/CWE121/bad/CWE121_Stack_Based_Buffer_Overflow__CWE135_41-bad)
==723881==    by 0x1093A7: badSink (in /home/loris/Desktop/TestRepositories/Forked/juliet-test-suite-c/Automatic/results/20260707_1536/CWE121/valgrind/bin/CWE121/bad/CWE121_Stack_Based_Buffer_Overflow__CWE135_41-bad)
==723881==    by 0x4100000040: ???
==723881==    by 0x4100000040: ???
==723881==    by 0x4100000040: ???
==723881==    by 0x4100000040: ???
==723881==    by 0x4100000040: ???
==723881==    by 0x4100000040: ???
==723881==    by 0x4100000040: ???
==723881==    by 0x4100000040: ???
==723881==  If you believe this happened as a result of a stack
==723881==  overflow in your program's main thread (unlikely but
==723881==  possible), you can try to increase the size of the
==723881==  main thread stack using the --main-stacksize= flag.
==723881==  The main thread stack size used in this run was 8388608.
==723881== 
==723881== HEAP SUMMARY:
==723881==     in use at exit: 4,096 bytes in 1 blocks
==723881==   total heap usage: 1 allocs, 0 frees, 4,096 bytes allocated
==723881== 
==723881== LEAK SUMMARY:
==723881==    definitely lost: 0 bytes in 0 blocks
==723881==    indirectly lost: 0 bytes in 0 blocks
==723881==      possibly lost: 0 bytes in 0 blocks
==723881==    still reachable: 4,096 bytes in 1 blocks
==723881==         suppressed: 0 bytes in 0 blocks
==723881== Rerun with --leak-check=full to see details of leaked memory
==723881== 
==723881== For lists of detected and suppressed errors, rerun with: -s
==723881== ERROR SUMMARY: 1 errors from 1 contexts (suppressed: 0 from 0)
