==730431== Memcheck, a memory error detector
==730431== Copyright (C) 2002-2022, and GNU GPL'd, by Julian Seward et al.
==730431== Using Valgrind-3.22.0 and LibVEX; rerun with -h for copyright info
==730431== Command: /home/loris/Desktop/TestRepositories/Forked/juliet-test-suite-c/Automatic/results/20260707_1536/CWE121/valgrind/bin/CWE121/bad/CWE121_Stack_Based_Buffer_Overflow__CWE805_struct_alloca_memmove_11-bad
==730431== Parent PID: 730430
==730431== 
==730431== Invalid read of size 4
==730431==    at 0x10976E: printStructLine (in /home/loris/Desktop/TestRepositories/Forked/juliet-test-suite-c/Automatic/results/20260707_1536/CWE121/valgrind/bin/CWE121/bad/CWE121_Stack_Based_Buffer_Overflow__CWE805_struct_alloca_memmove_11-bad)
==730431==    by 0x109460: CWE121_Stack_Based_Buffer_Overflow__CWE805_struct_alloca_memmove_11_bad (in /home/loris/Desktop/TestRepositories/Forked/juliet-test-suite-c/Automatic/results/20260707_1536/CWE121/valgrind/bin/CWE121/bad/CWE121_Stack_Based_Buffer_Overflow__CWE805_struct_alloca_memmove_11-bad)
==730431==    by 0x1094B4: main (in /home/loris/Desktop/TestRepositories/Forked/juliet-test-suite-c/Automatic/results/20260707_1536/CWE121/valgrind/bin/CWE121/bad/CWE121_Stack_Based_Buffer_Overflow__CWE805_struct_alloca_memmove_11-bad)
==730431==  Address 0x4 is not stack'd, malloc'd or (recently) free'd
==730431== 
==730431== 
==730431== Process terminating with default action of signal 11 (SIGSEGV)
==730431==  Access not within mapped region at address 0x4
==730431==    at 0x10976E: printStructLine (in /home/loris/Desktop/TestRepositories/Forked/juliet-test-suite-c/Automatic/results/20260707_1536/CWE121/valgrind/bin/CWE121/bad/CWE121_Stack_Based_Buffer_Overflow__CWE805_struct_alloca_memmove_11-bad)
==730431==    by 0x109460: CWE121_Stack_Based_Buffer_Overflow__CWE805_struct_alloca_memmove_11_bad (in /home/loris/Desktop/TestRepositories/Forked/juliet-test-suite-c/Automatic/results/20260707_1536/CWE121/valgrind/bin/CWE121/bad/CWE121_Stack_Based_Buffer_Overflow__CWE805_struct_alloca_memmove_11-bad)
==730431==    by 0x1094B4: main (in /home/loris/Desktop/TestRepositories/Forked/juliet-test-suite-c/Automatic/results/20260707_1536/CWE121/valgrind/bin/CWE121/bad/CWE121_Stack_Based_Buffer_Overflow__CWE805_struct_alloca_memmove_11-bad)
==730431==  If you believe this happened as a result of a stack
==730431==  overflow in your program's main thread (unlikely but
==730431==  possible), you can try to increase the size of the
==730431==  main thread stack using the --main-stacksize= flag.
==730431==  The main thread stack size used in this run was 8388608.
==730431== 
==730431== HEAP SUMMARY:
==730431==     in use at exit: 4,096 bytes in 1 blocks
==730431==   total heap usage: 1 allocs, 0 frees, 4,096 bytes allocated
==730431== 
==730431== LEAK SUMMARY:
==730431==    definitely lost: 0 bytes in 0 blocks
==730431==    indirectly lost: 0 bytes in 0 blocks
==730431==      possibly lost: 0 bytes in 0 blocks
==730431==    still reachable: 4,096 bytes in 1 blocks
==730431==         suppressed: 0 bytes in 0 blocks
==730431== Rerun with --leak-check=full to see details of leaked memory
==730431== 
==730431== For lists of detected and suppressed errors, rerun with: -s
==730431== ERROR SUMMARY: 1 errors from 1 contexts (suppressed: 0 from 0)
