==736174== Memcheck, a memory error detector
==736174== Copyright (C) 2002-2022, and GNU GPL'd, by Julian Seward et al.
==736174== Using Valgrind-3.22.0 and LibVEX; rerun with -h for copyright info
==736174== Command: /home/loris/Desktop/TestRepositories/Forked/juliet-test-suite-c/Automatic/results/20260707_1536/CWE121/valgrind/bin/CWE121/bad/CWE121_Stack_Based_Buffer_Overflow__src_char_alloca_cpy_09-bad
==736174== Parent PID: 736173
==736174== 
==736174== 
==736174== Process terminating with default action of signal 6 (SIGABRT)
==736174==    at 0x490DB2C: __pthread_kill_implementation (pthread_kill.c:44)
==736174==    by 0x490DB2C: __pthread_kill_internal (pthread_kill.c:78)
==736174==    by 0x490DB2C: pthread_kill@@GLIBC_2.34 (pthread_kill.c:89)
==736174==    by 0x48B427D: raise (raise.c:26)
==736174==    by 0x48978FE: abort (abort.c:79)
==736174==    by 0x48987B5: __libc_message_impl.cold (libc_fatal.c:134)
==736174==    by 0x49A5C48: __fortify_fail (fortify_fail.c:24)
==736174==    by 0x49A6ED3: __stack_chk_fail (stack_chk_fail.c:24)
==736174==    by 0x109402: CWE121_Stack_Based_Buffer_Overflow__src_char_alloca_cpy_09_bad (in /home/loris/Desktop/TestRepositories/Forked/juliet-test-suite-c/Automatic/results/20260707_1536/CWE121/valgrind/bin/CWE121/bad/CWE121_Stack_Based_Buffer_Overflow__src_char_alloca_cpy_09-bad)
==736174==    by 0x4141414141414140: ???
==736174==    by 0x4141414141414140: ???
==736174==    by 0x4141414141414140: ???
==736174==    by 0x1F00414140: ???
==736174==    by 0x48991C9: (below main) (libc_start_call_main.h:58)
==736174== 
==736174== HEAP SUMMARY:
==736174==     in use at exit: 4,096 bytes in 1 blocks
==736174==   total heap usage: 1 allocs, 0 frees, 4,096 bytes allocated
==736174== 
==736174== LEAK SUMMARY:
==736174==    definitely lost: 0 bytes in 0 blocks
==736174==    indirectly lost: 0 bytes in 0 blocks
==736174==      possibly lost: 0 bytes in 0 blocks
==736174==    still reachable: 4,096 bytes in 1 blocks
==736174==         suppressed: 0 bytes in 0 blocks
==736174== Rerun with --leak-check=full to see details of leaked memory
==736174== 
==736174== For lists of detected and suppressed errors, rerun with: -s
==736174== ERROR SUMMARY: 0 errors from 0 contexts (suppressed: 0 from 0)
