==727636== Memcheck, a memory error detector
==727636== Copyright (C) 2002-2022, and GNU GPL'd, by Julian Seward et al.
==727636== Using Valgrind-3.22.0 and LibVEX; rerun with -h for copyright info
==727636== Command: /home/loris/Desktop/TestRepositories/Forked/juliet-test-suite-c/Automatic/results/20260707_1536/CWE121/valgrind/bin/CWE121/bad/CWE121_Stack_Based_Buffer_Overflow__CWE805_int64_t_alloca_memcpy_15-bad
==727636== Parent PID: 727635
==727636== 
==727636== Invalid read of size 8
==727636==    at 0x109420: CWE121_Stack_Based_Buffer_Overflow__CWE805_int64_t_alloca_memcpy_15_bad (in /home/loris/Desktop/TestRepositories/Forked/juliet-test-suite-c/Automatic/results/20260707_1536/CWE121/valgrind/bin/CWE121/bad/CWE121_Stack_Based_Buffer_Overflow__CWE805_int64_t_alloca_memcpy_15-bad)
==727636==    by 0x10947E: main (in /home/loris/Desktop/TestRepositories/Forked/juliet-test-suite-c/Automatic/results/20260707_1536/CWE121/valgrind/bin/CWE121/bad/CWE121_Stack_Based_Buffer_Overflow__CWE805_int64_t_alloca_memcpy_15-bad)
==727636==  Address 0x0 is not stack'd, malloc'd or (recently) free'd
==727636== 
==727636== 
==727636== Process terminating with default action of signal 11 (SIGSEGV)
==727636==  Access not within mapped region at address 0x0
==727636==    at 0x109420: CWE121_Stack_Based_Buffer_Overflow__CWE805_int64_t_alloca_memcpy_15_bad (in /home/loris/Desktop/TestRepositories/Forked/juliet-test-suite-c/Automatic/results/20260707_1536/CWE121/valgrind/bin/CWE121/bad/CWE121_Stack_Based_Buffer_Overflow__CWE805_int64_t_alloca_memcpy_15-bad)
==727636==    by 0x10947E: main (in /home/loris/Desktop/TestRepositories/Forked/juliet-test-suite-c/Automatic/results/20260707_1536/CWE121/valgrind/bin/CWE121/bad/CWE121_Stack_Based_Buffer_Overflow__CWE805_int64_t_alloca_memcpy_15-bad)
==727636==  If you believe this happened as a result of a stack
==727636==  overflow in your program's main thread (unlikely but
==727636==  possible), you can try to increase the size of the
==727636==  main thread stack using the --main-stacksize= flag.
==727636==  The main thread stack size used in this run was 8388608.
==727636== 
==727636== HEAP SUMMARY:
==727636==     in use at exit: 4,096 bytes in 1 blocks
==727636==   total heap usage: 1 allocs, 0 frees, 4,096 bytes allocated
==727636== 
==727636== LEAK SUMMARY:
==727636==    definitely lost: 0 bytes in 0 blocks
==727636==    indirectly lost: 0 bytes in 0 blocks
==727636==      possibly lost: 0 bytes in 0 blocks
==727636==    still reachable: 4,096 bytes in 1 blocks
==727636==         suppressed: 0 bytes in 0 blocks
==727636== Rerun with --leak-check=full to see details of leaked memory
==727636== 
==727636== For lists of detected and suppressed errors, rerun with: -s
==727636== ERROR SUMMARY: 1 errors from 1 contexts (suppressed: 0 from 0)
