==735774== Memcheck, a memory error detector
==735774== Copyright (C) 2002-2022, and GNU GPL'd, by Julian Seward et al.
==735774== Using Valgrind-3.22.0 and LibVEX; rerun with -h for copyright info
==735774== Command: /home/loris/Desktop/TestRepositories/Forked/juliet-test-suite-c/Automatic/results/20260707_1536/CWE121/valgrind/bin/CWE121/bad/CWE121_Stack_Based_Buffer_Overflow__src_char_alloca_cat_10-bad
==735774== Parent PID: 735773
==735774== 
==735774== 
==735774== Process terminating with default action of signal 6 (SIGABRT)
==735774==    at 0x490DB2C: __pthread_kill_implementation (pthread_kill.c:44)
==735774==    by 0x490DB2C: __pthread_kill_internal (pthread_kill.c:78)
==735774==    by 0x490DB2C: pthread_kill@@GLIBC_2.34 (pthread_kill.c:89)
==735774==    by 0x48B427D: raise (raise.c:26)
==735774==    by 0x48978FE: abort (abort.c:79)
==735774==    by 0x48987B5: __libc_message_impl.cold (libc_fatal.c:134)
==735774==    by 0x49A5C48: __fortify_fail (fortify_fail.c:24)
==735774==    by 0x49A6ED3: __stack_chk_fail (stack_chk_fail.c:24)
==735774==    by 0x109402: CWE121_Stack_Based_Buffer_Overflow__src_char_alloca_cat_10_bad (in /home/loris/Desktop/TestRepositories/Forked/juliet-test-suite-c/Automatic/results/20260707_1536/CWE121/valgrind/bin/CWE121/bad/CWE121_Stack_Based_Buffer_Overflow__src_char_alloca_cat_10-bad)
==735774==    by 0x4141414141414140: ???
==735774==    by 0x4141414141414140: ???
==735774==    by 0x4141414141414140: ???
==735774==    by 0x1F00414140: ???
==735774==    by 0x48991C9: (below main) (libc_start_call_main.h:58)
==735774== 
==735774== HEAP SUMMARY:
==735774==     in use at exit: 4,096 bytes in 1 blocks
==735774==   total heap usage: 1 allocs, 0 frees, 4,096 bytes allocated
==735774== 
==735774== LEAK SUMMARY:
==735774==    definitely lost: 0 bytes in 0 blocks
==735774==    indirectly lost: 0 bytes in 0 blocks
==735774==      possibly lost: 0 bytes in 0 blocks
==735774==    still reachable: 4,096 bytes in 1 blocks
==735774==         suppressed: 0 bytes in 0 blocks
==735774== Rerun with --leak-check=full to see details of leaked memory
==735774== 
==735774== For lists of detected and suppressed errors, rerun with: -s
==735774== ERROR SUMMARY: 0 errors from 0 contexts (suppressed: 0 from 0)
