==736758== Memcheck, a memory error detector
==736758== Copyright (C) 2002-2022, and GNU GPL'd, by Julian Seward et al.
==736758== Using Valgrind-3.22.0 and LibVEX; rerun with -h for copyright info
==736758== Command: /home/loris/Desktop/TestRepositories/Forked/juliet-test-suite-c/Automatic/results/20260707_1536/CWE121/valgrind/bin/CWE121/bad/CWE121_Stack_Based_Buffer_Overflow__src_char_declare_cpy_45-bad
==736758== Parent PID: 736757
==736758== 
==736758== Source and destination overlap in strcpy(0x1ffefffdd0, 0x1ffefffe30)
==736758==    at 0x484F413: strcpy (in /usr/libexec/valgrind/vgpreload_memcheck-amd64-linux.so)
==736758==    by 0x109337: badSink (in /home/loris/Desktop/TestRepositories/Forked/juliet-test-suite-c/Automatic/results/20260707_1536/CWE121/valgrind/bin/CWE121/bad/CWE121_Stack_Based_Buffer_Overflow__src_char_declare_cpy_45-bad)
==736758==    by 0x4141414141414140: ???
==736758==    by 0x4141414141414140: ???
==736758==    by 0x4141414141414140: ???
==736758==    by 0x4141414100414140: ???
==736758==    by 0x4141414141414140: ???
==736758==    by 0x4141414141414140: ???
==736758==    by 0x4141414141414140: ???
==736758==    by 0x4141414141414140: ???
==736758==    by 0x4141414141414140: ???
==736758==    by 0x4141414141414140: ???
==736758== 
==736758== 
==736758== Process terminating with default action of signal 6 (SIGABRT)
==736758==    at 0x490DB2C: __pthread_kill_implementation (pthread_kill.c:44)
==736758==    by 0x490DB2C: __pthread_kill_internal (pthread_kill.c:78)
==736758==    by 0x490DB2C: pthread_kill@@GLIBC_2.34 (pthread_kill.c:89)
==736758==    by 0x48B427D: raise (raise.c:26)
==736758==    by 0x48978FE: abort (abort.c:79)
==736758==    by 0x48987B5: __libc_message_impl.cold (libc_fatal.c:134)
==736758==    by 0x49A5C48: __fortify_fail (fortify_fail.c:24)
==736758==    by 0x49A6ED3: __stack_chk_fail (stack_chk_fail.c:24)
==736758==    by 0x109358: badSink (in /home/loris/Desktop/TestRepositories/Forked/juliet-test-suite-c/Automatic/results/20260707_1536/CWE121/valgrind/bin/CWE121/bad/CWE121_Stack_Based_Buffer_Overflow__src_char_declare_cpy_45-bad)
==736758==    by 0x4141414141414140: ???
==736758==    by 0x4141414141414140: ???
==736758==    by 0x4141414141414140: ???
==736758==    by 0x4141414100414140: ???
==736758==    by 0x4141414141414140: ???
==736758== 
==736758== HEAP SUMMARY:
==736758==     in use at exit: 4,096 bytes in 1 blocks
==736758==   total heap usage: 1 allocs, 0 frees, 4,096 bytes allocated
==736758== 
==736758== LEAK SUMMARY:
==736758==    definitely lost: 0 bytes in 0 blocks
==736758==    indirectly lost: 0 bytes in 0 blocks
==736758==      possibly lost: 0 bytes in 0 blocks
==736758==    still reachable: 4,096 bytes in 1 blocks
==736758==         suppressed: 0 bytes in 0 blocks
==736758== Rerun with --leak-check=full to see details of leaked memory
==736758== 
==736758== For lists of detected and suppressed errors, rerun with: -s
==736758== ERROR SUMMARY: 1 errors from 1 contexts (suppressed: 0 from 0)
