==736868== Memcheck, a memory error detector
==736868== Copyright (C) 2002-2022, and GNU GPL'd, by Julian Seward et al.
==736868== Using Valgrind-3.22.0 and LibVEX; rerun with -h for copyright info
==736868== Command: /home/loris/Desktop/TestRepositories/Forked/juliet-test-suite-c/Automatic/results/20260707_1536/CWE121/valgrind/bin/CWE121/bad/CWE121_Stack_Based_Buffer_Overflow__src_char_declare_cpy_68-bad
==736868== Parent PID: 736867
==736868== 
==736868== Source and destination overlap in strcpy(0x1ffefffdd0, 0x1ffefffe30)
==736868==    at 0x484F413: strcpy (in /usr/libexec/valgrind/vgpreload_memcheck-amd64-linux.so)
==736868==    by 0x1093FA: CWE121_Stack_Based_Buffer_Overflow__src_char_declare_cpy_68b_badSink (in /home/loris/Desktop/TestRepositories/Forked/juliet-test-suite-c/Automatic/results/20260707_1536/CWE121/valgrind/bin/CWE121/bad/CWE121_Stack_Based_Buffer_Overflow__src_char_declare_cpy_68-bad)
==736868==    by 0x4141414141414140: ???
==736868==    by 0x4141414141414140: ???
==736868==    by 0x4141414141414140: ???
==736868==    by 0x4141414100414140: ???
==736868==    by 0x4141414141414140: ???
==736868==    by 0x4141414141414140: ???
==736868==    by 0x4141414141414140: ???
==736868==    by 0x4141414141414140: ???
==736868==    by 0x4141414141414140: ???
==736868==    by 0x4141414141414140: ???
==736868== 
==736868== 
==736868== Process terminating with default action of signal 6 (SIGABRT)
==736868==    at 0x490DB2C: __pthread_kill_implementation (pthread_kill.c:44)
==736868==    by 0x490DB2C: __pthread_kill_internal (pthread_kill.c:78)
==736868==    by 0x490DB2C: pthread_kill@@GLIBC_2.34 (pthread_kill.c:89)
==736868==    by 0x48B427D: raise (raise.c:26)
==736868==    by 0x48978FE: abort (abort.c:79)
==736868==    by 0x48987B5: __libc_message_impl.cold (libc_fatal.c:134)
==736868==    by 0x49A5C48: __fortify_fail (fortify_fail.c:24)
==736868==    by 0x49A6ED3: __stack_chk_fail (stack_chk_fail.c:24)
==736868==    by 0x10941B: CWE121_Stack_Based_Buffer_Overflow__src_char_declare_cpy_68b_badSink (in /home/loris/Desktop/TestRepositories/Forked/juliet-test-suite-c/Automatic/results/20260707_1536/CWE121/valgrind/bin/CWE121/bad/CWE121_Stack_Based_Buffer_Overflow__src_char_declare_cpy_68-bad)
==736868==    by 0x4141414141414140: ???
==736868==    by 0x4141414141414140: ???
==736868==    by 0x4141414141414140: ???
==736868==    by 0x4141414100414140: ???
==736868==    by 0x4141414141414140: ???
==736868== 
==736868== HEAP SUMMARY:
==736868==     in use at exit: 4,096 bytes in 1 blocks
==736868==   total heap usage: 1 allocs, 0 frees, 4,096 bytes allocated
==736868== 
==736868== LEAK SUMMARY:
==736868==    definitely lost: 0 bytes in 0 blocks
==736868==    indirectly lost: 0 bytes in 0 blocks
==736868==      possibly lost: 0 bytes in 0 blocks
==736868==    still reachable: 4,096 bytes in 1 blocks
==736868==         suppressed: 0 bytes in 0 blocks
==736868== Rerun with --leak-check=full to see details of leaked memory
==736868== 
==736868== For lists of detected and suppressed errors, rerun with: -s
==736868== ERROR SUMMARY: 1 errors from 1 contexts (suppressed: 0 from 0)
