==722899== Memcheck, a memory error detector
==722899== Copyright (C) 2002-2022, and GNU GPL'd, by Julian Seward et al.
==722899== Using Valgrind-3.22.0 and LibVEX; rerun with -h for copyright info
==722899== Command: /home/loris/Desktop/TestRepositories/Forked/juliet-test-suite-c/Automatic/results/20260707_1536/CWE121/valgrind/bin/CWE121/bad/CWE121_Stack_Based_Buffer_Overflow__CWE129_rand_44-bad
==722899== Parent PID: 722898
==722899== 
==722899== Invalid write of size 4
==722899==    at 0x1092C3: badSink (in /home/loris/Desktop/TestRepositories/Forked/juliet-test-suite-c/Automatic/results/20260707_1536/CWE121/valgrind/bin/CWE121/bad/CWE121_Stack_Based_Buffer_Overflow__CWE129_rand_44-bad)
==722899==    by 0x109388: CWE121_Stack_Based_Buffer_Overflow__CWE129_rand_44_bad (in /home/loris/Desktop/TestRepositories/Forked/juliet-test-suite-c/Automatic/results/20260707_1536/CWE121/valgrind/bin/CWE121/bad/CWE121_Stack_Based_Buffer_Overflow__CWE129_rand_44-bad)
==722899==    by 0x1093CC: main (in /home/loris/Desktop/TestRepositories/Forked/juliet-test-suite-c/Automatic/results/20260707_1536/CWE121/valgrind/bin/CWE121/bad/CWE121_Stack_Based_Buffer_Overflow__CWE129_rand_44-bad)
==722899==  Address 0x20a7574ae0 is not stack'd, malloc'd or (recently) free'd
==722899== 
==722899== 
==722899== Process terminating with default action of signal 11 (SIGSEGV)
==722899==  Access not within mapped region at address 0x20A7574AE0
==722899==    at 0x1092C3: badSink (in /home/loris/Desktop/TestRepositories/Forked/juliet-test-suite-c/Automatic/results/20260707_1536/CWE121/valgrind/bin/CWE121/bad/CWE121_Stack_Based_Buffer_Overflow__CWE129_rand_44-bad)
==722899==    by 0x109388: CWE121_Stack_Based_Buffer_Overflow__CWE129_rand_44_bad (in /home/loris/Desktop/TestRepositories/Forked/juliet-test-suite-c/Automatic/results/20260707_1536/CWE121/valgrind/bin/CWE121/bad/CWE121_Stack_Based_Buffer_Overflow__CWE129_rand_44-bad)
==722899==    by 0x1093CC: main (in /home/loris/Desktop/TestRepositories/Forked/juliet-test-suite-c/Automatic/results/20260707_1536/CWE121/valgrind/bin/CWE121/bad/CWE121_Stack_Based_Buffer_Overflow__CWE129_rand_44-bad)
==722899==  If you believe this happened as a result of a stack
==722899==  overflow in your program's main thread (unlikely but
==722899==  possible), you can try to increase the size of the
==722899==  main thread stack using the --main-stacksize= flag.
==722899==  The main thread stack size used in this run was 8388608.
==722899== 
==722899== HEAP SUMMARY:
==722899==     in use at exit: 4,096 bytes in 1 blocks
==722899==   total heap usage: 1 allocs, 0 frees, 4,096 bytes allocated
==722899== 
==722899== LEAK SUMMARY:
==722899==    definitely lost: 0 bytes in 0 blocks
==722899==    indirectly lost: 0 bytes in 0 blocks
==722899==      possibly lost: 0 bytes in 0 blocks
==722899==    still reachable: 4,096 bytes in 1 blocks
==722899==         suppressed: 0 bytes in 0 blocks
==722899== Rerun with --leak-check=full to see details of leaked memory
==722899== 
==722899== For lists of detected and suppressed errors, rerun with: -s
==722899== ERROR SUMMARY: 1 errors from 1 contexts (suppressed: 0 from 0)
