==728069== Memcheck, a memory error detector
==728069== Copyright (C) 2002-2022, and GNU GPL'd, by Julian Seward et al.
==728069== Using Valgrind-3.22.0 and LibVEX; rerun with -h for copyright info
==728069== Command: /home/loris/Desktop/TestRepositories/Forked/juliet-test-suite-c/Automatic/results/20260707_1536/CWE121/valgrind/bin/CWE121/bad/CWE121_Stack_Based_Buffer_Overflow__CWE805_int64_t_alloca_memmove_34-bad
==728069== Parent PID: 728068
==728069== 
==728069== Invalid read of size 8
==728069==    at 0x10943B: CWE121_Stack_Based_Buffer_Overflow__CWE805_int64_t_alloca_memmove_34_bad (in /home/loris/Desktop/TestRepositories/Forked/juliet-test-suite-c/Automatic/results/20260707_1536/CWE121/valgrind/bin/CWE121/bad/CWE121_Stack_Based_Buffer_Overflow__CWE805_int64_t_alloca_memmove_34-bad)
==728069==    by 0x109499: main (in /home/loris/Desktop/TestRepositories/Forked/juliet-test-suite-c/Automatic/results/20260707_1536/CWE121/valgrind/bin/CWE121/bad/CWE121_Stack_Based_Buffer_Overflow__CWE805_int64_t_alloca_memmove_34-bad)
==728069==  Address 0x0 is not stack'd, malloc'd or (recently) free'd
==728069== 
==728069== 
==728069== Process terminating with default action of signal 11 (SIGSEGV)
==728069==  Access not within mapped region at address 0x0
==728069==    at 0x10943B: CWE121_Stack_Based_Buffer_Overflow__CWE805_int64_t_alloca_memmove_34_bad (in /home/loris/Desktop/TestRepositories/Forked/juliet-test-suite-c/Automatic/results/20260707_1536/CWE121/valgrind/bin/CWE121/bad/CWE121_Stack_Based_Buffer_Overflow__CWE805_int64_t_alloca_memmove_34-bad)
==728069==    by 0x109499: main (in /home/loris/Desktop/TestRepositories/Forked/juliet-test-suite-c/Automatic/results/20260707_1536/CWE121/valgrind/bin/CWE121/bad/CWE121_Stack_Based_Buffer_Overflow__CWE805_int64_t_alloca_memmove_34-bad)
==728069==  If you believe this happened as a result of a stack
==728069==  overflow in your program's main thread (unlikely but
==728069==  possible), you can try to increase the size of the
==728069==  main thread stack using the --main-stacksize= flag.
==728069==  The main thread stack size used in this run was 8388608.
==728069== 
==728069== HEAP SUMMARY:
==728069==     in use at exit: 4,096 bytes in 1 blocks
==728069==   total heap usage: 1 allocs, 0 frees, 4,096 bytes allocated
==728069== 
==728069== LEAK SUMMARY:
==728069==    definitely lost: 0 bytes in 0 blocks
==728069==    indirectly lost: 0 bytes in 0 blocks
==728069==      possibly lost: 0 bytes in 0 blocks
==728069==    still reachable: 4,096 bytes in 1 blocks
==728069==         suppressed: 0 bytes in 0 blocks
==728069== Rerun with --leak-check=full to see details of leaked memory
==728069== 
==728069== For lists of detected and suppressed errors, rerun with: -s
==728069== ERROR SUMMARY: 1 errors from 1 contexts (suppressed: 0 from 0)
