==725071== Memcheck, a memory error detector
==725071== Copyright (C) 2002-2022, and GNU GPL'd, by Julian Seward et al.
==725071== Using Valgrind-3.22.0 and LibVEX; rerun with -h for copyright info
==725071== Command: /home/loris/Desktop/TestRepositories/Forked/juliet-test-suite-c/Automatic/results/20260707_1536/CWE121/valgrind/bin/CWE121/bad/CWE121_Stack_Based_Buffer_Overflow__CWE193_char_declare_ncpy_13-bad
==725071== Parent PID: 725070
==725071== 
==725071== Source and destination overlap in strncpy(0x1ffefffe7d, 0x1ffefffe87, 11)
==725071==    at 0x484F5A0: strncpy (in /usr/libexec/valgrind/vgpreload_memcheck-amd64-linux.so)
==725071==    by 0x109335: CWE121_Stack_Based_Buffer_Overflow__CWE193_char_declare_ncpy_13_bad (in /home/loris/Desktop/TestRepositories/Forked/juliet-test-suite-c/Automatic/results/20260707_1536/CWE121/valgrind/bin/CWE121/bad/CWE121_Stack_Based_Buffer_Overflow__CWE193_char_declare_ncpy_13-bad)
==725071==    by 0x109395: main (in /home/loris/Desktop/TestRepositories/Forked/juliet-test-suite-c/Automatic/results/20260707_1536/CWE121/valgrind/bin/CWE121/bad/CWE121_Stack_Based_Buffer_Overflow__CWE193_char_declare_ncpy_13-bad)
==725071== 
==725071== 
==725071== HEAP SUMMARY:
==725071==     in use at exit: 0 bytes in 0 blocks
==725071==   total heap usage: 1 allocs, 1 frees, 4,096 bytes allocated
==725071== 
==725071== All heap blocks were freed -- no leaks are possible
==725071== 
==725071== For lists of detected and suppressed errors, rerun with: -s
==725071== ERROR SUMMARY: 1 errors from 1 contexts (suppressed: 0 from 0)
