==728438== Memcheck, a memory error detector
==728438== Copyright (C) 2002-2022, and GNU GPL'd, by Julian Seward et al.
==728438== Using Valgrind-3.22.0 and LibVEX; rerun with -h for copyright info
==728438== Command: /home/loris/Desktop/TestRepositories/Forked/juliet-test-suite-c/Automatic/results/20260707_1536/CWE121/valgrind/bin/CWE121/bad/CWE121_Stack_Based_Buffer_Overflow__CWE805_int_alloca_loop_04-bad
==728438== Parent PID: 728437
==728438== 
==728438== Invalid write of size 4
==728438==    at 0x109417: CWE121_Stack_Based_Buffer_Overflow__CWE805_int_alloca_loop_04_bad (in /home/loris/Desktop/TestRepositories/Forked/juliet-test-suite-c/Automatic/results/20260707_1536/CWE121/valgrind/bin/CWE121/bad/CWE121_Stack_Based_Buffer_Overflow__CWE805_int_alloca_loop_04-bad)
==728438==    by 0x10948E: main (in /home/loris/Desktop/TestRepositories/Forked/juliet-test-suite-c/Automatic/results/20260707_1536/CWE121/valgrind/bin/CWE121/bad/CWE121_Stack_Based_Buffer_Overflow__CWE805_int_alloca_loop_04-bad)
==728438==  Address 0x1f000000d4 is not stack'd, malloc'd or (recently) free'd
==728438== 
==728438== 
==728438== Process terminating with default action of signal 11 (SIGSEGV)
==728438==  Access not within mapped region at address 0x1F000000D4
==728438==    at 0x109417: CWE121_Stack_Based_Buffer_Overflow__CWE805_int_alloca_loop_04_bad (in /home/loris/Desktop/TestRepositories/Forked/juliet-test-suite-c/Automatic/results/20260707_1536/CWE121/valgrind/bin/CWE121/bad/CWE121_Stack_Based_Buffer_Overflow__CWE805_int_alloca_loop_04-bad)
==728438==    by 0x10948E: main (in /home/loris/Desktop/TestRepositories/Forked/juliet-test-suite-c/Automatic/results/20260707_1536/CWE121/valgrind/bin/CWE121/bad/CWE121_Stack_Based_Buffer_Overflow__CWE805_int_alloca_loop_04-bad)
==728438==  If you believe this happened as a result of a stack
==728438==  overflow in your program's main thread (unlikely but
==728438==  possible), you can try to increase the size of the
==728438==  main thread stack using the --main-stacksize= flag.
==728438==  The main thread stack size used in this run was 8388608.
==728438== 
==728438== HEAP SUMMARY:
==728438==     in use at exit: 4,096 bytes in 1 blocks
==728438==   total heap usage: 1 allocs, 0 frees, 4,096 bytes allocated
==728438== 
==728438== LEAK SUMMARY:
==728438==    definitely lost: 0 bytes in 0 blocks
==728438==    indirectly lost: 0 bytes in 0 blocks
==728438==      possibly lost: 0 bytes in 0 blocks
==728438==    still reachable: 4,096 bytes in 1 blocks
==728438==         suppressed: 0 bytes in 0 blocks
==728438== Rerun with --leak-check=full to see details of leaked memory
==728438== 
==728438== For lists of detected and suppressed errors, rerun with: -s
==728438== ERROR SUMMARY: 1 errors from 1 contexts (suppressed: 0 from 0)
