==735025== Memcheck, a memory error detector
==735025== Copyright (C) 2002-2022, and GNU GPL'd, by Julian Seward et al.
==735025== Using Valgrind-3.22.0 and LibVEX; rerun with -h for copyright info
==735025== Command: /home/loris/Desktop/TestRepositories/Forked/juliet-test-suite-c/Automatic/results/20260707_1536/CWE121/valgrind/bin/CWE121/bad/CWE121_Stack_Based_Buffer_Overflow__dest_char_alloca_cat_10-bad
==735025== Parent PID: 735024
==735025== 
==735025== Source and destination overlap in strcat(0x1ffefffdd0, 0x1ffefffe30)
==735025==    at 0x484EFE3: strcat (in /usr/libexec/valgrind/vgpreload_memcheck-amd64-linux.so)
==735025==    by 0x109439: CWE121_Stack_Based_Buffer_Overflow__dest_char_alloca_cat_10_bad (in /home/loris/Desktop/TestRepositories/Forked/juliet-test-suite-c/Automatic/results/20260707_1536/CWE121/valgrind/bin/CWE121/bad/CWE121_Stack_Based_Buffer_Overflow__dest_char_alloca_cat_10-bad)
==735025==    by 0x10949C: main (in /home/loris/Desktop/TestRepositories/Forked/juliet-test-suite-c/Automatic/results/20260707_1536/CWE121/valgrind/bin/CWE121/bad/CWE121_Stack_Based_Buffer_Overflow__dest_char_alloca_cat_10-bad)
==735025== 
==735025== Invalid read of size 1
==735025==    at 0x484F226: strlen (in /usr/libexec/valgrind/vgpreload_memcheck-amd64-linux.so)
==735025==    by 0x48F6BFC: puts (ioputs.c:35)
==735025==    by 0x1094D5: printLine (in /home/loris/Desktop/TestRepositories/Forked/juliet-test-suite-c/Automatic/results/20260707_1536/CWE121/valgrind/bin/CWE121/bad/CWE121_Stack_Based_Buffer_Overflow__dest_char_alloca_cat_10-bad)
==735025==    by 0x109448: CWE121_Stack_Based_Buffer_Overflow__dest_char_alloca_cat_10_bad (in /home/loris/Desktop/TestRepositories/Forked/juliet-test-suite-c/Automatic/results/20260707_1536/CWE121/valgrind/bin/CWE121/bad/CWE121_Stack_Based_Buffer_Overflow__dest_char_alloca_cat_10-bad)
==735025==    by 0x10949C: main (in /home/loris/Desktop/TestRepositories/Forked/juliet-test-suite-c/Automatic/results/20260707_1536/CWE121/valgrind/bin/CWE121/bad/CWE121_Stack_Based_Buffer_Overflow__dest_char_alloca_cat_10-bad)
==735025==  Address 0x4343434343434343 is not stack'd, malloc'd or (recently) free'd
==735025== 
==735025== 
==735025== Process terminating with default action of signal 11 (SIGSEGV)
==735025==  General Protection Fault
==735025==    at 0x484F226: strlen (in /usr/libexec/valgrind/vgpreload_memcheck-amd64-linux.so)
==735025==    by 0x48F6BFC: puts (ioputs.c:35)
==735025==    by 0x1094D5: printLine (in /home/loris/Desktop/TestRepositories/Forked/juliet-test-suite-c/Automatic/results/20260707_1536/CWE121/valgrind/bin/CWE121/bad/CWE121_Stack_Based_Buffer_Overflow__dest_char_alloca_cat_10-bad)
==735025==    by 0x109448: CWE121_Stack_Based_Buffer_Overflow__dest_char_alloca_cat_10_bad (in /home/loris/Desktop/TestRepositories/Forked/juliet-test-suite-c/Automatic/results/20260707_1536/CWE121/valgrind/bin/CWE121/bad/CWE121_Stack_Based_Buffer_Overflow__dest_char_alloca_cat_10-bad)
==735025==    by 0x10949C: main (in /home/loris/Desktop/TestRepositories/Forked/juliet-test-suite-c/Automatic/results/20260707_1536/CWE121/valgrind/bin/CWE121/bad/CWE121_Stack_Based_Buffer_Overflow__dest_char_alloca_cat_10-bad)
==735025== 
==735025== HEAP SUMMARY:
==735025==     in use at exit: 4,096 bytes in 1 blocks
==735025==   total heap usage: 1 allocs, 0 frees, 4,096 bytes allocated
==735025== 
==735025== LEAK SUMMARY:
==735025==    definitely lost: 0 bytes in 0 blocks
==735025==    indirectly lost: 0 bytes in 0 blocks
==735025==      possibly lost: 0 bytes in 0 blocks
==735025==    still reachable: 4,096 bytes in 1 blocks
==735025==         suppressed: 0 bytes in 0 blocks
==735025== Rerun with --leak-check=full to see details of leaked memory
==735025== 
==735025== For lists of detected and suppressed errors, rerun with: -s
==735025== ERROR SUMMARY: 2 errors from 2 contexts (suppressed: 0 from 0)
