==736745== Memcheck, a memory error detector
==736745== Copyright (C) 2002-2022, and GNU GPL'd, by Julian Seward et al.
==736745== Using Valgrind-3.22.0 and LibVEX; rerun with -h for copyright info
==736745== Command: /home/loris/Desktop/TestRepositories/Forked/juliet-test-suite-c/Automatic/results/20260707_1536/CWE121/valgrind/bin/CWE121/bad/CWE121_Stack_Based_Buffer_Overflow__src_char_declare_cpy_42-bad
==736745== Parent PID: 736744
==736745== 
==736745== Source and destination overlap in strcpy(0x1ffefffdf0, 0x1ffefffe30)
==736745==    at 0x484F413: strcpy (in /usr/libexec/valgrind/vgpreload_memcheck-amd64-linux.so)
==736745==    by 0x10939F: CWE121_Stack_Based_Buffer_Overflow__src_char_declare_cpy_42_bad (in /home/loris/Desktop/TestRepositories/Forked/juliet-test-suite-c/Automatic/results/20260707_1536/CWE121/valgrind/bin/CWE121/bad/CWE121_Stack_Based_Buffer_Overflow__src_char_declare_cpy_42-bad)
==736745==    by 0x109402: main (in /home/loris/Desktop/TestRepositories/Forked/juliet-test-suite-c/Automatic/results/20260707_1536/CWE121/valgrind/bin/CWE121/bad/CWE121_Stack_Based_Buffer_Overflow__src_char_declare_cpy_42-bad)
==736745== 
==736745== 
==736745== HEAP SUMMARY:
==736745==     in use at exit: 0 bytes in 0 blocks
==736745==   total heap usage: 1 allocs, 1 frees, 4,096 bytes allocated
==736745== 
==736745== All heap blocks were freed -- no leaks are possible
==736745== 
==736745== For lists of detected and suppressed errors, rerun with: -s
==736745== ERROR SUMMARY: 1 errors from 1 contexts (suppressed: 0 from 0)
