==723859== Memcheck, a memory error detector
==723859== Copyright (C) 2002-2022, and GNU GPL'd, by Julian Seward et al.
==723859== Using Valgrind-3.22.0 and LibVEX; rerun with -h for copyright info
==723859== Command: /home/loris/Desktop/TestRepositories/Forked/juliet-test-suite-c/Automatic/results/20260707_1536/CWE121/valgrind/bin/CWE121/bad/CWE121_Stack_Based_Buffer_Overflow__CWE135_32-bad
==723859== Parent PID: 723858
==723859== 
==723859== Invalid read of size 1
==723859==    at 0x484F226: strlen (in /usr/libexec/valgrind/vgpreload_memcheck-amd64-linux.so)
==723859==    by 0x48F6BFC: puts (ioputs.c:35)
==723859==    by 0x109474: printLine (in /home/loris/Desktop/TestRepositories/Forked/juliet-test-suite-c/Automatic/results/20260707_1536/CWE121/valgrind/bin/CWE121/bad/CWE121_Stack_Based_Buffer_Overflow__CWE135_32-bad)
==723859==    by 0x1093E7: CWE121_Stack_Based_Buffer_Overflow__CWE135_32_bad (in /home/loris/Desktop/TestRepositories/Forked/juliet-test-suite-c/Automatic/results/20260707_1536/CWE121/valgrind/bin/CWE121/bad/CWE121_Stack_Based_Buffer_Overflow__CWE135_32-bad)
==723859==    by 0x4100000040: ???
==723859==    by 0x4100000040: ???
==723859==    by 0x4100000040: ???
==723859==    by 0x4100000040: ???
==723859==    by 0x4100000040: ???
==723859==    by 0x4100000040: ???
==723859==    by 0x4100000040: ???
==723859==    by 0x4100000040: ???
==723859==  Address 0x4100000041 is not stack'd, malloc'd or (recently) free'd
==723859== 
==723859== 
==723859== Process terminating with default action of signal 11 (SIGSEGV)
==723859==  Access not within mapped region at address 0x4100000041
==723859==    at 0x484F226: strlen (in /usr/libexec/valgrind/vgpreload_memcheck-amd64-linux.so)
==723859==    by 0x48F6BFC: puts (ioputs.c:35)
==723859==    by 0x109474: printLine (in /home/loris/Desktop/TestRepositories/Forked/juliet-test-suite-c/Automatic/results/20260707_1536/CWE121/valgrind/bin/CWE121/bad/CWE121_Stack_Based_Buffer_Overflow__CWE135_32-bad)
==723859==    by 0x1093E7: CWE121_Stack_Based_Buffer_Overflow__CWE135_32_bad (in /home/loris/Desktop/TestRepositories/Forked/juliet-test-suite-c/Automatic/results/20260707_1536/CWE121/valgrind/bin/CWE121/bad/CWE121_Stack_Based_Buffer_Overflow__CWE135_32-bad)
==723859==    by 0x4100000040: ???
==723859==    by 0x4100000040: ???
==723859==    by 0x4100000040: ???
==723859==    by 0x4100000040: ???
==723859==    by 0x4100000040: ???
==723859==    by 0x4100000040: ???
==723859==    by 0x4100000040: ???
==723859==    by 0x4100000040: ???
==723859==  If you believe this happened as a result of a stack
==723859==  overflow in your program's main thread (unlikely but
==723859==  possible), you can try to increase the size of the
==723859==  main thread stack using the --main-stacksize= flag.
==723859==  The main thread stack size used in this run was 8388608.
==723859== 
==723859== HEAP SUMMARY:
==723859==     in use at exit: 4,096 bytes in 1 blocks
==723859==   total heap usage: 1 allocs, 0 frees, 4,096 bytes allocated
==723859== 
==723859== LEAK SUMMARY:
==723859==    definitely lost: 0 bytes in 0 blocks
==723859==    indirectly lost: 0 bytes in 0 blocks
==723859==      possibly lost: 0 bytes in 0 blocks
==723859==    still reachable: 4,096 bytes in 1 blocks
==723859==         suppressed: 0 bytes in 0 blocks
==723859== Rerun with --leak-check=full to see details of leaked memory
==723859== 
==723859== For lists of detected and suppressed errors, rerun with: -s
==723859== ERROR SUMMARY: 1 errors from 1 contexts (suppressed: 0 from 0)
