==725707== Memcheck, a memory error detector
==725707== Copyright (C) 2002-2022, and GNU GPL'd, by Julian Seward et al.
==725707== Using Valgrind-3.22.0 and LibVEX; rerun with -h for copyright info
==725707== Command: /home/loris/Desktop/TestRepositories/Forked/juliet-test-suite-c/Automatic/results/20260707_1536/CWE121/valgrind/bin/CWE121/bad/CWE121_Stack_Based_Buffer_Overflow__CWE805_char_alloca_memmove_15-bad
==725707== Parent PID: 725706
==725707== 
==725707== Invalid write of size 1
==725707==    at 0x10943B: CWE121_Stack_Based_Buffer_Overflow__CWE805_char_alloca_memmove_15_bad (in /home/loris/Desktop/TestRepositories/Forked/juliet-test-suite-c/Automatic/results/20260707_1536/CWE121/valgrind/bin/CWE121/bad/CWE121_Stack_Based_Buffer_Overflow__CWE805_char_alloca_memmove_15-bad)
==725707==    by 0x10949D: main (in /home/loris/Desktop/TestRepositories/Forked/juliet-test-suite-c/Automatic/results/20260707_1536/CWE121/valgrind/bin/CWE121/bad/CWE121_Stack_Based_Buffer_Overflow__CWE805_char_alloca_memmove_15-bad)
==725707==  Address 0x43434343434343a6 is not stack'd, malloc'd or (recently) free'd
==725707== 
==725707== 
==725707== Process terminating with default action of signal 11 (SIGSEGV)
==725707==  General Protection Fault
==725707==    at 0x10943B: CWE121_Stack_Based_Buffer_Overflow__CWE805_char_alloca_memmove_15_bad (in /home/loris/Desktop/TestRepositories/Forked/juliet-test-suite-c/Automatic/results/20260707_1536/CWE121/valgrind/bin/CWE121/bad/CWE121_Stack_Based_Buffer_Overflow__CWE805_char_alloca_memmove_15-bad)
==725707==    by 0x10949D: main (in /home/loris/Desktop/TestRepositories/Forked/juliet-test-suite-c/Automatic/results/20260707_1536/CWE121/valgrind/bin/CWE121/bad/CWE121_Stack_Based_Buffer_Overflow__CWE805_char_alloca_memmove_15-bad)
==725707== 
==725707== HEAP SUMMARY:
==725707==     in use at exit: 4,096 bytes in 1 blocks
==725707==   total heap usage: 1 allocs, 0 frees, 4,096 bytes allocated
==725707== 
==725707== LEAK SUMMARY:
==725707==    definitely lost: 0 bytes in 0 blocks
==725707==    indirectly lost: 0 bytes in 0 blocks
==725707==      possibly lost: 0 bytes in 0 blocks
==725707==    still reachable: 4,096 bytes in 1 blocks
==725707==         suppressed: 0 bytes in 0 blocks
==725707== Rerun with --leak-check=full to see details of leaked memory
==725707== 
==725707== For lists of detected and suppressed errors, rerun with: -s
==725707== ERROR SUMMARY: 1 errors from 1 contexts (suppressed: 0 from 0)
