==735140== Memcheck, a memory error detector
==735140== Copyright (C) 2002-2022, and GNU GPL'd, by Julian Seward et al.
==735140== Using Valgrind-3.22.0 and LibVEX; rerun with -h for copyright info
==735140== Command: /home/loris/Desktop/TestRepositories/Forked/juliet-test-suite-c/Automatic/results/20260707_1536/CWE121/valgrind/bin/CWE121/bad/CWE121_Stack_Based_Buffer_Overflow__dest_char_alloca_cat_45-bad
==735140== Parent PID: 735139
==735140== 
==735140== 
==735140== Process terminating with default action of signal 6 (SIGABRT)
==735140==    at 0x490DB2C: __pthread_kill_implementation (pthread_kill.c:44)
==735140==    by 0x490DB2C: __pthread_kill_internal (pthread_kill.c:78)
==735140==    by 0x490DB2C: pthread_kill@@GLIBC_2.34 (pthread_kill.c:89)
==735140==    by 0x48B427D: raise (raise.c:26)
==735140==    by 0x48978FE: abort (abort.c:79)
==735140==    by 0x48987B5: __libc_message_impl.cold (libc_fatal.c:134)
==735140==    by 0x49A5C48: __fortify_fail (fortify_fail.c:24)
==735140==    by 0x49A6ED3: __stack_chk_fail (stack_chk_fail.c:24)
==735140==    by 0x109496: CWE121_Stack_Based_Buffer_Overflow__dest_char_alloca_cat_45_bad (in /home/loris/Desktop/TestRepositories/Forked/juliet-test-suite-c/Automatic/results/20260707_1536/CWE121/valgrind/bin/CWE121/bad/CWE121_Stack_Based_Buffer_Overflow__dest_char_alloca_cat_45-bad)
==735140==    by 0x1094D5: main (in /home/loris/Desktop/TestRepositories/Forked/juliet-test-suite-c/Automatic/results/20260707_1536/CWE121/valgrind/bin/CWE121/bad/CWE121_Stack_Based_Buffer_Overflow__dest_char_alloca_cat_45-bad)
==735140== 
==735140== HEAP SUMMARY:
==735140==     in use at exit: 4,096 bytes in 1 blocks
==735140==   total heap usage: 1 allocs, 0 frees, 4,096 bytes allocated
==735140== 
==735140== LEAK SUMMARY:
==735140==    definitely lost: 0 bytes in 0 blocks
==735140==    indirectly lost: 0 bytes in 0 blocks
==735140==      possibly lost: 0 bytes in 0 blocks
==735140==    still reachable: 4,096 bytes in 1 blocks
==735140==         suppressed: 0 bytes in 0 blocks
==735140== Rerun with --leak-check=full to see details of leaked memory
==735140== 
==735140== For lists of detected and suppressed errors, rerun with: -s
==735140== ERROR SUMMARY: 0 errors from 0 contexts (suppressed: 0 from 0)
