==734816== Memcheck, a memory error detector
==734816== Copyright (C) 2002-2022, and GNU GPL'd, by Julian Seward et al.
==734816== Using Valgrind-3.22.0 and LibVEX; rerun with -h for copyright info
==734816== Command: /home/loris/Desktop/TestRepositories/Forked/juliet-test-suite-c/Automatic/results/20260707_1536/CWE121/valgrind/bin/CWE121/bad/CWE121_Stack_Based_Buffer_Overflow__char_type_overrun_memmove_08-bad
==734816== Parent PID: 734815
==734816== 
==734816== Invalid read of size 1
==734816==    at 0x484F226: strlen (in /usr/libexec/valgrind/vgpreload_memcheck-amd64-linux.so)
==734816==    by 0x48F6BFC: puts (ioputs.c:35)
==734816==    by 0x1093CA: printLine (in /home/loris/Desktop/TestRepositories/Forked/juliet-test-suite-c/Automatic/results/20260707_1536/CWE121/valgrind/bin/CWE121/bad/CWE121_Stack_Based_Buffer_Overflow__char_type_overrun_memmove_08-bad)
==734816==    by 0x10933D: CWE121_Stack_Based_Buffer_Overflow__char_type_overrun_memmove_08_bad (in /home/loris/Desktop/TestRepositories/Forked/juliet-test-suite-c/Automatic/results/20260707_1536/CWE121/valgrind/bin/CWE121/bad/CWE121_Stack_Based_Buffer_Overflow__char_type_overrun_memmove_08-bad)
==734816==    by 0x109391: main (in /home/loris/Desktop/TestRepositories/Forked/juliet-test-suite-c/Automatic/results/20260707_1536/CWE121/valgrind/bin/CWE121/bad/CWE121_Stack_Based_Buffer_Overflow__char_type_overrun_memmove_08-bad)
==734816==  Address 0x3736353433323130 is not stack'd, malloc'd or (recently) free'd
==734816== 
==734816== 
==734816== Process terminating with default action of signal 11 (SIGSEGV)
==734816==  General Protection Fault
==734816==    at 0x484F226: strlen (in /usr/libexec/valgrind/vgpreload_memcheck-amd64-linux.so)
==734816==    by 0x48F6BFC: puts (ioputs.c:35)
==734816==    by 0x1093CA: printLine (in /home/loris/Desktop/TestRepositories/Forked/juliet-test-suite-c/Automatic/results/20260707_1536/CWE121/valgrind/bin/CWE121/bad/CWE121_Stack_Based_Buffer_Overflow__char_type_overrun_memmove_08-bad)
==734816==    by 0x10933D: CWE121_Stack_Based_Buffer_Overflow__char_type_overrun_memmove_08_bad (in /home/loris/Desktop/TestRepositories/Forked/juliet-test-suite-c/Automatic/results/20260707_1536/CWE121/valgrind/bin/CWE121/bad/CWE121_Stack_Based_Buffer_Overflow__char_type_overrun_memmove_08-bad)
==734816==    by 0x109391: main (in /home/loris/Desktop/TestRepositories/Forked/juliet-test-suite-c/Automatic/results/20260707_1536/CWE121/valgrind/bin/CWE121/bad/CWE121_Stack_Based_Buffer_Overflow__char_type_overrun_memmove_08-bad)
==734816== 
==734816== HEAP SUMMARY:
==734816==     in use at exit: 4,096 bytes in 1 blocks
==734816==   total heap usage: 1 allocs, 0 frees, 4,096 bytes allocated
==734816== 
==734816== LEAK SUMMARY:
==734816==    definitely lost: 0 bytes in 0 blocks
==734816==    indirectly lost: 0 bytes in 0 blocks
==734816==      possibly lost: 0 bytes in 0 blocks
==734816==    still reachable: 4,096 bytes in 1 blocks
==734816==         suppressed: 0 bytes in 0 blocks
==734816== Rerun with --leak-check=full to see details of leaked memory
==734816== 
==734816== For lists of detected and suppressed errors, rerun with: -s
==734816== ERROR SUMMARY: 1 errors from 1 contexts (suppressed: 0 from 0)
