==729156== Memcheck, a memory error detector
==729156== Copyright (C) 2002-2022, and GNU GPL'd, by Julian Seward et al.
==729156== Using Valgrind-3.22.0 and LibVEX; rerun with -h for copyright info
==729156== Command: /home/loris/Desktop/TestRepositories/Forked/juliet-test-suite-c/Automatic/results/20260707_1536/CWE121/valgrind/bin/CWE121/bad/CWE121_Stack_Based_Buffer_Overflow__CWE805_int_alloca_memmove_08-bad
==729156== Parent PID: 729155
==729156== 
==729156== Invalid read of size 4
==729156==    at 0x10944B: CWE121_Stack_Based_Buffer_Overflow__CWE805_int_alloca_memmove_08_bad (in /home/loris/Desktop/TestRepositories/Forked/juliet-test-suite-c/Automatic/results/20260707_1536/CWE121/valgrind/bin/CWE121/bad/CWE121_Stack_Based_Buffer_Overflow__CWE805_int_alloca_memmove_08-bad)
==729156==    by 0x1094A7: main (in /home/loris/Desktop/TestRepositories/Forked/juliet-test-suite-c/Automatic/results/20260707_1536/CWE121/valgrind/bin/CWE121/bad/CWE121_Stack_Based_Buffer_Overflow__CWE805_int_alloca_memmove_08-bad)
==729156==  Address 0x0 is not stack'd, malloc'd or (recently) free'd
==729156== 
==729156== 
==729156== Process terminating with default action of signal 11 (SIGSEGV)
==729156==  Access not within mapped region at address 0x0
==729156==    at 0x10944B: CWE121_Stack_Based_Buffer_Overflow__CWE805_int_alloca_memmove_08_bad (in /home/loris/Desktop/TestRepositories/Forked/juliet-test-suite-c/Automatic/results/20260707_1536/CWE121/valgrind/bin/CWE121/bad/CWE121_Stack_Based_Buffer_Overflow__CWE805_int_alloca_memmove_08-bad)
==729156==    by 0x1094A7: main (in /home/loris/Desktop/TestRepositories/Forked/juliet-test-suite-c/Automatic/results/20260707_1536/CWE121/valgrind/bin/CWE121/bad/CWE121_Stack_Based_Buffer_Overflow__CWE805_int_alloca_memmove_08-bad)
==729156==  If you believe this happened as a result of a stack
==729156==  overflow in your program's main thread (unlikely but
==729156==  possible), you can try to increase the size of the
==729156==  main thread stack using the --main-stacksize= flag.
==729156==  The main thread stack size used in this run was 8388608.
==729156== 
==729156== HEAP SUMMARY:
==729156==     in use at exit: 4,096 bytes in 1 blocks
==729156==   total heap usage: 1 allocs, 0 frees, 4,096 bytes allocated
==729156== 
==729156== LEAK SUMMARY:
==729156==    definitely lost: 0 bytes in 0 blocks
==729156==    indirectly lost: 0 bytes in 0 blocks
==729156==      possibly lost: 0 bytes in 0 blocks
==729156==    still reachable: 4,096 bytes in 1 blocks
==729156==         suppressed: 0 bytes in 0 blocks
==729156== Rerun with --leak-check=full to see details of leaked memory
==729156== 
==729156== For lists of detected and suppressed errors, rerun with: -s
==729156== ERROR SUMMARY: 1 errors from 1 contexts (suppressed: 0 from 0)
