==735899== Memcheck, a memory error detector
==735899== Copyright (C) 2002-2022, and GNU GPL'd, by Julian Seward et al.
==735899== Using Valgrind-3.22.0 and LibVEX; rerun with -h for copyright info
==735899== Command: /home/loris/Desktop/TestRepositories/Forked/juliet-test-suite-c/Automatic/results/20260707_1536/CWE121/valgrind/bin/CWE121/bad/CWE121_Stack_Based_Buffer_Overflow__src_char_alloca_cat_32-bad
==735899== Parent PID: 735898
==735899== 
==735899== 
==735899== Process terminating with default action of signal 6 (SIGABRT)
==735899==    at 0x490DB2C: __pthread_kill_implementation (pthread_kill.c:44)
==735899==    by 0x490DB2C: __pthread_kill_internal (pthread_kill.c:78)
==735899==    by 0x490DB2C: pthread_kill@@GLIBC_2.34 (pthread_kill.c:89)
==735899==    by 0x48B427D: raise (raise.c:26)
==735899==    by 0x48978FE: abort (abort.c:79)
==735899==    by 0x48987B5: __libc_message_impl.cold (libc_fatal.c:134)
==735899==    by 0x49A5C48: __fortify_fail (fortify_fail.c:24)
==735899==    by 0x49A6ED3: __stack_chk_fail (stack_chk_fail.c:24)
==735899==    by 0x109429: CWE121_Stack_Based_Buffer_Overflow__src_char_alloca_cat_32_bad (in /home/loris/Desktop/TestRepositories/Forked/juliet-test-suite-c/Automatic/results/20260707_1536/CWE121/valgrind/bin/CWE121/bad/CWE121_Stack_Based_Buffer_Overflow__src_char_alloca_cat_32-bad)
==735899==    by 0x4141414141414140: ???
==735899==    by 0x4141414141414140: ???
==735899==    by 0x4141414141414140: ???
==735899==    by 0x1F00414140: ???
==735899==    by 0x48991C9: (below main) (libc_start_call_main.h:58)
==735899== 
==735899== HEAP SUMMARY:
==735899==     in use at exit: 4,096 bytes in 1 blocks
==735899==   total heap usage: 1 allocs, 0 frees, 4,096 bytes allocated
==735899== 
==735899== LEAK SUMMARY:
==735899==    definitely lost: 0 bytes in 0 blocks
==735899==    indirectly lost: 0 bytes in 0 blocks
==735899==      possibly lost: 0 bytes in 0 blocks
==735899==    still reachable: 4,096 bytes in 1 blocks
==735899==         suppressed: 0 bytes in 0 blocks
==735899== Rerun with --leak-check=full to see details of leaked memory
==735899== 
==735899== For lists of detected and suppressed errors, rerun with: -s
==735899== ERROR SUMMARY: 0 errors from 0 contexts (suppressed: 0 from 0)
