==717324== Memcheck, a memory error detector
==717324== Copyright (C) 2002-2022, and GNU GPL'd, by Julian Seward et al.
==717324== Using Valgrind-3.22.0 and LibVEX; rerun with -h for copyright info
==717324== Command: /home/loris/Desktop/TestRepositories/Forked/juliet-test-suite-c/Automatic/results/20260707_1536/CWE121/valgrind/bin/CWE121/good/CWE121_Stack_Based_Buffer_Overflow__CWE129_listen_socket_05-good
==717324== Parent PID: 717323
==717324== 
==717324== 
==717324== Process terminating with default action of signal 15 (SIGTERM)
==717324==    at 0x499A834: accept (accept.c:26)
==717324==    by 0x10947B: goodB2G1 (in /home/loris/Desktop/TestRepositories/Forked/juliet-test-suite-c/Automatic/results/20260707_1536/CWE121/valgrind/bin/CWE121/good/CWE121_Stack_Based_Buffer_Overflow__CWE129_listen_socket_05-good)
==717324==    by 0x1098C6: CWE121_Stack_Based_Buffer_Overflow__CWE129_listen_socket_05_good (in /home/loris/Desktop/TestRepositories/Forked/juliet-test-suite-c/Automatic/results/20260707_1536/CWE121/valgrind/bin/CWE121/good/CWE121_Stack_Based_Buffer_Overflow__CWE129_listen_socket_05-good)
==717324==    by 0x109924: main (in /home/loris/Desktop/TestRepositories/Forked/juliet-test-suite-c/Automatic/results/20260707_1536/CWE121/valgrind/bin/CWE121/good/CWE121_Stack_Based_Buffer_Overflow__CWE129_listen_socket_05-good)
==717324== 
==717324== HEAP SUMMARY:
==717324==     in use at exit: 4,096 bytes in 1 blocks
==717324==   total heap usage: 1 allocs, 0 frees, 4,096 bytes allocated
==717324== 
==717324== LEAK SUMMARY:
==717324==    definitely lost: 0 bytes in 0 blocks
==717324==    indirectly lost: 0 bytes in 0 blocks
==717324==      possibly lost: 0 bytes in 0 blocks
==717324==    still reachable: 4,096 bytes in 1 blocks
==717324==         suppressed: 0 bytes in 0 blocks
==717324== Rerun with --leak-check=full to see details of leaked memory
==717324== 
==717324== For lists of detected and suppressed errors, rerun with: -s
==717324== ERROR SUMMARY: 0 errors from 0 contexts (suppressed: 0 from 0)
