==726344== Memcheck, a memory error detector
==726344== Copyright (C) 2002-2022, and GNU GPL'd, by Julian Seward et al.
==726344== Using Valgrind-3.22.0 and LibVEX; rerun with -h for copyright info
==726344== Command: /home/loris/Desktop/TestRepositories/Forked/juliet-test-suite-c/Automatic/results/20260707_1536/CWE121/valgrind/bin/CWE121/bad/CWE121_Stack_Based_Buffer_Overflow__CWE805_char_alloca_ncpy_17-bad
==726344== Parent PID: 726343
==726344== 
==726344== Source and destination overlap in strncpy(0x1ffefffe23, 0x1ffefffe83, 99)
==726344==    at 0x484F5A0: strncpy (in /usr/libexec/valgrind/vgpreload_memcheck-amd64-linux.so)
==726344==    by 0x109450: CWE121_Stack_Based_Buffer_Overflow__CWE805_char_alloca_ncpy_17_bad (in /home/loris/Desktop/TestRepositories/Forked/juliet-test-suite-c/Automatic/results/20260707_1536/CWE121/valgrind/bin/CWE121/bad/CWE121_Stack_Based_Buffer_Overflow__CWE805_char_alloca_ncpy_17-bad)
==726344==    by 0x1094C1: main (in /home/loris/Desktop/TestRepositories/Forked/juliet-test-suite-c/Automatic/results/20260707_1536/CWE121/valgrind/bin/CWE121/bad/CWE121_Stack_Based_Buffer_Overflow__CWE805_char_alloca_ncpy_17-bad)
==726344== 
==726344== Invalid write of size 1
==726344==    at 0x10945C: CWE121_Stack_Based_Buffer_Overflow__CWE805_char_alloca_ncpy_17_bad (in /home/loris/Desktop/TestRepositories/Forked/juliet-test-suite-c/Automatic/results/20260707_1536/CWE121/valgrind/bin/CWE121/bad/CWE121_Stack_Based_Buffer_Overflow__CWE805_char_alloca_ncpy_17-bad)
==726344==    by 0x1094C1: main (in /home/loris/Desktop/TestRepositories/Forked/juliet-test-suite-c/Automatic/results/20260707_1536/CWE121/valgrind/bin/CWE121/bad/CWE121_Stack_Based_Buffer_Overflow__CWE805_char_alloca_ncpy_17-bad)
==726344==  Address 0x43434343434343a6 is not stack'd, malloc'd or (recently) free'd
==726344== 
==726344== 
==726344== Process terminating with default action of signal 11 (SIGSEGV)
==726344==  General Protection Fault
==726344==    at 0x10945C: CWE121_Stack_Based_Buffer_Overflow__CWE805_char_alloca_ncpy_17_bad (in /home/loris/Desktop/TestRepositories/Forked/juliet-test-suite-c/Automatic/results/20260707_1536/CWE121/valgrind/bin/CWE121/bad/CWE121_Stack_Based_Buffer_Overflow__CWE805_char_alloca_ncpy_17-bad)
==726344==    by 0x1094C1: main (in /home/loris/Desktop/TestRepositories/Forked/juliet-test-suite-c/Automatic/results/20260707_1536/CWE121/valgrind/bin/CWE121/bad/CWE121_Stack_Based_Buffer_Overflow__CWE805_char_alloca_ncpy_17-bad)
==726344== 
==726344== HEAP SUMMARY:
==726344==     in use at exit: 4,096 bytes in 1 blocks
==726344==   total heap usage: 1 allocs, 0 frees, 4,096 bytes allocated
==726344== 
==726344== LEAK SUMMARY:
==726344==    definitely lost: 0 bytes in 0 blocks
==726344==    indirectly lost: 0 bytes in 0 blocks
==726344==      possibly lost: 0 bytes in 0 blocks
==726344==    still reachable: 4,096 bytes in 1 blocks
==726344==         suppressed: 0 bytes in 0 blocks
==726344== Rerun with --leak-check=full to see details of leaked memory
==726344== 
==726344== For lists of detected and suppressed errors, rerun with: -s
==726344== ERROR SUMMARY: 2 errors from 2 contexts (suppressed: 0 from 0)
