==734737== Memcheck, a memory error detector
==734737== Copyright (C) 2002-2022, and GNU GPL'd, by Julian Seward et al.
==734737== Using Valgrind-3.22.0 and LibVEX; rerun with -h for copyright info
==734737== Command: /home/loris/Desktop/TestRepositories/Forked/juliet-test-suite-c/Automatic/results/20260707_1536/CWE121/valgrind/bin/CWE121/bad/CWE121_Stack_Based_Buffer_Overflow__char_type_overrun_memmove_01-bad
==734737== Parent PID: 734736
==734737== 
==734737== Invalid read of size 1
==734737==    at 0x484F226: strlen (in /usr/libexec/valgrind/vgpreload_memcheck-amd64-linux.so)
==734737==    by 0x48F6BFC: puts (ioputs.c:35)
==734737==    by 0x10939E: printLine (in /home/loris/Desktop/TestRepositories/Forked/juliet-test-suite-c/Automatic/results/20260707_1536/CWE121/valgrind/bin/CWE121/bad/CWE121_Stack_Based_Buffer_Overflow__char_type_overrun_memmove_01-bad)
==734737==    by 0x109311: CWE121_Stack_Based_Buffer_Overflow__char_type_overrun_memmove_01_bad (in /home/loris/Desktop/TestRepositories/Forked/juliet-test-suite-c/Automatic/results/20260707_1536/CWE121/valgrind/bin/CWE121/bad/CWE121_Stack_Based_Buffer_Overflow__char_type_overrun_memmove_01-bad)
==734737==    by 0x109365: main (in /home/loris/Desktop/TestRepositories/Forked/juliet-test-suite-c/Automatic/results/20260707_1536/CWE121/valgrind/bin/CWE121/bad/CWE121_Stack_Based_Buffer_Overflow__char_type_overrun_memmove_01-bad)
==734737==  Address 0x3736353433323130 is not stack'd, malloc'd or (recently) free'd
==734737== 
==734737== 
==734737== Process terminating with default action of signal 11 (SIGSEGV)
==734737==  General Protection Fault
==734737==    at 0x484F226: strlen (in /usr/libexec/valgrind/vgpreload_memcheck-amd64-linux.so)
==734737==    by 0x48F6BFC: puts (ioputs.c:35)
==734737==    by 0x10939E: printLine (in /home/loris/Desktop/TestRepositories/Forked/juliet-test-suite-c/Automatic/results/20260707_1536/CWE121/valgrind/bin/CWE121/bad/CWE121_Stack_Based_Buffer_Overflow__char_type_overrun_memmove_01-bad)
==734737==    by 0x109311: CWE121_Stack_Based_Buffer_Overflow__char_type_overrun_memmove_01_bad (in /home/loris/Desktop/TestRepositories/Forked/juliet-test-suite-c/Automatic/results/20260707_1536/CWE121/valgrind/bin/CWE121/bad/CWE121_Stack_Based_Buffer_Overflow__char_type_overrun_memmove_01-bad)
==734737==    by 0x109365: main (in /home/loris/Desktop/TestRepositories/Forked/juliet-test-suite-c/Automatic/results/20260707_1536/CWE121/valgrind/bin/CWE121/bad/CWE121_Stack_Based_Buffer_Overflow__char_type_overrun_memmove_01-bad)
==734737== 
==734737== HEAP SUMMARY:
==734737==     in use at exit: 4,096 bytes in 1 blocks
==734737==   total heap usage: 1 allocs, 0 frees, 4,096 bytes allocated
==734737== 
==734737== LEAK SUMMARY:
==734737==    definitely lost: 0 bytes in 0 blocks
==734737==    indirectly lost: 0 bytes in 0 blocks
==734737==      possibly lost: 0 bytes in 0 blocks
==734737==    still reachable: 4,096 bytes in 1 blocks
==734737==         suppressed: 0 bytes in 0 blocks
==734737== Rerun with --leak-check=full to see details of leaked memory
==734737== 
==734737== For lists of detected and suppressed errors, rerun with: -s
==734737== ERROR SUMMARY: 1 errors from 1 contexts (suppressed: 0 from 0)
