==729079== Memcheck, a memory error detector
==729079== Copyright (C) 2002-2022, and GNU GPL'd, by Julian Seward et al.
==729079== Using Valgrind-3.22.0 and LibVEX; rerun with -h for copyright info
==729079== Command: /home/loris/Desktop/TestRepositories/Forked/juliet-test-suite-c/Automatic/results/20260707_1536/CWE121/valgrind/bin/CWE121/bad/CWE121_Stack_Based_Buffer_Overflow__CWE805_int_alloca_memmove_01-bad
==729079== Parent PID: 729075
==729079== 
==729079== Invalid read of size 4
==729079==    at 0x10941F: CWE121_Stack_Based_Buffer_Overflow__CWE805_int_alloca_memmove_01_bad (in /home/loris/Desktop/TestRepositories/Forked/juliet-test-suite-c/Automatic/results/20260707_1536/CWE121/valgrind/bin/CWE121/bad/CWE121_Stack_Based_Buffer_Overflow__CWE805_int_alloca_memmove_01-bad)
==729079==    by 0x10947B: main (in /home/loris/Desktop/TestRepositories/Forked/juliet-test-suite-c/Automatic/results/20260707_1536/CWE121/valgrind/bin/CWE121/bad/CWE121_Stack_Based_Buffer_Overflow__CWE805_int_alloca_memmove_01-bad)
==729079==  Address 0x0 is not stack'd, malloc'd or (recently) free'd
==729079== 
==729079== 
==729079== Process terminating with default action of signal 11 (SIGSEGV)
==729079==  Access not within mapped region at address 0x0
==729079==    at 0x10941F: CWE121_Stack_Based_Buffer_Overflow__CWE805_int_alloca_memmove_01_bad (in /home/loris/Desktop/TestRepositories/Forked/juliet-test-suite-c/Automatic/results/20260707_1536/CWE121/valgrind/bin/CWE121/bad/CWE121_Stack_Based_Buffer_Overflow__CWE805_int_alloca_memmove_01-bad)
==729079==    by 0x10947B: main (in /home/loris/Desktop/TestRepositories/Forked/juliet-test-suite-c/Automatic/results/20260707_1536/CWE121/valgrind/bin/CWE121/bad/CWE121_Stack_Based_Buffer_Overflow__CWE805_int_alloca_memmove_01-bad)
==729079==  If you believe this happened as a result of a stack
==729079==  overflow in your program's main thread (unlikely but
==729079==  possible), you can try to increase the size of the
==729079==  main thread stack using the --main-stacksize= flag.
==729079==  The main thread stack size used in this run was 8388608.
==729079== 
==729079== HEAP SUMMARY:
==729079==     in use at exit: 4,096 bytes in 1 blocks
==729079==   total heap usage: 1 allocs, 0 frees, 4,096 bytes allocated
==729079== 
==729079== LEAK SUMMARY:
==729079==    definitely lost: 0 bytes in 0 blocks
==729079==    indirectly lost: 0 bytes in 0 blocks
==729079==      possibly lost: 0 bytes in 0 blocks
==729079==    still reachable: 4,096 bytes in 1 blocks
==729079==         suppressed: 0 bytes in 0 blocks
==729079== Rerun with --leak-check=full to see details of leaked memory
==729079== 
==729079== For lists of detected and suppressed errors, rerun with: -s
==729079== ERROR SUMMARY: 1 errors from 1 contexts (suppressed: 0 from 0)
