==736655== Memcheck, a memory error detector
==736655== Copyright (C) 2002-2022, and GNU GPL'd, by Julian Seward et al.
==736655== Using Valgrind-3.22.0 and LibVEX; rerun with -h for copyright info
==736655== Command: /home/loris/Desktop/TestRepositories/Forked/juliet-test-suite-c/Automatic/results/20260707_1536/CWE121/valgrind/bin/CWE121/bad/CWE121_Stack_Based_Buffer_Overflow__src_char_declare_cat_66-bad
==736655== Parent PID: 736652
==736655== 
==736655== 
==736655== Process terminating with default action of signal 6 (SIGABRT)
==736655==    at 0x490DB2C: __pthread_kill_implementation (pthread_kill.c:44)
==736655==    by 0x490DB2C: __pthread_kill_internal (pthread_kill.c:78)
==736655==    by 0x490DB2C: pthread_kill@@GLIBC_2.34 (pthread_kill.c:89)
==736655==    by 0x48B427D: raise (raise.c:26)
==736655==    by 0x48978FE: abort (abort.c:79)
==736655==    by 0x48987B5: __libc_message_impl.cold (libc_fatal.c:134)
==736655==    by 0x49A5C48: __fortify_fail (fortify_fail.c:24)
==736655==    by 0x49A6ED3: __stack_chk_fail (stack_chk_fail.c:24)
==736655==    by 0x109434: CWE121_Stack_Based_Buffer_Overflow__src_char_declare_cat_66b_badSink (in /home/loris/Desktop/TestRepositories/Forked/juliet-test-suite-c/Automatic/results/20260707_1536/CWE121/valgrind/bin/CWE121/bad/CWE121_Stack_Based_Buffer_Overflow__src_char_declare_cat_66-bad)
==736655==    by 0x4141414141414140: ???
==736655==    by 0x4141414141414140: ???
==736655==    by 0x4141414141414140: ???
==736655==    by 0xFFFFFFFF00414140: ???
==736655==    by 0xF: ???
==736655== 
==736655== HEAP SUMMARY:
==736655==     in use at exit: 4,096 bytes in 1 blocks
==736655==   total heap usage: 1 allocs, 0 frees, 4,096 bytes allocated
==736655== 
==736655== LEAK SUMMARY:
==736655==    definitely lost: 0 bytes in 0 blocks
==736655==    indirectly lost: 0 bytes in 0 blocks
==736655==      possibly lost: 0 bytes in 0 blocks
==736655==    still reachable: 4,096 bytes in 1 blocks
==736655==         suppressed: 0 bytes in 0 blocks
==736655== Rerun with --leak-check=full to see details of leaked memory
==736655== 
==736655== For lists of detected and suppressed errors, rerun with: -s
==736655== ERROR SUMMARY: 0 errors from 0 contexts (suppressed: 0 from 0)
