==735060== Memcheck, a memory error detector
==735060== Copyright (C) 2002-2022, and GNU GPL'd, by Julian Seward et al.
==735060== Using Valgrind-3.22.0 and LibVEX; rerun with -h for copyright info
==735060== Command: /home/loris/Desktop/TestRepositories/Forked/juliet-test-suite-c/Automatic/results/20260707_1536/CWE121/valgrind/bin/CWE121/bad/CWE121_Stack_Based_Buffer_Overflow__dest_char_alloca_cat_14-bad
==735060== Parent PID: 735059
==735060== 
==735060== Source and destination overlap in strcat(0x1ffefffdd0, 0x1ffefffe30)
==735060==    at 0x484EFE3: strcat (in /usr/libexec/valgrind/vgpreload_memcheck-amd64-linux.so)
==735060==    by 0x10943A: CWE121_Stack_Based_Buffer_Overflow__dest_char_alloca_cat_14_bad (in /home/loris/Desktop/TestRepositories/Forked/juliet-test-suite-c/Automatic/results/20260707_1536/CWE121/valgrind/bin/CWE121/bad/CWE121_Stack_Based_Buffer_Overflow__dest_char_alloca_cat_14-bad)
==735060==    by 0x10949D: main (in /home/loris/Desktop/TestRepositories/Forked/juliet-test-suite-c/Automatic/results/20260707_1536/CWE121/valgrind/bin/CWE121/bad/CWE121_Stack_Based_Buffer_Overflow__dest_char_alloca_cat_14-bad)
==735060== 
==735060== Invalid read of size 1
==735060==    at 0x484F226: strlen (in /usr/libexec/valgrind/vgpreload_memcheck-amd64-linux.so)
==735060==    by 0x48F6BFC: puts (ioputs.c:35)
==735060==    by 0x1094D6: printLine (in /home/loris/Desktop/TestRepositories/Forked/juliet-test-suite-c/Automatic/results/20260707_1536/CWE121/valgrind/bin/CWE121/bad/CWE121_Stack_Based_Buffer_Overflow__dest_char_alloca_cat_14-bad)
==735060==    by 0x109449: CWE121_Stack_Based_Buffer_Overflow__dest_char_alloca_cat_14_bad (in /home/loris/Desktop/TestRepositories/Forked/juliet-test-suite-c/Automatic/results/20260707_1536/CWE121/valgrind/bin/CWE121/bad/CWE121_Stack_Based_Buffer_Overflow__dest_char_alloca_cat_14-bad)
==735060==    by 0x10949D: main (in /home/loris/Desktop/TestRepositories/Forked/juliet-test-suite-c/Automatic/results/20260707_1536/CWE121/valgrind/bin/CWE121/bad/CWE121_Stack_Based_Buffer_Overflow__dest_char_alloca_cat_14-bad)
==735060==  Address 0x4343434343434343 is not stack'd, malloc'd or (recently) free'd
==735060== 
==735060== 
==735060== Process terminating with default action of signal 11 (SIGSEGV)
==735060==  General Protection Fault
==735060==    at 0x484F226: strlen (in /usr/libexec/valgrind/vgpreload_memcheck-amd64-linux.so)
==735060==    by 0x48F6BFC: puts (ioputs.c:35)
==735060==    by 0x1094D6: printLine (in /home/loris/Desktop/TestRepositories/Forked/juliet-test-suite-c/Automatic/results/20260707_1536/CWE121/valgrind/bin/CWE121/bad/CWE121_Stack_Based_Buffer_Overflow__dest_char_alloca_cat_14-bad)
==735060==    by 0x109449: CWE121_Stack_Based_Buffer_Overflow__dest_char_alloca_cat_14_bad (in /home/loris/Desktop/TestRepositories/Forked/juliet-test-suite-c/Automatic/results/20260707_1536/CWE121/valgrind/bin/CWE121/bad/CWE121_Stack_Based_Buffer_Overflow__dest_char_alloca_cat_14-bad)
==735060==    by 0x10949D: main (in /home/loris/Desktop/TestRepositories/Forked/juliet-test-suite-c/Automatic/results/20260707_1536/CWE121/valgrind/bin/CWE121/bad/CWE121_Stack_Based_Buffer_Overflow__dest_char_alloca_cat_14-bad)
==735060== 
==735060== HEAP SUMMARY:
==735060==     in use at exit: 4,096 bytes in 1 blocks
==735060==   total heap usage: 1 allocs, 0 frees, 4,096 bytes allocated
==735060== 
==735060== LEAK SUMMARY:
==735060==    definitely lost: 0 bytes in 0 blocks
==735060==    indirectly lost: 0 bytes in 0 blocks
==735060==      possibly lost: 0 bytes in 0 blocks
==735060==    still reachable: 4,096 bytes in 1 blocks
==735060==         suppressed: 0 bytes in 0 blocks
==735060== Rerun with --leak-check=full to see details of leaked memory
==735060== 
==735060== For lists of detected and suppressed errors, rerun with: -s
==735060== ERROR SUMMARY: 2 errors from 2 contexts (suppressed: 0 from 0)
