==727375== Memcheck, a memory error detector
==727375== Copyright (C) 2002-2022, and GNU GPL'd, by Julian Seward et al.
==727375== Using Valgrind-3.22.0 and LibVEX; rerun with -h for copyright info
==727375== Command: /home/loris/Desktop/TestRepositories/Forked/juliet-test-suite-c/Automatic/results/20260707_1536/CWE121/valgrind/bin/CWE121/bad/CWE121_Stack_Based_Buffer_Overflow__CWE805_int64_t_alloca_loop_51-bad
==727375== Parent PID: 727374
==727375== 
==727375== 
==727375== Process terminating with default action of signal 6 (SIGABRT)
==727375==    at 0x490DB2C: __pthread_kill_implementation (pthread_kill.c:44)
==727375==    by 0x490DB2C: __pthread_kill_internal (pthread_kill.c:78)
==727375==    by 0x490DB2C: pthread_kill@@GLIBC_2.34 (pthread_kill.c:89)
==727375==    by 0x48B427D: raise (raise.c:26)
==727375==    by 0x48978FE: abort (abort.c:79)
==727375==    by 0x48987B5: __libc_message_impl.cold (libc_fatal.c:134)
==727375==    by 0x49A5C48: __fortify_fail (fortify_fail.c:24)
==727375==    by 0x49A6ED3: __stack_chk_fail (stack_chk_fail.c:24)
==727375==    by 0x1093D4: CWE121_Stack_Based_Buffer_Overflow__CWE805_int64_t_alloca_loop_51_bad (in /home/loris/Desktop/TestRepositories/Forked/juliet-test-suite-c/Automatic/results/20260707_1536/CWE121/valgrind/bin/CWE121/bad/CWE121_Stack_Based_Buffer_Overflow__CWE805_int64_t_alloca_loop_51-bad)
==727375== 
==727375== HEAP SUMMARY:
==727375==     in use at exit: 4,096 bytes in 1 blocks
==727375==   total heap usage: 1 allocs, 0 frees, 4,096 bytes allocated
==727375== 
==727375== LEAK SUMMARY:
==727375==    definitely lost: 0 bytes in 0 blocks
==727375==    indirectly lost: 0 bytes in 0 blocks
==727375==      possibly lost: 0 bytes in 0 blocks
==727375==    still reachable: 4,096 bytes in 1 blocks
==727375==         suppressed: 0 bytes in 0 blocks
==727375== Rerun with --leak-check=full to see details of leaked memory
==727375== 
==727375== For lists of detected and suppressed errors, rerun with: -s
==727375== ERROR SUMMARY: 0 errors from 0 contexts (suppressed: 0 from 0)
