==725676== Memcheck, a memory error detector
==725676== Copyright (C) 2002-2022, and GNU GPL'd, by Julian Seward et al.
==725676== Using Valgrind-3.22.0 and LibVEX; rerun with -h for copyright info
==725676== Command: /home/loris/Desktop/TestRepositories/Forked/juliet-test-suite-c/Automatic/results/20260707_1536/CWE121/valgrind/bin/CWE121/bad/CWE121_Stack_Based_Buffer_Overflow__CWE805_char_alloca_memmove_11-bad
==725676== Parent PID: 725675
==725676== 
==725676== Invalid write of size 1
==725676==    at 0x10944E: CWE121_Stack_Based_Buffer_Overflow__CWE805_char_alloca_memmove_11_bad (in /home/loris/Desktop/TestRepositories/Forked/juliet-test-suite-c/Automatic/results/20260707_1536/CWE121/valgrind/bin/CWE121/bad/CWE121_Stack_Based_Buffer_Overflow__CWE805_char_alloca_memmove_11-bad)
==725676==    by 0x1094B3: main (in /home/loris/Desktop/TestRepositories/Forked/juliet-test-suite-c/Automatic/results/20260707_1536/CWE121/valgrind/bin/CWE121/bad/CWE121_Stack_Based_Buffer_Overflow__CWE805_char_alloca_memmove_11-bad)
==725676==  Address 0x43434343434343a6 is not stack'd, malloc'd or (recently) free'd
==725676== 
==725676== 
==725676== Process terminating with default action of signal 11 (SIGSEGV)
==725676==  General Protection Fault
==725676==    at 0x10944E: CWE121_Stack_Based_Buffer_Overflow__CWE805_char_alloca_memmove_11_bad (in /home/loris/Desktop/TestRepositories/Forked/juliet-test-suite-c/Automatic/results/20260707_1536/CWE121/valgrind/bin/CWE121/bad/CWE121_Stack_Based_Buffer_Overflow__CWE805_char_alloca_memmove_11-bad)
==725676==    by 0x1094B3: main (in /home/loris/Desktop/TestRepositories/Forked/juliet-test-suite-c/Automatic/results/20260707_1536/CWE121/valgrind/bin/CWE121/bad/CWE121_Stack_Based_Buffer_Overflow__CWE805_char_alloca_memmove_11-bad)
==725676== 
==725676== HEAP SUMMARY:
==725676==     in use at exit: 4,096 bytes in 1 blocks
==725676==   total heap usage: 1 allocs, 0 frees, 4,096 bytes allocated
==725676== 
==725676== LEAK SUMMARY:
==725676==    definitely lost: 0 bytes in 0 blocks
==725676==    indirectly lost: 0 bytes in 0 blocks
==725676==      possibly lost: 0 bytes in 0 blocks
==725676==    still reachable: 4,096 bytes in 1 blocks
==725676==         suppressed: 0 bytes in 0 blocks
==725676== Rerun with --leak-check=full to see details of leaked memory
==725676== 
==725676== For lists of detected and suppressed errors, rerun with: -s
==725676== ERROR SUMMARY: 1 errors from 1 contexts (suppressed: 0 from 0)
