==722685== Memcheck, a memory error detector
==722685== Copyright (C) 2002-2022, and GNU GPL'd, by Julian Seward et al.
==722685== Using Valgrind-3.22.0 and LibVEX; rerun with -h for copyright info
==722685== Command: /home/loris/Desktop/TestRepositories/Forked/juliet-test-suite-c/Automatic/results/20260707_1536/CWE121/valgrind/bin/CWE121/bad/CWE121_Stack_Based_Buffer_Overflow__CWE129_listen_socket_02-bad
==722685== Parent PID: 722684
==722685== 
==722685== 
==722685== Process terminating with default action of signal 15 (SIGTERM)
==722685==    at 0x499A834: accept (accept.c:26)
==722685==    by 0x10946D: CWE121_Stack_Based_Buffer_Overflow__CWE129_listen_socket_02_bad (in /home/loris/Desktop/TestRepositories/Forked/juliet-test-suite-c/Automatic/results/20260707_1536/CWE121/valgrind/bin/CWE121/bad/CWE121_Stack_Based_Buffer_Overflow__CWE129_listen_socket_02-bad)
==722685==    by 0x10958E: main (in /home/loris/Desktop/TestRepositories/Forked/juliet-test-suite-c/Automatic/results/20260707_1536/CWE121/valgrind/bin/CWE121/bad/CWE121_Stack_Based_Buffer_Overflow__CWE129_listen_socket_02-bad)
==722685== 
==722685== HEAP SUMMARY:
==722685==     in use at exit: 4,096 bytes in 1 blocks
==722685==   total heap usage: 1 allocs, 0 frees, 4,096 bytes allocated
==722685== 
==722685== LEAK SUMMARY:
==722685==    definitely lost: 0 bytes in 0 blocks
==722685==    indirectly lost: 0 bytes in 0 blocks
==722685==      possibly lost: 0 bytes in 0 blocks
==722685==    still reachable: 4,096 bytes in 1 blocks
==722685==         suppressed: 0 bytes in 0 blocks
==722685== Rerun with --leak-check=full to see details of leaked memory
==722685== 
==722685== For lists of detected and suppressed errors, rerun with: -s
==722685== ERROR SUMMARY: 0 errors from 0 contexts (suppressed: 0 from 0)
