==722736== Memcheck, a memory error detector
==722736== Copyright (C) 2002-2022, and GNU GPL'd, by Julian Seward et al.
==722736== Using Valgrind-3.22.0 and LibVEX; rerun with -h for copyright info
==722736== Command: /home/loris/Desktop/TestRepositories/Forked/juliet-test-suite-c/Automatic/results/20260707_1536/CWE121/valgrind/bin/CWE121/bad/CWE121_Stack_Based_Buffer_Overflow__CWE129_listen_socket_45-bad
==722736== Parent PID: 722735
==722736== 
==722736== 
==722736== Process terminating with default action of signal 15 (SIGTERM)
==722736==    at 0x499A834: accept (accept.c:26)
==722736==    by 0x109500: CWE121_Stack_Based_Buffer_Overflow__CWE129_listen_socket_45_bad (in /home/loris/Desktop/TestRepositories/Forked/juliet-test-suite-c/Automatic/results/20260707_1536/CWE121/valgrind/bin/CWE121/bad/CWE121_Stack_Based_Buffer_Overflow__CWE129_listen_socket_45-bad)
==722736==    by 0x1095DC: main (in /home/loris/Desktop/TestRepositories/Forked/juliet-test-suite-c/Automatic/results/20260707_1536/CWE121/valgrind/bin/CWE121/bad/CWE121_Stack_Based_Buffer_Overflow__CWE129_listen_socket_45-bad)
==722736== 
==722736== HEAP SUMMARY:
==722736==     in use at exit: 4,096 bytes in 1 blocks
==722736==   total heap usage: 1 allocs, 0 frees, 4,096 bytes allocated
==722736== 
==722736== LEAK SUMMARY:
==722736==    definitely lost: 0 bytes in 0 blocks
==722736==    indirectly lost: 0 bytes in 0 blocks
==722736==      possibly lost: 0 bytes in 0 blocks
==722736==    still reachable: 4,096 bytes in 1 blocks
==722736==         suppressed: 0 bytes in 0 blocks
==722736== Rerun with --leak-check=full to see details of leaked memory
==722736== 
==722736== For lists of detected and suppressed errors, rerun with: -s
==722736== ERROR SUMMARY: 0 errors from 0 contexts (suppressed: 0 from 0)
