==736511== Memcheck, a memory error detector
==736511== Copyright (C) 2002-2022, and GNU GPL'd, by Julian Seward et al.
==736511== Using Valgrind-3.22.0 and LibVEX; rerun with -h for copyright info
==736511== Command: /home/loris/Desktop/TestRepositories/Forked/juliet-test-suite-c/Automatic/results/20260707_1536/CWE121/valgrind/bin/CWE121/bad/CWE121_Stack_Based_Buffer_Overflow__src_char_declare_cat_07-bad
==736511== Parent PID: 736510
==736511== 
==736511== Source and destination overlap in strcat(0x1ffefffdf0, 0x1ffefffe30)
==736511==    at 0x484EFE3: strcat (in /usr/libexec/valgrind/vgpreload_memcheck-amd64-linux.so)
==736511==    by 0x109384: CWE121_Stack_Based_Buffer_Overflow__src_char_declare_cat_07_bad (in /home/loris/Desktop/TestRepositories/Forked/juliet-test-suite-c/Automatic/results/20260707_1536/CWE121/valgrind/bin/CWE121/bad/CWE121_Stack_Based_Buffer_Overflow__src_char_declare_cat_07-bad)
==736511==    by 0x1093E7: main (in /home/loris/Desktop/TestRepositories/Forked/juliet-test-suite-c/Automatic/results/20260707_1536/CWE121/valgrind/bin/CWE121/bad/CWE121_Stack_Based_Buffer_Overflow__src_char_declare_cat_07-bad)
==736511== 
==736511== 
==736511== HEAP SUMMARY:
==736511==     in use at exit: 0 bytes in 0 blocks
==736511==   total heap usage: 1 allocs, 1 frees, 4,096 bytes allocated
==736511== 
==736511== All heap blocks were freed -- no leaks are possible
==736511== 
==736511== For lists of detected and suppressed errors, rerun with: -s
==736511== ERROR SUMMARY: 1 errors from 1 contexts (suppressed: 0 from 0)
