==728434== Memcheck, a memory error detector
==728434== Copyright (C) 2002-2022, and GNU GPL'd, by Julian Seward et al.
==728434== Using Valgrind-3.22.0 and LibVEX; rerun with -h for copyright info
==728434== Command: /home/loris/Desktop/TestRepositories/Forked/juliet-test-suite-c/Automatic/results/20260707_1536/CWE121/valgrind/bin/CWE121/bad/CWE121_Stack_Based_Buffer_Overflow__CWE805_int_alloca_loop_02-bad
==728434== Parent PID: 728433
==728434== 
==728434== 
==728434== Process terminating with default action of signal 15 (SIGTERM)
==728434==    at 0x1093E7: CWE121_Stack_Based_Buffer_Overflow__CWE805_int_alloca_loop_02_bad (in /home/loris/Desktop/TestRepositories/Forked/juliet-test-suite-c/Automatic/results/20260707_1536/CWE121/valgrind/bin/CWE121/bad/CWE121_Stack_Based_Buffer_Overflow__CWE805_int_alloca_loop_02-bad)
==728434==    by 0x109485: main (in /home/loris/Desktop/TestRepositories/Forked/juliet-test-suite-c/Automatic/results/20260707_1536/CWE121/valgrind/bin/CWE121/bad/CWE121_Stack_Based_Buffer_Overflow__CWE805_int_alloca_loop_02-bad)
==728434== 
==728434== HEAP SUMMARY:
==728434==     in use at exit: 4,096 bytes in 1 blocks
==728434==   total heap usage: 1 allocs, 0 frees, 4,096 bytes allocated
==728434== 
==728434== LEAK SUMMARY:
==728434==    definitely lost: 0 bytes in 0 blocks
==728434==    indirectly lost: 0 bytes in 0 blocks
==728434==      possibly lost: 0 bytes in 0 blocks
==728434==    still reachable: 4,096 bytes in 1 blocks
==728434==         suppressed: 0 bytes in 0 blocks
==728434== Rerun with --leak-check=full to see details of leaked memory
==728434== 
==728434== For lists of detected and suppressed errors, rerun with: -s
==728434== ERROR SUMMARY: 0 errors from 0 contexts (suppressed: 0 from 0)
