==727868== Memcheck, a memory error detector
==727868== Copyright (C) 2002-2022, and GNU GPL'd, by Julian Seward et al.
==727868== Using Valgrind-3.22.0 and LibVEX; rerun with -h for copyright info
==727868== Command: /home/loris/Desktop/TestRepositories/Forked/juliet-test-suite-c/Automatic/results/20260707_1536/CWE121/valgrind/bin/CWE121/bad/CWE121_Stack_Based_Buffer_Overflow__CWE805_int64_t_alloca_memmove_02-bad
==727868== Parent PID: 727867
==727868== 
==727868== Invalid read of size 8
==727868==    at 0x10941F: CWE121_Stack_Based_Buffer_Overflow__CWE805_int64_t_alloca_memmove_02_bad (in /home/loris/Desktop/TestRepositories/Forked/juliet-test-suite-c/Automatic/results/20260707_1536/CWE121/valgrind/bin/CWE121/bad/CWE121_Stack_Based_Buffer_Overflow__CWE805_int64_t_alloca_memmove_02-bad)
==727868==    by 0x10947D: main (in /home/loris/Desktop/TestRepositories/Forked/juliet-test-suite-c/Automatic/results/20260707_1536/CWE121/valgrind/bin/CWE121/bad/CWE121_Stack_Based_Buffer_Overflow__CWE805_int64_t_alloca_memmove_02-bad)
==727868==  Address 0x0 is not stack'd, malloc'd or (recently) free'd
==727868== 
==727868== 
==727868== Process terminating with default action of signal 11 (SIGSEGV)
==727868==  Access not within mapped region at address 0x0
==727868==    at 0x10941F: CWE121_Stack_Based_Buffer_Overflow__CWE805_int64_t_alloca_memmove_02_bad (in /home/loris/Desktop/TestRepositories/Forked/juliet-test-suite-c/Automatic/results/20260707_1536/CWE121/valgrind/bin/CWE121/bad/CWE121_Stack_Based_Buffer_Overflow__CWE805_int64_t_alloca_memmove_02-bad)
==727868==    by 0x10947D: main (in /home/loris/Desktop/TestRepositories/Forked/juliet-test-suite-c/Automatic/results/20260707_1536/CWE121/valgrind/bin/CWE121/bad/CWE121_Stack_Based_Buffer_Overflow__CWE805_int64_t_alloca_memmove_02-bad)
==727868==  If you believe this happened as a result of a stack
==727868==  overflow in your program's main thread (unlikely but
==727868==  possible), you can try to increase the size of the
==727868==  main thread stack using the --main-stacksize= flag.
==727868==  The main thread stack size used in this run was 8388608.
==727868== 
==727868== HEAP SUMMARY:
==727868==     in use at exit: 4,096 bytes in 1 blocks
==727868==   total heap usage: 1 allocs, 0 frees, 4,096 bytes allocated
==727868== 
==727868== LEAK SUMMARY:
==727868==    definitely lost: 0 bytes in 0 blocks
==727868==    indirectly lost: 0 bytes in 0 blocks
==727868==      possibly lost: 0 bytes in 0 blocks
==727868==    still reachable: 4,096 bytes in 1 blocks
==727868==         suppressed: 0 bytes in 0 blocks
==727868== Rerun with --leak-check=full to see details of leaked memory
==727868== 
==727868== For lists of detected and suppressed errors, rerun with: -s
==727868== ERROR SUMMARY: 1 errors from 1 contexts (suppressed: 0 from 0)
