==735351== Memcheck, a memory error detector
==735351== Copyright (C) 2002-2022, and GNU GPL'd, by Julian Seward et al.
==735351== Using Valgrind-3.22.0 and LibVEX; rerun with -h for copyright info
==735351== Command: /home/loris/Desktop/TestRepositories/Forked/juliet-test-suite-c/Automatic/results/20260707_1536/CWE121/valgrind/bin/CWE121/bad/CWE121_Stack_Based_Buffer_Overflow__dest_char_alloca_cpy_12-bad
==735351== Parent PID: 735350
==735351== 
==735351== Source and destination overlap in strcpy(0x1ffefffdd0, 0x1ffefffe30)
==735351==    at 0x484F413: strcpy (in /usr/libexec/valgrind/vgpreload_memcheck-amd64-linux.so)
==735351==    by 0x109454: CWE121_Stack_Based_Buffer_Overflow__dest_char_alloca_cpy_12_bad (in /home/loris/Desktop/TestRepositories/Forked/juliet-test-suite-c/Automatic/results/20260707_1536/CWE121/valgrind/bin/CWE121/bad/CWE121_Stack_Based_Buffer_Overflow__dest_char_alloca_cpy_12-bad)
==735351==    by 0x1094B7: main (in /home/loris/Desktop/TestRepositories/Forked/juliet-test-suite-c/Automatic/results/20260707_1536/CWE121/valgrind/bin/CWE121/bad/CWE121_Stack_Based_Buffer_Overflow__dest_char_alloca_cpy_12-bad)
==735351== 
==735351== Invalid read of size 1
==735351==    at 0x484F226: strlen (in /usr/libexec/valgrind/vgpreload_memcheck-amd64-linux.so)
==735351==    by 0x48F6BFC: puts (ioputs.c:35)
==735351==    by 0x1094F0: printLine (in /home/loris/Desktop/TestRepositories/Forked/juliet-test-suite-c/Automatic/results/20260707_1536/CWE121/valgrind/bin/CWE121/bad/CWE121_Stack_Based_Buffer_Overflow__dest_char_alloca_cpy_12-bad)
==735351==    by 0x109463: CWE121_Stack_Based_Buffer_Overflow__dest_char_alloca_cpy_12_bad (in /home/loris/Desktop/TestRepositories/Forked/juliet-test-suite-c/Automatic/results/20260707_1536/CWE121/valgrind/bin/CWE121/bad/CWE121_Stack_Based_Buffer_Overflow__dest_char_alloca_cpy_12-bad)
==735351==    by 0x1094B7: main (in /home/loris/Desktop/TestRepositories/Forked/juliet-test-suite-c/Automatic/results/20260707_1536/CWE121/valgrind/bin/CWE121/bad/CWE121_Stack_Based_Buffer_Overflow__dest_char_alloca_cpy_12-bad)
==735351==  Address 0x4343434343434343 is not stack'd, malloc'd or (recently) free'd
==735351== 
==735351== 
==735351== Process terminating with default action of signal 11 (SIGSEGV)
==735351==  General Protection Fault
==735351==    at 0x484F226: strlen (in /usr/libexec/valgrind/vgpreload_memcheck-amd64-linux.so)
==735351==    by 0x48F6BFC: puts (ioputs.c:35)
==735351==    by 0x1094F0: printLine (in /home/loris/Desktop/TestRepositories/Forked/juliet-test-suite-c/Automatic/results/20260707_1536/CWE121/valgrind/bin/CWE121/bad/CWE121_Stack_Based_Buffer_Overflow__dest_char_alloca_cpy_12-bad)
==735351==    by 0x109463: CWE121_Stack_Based_Buffer_Overflow__dest_char_alloca_cpy_12_bad (in /home/loris/Desktop/TestRepositories/Forked/juliet-test-suite-c/Automatic/results/20260707_1536/CWE121/valgrind/bin/CWE121/bad/CWE121_Stack_Based_Buffer_Overflow__dest_char_alloca_cpy_12-bad)
==735351==    by 0x1094B7: main (in /home/loris/Desktop/TestRepositories/Forked/juliet-test-suite-c/Automatic/results/20260707_1536/CWE121/valgrind/bin/CWE121/bad/CWE121_Stack_Based_Buffer_Overflow__dest_char_alloca_cpy_12-bad)
==735351== 
==735351== HEAP SUMMARY:
==735351==     in use at exit: 4,096 bytes in 1 blocks
==735351==   total heap usage: 1 allocs, 0 frees, 4,096 bytes allocated
==735351== 
==735351== LEAK SUMMARY:
==735351==    definitely lost: 0 bytes in 0 blocks
==735351==    indirectly lost: 0 bytes in 0 blocks
==735351==      possibly lost: 0 bytes in 0 blocks
==735351==    still reachable: 4,096 bytes in 1 blocks
==735351==         suppressed: 0 bytes in 0 blocks
==735351== Rerun with --leak-check=full to see details of leaked memory
==735351== 
==735351== For lists of detected and suppressed errors, rerun with: -s
==735351== ERROR SUMMARY: 2 errors from 2 contexts (suppressed: 0 from 0)
