==717377== Memcheck, a memory error detector
==717377== Copyright (C) 2002-2022, and GNU GPL'd, by Julian Seward et al.
==717377== Using Valgrind-3.22.0 and LibVEX; rerun with -h for copyright info
==717377== Command: /home/loris/Desktop/TestRepositories/Forked/juliet-test-suite-c/Automatic/results/20260707_1536/CWE121/valgrind/bin/CWE121/good/CWE121_Stack_Based_Buffer_Overflow__CWE129_listen_socket_54-good
==717377== Parent PID: 717376
==717377== 
==717377== 
==717377== Process terminating with default action of signal 15 (SIGTERM)
==717377==    at 0x499A834: accept (accept.c:26)
==717377==    by 0x109494: goodB2G (in /home/loris/Desktop/TestRepositories/Forked/juliet-test-suite-c/Automatic/results/20260707_1536/CWE121/valgrind/bin/CWE121/good/CWE121_Stack_Based_Buffer_Overflow__CWE129_listen_socket_54-good)
==717377==    by 0x109546: CWE121_Stack_Based_Buffer_Overflow__CWE129_listen_socket_54_good (in /home/loris/Desktop/TestRepositories/Forked/juliet-test-suite-c/Automatic/results/20260707_1536/CWE121/valgrind/bin/CWE121/good/CWE121_Stack_Based_Buffer_Overflow__CWE129_listen_socket_54-good)
==717377==    by 0x109586: main (in /home/loris/Desktop/TestRepositories/Forked/juliet-test-suite-c/Automatic/results/20260707_1536/CWE121/valgrind/bin/CWE121/good/CWE121_Stack_Based_Buffer_Overflow__CWE129_listen_socket_54-good)
==717377== 
==717377== HEAP SUMMARY:
==717377==     in use at exit: 4,096 bytes in 1 blocks
==717377==   total heap usage: 1 allocs, 0 frees, 4,096 bytes allocated
==717377== 
==717377== LEAK SUMMARY:
==717377==    definitely lost: 0 bytes in 0 blocks
==717377==    indirectly lost: 0 bytes in 0 blocks
==717377==      possibly lost: 0 bytes in 0 blocks
==717377==    still reachable: 4,096 bytes in 1 blocks
==717377==         suppressed: 0 bytes in 0 blocks
==717377== Rerun with --leak-check=full to see details of leaked memory
==717377== 
==717377== For lists of detected and suppressed errors, rerun with: -s
==717377== ERROR SUMMARY: 0 errors from 0 contexts (suppressed: 0 from 0)
