==717350== Memcheck, a memory error detector
==717350== Copyright (C) 2002-2022, and GNU GPL'd, by Julian Seward et al.
==717350== Using Valgrind-3.22.0 and LibVEX; rerun with -h for copyright info
==717350== Command: /home/loris/Desktop/TestRepositories/Forked/juliet-test-suite-c/Automatic/results/20260707_1536/CWE121/valgrind/bin/CWE121/good/CWE121_Stack_Based_Buffer_Overflow__CWE129_listen_socket_18-good
==717350== Parent PID: 717349
==717350== 
==717350== 
==717350== Process terminating with default action of signal 15 (SIGTERM)
==717350==    at 0x499A834: accept (accept.c:26)
==717350==    by 0x10946E: goodB2G (in /home/loris/Desktop/TestRepositories/Forked/juliet-test-suite-c/Automatic/results/20260707_1536/CWE121/valgrind/bin/CWE121/good/CWE121_Stack_Based_Buffer_Overflow__CWE129_listen_socket_18-good)
==717350==    by 0x109605: CWE121_Stack_Based_Buffer_Overflow__CWE129_listen_socket_18_good (in /home/loris/Desktop/TestRepositories/Forked/juliet-test-suite-c/Automatic/results/20260707_1536/CWE121/valgrind/bin/CWE121/good/CWE121_Stack_Based_Buffer_Overflow__CWE129_listen_socket_18-good)
==717350==    by 0x10964F: main (in /home/loris/Desktop/TestRepositories/Forked/juliet-test-suite-c/Automatic/results/20260707_1536/CWE121/valgrind/bin/CWE121/good/CWE121_Stack_Based_Buffer_Overflow__CWE129_listen_socket_18-good)
==717350== 
==717350== HEAP SUMMARY:
==717350==     in use at exit: 4,096 bytes in 1 blocks
==717350==   total heap usage: 1 allocs, 0 frees, 4,096 bytes allocated
==717350== 
==717350== LEAK SUMMARY:
==717350==    definitely lost: 0 bytes in 0 blocks
==717350==    indirectly lost: 0 bytes in 0 blocks
==717350==      possibly lost: 0 bytes in 0 blocks
==717350==    still reachable: 4,096 bytes in 1 blocks
==717350==         suppressed: 0 bytes in 0 blocks
==717350== Rerun with --leak-check=full to see details of leaked memory
==717350== 
==717350== For lists of detected and suppressed errors, rerun with: -s
==717350== ERROR SUMMARY: 0 errors from 0 contexts (suppressed: 0 from 0)
