==734192== Memcheck, a memory error detector
==734192== Copyright (C) 2002-2022, and GNU GPL'd, by Julian Seward et al.
==734192== Using Valgrind-3.22.0 and LibVEX; rerun with -h for copyright info
==734192== Command: /home/loris/Desktop/TestRepositories/Forked/juliet-test-suite-c/Automatic/results/20260707_1536/CWE121/valgrind/bin/CWE121/bad/CWE121_Stack_Based_Buffer_Overflow__CWE806_char_declare_ncpy_13-bad
==734192== Parent PID: 734191
==734192== 
==734192== Source and destination overlap in strncpy(0x1ffefffe43, 0x1ffefffe83, 99)
==734192==    at 0x484F5A0: strncpy (in /usr/libexec/valgrind/vgpreload_memcheck-amd64-linux.so)
==734192==    by 0x1093B6: CWE121_Stack_Based_Buffer_Overflow__CWE806_char_declare_ncpy_13_bad (in /home/loris/Desktop/TestRepositories/Forked/juliet-test-suite-c/Automatic/results/20260707_1536/CWE121/valgrind/bin/CWE121/bad/CWE121_Stack_Based_Buffer_Overflow__CWE806_char_declare_ncpy_13-bad)
==734192==    by 0x10941D: main (in /home/loris/Desktop/TestRepositories/Forked/juliet-test-suite-c/Automatic/results/20260707_1536/CWE121/valgrind/bin/CWE121/bad/CWE121_Stack_Based_Buffer_Overflow__CWE806_char_declare_ncpy_13-bad)
==734192== 
==734192== 
==734192== HEAP SUMMARY:
==734192==     in use at exit: 0 bytes in 0 blocks
==734192==   total heap usage: 1 allocs, 1 frees, 4,096 bytes allocated
==734192== 
==734192== All heap blocks were freed -- no leaks are possible
==734192== 
==734192== For lists of detected and suppressed errors, rerun with: -s
==734192== ERROR SUMMARY: 1 errors from 1 contexts (suppressed: 0 from 0)
