==717328== Memcheck, a memory error detector
==717328== Copyright (C) 2002-2022, and GNU GPL'd, by Julian Seward et al.
==717328== Using Valgrind-3.22.0 and LibVEX; rerun with -h for copyright info
==717328== Command: /home/loris/Desktop/TestRepositories/Forked/juliet-test-suite-c/Automatic/results/20260707_1536/CWE121/valgrind/bin/CWE121/good/CWE121_Stack_Based_Buffer_Overflow__CWE129_listen_socket_07-good
==717328== Parent PID: 717327
==717328== 
==717328== 
==717328== Process terminating with default action of signal 15 (SIGTERM)
==717328==    at 0x499A834: accept (accept.c:26)
==717328==    by 0x10947C: goodB2G1 (in /home/loris/Desktop/TestRepositories/Forked/juliet-test-suite-c/Automatic/results/20260707_1536/CWE121/valgrind/bin/CWE121/good/CWE121_Stack_Based_Buffer_Overflow__CWE129_listen_socket_07-good)
==717328==    by 0x1098CE: CWE121_Stack_Based_Buffer_Overflow__CWE129_listen_socket_07_good (in /home/loris/Desktop/TestRepositories/Forked/juliet-test-suite-c/Automatic/results/20260707_1536/CWE121/valgrind/bin/CWE121/good/CWE121_Stack_Based_Buffer_Overflow__CWE129_listen_socket_07-good)
==717328==    by 0x10992C: main (in /home/loris/Desktop/TestRepositories/Forked/juliet-test-suite-c/Automatic/results/20260707_1536/CWE121/valgrind/bin/CWE121/good/CWE121_Stack_Based_Buffer_Overflow__CWE129_listen_socket_07-good)
==717328== 
==717328== HEAP SUMMARY:
==717328==     in use at exit: 4,096 bytes in 1 blocks
==717328==   total heap usage: 1 allocs, 0 frees, 4,096 bytes allocated
==717328== 
==717328== LEAK SUMMARY:
==717328==    definitely lost: 0 bytes in 0 blocks
==717328==    indirectly lost: 0 bytes in 0 blocks
==717328==      possibly lost: 0 bytes in 0 blocks
==717328==    still reachable: 4,096 bytes in 1 blocks
==717328==         suppressed: 0 bytes in 0 blocks
==717328== Rerun with --leak-check=full to see details of leaked memory
==717328== 
==717328== For lists of detected and suppressed errors, rerun with: -s
==717328== ERROR SUMMARY: 0 errors from 0 contexts (suppressed: 0 from 0)
